2021-01-31 18:56:50,125	WARNING import_thread.py:132 -- The remote function 'maprop.blackbox.dijkstra.solver' has been exported 100 times. It's possible that this warning is accidental, but this may indicate that the same remote function is being defined repeatedly from within many tasks and exported to all of the workers. This can be a performance issue and can be resolved by defining the remote function on the driver instead. See https://github.com/ray-project/ray/issues/6240 for more discussion.
No existing entry for trainer_params.mode.type
{}[type] = <class 'int'>(1)
No existing entry for trainer_params.mode.objective_type
{'type': 1}[objective_type] = <class 'str'>(normal)
No existing entry for trainer_params.mode.use_marginal
{'type': 1, 'objective_type': 'normal'}[use_marginal] = <class 'bool'>(True)
No existing entry for trainer_params.mode.nb_samples
{'type': 1, 'objective_type': 'normal', 'use_marginal': True}[nb_samples] = <class 'int'>(10)
No existing entry for trainer_params.mode.temperature
{'type': 1, 'objective_type': 'normal', 'use_marginal': True, 'nb_samples': 10}[temperature] = <class 'float'>(0.001)
No existing entry for trainer_params.mode.use_gamma
{'type': 1, 'objective_type': 'normal', 'use_marginal': True, 'nb_samples': 10, 'temperature': 0.001}[use_gamma] = <class 'bool'>(True)
No existing entry for trainer_params.mode.loss_type
{'type': 1, 'objective_type': 'normal', 'use_marginal': True, 'nb_samples': 10, 'temperature': 0.001, 'use_gamma': True}[loss_type] = <class 'str'>(normal)
No existing entry for trainer_params.mode.perturb_w
{'type': 1, 'objective_type': 'normal', 'use_marginal': True, 'nb_samples': 10, 'temperature': 0.001, 'use_gamma': True, 'loss_type': 'normal'}[perturb_w] = <class 'bool'>(False)
No existing entry for trainer_params.mode.perturb_w_prime
{'type': 1, 'objective_type': 'normal', 'use_marginal': True, 'nb_samples': 10, 'temperature': 0.001, 'use_gamma': True, 'loss_type': 'normal', 'perturb_w': False}[perturb_w_prime] = <class 'bool'>(False)
{'batch_size': 70, 'l1_regconst': 0.0, 'lambda_val': 20.0, 'lr_milestone_1': 30, 'lr_milestone_2': 40, 'model_params': {'arch_params': {}, 'model_name': 'CombResnet18'}, 'neighbourhood_fn': '8-grid', 'optimizer_name': 'Adam', 'optimizer_params': {'lr': 0.0005}, 'preload_batch': True, 'use_cuda': True, 'use_lr_scheduling': True, 'mode': {'type': 1, 'objective_type': 'normal', 'use_marginal': True, 'nb_samples': 10, 'temperature': 0.001, 'use_gamma': True, 'loss_type': 'normal', 'perturb_w': False, 'perturb_w_prime': False}}[lambda_val] = <class 'float'>(50.0)
{'data_dir': 'data/warcraft_shortest_path/12x12', 'evaluate_with_extra': False, 'normalize': True, 'use_local_path': False, 'use_test_set': True}[data_dir] = <class 'str'>(data/warcraft_shortest_path/24x24)
{'evaluate_every': 5, 'loader_params': {'data_dir': 'data/warcraft_shortest_path/24x24', 'evaluate_with_extra': False, 'normalize': True, 'use_local_path': False, 'use_test_set': True}, 'model_dir': 'results/warcraft_shortest_path_combresnet', 'num_cpus': 40, 'num_epochs': 50, 'problem_type': 'warcraft_shortest_path', 'ray_params': {}, 'save_visualizations': False, 'seed': 1, 'trainer_name': 'DijkstraMAP', 'trainer_params': {'batch_size': 70, 'l1_regconst': 0.0, 'lambda_val': 50.0, 'lr_milestone_1': 30, 'lr_milestone_2': 40, 'model_params': {'arch_params': {}, 'model_name': 'CombResnet18'}, 'neighbourhood_fn': '8-grid', 'optimizer_name': 'Adam', 'optimizer_params': {'lr': 0.0005}, 'preload_batch': True, 'use_cuda': True, 'use_lr_scheduling': True, 'mode': {'type': 1, 'objective_type': 'normal', 'use_marginal': True, 'nb_samples': 10, 'temperature': 0.001, 'use_gamma': True, 'loss_type': 'normal', 'perturb_w': False, 'perturb_w_prime': False}}, 'use_ray': True}[seed] = <class 'int'>(1)
{'evaluate_every': 5, 'loader_params': {'data_dir': 'data/warcraft_shortest_path/24x24', 'evaluate_with_extra': False, 'normalize': True, 'use_local_path': False, 'use_test_set': True}, 'model_dir': 'results/warcraft_shortest_path_combresnet', 'num_cpus': 40, 'num_epochs': 50, 'problem_type': 'warcraft_shortest_path', 'ray_params': {}, 'save_visualizations': False, 'seed': 1, 'trainer_name': 'DijkstraMAP', 'trainer_params': {'batch_size': 70, 'l1_regconst': 0.0, 'lambda_val': 50.0, 'lr_milestone_1': 30, 'lr_milestone_2': 40, 'model_params': {'arch_params': {}, 'model_name': 'CombResnet18'}, 'neighbourhood_fn': '8-grid', 'optimizer_name': 'Adam', 'optimizer_params': {'lr': 0.0005}, 'preload_batch': True, 'use_cuda': True, 'use_lr_scheduling': True, 'mode': {'type': 1, 'objective_type': 'normal', 'use_marginal': True, 'nb_samples': 10, 'temperature': 0.001, 'use_gamma': True, 'loss_type': 'normal', 'perturb_w': False, 'perturb_w_prime': False}}, 'use_ray': True}[evaluate_every] = <class 'int'>(1)
No existing entry for trainer_params.mode.type
{}[type] = <class 'int'>(1)
No existing entry for trainer_params.mode.objective_type
{'type': 1}[objective_type] = <class 'str'>(normal)
No existing entry for trainer_params.mode.use_marginal
{'type': 1, 'objective_type': 'normal'}[use_marginal] = <class 'bool'>(True)
No existing entry for trainer_params.mode.nb_samples
{'type': 1, 'objective_type': 'normal', 'use_marginal': True}[nb_samples] = <class 'int'>(10)
No existing entry for trainer_params.mode.temperature
{'type': 1, 'objective_type': 'normal', 'use_marginal': True, 'nb_samples': 10}[temperature] = <class 'float'>(0.001)
No existing entry for trainer_params.mode.use_gamma
{'type': 1, 'objective_type': 'normal', 'use_marginal': True, 'nb_samples': 10, 'temperature': 0.001}[use_gamma] = <class 'bool'>(True)
No existing entry for trainer_params.mode.loss_type
{'type': 1, 'objective_type': 'normal', 'use_marginal': True, 'nb_samples': 10, 'temperature': 0.001, 'use_gamma': True}[loss_type] = <class 'str'>(normal)
No existing entry for trainer_params.mode.perturb_w
{'type': 1, 'objective_type': 'normal', 'use_marginal': True, 'nb_samples': 10, 'temperature': 0.001, 'use_gamma': True, 'loss_type': 'normal'}[perturb_w] = <class 'bool'>(False)
No existing entry for trainer_params.mode.perturb_w_prime
{'type': 1, 'objective_type': 'normal', 'use_marginal': True, 'nb_samples': 10, 'temperature': 0.001, 'use_gamma': True, 'loss_type': 'normal', 'perturb_w': False}[perturb_w_prime] = <class 'bool'>(False)
{'batch_size': 70, 'l1_regconst': 0.0, 'lambda_val': 20.0, 'lr_milestone_1': 30, 'lr_milestone_2': 40, 'model_params': {'arch_params': {}, 'model_name': 'CombResnet18'}, 'neighbourhood_fn': '8-grid', 'optimizer_name': 'Adam', 'optimizer_params': {'lr': 0.0005}, 'preload_batch': True, 'use_cuda': True, 'use_lr_scheduling': True, 'mode': {'type': 1, 'objective_type': 'normal', 'use_marginal': True, 'nb_samples': 10, 'temperature': 0.001, 'use_gamma': True, 'loss_type': 'normal', 'perturb_w': False, 'perturb_w_prime': False}}[lambda_val] = <class 'float'>(50.0)
{'data_dir': 'data/warcraft_shortest_path/12x12', 'evaluate_with_extra': False, 'normalize': True, 'use_local_path': False, 'use_test_set': True}[data_dir] = <class 'str'>(data/warcraft_shortest_path/24x24)
{'evaluate_every': 5, 'loader_params': {'data_dir': 'data/warcraft_shortest_path/24x24', 'evaluate_with_extra': False, 'normalize': True, 'use_local_path': False, 'use_test_set': True}, 'model_dir': 'results/warcraft_shortest_path_combresnet', 'num_cpus': 40, 'num_epochs': 50, 'problem_type': 'warcraft_shortest_path', 'ray_params': {}, 'save_visualizations': False, 'seed': 1, 'trainer_name': 'DijkstraMAP', 'trainer_params': {'batch_size': 70, 'l1_regconst': 0.0, 'lambda_val': 50.0, 'lr_milestone_1': 30, 'lr_milestone_2': 40, 'model_params': {'arch_params': {}, 'model_name': 'CombResnet18'}, 'neighbourhood_fn': '8-grid', 'optimizer_name': 'Adam', 'optimizer_params': {'lr': 0.0005}, 'preload_batch': True, 'use_cuda': True, 'use_lr_scheduling': True, 'mode': {'type': 1, 'objective_type': 'normal', 'use_marginal': True, 'nb_samples': 10, 'temperature': 0.001, 'use_gamma': True, 'loss_type': 'normal', 'perturb_w': False, 'perturb_w_prime': False}}, 'use_ray': True}[seed] = <class 'int'>(1)
{'evaluate_every': 5, 'loader_params': {'data_dir': 'data/warcraft_shortest_path/24x24', 'evaluate_with_extra': False, 'normalize': True, 'use_local_path': False, 'use_test_set': True}, 'model_dir': 'results/warcraft_shortest_path_combresnet', 'num_cpus': 40, 'num_epochs': 50, 'problem_type': 'warcraft_shortest_path', 'ray_params': {}, 'save_visualizations': False, 'seed': 1, 'trainer_name': 'DijkstraMAP', 'trainer_params': {'batch_size': 70, 'l1_regconst': 0.0, 'lambda_val': 50.0, 'lr_milestone_1': 30, 'lr_milestone_2': 40, 'model_params': {'arch_params': {}, 'model_name': 'CombResnet18'}, 'neighbourhood_fn': '8-grid', 'optimizer_name': 'Adam', 'optimizer_params': {'lr': 0.0005}, 'preload_batch': True, 'use_cuda': True, 'use_lr_scheduling': True, 'mode': {'type': 1, 'objective_type': 'normal', 'use_marginal': True, 'nb_samples': 10, 'temperature': 0.001, 'use_gamma': True, 'loss_type': 'normal', 'perturb_w': False, 'perturb_w_prime': False}}, 'use_ray': True}[evaluate_every] = <class 'int'>(1)
{
    "evaluate_every": 1,
    "loader_params": {
        "data_dir": "data/warcraft_shortest_path/24x24",
        "evaluate_with_extra": false,
        "normalize": true,
        "use_local_path": false,
        "use_test_set": true
    },
    "model_dir": "results/warcraft_shortest_path_combresnet",
    "num_cpus": 40,
    "num_epochs": 50,
    "problem_type": "warcraft_shortest_path",
    "ray_params": {},
    "save_visualizations": false,
    "seed": 1,
    "trainer_name": "DijkstraMAP",
    "trainer_params": {
        "batch_size": 70,
        "l1_regconst": 0.0,
        "lambda_val": 50.0,
        "lr_milestone_1": 30,
        "lr_milestone_2": 40,
        "mode": {
            "loss_type": "normal",
            "nb_samples": 10,
            "objective_type": "normal",
            "perturb_w": false,
            "perturb_w_prime": false,
            "temperature": 0.001,
            "type": 1,
            "use_gamma": true,
            "use_marginal": true
        },
        "model_params": {
            "arch_params": {},
            "model_name": "CombResnet18"
        },
        "neighbourhood_fn": "8-grid",
        "optimizer_name": "Adam",
        "optimizer_params": {
            "lr": 0.0005
        },
        "preload_batch": true,
        "use_cuda": true,
        "use_lr_scheduling": true
    },
    "use_ray": true
}
MAP-BACKPROP MODE: {
    "loss_type": "normal",
    "nb_samples": 10,
    "objective_type": "normal",
    "perturb_w": false,
    "perturb_w_prime": false,
    "temperature": 0.001,
    "type": 1,
    "use_gamma": true,
    "use_marginal": true
}
True
META: {'input_image_size': 192, 'output_features': 576, 'num_channels': 3, 'denormalize': <maprop.decorators.input_to_numpy object at 0x2b519a88bc18>}
EVALUATING
{'loss': 43.04300117492676, 'accuracy': 0.9252725708484649, 'perfect_match_accuracy': 0.005, 'cost_ratio_suggested_true': 2.940467720031738, 'below_10.0_percent_acc': 0.06, 'below_1.0_percent_acc': 0.011, 'below_0.1_percent_acc': 0.01, 'below_0.01_percent_acc': 0.01, 'below_0.001_percent_acc': 0.009, 'below_0.0001_percent_acc': 0.009, 'valid_acc': 1.0}
Epoch: 1	Batch time (1.210346)	Data time (0.044992)	Cuda time (0.000002)	Loss (14.768901)	Accuracy (0.974360)
EVALUATING
{'loss': 9.882000408172608, 'accuracy': 0.9828437650203705, 'perfect_match_accuracy': 0.336, 'cost_ratio_suggested_true': 1.0544167244434357, 'below_10.0_percent_acc': 0.983, 'below_1.0_percent_acc': 0.825, 'below_0.1_percent_acc': 0.772, 'below_0.01_percent_acc': 0.772, 'below_0.001_percent_acc': 0.757, 'below_0.0001_percent_acc': 0.757, 'valid_acc': 1.0}
Epoch: 2	Batch time (1.191459)	Data time (0.040702)	Cuda time (0.000002)	Loss (8.843600)	Accuracy (0.984647)
EVALUATING
{'loss': 7.450000257492065, 'accuracy': 0.9870659917593002, 'perfect_match_accuracy': 0.492, 'cost_ratio_suggested_true': 1.0383368980884553, 'below_10.0_percent_acc': 0.999, 'below_1.0_percent_acc': 0.896, 'below_0.1_percent_acc': 0.85, 'below_0.01_percent_acc': 0.85, 'below_0.001_percent_acc': 0.824, 'below_0.0001_percent_acc': 0.824, 'valid_acc': 1.0}
Epoch: 3	Batch time (1.195183)	Data time (0.046333)	Cuda time (0.000002)	Loss (7.122500)	Accuracy (0.987635)
EVALUATING
{'loss': 6.972000169754028, 'accuracy': 0.9878958451747895, 'perfect_match_accuracy': 0.517, 'cost_ratio_suggested_true': 1.0292799258232117, 'below_10.0_percent_acc': 1.0, 'below_1.0_percent_acc': 0.928, 'below_0.1_percent_acc': 0.884, 'below_0.01_percent_acc': 0.884, 'below_0.001_percent_acc': 0.837, 'below_0.0001_percent_acc': 0.837, 'valid_acc': 1.0}
Epoch: 4	Batch time (1.218111)	Data time (0.044740)	Cuda time (0.000003)	Loss (6.439100)	Accuracy (0.988821)
EVALUATING
{'loss': 5.892000198364258, 'accuracy': 0.9897708404064178, 'perfect_match_accuracy': 0.57, 'cost_ratio_suggested_true': 1.0405004346370696, 'below_10.0_percent_acc': 0.998, 'below_1.0_percent_acc': 0.95, 'below_0.1_percent_acc': 0.925, 'below_0.01_percent_acc': 0.925, 'below_0.001_percent_acc': 0.895, 'below_0.0001_percent_acc': 0.895, 'valid_acc': 1.0}
Epoch: 5	Batch time (1.207570)	Data time (0.047739)	Cuda time (0.000002)	Loss (5.805000)	Accuracy (0.989922)
EVALUATING
{'loss': 5.462000298500061, 'accuracy': 0.9905173736810684, 'perfect_match_accuracy': 0.589, 'cost_ratio_suggested_true': 1.0235170447826385, 'below_10.0_percent_acc': 1.0, 'below_1.0_percent_acc': 0.947, 'below_0.1_percent_acc': 0.922, 'below_0.01_percent_acc': 0.922, 'below_0.001_percent_acc': 0.895, 'below_0.0001_percent_acc': 0.895, 'valid_acc': 1.0}
Epoch: 6	Batch time (1.222559)	Data time (0.046702)	Cuda time (0.000002)	Loss (5.480800)	Accuracy (0.990485)
EVALUATING
{'loss': 5.230000221729279, 'accuracy': 0.9909201461076736, 'perfect_match_accuracy': 0.589, 'cost_ratio_suggested_true': 1.0186112856864928, 'below_10.0_percent_acc': 1.0, 'below_1.0_percent_acc': 0.958, 'below_0.1_percent_acc': 0.931, 'below_0.01_percent_acc': 0.931, 'below_0.001_percent_acc': 0.916, 'below_0.0001_percent_acc': 0.916, 'valid_acc': 1.0}
Epoch: 7	Batch time (1.233563)	Data time (0.048413)	Cuda time (0.000002)	Loss (4.849900)	Accuracy (0.991580)
EVALUATING
{'loss': 5.115000243186951, 'accuracy': 0.9911197996139527, 'perfect_match_accuracy': 0.563, 'cost_ratio_suggested_true': 1.0176160037517548, 'below_10.0_percent_acc': 1.0, 'below_1.0_percent_acc': 0.972, 'below_0.1_percent_acc': 0.951, 'below_0.01_percent_acc': 0.951, 'below_0.001_percent_acc': 0.906, 'below_0.0001_percent_acc': 0.904, 'valid_acc': 1.0}
Epoch: 8	Batch time (1.222308)	Data time (0.050046)	Cuda time (0.000002)	Loss (4.828200)	Accuracy (0.991618)
EVALUATING
{'loss': 5.152000217437744, 'accuracy': 0.9910555654764175, 'perfect_match_accuracy': 0.592, 'cost_ratio_suggested_true': 1.0179773902893066, 'below_10.0_percent_acc': 1.0, 'below_1.0_percent_acc': 0.971, 'below_0.1_percent_acc': 0.936, 'below_0.01_percent_acc': 0.935, 'below_0.001_percent_acc': 0.893, 'below_0.0001_percent_acc': 0.893, 'valid_acc': 1.0}
Epoch: 9	Batch time (1.239315)	Data time (0.050347)	Cuda time (0.000002)	Loss (4.474100)	Accuracy (0.992232)
EVALUATING
{'loss': 4.765000208616256, 'accuracy': 0.9917274367809296, 'perfect_match_accuracy': 0.618, 'cost_ratio_suggested_true': 1.0198037660121917, 'below_10.0_percent_acc': 1.0, 'below_1.0_percent_acc': 0.971, 'below_0.1_percent_acc': 0.943, 'below_0.01_percent_acc': 0.943, 'below_0.001_percent_acc': 0.893, 'below_0.0001_percent_acc': 0.893, 'valid_acc': 1.0}
Epoch: 10	Batch time (1.210238)	Data time (0.042002)	Cuda time (0.000002)	Loss (4.591400)	Accuracy (0.992029)
EVALUATING
{'loss': 4.862000267505646, 'accuracy': 0.9915590435266495, 'perfect_match_accuracy': 0.615, 'cost_ratio_suggested_true': 1.0243827533721923, 'below_10.0_percent_acc': 1.0, 'below_1.0_percent_acc': 0.978, 'below_0.1_percent_acc': 0.955, 'below_0.01_percent_acc': 0.954, 'below_0.001_percent_acc': 0.886, 'below_0.0001_percent_acc': 0.886, 'valid_acc': 1.0}
Epoch: 11	Batch time (1.208516)	Data time (0.045499)	Cuda time (0.000002)	Loss (4.205300)	Accuracy (0.992699)
EVALUATING
{'loss': 5.208000180721283, 'accuracy': 0.9909583526849747, 'perfect_match_accuracy': 0.612, 'cost_ratio_suggested_true': 1.0184229797124862, 'below_10.0_percent_acc': 1.0, 'below_1.0_percent_acc': 0.965, 'below_0.1_percent_acc': 0.938, 'below_0.01_percent_acc': 0.938, 'below_0.001_percent_acc': 0.919, 'below_0.0001_percent_acc': 0.919, 'valid_acc': 1.0}
Epoch: 12	Batch time (1.198688)	Data time (0.039691)	Cuda time (0.000002)	Loss (4.210700)	Accuracy (0.992690)
EVALUATING
{'loss': 4.563000199794769, 'accuracy': 0.9920781415700912, 'perfect_match_accuracy': 0.659, 'cost_ratio_suggested_true': 1.0250441777706145, 'below_10.0_percent_acc': 1.0, 'below_1.0_percent_acc': 0.963, 'below_0.1_percent_acc': 0.945, 'below_0.01_percent_acc': 0.945, 'below_0.001_percent_acc': 0.901, 'below_0.0001_percent_acc': 0.9, 'valid_acc': 1.0}
Epoch: 13	Batch time (1.204669)	Data time (0.038822)	Cuda time (0.000003)	Loss (4.114600)	Accuracy (0.992857)
EVALUATING
{'loss': 4.3130002069473266, 'accuracy': 0.9925121694803238, 'perfect_match_accuracy': 0.661, 'cost_ratio_suggested_true': 1.0131726706027984, 'below_10.0_percent_acc': 1.0, 'below_1.0_percent_acc': 0.972, 'below_0.1_percent_acc': 0.951, 'below_0.01_percent_acc': 0.951, 'below_0.001_percent_acc': 0.927, 'below_0.0001_percent_acc': 0.927, 'valid_acc': 1.0}
Epoch: 14	Batch time (1.194912)	Data time (0.038062)	Cuda time (0.000002)	Loss (3.959500)	Accuracy (0.993126)
EVALUATING
{'loss': 4.738000211715698, 'accuracy': 0.9917743134498597, 'perfect_match_accuracy': 0.644, 'cost_ratio_suggested_true': 1.0168258702754975, 'below_10.0_percent_acc': 1.0, 'below_1.0_percent_acc': 0.97, 'below_0.1_percent_acc': 0.95, 'below_0.01_percent_acc': 0.95, 'below_0.001_percent_acc': 0.915, 'below_0.0001_percent_acc': 0.915, 'valid_acc': 1.0}
Epoch: 15	Batch time (1.177629)	Data time (0.038932)	Cuda time (0.000002)	Loss (3.708400)	Accuracy (0.993562)
EVALUATING
{'loss': 5.080000202655793, 'accuracy': 0.9911805629730225, 'perfect_match_accuracy': 0.633, 'cost_ratio_suggested_true': 1.0261537396907807, 'below_10.0_percent_acc': 1.0, 'below_1.0_percent_acc': 0.968, 'below_0.1_percent_acc': 0.942, 'below_0.01_percent_acc': 0.942, 'below_0.001_percent_acc': 0.909, 'below_0.0001_percent_acc': 0.908, 'valid_acc': 1.0}
Epoch: 16	Batch time (1.184812)	Data time (0.038069)	Cuda time (0.000002)	Loss (3.684600)	Accuracy (0.993603)
EVALUATING
{'loss': 4.805000233650207, 'accuracy': 0.9916580021381378, 'perfect_match_accuracy': 0.606, 'cost_ratio_suggested_true': 1.0209073090553284, 'below_10.0_percent_acc': 1.0, 'below_1.0_percent_acc': 0.975, 'below_0.1_percent_acc': 0.955, 'below_0.01_percent_acc': 0.955, 'below_0.001_percent_acc': 0.937, 'below_0.0001_percent_acc': 0.936, 'valid_acc': 1.0}
Epoch: 17	Batch time (1.175624)	Data time (0.037606)	Cuda time (0.000002)	Loss (3.683700)	Accuracy (0.993605)
EVALUATING
{'loss': 4.628000197410583, 'accuracy': 0.9919652885198593, 'perfect_match_accuracy': 0.653, 'cost_ratio_suggested_true': 1.0185694801807403, 'below_10.0_percent_acc': 1.0, 'below_1.0_percent_acc': 0.97, 'below_0.1_percent_acc': 0.941, 'below_0.01_percent_acc': 0.941, 'below_0.001_percent_acc': 0.89, 'below_0.0001_percent_acc': 0.889, 'valid_acc': 1.0}
Epoch: 18	Batch time (1.184703)	Data time (0.037960)	Cuda time (0.000002)	Loss (3.430000)	Accuracy (0.994045)
EVALUATING
{'loss': 4.6350002551078795, 'accuracy': 0.9919531440734863, 'perfect_match_accuracy': 0.653, 'cost_ratio_suggested_true': 1.01664857506752, 'below_10.0_percent_acc': 1.0, 'below_1.0_percent_acc': 0.971, 'below_0.1_percent_acc': 0.946, 'below_0.01_percent_acc': 0.946, 'below_0.001_percent_acc': 0.9, 'below_0.0001_percent_acc': 0.899, 'valid_acc': 1.0}
Epoch: 19	Batch time (1.183373)	Data time (0.038683)	Cuda time (0.000002)	Loss (3.481300)	Accuracy (0.993956)
EVALUATING
{'loss': 4.378000166416168, 'accuracy': 0.9923993253707886, 'perfect_match_accuracy': 0.663, 'cost_ratio_suggested_true': 1.014194940328598, 'below_10.0_percent_acc': 1.0, 'below_1.0_percent_acc': 0.973, 'below_0.1_percent_acc': 0.953, 'below_0.01_percent_acc': 0.953, 'below_0.001_percent_acc': 0.909, 'below_0.0001_percent_acc': 0.908, 'valid_acc': 1.0}
Epoch: 20	Batch time (1.183746)	Data time (0.038233)	Cuda time (0.000002)	Loss (3.363100)	Accuracy (0.994161)
EVALUATING
{'loss': 4.271000158786774, 'accuracy': 0.9925850892066955, 'perfect_match_accuracy': 0.656, 'cost_ratio_suggested_true': 1.0164468944072724, 'below_10.0_percent_acc': 1.0, 'below_1.0_percent_acc': 0.977, 'below_0.1_percent_acc': 0.959, 'below_0.01_percent_acc': 0.959, 'below_0.001_percent_acc': 0.926, 'below_0.0001_percent_acc': 0.926, 'valid_acc': 1.0}
Epoch: 21	Batch time (1.172593)	Data time (0.037278)	Cuda time (0.000002)	Loss (3.290300)	Accuracy (0.994288)
EVALUATING
{'loss': 4.594000244140625, 'accuracy': 0.9920243239402771, 'perfect_match_accuracy': 0.659, 'cost_ratio_suggested_true': 1.0184425938129424, 'below_10.0_percent_acc': 1.0, 'below_1.0_percent_acc': 0.972, 'below_0.1_percent_acc': 0.961, 'below_0.01_percent_acc': 0.961, 'below_0.001_percent_acc': 0.909, 'below_0.0001_percent_acc': 0.909, 'valid_acc': 1.0}
Epoch: 22	Batch time (1.174758)	Data time (0.039186)	Cuda time (0.000002)	Loss (3.412900)	Accuracy (0.994075)
EVALUATING
{'loss': 4.249000196456909, 'accuracy': 0.9926232862472534, 'perfect_match_accuracy': 0.672, 'cost_ratio_suggested_true': 1.0135568594932556, 'below_10.0_percent_acc': 1.0, 'below_1.0_percent_acc': 0.972, 'below_0.1_percent_acc': 0.952, 'below_0.01_percent_acc': 0.952, 'below_0.001_percent_acc': 0.911, 'below_0.0001_percent_acc': 0.91, 'valid_acc': 1.0}
Epoch: 23	Batch time (1.191091)	Data time (0.039844)	Cuda time (0.000002)	Loss (3.007400)	Accuracy (0.994779)
EVALUATING
{'loss': 3.9910002160072326, 'accuracy': 0.9930712008476257, 'perfect_match_accuracy': 0.685, 'cost_ratio_suggested_true': 1.0148177230358124, 'below_10.0_percent_acc': 1.0, 'below_1.0_percent_acc': 0.983, 'below_0.1_percent_acc': 0.965, 'below_0.01_percent_acc': 0.965, 'below_0.001_percent_acc': 0.926, 'below_0.0001_percent_acc': 0.925, 'valid_acc': 1.0}
Epoch: 24	Batch time (1.194687)	Data time (0.038795)	Cuda time (0.000002)	Loss (3.213900)	Accuracy (0.994420)
EVALUATING
{'loss': 4.648000264167786, 'accuracy': 0.9919305634498596, 'perfect_match_accuracy': 0.625, 'cost_ratio_suggested_true': 1.016429134607315, 'below_10.0_percent_acc': 1.0, 'below_1.0_percent_acc': 0.974, 'below_0.1_percent_acc': 0.954, 'below_0.01_percent_acc': 0.954, 'below_0.001_percent_acc': 0.91, 'below_0.0001_percent_acc': 0.91, 'valid_acc': 1.0}
Epoch: 25	Batch time (1.196971)	Data time (0.039394)	Cuda time (0.000002)	Loss (3.173900)	Accuracy (0.994490)
EVALUATING
{'loss': 3.99300012588501, 'accuracy': 0.9930677193403245, 'perfect_match_accuracy': 0.694, 'cost_ratio_suggested_true': 1.0164367055892944, 'below_10.0_percent_acc': 1.0, 'below_1.0_percent_acc': 0.977, 'below_0.1_percent_acc': 0.957, 'below_0.01_percent_acc': 0.957, 'below_0.001_percent_acc': 0.917, 'below_0.0001_percent_acc': 0.916, 'valid_acc': 1.0}
Epoch: 26	Batch time (1.193071)	Data time (0.039961)	Cuda time (0.000002)	Loss (3.032700)	Accuracy (0.994735)
EVALUATING
{'loss': 4.202000157833099, 'accuracy': 0.9927048683166504, 'perfect_match_accuracy': 0.669, 'cost_ratio_suggested_true': 1.021218239068985, 'below_10.0_percent_acc': 1.0, 'below_1.0_percent_acc': 0.981, 'below_0.1_percent_acc': 0.968, 'below_0.01_percent_acc': 0.968, 'below_0.001_percent_acc': 0.921, 'below_0.0001_percent_acc': 0.919, 'valid_acc': 1.0}
Epoch: 27	Batch time (1.180726)	Data time (0.038163)	Cuda time (0.000002)	Loss (3.237600)	Accuracy (0.994379)
EVALUATING
{'loss': 4.114000141620636, 'accuracy': 0.9928576457500458, 'perfect_match_accuracy': 0.66, 'cost_ratio_suggested_true': 1.0119994604587554, 'below_10.0_percent_acc': 1.0, 'below_1.0_percent_acc': 0.981, 'below_0.1_percent_acc': 0.961, 'below_0.01_percent_acc': 0.961, 'below_0.001_percent_acc': 0.908, 'below_0.0001_percent_acc': 0.908, 'valid_acc': 1.0}
Epoch: 28	Batch time (1.208504)	Data time (0.043793)	Cuda time (0.000002)	Loss (2.800200)	Accuracy (0.995139)
EVALUATING
{'loss': 4.1910001349449155, 'accuracy': 0.9927239674329758, 'perfect_match_accuracy': 0.672, 'cost_ratio_suggested_true': 1.0151866269111633, 'below_10.0_percent_acc': 1.0, 'below_1.0_percent_acc': 0.971, 'below_0.1_percent_acc': 0.954, 'below_0.01_percent_acc': 0.954, 'below_0.001_percent_acc': 0.911, 'below_0.0001_percent_acc': 0.91, 'valid_acc': 1.0}
Epoch: 29	Batch time (1.242161)	Data time (0.044849)	Cuda time (0.000002)	Loss (2.860400)	Accuracy (0.995034)
EVALUATING
{'loss': 4.174000134468079, 'accuracy': 0.9927534836530686, 'perfect_match_accuracy': 0.689, 'cost_ratio_suggested_true': 1.0186485350131989, 'below_10.0_percent_acc': 1.0, 'below_1.0_percent_acc': 0.981, 'below_0.1_percent_acc': 0.959, 'below_0.01_percent_acc': 0.959, 'below_0.001_percent_acc': 0.9, 'below_0.0001_percent_acc': 0.9, 'valid_acc': 1.0}
Epoch: 30	Batch time (1.246458)	Data time (0.043413)	Cuda time (0.000002)	Loss (2.865400)	Accuracy (0.995025)
EVALUATING
{'loss': 4.000000147819519, 'accuracy': 0.9930555707216263, 'perfect_match_accuracy': 0.686, 'cost_ratio_suggested_true': 1.012005912065506, 'below_10.0_percent_acc': 1.0, 'below_1.0_percent_acc': 0.978, 'below_0.1_percent_acc': 0.961, 'below_0.01_percent_acc': 0.961, 'below_0.001_percent_acc': 0.928, 'below_0.0001_percent_acc': 0.928, 'valid_acc': 1.0}
Epoch: 31	Batch time (1.252436)	Data time (0.042936)	Cuda time (0.000003)	Loss (2.023500)	Accuracy (0.996487)
EVALUATING
{'loss': 3.46200010061264, 'accuracy': 0.9939896053075791, 'perfect_match_accuracy': 0.724, 'cost_ratio_suggested_true': 1.010998502969742, 'below_10.0_percent_acc': 1.0, 'below_1.0_percent_acc': 0.987, 'below_0.1_percent_acc': 0.972, 'below_0.01_percent_acc': 0.972, 'below_0.001_percent_acc': 0.925, 'below_0.0001_percent_acc': 0.925, 'valid_acc': 1.0}
Epoch: 32	Batch time (1.248982)	Data time (0.041828)	Cuda time (0.000003)	Loss (1.572600)	Accuracy (0.997270)
EVALUATING
{'loss': 3.1600001323223115, 'accuracy': 0.9945138967037201, 'perfect_match_accuracy': 0.737, 'cost_ratio_suggested_true': 1.009654667377472, 'below_10.0_percent_acc': 1.0, 'below_1.0_percent_acc': 0.987, 'below_0.1_percent_acc': 0.972, 'below_0.01_percent_acc': 0.972, 'below_0.001_percent_acc': 0.932, 'below_0.0001_percent_acc': 0.932, 'valid_acc': 1.0}
Epoch: 33	Batch time (1.248069)	Data time (0.042453)	Cuda time (0.000002)	Loss (1.517900)	Accuracy (0.997365)
EVALUATING
{'loss': 3.207000146508217, 'accuracy': 0.9944323056936264, 'perfect_match_accuracy': 0.737, 'cost_ratio_suggested_true': 1.009636105298996, 'below_10.0_percent_acc': 1.0, 'below_1.0_percent_acc': 0.987, 'below_0.1_percent_acc': 0.972, 'below_0.01_percent_acc': 0.972, 'below_0.001_percent_acc': 0.937, 'below_0.0001_percent_acc': 0.936, 'valid_acc': 1.0}
Epoch: 34	Batch time (1.246708)	Data time (0.041834)	Cuda time (0.000002)	Loss (1.457000)	Accuracy (0.997471)
EVALUATING
{'loss': 3.217000112533569, 'accuracy': 0.9944149446487427, 'perfect_match_accuracy': 0.731, 'cost_ratio_suggested_true': 1.008991264104843, 'below_10.0_percent_acc': 1.0, 'below_1.0_percent_acc': 0.989, 'below_0.1_percent_acc': 0.976, 'below_0.01_percent_acc': 0.976, 'below_0.001_percent_acc': 0.941, 'below_0.0001_percent_acc': 0.941, 'valid_acc': 1.0}
Epoch: 35	Batch time (1.248163)	Data time (0.041069)	Cuda time (0.000002)	Loss (1.352600)	Accuracy (0.997652)
EVALUATING
{'loss': 3.224000177979469, 'accuracy': 0.9944027847051621, 'perfect_match_accuracy': 0.73, 'cost_ratio_suggested_true': 1.0103060972690583, 'below_10.0_percent_acc': 1.0, 'below_1.0_percent_acc': 0.988, 'below_0.1_percent_acc': 0.975, 'below_0.01_percent_acc': 0.975, 'below_0.001_percent_acc': 0.938, 'below_0.0001_percent_acc': 0.938, 'valid_acc': 1.0}
Epoch: 36	Batch time (1.246709)	Data time (0.041620)	Cuda time (0.000002)	Loss (1.393100)	Accuracy (0.997581)
EVALUATING
{'loss': 3.315000181794167, 'accuracy': 0.9942448109388351, 'perfect_match_accuracy': 0.737, 'cost_ratio_suggested_true': 1.0111658024787902, 'below_10.0_percent_acc': 1.0, 'below_1.0_percent_acc': 0.986, 'below_0.1_percent_acc': 0.973, 'below_0.01_percent_acc': 0.973, 'below_0.001_percent_acc': 0.943, 'below_0.0001_percent_acc': 0.942, 'valid_acc': 1.0}
Epoch: 37	Batch time (1.247761)	Data time (0.042231)	Cuda time (0.000002)	Loss (1.384500)	Accuracy (0.997596)
EVALUATING
{'loss': 3.368000106215477, 'accuracy': 0.9941527867317199, 'perfect_match_accuracy': 0.721, 'cost_ratio_suggested_true': 1.0095390939712525, 'below_10.0_percent_acc': 1.0, 'below_1.0_percent_acc': 0.987, 'below_0.1_percent_acc': 0.972, 'below_0.01_percent_acc': 0.972, 'below_0.001_percent_acc': 0.937, 'below_0.0001_percent_acc': 0.937, 'valid_acc': 1.0}
Epoch: 38	Batch time (1.245098)	Data time (0.041426)	Cuda time (0.000002)	Loss (1.358200)	Accuracy (0.997642)
EVALUATING
{'loss': 3.3640001255273817, 'accuracy': 0.9941597378253937, 'perfect_match_accuracy': 0.716, 'cost_ratio_suggested_true': 1.0088771677017212, 'below_10.0_percent_acc': 1.0, 'below_1.0_percent_acc': 0.99, 'below_0.1_percent_acc': 0.978, 'below_0.01_percent_acc': 0.978, 'below_0.001_percent_acc': 0.94, 'below_0.0001_percent_acc': 0.939, 'valid_acc': 1.0}
Epoch: 39	Batch time (1.236344)	Data time (0.041085)	Cuda time (0.000002)	Loss (1.281000)	Accuracy (0.997776)
EVALUATING
{'loss': 3.3250001966953278, 'accuracy': 0.9942274451255798, 'perfect_match_accuracy': 0.722, 'cost_ratio_suggested_true': 1.0086706268787384, 'below_10.0_percent_acc': 1.0, 'below_1.0_percent_acc': 0.989, 'below_0.1_percent_acc': 0.978, 'below_0.01_percent_acc': 0.978, 'below_0.001_percent_acc': 0.947, 'below_0.0001_percent_acc': 0.946, 'valid_acc': 1.0}
Epoch: 40	Batch time (1.245109)	Data time (0.042137)	Cuda time (0.000002)	Loss (1.327500)	Accuracy (0.997695)
EVALUATING
{'loss': 3.4370001542568205, 'accuracy': 0.9940330004692077, 'perfect_match_accuracy': 0.716, 'cost_ratio_suggested_true': 1.0108467137813568, 'below_10.0_percent_acc': 1.0, 'below_1.0_percent_acc': 0.988, 'below_0.1_percent_acc': 0.975, 'below_0.01_percent_acc': 0.975, 'below_0.001_percent_acc': 0.934, 'below_0.0001_percent_acc': 0.933, 'valid_acc': 1.0}
Epoch: 41	Batch time (1.240874)	Data time (0.041962)	Cuda time (0.000002)	Loss (1.156800)	Accuracy (0.997992)
EVALUATING
{'loss': 3.3130001401901246, 'accuracy': 0.9942482793331147, 'perfect_match_accuracy': 0.721, 'cost_ratio_suggested_true': 1.009699708223343, 'below_10.0_percent_acc': 1.0, 'below_1.0_percent_acc': 0.989, 'below_0.1_percent_acc': 0.976, 'below_0.01_percent_acc': 0.976, 'below_0.001_percent_acc': 0.935, 'below_0.0001_percent_acc': 0.935, 'valid_acc': 1.0}
Epoch: 42	Batch time (1.245878)	Data time (0.042037)	Cuda time (0.000002)	Loss (1.050000)	Accuracy (0.998177)
EVALUATING
{'loss': 3.366000100374222, 'accuracy': 0.9941562706232071, 'perfect_match_accuracy': 0.715, 'cost_ratio_suggested_true': 1.0093601894378663, 'below_10.0_percent_acc': 1.0, 'below_1.0_percent_acc': 0.988, 'below_0.1_percent_acc': 0.976, 'below_0.01_percent_acc': 0.976, 'below_0.001_percent_acc': 0.94, 'below_0.0001_percent_acc': 0.94, 'valid_acc': 1.0}
Epoch: 43	Batch time (1.190250)	Data time (0.041461)	Cuda time (0.000002)	Loss (1.135200)	Accuracy (0.998029)
EVALUATING
{'loss': 3.3630000984668733, 'accuracy': 0.9941614711284638, 'perfect_match_accuracy': 0.719, 'cost_ratio_suggested_true': 1.009125370979309, 'below_10.0_percent_acc': 1.0, 'below_1.0_percent_acc': 0.99, 'below_0.1_percent_acc': 0.977, 'below_0.01_percent_acc': 0.977, 'below_0.001_percent_acc': 0.935, 'below_0.0001_percent_acc': 0.935, 'valid_acc': 1.0}
Epoch: 44	Batch time (1.244494)	Data time (0.040743)	Cuda time (0.000002)	Loss (1.115700)	Accuracy (0.998063)
EVALUATING
{'loss': 3.3210001468658445, 'accuracy': 0.9942343950271606, 'perfect_match_accuracy': 0.722, 'cost_ratio_suggested_true': 1.0093613576889038, 'below_10.0_percent_acc': 1.0, 'below_1.0_percent_acc': 0.988, 'below_0.1_percent_acc': 0.975, 'below_0.01_percent_acc': 0.975, 'below_0.001_percent_acc': 0.937, 'below_0.0001_percent_acc': 0.937, 'valid_acc': 1.0}
Epoch: 45	Batch time (1.228771)	Data time (0.041698)	Cuda time (0.000002)	Loss (1.059500)	Accuracy (0.998161)
EVALUATING
{'loss': 3.389000132083893, 'accuracy': 0.9941163331270217, 'perfect_match_accuracy': 0.718, 'cost_ratio_suggested_true': 1.0092223250865937, 'below_10.0_percent_acc': 1.0, 'below_1.0_percent_acc': 0.988, 'below_0.1_percent_acc': 0.975, 'below_0.01_percent_acc': 0.975, 'below_0.001_percent_acc': 0.94, 'below_0.0001_percent_acc': 0.94, 'valid_acc': 1.0}
Epoch: 46	Batch time (1.230580)	Data time (0.040601)	Cuda time (0.000002)	Loss (1.033400)	Accuracy (0.998206)
EVALUATING
{'loss': 3.314000142812729, 'accuracy': 0.9942465370893478, 'perfect_match_accuracy': 0.716, 'cost_ratio_suggested_true': 1.0091371512413025, 'below_10.0_percent_acc': 1.0, 'below_1.0_percent_acc': 0.99, 'below_0.1_percent_acc': 0.977, 'below_0.01_percent_acc': 0.977, 'below_0.001_percent_acc': 0.939, 'below_0.0001_percent_acc': 0.939, 'valid_acc': 1.0}
Epoch: 47	Batch time (1.223068)	Data time (0.040803)	Cuda time (0.000002)	Loss (1.109800)	Accuracy (0.998073)
EVALUATING
{'loss': 3.3490001076459883, 'accuracy': 0.9941857790946961, 'perfect_match_accuracy': 0.724, 'cost_ratio_suggested_true': 1.0095603442192078, 'below_10.0_percent_acc': 1.0, 'below_1.0_percent_acc': 0.989, 'below_0.1_percent_acc': 0.976, 'below_0.01_percent_acc': 0.976, 'below_0.001_percent_acc': 0.935, 'below_0.0001_percent_acc': 0.935, 'valid_acc': 1.0}
Epoch: 48	Batch time (1.226216)	Data time (0.040039)	Cuda time (0.000002)	Loss (1.096900)	Accuracy (0.998096)
EVALUATING
{'loss': 3.383000136613846, 'accuracy': 0.9941267514228821, 'perfect_match_accuracy': 0.715, 'cost_ratio_suggested_true': 1.0093287110328675, 'below_10.0_percent_acc': 1.0, 'below_1.0_percent_acc': 0.989, 'below_0.1_percent_acc': 0.976, 'below_0.01_percent_acc': 0.976, 'below_0.001_percent_acc': 0.936, 'below_0.0001_percent_acc': 0.936, 'valid_acc': 1.0}
Epoch: 49	Batch time (1.223465)	Data time (0.041210)	Cuda time (0.000002)	Loss (1.076200)	Accuracy (0.998132)
EVALUATING
{'loss': 3.2600001776218415, 'accuracy': 0.9943402886390686, 'perfect_match_accuracy': 0.725, 'cost_ratio_suggested_true': 1.0082224631309509, 'below_10.0_percent_acc': 1.0, 'below_1.0_percent_acc': 0.99, 'below_0.1_percent_acc': 0.977, 'below_0.01_percent_acc': 0.977, 'below_0.001_percent_acc': 0.936, 'below_0.0001_percent_acc': 0.936, 'valid_acc': 1.0}
Epoch: 50	Batch time (1.229402)	Data time (0.040867)	Cuda time (0.000003)	Loss (1.058800)	Accuracy (0.998162)
EVALUATING
{'loss': 3.4250001323223116, 'accuracy': 0.9940538316965103, 'perfect_match_accuracy': 0.716, 'cost_ratio_suggested_true': 1.0096786046028137, 'below_10.0_percent_acc': 1.0, 'below_1.0_percent_acc': 0.988, 'below_0.1_percent_acc': 0.975, 'below_0.01_percent_acc': 0.975, 'below_0.001_percent_acc': 0.935, 'below_0.0001_percent_acc': 0.935, 'valid_acc': 1.0}
