2021-01-31 22:06:01,100	WARNING import_thread.py:132 -- The remote function 'maprop.blackbox.dijkstra.solver' has been exported 100 times. It's possible that this warning is accidental, but this may indicate that the same remote function is being defined repeatedly from within many tasks and exported to all of the workers. This can be a performance issue and can be resolved by defining the remote function on the driver instead. See https://github.com/ray-project/ray/issues/6240 for more discussion.
No existing entry for trainer_params.mode.type
{}[type] = <class 'int'>(1)
No existing entry for trainer_params.mode.objective_type
{'type': 1}[objective_type] = <class 'str'>(normal)
No existing entry for trainer_params.mode.use_marginal
{'type': 1, 'objective_type': 'normal'}[use_marginal] = <class 'bool'>(True)
No existing entry for trainer_params.mode.nb_samples
{'type': 1, 'objective_type': 'normal', 'use_marginal': True}[nb_samples] = <class 'int'>(10)
No existing entry for trainer_params.mode.temperature
{'type': 1, 'objective_type': 'normal', 'use_marginal': True, 'nb_samples': 10}[temperature] = <class 'float'>(0.001)
No existing entry for trainer_params.mode.use_gamma
{'type': 1, 'objective_type': 'normal', 'use_marginal': True, 'nb_samples': 10, 'temperature': 0.001}[use_gamma] = <class 'bool'>(True)
No existing entry for trainer_params.mode.loss_type
{'type': 1, 'objective_type': 'normal', 'use_marginal': True, 'nb_samples': 10, 'temperature': 0.001, 'use_gamma': True}[loss_type] = <class 'str'>(normal)
No existing entry for trainer_params.mode.perturb_w
{'type': 1, 'objective_type': 'normal', 'use_marginal': True, 'nb_samples': 10, 'temperature': 0.001, 'use_gamma': True, 'loss_type': 'normal'}[perturb_w] = <class 'bool'>(True)
No existing entry for trainer_params.mode.perturb_w_prime
{'type': 1, 'objective_type': 'normal', 'use_marginal': True, 'nb_samples': 10, 'temperature': 0.001, 'use_gamma': True, 'loss_type': 'normal', 'perturb_w': True}[perturb_w_prime] = <class 'bool'>(False)
{'batch_size': 70, 'l1_regconst': 0.0, 'lambda_val': 20.0, 'lr_milestone_1': 30, 'lr_milestone_2': 40, 'model_params': {'arch_params': {}, 'model_name': 'CombResnet18'}, 'neighbourhood_fn': '8-grid', 'optimizer_name': 'Adam', 'optimizer_params': {'lr': 0.0005}, 'preload_batch': True, 'use_cuda': True, 'use_lr_scheduling': True, 'mode': {'type': 1, 'objective_type': 'normal', 'use_marginal': True, 'nb_samples': 10, 'temperature': 0.001, 'use_gamma': True, 'loss_type': 'normal', 'perturb_w': True, 'perturb_w_prime': False}}[lambda_val] = <class 'float'>(50.0)
{'data_dir': 'data/warcraft_shortest_path/12x12', 'evaluate_with_extra': False, 'normalize': True, 'use_local_path': False, 'use_test_set': True}[data_dir] = <class 'str'>(data/warcraft_shortest_path/18x18)
{'evaluate_every': 5, 'loader_params': {'data_dir': 'data/warcraft_shortest_path/18x18', 'evaluate_with_extra': False, 'normalize': True, 'use_local_path': False, 'use_test_set': True}, 'model_dir': 'results/warcraft_shortest_path_combresnet', 'num_cpus': 40, 'num_epochs': 50, 'problem_type': 'warcraft_shortest_path', 'ray_params': {}, 'save_visualizations': False, 'seed': 1, 'trainer_name': 'DijkstraMAP', 'trainer_params': {'batch_size': 70, 'l1_regconst': 0.0, 'lambda_val': 50.0, 'lr_milestone_1': 30, 'lr_milestone_2': 40, 'model_params': {'arch_params': {}, 'model_name': 'CombResnet18'}, 'neighbourhood_fn': '8-grid', 'optimizer_name': 'Adam', 'optimizer_params': {'lr': 0.0005}, 'preload_batch': True, 'use_cuda': True, 'use_lr_scheduling': True, 'mode': {'type': 1, 'objective_type': 'normal', 'use_marginal': True, 'nb_samples': 10, 'temperature': 0.001, 'use_gamma': True, 'loss_type': 'normal', 'perturb_w': True, 'perturb_w_prime': False}}, 'use_ray': True}[seed] = <class 'int'>(1)
{'evaluate_every': 5, 'loader_params': {'data_dir': 'data/warcraft_shortest_path/18x18', 'evaluate_with_extra': False, 'normalize': True, 'use_local_path': False, 'use_test_set': True}, 'model_dir': 'results/warcraft_shortest_path_combresnet', 'num_cpus': 40, 'num_epochs': 50, 'problem_type': 'warcraft_shortest_path', 'ray_params': {}, 'save_visualizations': False, 'seed': 1, 'trainer_name': 'DijkstraMAP', 'trainer_params': {'batch_size': 70, 'l1_regconst': 0.0, 'lambda_val': 50.0, 'lr_milestone_1': 30, 'lr_milestone_2': 40, 'model_params': {'arch_params': {}, 'model_name': 'CombResnet18'}, 'neighbourhood_fn': '8-grid', 'optimizer_name': 'Adam', 'optimizer_params': {'lr': 0.0005}, 'preload_batch': True, 'use_cuda': True, 'use_lr_scheduling': True, 'mode': {'type': 1, 'objective_type': 'normal', 'use_marginal': True, 'nb_samples': 10, 'temperature': 0.001, 'use_gamma': True, 'loss_type': 'normal', 'perturb_w': True, 'perturb_w_prime': False}}, 'use_ray': True}[evaluate_every] = <class 'int'>(1)
No existing entry for trainer_params.mode.type
{}[type] = <class 'int'>(1)
No existing entry for trainer_params.mode.objective_type
{'type': 1}[objective_type] = <class 'str'>(normal)
No existing entry for trainer_params.mode.use_marginal
{'type': 1, 'objective_type': 'normal'}[use_marginal] = <class 'bool'>(True)
No existing entry for trainer_params.mode.nb_samples
{'type': 1, 'objective_type': 'normal', 'use_marginal': True}[nb_samples] = <class 'int'>(10)
No existing entry for trainer_params.mode.temperature
{'type': 1, 'objective_type': 'normal', 'use_marginal': True, 'nb_samples': 10}[temperature] = <class 'float'>(0.001)
No existing entry for trainer_params.mode.use_gamma
{'type': 1, 'objective_type': 'normal', 'use_marginal': True, 'nb_samples': 10, 'temperature': 0.001}[use_gamma] = <class 'bool'>(True)
No existing entry for trainer_params.mode.loss_type
{'type': 1, 'objective_type': 'normal', 'use_marginal': True, 'nb_samples': 10, 'temperature': 0.001, 'use_gamma': True}[loss_type] = <class 'str'>(normal)
No existing entry for trainer_params.mode.perturb_w
{'type': 1, 'objective_type': 'normal', 'use_marginal': True, 'nb_samples': 10, 'temperature': 0.001, 'use_gamma': True, 'loss_type': 'normal'}[perturb_w] = <class 'bool'>(True)
No existing entry for trainer_params.mode.perturb_w_prime
{'type': 1, 'objective_type': 'normal', 'use_marginal': True, 'nb_samples': 10, 'temperature': 0.001, 'use_gamma': True, 'loss_type': 'normal', 'perturb_w': True}[perturb_w_prime] = <class 'bool'>(False)
{'batch_size': 70, 'l1_regconst': 0.0, 'lambda_val': 20.0, 'lr_milestone_1': 30, 'lr_milestone_2': 40, 'model_params': {'arch_params': {}, 'model_name': 'CombResnet18'}, 'neighbourhood_fn': '8-grid', 'optimizer_name': 'Adam', 'optimizer_params': {'lr': 0.0005}, 'preload_batch': True, 'use_cuda': True, 'use_lr_scheduling': True, 'mode': {'type': 1, 'objective_type': 'normal', 'use_marginal': True, 'nb_samples': 10, 'temperature': 0.001, 'use_gamma': True, 'loss_type': 'normal', 'perturb_w': True, 'perturb_w_prime': False}}[lambda_val] = <class 'float'>(50.0)
{'data_dir': 'data/warcraft_shortest_path/12x12', 'evaluate_with_extra': False, 'normalize': True, 'use_local_path': False, 'use_test_set': True}[data_dir] = <class 'str'>(data/warcraft_shortest_path/18x18)
{'evaluate_every': 5, 'loader_params': {'data_dir': 'data/warcraft_shortest_path/18x18', 'evaluate_with_extra': False, 'normalize': True, 'use_local_path': False, 'use_test_set': True}, 'model_dir': 'results/warcraft_shortest_path_combresnet', 'num_cpus': 40, 'num_epochs': 50, 'problem_type': 'warcraft_shortest_path', 'ray_params': {}, 'save_visualizations': False, 'seed': 1, 'trainer_name': 'DijkstraMAP', 'trainer_params': {'batch_size': 70, 'l1_regconst': 0.0, 'lambda_val': 50.0, 'lr_milestone_1': 30, 'lr_milestone_2': 40, 'model_params': {'arch_params': {}, 'model_name': 'CombResnet18'}, 'neighbourhood_fn': '8-grid', 'optimizer_name': 'Adam', 'optimizer_params': {'lr': 0.0005}, 'preload_batch': True, 'use_cuda': True, 'use_lr_scheduling': True, 'mode': {'type': 1, 'objective_type': 'normal', 'use_marginal': True, 'nb_samples': 10, 'temperature': 0.001, 'use_gamma': True, 'loss_type': 'normal', 'perturb_w': True, 'perturb_w_prime': False}}, 'use_ray': True}[seed] = <class 'int'>(1)
{'evaluate_every': 5, 'loader_params': {'data_dir': 'data/warcraft_shortest_path/18x18', 'evaluate_with_extra': False, 'normalize': True, 'use_local_path': False, 'use_test_set': True}, 'model_dir': 'results/warcraft_shortest_path_combresnet', 'num_cpus': 40, 'num_epochs': 50, 'problem_type': 'warcraft_shortest_path', 'ray_params': {}, 'save_visualizations': False, 'seed': 1, 'trainer_name': 'DijkstraMAP', 'trainer_params': {'batch_size': 70, 'l1_regconst': 0.0, 'lambda_val': 50.0, 'lr_milestone_1': 30, 'lr_milestone_2': 40, 'model_params': {'arch_params': {}, 'model_name': 'CombResnet18'}, 'neighbourhood_fn': '8-grid', 'optimizer_name': 'Adam', 'optimizer_params': {'lr': 0.0005}, 'preload_batch': True, 'use_cuda': True, 'use_lr_scheduling': True, 'mode': {'type': 1, 'objective_type': 'normal', 'use_marginal': True, 'nb_samples': 10, 'temperature': 0.001, 'use_gamma': True, 'loss_type': 'normal', 'perturb_w': True, 'perturb_w_prime': False}}, 'use_ray': True}[evaluate_every] = <class 'int'>(1)
{
    "evaluate_every": 1,
    "loader_params": {
        "data_dir": "data/warcraft_shortest_path/18x18",
        "evaluate_with_extra": false,
        "normalize": true,
        "use_local_path": false,
        "use_test_set": true
    },
    "model_dir": "results/warcraft_shortest_path_combresnet",
    "num_cpus": 40,
    "num_epochs": 50,
    "problem_type": "warcraft_shortest_path",
    "ray_params": {},
    "save_visualizations": false,
    "seed": 1,
    "trainer_name": "DijkstraMAP",
    "trainer_params": {
        "batch_size": 70,
        "l1_regconst": 0.0,
        "lambda_val": 50.0,
        "lr_milestone_1": 30,
        "lr_milestone_2": 40,
        "mode": {
            "loss_type": "normal",
            "nb_samples": 10,
            "objective_type": "normal",
            "perturb_w": true,
            "perturb_w_prime": false,
            "temperature": 0.001,
            "type": 1,
            "use_gamma": true,
            "use_marginal": true
        },
        "model_params": {
            "arch_params": {},
            "model_name": "CombResnet18"
        },
        "neighbourhood_fn": "8-grid",
        "optimizer_name": "Adam",
        "optimizer_params": {
            "lr": 0.0005
        },
        "preload_batch": true,
        "use_cuda": true,
        "use_lr_scheduling": true
    },
    "use_ray": true
}
MAP-BACKPROP MODE: {
    "loss_type": "normal",
    "nb_samples": 10,
    "objective_type": "normal",
    "perturb_w": true,
    "perturb_w_prime": false,
    "temperature": 0.001,
    "type": 1,
    "use_gamma": true,
    "use_marginal": true
}
True
META: {'input_image_size': 144, 'output_features': 324, 'num_channels': 3, 'denormalize': <maprop.decorators.input_to_numpy object at 0x2b7866ddb630>}
EVALUATING
{'loss': 30.140000858306884, 'accuracy': 0.9069752943515778, 'perfect_match_accuracy': 0.007, 'cost_ratio_suggested_true': 2.698470640182495, 'below_10.0_percent_acc': 0.071, 'below_1.0_percent_acc': 0.015, 'below_0.1_percent_acc': 0.012, 'below_0.01_percent_acc': 0.012, 'below_0.001_percent_acc': 0.01, 'below_0.0001_percent_acc': 0.01, 'valid_acc': 1.0}
Epoch: 1	Batch time (1.406626)	Data time (0.018204)	Cuda time (0.000002)	Loss (10.996080)	Accuracy (0.966061)
EVALUATING
{'loss': 6.285000247955322, 'accuracy': 0.9806018435955047, 'perfect_match_accuracy': 0.452, 'cost_ratio_suggested_true': 1.050132883787155, 'below_10.0_percent_acc': 0.981, 'below_1.0_percent_acc': 0.861, 'below_0.1_percent_acc': 0.829, 'below_0.01_percent_acc': 0.829, 'below_0.001_percent_acc': 0.791, 'below_0.0001_percent_acc': 0.79, 'valid_acc': 1.0}
Epoch: 2	Batch time (1.431931)	Data time (0.021139)	Cuda time (0.000002)	Loss (6.037350)	Accuracy (0.981354)
EVALUATING
{'loss': 5.104000220298767, 'accuracy': 0.9842468929290772, 'perfect_match_accuracy': 0.54, 'cost_ratio_suggested_true': 1.0294508111476899, 'below_10.0_percent_acc': 0.999, 'below_1.0_percent_acc': 0.932, 'below_0.1_percent_acc': 0.912, 'below_0.01_percent_acc': 0.912, 'below_0.001_percent_acc': 0.88, 'below_0.0001_percent_acc': 0.879, 'valid_acc': 1.0}
Epoch: 3	Batch time (1.381696)	Data time (0.020043)	Cuda time (0.000002)	Loss (4.991060)	Accuracy (0.984577)
EVALUATING
{'loss': 4.742000205516815, 'accuracy': 0.9853641825914383, 'perfect_match_accuracy': 0.569, 'cost_ratio_suggested_true': 1.027806704044342, 'below_10.0_percent_acc': 0.999, 'below_1.0_percent_acc': 0.933, 'below_0.1_percent_acc': 0.909, 'below_0.01_percent_acc': 0.909, 'below_0.001_percent_acc': 0.876, 'below_0.0001_percent_acc': 0.875, 'valid_acc': 1.0}
Epoch: 4	Batch time (1.389935)	Data time (0.022144)	Cuda time (0.000002)	Loss (4.188690)	Accuracy (0.987052)
EVALUATING
{'loss': 4.373000175952911, 'accuracy': 0.9865030753612518, 'perfect_match_accuracy': 0.59, 'cost_ratio_suggested_true': 1.0242120039463043, 'below_10.0_percent_acc': 0.999, 'below_1.0_percent_acc': 0.954, 'below_0.1_percent_acc': 0.934, 'below_0.01_percent_acc': 0.933, 'below_0.001_percent_acc': 0.899, 'below_0.0001_percent_acc': 0.899, 'valid_acc': 1.0}
Epoch: 5	Batch time (1.390420)	Data time (0.020120)	Cuda time (0.000002)	Loss (3.714900)	Accuracy (0.988507)
EVALUATING
{'loss': 3.8430001306533814, 'accuracy': 0.9881388777494431, 'perfect_match_accuracy': 0.64, 'cost_ratio_suggested_true': 1.0233352565765381, 'below_10.0_percent_acc': 0.999, 'below_1.0_percent_acc': 0.964, 'below_0.1_percent_acc': 0.947, 'below_0.01_percent_acc': 0.947, 'below_0.001_percent_acc': 0.904, 'below_0.0001_percent_acc': 0.904, 'valid_acc': 1.0}
Epoch: 6	Batch time (1.364176)	Data time (0.019231)	Cuda time (0.000002)	Loss (3.547190)	Accuracy (0.989031)
EVALUATING
{'loss': 4.061000170707703, 'accuracy': 0.9874660384654999, 'perfect_match_accuracy': 0.643, 'cost_ratio_suggested_true': 1.0224651503562927, 'below_10.0_percent_acc': 1.0, 'below_1.0_percent_acc': 0.957, 'below_0.1_percent_acc': 0.935, 'below_0.01_percent_acc': 0.934, 'below_0.001_percent_acc': 0.889, 'below_0.0001_percent_acc': 0.889, 'valid_acc': 1.0}
Epoch: 7	Batch time (1.361424)	Data time (0.017467)	Cuda time (0.000002)	Loss (3.330950)	Accuracy (0.989704)
EVALUATING
{'loss': 3.591000099182129, 'accuracy': 0.9889166587591172, 'perfect_match_accuracy': 0.653, 'cost_ratio_suggested_true': 1.024455534219742, 'below_10.0_percent_acc': 0.999, 'below_1.0_percent_acc': 0.967, 'below_0.1_percent_acc': 0.953, 'below_0.01_percent_acc': 0.952, 'below_0.001_percent_acc': 0.901, 'below_0.0001_percent_acc': 0.901, 'valid_acc': 1.0}
Epoch: 8	Batch time (1.357291)	Data time (0.017472)	Cuda time (0.000002)	Loss (3.067900)	Accuracy (0.990516)
EVALUATING
{'loss': 3.8510001635551454, 'accuracy': 0.9881141871213913, 'perfect_match_accuracy': 0.636, 'cost_ratio_suggested_true': 1.0192533683776857, 'below_10.0_percent_acc': 1.0, 'below_1.0_percent_acc': 0.961, 'below_0.1_percent_acc': 0.941, 'below_0.01_percent_acc': 0.941, 'below_0.001_percent_acc': 0.913, 'below_0.0001_percent_acc': 0.913, 'valid_acc': 1.0}
Epoch: 9	Batch time (1.358890)	Data time (0.017380)	Cuda time (0.000002)	Loss (3.209720)	Accuracy (0.990087)
EVALUATING
{'loss': 3.746000146865845, 'accuracy': 0.9884382551908493, 'perfect_match_accuracy': 0.671, 'cost_ratio_suggested_true': 1.02274383187294, 'below_10.0_percent_acc': 0.999, 'below_1.0_percent_acc': 0.964, 'below_0.1_percent_acc': 0.948, 'below_0.01_percent_acc': 0.947, 'below_0.001_percent_acc': 0.918, 'below_0.0001_percent_acc': 0.918, 'valid_acc': 1.0}
Epoch: 10	Batch time (1.345453)	Data time (0.017175)	Cuda time (0.000002)	Loss (2.885680)	Accuracy (0.991096)
EVALUATING
{'loss': 3.598000123500824, 'accuracy': 0.9888950502872467, 'perfect_match_accuracy': 0.668, 'cost_ratio_suggested_true': 1.0233130002021789, 'below_10.0_percent_acc': 1.0, 'below_1.0_percent_acc': 0.969, 'below_0.1_percent_acc': 0.951, 'below_0.01_percent_acc': 0.951, 'below_0.001_percent_acc': 0.903, 'below_0.0001_percent_acc': 0.903, 'valid_acc': 1.0}
Epoch: 11	Batch time (1.358552)	Data time (0.017384)	Cuda time (0.000002)	Loss (2.756280)	Accuracy (0.991474)
EVALUATING
{'loss': 3.876000180244446, 'accuracy': 0.9880370181798935, 'perfect_match_accuracy': 0.651, 'cost_ratio_suggested_true': 1.0199310767650605, 'below_10.0_percent_acc': 1.0, 'below_1.0_percent_acc': 0.965, 'below_0.1_percent_acc': 0.95, 'below_0.01_percent_acc': 0.949, 'below_0.001_percent_acc': 0.912, 'below_0.0001_percent_acc': 0.912, 'valid_acc': 1.0}
Epoch: 12	Batch time (1.358508)	Data time (0.017351)	Cuda time (0.000002)	Loss (2.629140)	Accuracy (0.991871)
EVALUATING
{'loss': 3.5880001616477966, 'accuracy': 0.9889259153604507, 'perfect_match_accuracy': 0.648, 'cost_ratio_suggested_true': 1.0173719429969788, 'below_10.0_percent_acc': 1.0, 'below_1.0_percent_acc': 0.983, 'below_0.1_percent_acc': 0.967, 'below_0.01_percent_acc': 0.966, 'below_0.001_percent_acc': 0.926, 'below_0.0001_percent_acc': 0.926, 'valid_acc': 1.0}
Epoch: 13	Batch time (1.355747)	Data time (0.017101)	Cuda time (0.000002)	Loss (2.457420)	Accuracy (0.992413)
EVALUATING
{'loss': 3.530000092983246, 'accuracy': 0.9891049164533615, 'perfect_match_accuracy': 0.665, 'cost_ratio_suggested_true': 1.0190945267677307, 'below_10.0_percent_acc': 1.0, 'below_1.0_percent_acc': 0.972, 'below_0.1_percent_acc': 0.958, 'below_0.01_percent_acc': 0.957, 'below_0.001_percent_acc': 0.924, 'below_0.0001_percent_acc': 0.924, 'valid_acc': 1.0}
Epoch: 14	Batch time (1.351289)	Data time (0.017095)	Cuda time (0.000002)	Loss (2.536870)	Accuracy (0.992159)
EVALUATING
{'loss': 3.3440001130104067, 'accuracy': 0.989679001569748, 'perfect_match_accuracy': 0.697, 'cost_ratio_suggested_true': 1.019333175420761, 'below_10.0_percent_acc': 1.0, 'below_1.0_percent_acc': 0.968, 'below_0.1_percent_acc': 0.954, 'below_0.01_percent_acc': 0.953, 'below_0.001_percent_acc': 0.915, 'below_0.0001_percent_acc': 0.915, 'valid_acc': 1.0}
Epoch: 15	Batch time (1.345699)	Data time (0.016612)	Cuda time (0.000002)	Loss (2.350350)	Accuracy (0.992734)
EVALUATING
{'loss': 3.628000085353851, 'accuracy': 0.9888024598360061, 'perfect_match_accuracy': 0.67, 'cost_ratio_suggested_true': 1.0227368319034575, 'below_10.0_percent_acc': 1.0, 'below_1.0_percent_acc': 0.97, 'below_0.1_percent_acc': 0.951, 'below_0.01_percent_acc': 0.951, 'below_0.001_percent_acc': 0.908, 'below_0.0001_percent_acc': 0.908, 'valid_acc': 1.0}
Epoch: 16	Batch time (1.376886)	Data time (0.018953)	Cuda time (0.000002)	Loss (2.251400)	Accuracy (0.993035)
EVALUATING
{'loss': 3.13300017118454, 'accuracy': 0.9903302305936813, 'perfect_match_accuracy': 0.712, 'cost_ratio_suggested_true': 1.0198416471481324, 'below_10.0_percent_acc': 1.0, 'below_1.0_percent_acc': 0.973, 'below_0.1_percent_acc': 0.957, 'below_0.01_percent_acc': 0.957, 'below_0.001_percent_acc': 0.905, 'below_0.0001_percent_acc': 0.905, 'valid_acc': 1.0}
Epoch: 17	Batch time (1.368639)	Data time (0.018784)	Cuda time (0.000002)	Loss (2.433950)	Accuracy (0.992455)
EVALUATING
{'loss': 3.004000108242035, 'accuracy': 0.9907283794879913, 'perfect_match_accuracy': 0.705, 'cost_ratio_suggested_true': 1.0171186828613281, 'below_10.0_percent_acc': 1.0, 'below_1.0_percent_acc': 0.979, 'below_0.1_percent_acc': 0.967, 'below_0.01_percent_acc': 0.967, 'below_0.001_percent_acc': 0.93, 'below_0.0001_percent_acc': 0.93, 'valid_acc': 1.0}
Epoch: 18	Batch time (1.341965)	Data time (0.017416)	Cuda time (0.000002)	Loss (2.226210)	Accuracy (0.993126)
EVALUATING
{'loss': 3.4160001349449156, 'accuracy': 0.9894567769765854, 'perfect_match_accuracy': 0.688, 'cost_ratio_suggested_true': 1.0191552340984344, 'below_10.0_percent_acc': 1.0, 'below_1.0_percent_acc': 0.978, 'below_0.1_percent_acc': 0.959, 'below_0.01_percent_acc': 0.959, 'below_0.001_percent_acc': 0.923, 'below_0.0001_percent_acc': 0.923, 'valid_acc': 1.0}
Epoch: 19	Batch time (1.351085)	Data time (0.017164)	Cuda time (0.000002)	Loss (2.261130)	Accuracy (0.993000)
EVALUATING
{'loss': 3.0160000801086424, 'accuracy': 0.9906913477182389, 'perfect_match_accuracy': 0.721, 'cost_ratio_suggested_true': 1.0170434153079986, 'below_10.0_percent_acc': 1.0, 'below_1.0_percent_acc': 0.973, 'below_0.1_percent_acc': 0.957, 'below_0.01_percent_acc': 0.956, 'below_0.001_percent_acc': 0.922, 'below_0.0001_percent_acc': 0.922, 'valid_acc': 1.0}
Epoch: 20	Batch time (1.370727)	Data time (0.017188)	Cuda time (0.000002)	Loss (2.081920)	Accuracy (0.993556)
EVALUATING
{'loss': 3.2660001480579375, 'accuracy': 0.9899197393655776, 'perfect_match_accuracy': 0.685, 'cost_ratio_suggested_true': 1.0156410109996796, 'below_10.0_percent_acc': 1.0, 'below_1.0_percent_acc': 0.976, 'below_0.1_percent_acc': 0.97, 'below_0.01_percent_acc': 0.97, 'below_0.001_percent_acc': 0.936, 'below_0.0001_percent_acc': 0.936, 'valid_acc': 1.0}
Epoch: 21	Batch time (1.360807)	Data time (0.017496)	Cuda time (0.000002)	Loss (2.066280)	Accuracy (0.993602)
EVALUATING
{'loss': 3.375000138282776, 'accuracy': 0.9895833241939545, 'perfect_match_accuracy': 0.668, 'cost_ratio_suggested_true': 1.0195046210289, 'below_10.0_percent_acc': 1.0, 'below_1.0_percent_acc': 0.978, 'below_0.1_percent_acc': 0.957, 'below_0.01_percent_acc': 0.956, 'below_0.001_percent_acc': 0.925, 'below_0.0001_percent_acc': 0.925, 'valid_acc': 1.0}
Epoch: 22	Batch time (1.350328)	Data time (0.017400)	Cuda time (0.000002)	Loss (1.927070)	Accuracy (0.994062)
EVALUATING
{'loss': 3.1720001482963562, 'accuracy': 0.9902098596096038, 'perfect_match_accuracy': 0.694, 'cost_ratio_suggested_true': 1.023784292936325, 'below_10.0_percent_acc': 1.0, 'below_1.0_percent_acc': 0.973, 'below_0.1_percent_acc': 0.963, 'below_0.01_percent_acc': 0.962, 'below_0.001_percent_acc': 0.913, 'below_0.0001_percent_acc': 0.913, 'valid_acc': 1.0}
Epoch: 23	Batch time (1.350977)	Data time (0.017205)	Cuda time (0.000002)	Loss (2.242910)	Accuracy (0.993073)
EVALUATING
{'loss': 3.184000065326691, 'accuracy': 0.9901728230714798, 'perfect_match_accuracy': 0.712, 'cost_ratio_suggested_true': 1.0175240767002105, 'below_10.0_percent_acc': 1.0, 'below_1.0_percent_acc': 0.975, 'below_0.1_percent_acc': 0.964, 'below_0.01_percent_acc': 0.963, 'below_0.001_percent_acc': 0.913, 'below_0.0001_percent_acc': 0.913, 'valid_acc': 1.0}
Epoch: 24	Batch time (1.344724)	Data time (0.016974)	Cuda time (0.000002)	Loss (2.057460)	Accuracy (0.993650)
EVALUATING
{'loss': 3.006000084877014, 'accuracy': 0.9907222133874893, 'perfect_match_accuracy': 0.699, 'cost_ratio_suggested_true': 1.0150131916999816, 'below_10.0_percent_acc': 1.0, 'below_1.0_percent_acc': 0.984, 'below_0.1_percent_acc': 0.971, 'below_0.01_percent_acc': 0.971, 'below_0.001_percent_acc': 0.936, 'below_0.0001_percent_acc': 0.935, 'valid_acc': 1.0}
Epoch: 25	Batch time (1.345301)	Data time (0.017108)	Cuda time (0.000002)	Loss (2.000780)	Accuracy (0.993792)
EVALUATING
{'loss': 3.3730001497268676, 'accuracy': 0.989589490890503, 'perfect_match_accuracy': 0.662, 'cost_ratio_suggested_true': 1.0215962541103363, 'below_10.0_percent_acc': 1.0, 'below_1.0_percent_acc': 0.974, 'below_0.1_percent_acc': 0.956, 'below_0.01_percent_acc': 0.955, 'below_0.001_percent_acc': 0.912, 'below_0.0001_percent_acc': 0.911, 'valid_acc': 1.0}
Epoch: 26	Batch time (1.354474)	Data time (0.017499)	Cuda time (0.000002)	Loss (1.937550)	Accuracy (0.994001)
EVALUATING
{'loss': 3.1970001006126405, 'accuracy': 0.9901327025890351, 'perfect_match_accuracy': 0.699, 'cost_ratio_suggested_true': 1.0142161977291106, 'below_10.0_percent_acc': 1.0, 'below_1.0_percent_acc': 0.979, 'below_0.1_percent_acc': 0.966, 'below_0.01_percent_acc': 0.966, 'below_0.001_percent_acc': 0.935, 'below_0.0001_percent_acc': 0.935, 'valid_acc': 1.0}
Epoch: 27	Batch time (1.349668)	Data time (0.017452)	Cuda time (0.000002)	Loss (1.845570)	Accuracy (0.994301)
EVALUATING
{'loss': 3.498000123500824, 'accuracy': 0.9892036974430084, 'perfect_match_accuracy': 0.664, 'cost_ratio_suggested_true': 1.020052706003189, 'below_10.0_percent_acc': 1.0, 'below_1.0_percent_acc': 0.976, 'below_0.1_percent_acc': 0.961, 'below_0.01_percent_acc': 0.961, 'below_0.001_percent_acc': 0.918, 'below_0.0001_percent_acc': 0.917, 'valid_acc': 1.0}
Epoch: 28	Batch time (1.349285)	Data time (0.017383)	Cuda time (0.000002)	Loss (1.934560)	Accuracy (0.994003)
EVALUATING
{'loss': 2.8930001068115234, 'accuracy': 0.9910709738731385, 'perfect_match_accuracy': 0.732, 'cost_ratio_suggested_true': 1.0180046725273133, 'below_10.0_percent_acc': 1.0, 'below_1.0_percent_acc': 0.981, 'below_0.1_percent_acc': 0.968, 'below_0.01_percent_acc': 0.968, 'below_0.001_percent_acc': 0.918, 'below_0.0001_percent_acc': 0.918, 'valid_acc': 1.0}
Epoch: 29	Batch time (1.343677)	Data time (0.017116)	Cuda time (0.000002)	Loss (1.904070)	Accuracy (0.994119)
EVALUATING
{'loss': 3.436000130176544, 'accuracy': 0.9893950515985489, 'perfect_match_accuracy': 0.671, 'cost_ratio_suggested_true': 1.0219435000419617, 'below_10.0_percent_acc': 1.0, 'below_1.0_percent_acc': 0.977, 'below_0.1_percent_acc': 0.959, 'below_0.01_percent_acc': 0.958, 'below_0.001_percent_acc': 0.923, 'below_0.0001_percent_acc': 0.923, 'valid_acc': 1.0}
Epoch: 30	Batch time (1.340537)	Data time (0.016990)	Cuda time (0.000002)	Loss (1.831010)	Accuracy (0.994354)
EVALUATING
{'loss': 3.0460001182556153, 'accuracy': 0.9905987572669983, 'perfect_match_accuracy': 0.718, 'cost_ratio_suggested_true': 1.0196478128433228, 'below_10.0_percent_acc': 1.0, 'below_1.0_percent_acc': 0.983, 'below_0.1_percent_acc': 0.968, 'below_0.01_percent_acc': 0.968, 'below_0.001_percent_acc': 0.918, 'below_0.0001_percent_acc': 0.918, 'valid_acc': 1.0}
Epoch: 31	Batch time (1.347202)	Data time (0.017070)	Cuda time (0.000002)	Loss (1.107630)	Accuracy (0.996554)
EVALUATING
{'loss': 2.6380001032352447, 'accuracy': 0.9918580257892609, 'perfect_match_accuracy': 0.753, 'cost_ratio_suggested_true': 1.0151743185520172, 'below_10.0_percent_acc': 1.0, 'below_1.0_percent_acc': 0.988, 'below_0.1_percent_acc': 0.975, 'below_0.01_percent_acc': 0.975, 'below_0.001_percent_acc': 0.932, 'below_0.0001_percent_acc': 0.932, 'valid_acc': 1.0}
Epoch: 32	Batch time (1.339163)	Data time (0.017175)	Cuda time (0.000002)	Loss (0.843860)	Accuracy (0.997394)
EVALUATING
{'loss': 2.581000083684921, 'accuracy': 0.9920339298248291, 'perfect_match_accuracy': 0.755, 'cost_ratio_suggested_true': 1.0170346081256867, 'below_10.0_percent_acc': 1.0, 'below_1.0_percent_acc': 0.987, 'below_0.1_percent_acc': 0.976, 'below_0.01_percent_acc': 0.976, 'below_0.001_percent_acc': 0.929, 'below_0.0001_percent_acc': 0.929, 'valid_acc': 1.0}
Epoch: 33	Batch time (1.355030)	Data time (0.017196)	Cuda time (0.000002)	Loss (0.760710)	Accuracy (0.997635)
EVALUATING
{'loss': 2.6600001192092897, 'accuracy': 0.9917901057004929, 'perfect_match_accuracy': 0.755, 'cost_ratio_suggested_true': 1.0158739221096038, 'below_10.0_percent_acc': 1.0, 'below_1.0_percent_acc': 0.987, 'below_0.1_percent_acc': 0.977, 'below_0.01_percent_acc': 0.977, 'below_0.001_percent_acc': 0.935, 'below_0.0001_percent_acc': 0.935, 'valid_acc': 1.0}
Epoch: 34	Batch time (1.349343)	Data time (0.017237)	Cuda time (0.000002)	Loss (0.707220)	Accuracy (0.997792)
EVALUATING
{'loss': 2.81700008392334, 'accuracy': 0.9913055408000946, 'perfect_match_accuracy': 0.742, 'cost_ratio_suggested_true': 1.0178992021083832, 'below_10.0_percent_acc': 1.0, 'below_1.0_percent_acc': 0.985, 'below_0.1_percent_acc': 0.972, 'below_0.01_percent_acc': 0.972, 'below_0.001_percent_acc': 0.925, 'below_0.0001_percent_acc': 0.924, 'valid_acc': 1.0}
Epoch: 35	Batch time (1.348586)	Data time (0.017409)	Cuda time (0.000002)	Loss (0.687930)	Accuracy (0.997875)
EVALUATING
{'loss': 2.6550001192092894, 'accuracy': 0.9918055391311645, 'perfect_match_accuracy': 0.756, 'cost_ratio_suggested_true': 1.0159169030189514, 'below_10.0_percent_acc': 1.0, 'below_1.0_percent_acc': 0.989, 'below_0.1_percent_acc': 0.978, 'below_0.01_percent_acc': 0.978, 'below_0.001_percent_acc': 0.932, 'below_0.0001_percent_acc': 0.932, 'valid_acc': 1.0}
Epoch: 36	Batch time (1.352525)	Data time (0.017065)	Cuda time (0.000002)	Loss (0.618200)	Accuracy (0.998089)
EVALUATING
{'loss': 2.7380001080036163, 'accuracy': 0.9915493708848954, 'perfect_match_accuracy': 0.752, 'cost_ratio_suggested_true': 1.0163688743114472, 'below_10.0_percent_acc': 1.0, 'below_1.0_percent_acc': 0.988, 'below_0.1_percent_acc': 0.977, 'below_0.01_percent_acc': 0.977, 'below_0.001_percent_acc': 0.936, 'below_0.0001_percent_acc': 0.936, 'valid_acc': 1.0}
Epoch: 37	Batch time (1.345823)	Data time (0.017413)	Cuda time (0.000002)	Loss (0.623230)	Accuracy (0.998088)
EVALUATING
{'loss': 2.65100009560585, 'accuracy': 0.9918178796768189, 'perfect_match_accuracy': 0.754, 'cost_ratio_suggested_true': 1.0150295674800873, 'below_10.0_percent_acc': 1.0, 'below_1.0_percent_acc': 0.991, 'below_0.1_percent_acc': 0.981, 'below_0.01_percent_acc': 0.981, 'below_0.001_percent_acc': 0.942, 'below_0.0001_percent_acc': 0.942, 'valid_acc': 1.0}
Epoch: 38	Batch time (1.351564)	Data time (0.018045)	Cuda time (0.000002)	Loss (0.609440)	Accuracy (0.998125)
EVALUATING
{'loss': 2.6550000405311582, 'accuracy': 0.9918055403232574, 'perfect_match_accuracy': 0.751, 'cost_ratio_suggested_true': 1.0161832547187806, 'below_10.0_percent_acc': 1.0, 'below_1.0_percent_acc': 0.986, 'below_0.1_percent_acc': 0.978, 'below_0.01_percent_acc': 0.978, 'below_0.001_percent_acc': 0.932, 'below_0.0001_percent_acc': 0.931, 'valid_acc': 1.0}
Epoch: 39	Batch time (1.344500)	Data time (0.017147)	Cuda time (0.000002)	Loss (0.631810)	Accuracy (0.998040)
EVALUATING
{'loss': 2.7490000772476195, 'accuracy': 0.9915154278278351, 'perfect_match_accuracy': 0.749, 'cost_ratio_suggested_true': 1.0153837561607362, 'below_10.0_percent_acc': 1.0, 'below_1.0_percent_acc': 0.985, 'below_0.1_percent_acc': 0.976, 'below_0.01_percent_acc': 0.976, 'below_0.001_percent_acc': 0.939, 'below_0.0001_percent_acc': 0.938, 'valid_acc': 1.0}
Epoch: 40	Batch time (1.346334)	Data time (0.016979)	Cuda time (0.000002)	Loss (0.582210)	Accuracy (0.998191)
EVALUATING
{'loss': 2.799000108242035, 'accuracy': 0.9913611000776291, 'perfect_match_accuracy': 0.741, 'cost_ratio_suggested_true': 1.0171938443183899, 'below_10.0_percent_acc': 1.0, 'below_1.0_percent_acc': 0.985, 'below_0.1_percent_acc': 0.973, 'below_0.01_percent_acc': 0.973, 'below_0.001_percent_acc': 0.931, 'below_0.0001_percent_acc': 0.93, 'valid_acc': 1.0}
Epoch: 41	Batch time (1.335117)	Data time (0.016831)	Cuda time (0.000002)	Loss (0.517680)	Accuracy (0.998387)
EVALUATING
{'loss': 2.786000086069107, 'accuracy': 0.9914012169837951, 'perfect_match_accuracy': 0.75, 'cost_ratio_suggested_true': 1.0162625479698182, 'below_10.0_percent_acc': 1.0, 'below_1.0_percent_acc': 0.988, 'below_0.1_percent_acc': 0.977, 'below_0.01_percent_acc': 0.977, 'below_0.001_percent_acc': 0.935, 'below_0.0001_percent_acc': 0.934, 'valid_acc': 1.0}
Epoch: 42	Batch time (1.345591)	Data time (0.017127)	Cuda time (0.000002)	Loss (0.491410)	Accuracy (0.998480)
EVALUATING
{'loss': 2.666000096797943, 'accuracy': 0.9917715877294541, 'perfect_match_accuracy': 0.752, 'cost_ratio_suggested_true': 1.0156469666957855, 'below_10.0_percent_acc': 1.0, 'below_1.0_percent_acc': 0.988, 'below_0.1_percent_acc': 0.979, 'below_0.01_percent_acc': 0.979, 'below_0.001_percent_acc': 0.94, 'below_0.0001_percent_acc': 0.939, 'valid_acc': 1.0}
Epoch: 43	Batch time (1.352806)	Data time (0.017446)	Cuda time (0.000002)	Loss (0.468540)	Accuracy (0.998564)
EVALUATING
{'loss': 2.698000121116638, 'accuracy': 0.9916728222370148, 'perfect_match_accuracy': 0.746, 'cost_ratio_suggested_true': 1.0165701520442962, 'below_10.0_percent_acc': 1.0, 'below_1.0_percent_acc': 0.989, 'below_0.1_percent_acc': 0.978, 'below_0.01_percent_acc': 0.978, 'below_0.001_percent_acc': 0.934, 'below_0.0001_percent_acc': 0.933, 'valid_acc': 1.0}
Epoch: 44	Batch time (1.347332)	Data time (0.017602)	Cuda time (0.000002)	Loss (0.456840)	Accuracy (0.998570)
EVALUATING
{'loss': 2.7440000557899475, 'accuracy': 0.9915308547019959, 'perfect_match_accuracy': 0.745, 'cost_ratio_suggested_true': 1.0173762118816376, 'below_10.0_percent_acc': 1.0, 'below_1.0_percent_acc': 0.986, 'below_0.1_percent_acc': 0.975, 'below_0.01_percent_acc': 0.975, 'below_0.001_percent_acc': 0.931, 'below_0.0001_percent_acc': 0.93, 'valid_acc': 1.0}
Epoch: 45	Batch time (1.344796)	Data time (0.017101)	Cuda time (0.000002)	Loss (0.465200)	Accuracy (0.998563)
EVALUATING
{'loss': 2.741000120639801, 'accuracy': 0.9915401089191437, 'perfect_match_accuracy': 0.744, 'cost_ratio_suggested_true': 1.0164600026607513, 'below_10.0_percent_acc': 1.0, 'below_1.0_percent_acc': 0.987, 'below_0.1_percent_acc': 0.977, 'below_0.01_percent_acc': 0.977, 'below_0.001_percent_acc': 0.934, 'below_0.0001_percent_acc': 0.933, 'valid_acc': 1.0}
Epoch: 46	Batch time (1.349726)	Data time (0.017290)	Cuda time (0.000002)	Loss (0.462070)	Accuracy (0.998567)
EVALUATING
{'loss': 2.694000095129013, 'accuracy': 0.9916851669549942, 'perfect_match_accuracy': 0.746, 'cost_ratio_suggested_true': 1.0165827572345734, 'below_10.0_percent_acc': 1.0, 'below_1.0_percent_acc': 0.988, 'below_0.1_percent_acc': 0.978, 'below_0.01_percent_acc': 0.978, 'below_0.001_percent_acc': 0.935, 'below_0.0001_percent_acc': 0.934, 'valid_acc': 1.0}
Epoch: 47	Batch time (1.343022)	Data time (0.017117)	Cuda time (0.000002)	Loss (0.472590)	Accuracy (0.998541)
EVALUATING
{'loss': 2.7000000834465028, 'accuracy': 0.9916666513681411, 'perfect_match_accuracy': 0.752, 'cost_ratio_suggested_true': 1.0176740491390228, 'below_10.0_percent_acc': 1.0, 'below_1.0_percent_acc': 0.986, 'below_0.1_percent_acc': 0.977, 'below_0.01_percent_acc': 0.977, 'below_0.001_percent_acc': 0.932, 'below_0.0001_percent_acc': 0.931, 'valid_acc': 1.0}
Epoch: 48	Batch time (1.350549)	Data time (0.017381)	Cuda time (0.000002)	Loss (0.478360)	Accuracy (0.998527)
EVALUATING
{'loss': 2.74100009560585, 'accuracy': 0.9915401047468185, 'perfect_match_accuracy': 0.751, 'cost_ratio_suggested_true': 1.0170231914520265, 'below_10.0_percent_acc': 1.0, 'below_1.0_percent_acc': 0.986, 'below_0.1_percent_acc': 0.977, 'below_0.01_percent_acc': 0.977, 'below_0.001_percent_acc': 0.935, 'below_0.0001_percent_acc': 0.934, 'valid_acc': 1.0}
Epoch: 49	Batch time (1.345178)	Data time (0.017271)	Cuda time (0.000002)	Loss (0.432200)	Accuracy (0.998640)
EVALUATING
{'loss': 2.7100001370906828, 'accuracy': 0.9916357886791229, 'perfect_match_accuracy': 0.746, 'cost_ratio_suggested_true': 1.0166998529434204, 'below_10.0_percent_acc': 1.0, 'below_1.0_percent_acc': 0.988, 'below_0.1_percent_acc': 0.978, 'below_0.01_percent_acc': 0.978, 'below_0.001_percent_acc': 0.934, 'below_0.0001_percent_acc': 0.933, 'valid_acc': 1.0}
Epoch: 50	Batch time (1.345863)	Data time (0.017440)	Cuda time (0.000002)	Loss (0.460350)	Accuracy (0.998584)
EVALUATING
{'loss': 2.7230000925064086, 'accuracy': 0.9915956634283066, 'perfect_match_accuracy': 0.744, 'cost_ratio_suggested_true': 1.0164572072029114, 'below_10.0_percent_acc': 1.0, 'below_1.0_percent_acc': 0.988, 'below_0.1_percent_acc': 0.978, 'below_0.01_percent_acc': 0.978, 'below_0.001_percent_acc': 0.938, 'below_0.0001_percent_acc': 0.937, 'valid_acc': 1.0}
