2021-02-01 02:53:56,472	WARNING import_thread.py:132 -- The remote function 'maprop.blackbox.dijkstra.solver' has been exported 100 times. It's possible that this warning is accidental, but this may indicate that the same remote function is being defined repeatedly from within many tasks and exported to all of the workers. This can be a performance issue and can be resolved by defining the remote function on the driver instead. See https://github.com/ray-project/ray/issues/6240 for more discussion.
No existing entry for trainer_params.mode.type
{}[type] = <class 'int'>(1)
No existing entry for trainer_params.mode.objective_type
{'type': 1}[objective_type] = <class 'str'>(normal)
No existing entry for trainer_params.mode.use_marginal
{'type': 1, 'objective_type': 'normal'}[use_marginal] = <class 'bool'>(True)
No existing entry for trainer_params.mode.nb_samples
{'type': 1, 'objective_type': 'normal', 'use_marginal': True}[nb_samples] = <class 'int'>(10)
No existing entry for trainer_params.mode.temperature
{'type': 1, 'objective_type': 'normal', 'use_marginal': True, 'nb_samples': 10}[temperature] = <class 'float'>(0.001)
No existing entry for trainer_params.mode.use_gamma
{'type': 1, 'objective_type': 'normal', 'use_marginal': True, 'nb_samples': 10, 'temperature': 0.001}[use_gamma] = <class 'bool'>(True)
No existing entry for trainer_params.mode.loss_type
{'type': 1, 'objective_type': 'normal', 'use_marginal': True, 'nb_samples': 10, 'temperature': 0.001, 'use_gamma': True}[loss_type] = <class 'str'>(normal)
No existing entry for trainer_params.mode.perturb_w
{'type': 1, 'objective_type': 'normal', 'use_marginal': True, 'nb_samples': 10, 'temperature': 0.001, 'use_gamma': True, 'loss_type': 'normal'}[perturb_w] = <class 'bool'>(False)
No existing entry for trainer_params.mode.perturb_w_prime
{'type': 1, 'objective_type': 'normal', 'use_marginal': True, 'nb_samples': 10, 'temperature': 0.001, 'use_gamma': True, 'loss_type': 'normal', 'perturb_w': False}[perturb_w_prime] = <class 'bool'>(True)
{'batch_size': 70, 'l1_regconst': 0.0, 'lambda_val': 20.0, 'lr_milestone_1': 30, 'lr_milestone_2': 40, 'model_params': {'arch_params': {}, 'model_name': 'CombResnet18'}, 'neighbourhood_fn': '8-grid', 'optimizer_name': 'Adam', 'optimizer_params': {'lr': 0.0005}, 'preload_batch': True, 'use_cuda': True, 'use_lr_scheduling': True, 'mode': {'type': 1, 'objective_type': 'normal', 'use_marginal': True, 'nb_samples': 10, 'temperature': 0.001, 'use_gamma': True, 'loss_type': 'normal', 'perturb_w': False, 'perturb_w_prime': True}}[lambda_val] = <class 'float'>(50.0)
{'data_dir': 'data/warcraft_shortest_path/12x12', 'evaluate_with_extra': False, 'normalize': True, 'use_local_path': False, 'use_test_set': True}[data_dir] = <class 'str'>(data/warcraft_shortest_path/24x24)
{'evaluate_every': 5, 'loader_params': {'data_dir': 'data/warcraft_shortest_path/24x24', 'evaluate_with_extra': False, 'normalize': True, 'use_local_path': False, 'use_test_set': True}, 'model_dir': 'results/warcraft_shortest_path_combresnet', 'num_cpus': 24, 'num_epochs': 50, 'problem_type': 'warcraft_shortest_path', 'ray_params': {}, 'save_visualizations': False, 'seed': 1, 'trainer_name': 'DijkstraMAP', 'trainer_params': {'batch_size': 70, 'l1_regconst': 0.0, 'lambda_val': 50.0, 'lr_milestone_1': 30, 'lr_milestone_2': 40, 'model_params': {'arch_params': {}, 'model_name': 'CombResnet18'}, 'neighbourhood_fn': '8-grid', 'optimizer_name': 'Adam', 'optimizer_params': {'lr': 0.0005}, 'preload_batch': True, 'use_cuda': True, 'use_lr_scheduling': True, 'mode': {'type': 1, 'objective_type': 'normal', 'use_marginal': True, 'nb_samples': 10, 'temperature': 0.001, 'use_gamma': True, 'loss_type': 'normal', 'perturb_w': False, 'perturb_w_prime': True}}, 'use_ray': True}[seed] = <class 'int'>(4)
{'evaluate_every': 5, 'loader_params': {'data_dir': 'data/warcraft_shortest_path/24x24', 'evaluate_with_extra': False, 'normalize': True, 'use_local_path': False, 'use_test_set': True}, 'model_dir': 'results/warcraft_shortest_path_combresnet', 'num_cpus': 24, 'num_epochs': 50, 'problem_type': 'warcraft_shortest_path', 'ray_params': {}, 'save_visualizations': False, 'seed': 4, 'trainer_name': 'DijkstraMAP', 'trainer_params': {'batch_size': 70, 'l1_regconst': 0.0, 'lambda_val': 50.0, 'lr_milestone_1': 30, 'lr_milestone_2': 40, 'model_params': {'arch_params': {}, 'model_name': 'CombResnet18'}, 'neighbourhood_fn': '8-grid', 'optimizer_name': 'Adam', 'optimizer_params': {'lr': 0.0005}, 'preload_batch': True, 'use_cuda': True, 'use_lr_scheduling': True, 'mode': {'type': 1, 'objective_type': 'normal', 'use_marginal': True, 'nb_samples': 10, 'temperature': 0.001, 'use_gamma': True, 'loss_type': 'normal', 'perturb_w': False, 'perturb_w_prime': True}}, 'use_ray': True}[evaluate_every] = <class 'int'>(1)
No existing entry for trainer_params.mode.type
{}[type] = <class 'int'>(1)
No existing entry for trainer_params.mode.objective_type
{'type': 1}[objective_type] = <class 'str'>(normal)
No existing entry for trainer_params.mode.use_marginal
{'type': 1, 'objective_type': 'normal'}[use_marginal] = <class 'bool'>(True)
No existing entry for trainer_params.mode.nb_samples
{'type': 1, 'objective_type': 'normal', 'use_marginal': True}[nb_samples] = <class 'int'>(10)
No existing entry for trainer_params.mode.temperature
{'type': 1, 'objective_type': 'normal', 'use_marginal': True, 'nb_samples': 10}[temperature] = <class 'float'>(0.001)
No existing entry for trainer_params.mode.use_gamma
{'type': 1, 'objective_type': 'normal', 'use_marginal': True, 'nb_samples': 10, 'temperature': 0.001}[use_gamma] = <class 'bool'>(True)
No existing entry for trainer_params.mode.loss_type
{'type': 1, 'objective_type': 'normal', 'use_marginal': True, 'nb_samples': 10, 'temperature': 0.001, 'use_gamma': True}[loss_type] = <class 'str'>(normal)
No existing entry for trainer_params.mode.perturb_w
{'type': 1, 'objective_type': 'normal', 'use_marginal': True, 'nb_samples': 10, 'temperature': 0.001, 'use_gamma': True, 'loss_type': 'normal'}[perturb_w] = <class 'bool'>(False)
No existing entry for trainer_params.mode.perturb_w_prime
{'type': 1, 'objective_type': 'normal', 'use_marginal': True, 'nb_samples': 10, 'temperature': 0.001, 'use_gamma': True, 'loss_type': 'normal', 'perturb_w': False}[perturb_w_prime] = <class 'bool'>(True)
{'batch_size': 70, 'l1_regconst': 0.0, 'lambda_val': 20.0, 'lr_milestone_1': 30, 'lr_milestone_2': 40, 'model_params': {'arch_params': {}, 'model_name': 'CombResnet18'}, 'neighbourhood_fn': '8-grid', 'optimizer_name': 'Adam', 'optimizer_params': {'lr': 0.0005}, 'preload_batch': True, 'use_cuda': True, 'use_lr_scheduling': True, 'mode': {'type': 1, 'objective_type': 'normal', 'use_marginal': True, 'nb_samples': 10, 'temperature': 0.001, 'use_gamma': True, 'loss_type': 'normal', 'perturb_w': False, 'perturb_w_prime': True}}[lambda_val] = <class 'float'>(50.0)
{'data_dir': 'data/warcraft_shortest_path/12x12', 'evaluate_with_extra': False, 'normalize': True, 'use_local_path': False, 'use_test_set': True}[data_dir] = <class 'str'>(data/warcraft_shortest_path/24x24)
{'evaluate_every': 5, 'loader_params': {'data_dir': 'data/warcraft_shortest_path/24x24', 'evaluate_with_extra': False, 'normalize': True, 'use_local_path': False, 'use_test_set': True}, 'model_dir': 'results/warcraft_shortest_path_combresnet', 'num_cpus': 24, 'num_epochs': 50, 'problem_type': 'warcraft_shortest_path', 'ray_params': {}, 'save_visualizations': False, 'seed': 1, 'trainer_name': 'DijkstraMAP', 'trainer_params': {'batch_size': 70, 'l1_regconst': 0.0, 'lambda_val': 50.0, 'lr_milestone_1': 30, 'lr_milestone_2': 40, 'model_params': {'arch_params': {}, 'model_name': 'CombResnet18'}, 'neighbourhood_fn': '8-grid', 'optimizer_name': 'Adam', 'optimizer_params': {'lr': 0.0005}, 'preload_batch': True, 'use_cuda': True, 'use_lr_scheduling': True, 'mode': {'type': 1, 'objective_type': 'normal', 'use_marginal': True, 'nb_samples': 10, 'temperature': 0.001, 'use_gamma': True, 'loss_type': 'normal', 'perturb_w': False, 'perturb_w_prime': True}}, 'use_ray': True}[seed] = <class 'int'>(4)
{'evaluate_every': 5, 'loader_params': {'data_dir': 'data/warcraft_shortest_path/24x24', 'evaluate_with_extra': False, 'normalize': True, 'use_local_path': False, 'use_test_set': True}, 'model_dir': 'results/warcraft_shortest_path_combresnet', 'num_cpus': 24, 'num_epochs': 50, 'problem_type': 'warcraft_shortest_path', 'ray_params': {}, 'save_visualizations': False, 'seed': 4, 'trainer_name': 'DijkstraMAP', 'trainer_params': {'batch_size': 70, 'l1_regconst': 0.0, 'lambda_val': 50.0, 'lr_milestone_1': 30, 'lr_milestone_2': 40, 'model_params': {'arch_params': {}, 'model_name': 'CombResnet18'}, 'neighbourhood_fn': '8-grid', 'optimizer_name': 'Adam', 'optimizer_params': {'lr': 0.0005}, 'preload_batch': True, 'use_cuda': True, 'use_lr_scheduling': True, 'mode': {'type': 1, 'objective_type': 'normal', 'use_marginal': True, 'nb_samples': 10, 'temperature': 0.001, 'use_gamma': True, 'loss_type': 'normal', 'perturb_w': False, 'perturb_w_prime': True}}, 'use_ray': True}[evaluate_every] = <class 'int'>(1)
{
    "evaluate_every": 1,
    "loader_params": {
        "data_dir": "data/warcraft_shortest_path/24x24",
        "evaluate_with_extra": false,
        "normalize": true,
        "use_local_path": false,
        "use_test_set": true
    },
    "model_dir": "results/warcraft_shortest_path_combresnet",
    "num_cpus": 24,
    "num_epochs": 50,
    "problem_type": "warcraft_shortest_path",
    "ray_params": {},
    "save_visualizations": false,
    "seed": 4,
    "trainer_name": "DijkstraMAP",
    "trainer_params": {
        "batch_size": 70,
        "l1_regconst": 0.0,
        "lambda_val": 50.0,
        "lr_milestone_1": 30,
        "lr_milestone_2": 40,
        "mode": {
            "loss_type": "normal",
            "nb_samples": 10,
            "objective_type": "normal",
            "perturb_w": false,
            "perturb_w_prime": true,
            "temperature": 0.001,
            "type": 1,
            "use_gamma": true,
            "use_marginal": true
        },
        "model_params": {
            "arch_params": {},
            "model_name": "CombResnet18"
        },
        "neighbourhood_fn": "8-grid",
        "optimizer_name": "Adam",
        "optimizer_params": {
            "lr": 0.0005
        },
        "preload_batch": true,
        "use_cuda": true,
        "use_lr_scheduling": true
    },
    "use_ray": true
}
MAP-BACKPROP MODE: {
    "loss_type": "normal",
    "nb_samples": 10,
    "objective_type": "normal",
    "perturb_w": false,
    "perturb_w_prime": true,
    "temperature": 0.001,
    "type": 1,
    "use_gamma": true,
    "use_marginal": true
}
True
META: {'input_image_size': 192, 'output_features': 576, 'num_channels': 3, 'denormalize': <maprop.decorators.input_to_numpy object at 0x2af6d754a630>}
EVALUATING
{'loss': 43.76600215911865, 'accuracy': 0.9240173697471619, 'perfect_match_accuracy': 0.004, 'cost_ratio_suggested_true': 2.501192498207092, 'below_10.0_percent_acc': 0.127, 'below_1.0_percent_acc': 0.019, 'below_0.1_percent_acc': 0.014, 'below_0.01_percent_acc': 0.014, 'below_0.001_percent_acc': 0.014, 'below_0.0001_percent_acc': 0.014, 'valid_acc': 1.0}
Epoch: 1	Batch time (2.011287)	Data time (0.041235)	Cuda time (0.000003)	Loss (15.253900)	Accuracy (0.973518)
EVALUATING
{'loss': 9.848000469207763, 'accuracy': 0.9829027885198593, 'perfect_match_accuracy': 0.395, 'cost_ratio_suggested_true': 1.055597070455551, 'below_10.0_percent_acc': 0.987, 'below_1.0_percent_acc': 0.819, 'below_0.1_percent_acc': 0.766, 'below_0.01_percent_acc': 0.766, 'below_0.001_percent_acc': 0.729, 'below_0.0001_percent_acc': 0.729, 'valid_acc': 1.0}
Epoch: 2	Batch time (2.000451)	Data time (0.046699)	Cuda time (0.000002)	Loss (8.777800)	Accuracy (0.984761)
EVALUATING
{'loss': 8.494000358581543, 'accuracy': 0.9852534854412078, 'perfect_match_accuracy': 0.426, 'cost_ratio_suggested_true': 1.0358084416389466, 'below_10.0_percent_acc': 0.998, 'below_1.0_percent_acc': 0.873, 'below_0.1_percent_acc': 0.825, 'below_0.01_percent_acc': 0.825, 'below_0.001_percent_acc': 0.799, 'below_0.0001_percent_acc': 0.799, 'valid_acc': 1.0}
Epoch: 3	Batch time (2.023961)	Data time (0.047017)	Cuda time (0.000003)	Loss (7.292000)	Accuracy (0.987340)
EVALUATING
{'loss': 7.5830002450943, 'accuracy': 0.9868350839614868, 'perfect_match_accuracy': 0.469, 'cost_ratio_suggested_true': 1.0578321254253387, 'below_10.0_percent_acc': 1.0, 'below_1.0_percent_acc': 0.892, 'below_0.1_percent_acc': 0.851, 'below_0.01_percent_acc': 0.851, 'below_0.001_percent_acc': 0.814, 'below_0.0001_percent_acc': 0.813, 'valid_acc': 1.0}
Epoch: 4	Batch time (2.017202)	Data time (0.048050)	Cuda time (0.000002)	Loss (6.454100)	Accuracy (0.988795)
EVALUATING
{'loss': 6.97200035572052, 'accuracy': 0.9878958451747895, 'perfect_match_accuracy': 0.499, 'cost_ratio_suggested_true': 1.0294515442848207, 'below_10.0_percent_acc': 1.0, 'below_1.0_percent_acc': 0.933, 'below_0.1_percent_acc': 0.896, 'below_0.01_percent_acc': 0.896, 'below_0.001_percent_acc': 0.836, 'below_0.0001_percent_acc': 0.834, 'valid_acc': 1.0}
Epoch: 5	Batch time (2.011227)	Data time (0.047081)	Cuda time (0.000002)	Loss (5.873900)	Accuracy (0.989802)
EVALUATING
{'loss': 6.6890003108978275, 'accuracy': 0.9883871680498123, 'perfect_match_accuracy': 0.532, 'cost_ratio_suggested_true': 1.0554366290569306, 'below_10.0_percent_acc': 1.0, 'below_1.0_percent_acc': 0.927, 'below_0.1_percent_acc': 0.895, 'below_0.01_percent_acc': 0.895, 'below_0.001_percent_acc': 0.865, 'below_0.0001_percent_acc': 0.865, 'valid_acc': 1.0}
Epoch: 6	Batch time (2.020230)	Data time (0.048264)	Cuda time (0.000002)	Loss (5.482400)	Accuracy (0.990482)
EVALUATING
{'loss': 5.723000192642212, 'accuracy': 0.9900642496347427, 'perfect_match_accuracy': 0.575, 'cost_ratio_suggested_true': 1.0264400124549866, 'below_10.0_percent_acc': 1.0, 'below_1.0_percent_acc': 0.947, 'below_0.1_percent_acc': 0.915, 'below_0.01_percent_acc': 0.915, 'below_0.001_percent_acc': 0.847, 'below_0.0001_percent_acc': 0.846, 'valid_acc': 1.0}
Epoch: 7	Batch time (2.029414)	Data time (0.046468)	Cuda time (0.000002)	Loss (5.058600)	Accuracy (0.991218)
EVALUATING
{'loss': 5.82900032043457, 'accuracy': 0.9898802167177201, 'perfect_match_accuracy': 0.559, 'cost_ratio_suggested_true': 1.0260754525661469, 'below_10.0_percent_acc': 1.0, 'below_1.0_percent_acc': 0.952, 'below_0.1_percent_acc': 0.92, 'below_0.01_percent_acc': 0.92, 'below_0.001_percent_acc': 0.879, 'below_0.0001_percent_acc': 0.879, 'valid_acc': 1.0}
Epoch: 8	Batch time (2.007425)	Data time (0.048343)	Cuda time (0.000003)	Loss (4.910000)	Accuracy (0.991476)
EVALUATING
{'loss': 6.248000326156617, 'accuracy': 0.9891527974605561, 'perfect_match_accuracy': 0.54, 'cost_ratio_suggested_true': 1.0285056221485138, 'below_10.0_percent_acc': 1.0, 'below_1.0_percent_acc': 0.953, 'below_0.1_percent_acc': 0.925, 'below_0.01_percent_acc': 0.925, 'below_0.001_percent_acc': 0.883, 'below_0.0001_percent_acc': 0.883, 'valid_acc': 1.0}
Epoch: 9	Batch time (2.014369)	Data time (0.048744)	Cuda time (0.000002)	Loss (4.654700)	Accuracy (0.991919)
EVALUATING
{'loss': 5.037000348567963, 'accuracy': 0.9912552243471145, 'perfect_match_accuracy': 0.6, 'cost_ratio_suggested_true': 1.0161729061603546, 'below_10.0_percent_acc': 1.0, 'below_1.0_percent_acc': 0.97, 'below_0.1_percent_acc': 0.939, 'below_0.01_percent_acc': 0.939, 'below_0.001_percent_acc': 0.913, 'below_0.0001_percent_acc': 0.913, 'valid_acc': 1.0}
Epoch: 10	Batch time (2.022824)	Data time (0.047918)	Cuda time (0.000003)	Loss (4.505800)	Accuracy (0.992177)
EVALUATING
{'loss': 5.268000175952912, 'accuracy': 0.9908541893959045, 'perfect_match_accuracy': 0.598, 'cost_ratio_suggested_true': 1.017545211315155, 'below_10.0_percent_acc': 1.0, 'below_1.0_percent_acc': 0.967, 'below_0.1_percent_acc': 0.941, 'below_0.01_percent_acc': 0.941, 'below_0.001_percent_acc': 0.901, 'below_0.0001_percent_acc': 0.9, 'valid_acc': 1.0}
Epoch: 11	Batch time (2.017469)	Data time (0.047887)	Cuda time (0.000003)	Loss (4.226700)	Accuracy (0.992662)
EVALUATING
{'loss': 4.863000104427337, 'accuracy': 0.9915573036670685, 'perfect_match_accuracy': 0.615, 'cost_ratio_suggested_true': 1.02018106341362, 'below_10.0_percent_acc': 1.0, 'below_1.0_percent_acc': 0.965, 'below_0.1_percent_acc': 0.941, 'below_0.01_percent_acc': 0.941, 'below_0.001_percent_acc': 0.89, 'below_0.0001_percent_acc': 0.89, 'valid_acc': 1.0}
Epoch: 12	Batch time (2.017926)	Data time (0.046479)	Cuda time (0.000002)	Loss (4.095500)	Accuracy (0.992890)
EVALUATING
{'loss': 5.448000297546387, 'accuracy': 0.99054168343544, 'perfect_match_accuracy': 0.62, 'cost_ratio_suggested_true': 1.0238171362876891, 'below_10.0_percent_acc': 1.0, 'below_1.0_percent_acc': 0.959, 'below_0.1_percent_acc': 0.932, 'below_0.01_percent_acc': 0.932, 'below_0.001_percent_acc': 0.905, 'below_0.0001_percent_acc': 0.905, 'valid_acc': 1.0}
Epoch: 13	Batch time (2.004043)	Data time (0.045912)	Cuda time (0.000002)	Loss (3.975300)	Accuracy (0.993098)
EVALUATING
{'loss': 4.74100022315979, 'accuracy': 0.9917691153287888, 'perfect_match_accuracy': 0.625, 'cost_ratio_suggested_true': 1.0218016874790192, 'below_10.0_percent_acc': 1.0, 'below_1.0_percent_acc': 0.969, 'below_0.1_percent_acc': 0.95, 'below_0.01_percent_acc': 0.95, 'below_0.001_percent_acc': 0.894, 'below_0.0001_percent_acc': 0.894, 'valid_acc': 1.0}
Epoch: 14	Batch time (2.010242)	Data time (0.045118)	Cuda time (0.000002)	Loss (3.836200)	Accuracy (0.993340)
EVALUATING
{'loss': 5.146000189781189, 'accuracy': 0.9910659891366959, 'perfect_match_accuracy': 0.607, 'cost_ratio_suggested_true': 1.0156778061389924, 'below_10.0_percent_acc': 1.0, 'below_1.0_percent_acc': 0.974, 'below_0.1_percent_acc': 0.945, 'below_0.01_percent_acc': 0.945, 'below_0.001_percent_acc': 0.904, 'below_0.0001_percent_acc': 0.903, 'valid_acc': 1.0}
Epoch: 15	Batch time (2.005981)	Data time (0.046444)	Cuda time (0.000002)	Loss (3.706600)	Accuracy (0.993565)
EVALUATING
{'loss': 4.961000256538391, 'accuracy': 0.9913871663808823, 'perfect_match_accuracy': 0.629, 'cost_ratio_suggested_true': 1.014363157749176, 'below_10.0_percent_acc': 1.0, 'below_1.0_percent_acc': 0.966, 'below_0.1_percent_acc': 0.943, 'below_0.01_percent_acc': 0.943, 'below_0.001_percent_acc': 0.918, 'below_0.0001_percent_acc': 0.918, 'valid_acc': 1.0}
Epoch: 16	Batch time (2.029164)	Data time (0.046795)	Cuda time (0.000002)	Loss (3.780900)	Accuracy (0.993436)
EVALUATING
{'loss': 4.643000190258026, 'accuracy': 0.9919392502307892, 'perfect_match_accuracy': 0.67, 'cost_ratio_suggested_true': 1.018221777677536, 'below_10.0_percent_acc': 1.0, 'below_1.0_percent_acc': 0.97, 'below_0.1_percent_acc': 0.942, 'below_0.01_percent_acc': 0.942, 'below_0.001_percent_acc': 0.899, 'below_0.0001_percent_acc': 0.899, 'valid_acc': 1.0}
Epoch: 17	Batch time (2.008561)	Data time (0.046324)	Cuda time (0.000003)	Loss (3.668000)	Accuracy (0.993632)
EVALUATING
{'loss': 4.431000282764435, 'accuracy': 0.9923073160648346, 'perfect_match_accuracy': 0.647, 'cost_ratio_suggested_true': 1.01606165766716, 'below_10.0_percent_acc': 1.0, 'below_1.0_percent_acc': 0.974, 'below_0.1_percent_acc': 0.955, 'below_0.01_percent_acc': 0.954, 'below_0.001_percent_acc': 0.892, 'below_0.0001_percent_acc': 0.892, 'valid_acc': 1.0}
Epoch: 18	Batch time (2.020806)	Data time (0.046767)	Cuda time (0.000002)	Loss (3.525500)	Accuracy (0.993879)
EVALUATING
{'loss': 4.841000189781189, 'accuracy': 0.9915955007076264, 'perfect_match_accuracy': 0.633, 'cost_ratio_suggested_true': 1.0157864427566528, 'below_10.0_percent_acc': 1.0, 'below_1.0_percent_acc': 0.977, 'below_0.1_percent_acc': 0.948, 'below_0.01_percent_acc': 0.948, 'below_0.001_percent_acc': 0.895, 'below_0.0001_percent_acc': 0.894, 'valid_acc': 1.0}
Epoch: 19	Batch time (2.025371)	Data time (0.047099)	Cuda time (0.000002)	Loss (3.582800)	Accuracy (0.993780)
EVALUATING
{'loss': 4.975000238418579, 'accuracy': 0.99136285841465, 'perfect_match_accuracy': 0.636, 'cost_ratio_suggested_true': 1.0180336368083953, 'below_10.0_percent_acc': 1.0, 'below_1.0_percent_acc': 0.972, 'below_0.1_percent_acc': 0.95, 'below_0.01_percent_acc': 0.95, 'below_0.001_percent_acc': 0.91, 'below_0.0001_percent_acc': 0.91, 'valid_acc': 1.0}
Epoch: 20	Batch time (2.014545)	Data time (0.048380)	Cuda time (0.000002)	Loss (3.261600)	Accuracy (0.994338)
EVALUATING
{'loss': 4.832000184059143, 'accuracy': 0.9916111212968827, 'perfect_match_accuracy': 0.642, 'cost_ratio_suggested_true': 1.0168100523948669, 'below_10.0_percent_acc': 1.0, 'below_1.0_percent_acc': 0.975, 'below_0.1_percent_acc': 0.957, 'below_0.01_percent_acc': 0.957, 'below_0.001_percent_acc': 0.911, 'below_0.0001_percent_acc': 0.91, 'valid_acc': 1.0}
Epoch: 21	Batch time (2.030290)	Data time (0.048707)	Cuda time (0.000002)	Loss (3.460300)	Accuracy (0.993993)
EVALUATING
{'loss': 4.521000158786774, 'accuracy': 0.9921510583162307, 'perfect_match_accuracy': 0.665, 'cost_ratio_suggested_true': 1.0167464900016785, 'below_10.0_percent_acc': 1.0, 'below_1.0_percent_acc': 0.971, 'below_0.1_percent_acc': 0.952, 'below_0.01_percent_acc': 0.952, 'below_0.001_percent_acc': 0.892, 'below_0.0001_percent_acc': 0.892, 'valid_acc': 1.0}
Epoch: 22	Batch time (2.020127)	Data time (0.047477)	Cuda time (0.000003)	Loss (3.305400)	Accuracy (0.994261)
EVALUATING
{'loss': 4.691000146865845, 'accuracy': 0.9918559157848358, 'perfect_match_accuracy': 0.66, 'cost_ratio_suggested_true': 1.0194310534000397, 'below_10.0_percent_acc': 1.0, 'below_1.0_percent_acc': 0.974, 'below_0.1_percent_acc': 0.945, 'below_0.01_percent_acc': 0.945, 'below_0.001_percent_acc': 0.88, 'below_0.0001_percent_acc': 0.88, 'valid_acc': 1.0}
Epoch: 23	Batch time (2.017143)	Data time (0.046469)	Cuda time (0.000002)	Loss (3.329100)	Accuracy (0.994220)
EVALUATING
{'loss': 4.536000250577927, 'accuracy': 0.9921250164508819, 'perfect_match_accuracy': 0.668, 'cost_ratio_suggested_true': 1.016485025882721, 'below_10.0_percent_acc': 1.0, 'below_1.0_percent_acc': 0.975, 'below_0.1_percent_acc': 0.948, 'below_0.01_percent_acc': 0.948, 'below_0.001_percent_acc': 0.909, 'below_0.0001_percent_acc': 0.909, 'valid_acc': 1.0}
Epoch: 24	Batch time (2.021654)	Data time (0.046550)	Cuda time (0.000002)	Loss (3.206800)	Accuracy (0.994433)
EVALUATING
{'loss': 4.8600001764297485, 'accuracy': 0.9915625166893005, 'perfect_match_accuracy': 0.632, 'cost_ratio_suggested_true': 1.0183124685287475, 'below_10.0_percent_acc': 1.0, 'below_1.0_percent_acc': 0.978, 'below_0.1_percent_acc': 0.95, 'below_0.01_percent_acc': 0.95, 'below_0.001_percent_acc': 0.918, 'below_0.0001_percent_acc': 0.918, 'valid_acc': 1.0}
Epoch: 25	Batch time (2.024702)	Data time (0.049836)	Cuda time (0.000003)	Loss (3.478800)	Accuracy (0.993960)
EVALUATING
{'loss': 4.47000024318695, 'accuracy': 0.9922395986318588, 'perfect_match_accuracy': 0.676, 'cost_ratio_suggested_true': 1.013812403678894, 'below_10.0_percent_acc': 1.0, 'below_1.0_percent_acc': 0.975, 'below_0.1_percent_acc': 0.951, 'below_0.01_percent_acc': 0.951, 'below_0.001_percent_acc': 0.929, 'below_0.0001_percent_acc': 0.929, 'valid_acc': 1.0}
Epoch: 26	Batch time (2.036290)	Data time (0.046828)	Cuda time (0.000003)	Loss (3.018600)	Accuracy (0.994759)
EVALUATING
{'loss': 4.380000200271606, 'accuracy': 0.9923958468437195, 'perfect_match_accuracy': 0.666, 'cost_ratio_suggested_true': 1.0148935627937317, 'below_10.0_percent_acc': 1.0, 'below_1.0_percent_acc': 0.977, 'below_0.1_percent_acc': 0.952, 'below_0.01_percent_acc': 0.952, 'below_0.001_percent_acc': 0.912, 'below_0.0001_percent_acc': 0.912, 'valid_acc': 1.0}
Epoch: 27	Batch time (2.018234)	Data time (0.049094)	Cuda time (0.000002)	Loss (3.162100)	Accuracy (0.994510)
EVALUATING
{'loss': 4.432000195980072, 'accuracy': 0.9923055708408356, 'perfect_match_accuracy': 0.667, 'cost_ratio_suggested_true': 1.016255624294281, 'below_10.0_percent_acc': 1.0, 'below_1.0_percent_acc': 0.977, 'below_0.1_percent_acc': 0.956, 'below_0.01_percent_acc': 0.956, 'below_0.001_percent_acc': 0.922, 'below_0.0001_percent_acc': 0.922, 'valid_acc': 1.0}
Epoch: 28	Batch time (2.025446)	Data time (0.046081)	Cuda time (0.000003)	Loss (2.968000)	Accuracy (0.994847)
EVALUATING
{'loss': 4.825000216960907, 'accuracy': 0.9916232776641846, 'perfect_match_accuracy': 0.644, 'cost_ratio_suggested_true': 1.015673233270645, 'below_10.0_percent_acc': 1.0, 'below_1.0_percent_acc': 0.979, 'below_0.1_percent_acc': 0.957, 'below_0.01_percent_acc': 0.957, 'below_0.001_percent_acc': 0.906, 'below_0.0001_percent_acc': 0.906, 'valid_acc': 1.0}
Epoch: 29	Batch time (2.025198)	Data time (0.046779)	Cuda time (0.000002)	Loss (2.973800)	Accuracy (0.994837)
EVALUATING
{'loss': 4.214000124931335, 'accuracy': 0.9926840448379517, 'perfect_match_accuracy': 0.669, 'cost_ratio_suggested_true': 1.0165707886219024, 'below_10.0_percent_acc': 1.0, 'below_1.0_percent_acc': 0.982, 'below_0.1_percent_acc': 0.957, 'below_0.01_percent_acc': 0.956, 'below_0.001_percent_acc': 0.895, 'below_0.0001_percent_acc': 0.895, 'valid_acc': 1.0}
Epoch: 30	Batch time (2.026580)	Data time (0.048667)	Cuda time (0.000002)	Loss (3.009600)	Accuracy (0.994775)
EVALUATING
{'loss': 4.492000069618225, 'accuracy': 0.9922014003992081, 'perfect_match_accuracy': 0.669, 'cost_ratio_suggested_true': 1.0198914408683777, 'below_10.0_percent_acc': 1.0, 'below_1.0_percent_acc': 0.98, 'below_0.1_percent_acc': 0.961, 'below_0.01_percent_acc': 0.961, 'below_0.001_percent_acc': 0.902, 'below_0.0001_percent_acc': 0.901, 'valid_acc': 1.0}
Epoch: 31	Batch time (2.032206)	Data time (0.048858)	Cuda time (0.000003)	Loss (1.942900)	Accuracy (0.996627)
EVALUATING
{'loss': 3.7520001304149626, 'accuracy': 0.9934861218929291, 'perfect_match_accuracy': 0.706, 'cost_ratio_suggested_true': 1.0115855824947357, 'below_10.0_percent_acc': 1.0, 'below_1.0_percent_acc': 0.986, 'below_0.1_percent_acc': 0.97, 'below_0.01_percent_acc': 0.97, 'below_0.001_percent_acc': 0.929, 'below_0.0001_percent_acc': 0.928, 'valid_acc': 1.0}
Epoch: 32	Batch time (2.024677)	Data time (0.047602)	Cuda time (0.000002)	Loss (1.688200)	Accuracy (0.997069)
EVALUATING
{'loss': 3.578000087738037, 'accuracy': 0.993788206577301, 'perfect_match_accuracy': 0.713, 'cost_ratio_suggested_true': 1.0113747990131379, 'below_10.0_percent_acc': 1.0, 'below_1.0_percent_acc': 0.989, 'below_0.1_percent_acc': 0.974, 'below_0.01_percent_acc': 0.974, 'below_0.001_percent_acc': 0.934, 'below_0.0001_percent_acc': 0.933, 'valid_acc': 1.0}
Epoch: 33	Batch time (2.025216)	Data time (0.047121)	Cuda time (0.000002)	Loss (1.548500)	Accuracy (0.997312)
EVALUATING
{'loss': 3.767000162601471, 'accuracy': 0.9934600913524627, 'perfect_match_accuracy': 0.707, 'cost_ratio_suggested_true': 1.0107735073566437, 'below_10.0_percent_acc': 1.0, 'below_1.0_percent_acc': 0.988, 'below_0.1_percent_acc': 0.972, 'below_0.01_percent_acc': 0.972, 'below_0.001_percent_acc': 0.933, 'below_0.0001_percent_acc': 0.932, 'valid_acc': 1.0}
Epoch: 34	Batch time (2.027767)	Data time (0.047553)	Cuda time (0.000003)	Loss (1.575100)	Accuracy (0.997265)
EVALUATING
{'loss': 3.827000148296356, 'accuracy': 0.9933559161424637, 'perfect_match_accuracy': 0.699, 'cost_ratio_suggested_true': 1.0111058044433594, 'below_10.0_percent_acc': 1.0, 'below_1.0_percent_acc': 0.988, 'below_0.1_percent_acc': 0.973, 'below_0.01_percent_acc': 0.973, 'below_0.001_percent_acc': 0.93, 'below_0.0001_percent_acc': 0.93, 'valid_acc': 1.0}
Epoch: 35	Batch time (2.035679)	Data time (0.049037)	Cuda time (0.000003)	Loss (1.491200)	Accuracy (0.997411)
EVALUATING
{'loss': 3.831000120639801, 'accuracy': 0.9933489662408829, 'perfect_match_accuracy': 0.698, 'cost_ratio_suggested_true': 1.0112761771678924, 'below_10.0_percent_acc': 1.0, 'below_1.0_percent_acc': 0.989, 'below_0.1_percent_acc': 0.974, 'below_0.01_percent_acc': 0.974, 'below_0.001_percent_acc': 0.926, 'below_0.0001_percent_acc': 0.926, 'valid_acc': 1.0}
Epoch: 36	Batch time (2.033577)	Data time (0.050889)	Cuda time (0.000003)	Loss (1.477500)	Accuracy (0.997435)
EVALUATING
{'loss': 3.9330002284049987, 'accuracy': 0.9931718945503235, 'perfect_match_accuracy': 0.697, 'cost_ratio_suggested_true': 1.0115447390079497, 'below_10.0_percent_acc': 1.0, 'below_1.0_percent_acc': 0.986, 'below_0.1_percent_acc': 0.97, 'below_0.01_percent_acc': 0.97, 'below_0.001_percent_acc': 0.932, 'below_0.0001_percent_acc': 0.932, 'valid_acc': 1.0}
Epoch: 37	Batch time (2.028437)	Data time (0.047357)	Cuda time (0.000002)	Loss (1.427500)	Accuracy (0.997522)
EVALUATING
{'loss': 3.918000156879425, 'accuracy': 0.9931979328393936, 'perfect_match_accuracy': 0.69, 'cost_ratio_suggested_true': 1.0107527565956116, 'below_10.0_percent_acc': 1.0, 'below_1.0_percent_acc': 0.99, 'below_0.1_percent_acc': 0.97, 'below_0.01_percent_acc': 0.97, 'below_0.001_percent_acc': 0.93, 'below_0.0001_percent_acc': 0.93, 'valid_acc': 1.0}
Epoch: 38	Batch time (2.031147)	Data time (0.048957)	Cuda time (0.000002)	Loss (1.437700)	Accuracy (0.997504)
EVALUATING
{'loss': 3.8470001673698424, 'accuracy': 0.9933211976289749, 'perfect_match_accuracy': 0.701, 'cost_ratio_suggested_true': 1.0113716793060303, 'below_10.0_percent_acc': 1.0, 'below_1.0_percent_acc': 0.988, 'below_0.1_percent_acc': 0.974, 'below_0.01_percent_acc': 0.974, 'below_0.001_percent_acc': 0.934, 'below_0.0001_percent_acc': 0.934, 'valid_acc': 1.0}
Epoch: 39	Batch time (2.041641)	Data time (0.049115)	Cuda time (0.000003)	Loss (1.385800)	Accuracy (0.997594)
EVALUATING
{'loss': 3.777000200748444, 'accuracy': 0.993442724943161, 'perfect_match_accuracy': 0.704, 'cost_ratio_suggested_true': 1.0117755353450775, 'below_10.0_percent_acc': 1.0, 'below_1.0_percent_acc': 0.988, 'below_0.1_percent_acc': 0.974, 'below_0.01_percent_acc': 0.974, 'below_0.001_percent_acc': 0.938, 'below_0.0001_percent_acc': 0.937, 'valid_acc': 1.0}
Epoch: 40	Batch time (2.041902)	Data time (0.048252)	Cuda time (0.000002)	Loss (1.344100)	Accuracy (0.997667)
EVALUATING
{'loss': 3.8050001740455626, 'accuracy': 0.9933941173553467, 'perfect_match_accuracy': 0.7, 'cost_ratio_suggested_true': 1.0100795602798462, 'below_10.0_percent_acc': 1.0, 'below_1.0_percent_acc': 0.988, 'below_0.1_percent_acc': 0.974, 'below_0.01_percent_acc': 0.974, 'below_0.001_percent_acc': 0.935, 'below_0.0001_percent_acc': 0.935, 'valid_acc': 1.0}
Epoch: 41	Batch time (2.030102)	Data time (0.048037)	Cuda time (0.000002)	Loss (1.298600)	Accuracy (0.997745)
EVALUATING
{'loss': 3.8290001726150513, 'accuracy': 0.9933524525165558, 'perfect_match_accuracy': 0.699, 'cost_ratio_suggested_true': 1.0104423022270204, 'below_10.0_percent_acc': 1.0, 'below_1.0_percent_acc': 0.988, 'below_0.1_percent_acc': 0.973, 'below_0.01_percent_acc': 0.973, 'below_0.001_percent_acc': 0.927, 'below_0.0001_percent_acc': 0.927, 'valid_acc': 1.0}
Epoch: 42	Batch time (2.037403)	Data time (0.048390)	Cuda time (0.000003)	Loss (1.185700)	Accuracy (0.997942)
EVALUATING
{'loss': 3.846000211238861, 'accuracy': 0.9933229249715805, 'perfect_match_accuracy': 0.697, 'cost_ratio_suggested_true': 1.010604522228241, 'below_10.0_percent_acc': 1.0, 'below_1.0_percent_acc': 0.988, 'below_0.1_percent_acc': 0.973, 'below_0.01_percent_acc': 0.973, 'below_0.001_percent_acc': 0.93, 'below_0.0001_percent_acc': 0.93, 'valid_acc': 1.0}
Epoch: 43	Batch time (2.051424)	Data time (0.048339)	Cuda time (0.000003)	Loss (1.172100)	Accuracy (0.997965)
EVALUATING
{'loss': 3.8280001997947695, 'accuracy': 0.9933541798591614, 'perfect_match_accuracy': 0.698, 'cost_ratio_suggested_true': 1.0107691204547882, 'below_10.0_percent_acc': 1.0, 'below_1.0_percent_acc': 0.988, 'below_0.1_percent_acc': 0.973, 'below_0.01_percent_acc': 0.973, 'below_0.001_percent_acc': 0.93, 'below_0.0001_percent_acc': 0.93, 'valid_acc': 1.0}
Epoch: 44	Batch time (2.036587)	Data time (0.048879)	Cuda time (0.000002)	Loss (1.139600)	Accuracy (0.998022)
EVALUATING
{'loss': 3.842000205516815, 'accuracy': 0.9933298707008362, 'perfect_match_accuracy': 0.696, 'cost_ratio_suggested_true': 1.010777748823166, 'below_10.0_percent_acc': 1.0, 'below_1.0_percent_acc': 0.988, 'below_0.1_percent_acc': 0.973, 'below_0.01_percent_acc': 0.973, 'below_0.001_percent_acc': 0.93, 'below_0.0001_percent_acc': 0.93, 'valid_acc': 1.0}
Epoch: 45	Batch time (2.030317)	Data time (0.047408)	Cuda time (0.000003)	Loss (1.183300)	Accuracy (0.997946)
EVALUATING
{'loss': 3.765000159740448, 'accuracy': 0.9934635615348816, 'perfect_match_accuracy': 0.707, 'cost_ratio_suggested_true': 1.0109046459198, 'below_10.0_percent_acc': 1.0, 'below_1.0_percent_acc': 0.988, 'below_0.1_percent_acc': 0.973, 'below_0.01_percent_acc': 0.973, 'below_0.001_percent_acc': 0.928, 'below_0.0001_percent_acc': 0.928, 'valid_acc': 1.0}
Epoch: 46	Batch time (2.028222)	Data time (0.047154)	Cuda time (0.000003)	Loss (1.137500)	Accuracy (0.998025)
EVALUATING
{'loss': 3.8230001735687256, 'accuracy': 0.9933628642559051, 'perfect_match_accuracy': 0.698, 'cost_ratio_suggested_true': 1.0107447290420533, 'below_10.0_percent_acc': 1.0, 'below_1.0_percent_acc': 0.988, 'below_0.1_percent_acc': 0.973, 'below_0.01_percent_acc': 0.973, 'below_0.001_percent_acc': 0.929, 'below_0.0001_percent_acc': 0.929, 'valid_acc': 1.0}
Epoch: 47	Batch time (2.050668)	Data time (0.049436)	Cuda time (0.000003)	Loss (1.111300)	Accuracy (0.998071)
EVALUATING
{'loss': 3.84000009059906, 'accuracy': 0.993333351612091, 'perfect_match_accuracy': 0.702, 'cost_ratio_suggested_true': 1.0109807991981505, 'below_10.0_percent_acc': 1.0, 'below_1.0_percent_acc': 0.988, 'below_0.1_percent_acc': 0.972, 'below_0.01_percent_acc': 0.972, 'below_0.001_percent_acc': 0.928, 'below_0.0001_percent_acc': 0.928, 'valid_acc': 1.0}
Epoch: 48	Batch time (2.035216)	Data time (0.048831)	Cuda time (0.000002)	Loss (1.116200)	Accuracy (0.998062)
EVALUATING
{'loss': 3.8240001606941223, 'accuracy': 0.9933611214160919, 'perfect_match_accuracy': 0.703, 'cost_ratio_suggested_true': 1.0109915471076965, 'below_10.0_percent_acc': 1.0, 'below_1.0_percent_acc': 0.988, 'below_0.1_percent_acc': 0.973, 'below_0.01_percent_acc': 0.973, 'below_0.001_percent_acc': 0.928, 'below_0.0001_percent_acc': 0.928, 'valid_acc': 1.0}
Epoch: 49	Batch time (2.037796)	Data time (0.048784)	Cuda time (0.000003)	Loss (1.127800)	Accuracy (0.998042)
EVALUATING
{'loss': 3.7850001192092897, 'accuracy': 0.9934288382530212, 'perfect_match_accuracy': 0.701, 'cost_ratio_suggested_true': 1.01099475979805, 'below_10.0_percent_acc': 1.0, 'below_1.0_percent_acc': 0.988, 'below_0.1_percent_acc': 0.973, 'below_0.01_percent_acc': 0.973, 'below_0.001_percent_acc': 0.931, 'below_0.0001_percent_acc': 0.931, 'valid_acc': 1.0}
Epoch: 50	Batch time (2.030638)	Data time (0.047443)	Cuda time (0.000003)	Loss (1.079500)	Accuracy (0.998126)
EVALUATING
{'loss': 3.8430001866817474, 'accuracy': 0.9933281391859055, 'perfect_match_accuracy': 0.698, 'cost_ratio_suggested_true': 1.0107939291000365, 'below_10.0_percent_acc': 1.0, 'below_1.0_percent_acc': 0.988, 'below_0.1_percent_acc': 0.973, 'below_0.01_percent_acc': 0.973, 'below_0.001_percent_acc': 0.929, 'below_0.0001_percent_acc': 0.929, 'valid_acc': 1.0}
