No existing entry for trainer_params.mode.type
{}[type] = <class 'int'>(5)
No existing entry for trainer_params.mode.objective_type
{'type': 5}[objective_type] = <class 'str'>(dpo)
No existing entry for trainer_params.mode.use_marginal
{'type': 5, 'objective_type': 'dpo'}[use_marginal] = <class 'bool'>(True)
No existing entry for trainer_params.mode.nb_samples
{'type': 5, 'objective_type': 'dpo', 'use_marginal': True}[nb_samples] = <class 'int'>(1)
No existing entry for trainer_params.mode.temperature
{'type': 5, 'objective_type': 'dpo', 'use_marginal': True, 'nb_samples': 1}[temperature] = <class 'float'>(0.1)
No existing entry for trainer_params.mode.use_gamma
{'type': 5, 'objective_type': 'dpo', 'use_marginal': True, 'nb_samples': 1, 'temperature': 0.1}[use_gamma] = <class 'bool'>(False)
No existing entry for trainer_params.mode.loss_type
{'type': 5, 'objective_type': 'dpo', 'use_marginal': True, 'nb_samples': 1, 'temperature': 0.1, 'use_gamma': False}[loss_type] = <class 'str'>(fy)
No existing entry for trainer_params.mode.perturb_w
{'type': 5, 'objective_type': 'dpo', 'use_marginal': True, 'nb_samples': 1, 'temperature': 0.1, 'use_gamma': False, 'loss_type': 'fy'}[perturb_w] = <class 'bool'>(False)
No existing entry for trainer_params.mode.perturb_w_prime
{'type': 5, 'objective_type': 'dpo', 'use_marginal': True, 'nb_samples': 1, 'temperature': 0.1, 'use_gamma': False, 'loss_type': 'fy', 'perturb_w': False}[perturb_w_prime] = <class 'bool'>(False)
{'batch_size': 70, 'l1_regconst': 0.0, 'lambda_val': 20.0, 'lr_milestone_1': 30, 'lr_milestone_2': 40, 'model_params': {'arch_params': {}, 'model_name': 'CombResnet18'}, 'neighbourhood_fn': '8-grid', 'optimizer_name': 'Adam', 'optimizer_params': {'lr': 0.0005}, 'preload_batch': True, 'use_cuda': True, 'use_lr_scheduling': True, 'mode': {'type': 5, 'objective_type': 'dpo', 'use_marginal': True, 'nb_samples': 1, 'temperature': 0.1, 'use_gamma': False, 'loss_type': 'fy', 'perturb_w': False, 'perturb_w_prime': False}}[lambda_val] = <class 'float'>(0.0)
No existing entry for trainer_params.mode.dpo.maximize
{}[maximize] = <class 'bool'>(False)
{'data_dir': 'data/warcraft_shortest_path/12x12', 'evaluate_with_extra': False, 'normalize': True, 'use_local_path': False, 'use_test_set': True}[data_dir] = <class 'str'>(data/warcraft_shortest_path/18x18)
{'evaluate_every': 5, 'loader_params': {'data_dir': 'data/warcraft_shortest_path/18x18', 'evaluate_with_extra': False, 'normalize': True, 'use_local_path': False, 'use_test_set': True}, 'model_dir': 'results/warcraft_shortest_path_combresnet', 'num_cpus': 40, 'num_epochs': 50, 'problem_type': 'warcraft_shortest_path', 'ray_params': {}, 'save_visualizations': False, 'seed': 1, 'trainer_name': 'DijkstraMAP', 'trainer_params': {'batch_size': 70, 'l1_regconst': 0.0, 'lambda_val': 0.0, 'lr_milestone_1': 30, 'lr_milestone_2': 40, 'model_params': {'arch_params': {}, 'model_name': 'CombResnet18'}, 'neighbourhood_fn': '8-grid', 'optimizer_name': 'Adam', 'optimizer_params': {'lr': 0.0005}, 'preload_batch': True, 'use_cuda': True, 'use_lr_scheduling': True, 'mode': {'type': 5, 'objective_type': 'dpo', 'use_marginal': True, 'nb_samples': 1, 'temperature': 0.1, 'use_gamma': False, 'loss_type': 'fy', 'perturb_w': False, 'perturb_w_prime': False, 'dpo': {'maximize': False}}}, 'use_ray': True}[seed] = <class 'int'>(4)
{'evaluate_every': 5, 'loader_params': {'data_dir': 'data/warcraft_shortest_path/18x18', 'evaluate_with_extra': False, 'normalize': True, 'use_local_path': False, 'use_test_set': True}, 'model_dir': 'results/warcraft_shortest_path_combresnet', 'num_cpus': 40, 'num_epochs': 50, 'problem_type': 'warcraft_shortest_path', 'ray_params': {}, 'save_visualizations': False, 'seed': 4, 'trainer_name': 'DijkstraMAP', 'trainer_params': {'batch_size': 70, 'l1_regconst': 0.0, 'lambda_val': 0.0, 'lr_milestone_1': 30, 'lr_milestone_2': 40, 'model_params': {'arch_params': {}, 'model_name': 'CombResnet18'}, 'neighbourhood_fn': '8-grid', 'optimizer_name': 'Adam', 'optimizer_params': {'lr': 0.0005}, 'preload_batch': True, 'use_cuda': True, 'use_lr_scheduling': True, 'mode': {'type': 5, 'objective_type': 'dpo', 'use_marginal': True, 'nb_samples': 1, 'temperature': 0.1, 'use_gamma': False, 'loss_type': 'fy', 'perturb_w': False, 'perturb_w_prime': False, 'dpo': {'maximize': False}}}, 'use_ray': True}[evaluate_every] = <class 'int'>(1)
{'evaluate_every': 1, 'loader_params': {'data_dir': 'data/warcraft_shortest_path/18x18', 'evaluate_with_extra': False, 'normalize': True, 'use_local_path': False, 'use_test_set': True}, 'model_dir': 'results/warcraft_shortest_path_combresnet', 'num_cpus': 40, 'num_epochs': 50, 'problem_type': 'warcraft_shortest_path', 'ray_params': {}, 'save_visualizations': False, 'seed': 4, 'trainer_name': 'DijkstraMAP', 'trainer_params': {'batch_size': 70, 'l1_regconst': 0.0, 'lambda_val': 0.0, 'lr_milestone_1': 30, 'lr_milestone_2': 40, 'model_params': {'arch_params': {}, 'model_name': 'CombResnet18'}, 'neighbourhood_fn': '8-grid', 'optimizer_name': 'Adam', 'optimizer_params': {'lr': 0.0005}, 'preload_batch': True, 'use_cuda': True, 'use_lr_scheduling': True, 'mode': {'type': 5, 'objective_type': 'dpo', 'use_marginal': True, 'nb_samples': 1, 'temperature': 0.1, 'use_gamma': False, 'loss_type': 'fy', 'perturb_w': False, 'perturb_w_prime': False, 'dpo': {'maximize': False}}}, 'use_ray': True}[use_ray] = <class 'bool'>(False)
No existing entry for trainer_params.mode.type
{}[type] = <class 'int'>(5)
No existing entry for trainer_params.mode.objective_type
{'type': 5}[objective_type] = <class 'str'>(dpo)
No existing entry for trainer_params.mode.use_marginal
{'type': 5, 'objective_type': 'dpo'}[use_marginal] = <class 'bool'>(True)
No existing entry for trainer_params.mode.nb_samples
{'type': 5, 'objective_type': 'dpo', 'use_marginal': True}[nb_samples] = <class 'int'>(1)
No existing entry for trainer_params.mode.temperature
{'type': 5, 'objective_type': 'dpo', 'use_marginal': True, 'nb_samples': 1}[temperature] = <class 'float'>(0.1)
No existing entry for trainer_params.mode.use_gamma
{'type': 5, 'objective_type': 'dpo', 'use_marginal': True, 'nb_samples': 1, 'temperature': 0.1}[use_gamma] = <class 'bool'>(False)
No existing entry for trainer_params.mode.loss_type
{'type': 5, 'objective_type': 'dpo', 'use_marginal': True, 'nb_samples': 1, 'temperature': 0.1, 'use_gamma': False}[loss_type] = <class 'str'>(fy)
No existing entry for trainer_params.mode.perturb_w
{'type': 5, 'objective_type': 'dpo', 'use_marginal': True, 'nb_samples': 1, 'temperature': 0.1, 'use_gamma': False, 'loss_type': 'fy'}[perturb_w] = <class 'bool'>(False)
No existing entry for trainer_params.mode.perturb_w_prime
{'type': 5, 'objective_type': 'dpo', 'use_marginal': True, 'nb_samples': 1, 'temperature': 0.1, 'use_gamma': False, 'loss_type': 'fy', 'perturb_w': False}[perturb_w_prime] = <class 'bool'>(False)
{'batch_size': 70, 'l1_regconst': 0.0, 'lambda_val': 20.0, 'lr_milestone_1': 30, 'lr_milestone_2': 40, 'model_params': {'arch_params': {}, 'model_name': 'CombResnet18'}, 'neighbourhood_fn': '8-grid', 'optimizer_name': 'Adam', 'optimizer_params': {'lr': 0.0005}, 'preload_batch': True, 'use_cuda': True, 'use_lr_scheduling': True, 'mode': {'type': 5, 'objective_type': 'dpo', 'use_marginal': True, 'nb_samples': 1, 'temperature': 0.1, 'use_gamma': False, 'loss_type': 'fy', 'perturb_w': False, 'perturb_w_prime': False}}[lambda_val] = <class 'float'>(0.0)
No existing entry for trainer_params.mode.dpo.maximize
{}[maximize] = <class 'bool'>(False)
{'data_dir': 'data/warcraft_shortest_path/12x12', 'evaluate_with_extra': False, 'normalize': True, 'use_local_path': False, 'use_test_set': True}[data_dir] = <class 'str'>(data/warcraft_shortest_path/18x18)
{'evaluate_every': 5, 'loader_params': {'data_dir': 'data/warcraft_shortest_path/18x18', 'evaluate_with_extra': False, 'normalize': True, 'use_local_path': False, 'use_test_set': True}, 'model_dir': 'results/warcraft_shortest_path_combresnet', 'num_cpus': 40, 'num_epochs': 50, 'problem_type': 'warcraft_shortest_path', 'ray_params': {}, 'save_visualizations': False, 'seed': 1, 'trainer_name': 'DijkstraMAP', 'trainer_params': {'batch_size': 70, 'l1_regconst': 0.0, 'lambda_val': 0.0, 'lr_milestone_1': 30, 'lr_milestone_2': 40, 'model_params': {'arch_params': {}, 'model_name': 'CombResnet18'}, 'neighbourhood_fn': '8-grid', 'optimizer_name': 'Adam', 'optimizer_params': {'lr': 0.0005}, 'preload_batch': True, 'use_cuda': True, 'use_lr_scheduling': True, 'mode': {'type': 5, 'objective_type': 'dpo', 'use_marginal': True, 'nb_samples': 1, 'temperature': 0.1, 'use_gamma': False, 'loss_type': 'fy', 'perturb_w': False, 'perturb_w_prime': False, 'dpo': {'maximize': False}}}, 'use_ray': True}[seed] = <class 'int'>(4)
{'evaluate_every': 5, 'loader_params': {'data_dir': 'data/warcraft_shortest_path/18x18', 'evaluate_with_extra': False, 'normalize': True, 'use_local_path': False, 'use_test_set': True}, 'model_dir': 'results/warcraft_shortest_path_combresnet', 'num_cpus': 40, 'num_epochs': 50, 'problem_type': 'warcraft_shortest_path', 'ray_params': {}, 'save_visualizations': False, 'seed': 4, 'trainer_name': 'DijkstraMAP', 'trainer_params': {'batch_size': 70, 'l1_regconst': 0.0, 'lambda_val': 0.0, 'lr_milestone_1': 30, 'lr_milestone_2': 40, 'model_params': {'arch_params': {}, 'model_name': 'CombResnet18'}, 'neighbourhood_fn': '8-grid', 'optimizer_name': 'Adam', 'optimizer_params': {'lr': 0.0005}, 'preload_batch': True, 'use_cuda': True, 'use_lr_scheduling': True, 'mode': {'type': 5, 'objective_type': 'dpo', 'use_marginal': True, 'nb_samples': 1, 'temperature': 0.1, 'use_gamma': False, 'loss_type': 'fy', 'perturb_w': False, 'perturb_w_prime': False, 'dpo': {'maximize': False}}}, 'use_ray': True}[evaluate_every] = <class 'int'>(1)
{'evaluate_every': 1, 'loader_params': {'data_dir': 'data/warcraft_shortest_path/18x18', 'evaluate_with_extra': False, 'normalize': True, 'use_local_path': False, 'use_test_set': True}, 'model_dir': 'results/warcraft_shortest_path_combresnet', 'num_cpus': 40, 'num_epochs': 50, 'problem_type': 'warcraft_shortest_path', 'ray_params': {}, 'save_visualizations': False, 'seed': 4, 'trainer_name': 'DijkstraMAP', 'trainer_params': {'batch_size': 70, 'l1_regconst': 0.0, 'lambda_val': 0.0, 'lr_milestone_1': 30, 'lr_milestone_2': 40, 'model_params': {'arch_params': {}, 'model_name': 'CombResnet18'}, 'neighbourhood_fn': '8-grid', 'optimizer_name': 'Adam', 'optimizer_params': {'lr': 0.0005}, 'preload_batch': True, 'use_cuda': True, 'use_lr_scheduling': True, 'mode': {'type': 5, 'objective_type': 'dpo', 'use_marginal': True, 'nb_samples': 1, 'temperature': 0.1, 'use_gamma': False, 'loss_type': 'fy', 'perturb_w': False, 'perturb_w_prime': False, 'dpo': {'maximize': False}}}, 'use_ray': True}[use_ray] = <class 'bool'>(False)
{
    "evaluate_every": 1,
    "loader_params": {
        "data_dir": "data/warcraft_shortest_path/18x18",
        "evaluate_with_extra": false,
        "normalize": true,
        "use_local_path": false,
        "use_test_set": true
    },
    "model_dir": "results/warcraft_shortest_path_combresnet",
    "num_cpus": 40,
    "num_epochs": 50,
    "problem_type": "warcraft_shortest_path",
    "ray_params": {},
    "save_visualizations": false,
    "seed": 4,
    "trainer_name": "DijkstraMAP",
    "trainer_params": {
        "batch_size": 70,
        "l1_regconst": 0.0,
        "lambda_val": 0.0,
        "lr_milestone_1": 30,
        "lr_milestone_2": 40,
        "mode": {
            "dpo": {
                "maximize": false
            },
            "loss_type": "fy",
            "nb_samples": 1,
            "objective_type": "dpo",
            "perturb_w": false,
            "perturb_w_prime": false,
            "temperature": 0.1,
            "type": 5,
            "use_gamma": false,
            "use_marginal": true
        },
        "model_params": {
            "arch_params": {},
            "model_name": "CombResnet18"
        },
        "neighbourhood_fn": "8-grid",
        "optimizer_name": "Adam",
        "optimizer_params": {
            "lr": 0.0005
        },
        "preload_batch": true,
        "use_cuda": true,
        "use_lr_scheduling": true
    },
    "use_ray": false
}
MAP-BACKPROP MODE: {
    "dpo": {
        "maximize": false
    },
    "loss_type": "fy",
    "nb_samples": 1,
    "objective_type": "dpo",
    "perturb_w": false,
    "perturb_w_prime": false,
    "temperature": 0.1,
    "type": 5,
    "use_gamma": false,
    "use_marginal": true
}
True
META: {'input_image_size': 144, 'output_features': 324, 'num_channels': 3, 'denormalize': <maprop.decorators.input_to_numpy object at 0x2ac4fc26ef28>}
EVALUATING
{'loss': 30.221000137329103, 'accuracy': 0.9076728332042694, 'perfect_match_accuracy': 0.008, 'cost_ratio_suggested_true': 2.7191303300857546, 'below_10.0_percent_acc': 0.072, 'below_1.0_percent_acc': 0.016, 'below_0.1_percent_acc': 0.013, 'below_0.01_percent_acc': 0.013, 'below_0.001_percent_acc': 0.011, 'below_0.0001_percent_acc': 0.011, 'valid_acc': 1.0}
Epoch: 1	Batch time (0.973425)	Data time (0.015743)	Cuda time (0.000002)	Loss (15.070800)	Accuracy (0.951183)
EVALUATING
{'loss': 10.95300012588501, 'accuracy': 0.9788950532674789, 'perfect_match_accuracy': 0.48, 'cost_ratio_suggested_true': 1.0653602850437165, 'below_10.0_percent_acc': 0.982, 'below_1.0_percent_acc': 0.79, 'below_0.1_percent_acc': 0.756, 'below_0.01_percent_acc': 0.756, 'below_0.001_percent_acc': 0.738, 'below_0.0001_percent_acc': 0.738, 'valid_acc': 1.0}
Epoch: 2	Batch time (0.973622)	Data time (0.017749)	Cuda time (0.000002)	Loss (11.343800)	Accuracy (0.962092)
EVALUATING
{'loss': 10.900000104904175, 'accuracy': 0.9772376412153244, 'perfect_match_accuracy': 0.488, 'cost_ratio_suggested_true': 1.0539642536640168, 'below_10.0_percent_acc': 0.991, 'below_1.0_percent_acc': 0.787, 'below_0.1_percent_acc': 0.75, 'below_0.01_percent_acc': 0.749, 'below_0.001_percent_acc': 0.719, 'below_0.0001_percent_acc': 0.719, 'valid_acc': 1.0}
Epoch: 3	Batch time (0.993497)	Data time (0.017968)	Cuda time (0.000003)	Loss (10.249100)	Accuracy (0.964257)
EVALUATING
{'loss': 9.792000193595886, 'accuracy': 0.9808703589439393, 'perfect_match_accuracy': 0.565, 'cost_ratio_suggested_true': 1.0470566189289092, 'below_10.0_percent_acc': 0.993, 'below_1.0_percent_acc': 0.825, 'below_0.1_percent_acc': 0.785, 'below_0.01_percent_acc': 0.784, 'below_0.001_percent_acc': 0.746, 'below_0.0001_percent_acc': 0.746, 'valid_acc': 1.0}
Epoch: 4	Batch time (0.974172)	Data time (0.017867)	Cuda time (0.000002)	Loss (9.791400)	Accuracy (0.966640)
EVALUATING
{'loss': 9.464000120162964, 'accuracy': 0.9820987516641617, 'perfect_match_accuracy': 0.576, 'cost_ratio_suggested_true': 1.0369115281105041, 'below_10.0_percent_acc': 0.996, 'below_1.0_percent_acc': 0.851, 'below_0.1_percent_acc': 0.819, 'below_0.01_percent_acc': 0.819, 'below_0.001_percent_acc': 0.797, 'below_0.0001_percent_acc': 0.797, 'valid_acc': 1.0}
Epoch: 5	Batch time (0.977717)	Data time (0.017868)	Cuda time (0.000002)	Loss (9.412500)	Accuracy (0.967309)
EVALUATING
{'loss': 9.371000127792358, 'accuracy': 0.9845956671237945, 'perfect_match_accuracy': 0.618, 'cost_ratio_suggested_true': 1.0332634580135345, 'below_10.0_percent_acc': 0.998, 'below_1.0_percent_acc': 0.886, 'below_0.1_percent_acc': 0.858, 'below_0.01_percent_acc': 0.858, 'below_0.001_percent_acc': 0.837, 'below_0.0001_percent_acc': 0.837, 'valid_acc': 1.0}
Epoch: 6	Batch time (0.981676)	Data time (0.017773)	Cuda time (0.000002)	Loss (8.938700)	Accuracy (0.968234)
EVALUATING
{'loss': 8.608000106811524, 'accuracy': 0.9838796144723893, 'perfect_match_accuracy': 0.598, 'cost_ratio_suggested_true': 1.0341567850112916, 'below_10.0_percent_acc': 1.0, 'below_1.0_percent_acc': 0.883, 'below_0.1_percent_acc': 0.844, 'below_0.01_percent_acc': 0.844, 'below_0.001_percent_acc': 0.819, 'below_0.0001_percent_acc': 0.819, 'valid_acc': 1.0}
Epoch: 7	Batch time (0.970079)	Data time (0.017581)	Cuda time (0.000002)	Loss (8.695800)	Accuracy (0.969844)
EVALUATING
{'loss': 8.658000020980834, 'accuracy': 0.9849999886751175, 'perfect_match_accuracy': 0.624, 'cost_ratio_suggested_true': 1.0259856390953064, 'below_10.0_percent_acc': 0.998, 'below_1.0_percent_acc': 0.884, 'below_0.1_percent_acc': 0.849, 'below_0.01_percent_acc': 0.849, 'below_0.001_percent_acc': 0.834, 'below_0.0001_percent_acc': 0.834, 'valid_acc': 1.0}
Epoch: 8	Batch time (0.968212)	Data time (0.017845)	Cuda time (0.000002)	Loss (8.240200)	Accuracy (0.970613)
EVALUATING
{'loss': 8.89, 'accuracy': 0.9838672739267349, 'perfect_match_accuracy': 0.623, 'cost_ratio_suggested_true': 1.0391488087177276, 'below_10.0_percent_acc': 0.992, 'below_1.0_percent_acc': 0.888, 'below_0.1_percent_acc': 0.853, 'below_0.01_percent_acc': 0.853, 'below_0.001_percent_acc': 0.833, 'below_0.0001_percent_acc': 0.832, 'valid_acc': 1.0}
Epoch: 9	Batch time (0.969312)	Data time (0.017641)	Cuda time (0.000002)	Loss (8.186200)	Accuracy (0.971194)
EVALUATING
{'loss': 8.597000060081482, 'accuracy': 0.9848209697008133, 'perfect_match_accuracy': 0.638, 'cost_ratio_suggested_true': 1.0324597716331483, 'below_10.0_percent_acc': 0.996, 'below_1.0_percent_acc': 0.926, 'below_0.1_percent_acc': 0.901, 'below_0.01_percent_acc': 0.901, 'below_0.001_percent_acc': 0.866, 'below_0.0001_percent_acc': 0.865, 'valid_acc': 1.0}
Epoch: 10	Batch time (0.971884)	Data time (0.017883)	Cuda time (0.000002)	Loss (8.078200)	Accuracy (0.972209)
EVALUATING
{'loss': 7.821000061035156, 'accuracy': 0.9843549335002899, 'perfect_match_accuracy': 0.633, 'cost_ratio_suggested_true': 1.0300522434711457, 'below_10.0_percent_acc': 0.996, 'below_1.0_percent_acc': 0.887, 'below_0.1_percent_acc': 0.857, 'below_0.01_percent_acc': 0.857, 'below_0.001_percent_acc': 0.842, 'below_0.0001_percent_acc': 0.842, 'valid_acc': 1.0}
Epoch: 11	Batch time (1.016838)	Data time (0.018912)	Cuda time (0.000003)	Loss (7.596300)	Accuracy (0.973001)
EVALUATING
{'loss': 8.25899998664856, 'accuracy': 0.9852839308977127, 'perfect_match_accuracy': 0.653, 'cost_ratio_suggested_true': 1.0351116585731506, 'below_10.0_percent_acc': 0.997, 'below_1.0_percent_acc': 0.899, 'below_0.1_percent_acc': 0.878, 'below_0.01_percent_acc': 0.877, 'below_0.001_percent_acc': 0.844, 'below_0.0001_percent_acc': 0.843, 'valid_acc': 1.0}
Epoch: 12	Batch time (0.997952)	Data time (0.017815)	Cuda time (0.000003)	Loss (7.485900)	Accuracy (0.973288)
EVALUATING
{'loss': 8.42100012779236, 'accuracy': 0.9849536913633347, 'perfect_match_accuracy': 0.636, 'cost_ratio_suggested_true': 1.0292142152786254, 'below_10.0_percent_acc': 0.996, 'below_1.0_percent_acc': 0.903, 'below_0.1_percent_acc': 0.872, 'below_0.01_percent_acc': 0.872, 'below_0.001_percent_acc': 0.85, 'below_0.0001_percent_acc': 0.85, 'valid_acc': 1.0}
Epoch: 13	Batch time (0.973020)	Data time (0.017596)	Cuda time (0.000002)	Loss (7.224700)	Accuracy (0.974160)
EVALUATING
{'loss': 8.44200002193451, 'accuracy': 0.9857314717769623, 'perfect_match_accuracy': 0.648, 'cost_ratio_suggested_true': 1.0296898567676545, 'below_10.0_percent_acc': 0.998, 'below_1.0_percent_acc': 0.935, 'below_0.1_percent_acc': 0.906, 'below_0.01_percent_acc': 0.906, 'below_0.001_percent_acc': 0.881, 'below_0.0001_percent_acc': 0.881, 'valid_acc': 1.0}
Epoch: 14	Batch time (1.006486)	Data time (0.017926)	Cuda time (0.000003)	Loss (7.281900)	Accuracy (0.974457)
EVALUATING
{'loss': 7.997000041007996, 'accuracy': 0.9871049243211746, 'perfect_match_accuracy': 0.676, 'cost_ratio_suggested_true': 1.025608150959015, 'below_10.0_percent_acc': 0.999, 'below_1.0_percent_acc': 0.93, 'below_0.1_percent_acc': 0.905, 'below_0.01_percent_acc': 0.905, 'below_0.001_percent_acc': 0.881, 'below_0.0001_percent_acc': 0.88, 'valid_acc': 1.0}
Epoch: 15	Batch time (0.973849)	Data time (0.017841)	Cuda time (0.000002)	Loss (7.063200)	Accuracy (0.975388)
EVALUATING
{'loss': 7.608000016212463, 'accuracy': 0.9859814631938935, 'perfect_match_accuracy': 0.657, 'cost_ratio_suggested_true': 1.0308329617977143, 'below_10.0_percent_acc': 1.0, 'below_1.0_percent_acc': 0.909, 'below_0.1_percent_acc': 0.883, 'below_0.01_percent_acc': 0.883, 'below_0.001_percent_acc': 0.855, 'below_0.0001_percent_acc': 0.854, 'valid_acc': 1.0}
Epoch: 16	Batch time (0.972725)	Data time (0.017711)	Cuda time (0.000002)	Loss (6.881800)	Accuracy (0.975546)
EVALUATING
{'loss': 7.517000012397766, 'accuracy': 0.9850833225250244, 'perfect_match_accuracy': 0.653, 'cost_ratio_suggested_true': 1.0325763726234436, 'below_10.0_percent_acc': 0.998, 'below_1.0_percent_acc': 0.909, 'below_0.1_percent_acc': 0.883, 'below_0.01_percent_acc': 0.883, 'below_0.001_percent_acc': 0.863, 'below_0.0001_percent_acc': 0.863, 'valid_acc': 1.0}
Epoch: 17	Batch time (0.973874)	Data time (0.017704)	Cuda time (0.000002)	Loss (6.700300)	Accuracy (0.976298)
EVALUATING
{'loss': 7.503000011444092, 'accuracy': 0.987861095070839, 'perfect_match_accuracy': 0.692, 'cost_ratio_suggested_true': 1.0253052926063537, 'below_10.0_percent_acc': 1.0, 'below_1.0_percent_acc': 0.935, 'below_0.1_percent_acc': 0.906, 'below_0.01_percent_acc': 0.906, 'below_0.001_percent_acc': 0.87, 'below_0.0001_percent_acc': 0.869, 'valid_acc': 1.0}
Epoch: 18	Batch time (0.971991)	Data time (0.017810)	Cuda time (0.000002)	Loss (6.637400)	Accuracy (0.976344)
EVALUATING
{'loss': 7.533000063896179, 'accuracy': 0.9875586223602295, 'perfect_match_accuracy': 0.703, 'cost_ratio_suggested_true': 1.028128114938736, 'below_10.0_percent_acc': 0.998, 'below_1.0_percent_acc': 0.935, 'below_0.1_percent_acc': 0.904, 'below_0.01_percent_acc': 0.903, 'below_0.001_percent_acc': 0.867, 'below_0.0001_percent_acc': 0.866, 'valid_acc': 1.0}
Epoch: 19	Batch time (0.979326)	Data time (0.017628)	Cuda time (0.000002)	Loss (6.421500)	Accuracy (0.976931)
EVALUATING
{'loss': 6.960000071525574, 'accuracy': 0.9854691249132156, 'perfect_match_accuracy': 0.658, 'cost_ratio_suggested_true': 1.0325422668457032, 'below_10.0_percent_acc': 0.999, 'below_1.0_percent_acc': 0.906, 'below_0.1_percent_acc': 0.873, 'below_0.01_percent_acc': 0.872, 'below_0.001_percent_acc': 0.831, 'below_0.0001_percent_acc': 0.83, 'valid_acc': 1.0}
Epoch: 20	Batch time (0.970378)	Data time (0.017903)	Cuda time (0.000002)	Loss (6.355200)	Accuracy (0.976949)
EVALUATING
{'loss': 7.902999987602234, 'accuracy': 0.9853796166181564, 'perfect_match_accuracy': 0.66, 'cost_ratio_suggested_true': 1.0321743559837342, 'below_10.0_percent_acc': 0.999, 'below_1.0_percent_acc': 0.911, 'below_0.1_percent_acc': 0.881, 'below_0.01_percent_acc': 0.881, 'below_0.001_percent_acc': 0.855, 'below_0.0001_percent_acc': 0.854, 'valid_acc': 1.0}
Epoch: 21	Batch time (0.969720)	Data time (0.017645)	Cuda time (0.000002)	Loss (6.202200)	Accuracy (0.977550)
EVALUATING
{'loss': 6.940999994277954, 'accuracy': 0.9863024592399597, 'perfect_match_accuracy': 0.677, 'cost_ratio_suggested_true': 1.0334036147594452, 'below_10.0_percent_acc': 1.0, 'below_1.0_percent_acc': 0.901, 'below_0.1_percent_acc': 0.875, 'below_0.01_percent_acc': 0.875, 'below_0.001_percent_acc': 0.833, 'below_0.0001_percent_acc': 0.833, 'valid_acc': 1.0}
Epoch: 22	Batch time (0.965691)	Data time (0.017851)	Cuda time (0.000003)	Loss (6.088800)	Accuracy (0.978135)
EVALUATING
{'loss': 7.168000197410583, 'accuracy': 0.9873734492063523, 'perfect_match_accuracy': 0.688, 'cost_ratio_suggested_true': 1.0297073459625243, 'below_10.0_percent_acc': 0.999, 'below_1.0_percent_acc': 0.929, 'below_0.1_percent_acc': 0.906, 'below_0.01_percent_acc': 0.906, 'below_0.001_percent_acc': 0.877, 'below_0.0001_percent_acc': 0.877, 'valid_acc': 1.0}
Epoch: 23	Batch time (0.961829)	Data time (0.017782)	Cuda time (0.000002)	Loss (5.987800)	Accuracy (0.978592)
EVALUATING
{'loss': 7.000999989509583, 'accuracy': 0.9859722137451172, 'perfect_match_accuracy': 0.671, 'cost_ratio_suggested_true': 1.0301497530937196, 'below_10.0_percent_acc': 1.0, 'below_1.0_percent_acc': 0.913, 'below_0.1_percent_acc': 0.882, 'below_0.01_percent_acc': 0.882, 'below_0.001_percent_acc': 0.846, 'below_0.0001_percent_acc': 0.845, 'valid_acc': 1.0}
Epoch: 24	Batch time (0.983967)	Data time (0.017980)	Cuda time (0.000002)	Loss (5.853700)	Accuracy (0.978290)
EVALUATING
{'loss': 7.596000032424927, 'accuracy': 0.9867654204368591, 'perfect_match_accuracy': 0.678, 'cost_ratio_suggested_true': 1.029373755455017, 'below_10.0_percent_acc': 1.0, 'below_1.0_percent_acc': 0.923, 'below_0.1_percent_acc': 0.893, 'below_0.01_percent_acc': 0.893, 'below_0.001_percent_acc': 0.866, 'below_0.0001_percent_acc': 0.865, 'valid_acc': 1.0}
Epoch: 25	Batch time (0.964078)	Data time (0.017552)	Cuda time (0.000002)	Loss (5.792500)	Accuracy (0.978573)
EVALUATING
{'loss': 7.079000020027161, 'accuracy': 0.9866388809680938, 'perfect_match_accuracy': 0.671, 'cost_ratio_suggested_true': 1.0267813611030578, 'below_10.0_percent_acc': 1.0, 'below_1.0_percent_acc': 0.936, 'below_0.1_percent_acc': 0.914, 'below_0.01_percent_acc': 0.914, 'below_0.001_percent_acc': 0.889, 'below_0.0001_percent_acc': 0.889, 'valid_acc': 1.0}
Epoch: 26	Batch time (0.976668)	Data time (0.017877)	Cuda time (0.000002)	Loss (5.748600)	Accuracy (0.979355)
EVALUATING
{'loss': 6.941000080108642, 'accuracy': 0.986898142695427, 'perfect_match_accuracy': 0.666, 'cost_ratio_suggested_true': 1.0286589586734771, 'below_10.0_percent_acc': 1.0, 'below_1.0_percent_acc': 0.931, 'below_0.1_percent_acc': 0.899, 'below_0.01_percent_acc': 0.899, 'below_0.001_percent_acc': 0.861, 'below_0.0001_percent_acc': 0.861, 'valid_acc': 1.0}
Epoch: 27	Batch time (0.978927)	Data time (0.018051)	Cuda time (0.000002)	Loss (5.445100)	Accuracy (0.979953)
EVALUATING
{'loss': 6.809000086784363, 'accuracy': 0.9873549276590348, 'perfect_match_accuracy': 0.687, 'cost_ratio_suggested_true': 1.0293637478351594, 'below_10.0_percent_acc': 0.998, 'below_1.0_percent_acc': 0.926, 'below_0.1_percent_acc': 0.897, 'below_0.01_percent_acc': 0.897, 'below_0.001_percent_acc': 0.864, 'below_0.0001_percent_acc': 0.864, 'valid_acc': 1.0}
Epoch: 28	Batch time (0.963927)	Data time (0.017567)	Cuda time (0.000002)	Loss (5.392600)	Accuracy (0.979633)
EVALUATING
{'loss': 6.964999995231628, 'accuracy': 0.9868981325626374, 'perfect_match_accuracy': 0.673, 'cost_ratio_suggested_true': 1.0294410586357117, 'below_10.0_percent_acc': 1.0, 'below_1.0_percent_acc': 0.92, 'below_0.1_percent_acc': 0.891, 'below_0.01_percent_acc': 0.89, 'below_0.001_percent_acc': 0.841, 'below_0.0001_percent_acc': 0.841, 'valid_acc': 1.0}
Epoch: 29	Batch time (0.966864)	Data time (0.017900)	Cuda time (0.000002)	Loss (5.366100)	Accuracy (0.980503)
EVALUATING
{'loss': 6.538000040054321, 'accuracy': 0.9879259145259858, 'perfect_match_accuracy': 0.702, 'cost_ratio_suggested_true': 1.0263626217842101, 'below_10.0_percent_acc': 0.998, 'below_1.0_percent_acc': 0.936, 'below_0.1_percent_acc': 0.911, 'below_0.01_percent_acc': 0.911, 'below_0.001_percent_acc': 0.873, 'below_0.0001_percent_acc': 0.873, 'valid_acc': 1.0}
Epoch: 30	Batch time (1.010525)	Data time (0.017803)	Cuda time (0.000003)	Loss (5.129300)	Accuracy (0.980992)
EVALUATING
{'loss': 6.587000041007996, 'accuracy': 0.9868610918521881, 'perfect_match_accuracy': 0.69, 'cost_ratio_suggested_true': 1.0263189601898193, 'below_10.0_percent_acc': 0.999, 'below_1.0_percent_acc': 0.931, 'below_0.1_percent_acc': 0.904, 'below_0.01_percent_acc': 0.903, 'below_0.001_percent_acc': 0.871, 'below_0.0001_percent_acc': 0.871, 'valid_acc': 1.0}
Epoch: 31	Batch time (0.985666)	Data time (0.018114)	Cuda time (0.000002)	Loss (4.573800)	Accuracy (0.982691)
EVALUATING
{'loss': 6.104000096321106, 'accuracy': 0.9884382516145707, 'perfect_match_accuracy': 0.705, 'cost_ratio_suggested_true': 1.0239469361305238, 'below_10.0_percent_acc': 1.0, 'below_1.0_percent_acc': 0.947, 'below_0.1_percent_acc': 0.923, 'below_0.01_percent_acc': 0.923, 'below_0.001_percent_acc': 0.882, 'below_0.0001_percent_acc': 0.882, 'valid_acc': 1.0}
Epoch: 32	Batch time (0.979656)	Data time (0.018230)	Cuda time (0.000002)	Loss (4.232700)	Accuracy (0.983297)
EVALUATING
{'loss': 6.09200005531311, 'accuracy': 0.9884290039539337, 'perfect_match_accuracy': 0.702, 'cost_ratio_suggested_true': 1.0241423738002777, 'below_10.0_percent_acc': 1.0, 'below_1.0_percent_acc': 0.946, 'below_0.1_percent_acc': 0.917, 'below_0.01_percent_acc': 0.917, 'below_0.001_percent_acc': 0.875, 'below_0.0001_percent_acc': 0.875, 'valid_acc': 1.0}
Epoch: 33	Batch time (0.971576)	Data time (0.017704)	Cuda time (0.000002)	Loss (4.198300)	Accuracy (0.983448)
EVALUATING
{'loss': 6.136000056266784, 'accuracy': 0.9881265354156494, 'perfect_match_accuracy': 0.699, 'cost_ratio_suggested_true': 1.0221537518501282, 'below_10.0_percent_acc': 1.0, 'below_1.0_percent_acc': 0.945, 'below_0.1_percent_acc': 0.918, 'below_0.01_percent_acc': 0.918, 'below_0.001_percent_acc': 0.878, 'below_0.0001_percent_acc': 0.878, 'valid_acc': 1.0}
Epoch: 34	Batch time (0.984513)	Data time (0.017997)	Cuda time (0.000003)	Loss (3.990600)	Accuracy (0.983532)
EVALUATING
{'loss': 6.139000005722046, 'accuracy': 0.9887685060501099, 'perfect_match_accuracy': 0.715, 'cost_ratio_suggested_true': 1.0242212057113647, 'below_10.0_percent_acc': 1.0, 'below_1.0_percent_acc': 0.946, 'below_0.1_percent_acc': 0.919, 'below_0.01_percent_acc': 0.919, 'below_0.001_percent_acc': 0.87, 'below_0.0001_percent_acc': 0.87, 'valid_acc': 1.0}
Epoch: 35	Batch time (0.973875)	Data time (0.017775)	Cuda time (0.000002)	Loss (4.061400)	Accuracy (0.983494)
EVALUATING
{'loss': 6.05300009727478, 'accuracy': 0.9884012204408645, 'perfect_match_accuracy': 0.709, 'cost_ratio_suggested_true': 1.0236114537715912, 'below_10.0_percent_acc': 1.0, 'below_1.0_percent_acc': 0.942, 'below_0.1_percent_acc': 0.917, 'below_0.01_percent_acc': 0.917, 'below_0.001_percent_acc': 0.874, 'below_0.0001_percent_acc': 0.874, 'valid_acc': 1.0}
Epoch: 36	Batch time (0.955626)	Data time (0.017906)	Cuda time (0.000002)	Loss (3.951000)	Accuracy (0.984013)
EVALUATING
{'loss': 6.2099999952316285, 'accuracy': 0.9881419712305068, 'perfect_match_accuracy': 0.705, 'cost_ratio_suggested_true': 1.0221806299686431, 'below_10.0_percent_acc': 1.0, 'below_1.0_percent_acc': 0.946, 'below_0.1_percent_acc': 0.921, 'below_0.01_percent_acc': 0.921, 'below_0.001_percent_acc': 0.885, 'below_0.0001_percent_acc': 0.885, 'valid_acc': 1.0}
Epoch: 37	Batch time (1.003665)	Data time (0.018271)	Cuda time (0.000002)	Loss (4.015100)	Accuracy (0.984360)
EVALUATING
{'loss': 6.339999966621399, 'accuracy': 0.9886820888519288, 'perfect_match_accuracy': 0.711, 'cost_ratio_suggested_true': 1.0241149818897248, 'below_10.0_percent_acc': 1.0, 'below_1.0_percent_acc': 0.947, 'below_0.1_percent_acc': 0.923, 'below_0.01_percent_acc': 0.923, 'below_0.001_percent_acc': 0.884, 'below_0.0001_percent_acc': 0.884, 'valid_acc': 1.0}
Epoch: 38	Batch time (0.958030)	Data time (0.017791)	Cuda time (0.000002)	Loss (3.965100)	Accuracy (0.984622)
EVALUATING
{'loss': 6.292000041007996, 'accuracy': 0.9882222121953964, 'perfect_match_accuracy': 0.71, 'cost_ratio_suggested_true': 1.0229583716392516, 'below_10.0_percent_acc': 1.0, 'below_1.0_percent_acc': 0.942, 'below_0.1_percent_acc': 0.916, 'below_0.01_percent_acc': 0.916, 'below_0.001_percent_acc': 0.879, 'below_0.0001_percent_acc': 0.879, 'valid_acc': 1.0}
Epoch: 39	Batch time (0.970075)	Data time (0.017608)	Cuda time (0.000002)	Loss (3.911400)	Accuracy (0.984510)
EVALUATING
{'loss': 6.28, 'accuracy': 0.9877993673086166, 'perfect_match_accuracy': 0.704, 'cost_ratio_suggested_true': 1.0234439742565156, 'below_10.0_percent_acc': 1.0, 'below_1.0_percent_acc': 0.947, 'below_0.1_percent_acc': 0.916, 'below_0.01_percent_acc': 0.916, 'below_0.001_percent_acc': 0.883, 'below_0.0001_percent_acc': 0.883, 'valid_acc': 1.0}
Epoch: 40	Batch time (0.976835)	Data time (0.017844)	Cuda time (0.000002)	Loss (3.883000)	Accuracy (0.984705)
EVALUATING
{'loss': 5.765000061988831, 'accuracy': 0.9881543111801148, 'perfect_match_accuracy': 0.708, 'cost_ratio_suggested_true': 1.0239815950393676, 'below_10.0_percent_acc': 1.0, 'below_1.0_percent_acc': 0.944, 'below_0.1_percent_acc': 0.916, 'below_0.01_percent_acc': 0.916, 'below_0.001_percent_acc': 0.883, 'below_0.0001_percent_acc': 0.883, 'valid_acc': 1.0}
Epoch: 41	Batch time (0.968068)	Data time (0.017629)	Cuda time (0.000002)	Loss (3.925200)	Accuracy (0.984759)
EVALUATING
{'loss': 5.749000053405762, 'accuracy': 0.9884629541635513, 'perfect_match_accuracy': 0.714, 'cost_ratio_suggested_true': 1.0239992880821227, 'below_10.0_percent_acc': 1.0, 'below_1.0_percent_acc': 0.948, 'below_0.1_percent_acc': 0.922, 'below_0.01_percent_acc': 0.922, 'below_0.001_percent_acc': 0.885, 'below_0.0001_percent_acc': 0.885, 'valid_acc': 1.0}
Epoch: 42	Batch time (0.968968)	Data time (0.017848)	Cuda time (0.000002)	Loss (3.877200)	Accuracy (0.984996)
EVALUATING
{'loss': 6.222000021934509, 'accuracy': 0.988620355129242, 'perfect_match_accuracy': 0.714, 'cost_ratio_suggested_true': 1.0230438590049744, 'below_10.0_percent_acc': 1.0, 'below_1.0_percent_acc': 0.951, 'below_0.1_percent_acc': 0.924, 'below_0.01_percent_acc': 0.924, 'below_0.001_percent_acc': 0.886, 'below_0.0001_percent_acc': 0.886, 'valid_acc': 1.0}
Epoch: 43	Batch time (0.958822)	Data time (0.017741)	Cuda time (0.000002)	Loss (3.753300)	Accuracy (0.984932)
EVALUATING
{'loss': 5.789999978542328, 'accuracy': 0.9887623250484466, 'perfect_match_accuracy': 0.716, 'cost_ratio_suggested_true': 1.023682358264923, 'below_10.0_percent_acc': 1.0, 'below_1.0_percent_acc': 0.949, 'below_0.1_percent_acc': 0.922, 'below_0.01_percent_acc': 0.922, 'below_0.001_percent_acc': 0.886, 'below_0.0001_percent_acc': 0.886, 'valid_acc': 1.0}
Epoch: 44	Batch time (0.978509)	Data time (0.017914)	Cuda time (0.000002)	Loss (3.726000)	Accuracy (0.984895)
EVALUATING
{'loss': 6.095000042915344, 'accuracy': 0.9886388719081879, 'perfect_match_accuracy': 0.713, 'cost_ratio_suggested_true': 1.0238252687454223, 'below_10.0_percent_acc': 1.0, 'below_1.0_percent_acc': 0.951, 'below_0.1_percent_acc': 0.924, 'below_0.01_percent_acc': 0.924, 'below_0.001_percent_acc': 0.886, 'below_0.0001_percent_acc': 0.886, 'valid_acc': 1.0}
Epoch: 45	Batch time (0.972435)	Data time (0.017954)	Cuda time (0.000002)	Loss (3.754500)	Accuracy (0.984979)
EVALUATING
{'loss': 6.219000010490418, 'accuracy': 0.988611096739769, 'perfect_match_accuracy': 0.712, 'cost_ratio_suggested_true': 1.0243486535549164, 'below_10.0_percent_acc': 1.0, 'below_1.0_percent_acc': 0.949, 'below_0.1_percent_acc': 0.922, 'below_0.01_percent_acc': 0.922, 'below_0.001_percent_acc': 0.883, 'below_0.0001_percent_acc': 0.883, 'valid_acc': 1.0}
Epoch: 46	Batch time (0.967041)	Data time (0.017780)	Cuda time (0.000002)	Loss (3.616200)	Accuracy (0.985064)
EVALUATING
{'loss': 6.118000111579895, 'accuracy': 0.9888271504640579, 'perfect_match_accuracy': 0.715, 'cost_ratio_suggested_true': 1.0235459065437318, 'below_10.0_percent_acc': 1.0, 'below_1.0_percent_acc': 0.951, 'below_0.1_percent_acc': 0.923, 'below_0.01_percent_acc': 0.923, 'below_0.001_percent_acc': 0.884, 'below_0.0001_percent_acc': 0.884, 'valid_acc': 1.0}
Epoch: 47	Batch time (0.969844)	Data time (0.017571)	Cuda time (0.000002)	Loss (3.657700)	Accuracy (0.984853)
EVALUATING
{'loss': 5.883000020980835, 'accuracy': 0.9885185027122497, 'perfect_match_accuracy': 0.712, 'cost_ratio_suggested_true': 1.0237248992919923, 'below_10.0_percent_acc': 1.0, 'below_1.0_percent_acc': 0.95, 'below_0.1_percent_acc': 0.922, 'below_0.01_percent_acc': 0.922, 'below_0.001_percent_acc': 0.885, 'below_0.0001_percent_acc': 0.885, 'valid_acc': 1.0}
Epoch: 48	Batch time (0.985093)	Data time (0.017821)	Cuda time (0.000002)	Loss (3.744300)	Accuracy (0.985280)
EVALUATING
{'loss': 6.1800000095367436, 'accuracy': 0.9887993669509888, 'perfect_match_accuracy': 0.716, 'cost_ratio_suggested_true': 1.023993421792984, 'below_10.0_percent_acc': 1.0, 'below_1.0_percent_acc': 0.952, 'below_0.1_percent_acc': 0.924, 'below_0.01_percent_acc': 0.924, 'below_0.001_percent_acc': 0.887, 'below_0.0001_percent_acc': 0.887, 'valid_acc': 1.0}
Epoch: 49	Batch time (0.986823)	Data time (0.017706)	Cuda time (0.000002)	Loss (3.710500)	Accuracy (0.984441)
EVALUATING
{'loss': 6.048000025749206, 'accuracy': 0.9887438040971755, 'perfect_match_accuracy': 0.714, 'cost_ratio_suggested_true': 1.0235437619686127, 'below_10.0_percent_acc': 1.0, 'below_1.0_percent_acc': 0.95, 'below_0.1_percent_acc': 0.922, 'below_0.01_percent_acc': 0.922, 'below_0.001_percent_acc': 0.885, 'below_0.0001_percent_acc': 0.885, 'valid_acc': 1.0}
Epoch: 50	Batch time (0.965593)	Data time (0.017511)	Cuda time (0.000002)	Loss (3.698000)	Accuracy (0.985327)
EVALUATING
{'loss': 6.3229999923706055, 'accuracy': 0.9887623250484466, 'perfect_match_accuracy': 0.717, 'cost_ratio_suggested_true': 1.0236444902420043, 'below_10.0_percent_acc': 1.0, 'below_1.0_percent_acc': 0.951, 'below_0.1_percent_acc': 0.923, 'below_0.01_percent_acc': 0.923, 'below_0.001_percent_acc': 0.887, 'below_0.0001_percent_acc': 0.887, 'valid_acc': 1.0}
