No existing entry for trainer_params.mode.type
{}[type] = <class 'int'>(5)
No existing entry for trainer_params.mode.objective_type
{'type': 5}[objective_type] = <class 'str'>(dpo)
No existing entry for trainer_params.mode.use_marginal
{'type': 5, 'objective_type': 'dpo'}[use_marginal] = <class 'bool'>(True)
No existing entry for trainer_params.mode.nb_samples
{'type': 5, 'objective_type': 'dpo', 'use_marginal': True}[nb_samples] = <class 'int'>(1)
No existing entry for trainer_params.mode.temperature
{'type': 5, 'objective_type': 'dpo', 'use_marginal': True, 'nb_samples': 1}[temperature] = <class 'float'>(0.01)
No existing entry for trainer_params.mode.use_gamma
{'type': 5, 'objective_type': 'dpo', 'use_marginal': True, 'nb_samples': 1, 'temperature': 0.01}[use_gamma] = <class 'bool'>(False)
No existing entry for trainer_params.mode.loss_type
{'type': 5, 'objective_type': 'dpo', 'use_marginal': True, 'nb_samples': 1, 'temperature': 0.01, 'use_gamma': False}[loss_type] = <class 'str'>(fy)
No existing entry for trainer_params.mode.perturb_w
{'type': 5, 'objective_type': 'dpo', 'use_marginal': True, 'nb_samples': 1, 'temperature': 0.01, 'use_gamma': False, 'loss_type': 'fy'}[perturb_w] = <class 'bool'>(False)
No existing entry for trainer_params.mode.perturb_w_prime
{'type': 5, 'objective_type': 'dpo', 'use_marginal': True, 'nb_samples': 1, 'temperature': 0.01, 'use_gamma': False, 'loss_type': 'fy', 'perturb_w': False}[perturb_w_prime] = <class 'bool'>(False)
{'batch_size': 70, 'l1_regconst': 0.0, 'lambda_val': 20.0, 'lr_milestone_1': 30, 'lr_milestone_2': 40, 'model_params': {'arch_params': {}, 'model_name': 'CombResnet18'}, 'neighbourhood_fn': '8-grid', 'optimizer_name': 'Adam', 'optimizer_params': {'lr': 0.0005}, 'preload_batch': True, 'use_cuda': True, 'use_lr_scheduling': True, 'mode': {'type': 5, 'objective_type': 'dpo', 'use_marginal': True, 'nb_samples': 1, 'temperature': 0.01, 'use_gamma': False, 'loss_type': 'fy', 'perturb_w': False, 'perturb_w_prime': False}}[lambda_val] = <class 'float'>(0.0)
No existing entry for trainer_params.mode.dpo.maximize
{}[maximize] = <class 'bool'>(False)
{'data_dir': 'data/warcraft_shortest_path/12x12', 'evaluate_with_extra': False, 'normalize': True, 'use_local_path': False, 'use_test_set': True}[data_dir] = <class 'str'>(data/warcraft_shortest_path/30x30)
{'evaluate_every': 5, 'loader_params': {'data_dir': 'data/warcraft_shortest_path/30x30', 'evaluate_with_extra': False, 'normalize': True, 'use_local_path': False, 'use_test_set': True}, 'model_dir': 'results/warcraft_shortest_path_combresnet', 'num_cpus': 12, 'num_epochs': 50, 'problem_type': 'warcraft_shortest_path', 'ray_params': {}, 'save_visualizations': False, 'seed': 1, 'trainer_name': 'DijkstraMAP', 'trainer_params': {'batch_size': 70, 'l1_regconst': 0.0, 'lambda_val': 0.0, 'lr_milestone_1': 30, 'lr_milestone_2': 40, 'model_params': {'arch_params': {}, 'model_name': 'CombResnet18'}, 'neighbourhood_fn': '8-grid', 'optimizer_name': 'Adam', 'optimizer_params': {'lr': 0.0005}, 'preload_batch': True, 'use_cuda': True, 'use_lr_scheduling': True, 'mode': {'type': 5, 'objective_type': 'dpo', 'use_marginal': True, 'nb_samples': 1, 'temperature': 0.01, 'use_gamma': False, 'loss_type': 'fy', 'perturb_w': False, 'perturb_w_prime': False, 'dpo': {'maximize': False}}}, 'use_ray': True}[seed] = <class 'int'>(3)
{'evaluate_every': 5, 'loader_params': {'data_dir': 'data/warcraft_shortest_path/30x30', 'evaluate_with_extra': False, 'normalize': True, 'use_local_path': False, 'use_test_set': True}, 'model_dir': 'results/warcraft_shortest_path_combresnet', 'num_cpus': 12, 'num_epochs': 50, 'problem_type': 'warcraft_shortest_path', 'ray_params': {}, 'save_visualizations': False, 'seed': 3, 'trainer_name': 'DijkstraMAP', 'trainer_params': {'batch_size': 70, 'l1_regconst': 0.0, 'lambda_val': 0.0, 'lr_milestone_1': 30, 'lr_milestone_2': 40, 'model_params': {'arch_params': {}, 'model_name': 'CombResnet18'}, 'neighbourhood_fn': '8-grid', 'optimizer_name': 'Adam', 'optimizer_params': {'lr': 0.0005}, 'preload_batch': True, 'use_cuda': True, 'use_lr_scheduling': True, 'mode': {'type': 5, 'objective_type': 'dpo', 'use_marginal': True, 'nb_samples': 1, 'temperature': 0.01, 'use_gamma': False, 'loss_type': 'fy', 'perturb_w': False, 'perturb_w_prime': False, 'dpo': {'maximize': False}}}, 'use_ray': True}[evaluate_every] = <class 'int'>(1)
{'evaluate_every': 1, 'loader_params': {'data_dir': 'data/warcraft_shortest_path/30x30', 'evaluate_with_extra': False, 'normalize': True, 'use_local_path': False, 'use_test_set': True}, 'model_dir': 'results/warcraft_shortest_path_combresnet', 'num_cpus': 12, 'num_epochs': 50, 'problem_type': 'warcraft_shortest_path', 'ray_params': {}, 'save_visualizations': False, 'seed': 3, 'trainer_name': 'DijkstraMAP', 'trainer_params': {'batch_size': 70, 'l1_regconst': 0.0, 'lambda_val': 0.0, 'lr_milestone_1': 30, 'lr_milestone_2': 40, 'model_params': {'arch_params': {}, 'model_name': 'CombResnet18'}, 'neighbourhood_fn': '8-grid', 'optimizer_name': 'Adam', 'optimizer_params': {'lr': 0.0005}, 'preload_batch': True, 'use_cuda': True, 'use_lr_scheduling': True, 'mode': {'type': 5, 'objective_type': 'dpo', 'use_marginal': True, 'nb_samples': 1, 'temperature': 0.01, 'use_gamma': False, 'loss_type': 'fy', 'perturb_w': False, 'perturb_w_prime': False, 'dpo': {'maximize': False}}}, 'use_ray': True}[use_ray] = <class 'bool'>(False)
No existing entry for trainer_params.mode.type
{}[type] = <class 'int'>(5)
No existing entry for trainer_params.mode.objective_type
{'type': 5}[objective_type] = <class 'str'>(dpo)
No existing entry for trainer_params.mode.use_marginal
{'type': 5, 'objective_type': 'dpo'}[use_marginal] = <class 'bool'>(True)
No existing entry for trainer_params.mode.nb_samples
{'type': 5, 'objective_type': 'dpo', 'use_marginal': True}[nb_samples] = <class 'int'>(1)
No existing entry for trainer_params.mode.temperature
{'type': 5, 'objective_type': 'dpo', 'use_marginal': True, 'nb_samples': 1}[temperature] = <class 'float'>(0.01)
No existing entry for trainer_params.mode.use_gamma
{'type': 5, 'objective_type': 'dpo', 'use_marginal': True, 'nb_samples': 1, 'temperature': 0.01}[use_gamma] = <class 'bool'>(False)
No existing entry for trainer_params.mode.loss_type
{'type': 5, 'objective_type': 'dpo', 'use_marginal': True, 'nb_samples': 1, 'temperature': 0.01, 'use_gamma': False}[loss_type] = <class 'str'>(fy)
No existing entry for trainer_params.mode.perturb_w
{'type': 5, 'objective_type': 'dpo', 'use_marginal': True, 'nb_samples': 1, 'temperature': 0.01, 'use_gamma': False, 'loss_type': 'fy'}[perturb_w] = <class 'bool'>(False)
No existing entry for trainer_params.mode.perturb_w_prime
{'type': 5, 'objective_type': 'dpo', 'use_marginal': True, 'nb_samples': 1, 'temperature': 0.01, 'use_gamma': False, 'loss_type': 'fy', 'perturb_w': False}[perturb_w_prime] = <class 'bool'>(False)
{'batch_size': 70, 'l1_regconst': 0.0, 'lambda_val': 20.0, 'lr_milestone_1': 30, 'lr_milestone_2': 40, 'model_params': {'arch_params': {}, 'model_name': 'CombResnet18'}, 'neighbourhood_fn': '8-grid', 'optimizer_name': 'Adam', 'optimizer_params': {'lr': 0.0005}, 'preload_batch': True, 'use_cuda': True, 'use_lr_scheduling': True, 'mode': {'type': 5, 'objective_type': 'dpo', 'use_marginal': True, 'nb_samples': 1, 'temperature': 0.01, 'use_gamma': False, 'loss_type': 'fy', 'perturb_w': False, 'perturb_w_prime': False}}[lambda_val] = <class 'float'>(0.0)
No existing entry for trainer_params.mode.dpo.maximize
{}[maximize] = <class 'bool'>(False)
{'data_dir': 'data/warcraft_shortest_path/12x12', 'evaluate_with_extra': False, 'normalize': True, 'use_local_path': False, 'use_test_set': True}[data_dir] = <class 'str'>(data/warcraft_shortest_path/30x30)
{'evaluate_every': 5, 'loader_params': {'data_dir': 'data/warcraft_shortest_path/30x30', 'evaluate_with_extra': False, 'normalize': True, 'use_local_path': False, 'use_test_set': True}, 'model_dir': 'results/warcraft_shortest_path_combresnet', 'num_cpus': 12, 'num_epochs': 50, 'problem_type': 'warcraft_shortest_path', 'ray_params': {}, 'save_visualizations': False, 'seed': 1, 'trainer_name': 'DijkstraMAP', 'trainer_params': {'batch_size': 70, 'l1_regconst': 0.0, 'lambda_val': 0.0, 'lr_milestone_1': 30, 'lr_milestone_2': 40, 'model_params': {'arch_params': {}, 'model_name': 'CombResnet18'}, 'neighbourhood_fn': '8-grid', 'optimizer_name': 'Adam', 'optimizer_params': {'lr': 0.0005}, 'preload_batch': True, 'use_cuda': True, 'use_lr_scheduling': True, 'mode': {'type': 5, 'objective_type': 'dpo', 'use_marginal': True, 'nb_samples': 1, 'temperature': 0.01, 'use_gamma': False, 'loss_type': 'fy', 'perturb_w': False, 'perturb_w_prime': False, 'dpo': {'maximize': False}}}, 'use_ray': True}[seed] = <class 'int'>(3)
{'evaluate_every': 5, 'loader_params': {'data_dir': 'data/warcraft_shortest_path/30x30', 'evaluate_with_extra': False, 'normalize': True, 'use_local_path': False, 'use_test_set': True}, 'model_dir': 'results/warcraft_shortest_path_combresnet', 'num_cpus': 12, 'num_epochs': 50, 'problem_type': 'warcraft_shortest_path', 'ray_params': {}, 'save_visualizations': False, 'seed': 3, 'trainer_name': 'DijkstraMAP', 'trainer_params': {'batch_size': 70, 'l1_regconst': 0.0, 'lambda_val': 0.0, 'lr_milestone_1': 30, 'lr_milestone_2': 40, 'model_params': {'arch_params': {}, 'model_name': 'CombResnet18'}, 'neighbourhood_fn': '8-grid', 'optimizer_name': 'Adam', 'optimizer_params': {'lr': 0.0005}, 'preload_batch': True, 'use_cuda': True, 'use_lr_scheduling': True, 'mode': {'type': 5, 'objective_type': 'dpo', 'use_marginal': True, 'nb_samples': 1, 'temperature': 0.01, 'use_gamma': False, 'loss_type': 'fy', 'perturb_w': False, 'perturb_w_prime': False, 'dpo': {'maximize': False}}}, 'use_ray': True}[evaluate_every] = <class 'int'>(1)
{'evaluate_every': 1, 'loader_params': {'data_dir': 'data/warcraft_shortest_path/30x30', 'evaluate_with_extra': False, 'normalize': True, 'use_local_path': False, 'use_test_set': True}, 'model_dir': 'results/warcraft_shortest_path_combresnet', 'num_cpus': 12, 'num_epochs': 50, 'problem_type': 'warcraft_shortest_path', 'ray_params': {}, 'save_visualizations': False, 'seed': 3, 'trainer_name': 'DijkstraMAP', 'trainer_params': {'batch_size': 70, 'l1_regconst': 0.0, 'lambda_val': 0.0, 'lr_milestone_1': 30, 'lr_milestone_2': 40, 'model_params': {'arch_params': {}, 'model_name': 'CombResnet18'}, 'neighbourhood_fn': '8-grid', 'optimizer_name': 'Adam', 'optimizer_params': {'lr': 0.0005}, 'preload_batch': True, 'use_cuda': True, 'use_lr_scheduling': True, 'mode': {'type': 5, 'objective_type': 'dpo', 'use_marginal': True, 'nb_samples': 1, 'temperature': 0.01, 'use_gamma': False, 'loss_type': 'fy', 'perturb_w': False, 'perturb_w_prime': False, 'dpo': {'maximize': False}}}, 'use_ray': True}[use_ray] = <class 'bool'>(False)
{
    "evaluate_every": 1,
    "loader_params": {
        "data_dir": "data/warcraft_shortest_path/30x30",
        "evaluate_with_extra": false,
        "normalize": true,
        "use_local_path": false,
        "use_test_set": true
    },
    "model_dir": "results/warcraft_shortest_path_combresnet",
    "num_cpus": 12,
    "num_epochs": 50,
    "problem_type": "warcraft_shortest_path",
    "ray_params": {},
    "save_visualizations": false,
    "seed": 3,
    "trainer_name": "DijkstraMAP",
    "trainer_params": {
        "batch_size": 70,
        "l1_regconst": 0.0,
        "lambda_val": 0.0,
        "lr_milestone_1": 30,
        "lr_milestone_2": 40,
        "mode": {
            "dpo": {
                "maximize": false
            },
            "loss_type": "fy",
            "nb_samples": 1,
            "objective_type": "dpo",
            "perturb_w": false,
            "perturb_w_prime": false,
            "temperature": 0.01,
            "type": 5,
            "use_gamma": false,
            "use_marginal": true
        },
        "model_params": {
            "arch_params": {},
            "model_name": "CombResnet18"
        },
        "neighbourhood_fn": "8-grid",
        "optimizer_name": "Adam",
        "optimizer_params": {
            "lr": 0.0005
        },
        "preload_batch": true,
        "use_cuda": true,
        "use_lr_scheduling": true
    },
    "use_ray": false
}
MAP-BACKPROP MODE: {
    "dpo": {
        "maximize": false
    },
    "loss_type": "fy",
    "nb_samples": 1,
    "objective_type": "dpo",
    "perturb_w": false,
    "perturb_w_prime": false,
    "temperature": 0.01,
    "type": 5,
    "use_gamma": false,
    "use_marginal": true
}
True
META: {'input_image_size': 240, 'output_features': 900, 'num_channels': 3, 'denormalize': <maprop.decorators.input_to_numpy object at 0x2b9dbf46ee80>}
EVALUATING
{'loss': 54.74599967956543, 'accuracy': 0.939231134057045, 'perfect_match_accuracy': 0.001, 'cost_ratio_suggested_true': 2.5780051922798157, 'below_10.0_percent_acc': 0.092, 'below_1.0_percent_acc': 0.008, 'below_0.1_percent_acc': 0.007, 'below_0.01_percent_acc': 0.007, 'below_0.001_percent_acc': 0.006, 'below_0.0001_percent_acc': 0.006, 'valid_acc': 1.0}
Epoch: 1	Batch time (2.539660)	Data time (0.035549)	Cuda time (0.000002)	Loss (20.542000)	Accuracy (0.977001)
EVALUATING
{'loss': 12.102000150680542, 'accuracy': 0.9872933608293534, 'perfect_match_accuracy': 0.366, 'cost_ratio_suggested_true': 1.0444092559814453, 'below_10.0_percent_acc': 0.981, 'below_1.0_percent_acc': 0.816, 'below_0.1_percent_acc': 0.734, 'below_0.01_percent_acc': 0.733, 'below_0.001_percent_acc': 0.699, 'below_0.0001_percent_acc': 0.699, 'valid_acc': 1.0}
Epoch: 2	Batch time (2.548597)	Data time (0.035636)	Cuda time (0.000002)	Loss (12.582900)	Accuracy (0.985411)
EVALUATING
{'loss': 11.80099998474121, 'accuracy': 0.9891211366653443, 'perfect_match_accuracy': 0.448, 'cost_ratio_suggested_true': 1.0294892394542694, 'below_10.0_percent_acc': 0.998, 'below_1.0_percent_acc': 0.863, 'below_0.1_percent_acc': 0.785, 'below_0.01_percent_acc': 0.785, 'below_0.001_percent_acc': 0.769, 'below_0.0001_percent_acc': 0.769, 'valid_acc': 1.0}
Epoch: 3	Batch time (2.549516)	Data time (0.035629)	Cuda time (0.000002)	Loss (11.523300)	Accuracy (0.986548)
EVALUATING
{'loss': 9.795000238418579, 'accuracy': 0.9903744739294053, 'perfect_match_accuracy': 0.505, 'cost_ratio_suggested_true': 1.032976461648941, 'below_10.0_percent_acc': 1.0, 'below_1.0_percent_acc': 0.906, 'below_0.1_percent_acc': 0.845, 'below_0.01_percent_acc': 0.844, 'below_0.001_percent_acc': 0.821, 'below_0.0001_percent_acc': 0.821, 'valid_acc': 1.0}
Epoch: 4	Batch time (2.546856)	Data time (0.035584)	Cuda time (0.000002)	Loss (10.260500)	Accuracy (0.987814)
EVALUATING
{'loss': 9.302000060081483, 'accuracy': 0.9907444769144058, 'perfect_match_accuracy': 0.515, 'cost_ratio_suggested_true': 1.0226411771774293, 'below_10.0_percent_acc': 1.0, 'below_1.0_percent_acc': 0.904, 'below_0.1_percent_acc': 0.842, 'below_0.01_percent_acc': 0.842, 'below_0.001_percent_acc': 0.809, 'below_0.0001_percent_acc': 0.809, 'valid_acc': 1.0}
Epoch: 5	Batch time (2.553210)	Data time (0.035597)	Cuda time (0.000002)	Loss (9.796600)	Accuracy (0.988210)
EVALUATING
{'loss': 10.1049999666214, 'accuracy': 0.9913566988706589, 'perfect_match_accuracy': 0.523, 'cost_ratio_suggested_true': 1.0344876778125762, 'below_10.0_percent_acc': 1.0, 'below_1.0_percent_acc': 0.946, 'below_0.1_percent_acc': 0.904, 'below_0.01_percent_acc': 0.903, 'below_0.001_percent_acc': 0.866, 'below_0.0001_percent_acc': 0.865, 'valid_acc': 1.0}
Epoch: 6	Batch time (2.544012)	Data time (0.035608)	Cuda time (0.000002)	Loss (8.960800)	Accuracy (0.988856)
EVALUATING
{'loss': 8.685999994277955, 'accuracy': 0.9926355898380279, 'perfect_match_accuracy': 0.574, 'cost_ratio_suggested_true': 1.0256546235084534, 'below_10.0_percent_acc': 1.0, 'below_1.0_percent_acc': 0.954, 'below_0.1_percent_acc': 0.904, 'below_0.01_percent_acc': 0.903, 'below_0.001_percent_acc': 0.866, 'below_0.0001_percent_acc': 0.866, 'valid_acc': 1.0}
Epoch: 7	Batch time (2.540257)	Data time (0.035586)	Cuda time (0.000003)	Loss (8.866800)	Accuracy (0.988799)
EVALUATING
{'loss': 9.46100004196167, 'accuracy': 0.9915244722366333, 'perfect_match_accuracy': 0.559, 'cost_ratio_suggested_true': 1.0254265546798706, 'below_10.0_percent_acc': 1.0, 'below_1.0_percent_acc': 0.933, 'below_0.1_percent_acc': 0.887, 'below_0.01_percent_acc': 0.886, 'below_0.001_percent_acc': 0.852, 'below_0.0001_percent_acc': 0.852, 'valid_acc': 1.0}
Epoch: 8	Batch time (2.451403)	Data time (0.035544)	Cuda time (0.000002)	Loss (8.538600)	Accuracy (0.989273)
EVALUATING
{'loss': 7.919999928474426, 'accuracy': 0.9933200234174728, 'perfect_match_accuracy': 0.617, 'cost_ratio_suggested_true': 1.016152503490448, 'below_10.0_percent_acc': 1.0, 'below_1.0_percent_acc': 0.965, 'below_0.1_percent_acc': 0.925, 'below_0.01_percent_acc': 0.924, 'below_0.001_percent_acc': 0.893, 'below_0.0001_percent_acc': 0.893, 'valid_acc': 1.0}
Epoch: 9	Batch time (2.454720)	Data time (0.035538)	Cuda time (0.000002)	Loss (8.828300)	Accuracy (0.989044)
EVALUATING
{'loss': 9.060000143051148, 'accuracy': 0.9919911414384842, 'perfect_match_accuracy': 0.578, 'cost_ratio_suggested_true': 1.0250369918346405, 'below_10.0_percent_acc': 1.0, 'below_1.0_percent_acc': 0.949, 'below_0.1_percent_acc': 0.909, 'below_0.01_percent_acc': 0.908, 'below_0.001_percent_acc': 0.876, 'below_0.0001_percent_acc': 0.875, 'valid_acc': 1.0}
Epoch: 10	Batch time (2.454911)	Data time (0.035537)	Cuda time (0.000002)	Loss (8.449800)	Accuracy (0.989467)
EVALUATING
{'loss': 8.45400013923645, 'accuracy': 0.9925478082895279, 'perfect_match_accuracy': 0.597, 'cost_ratio_suggested_true': 1.0190515983104707, 'below_10.0_percent_acc': 1.0, 'below_1.0_percent_acc': 0.957, 'below_0.1_percent_acc': 0.916, 'below_0.01_percent_acc': 0.915, 'below_0.001_percent_acc': 0.893, 'below_0.0001_percent_acc': 0.892, 'valid_acc': 1.0}
Epoch: 11	Batch time (2.454004)	Data time (0.035551)	Cuda time (0.000002)	Loss (8.161000)	Accuracy (0.989683)
EVALUATING
{'loss': 8.865000023841858, 'accuracy': 0.9928989148139954, 'perfect_match_accuracy': 0.609, 'cost_ratio_suggested_true': 1.0164244592189788, 'below_10.0_percent_acc': 1.0, 'below_1.0_percent_acc': 0.961, 'below_0.1_percent_acc': 0.914, 'below_0.01_percent_acc': 0.913, 'below_0.001_percent_acc': 0.891, 'below_0.0001_percent_acc': 0.891, 'valid_acc': 1.0}
Epoch: 12	Batch time (2.451915)	Data time (0.035539)	Cuda time (0.000002)	Loss (8.007500)	Accuracy (0.989861)
EVALUATING
{'loss': 8.717000102996826, 'accuracy': 0.9927822470664978, 'perfect_match_accuracy': 0.619, 'cost_ratio_suggested_true': 1.0183827114105224, 'below_10.0_percent_acc': 1.0, 'below_1.0_percent_acc': 0.957, 'below_0.1_percent_acc': 0.91, 'below_0.01_percent_acc': 0.909, 'below_0.001_percent_acc': 0.883, 'below_0.0001_percent_acc': 0.883, 'valid_acc': 1.0}
Epoch: 13	Batch time (2.452392)	Data time (0.035550)	Cuda time (0.000002)	Loss (7.810600)	Accuracy (0.990153)
EVALUATING
{'loss': 8.211000080108642, 'accuracy': 0.9932822513580323, 'perfect_match_accuracy': 0.602, 'cost_ratio_suggested_true': 1.0223765587806701, 'below_10.0_percent_acc': 1.0, 'below_1.0_percent_acc': 0.966, 'below_0.1_percent_acc': 0.922, 'below_0.01_percent_acc': 0.921, 'below_0.001_percent_acc': 0.876, 'below_0.0001_percent_acc': 0.876, 'valid_acc': 1.0}
Epoch: 14	Batch time (2.451992)	Data time (0.035553)	Cuda time (0.000002)	Loss (7.772600)	Accuracy (0.990050)
EVALUATING
{'loss': 8.436000137329101, 'accuracy': 0.9929244714975357, 'perfect_match_accuracy': 0.595, 'cost_ratio_suggested_true': 1.0179774057865143, 'below_10.0_percent_acc': 1.0, 'below_1.0_percent_acc': 0.96, 'below_0.1_percent_acc': 0.914, 'below_0.01_percent_acc': 0.913, 'below_0.001_percent_acc': 0.879, 'below_0.0001_percent_acc': 0.879, 'valid_acc': 1.0}
Epoch: 15	Batch time (2.452816)	Data time (0.035650)	Cuda time (0.000002)	Loss (7.755900)	Accuracy (0.989963)
EVALUATING
{'loss': 8.187999963760376, 'accuracy': 0.9933489149808884, 'perfect_match_accuracy': 0.615, 'cost_ratio_suggested_true': 1.0224852311611174, 'below_10.0_percent_acc': 1.0, 'below_1.0_percent_acc': 0.969, 'below_0.1_percent_acc': 0.928, 'below_0.01_percent_acc': 0.928, 'below_0.001_percent_acc': 0.896, 'below_0.0001_percent_acc': 0.896, 'valid_acc': 1.0}
Epoch: 16	Batch time (2.452217)	Data time (0.035571)	Cuda time (0.000002)	Loss (7.674300)	Accuracy (0.990345)
EVALUATING
{'loss': 8.937999987602234, 'accuracy': 0.993216700553894, 'perfect_match_accuracy': 0.61, 'cost_ratio_suggested_true': 1.0180518531799316, 'below_10.0_percent_acc': 1.0, 'below_1.0_percent_acc': 0.971, 'below_0.1_percent_acc': 0.932, 'below_0.01_percent_acc': 0.931, 'below_0.001_percent_acc': 0.911, 'below_0.0001_percent_acc': 0.911, 'valid_acc': 1.0}
Epoch: 17	Batch time (2.452402)	Data time (0.035597)	Cuda time (0.000002)	Loss (7.317500)	Accuracy (0.990500)
EVALUATING
{'loss': 8.499000129699708, 'accuracy': 0.9928666919469833, 'perfect_match_accuracy': 0.616, 'cost_ratio_suggested_true': 1.0211036038398742, 'below_10.0_percent_acc': 1.0, 'below_1.0_percent_acc': 0.963, 'below_0.1_percent_acc': 0.922, 'below_0.01_percent_acc': 0.92, 'below_0.001_percent_acc': 0.883, 'below_0.0001_percent_acc': 0.883, 'valid_acc': 1.0}
Epoch: 18	Batch time (2.461336)	Data time (0.035613)	Cuda time (0.000002)	Loss (7.554400)	Accuracy (0.990262)
EVALUATING
{'loss': 8.265000019073486, 'accuracy': 0.9932433533668518, 'perfect_match_accuracy': 0.638, 'cost_ratio_suggested_true': 1.0198800230026246, 'below_10.0_percent_acc': 1.0, 'below_1.0_percent_acc': 0.97, 'below_0.1_percent_acc': 0.931, 'below_0.01_percent_acc': 0.929, 'below_0.001_percent_acc': 0.895, 'below_0.0001_percent_acc': 0.895, 'valid_acc': 1.0}
Epoch: 19	Batch time (2.453239)	Data time (0.035612)	Cuda time (0.000002)	Loss (7.296500)	Accuracy (0.990656)
EVALUATING
{'loss': 7.719000105857849, 'accuracy': 0.9936100274324418, 'perfect_match_accuracy': 0.657, 'cost_ratio_suggested_true': 1.0166776490211487, 'below_10.0_percent_acc': 1.0, 'below_1.0_percent_acc': 0.967, 'below_0.1_percent_acc': 0.926, 'below_0.01_percent_acc': 0.925, 'below_0.001_percent_acc': 0.885, 'below_0.0001_percent_acc': 0.885, 'valid_acc': 1.0}
Epoch: 20	Batch time (2.454357)	Data time (0.035622)	Cuda time (0.000002)	Loss (7.121400)	Accuracy (0.990854)
EVALUATING
{'loss': 8.012000074386597, 'accuracy': 0.9930722463130951, 'perfect_match_accuracy': 0.616, 'cost_ratio_suggested_true': 1.020739952325821, 'below_10.0_percent_acc': 1.0, 'below_1.0_percent_acc': 0.962, 'below_0.1_percent_acc': 0.919, 'below_0.01_percent_acc': 0.919, 'below_0.001_percent_acc': 0.889, 'below_0.0001_percent_acc': 0.889, 'valid_acc': 1.0}
Epoch: 21	Batch time (2.454573)	Data time (0.035581)	Cuda time (0.000002)	Loss (7.036300)	Accuracy (0.990625)
EVALUATING
{'loss': 7.7959999752044675, 'accuracy': 0.9935555857419968, 'perfect_match_accuracy': 0.646, 'cost_ratio_suggested_true': 1.014879366159439, 'below_10.0_percent_acc': 1.0, 'below_1.0_percent_acc': 0.965, 'below_0.1_percent_acc': 0.925, 'below_0.01_percent_acc': 0.923, 'below_0.001_percent_acc': 0.896, 'below_0.0001_percent_acc': 0.896, 'valid_acc': 1.0}
Epoch: 22	Batch time (2.454990)	Data time (0.035624)	Cuda time (0.000002)	Loss (6.898700)	Accuracy (0.990856)
EVALUATING
{'loss': 7.692000060081482, 'accuracy': 0.9936455845832824, 'perfect_match_accuracy': 0.629, 'cost_ratio_suggested_true': 1.015501321554184, 'below_10.0_percent_acc': 1.0, 'below_1.0_percent_acc': 0.968, 'below_0.1_percent_acc': 0.928, 'below_0.01_percent_acc': 0.927, 'below_0.001_percent_acc': 0.903, 'below_0.0001_percent_acc': 0.903, 'valid_acc': 1.0}
Epoch: 23	Batch time (2.454839)	Data time (0.035614)	Cuda time (0.000002)	Loss (7.226500)	Accuracy (0.990997)
EVALUATING
{'loss': 7.772999997138977, 'accuracy': 0.9934666949510574, 'perfect_match_accuracy': 0.624, 'cost_ratio_suggested_true': 1.016724728345871, 'below_10.0_percent_acc': 1.0, 'below_1.0_percent_acc': 0.977, 'below_0.1_percent_acc': 0.942, 'below_0.01_percent_acc': 0.941, 'below_0.001_percent_acc': 0.911, 'below_0.0001_percent_acc': 0.911, 'valid_acc': 1.0}
Epoch: 24	Batch time (2.456926)	Data time (0.035583)	Cuda time (0.000002)	Loss (7.102900)	Accuracy (0.990837)
EVALUATING
{'loss': 7.897000055313111, 'accuracy': 0.9932700258493423, 'perfect_match_accuracy': 0.635, 'cost_ratio_suggested_true': 1.025538432598114, 'below_10.0_percent_acc': 1.0, 'below_1.0_percent_acc': 0.955, 'below_0.1_percent_acc': 0.912, 'below_0.01_percent_acc': 0.911, 'below_0.001_percent_acc': 0.89, 'below_0.0001_percent_acc': 0.89, 'valid_acc': 1.0}
Epoch: 25	Batch time (2.457719)	Data time (0.035648)	Cuda time (0.000002)	Loss (7.096600)	Accuracy (0.990930)
EVALUATING
{'loss': 7.706000089645386, 'accuracy': 0.9935322523117065, 'perfect_match_accuracy': 0.645, 'cost_ratio_suggested_true': 1.01333549618721, 'below_10.0_percent_acc': 1.0, 'below_1.0_percent_acc': 0.962, 'below_0.1_percent_acc': 0.926, 'below_0.01_percent_acc': 0.925, 'below_0.001_percent_acc': 0.891, 'below_0.0001_percent_acc': 0.891, 'valid_acc': 1.0}
Epoch: 26	Batch time (2.454898)	Data time (0.035558)	Cuda time (0.000002)	Loss (6.834500)	Accuracy (0.991088)
EVALUATING
{'loss': 8.221000089645386, 'accuracy': 0.9929078006744385, 'perfect_match_accuracy': 0.632, 'cost_ratio_suggested_true': 1.0254919052124023, 'below_10.0_percent_acc': 0.999, 'below_1.0_percent_acc': 0.945, 'below_0.1_percent_acc': 0.907, 'below_0.01_percent_acc': 0.906, 'below_0.001_percent_acc': 0.88, 'below_0.0001_percent_acc': 0.88, 'valid_acc': 1.0}
Epoch: 27	Batch time (2.454966)	Data time (0.035543)	Cuda time (0.000002)	Loss (6.809000)	Accuracy (0.991041)
EVALUATING
{'loss': 7.799000053405762, 'accuracy': 0.9931411457061767, 'perfect_match_accuracy': 0.627, 'cost_ratio_suggested_true': 1.0196946811676026, 'below_10.0_percent_acc': 1.0, 'below_1.0_percent_acc': 0.963, 'below_0.1_percent_acc': 0.922, 'below_0.01_percent_acc': 0.92, 'below_0.001_percent_acc': 0.899, 'below_0.0001_percent_acc': 0.899, 'valid_acc': 1.0}
Epoch: 28	Batch time (2.453585)	Data time (0.035527)	Cuda time (0.000002)	Loss (6.861000)	Accuracy (0.990998)
EVALUATING
{'loss': 7.6310000705719, 'accuracy': 0.9933600211143494, 'perfect_match_accuracy': 0.66, 'cost_ratio_suggested_true': 1.0177734398841858, 'below_10.0_percent_acc': 1.0, 'below_1.0_percent_acc': 0.97, 'below_0.1_percent_acc': 0.927, 'below_0.01_percent_acc': 0.925, 'below_0.001_percent_acc': 0.88, 'below_0.0001_percent_acc': 0.88, 'valid_acc': 1.0}
Epoch: 29	Batch time (2.453906)	Data time (0.035543)	Cuda time (0.000002)	Loss (6.557400)	Accuracy (0.991340)
EVALUATING
{'loss': 7.597000041007996, 'accuracy': 0.9935177999734879, 'perfect_match_accuracy': 0.645, 'cost_ratio_suggested_true': 1.0190699422359466, 'below_10.0_percent_acc': 1.0, 'below_1.0_percent_acc': 0.972, 'below_0.1_percent_acc': 0.936, 'below_0.01_percent_acc': 0.935, 'below_0.001_percent_acc': 0.912, 'below_0.0001_percent_acc': 0.912, 'valid_acc': 1.0}
Epoch: 30	Batch time (2.455012)	Data time (0.035544)	Cuda time (0.000002)	Loss (6.632200)	Accuracy (0.991329)
EVALUATING
{'loss': 7.4730000495910645, 'accuracy': 0.9942011421918869, 'perfect_match_accuracy': 0.664, 'cost_ratio_suggested_true': 1.0193789565563203, 'below_10.0_percent_acc': 1.0, 'below_1.0_percent_acc': 0.971, 'below_0.1_percent_acc': 0.934, 'below_0.01_percent_acc': 0.933, 'below_0.001_percent_acc': 0.908, 'below_0.0001_percent_acc': 0.908, 'valid_acc': 1.0}
Epoch: 31	Batch time (2.454863)	Data time (0.035562)	Cuda time (0.000002)	Loss (5.608200)	Accuracy (0.992408)
EVALUATING
{'loss': 7.1530000114440915, 'accuracy': 0.9945666885375977, 'perfect_match_accuracy': 0.691, 'cost_ratio_suggested_true': 1.0141650068759918, 'below_10.0_percent_acc': 1.0, 'below_1.0_percent_acc': 0.98, 'below_0.1_percent_acc': 0.951, 'below_0.01_percent_acc': 0.95, 'below_0.001_percent_acc': 0.926, 'below_0.0001_percent_acc': 0.926, 'valid_acc': 1.0}
Epoch: 32	Batch time (2.459046)	Data time (0.035439)	Cuda time (0.000002)	Loss (5.313900)	Accuracy (0.992665)
EVALUATING
{'loss': 7.196000008583069, 'accuracy': 0.9944689166545868, 'perfect_match_accuracy': 0.699, 'cost_ratio_suggested_true': 1.0139486289024353, 'below_10.0_percent_acc': 1.0, 'below_1.0_percent_acc': 0.979, 'below_0.1_percent_acc': 0.951, 'below_0.01_percent_acc': 0.949, 'below_0.001_percent_acc': 0.918, 'below_0.0001_percent_acc': 0.918, 'valid_acc': 1.0}
Epoch: 33	Batch time (2.456204)	Data time (0.035439)	Cuda time (0.000002)	Loss (5.149500)	Accuracy (0.992840)
EVALUATING
{'loss': 6.766999921798706, 'accuracy': 0.9945866918563843, 'perfect_match_accuracy': 0.699, 'cost_ratio_suggested_true': 1.0132954287528992, 'below_10.0_percent_acc': 1.0, 'below_1.0_percent_acc': 0.979, 'below_0.1_percent_acc': 0.951, 'below_0.01_percent_acc': 0.95, 'below_0.001_percent_acc': 0.925, 'below_0.0001_percent_acc': 0.925, 'valid_acc': 1.0}
Epoch: 34	Batch time (2.506504)	Data time (0.035522)	Cuda time (0.000002)	Loss (5.114500)	Accuracy (0.992826)
EVALUATING
{'loss': 7.244000082015991, 'accuracy': 0.9946344673633576, 'perfect_match_accuracy': 0.69, 'cost_ratio_suggested_true': 1.0130320465564728, 'below_10.0_percent_acc': 1.0, 'below_1.0_percent_acc': 0.981, 'below_0.1_percent_acc': 0.953, 'below_0.01_percent_acc': 0.951, 'below_0.001_percent_acc': 0.916, 'below_0.0001_percent_acc': 0.916, 'valid_acc': 1.0}
Epoch: 35	Batch time (2.548747)	Data time (0.035518)	Cuda time (0.000002)	Loss (5.062200)	Accuracy (0.992861)
EVALUATING
{'loss': 6.56200002193451, 'accuracy': 0.9944522565603257, 'perfect_match_accuracy': 0.687, 'cost_ratio_suggested_true': 1.0133471310138702, 'below_10.0_percent_acc': 1.0, 'below_1.0_percent_acc': 0.98, 'below_0.1_percent_acc': 0.947, 'below_0.01_percent_acc': 0.945, 'below_0.001_percent_acc': 0.91, 'below_0.0001_percent_acc': 0.91, 'valid_acc': 1.0}
Epoch: 36	Batch time (2.548787)	Data time (0.035577)	Cuda time (0.000002)	Loss (5.052000)	Accuracy (0.993004)
EVALUATING
{'loss': 6.626000080108643, 'accuracy': 0.9948377978801727, 'perfect_match_accuracy': 0.699, 'cost_ratio_suggested_true': 1.0134166741371156, 'below_10.0_percent_acc': 1.0, 'below_1.0_percent_acc': 0.981, 'below_0.1_percent_acc': 0.954, 'below_0.01_percent_acc': 0.953, 'below_0.001_percent_acc': 0.919, 'below_0.0001_percent_acc': 0.919, 'valid_acc': 1.0}
Epoch: 37	Batch time (2.546711)	Data time (0.035573)	Cuda time (0.000002)	Loss (4.874400)	Accuracy (0.993031)
EVALUATING
{'loss': 6.780000057220459, 'accuracy': 0.9943766927719117, 'perfect_match_accuracy': 0.69, 'cost_ratio_suggested_true': 1.0139966869354249, 'below_10.0_percent_acc': 1.0, 'below_1.0_percent_acc': 0.977, 'below_0.1_percent_acc': 0.944, 'below_0.01_percent_acc': 0.942, 'below_0.001_percent_acc': 0.913, 'below_0.0001_percent_acc': 0.913, 'valid_acc': 1.0}
Epoch: 38	Batch time (2.548210)	Data time (0.035550)	Cuda time (0.000002)	Loss (4.874500)	Accuracy (0.992980)
EVALUATING
{'loss': 6.920000009536743, 'accuracy': 0.9944389152526856, 'perfect_match_accuracy': 0.697, 'cost_ratio_suggested_true': 1.0147431325912475, 'below_10.0_percent_acc': 1.0, 'below_1.0_percent_acc': 0.976, 'below_0.1_percent_acc': 0.948, 'below_0.01_percent_acc': 0.947, 'below_0.001_percent_acc': 0.918, 'below_0.0001_percent_acc': 0.918, 'valid_acc': 1.0}
Epoch: 39	Batch time (2.530757)	Data time (0.035614)	Cuda time (0.000002)	Loss (5.004300)	Accuracy (0.993303)
EVALUATING
{'loss': 7.056000018119812, 'accuracy': 0.9945166957378387, 'perfect_match_accuracy': 0.682, 'cost_ratio_suggested_true': 1.0154550230503083, 'below_10.0_percent_acc': 1.0, 'below_1.0_percent_acc': 0.98, 'below_0.1_percent_acc': 0.951, 'below_0.01_percent_acc': 0.95, 'below_0.001_percent_acc': 0.918, 'below_0.0001_percent_acc': 0.918, 'valid_acc': 1.0}
Epoch: 40	Batch time (2.452680)	Data time (0.035504)	Cuda time (0.000002)	Loss (4.823000)	Accuracy (0.993128)
EVALUATING
{'loss': 6.609999971389771, 'accuracy': 0.9944389140605927, 'perfect_match_accuracy': 0.684, 'cost_ratio_suggested_true': 1.0148327815532685, 'below_10.0_percent_acc': 1.0, 'below_1.0_percent_acc': 0.981, 'below_0.1_percent_acc': 0.951, 'below_0.01_percent_acc': 0.949, 'below_0.001_percent_acc': 0.917, 'below_0.0001_percent_acc': 0.917, 'valid_acc': 1.0}
Epoch: 41	Batch time (2.454566)	Data time (0.035502)	Cuda time (0.000002)	Loss (4.813600)	Accuracy (0.993299)
EVALUATING
{'loss': 6.903000016212463, 'accuracy': 0.9943255805969238, 'perfect_match_accuracy': 0.682, 'cost_ratio_suggested_true': 1.015193785429001, 'below_10.0_percent_acc': 1.0, 'below_1.0_percent_acc': 0.98, 'below_0.1_percent_acc': 0.95, 'below_0.01_percent_acc': 0.948, 'below_0.001_percent_acc': 0.918, 'below_0.0001_percent_acc': 0.918, 'valid_acc': 1.0}
Epoch: 42	Batch time (2.477452)	Data time (0.035506)	Cuda time (0.000002)	Loss (4.648900)	Accuracy (0.993339)
EVALUATING
{'loss': 6.691000056266785, 'accuracy': 0.9944200253486634, 'perfect_match_accuracy': 0.688, 'cost_ratio_suggested_true': 1.0150030601024627, 'below_10.0_percent_acc': 1.0, 'below_1.0_percent_acc': 0.98, 'below_0.1_percent_acc': 0.951, 'below_0.01_percent_acc': 0.949, 'below_0.001_percent_acc': 0.918, 'below_0.0001_percent_acc': 0.918, 'valid_acc': 1.0}
Epoch: 43	Batch time (2.547258)	Data time (0.035511)	Cuda time (0.000003)	Loss (4.639900)	Accuracy (0.993295)
EVALUATING
{'loss': 6.760000114440918, 'accuracy': 0.994463364481926, 'perfect_match_accuracy': 0.689, 'cost_ratio_suggested_true': 1.0150193989276886, 'below_10.0_percent_acc': 1.0, 'below_1.0_percent_acc': 0.982, 'below_0.1_percent_acc': 0.953, 'below_0.01_percent_acc': 0.951, 'below_0.001_percent_acc': 0.918, 'below_0.0001_percent_acc': 0.918, 'valid_acc': 1.0}
Epoch: 44	Batch time (2.541559)	Data time (0.035495)	Cuda time (0.000002)	Loss (4.579200)	Accuracy (0.993423)
EVALUATING
{'loss': 6.838000059127808, 'accuracy': 0.9944789201021195, 'perfect_match_accuracy': 0.693, 'cost_ratio_suggested_true': 1.0146310067176818, 'below_10.0_percent_acc': 1.0, 'below_1.0_percent_acc': 0.98, 'below_0.1_percent_acc': 0.951, 'below_0.01_percent_acc': 0.949, 'below_0.001_percent_acc': 0.92, 'below_0.0001_percent_acc': 0.92, 'valid_acc': 1.0}
Epoch: 45	Batch time (2.542303)	Data time (0.035498)	Cuda time (0.000002)	Loss (4.608200)	Accuracy (0.993535)
EVALUATING
{'loss': 6.666000089645386, 'accuracy': 0.9943811410665512, 'perfect_match_accuracy': 0.689, 'cost_ratio_suggested_true': 1.0152373862266542, 'below_10.0_percent_acc': 1.0, 'below_1.0_percent_acc': 0.981, 'below_0.1_percent_acc': 0.951, 'below_0.01_percent_acc': 0.949, 'below_0.001_percent_acc': 0.915, 'below_0.0001_percent_acc': 0.915, 'valid_acc': 1.0}
Epoch: 46	Batch time (2.545663)	Data time (0.035486)	Cuda time (0.000002)	Loss (4.597000)	Accuracy (0.993375)
EVALUATING
{'loss': 6.466000022888184, 'accuracy': 0.9943233525753021, 'perfect_match_accuracy': 0.688, 'cost_ratio_suggested_true': 1.015084420442581, 'below_10.0_percent_acc': 1.0, 'below_1.0_percent_acc': 0.978, 'below_0.1_percent_acc': 0.951, 'below_0.01_percent_acc': 0.949, 'below_0.001_percent_acc': 0.917, 'below_0.0001_percent_acc': 0.917, 'valid_acc': 1.0}
Epoch: 47	Batch time (2.542338)	Data time (0.035531)	Cuda time (0.000002)	Loss (4.717200)	Accuracy (0.993410)
EVALUATING
{'loss': 6.891000051498413, 'accuracy': 0.9942633587121964, 'perfect_match_accuracy': 0.684, 'cost_ratio_suggested_true': 1.0148555934429169, 'below_10.0_percent_acc': 1.0, 'below_1.0_percent_acc': 0.979, 'below_0.1_percent_acc': 0.948, 'below_0.01_percent_acc': 0.946, 'below_0.001_percent_acc': 0.911, 'below_0.0001_percent_acc': 0.911, 'valid_acc': 1.0}
Epoch: 48	Batch time (2.568845)	Data time (0.035911)	Cuda time (0.000003)	Loss (4.616300)	Accuracy (0.993440)
EVALUATING
{'loss': 6.687000064849854, 'accuracy': 0.9944033569097519, 'perfect_match_accuracy': 0.69, 'cost_ratio_suggested_true': 1.0150118720531465, 'below_10.0_percent_acc': 1.0, 'below_1.0_percent_acc': 0.978, 'below_0.1_percent_acc': 0.949, 'below_0.01_percent_acc': 0.947, 'below_0.001_percent_acc': 0.915, 'below_0.0001_percent_acc': 0.915, 'valid_acc': 1.0}
Epoch: 49	Batch time (2.541644)	Data time (0.035929)	Cuda time (0.000002)	Loss (4.602300)	Accuracy (0.993532)
EVALUATING
{'loss': 6.719000082015992, 'accuracy': 0.9944200271368027, 'perfect_match_accuracy': 0.692, 'cost_ratio_suggested_true': 1.0151189756393433, 'below_10.0_percent_acc': 1.0, 'below_1.0_percent_acc': 0.978, 'below_0.1_percent_acc': 0.949, 'below_0.01_percent_acc': 0.947, 'below_0.001_percent_acc': 0.918, 'below_0.0001_percent_acc': 0.918, 'valid_acc': 1.0}
Epoch: 50	Batch time (2.566801)	Data time (0.036967)	Cuda time (0.000002)	Loss (4.636300)	Accuracy (0.993634)
EVALUATING
{'loss': 6.992000155448913, 'accuracy': 0.9942433607578277, 'perfect_match_accuracy': 0.685, 'cost_ratio_suggested_true': 1.0156001782417297, 'below_10.0_percent_acc': 1.0, 'below_1.0_percent_acc': 0.978, 'below_0.1_percent_acc': 0.948, 'below_0.01_percent_acc': 0.946, 'below_0.001_percent_acc': 0.915, 'below_0.0001_percent_acc': 0.915, 'valid_acc': 1.0}
