No existing entry for trainer_params.mode.type
{}[type] = <class 'int'>(5)
No existing entry for trainer_params.mode.objective_type
{'type': 5}[objective_type] = <class 'str'>(dpo)
No existing entry for trainer_params.mode.use_marginal
{'type': 5, 'objective_type': 'dpo'}[use_marginal] = <class 'bool'>(True)
No existing entry for trainer_params.mode.nb_samples
{'type': 5, 'objective_type': 'dpo', 'use_marginal': True}[nb_samples] = <class 'int'>(1)
No existing entry for trainer_params.mode.temperature
{'type': 5, 'objective_type': 'dpo', 'use_marginal': True, 'nb_samples': 1}[temperature] = <class 'float'>(0.5)
No existing entry for trainer_params.mode.use_gamma
{'type': 5, 'objective_type': 'dpo', 'use_marginal': True, 'nb_samples': 1, 'temperature': 0.5}[use_gamma] = <class 'bool'>(False)
No existing entry for trainer_params.mode.loss_type
{'type': 5, 'objective_type': 'dpo', 'use_marginal': True, 'nb_samples': 1, 'temperature': 0.5, 'use_gamma': False}[loss_type] = <class 'str'>(fy)
No existing entry for trainer_params.mode.perturb_w
{'type': 5, 'objective_type': 'dpo', 'use_marginal': True, 'nb_samples': 1, 'temperature': 0.5, 'use_gamma': False, 'loss_type': 'fy'}[perturb_w] = <class 'bool'>(False)
No existing entry for trainer_params.mode.perturb_w_prime
{'type': 5, 'objective_type': 'dpo', 'use_marginal': True, 'nb_samples': 1, 'temperature': 0.5, 'use_gamma': False, 'loss_type': 'fy', 'perturb_w': False}[perturb_w_prime] = <class 'bool'>(False)
{'batch_size': 70, 'l1_regconst': 0.0, 'lambda_val': 20.0, 'lr_milestone_1': 30, 'lr_milestone_2': 40, 'model_params': {'arch_params': {}, 'model_name': 'CombResnet18'}, 'neighbourhood_fn': '8-grid', 'optimizer_name': 'Adam', 'optimizer_params': {'lr': 0.0005}, 'preload_batch': True, 'use_cuda': True, 'use_lr_scheduling': True, 'mode': {'type': 5, 'objective_type': 'dpo', 'use_marginal': True, 'nb_samples': 1, 'temperature': 0.5, 'use_gamma': False, 'loss_type': 'fy', 'perturb_w': False, 'perturb_w_prime': False}}[lambda_val] = <class 'float'>(0.0)
No existing entry for trainer_params.mode.dpo.maximize
{}[maximize] = <class 'bool'>(False)
{'data_dir': 'data/warcraft_shortest_path/12x12', 'evaluate_with_extra': False, 'normalize': True, 'use_local_path': False, 'use_test_set': True}[data_dir] = <class 'str'>(data/warcraft_shortest_path/18x18)
{'evaluate_every': 5, 'loader_params': {'data_dir': 'data/warcraft_shortest_path/18x18', 'evaluate_with_extra': False, 'normalize': True, 'use_local_path': False, 'use_test_set': True}, 'model_dir': 'results/warcraft_shortest_path_combresnet', 'num_cpus': 40, 'num_epochs': 50, 'problem_type': 'warcraft_shortest_path', 'ray_params': {}, 'save_visualizations': False, 'seed': 1, 'trainer_name': 'DijkstraMAP', 'trainer_params': {'batch_size': 70, 'l1_regconst': 0.0, 'lambda_val': 0.0, 'lr_milestone_1': 30, 'lr_milestone_2': 40, 'model_params': {'arch_params': {}, 'model_name': 'CombResnet18'}, 'neighbourhood_fn': '8-grid', 'optimizer_name': 'Adam', 'optimizer_params': {'lr': 0.0005}, 'preload_batch': True, 'use_cuda': True, 'use_lr_scheduling': True, 'mode': {'type': 5, 'objective_type': 'dpo', 'use_marginal': True, 'nb_samples': 1, 'temperature': 0.5, 'use_gamma': False, 'loss_type': 'fy', 'perturb_w': False, 'perturb_w_prime': False, 'dpo': {'maximize': False}}}, 'use_ray': True}[seed] = <class 'int'>(2)
{'evaluate_every': 5, 'loader_params': {'data_dir': 'data/warcraft_shortest_path/18x18', 'evaluate_with_extra': False, 'normalize': True, 'use_local_path': False, 'use_test_set': True}, 'model_dir': 'results/warcraft_shortest_path_combresnet', 'num_cpus': 40, 'num_epochs': 50, 'problem_type': 'warcraft_shortest_path', 'ray_params': {}, 'save_visualizations': False, 'seed': 2, 'trainer_name': 'DijkstraMAP', 'trainer_params': {'batch_size': 70, 'l1_regconst': 0.0, 'lambda_val': 0.0, 'lr_milestone_1': 30, 'lr_milestone_2': 40, 'model_params': {'arch_params': {}, 'model_name': 'CombResnet18'}, 'neighbourhood_fn': '8-grid', 'optimizer_name': 'Adam', 'optimizer_params': {'lr': 0.0005}, 'preload_batch': True, 'use_cuda': True, 'use_lr_scheduling': True, 'mode': {'type': 5, 'objective_type': 'dpo', 'use_marginal': True, 'nb_samples': 1, 'temperature': 0.5, 'use_gamma': False, 'loss_type': 'fy', 'perturb_w': False, 'perturb_w_prime': False, 'dpo': {'maximize': False}}}, 'use_ray': True}[evaluate_every] = <class 'int'>(1)
{'evaluate_every': 1, 'loader_params': {'data_dir': 'data/warcraft_shortest_path/18x18', 'evaluate_with_extra': False, 'normalize': True, 'use_local_path': False, 'use_test_set': True}, 'model_dir': 'results/warcraft_shortest_path_combresnet', 'num_cpus': 40, 'num_epochs': 50, 'problem_type': 'warcraft_shortest_path', 'ray_params': {}, 'save_visualizations': False, 'seed': 2, 'trainer_name': 'DijkstraMAP', 'trainer_params': {'batch_size': 70, 'l1_regconst': 0.0, 'lambda_val': 0.0, 'lr_milestone_1': 30, 'lr_milestone_2': 40, 'model_params': {'arch_params': {}, 'model_name': 'CombResnet18'}, 'neighbourhood_fn': '8-grid', 'optimizer_name': 'Adam', 'optimizer_params': {'lr': 0.0005}, 'preload_batch': True, 'use_cuda': True, 'use_lr_scheduling': True, 'mode': {'type': 5, 'objective_type': 'dpo', 'use_marginal': True, 'nb_samples': 1, 'temperature': 0.5, 'use_gamma': False, 'loss_type': 'fy', 'perturb_w': False, 'perturb_w_prime': False, 'dpo': {'maximize': False}}}, 'use_ray': True}[use_ray] = <class 'bool'>(False)
No existing entry for trainer_params.mode.type
{}[type] = <class 'int'>(5)
No existing entry for trainer_params.mode.objective_type
{'type': 5}[objective_type] = <class 'str'>(dpo)
No existing entry for trainer_params.mode.use_marginal
{'type': 5, 'objective_type': 'dpo'}[use_marginal] = <class 'bool'>(True)
No existing entry for trainer_params.mode.nb_samples
{'type': 5, 'objective_type': 'dpo', 'use_marginal': True}[nb_samples] = <class 'int'>(1)
No existing entry for trainer_params.mode.temperature
{'type': 5, 'objective_type': 'dpo', 'use_marginal': True, 'nb_samples': 1}[temperature] = <class 'float'>(0.5)
No existing entry for trainer_params.mode.use_gamma
{'type': 5, 'objective_type': 'dpo', 'use_marginal': True, 'nb_samples': 1, 'temperature': 0.5}[use_gamma] = <class 'bool'>(False)
No existing entry for trainer_params.mode.loss_type
{'type': 5, 'objective_type': 'dpo', 'use_marginal': True, 'nb_samples': 1, 'temperature': 0.5, 'use_gamma': False}[loss_type] = <class 'str'>(fy)
No existing entry for trainer_params.mode.perturb_w
{'type': 5, 'objective_type': 'dpo', 'use_marginal': True, 'nb_samples': 1, 'temperature': 0.5, 'use_gamma': False, 'loss_type': 'fy'}[perturb_w] = <class 'bool'>(False)
No existing entry for trainer_params.mode.perturb_w_prime
{'type': 5, 'objective_type': 'dpo', 'use_marginal': True, 'nb_samples': 1, 'temperature': 0.5, 'use_gamma': False, 'loss_type': 'fy', 'perturb_w': False}[perturb_w_prime] = <class 'bool'>(False)
{'batch_size': 70, 'l1_regconst': 0.0, 'lambda_val': 20.0, 'lr_milestone_1': 30, 'lr_milestone_2': 40, 'model_params': {'arch_params': {}, 'model_name': 'CombResnet18'}, 'neighbourhood_fn': '8-grid', 'optimizer_name': 'Adam', 'optimizer_params': {'lr': 0.0005}, 'preload_batch': True, 'use_cuda': True, 'use_lr_scheduling': True, 'mode': {'type': 5, 'objective_type': 'dpo', 'use_marginal': True, 'nb_samples': 1, 'temperature': 0.5, 'use_gamma': False, 'loss_type': 'fy', 'perturb_w': False, 'perturb_w_prime': False}}[lambda_val] = <class 'float'>(0.0)
No existing entry for trainer_params.mode.dpo.maximize
{}[maximize] = <class 'bool'>(False)
{'data_dir': 'data/warcraft_shortest_path/12x12', 'evaluate_with_extra': False, 'normalize': True, 'use_local_path': False, 'use_test_set': True}[data_dir] = <class 'str'>(data/warcraft_shortest_path/18x18)
{'evaluate_every': 5, 'loader_params': {'data_dir': 'data/warcraft_shortest_path/18x18', 'evaluate_with_extra': False, 'normalize': True, 'use_local_path': False, 'use_test_set': True}, 'model_dir': 'results/warcraft_shortest_path_combresnet', 'num_cpus': 40, 'num_epochs': 50, 'problem_type': 'warcraft_shortest_path', 'ray_params': {}, 'save_visualizations': False, 'seed': 1, 'trainer_name': 'DijkstraMAP', 'trainer_params': {'batch_size': 70, 'l1_regconst': 0.0, 'lambda_val': 0.0, 'lr_milestone_1': 30, 'lr_milestone_2': 40, 'model_params': {'arch_params': {}, 'model_name': 'CombResnet18'}, 'neighbourhood_fn': '8-grid', 'optimizer_name': 'Adam', 'optimizer_params': {'lr': 0.0005}, 'preload_batch': True, 'use_cuda': True, 'use_lr_scheduling': True, 'mode': {'type': 5, 'objective_type': 'dpo', 'use_marginal': True, 'nb_samples': 1, 'temperature': 0.5, 'use_gamma': False, 'loss_type': 'fy', 'perturb_w': False, 'perturb_w_prime': False, 'dpo': {'maximize': False}}}, 'use_ray': True}[seed] = <class 'int'>(2)
{'evaluate_every': 5, 'loader_params': {'data_dir': 'data/warcraft_shortest_path/18x18', 'evaluate_with_extra': False, 'normalize': True, 'use_local_path': False, 'use_test_set': True}, 'model_dir': 'results/warcraft_shortest_path_combresnet', 'num_cpus': 40, 'num_epochs': 50, 'problem_type': 'warcraft_shortest_path', 'ray_params': {}, 'save_visualizations': False, 'seed': 2, 'trainer_name': 'DijkstraMAP', 'trainer_params': {'batch_size': 70, 'l1_regconst': 0.0, 'lambda_val': 0.0, 'lr_milestone_1': 30, 'lr_milestone_2': 40, 'model_params': {'arch_params': {}, 'model_name': 'CombResnet18'}, 'neighbourhood_fn': '8-grid', 'optimizer_name': 'Adam', 'optimizer_params': {'lr': 0.0005}, 'preload_batch': True, 'use_cuda': True, 'use_lr_scheduling': True, 'mode': {'type': 5, 'objective_type': 'dpo', 'use_marginal': True, 'nb_samples': 1, 'temperature': 0.5, 'use_gamma': False, 'loss_type': 'fy', 'perturb_w': False, 'perturb_w_prime': False, 'dpo': {'maximize': False}}}, 'use_ray': True}[evaluate_every] = <class 'int'>(1)
{'evaluate_every': 1, 'loader_params': {'data_dir': 'data/warcraft_shortest_path/18x18', 'evaluate_with_extra': False, 'normalize': True, 'use_local_path': False, 'use_test_set': True}, 'model_dir': 'results/warcraft_shortest_path_combresnet', 'num_cpus': 40, 'num_epochs': 50, 'problem_type': 'warcraft_shortest_path', 'ray_params': {}, 'save_visualizations': False, 'seed': 2, 'trainer_name': 'DijkstraMAP', 'trainer_params': {'batch_size': 70, 'l1_regconst': 0.0, 'lambda_val': 0.0, 'lr_milestone_1': 30, 'lr_milestone_2': 40, 'model_params': {'arch_params': {}, 'model_name': 'CombResnet18'}, 'neighbourhood_fn': '8-grid', 'optimizer_name': 'Adam', 'optimizer_params': {'lr': 0.0005}, 'preload_batch': True, 'use_cuda': True, 'use_lr_scheduling': True, 'mode': {'type': 5, 'objective_type': 'dpo', 'use_marginal': True, 'nb_samples': 1, 'temperature': 0.5, 'use_gamma': False, 'loss_type': 'fy', 'perturb_w': False, 'perturb_w_prime': False, 'dpo': {'maximize': False}}}, 'use_ray': True}[use_ray] = <class 'bool'>(False)
{
    "evaluate_every": 1,
    "loader_params": {
        "data_dir": "data/warcraft_shortest_path/18x18",
        "evaluate_with_extra": false,
        "normalize": true,
        "use_local_path": false,
        "use_test_set": true
    },
    "model_dir": "results/warcraft_shortest_path_combresnet",
    "num_cpus": 40,
    "num_epochs": 50,
    "problem_type": "warcraft_shortest_path",
    "ray_params": {},
    "save_visualizations": false,
    "seed": 2,
    "trainer_name": "DijkstraMAP",
    "trainer_params": {
        "batch_size": 70,
        "l1_regconst": 0.0,
        "lambda_val": 0.0,
        "lr_milestone_1": 30,
        "lr_milestone_2": 40,
        "mode": {
            "dpo": {
                "maximize": false
            },
            "loss_type": "fy",
            "nb_samples": 1,
            "objective_type": "dpo",
            "perturb_w": false,
            "perturb_w_prime": false,
            "temperature": 0.5,
            "type": 5,
            "use_gamma": false,
            "use_marginal": true
        },
        "model_params": {
            "arch_params": {},
            "model_name": "CombResnet18"
        },
        "neighbourhood_fn": "8-grid",
        "optimizer_name": "Adam",
        "optimizer_params": {
            "lr": 0.0005
        },
        "preload_batch": true,
        "use_cuda": true,
        "use_lr_scheduling": true
    },
    "use_ray": false
}
MAP-BACKPROP MODE: {
    "dpo": {
        "maximize": false
    },
    "loss_type": "fy",
    "nb_samples": 1,
    "objective_type": "dpo",
    "perturb_w": false,
    "perturb_w_prime": false,
    "temperature": 0.5,
    "type": 5,
    "use_gamma": false,
    "use_marginal": true
}
True
META: {'input_image_size': 144, 'output_features': 324, 'num_channels': 3, 'denormalize': <maprop.decorators.input_to_numpy object at 0x2b430b59cf28>}
EVALUATING
{'loss': 35.67300037384033, 'accuracy': 0.9076820874214172, 'perfect_match_accuracy': 0.006, 'cost_ratio_suggested_true': 2.6282600808143615, 'below_10.0_percent_acc': 0.095, 'below_1.0_percent_acc': 0.022, 'below_0.1_percent_acc': 0.019, 'below_0.01_percent_acc': 0.019, 'below_0.001_percent_acc': 0.017, 'below_0.0001_percent_acc': 0.017, 'valid_acc': 1.0}
Epoch: 1	Batch time (1.150896)	Data time (0.018524)	Cuda time (0.000002)	Loss (24.026700)	Accuracy (0.925030)
EVALUATING
{'loss': 19.18100009918213, 'accuracy': 0.9672592407464982, 'perfect_match_accuracy': 0.316, 'cost_ratio_suggested_true': 1.1084957897663117, 'below_10.0_percent_acc': 0.939, 'below_1.0_percent_acc': 0.565, 'below_0.1_percent_acc': 0.515, 'below_0.01_percent_acc': 0.515, 'below_0.001_percent_acc': 0.504, 'below_0.0001_percent_acc': 0.504, 'valid_acc': 1.0}
Epoch: 2	Batch time (1.153072)	Data time (0.019523)	Cuda time (0.000002)	Loss (19.352900)	Accuracy (0.937388)
EVALUATING
{'loss': 17.265000019073486, 'accuracy': 0.9703765332698822, 'perfect_match_accuracy': 0.365, 'cost_ratio_suggested_true': 1.0958771443367004, 'below_10.0_percent_acc': 0.96, 'below_1.0_percent_acc': 0.625, 'below_0.1_percent_acc': 0.572, 'below_0.01_percent_acc': 0.571, 'below_0.001_percent_acc': 0.557, 'below_0.0001_percent_acc': 0.557, 'valid_acc': 1.0}
Epoch: 3	Batch time (1.130021)	Data time (0.019557)	Cuda time (0.000002)	Loss (17.587200)	Accuracy (0.942082)
EVALUATING
{'loss': 17.93899969100952, 'accuracy': 0.9714351707696914, 'perfect_match_accuracy': 0.4, 'cost_ratio_suggested_true': 1.0837549376487732, 'below_10.0_percent_acc': 0.96, 'below_1.0_percent_acc': 0.668, 'below_0.1_percent_acc': 0.625, 'below_0.01_percent_acc': 0.625, 'below_0.001_percent_acc': 0.606, 'below_0.0001_percent_acc': 0.606, 'valid_acc': 1.0}
Epoch: 4	Batch time (1.136876)	Data time (0.019452)	Cuda time (0.000002)	Loss (16.541800)	Accuracy (0.945312)
EVALUATING
{'loss': 16.131000032424925, 'accuracy': 0.9749166548252106, 'perfect_match_accuracy': 0.462, 'cost_ratio_suggested_true': 1.0738178646564485, 'below_10.0_percent_acc': 0.967, 'below_1.0_percent_acc': 0.72, 'below_0.1_percent_acc': 0.671, 'below_0.01_percent_acc': 0.671, 'below_0.001_percent_acc': 0.654, 'below_0.0001_percent_acc': 0.654, 'valid_acc': 1.0}
Epoch: 5	Batch time (1.141387)	Data time (0.019112)	Cuda time (0.000002)	Loss (15.579400)	Accuracy (0.947456)
EVALUATING
{'loss': 15.330000123977662, 'accuracy': 0.9749197483062744, 'perfect_match_accuracy': 0.458, 'cost_ratio_suggested_true': 1.0724021673202515, 'below_10.0_percent_acc': 0.973, 'below_1.0_percent_acc': 0.713, 'below_0.1_percent_acc': 0.659, 'below_0.01_percent_acc': 0.659, 'below_0.001_percent_acc': 0.645, 'below_0.0001_percent_acc': 0.645, 'valid_acc': 1.0}
Epoch: 6	Batch time (1.172689)	Data time (0.020313)	Cuda time (0.000003)	Loss (14.983700)	Accuracy (0.950068)
EVALUATING
{'loss': 14.964000024795531, 'accuracy': 0.9754259198904037, 'perfect_match_accuracy': 0.473, 'cost_ratio_suggested_true': 1.0738405394554138, 'below_10.0_percent_acc': 0.97, 'below_1.0_percent_acc': 0.74, 'below_0.1_percent_acc': 0.7, 'below_0.01_percent_acc': 0.7, 'below_0.001_percent_acc': 0.689, 'below_0.0001_percent_acc': 0.689, 'valid_acc': 1.0}
Epoch: 7	Batch time (1.198531)	Data time (0.021789)	Cuda time (0.000003)	Loss (14.535500)	Accuracy (0.950856)
EVALUATING
{'loss': 14.910999965667724, 'accuracy': 0.975682093501091, 'perfect_match_accuracy': 0.475, 'cost_ratio_suggested_true': 1.0634601438045501, 'below_10.0_percent_acc': 0.984, 'below_1.0_percent_acc': 0.72, 'below_0.1_percent_acc': 0.67, 'below_0.01_percent_acc': 0.67, 'below_0.001_percent_acc': 0.655, 'below_0.0001_percent_acc': 0.655, 'valid_acc': 1.0}
Epoch: 8	Batch time (1.179627)	Data time (0.021949)	Cuda time (0.000003)	Loss (13.730700)	Accuracy (0.952449)
EVALUATING
{'loss': 14.33700011253357, 'accuracy': 0.9754783856868744, 'perfect_match_accuracy': 0.48, 'cost_ratio_suggested_true': 1.073524832725525, 'below_10.0_percent_acc': 0.973, 'below_1.0_percent_acc': 0.728, 'below_0.1_percent_acc': 0.687, 'below_0.01_percent_acc': 0.687, 'below_0.001_percent_acc': 0.665, 'below_0.0001_percent_acc': 0.665, 'valid_acc': 1.0}
Epoch: 9	Batch time (1.185973)	Data time (0.021257)	Cuda time (0.000003)	Loss (13.410200)	Accuracy (0.954567)
EVALUATING
{'loss': 15.236000213623047, 'accuracy': 0.9741820824146271, 'perfect_match_accuracy': 0.488, 'cost_ratio_suggested_true': 1.1011809694766999, 'below_10.0_percent_acc': 0.951, 'below_1.0_percent_acc': 0.725, 'below_0.1_percent_acc': 0.685, 'below_0.01_percent_acc': 0.685, 'below_0.001_percent_acc': 0.669, 'below_0.0001_percent_acc': 0.669, 'valid_acc': 1.0}
Epoch: 10	Batch time (1.225982)	Data time (0.021084)	Cuda time (0.000003)	Loss (13.040000)	Accuracy (0.955191)
EVALUATING
{'loss': 13.193000068664551, 'accuracy': 0.9772036904096604, 'perfect_match_accuracy': 0.497, 'cost_ratio_suggested_true': 1.0675836610794067, 'below_10.0_percent_acc': 0.978, 'below_1.0_percent_acc': 0.758, 'below_0.1_percent_acc': 0.711, 'below_0.01_percent_acc': 0.711, 'below_0.001_percent_acc': 0.696, 'below_0.0001_percent_acc': 0.696, 'valid_acc': 1.0}
Epoch: 11	Batch time (1.211519)	Data time (0.021386)	Cuda time (0.000003)	Loss (12.760900)	Accuracy (0.956637)
EVALUATING
{'loss': 12.259000158309936, 'accuracy': 0.9778456699848175, 'perfect_match_accuracy': 0.512, 'cost_ratio_suggested_true': 1.0621824645996094, 'below_10.0_percent_acc': 0.981, 'below_1.0_percent_acc': 0.769, 'below_0.1_percent_acc': 0.722, 'below_0.01_percent_acc': 0.722, 'below_0.001_percent_acc': 0.71, 'below_0.0001_percent_acc': 0.709, 'valid_acc': 1.0}
Epoch: 12	Batch time (1.183920)	Data time (0.021530)	Cuda time (0.000003)	Loss (12.354400)	Accuracy (0.957963)
EVALUATING
{'loss': 12.665000066757202, 'accuracy': 0.9764722061157226, 'perfect_match_accuracy': 0.479, 'cost_ratio_suggested_true': 1.0668791902065278, 'below_10.0_percent_acc': 0.981, 'below_1.0_percent_acc': 0.748, 'below_0.1_percent_acc': 0.699, 'below_0.01_percent_acc': 0.698, 'below_0.001_percent_acc': 0.669, 'below_0.0001_percent_acc': 0.669, 'valid_acc': 1.0}
Epoch: 13	Batch time (1.179548)	Data time (0.020962)	Cuda time (0.000003)	Loss (12.109500)	Accuracy (0.958218)
EVALUATING
{'loss': 12.755000104904175, 'accuracy': 0.9783610934019089, 'perfect_match_accuracy': 0.521, 'cost_ratio_suggested_true': 1.0571099019050598, 'below_10.0_percent_acc': 0.986, 'below_1.0_percent_acc': 0.801, 'below_0.1_percent_acc': 0.754, 'below_0.01_percent_acc': 0.754, 'below_0.001_percent_acc': 0.741, 'below_0.0001_percent_acc': 0.741, 'valid_acc': 1.0}
Epoch: 14	Batch time (1.183962)	Data time (0.020943)	Cuda time (0.000003)	Loss (11.613700)	Accuracy (0.959113)
EVALUATING
{'loss': 13.047999992370606, 'accuracy': 0.9762808519601822, 'perfect_match_accuracy': 0.508, 'cost_ratio_suggested_true': 1.0810859656333924, 'below_10.0_percent_acc': 0.967, 'below_1.0_percent_acc': 0.745, 'below_0.1_percent_acc': 0.705, 'below_0.01_percent_acc': 0.705, 'below_0.001_percent_acc': 0.683, 'below_0.0001_percent_acc': 0.683, 'valid_acc': 1.0}
Epoch: 15	Batch time (1.179112)	Data time (0.021500)	Cuda time (0.000003)	Loss (11.451500)	Accuracy (0.960244)
EVALUATING
{'loss': 12.154999914169311, 'accuracy': 0.9777469056844711, 'perfect_match_accuracy': 0.523, 'cost_ratio_suggested_true': 1.0598298764228822, 'below_10.0_percent_acc': 0.982, 'below_1.0_percent_acc': 0.791, 'below_0.1_percent_acc': 0.744, 'below_0.01_percent_acc': 0.744, 'below_0.001_percent_acc': 0.724, 'below_0.0001_percent_acc': 0.724, 'valid_acc': 1.0}
Epoch: 16	Batch time (1.184869)	Data time (0.022042)	Cuda time (0.000003)	Loss (11.219800)	Accuracy (0.960889)
EVALUATING
{'loss': 11.705000047683717, 'accuracy': 0.9796913355588913, 'perfect_match_accuracy': 0.565, 'cost_ratio_suggested_true': 1.055211672782898, 'below_10.0_percent_acc': 0.986, 'below_1.0_percent_acc': 0.807, 'below_0.1_percent_acc': 0.767, 'below_0.01_percent_acc': 0.767, 'below_0.001_percent_acc': 0.745, 'below_0.0001_percent_acc': 0.745, 'valid_acc': 1.0}
Epoch: 17	Batch time (1.190925)	Data time (0.021278)	Cuda time (0.000003)	Loss (10.904200)	Accuracy (0.961772)
EVALUATING
{'loss': 12.298000183105469, 'accuracy': 0.9762376475334168, 'perfect_match_accuracy': 0.494, 'cost_ratio_suggested_true': 1.0710903024673462, 'below_10.0_percent_acc': 0.97, 'below_1.0_percent_acc': 0.733, 'below_0.1_percent_acc': 0.697, 'below_0.01_percent_acc': 0.697, 'below_0.001_percent_acc': 0.671, 'below_0.0001_percent_acc': 0.671, 'valid_acc': 1.0}
Epoch: 18	Batch time (1.119752)	Data time (0.020761)	Cuda time (0.000003)	Loss (10.816600)	Accuracy (0.962428)
EVALUATING
{'loss': 11.355000057220458, 'accuracy': 0.9788765227794647, 'perfect_match_accuracy': 0.551, 'cost_ratio_suggested_true': 1.0674604272842407, 'below_10.0_percent_acc': 0.976, 'below_1.0_percent_acc': 0.809, 'below_0.1_percent_acc': 0.771, 'below_0.01_percent_acc': 0.771, 'below_0.001_percent_acc': 0.737, 'below_0.0001_percent_acc': 0.737, 'valid_acc': 1.0}
Epoch: 19	Batch time (1.130375)	Data time (0.020498)	Cuda time (0.000003)	Loss (10.391000)	Accuracy (0.963235)
EVALUATING
{'loss': 10.638999967575073, 'accuracy': 0.979490732550621, 'perfect_match_accuracy': 0.553, 'cost_ratio_suggested_true': 1.0490884208679199, 'below_10.0_percent_acc': 0.988, 'below_1.0_percent_acc': 0.796, 'below_0.1_percent_acc': 0.753, 'below_0.01_percent_acc': 0.753, 'below_0.001_percent_acc': 0.734, 'below_0.0001_percent_acc': 0.734, 'valid_acc': 1.0}
Epoch: 20	Batch time (1.123918)	Data time (0.021191)	Cuda time (0.000003)	Loss (10.227900)	Accuracy (0.963833)
EVALUATING
{'loss': 11.627999963760375, 'accuracy': 0.9787839424610137, 'perfect_match_accuracy': 0.541, 'cost_ratio_suggested_true': 1.0650484383106231, 'below_10.0_percent_acc': 0.984, 'below_1.0_percent_acc': 0.8, 'below_0.1_percent_acc': 0.757, 'below_0.01_percent_acc': 0.757, 'below_0.001_percent_acc': 0.728, 'below_0.0001_percent_acc': 0.728, 'valid_acc': 1.0}
Epoch: 21	Batch time (1.179539)	Data time (0.021604)	Cuda time (0.000003)	Loss (9.995900)	Accuracy (0.964133)
EVALUATING
{'loss': 10.924000196456909, 'accuracy': 0.9802654302120208, 'perfect_match_accuracy': 0.551, 'cost_ratio_suggested_true': 1.0452974331378937, 'below_10.0_percent_acc': 0.994, 'below_1.0_percent_acc': 0.833, 'below_0.1_percent_acc': 0.785, 'below_0.01_percent_acc': 0.785, 'below_0.001_percent_acc': 0.758, 'below_0.0001_percent_acc': 0.758, 'valid_acc': 1.0}
Epoch: 22	Batch time (1.178785)	Data time (0.021003)	Cuda time (0.000003)	Loss (10.030500)	Accuracy (0.965311)
EVALUATING
{'loss': 10.754000082015992, 'accuracy': 0.981311719417572, 'perfect_match_accuracy': 0.583, 'cost_ratio_suggested_true': 1.0463183259963988, 'below_10.0_percent_acc': 0.995, 'below_1.0_percent_acc': 0.824, 'below_0.1_percent_acc': 0.791, 'below_0.01_percent_acc': 0.791, 'below_0.001_percent_acc': 0.767, 'below_0.0001_percent_acc': 0.767, 'valid_acc': 1.0}
Epoch: 23	Batch time (1.184853)	Data time (0.021937)	Cuda time (0.000003)	Loss (9.746900)	Accuracy (0.965871)
EVALUATING
{'loss': 10.915000019073487, 'accuracy': 0.9798117244243622, 'perfect_match_accuracy': 0.556, 'cost_ratio_suggested_true': 1.0534374105930329, 'below_10.0_percent_acc': 0.987, 'below_1.0_percent_acc': 0.82, 'below_0.1_percent_acc': 0.78, 'below_0.01_percent_acc': 0.78, 'below_0.001_percent_acc': 0.756, 'below_0.0001_percent_acc': 0.756, 'valid_acc': 1.0}
Epoch: 24	Batch time (1.202205)	Data time (0.021676)	Cuda time (0.000003)	Loss (9.524900)	Accuracy (0.966305)
EVALUATING
{'loss': 11.190000143051147, 'accuracy': 0.979916648864746, 'perfect_match_accuracy': 0.564, 'cost_ratio_suggested_true': 1.0654114997386932, 'below_10.0_percent_acc': 0.986, 'below_1.0_percent_acc': 0.825, 'below_0.1_percent_acc': 0.789, 'below_0.01_percent_acc': 0.788, 'below_0.001_percent_acc': 0.762, 'below_0.0001_percent_acc': 0.762, 'valid_acc': 1.0}
Epoch: 25	Batch time (1.178731)	Data time (0.021546)	Cuda time (0.000003)	Loss (9.297700)	Accuracy (0.966356)
EVALUATING
{'loss': 10.504000101089478, 'accuracy': 0.9802592432498932, 'perfect_match_accuracy': 0.567, 'cost_ratio_suggested_true': 1.0516932499408722, 'below_10.0_percent_acc': 0.988, 'below_1.0_percent_acc': 0.81, 'below_0.1_percent_acc': 0.774, 'below_0.01_percent_acc': 0.774, 'below_0.001_percent_acc': 0.746, 'below_0.0001_percent_acc': 0.746, 'valid_acc': 1.0}
Epoch: 26	Batch time (1.072707)	Data time (0.019640)	Cuda time (0.000003)	Loss (9.093200)	Accuracy (0.967927)
EVALUATING
{'loss': 10.433000192642211, 'accuracy': 0.9798796164989472, 'perfect_match_accuracy': 0.559, 'cost_ratio_suggested_true': 1.0560271739959717, 'below_10.0_percent_acc': 0.987, 'below_1.0_percent_acc': 0.824, 'below_0.1_percent_acc': 0.784, 'below_0.01_percent_acc': 0.784, 'below_0.001_percent_acc': 0.76, 'below_0.0001_percent_acc': 0.76, 'valid_acc': 1.0}
Epoch: 27	Batch time (1.066602)	Data time (0.020239)	Cuda time (0.000002)	Loss (8.992800)	Accuracy (0.968018)
EVALUATING
{'loss': 11.055000123977662, 'accuracy': 0.9815370273590088, 'perfect_match_accuracy': 0.587, 'cost_ratio_suggested_true': 1.0484506058692933, 'below_10.0_percent_acc': 0.991, 'below_1.0_percent_acc': 0.845, 'below_0.1_percent_acc': 0.803, 'below_0.01_percent_acc': 0.803, 'below_0.001_percent_acc': 0.777, 'below_0.0001_percent_acc': 0.777, 'valid_acc': 1.0}
Epoch: 28	Batch time (1.075768)	Data time (0.020551)	Cuda time (0.000003)	Loss (8.893600)	Accuracy (0.968474)
EVALUATING
{'loss': 10.406999940872192, 'accuracy': 0.9801419633626938, 'perfect_match_accuracy': 0.574, 'cost_ratio_suggested_true': 1.0544323074817656, 'below_10.0_percent_acc': 0.983, 'below_1.0_percent_acc': 0.831, 'below_0.1_percent_acc': 0.79, 'below_0.01_percent_acc': 0.79, 'below_0.001_percent_acc': 0.761, 'below_0.0001_percent_acc': 0.761, 'valid_acc': 1.0}
Epoch: 29	Batch time (1.058709)	Data time (0.020602)	Cuda time (0.000002)	Loss (8.808400)	Accuracy (0.968355)
EVALUATING
{'loss': 10.001000204086303, 'accuracy': 0.9797901040315629, 'perfect_match_accuracy': 0.564, 'cost_ratio_suggested_true': 1.0578081011772156, 'below_10.0_percent_acc': 0.982, 'below_1.0_percent_acc': 0.815, 'below_0.1_percent_acc': 0.78, 'below_0.01_percent_acc': 0.78, 'below_0.001_percent_acc': 0.748, 'below_0.0001_percent_acc': 0.748, 'valid_acc': 1.0}
Epoch: 30	Batch time (1.081448)	Data time (0.020602)	Cuda time (0.000003)	Loss (8.603700)	Accuracy (0.969007)
EVALUATING
{'loss': 9.99200005531311, 'accuracy': 0.9797715908288955, 'perfect_match_accuracy': 0.561, 'cost_ratio_suggested_true': 1.0577942514419556, 'below_10.0_percent_acc': 0.984, 'below_1.0_percent_acc': 0.811, 'below_0.1_percent_acc': 0.771, 'below_0.01_percent_acc': 0.771, 'below_0.001_percent_acc': 0.749, 'below_0.0001_percent_acc': 0.749, 'valid_acc': 1.0}
Epoch: 31	Batch time (1.076230)	Data time (0.019629)	Cuda time (0.000003)	Loss (7.967800)	Accuracy (0.970947)
EVALUATING
{'loss': 9.980999994277955, 'accuracy': 0.9821481394767761, 'perfect_match_accuracy': 0.602, 'cost_ratio_suggested_true': 1.0430485677719117, 'below_10.0_percent_acc': 0.99, 'below_1.0_percent_acc': 0.846, 'below_0.1_percent_acc': 0.808, 'below_0.01_percent_acc': 0.808, 'below_0.001_percent_acc': 0.784, 'below_0.0001_percent_acc': 0.784, 'valid_acc': 1.0}
Epoch: 32	Batch time (1.078643)	Data time (0.020327)	Cuda time (0.000003)	Loss (7.630200)	Accuracy (0.971914)
EVALUATING
{'loss': 9.766999864578247, 'accuracy': 0.9821327114105225, 'perfect_match_accuracy': 0.605, 'cost_ratio_suggested_true': 1.048043394088745, 'below_10.0_percent_acc': 0.986, 'below_1.0_percent_acc': 0.848, 'below_0.1_percent_acc': 0.814, 'below_0.01_percent_acc': 0.814, 'below_0.001_percent_acc': 0.787, 'below_0.0001_percent_acc': 0.787, 'valid_acc': 1.0}
Epoch: 33	Batch time (1.077297)	Data time (0.020750)	Cuda time (0.000002)	Loss (7.585900)	Accuracy (0.971823)
EVALUATING
{'loss': 9.74300006866455, 'accuracy': 0.9815432041883468, 'perfect_match_accuracy': 0.59, 'cost_ratio_suggested_true': 1.0490723609924317, 'below_10.0_percent_acc': 0.989, 'below_1.0_percent_acc': 0.829, 'below_0.1_percent_acc': 0.795, 'below_0.01_percent_acc': 0.795, 'below_0.001_percent_acc': 0.764, 'below_0.0001_percent_acc': 0.764, 'valid_acc': 1.0}
Epoch: 34	Batch time (1.064446)	Data time (0.019751)	Cuda time (0.000002)	Loss (7.564300)	Accuracy (0.972355)
EVALUATING
{'loss': 9.579000177383422, 'accuracy': 0.9814999812841415, 'perfect_match_accuracy': 0.595, 'cost_ratio_suggested_true': 1.0483335065841675, 'below_10.0_percent_acc': 0.987, 'below_1.0_percent_acc': 0.841, 'below_0.1_percent_acc': 0.805, 'below_0.01_percent_acc': 0.805, 'below_0.001_percent_acc': 0.781, 'below_0.0001_percent_acc': 0.781, 'valid_acc': 1.0}
Epoch: 35	Batch time (1.040407)	Data time (0.020082)	Cuda time (0.000003)	Loss (7.265000)	Accuracy (0.972955)
EVALUATING
{'loss': 9.689999976158141, 'accuracy': 0.981098757982254, 'perfect_match_accuracy': 0.592, 'cost_ratio_suggested_true': 1.0532766473293305, 'below_10.0_percent_acc': 0.984, 'below_1.0_percent_acc': 0.829, 'below_0.1_percent_acc': 0.79, 'below_0.01_percent_acc': 0.79, 'below_0.001_percent_acc': 0.764, 'below_0.0001_percent_acc': 0.764, 'valid_acc': 1.0}
Epoch: 36	Batch time (1.094703)	Data time (0.019750)	Cuda time (0.000003)	Loss (7.243400)	Accuracy (0.972957)
EVALUATING
{'loss': 9.97799997806549, 'accuracy': 0.9810833162069321, 'perfect_match_accuracy': 0.597, 'cost_ratio_suggested_true': 1.0478761887550354, 'below_10.0_percent_acc': 0.986, 'below_1.0_percent_acc': 0.829, 'below_0.1_percent_acc': 0.793, 'below_0.01_percent_acc': 0.793, 'below_0.001_percent_acc': 0.769, 'below_0.0001_percent_acc': 0.769, 'valid_acc': 1.0}
Epoch: 37	Batch time (1.097263)	Data time (0.020057)	Cuda time (0.000003)	Loss (7.131700)	Accuracy (0.973074)
EVALUATING
{'loss': 9.619000101089478, 'accuracy': 0.9812376338243485, 'perfect_match_accuracy': 0.589, 'cost_ratio_suggested_true': 1.050248361825943, 'below_10.0_percent_acc': 0.987, 'below_1.0_percent_acc': 0.83, 'below_0.1_percent_acc': 0.791, 'below_0.01_percent_acc': 0.791, 'below_0.001_percent_acc': 0.766, 'below_0.0001_percent_acc': 0.766, 'valid_acc': 1.0}
Epoch: 38	Batch time (1.102956)	Data time (0.018603)	Cuda time (0.000003)	Loss (7.110300)	Accuracy (0.973252)
EVALUATING
{'loss': 9.802000017166138, 'accuracy': 0.9810308492183686, 'perfect_match_accuracy': 0.594, 'cost_ratio_suggested_true': 1.050461025238037, 'below_10.0_percent_acc': 0.988, 'below_1.0_percent_acc': 0.827, 'below_0.1_percent_acc': 0.79, 'below_0.01_percent_acc': 0.79, 'below_0.001_percent_acc': 0.766, 'below_0.0001_percent_acc': 0.766, 'valid_acc': 1.0}
Epoch: 39	Batch time (1.112181)	Data time (0.019067)	Cuda time (0.000002)	Loss (7.119600)	Accuracy (0.973027)
EVALUATING
{'loss': 10.018000106811524, 'accuracy': 0.9806296175718308, 'perfect_match_accuracy': 0.587, 'cost_ratio_suggested_true': 1.0518451189994813, 'below_10.0_percent_acc': 0.984, 'below_1.0_percent_acc': 0.828, 'below_0.1_percent_acc': 0.786, 'below_0.01_percent_acc': 0.786, 'below_0.001_percent_acc': 0.764, 'below_0.0001_percent_acc': 0.764, 'valid_acc': 1.0}
Epoch: 40	Batch time (1.123703)	Data time (0.019300)	Cuda time (0.000002)	Loss (6.993800)	Accuracy (0.972945)
EVALUATING
{'loss': 9.530000114440918, 'accuracy': 0.9810956656932831, 'perfect_match_accuracy': 0.583, 'cost_ratio_suggested_true': 1.0455771112442016, 'below_10.0_percent_acc': 0.99, 'below_1.0_percent_acc': 0.829, 'below_0.1_percent_acc': 0.792, 'below_0.01_percent_acc': 0.792, 'below_0.001_percent_acc': 0.767, 'below_0.0001_percent_acc': 0.767, 'valid_acc': 1.0}
Epoch: 41	Batch time (1.131476)	Data time (0.019211)	Cuda time (0.000003)	Loss (7.075800)	Accuracy (0.974169)
EVALUATING
{'loss': 9.462000026702881, 'accuracy': 0.9810740655660629, 'perfect_match_accuracy': 0.586, 'cost_ratio_suggested_true': 1.0485296487808227, 'below_10.0_percent_acc': 0.988, 'below_1.0_percent_acc': 0.824, 'below_0.1_percent_acc': 0.79, 'below_0.01_percent_acc': 0.79, 'below_0.001_percent_acc': 0.765, 'below_0.0001_percent_acc': 0.765, 'valid_acc': 1.0}
Epoch: 42	Batch time (1.127044)	Data time (0.019548)	Cuda time (0.000002)	Loss (6.962600)	Accuracy (0.973602)
EVALUATING
{'loss': 9.047000102996826, 'accuracy': 0.9809845566749573, 'perfect_match_accuracy': 0.59, 'cost_ratio_suggested_true': 1.049516954421997, 'below_10.0_percent_acc': 0.988, 'below_1.0_percent_acc': 0.823, 'below_0.1_percent_acc': 0.788, 'below_0.01_percent_acc': 0.788, 'below_0.001_percent_acc': 0.763, 'below_0.0001_percent_acc': 0.763, 'valid_acc': 1.0}
Epoch: 43	Batch time (1.133807)	Data time (0.019605)	Cuda time (0.000003)	Loss (6.885500)	Accuracy (0.973408)
EVALUATING
{'loss': 9.879999980926513, 'accuracy': 0.9807499885559082, 'perfect_match_accuracy': 0.585, 'cost_ratio_suggested_true': 1.0500684022903441, 'below_10.0_percent_acc': 0.988, 'below_1.0_percent_acc': 0.823, 'below_0.1_percent_acc': 0.786, 'below_0.01_percent_acc': 0.786, 'below_0.001_percent_acc': 0.76, 'below_0.0001_percent_acc': 0.76, 'valid_acc': 1.0}
Epoch: 44	Batch time (1.132972)	Data time (0.019656)	Cuda time (0.000003)	Loss (7.128600)	Accuracy (0.973328)
EVALUATING
{'loss': 9.699000086784363, 'accuracy': 0.9805833208560943, 'perfect_match_accuracy': 0.587, 'cost_ratio_suggested_true': 1.0513403940200805, 'below_10.0_percent_acc': 0.987, 'below_1.0_percent_acc': 0.819, 'below_0.1_percent_acc': 0.783, 'below_0.01_percent_acc': 0.783, 'below_0.001_percent_acc': 0.757, 'below_0.0001_percent_acc': 0.757, 'valid_acc': 1.0}
Epoch: 45	Batch time (1.133745)	Data time (0.020242)	Cuda time (0.000002)	Loss (6.910700)	Accuracy (0.974185)
EVALUATING
{'loss': 9.515999970436097, 'accuracy': 0.980802451968193, 'perfect_match_accuracy': 0.594, 'cost_ratio_suggested_true': 1.0539134013652802, 'below_10.0_percent_acc': 0.985, 'below_1.0_percent_acc': 0.821, 'below_0.1_percent_acc': 0.787, 'below_0.01_percent_acc': 0.787, 'below_0.001_percent_acc': 0.761, 'below_0.0001_percent_acc': 0.761, 'valid_acc': 1.0}
Epoch: 46	Batch time (1.124981)	Data time (0.019334)	Cuda time (0.000002)	Loss (6.915800)	Accuracy (0.973312)
EVALUATING
{'loss': 9.207000007629395, 'accuracy': 0.9808580058813096, 'perfect_match_accuracy': 0.592, 'cost_ratio_suggested_true': 1.0518180584907533, 'below_10.0_percent_acc': 0.987, 'below_1.0_percent_acc': 0.82, 'below_0.1_percent_acc': 0.786, 'below_0.01_percent_acc': 0.786, 'below_0.001_percent_acc': 0.761, 'below_0.0001_percent_acc': 0.761, 'valid_acc': 1.0}
Epoch: 47	Batch time (1.124682)	Data time (0.019479)	Cuda time (0.000002)	Loss (6.709300)	Accuracy (0.973769)
EVALUATING
{'loss': 9.476999897956848, 'accuracy': 0.9806851673126221, 'perfect_match_accuracy': 0.59, 'cost_ratio_suggested_true': 1.0529747438430785, 'below_10.0_percent_acc': 0.987, 'below_1.0_percent_acc': 0.821, 'below_0.1_percent_acc': 0.785, 'below_0.01_percent_acc': 0.785, 'below_0.001_percent_acc': 0.759, 'below_0.0001_percent_acc': 0.759, 'valid_acc': 1.0}
Epoch: 48	Batch time (1.120036)	Data time (0.019480)	Cuda time (0.000002)	Loss (6.877700)	Accuracy (0.973684)
EVALUATING
{'loss': 9.29400013923645, 'accuracy': 0.9806481343507767, 'perfect_match_accuracy': 0.588, 'cost_ratio_suggested_true': 1.0522511970996857, 'below_10.0_percent_acc': 0.987, 'below_1.0_percent_acc': 0.822, 'below_0.1_percent_acc': 0.787, 'below_0.01_percent_acc': 0.787, 'below_0.001_percent_acc': 0.761, 'below_0.0001_percent_acc': 0.761, 'valid_acc': 1.0}
Epoch: 49	Batch time (1.130448)	Data time (0.018910)	Cuda time (0.000002)	Loss (6.830800)	Accuracy (0.974586)
EVALUATING
{'loss': 9.67100013256073, 'accuracy': 0.980740721821785, 'perfect_match_accuracy': 0.592, 'cost_ratio_suggested_true': 1.0520413196086884, 'below_10.0_percent_acc': 0.987, 'below_1.0_percent_acc': 0.824, 'below_0.1_percent_acc': 0.788, 'below_0.01_percent_acc': 0.788, 'below_0.001_percent_acc': 0.763, 'below_0.0001_percent_acc': 0.763, 'valid_acc': 1.0}
Epoch: 50	Batch time (1.134578)	Data time (0.019305)	Cuda time (0.000003)	Loss (6.888600)	Accuracy (0.974102)
EVALUATING
{'loss': 10.15700011253357, 'accuracy': 0.9806049209833145, 'perfect_match_accuracy': 0.591, 'cost_ratio_suggested_true': 1.0540172493457793, 'below_10.0_percent_acc': 0.986, 'below_1.0_percent_acc': 0.82, 'below_0.1_percent_acc': 0.785, 'below_0.01_percent_acc': 0.785, 'below_0.001_percent_acc': 0.761, 'below_0.0001_percent_acc': 0.761, 'valid_acc': 1.0}
