No existing entry for trainer_params.mode.type
{}[type] = <class 'int'>(5)
No existing entry for trainer_params.mode.objective_type
{'type': 5}[objective_type] = <class 'str'>(dpo)
No existing entry for trainer_params.mode.use_marginal
{'type': 5, 'objective_type': 'dpo'}[use_marginal] = <class 'bool'>(True)
No existing entry for trainer_params.mode.nb_samples
{'type': 5, 'objective_type': 'dpo', 'use_marginal': True}[nb_samples] = <class 'int'>(1)
No existing entry for trainer_params.mode.temperature
{'type': 5, 'objective_type': 'dpo', 'use_marginal': True, 'nb_samples': 1}[temperature] = <class 'float'>(5.0)
No existing entry for trainer_params.mode.use_gamma
{'type': 5, 'objective_type': 'dpo', 'use_marginal': True, 'nb_samples': 1, 'temperature': 5.0}[use_gamma] = <class 'bool'>(False)
No existing entry for trainer_params.mode.loss_type
{'type': 5, 'objective_type': 'dpo', 'use_marginal': True, 'nb_samples': 1, 'temperature': 5.0, 'use_gamma': False}[loss_type] = <class 'str'>(fy)
No existing entry for trainer_params.mode.perturb_w
{'type': 5, 'objective_type': 'dpo', 'use_marginal': True, 'nb_samples': 1, 'temperature': 5.0, 'use_gamma': False, 'loss_type': 'fy'}[perturb_w] = <class 'bool'>(False)
No existing entry for trainer_params.mode.perturb_w_prime
{'type': 5, 'objective_type': 'dpo', 'use_marginal': True, 'nb_samples': 1, 'temperature': 5.0, 'use_gamma': False, 'loss_type': 'fy', 'perturb_w': False}[perturb_w_prime] = <class 'bool'>(False)
{'batch_size': 70, 'l1_regconst': 0.0, 'lambda_val': 20.0, 'lr_milestone_1': 30, 'lr_milestone_2': 40, 'model_params': {'arch_params': {}, 'model_name': 'CombResnet18'}, 'neighbourhood_fn': '8-grid', 'optimizer_name': 'Adam', 'optimizer_params': {'lr': 0.0005}, 'preload_batch': True, 'use_cuda': True, 'use_lr_scheduling': True, 'mode': {'type': 5, 'objective_type': 'dpo', 'use_marginal': True, 'nb_samples': 1, 'temperature': 5.0, 'use_gamma': False, 'loss_type': 'fy', 'perturb_w': False, 'perturb_w_prime': False}}[lambda_val] = <class 'float'>(0.0)
No existing entry for trainer_params.mode.dpo.maximize
{}[maximize] = <class 'bool'>(False)
{'data_dir': 'data/warcraft_shortest_path/12x12', 'evaluate_with_extra': False, 'normalize': True, 'use_local_path': False, 'use_test_set': True}[data_dir] = <class 'str'>(data/warcraft_shortest_path/24x24)
{'evaluate_every': 5, 'loader_params': {'data_dir': 'data/warcraft_shortest_path/24x24', 'evaluate_with_extra': False, 'normalize': True, 'use_local_path': False, 'use_test_set': True}, 'model_dir': 'results/warcraft_shortest_path_combresnet', 'num_cpus': 40, 'num_epochs': 50, 'problem_type': 'warcraft_shortest_path', 'ray_params': {}, 'save_visualizations': False, 'seed': 1, 'trainer_name': 'DijkstraMAP', 'trainer_params': {'batch_size': 70, 'l1_regconst': 0.0, 'lambda_val': 0.0, 'lr_milestone_1': 30, 'lr_milestone_2': 40, 'model_params': {'arch_params': {}, 'model_name': 'CombResnet18'}, 'neighbourhood_fn': '8-grid', 'optimizer_name': 'Adam', 'optimizer_params': {'lr': 0.0005}, 'preload_batch': True, 'use_cuda': True, 'use_lr_scheduling': True, 'mode': {'type': 5, 'objective_type': 'dpo', 'use_marginal': True, 'nb_samples': 1, 'temperature': 5.0, 'use_gamma': False, 'loss_type': 'fy', 'perturb_w': False, 'perturb_w_prime': False, 'dpo': {'maximize': False}}}, 'use_ray': True}[seed] = <class 'int'>(1)
{'evaluate_every': 5, 'loader_params': {'data_dir': 'data/warcraft_shortest_path/24x24', 'evaluate_with_extra': False, 'normalize': True, 'use_local_path': False, 'use_test_set': True}, 'model_dir': 'results/warcraft_shortest_path_combresnet', 'num_cpus': 40, 'num_epochs': 50, 'problem_type': 'warcraft_shortest_path', 'ray_params': {}, 'save_visualizations': False, 'seed': 1, 'trainer_name': 'DijkstraMAP', 'trainer_params': {'batch_size': 70, 'l1_regconst': 0.0, 'lambda_val': 0.0, 'lr_milestone_1': 30, 'lr_milestone_2': 40, 'model_params': {'arch_params': {}, 'model_name': 'CombResnet18'}, 'neighbourhood_fn': '8-grid', 'optimizer_name': 'Adam', 'optimizer_params': {'lr': 0.0005}, 'preload_batch': True, 'use_cuda': True, 'use_lr_scheduling': True, 'mode': {'type': 5, 'objective_type': 'dpo', 'use_marginal': True, 'nb_samples': 1, 'temperature': 5.0, 'use_gamma': False, 'loss_type': 'fy', 'perturb_w': False, 'perturb_w_prime': False, 'dpo': {'maximize': False}}}, 'use_ray': True}[evaluate_every] = <class 'int'>(1)
{'evaluate_every': 1, 'loader_params': {'data_dir': 'data/warcraft_shortest_path/24x24', 'evaluate_with_extra': False, 'normalize': True, 'use_local_path': False, 'use_test_set': True}, 'model_dir': 'results/warcraft_shortest_path_combresnet', 'num_cpus': 40, 'num_epochs': 50, 'problem_type': 'warcraft_shortest_path', 'ray_params': {}, 'save_visualizations': False, 'seed': 1, 'trainer_name': 'DijkstraMAP', 'trainer_params': {'batch_size': 70, 'l1_regconst': 0.0, 'lambda_val': 0.0, 'lr_milestone_1': 30, 'lr_milestone_2': 40, 'model_params': {'arch_params': {}, 'model_name': 'CombResnet18'}, 'neighbourhood_fn': '8-grid', 'optimizer_name': 'Adam', 'optimizer_params': {'lr': 0.0005}, 'preload_batch': True, 'use_cuda': True, 'use_lr_scheduling': True, 'mode': {'type': 5, 'objective_type': 'dpo', 'use_marginal': True, 'nb_samples': 1, 'temperature': 5.0, 'use_gamma': False, 'loss_type': 'fy', 'perturb_w': False, 'perturb_w_prime': False, 'dpo': {'maximize': False}}}, 'use_ray': True}[use_ray] = <class 'bool'>(False)
No existing entry for trainer_params.mode.type
{}[type] = <class 'int'>(5)
No existing entry for trainer_params.mode.objective_type
{'type': 5}[objective_type] = <class 'str'>(dpo)
No existing entry for trainer_params.mode.use_marginal
{'type': 5, 'objective_type': 'dpo'}[use_marginal] = <class 'bool'>(True)
No existing entry for trainer_params.mode.nb_samples
{'type': 5, 'objective_type': 'dpo', 'use_marginal': True}[nb_samples] = <class 'int'>(1)
No existing entry for trainer_params.mode.temperature
{'type': 5, 'objective_type': 'dpo', 'use_marginal': True, 'nb_samples': 1}[temperature] = <class 'float'>(5.0)
No existing entry for trainer_params.mode.use_gamma
{'type': 5, 'objective_type': 'dpo', 'use_marginal': True, 'nb_samples': 1, 'temperature': 5.0}[use_gamma] = <class 'bool'>(False)
No existing entry for trainer_params.mode.loss_type
{'type': 5, 'objective_type': 'dpo', 'use_marginal': True, 'nb_samples': 1, 'temperature': 5.0, 'use_gamma': False}[loss_type] = <class 'str'>(fy)
No existing entry for trainer_params.mode.perturb_w
{'type': 5, 'objective_type': 'dpo', 'use_marginal': True, 'nb_samples': 1, 'temperature': 5.0, 'use_gamma': False, 'loss_type': 'fy'}[perturb_w] = <class 'bool'>(False)
No existing entry for trainer_params.mode.perturb_w_prime
{'type': 5, 'objective_type': 'dpo', 'use_marginal': True, 'nb_samples': 1, 'temperature': 5.0, 'use_gamma': False, 'loss_type': 'fy', 'perturb_w': False}[perturb_w_prime] = <class 'bool'>(False)
{'batch_size': 70, 'l1_regconst': 0.0, 'lambda_val': 20.0, 'lr_milestone_1': 30, 'lr_milestone_2': 40, 'model_params': {'arch_params': {}, 'model_name': 'CombResnet18'}, 'neighbourhood_fn': '8-grid', 'optimizer_name': 'Adam', 'optimizer_params': {'lr': 0.0005}, 'preload_batch': True, 'use_cuda': True, 'use_lr_scheduling': True, 'mode': {'type': 5, 'objective_type': 'dpo', 'use_marginal': True, 'nb_samples': 1, 'temperature': 5.0, 'use_gamma': False, 'loss_type': 'fy', 'perturb_w': False, 'perturb_w_prime': False}}[lambda_val] = <class 'float'>(0.0)
No existing entry for trainer_params.mode.dpo.maximize
{}[maximize] = <class 'bool'>(False)
{'data_dir': 'data/warcraft_shortest_path/12x12', 'evaluate_with_extra': False, 'normalize': True, 'use_local_path': False, 'use_test_set': True}[data_dir] = <class 'str'>(data/warcraft_shortest_path/24x24)
{'evaluate_every': 5, 'loader_params': {'data_dir': 'data/warcraft_shortest_path/24x24', 'evaluate_with_extra': False, 'normalize': True, 'use_local_path': False, 'use_test_set': True}, 'model_dir': 'results/warcraft_shortest_path_combresnet', 'num_cpus': 40, 'num_epochs': 50, 'problem_type': 'warcraft_shortest_path', 'ray_params': {}, 'save_visualizations': False, 'seed': 1, 'trainer_name': 'DijkstraMAP', 'trainer_params': {'batch_size': 70, 'l1_regconst': 0.0, 'lambda_val': 0.0, 'lr_milestone_1': 30, 'lr_milestone_2': 40, 'model_params': {'arch_params': {}, 'model_name': 'CombResnet18'}, 'neighbourhood_fn': '8-grid', 'optimizer_name': 'Adam', 'optimizer_params': {'lr': 0.0005}, 'preload_batch': True, 'use_cuda': True, 'use_lr_scheduling': True, 'mode': {'type': 5, 'objective_type': 'dpo', 'use_marginal': True, 'nb_samples': 1, 'temperature': 5.0, 'use_gamma': False, 'loss_type': 'fy', 'perturb_w': False, 'perturb_w_prime': False, 'dpo': {'maximize': False}}}, 'use_ray': True}[seed] = <class 'int'>(1)
{'evaluate_every': 5, 'loader_params': {'data_dir': 'data/warcraft_shortest_path/24x24', 'evaluate_with_extra': False, 'normalize': True, 'use_local_path': False, 'use_test_set': True}, 'model_dir': 'results/warcraft_shortest_path_combresnet', 'num_cpus': 40, 'num_epochs': 50, 'problem_type': 'warcraft_shortest_path', 'ray_params': {}, 'save_visualizations': False, 'seed': 1, 'trainer_name': 'DijkstraMAP', 'trainer_params': {'batch_size': 70, 'l1_regconst': 0.0, 'lambda_val': 0.0, 'lr_milestone_1': 30, 'lr_milestone_2': 40, 'model_params': {'arch_params': {}, 'model_name': 'CombResnet18'}, 'neighbourhood_fn': '8-grid', 'optimizer_name': 'Adam', 'optimizer_params': {'lr': 0.0005}, 'preload_batch': True, 'use_cuda': True, 'use_lr_scheduling': True, 'mode': {'type': 5, 'objective_type': 'dpo', 'use_marginal': True, 'nb_samples': 1, 'temperature': 5.0, 'use_gamma': False, 'loss_type': 'fy', 'perturb_w': False, 'perturb_w_prime': False, 'dpo': {'maximize': False}}}, 'use_ray': True}[evaluate_every] = <class 'int'>(1)
{'evaluate_every': 1, 'loader_params': {'data_dir': 'data/warcraft_shortest_path/24x24', 'evaluate_with_extra': False, 'normalize': True, 'use_local_path': False, 'use_test_set': True}, 'model_dir': 'results/warcraft_shortest_path_combresnet', 'num_cpus': 40, 'num_epochs': 50, 'problem_type': 'warcraft_shortest_path', 'ray_params': {}, 'save_visualizations': False, 'seed': 1, 'trainer_name': 'DijkstraMAP', 'trainer_params': {'batch_size': 70, 'l1_regconst': 0.0, 'lambda_val': 0.0, 'lr_milestone_1': 30, 'lr_milestone_2': 40, 'model_params': {'arch_params': {}, 'model_name': 'CombResnet18'}, 'neighbourhood_fn': '8-grid', 'optimizer_name': 'Adam', 'optimizer_params': {'lr': 0.0005}, 'preload_batch': True, 'use_cuda': True, 'use_lr_scheduling': True, 'mode': {'type': 5, 'objective_type': 'dpo', 'use_marginal': True, 'nb_samples': 1, 'temperature': 5.0, 'use_gamma': False, 'loss_type': 'fy', 'perturb_w': False, 'perturb_w_prime': False, 'dpo': {'maximize': False}}}, 'use_ray': True}[use_ray] = <class 'bool'>(False)
{
    "evaluate_every": 1,
    "loader_params": {
        "data_dir": "data/warcraft_shortest_path/24x24",
        "evaluate_with_extra": false,
        "normalize": true,
        "use_local_path": false,
        "use_test_set": true
    },
    "model_dir": "results/warcraft_shortest_path_combresnet",
    "num_cpus": 40,
    "num_epochs": 50,
    "problem_type": "warcraft_shortest_path",
    "ray_params": {},
    "save_visualizations": false,
    "seed": 1,
    "trainer_name": "DijkstraMAP",
    "trainer_params": {
        "batch_size": 70,
        "l1_regconst": 0.0,
        "lambda_val": 0.0,
        "lr_milestone_1": 30,
        "lr_milestone_2": 40,
        "mode": {
            "dpo": {
                "maximize": false
            },
            "loss_type": "fy",
            "nb_samples": 1,
            "objective_type": "dpo",
            "perturb_w": false,
            "perturb_w_prime": false,
            "temperature": 5.0,
            "type": 5,
            "use_gamma": false,
            "use_marginal": true
        },
        "model_params": {
            "arch_params": {},
            "model_name": "CombResnet18"
        },
        "neighbourhood_fn": "8-grid",
        "optimizer_name": "Adam",
        "optimizer_params": {
            "lr": 0.0005
        },
        "preload_batch": true,
        "use_cuda": true,
        "use_lr_scheduling": true
    },
    "use_ray": false
}
MAP-BACKPROP MODE: {
    "dpo": {
        "maximize": false
    },
    "loss_type": "fy",
    "nb_samples": 1,
    "objective_type": "dpo",
    "perturb_w": false,
    "perturb_w_prime": false,
    "temperature": 5.0,
    "type": 5,
    "use_gamma": false,
    "use_marginal": true
}
True
META: {'input_image_size': 192, 'output_features': 576, 'num_channels': 3, 'denormalize': <maprop.decorators.input_to_numpy object at 0x2b768b84fe80>}
EVALUATING
{'loss': 173.4039991760254, 'accuracy': 0.9252725708484649, 'perfect_match_accuracy': 0.005, 'cost_ratio_suggested_true': 2.940467720031738, 'below_10.0_percent_acc': 0.06, 'below_1.0_percent_acc': 0.011, 'below_0.1_percent_acc': 0.01, 'below_0.01_percent_acc': 0.01, 'below_0.001_percent_acc': 0.009, 'below_0.0001_percent_acc': 0.009, 'valid_acc': 1.0}
Epoch: 1	Batch time (20.624538)	Data time (0.053070)	Cuda time (0.000007)	Loss (134.210400)	Accuracy (0.866483)
EVALUATING
{'loss': 117.30000144958495, 'accuracy': 0.9430816042423248, 'perfect_match_accuracy': 0.018, 'cost_ratio_suggested_true': 1.653962584733963, 'below_10.0_percent_acc': 0.463, 'below_1.0_percent_acc': 0.157, 'below_0.1_percent_acc': 0.132, 'below_0.01_percent_acc': 0.131, 'below_0.001_percent_acc': 0.128, 'below_0.0001_percent_acc': 0.128, 'valid_acc': 1.0}
Epoch: 2	Batch time (3.113707)	Data time (0.062058)	Cuda time (0.000008)	Loss (98.744001)	Accuracy (0.896010)
EVALUATING
{'loss': 83.93000045776367, 'accuracy': 0.9495295321941376, 'perfect_match_accuracy': 0.041, 'cost_ratio_suggested_true': 1.5385936498641968, 'below_10.0_percent_acc': 0.528, 'below_1.0_percent_acc': 0.22, 'below_0.1_percent_acc': 0.186, 'below_0.01_percent_acc': 0.186, 'below_0.001_percent_acc': 0.183, 'below_0.0001_percent_acc': 0.183, 'valid_acc': 1.0}
Epoch: 3	Batch time (2.882230)	Data time (0.046682)	Cuda time (0.000004)	Loss (81.875301)	Accuracy (0.904061)
EVALUATING
{'loss': 76.78400070190429, 'accuracy': 0.9523316079378128, 'perfect_match_accuracy': 0.046, 'cost_ratio_suggested_true': 1.4347603857517242, 'below_10.0_percent_acc': 0.594, 'below_1.0_percent_acc': 0.238, 'below_0.1_percent_acc': 0.194, 'below_0.01_percent_acc': 0.194, 'below_0.001_percent_acc': 0.194, 'below_0.0001_percent_acc': 0.194, 'valid_acc': 1.0}
Epoch: 4	Batch time (2.777238)	Data time (0.046707)	Cuda time (0.000004)	Loss (72.616201)	Accuracy (0.908413)
EVALUATING
{'loss': 72.80400054931641, 'accuracy': 0.9521423882246017, 'perfect_match_accuracy': 0.039, 'cost_ratio_suggested_true': 1.422125996351242, 'below_10.0_percent_acc': 0.605, 'below_1.0_percent_acc': 0.242, 'below_0.1_percent_acc': 0.195, 'below_0.01_percent_acc': 0.195, 'below_0.001_percent_acc': 0.194, 'below_0.0001_percent_acc': 0.194, 'valid_acc': 1.0}
Epoch: 5	Batch time (2.743709)	Data time (0.049556)	Cuda time (0.000005)	Loss (67.176001)	Accuracy (0.911226)
EVALUATING
{'loss': 71.43800010681153, 'accuracy': 0.9539375096559525, 'perfect_match_accuracy': 0.047, 'cost_ratio_suggested_true': 1.3581193220615386, 'below_10.0_percent_acc': 0.654, 'below_1.0_percent_acc': 0.251, 'below_0.1_percent_acc': 0.198, 'below_0.01_percent_acc': 0.198, 'below_0.001_percent_acc': 0.197, 'below_0.0001_percent_acc': 0.197, 'valid_acc': 1.0}
Epoch: 6	Batch time (2.757807)	Data time (0.048708)	Cuda time (0.000005)	Loss (62.764600)	Accuracy (0.914144)
EVALUATING
{'loss': 60.84800048828125, 'accuracy': 0.955435780286789, 'perfect_match_accuracy': 0.055, 'cost_ratio_suggested_true': 1.326175208091736, 'below_10.0_percent_acc': 0.675, 'below_1.0_percent_acc': 0.24, 'below_0.1_percent_acc': 0.182, 'below_0.01_percent_acc': 0.182, 'below_0.001_percent_acc': 0.181, 'below_0.0001_percent_acc': 0.181, 'valid_acc': 1.0}
Epoch: 7	Batch time (2.683204)	Data time (0.047427)	Cuda time (0.000004)	Loss (59.772700)	Accuracy (0.916298)
EVALUATING
{'loss': 57.445000648498535, 'accuracy': 0.9568038254976272, 'perfect_match_accuracy': 0.066, 'cost_ratio_suggested_true': 1.3378848230838776, 'below_10.0_percent_acc': 0.692, 'below_1.0_percent_acc': 0.273, 'below_0.1_percent_acc': 0.215, 'below_0.01_percent_acc': 0.215, 'below_0.001_percent_acc': 0.214, 'below_0.0001_percent_acc': 0.214, 'valid_acc': 1.0}
Epoch: 8	Batch time (2.670105)	Data time (0.047454)	Cuda time (0.000004)	Loss (56.686100)	Accuracy (0.918193)
EVALUATING
{'loss': 53.1730005645752, 'accuracy': 0.9569548797607422, 'perfect_match_accuracy': 0.074, 'cost_ratio_suggested_true': 1.3398308157920837, 'below_10.0_percent_acc': 0.691, 'below_1.0_percent_acc': 0.274, 'below_0.1_percent_acc': 0.216, 'below_0.01_percent_acc': 0.216, 'below_0.001_percent_acc': 0.215, 'below_0.0001_percent_acc': 0.215, 'valid_acc': 1.0}
Epoch: 9	Batch time (2.582549)	Data time (0.058855)	Cuda time (0.000006)	Loss (54.645100)	Accuracy (0.919743)
EVALUATING
{'loss': 54.61400077819824, 'accuracy': 0.9571163368225097, 'perfect_match_accuracy': 0.064, 'cost_ratio_suggested_true': 1.2956586110591888, 'below_10.0_percent_acc': 0.725, 'below_1.0_percent_acc': 0.237, 'below_0.1_percent_acc': 0.176, 'below_0.01_percent_acc': 0.176, 'below_0.001_percent_acc': 0.175, 'below_0.0001_percent_acc': 0.175, 'valid_acc': 1.0}
Epoch: 10	Batch time (2.543182)	Data time (0.066550)	Cuda time (0.000008)	Loss (52.636300)	Accuracy (0.921681)
EVALUATING
{'loss': 50.56800033569336, 'accuracy': 0.9582517504692077, 'perfect_match_accuracy': 0.087, 'cost_ratio_suggested_true': 1.3293218779563905, 'below_10.0_percent_acc': 0.711, 'below_1.0_percent_acc': 0.286, 'below_0.1_percent_acc': 0.223, 'below_0.01_percent_acc': 0.223, 'below_0.001_percent_acc': 0.221, 'below_0.0001_percent_acc': 0.221, 'valid_acc': 1.0}
Epoch: 11	Batch time (2.538403)	Data time (0.055888)	Cuda time (0.000005)	Loss (51.014900)	Accuracy (0.922657)
EVALUATING
{'loss': 51.32400001525879, 'accuracy': 0.9575156378746033, 'perfect_match_accuracy': 0.074, 'cost_ratio_suggested_true': 1.268775782585144, 'below_10.0_percent_acc': 0.739, 'below_1.0_percent_acc': 0.254, 'below_0.1_percent_acc': 0.19, 'below_0.01_percent_acc': 0.19, 'below_0.001_percent_acc': 0.189, 'below_0.0001_percent_acc': 0.189, 'valid_acc': 1.0}
Epoch: 12	Batch time (2.615302)	Data time (0.046455)	Cuda time (0.000004)	Loss (49.719600)	Accuracy (0.924074)
EVALUATING
{'loss': 48.68200084686279, 'accuracy': 0.9594809240102768, 'perfect_match_accuracy': 0.081, 'cost_ratio_suggested_true': 1.2840973043441772, 'below_10.0_percent_acc': 0.748, 'below_1.0_percent_acc': 0.278, 'below_0.1_percent_acc': 0.214, 'below_0.01_percent_acc': 0.214, 'below_0.001_percent_acc': 0.213, 'below_0.0001_percent_acc': 0.213, 'valid_acc': 1.0}
Epoch: 13	Batch time (2.571059)	Data time (0.046774)	Cuda time (0.000004)	Loss (48.549400)	Accuracy (0.925253)
EVALUATING
{'loss': 46.91400039672852, 'accuracy': 0.9592118114233017, 'perfect_match_accuracy': 0.075, 'cost_ratio_suggested_true': 1.242091109752655, 'below_10.0_percent_acc': 0.766, 'below_1.0_percent_acc': 0.27, 'below_0.1_percent_acc': 0.207, 'below_0.01_percent_acc': 0.207, 'below_0.001_percent_acc': 0.206, 'below_0.0001_percent_acc': 0.206, 'valid_acc': 1.0}
Epoch: 14	Batch time (2.556960)	Data time (0.046750)	Cuda time (0.000004)	Loss (47.251000)	Accuracy (0.926711)
EVALUATING
{'loss': 46.521000366210934, 'accuracy': 0.9606944584846496, 'perfect_match_accuracy': 0.105, 'cost_ratio_suggested_true': 1.2634836149215698, 'below_10.0_percent_acc': 0.76, 'below_1.0_percent_acc': 0.32, 'below_0.1_percent_acc': 0.251, 'below_0.01_percent_acc': 0.251, 'below_0.001_percent_acc': 0.248, 'below_0.0001_percent_acc': 0.248, 'valid_acc': 1.0}
Epoch: 15	Batch time (2.604973)	Data time (0.047726)	Cuda time (0.000005)	Loss (45.842200)	Accuracy (0.927419)
EVALUATING
{'loss': 45.49900020599365, 'accuracy': 0.9612916845083237, 'perfect_match_accuracy': 0.093, 'cost_ratio_suggested_true': 1.2249561274051666, 'below_10.0_percent_acc': 0.784, 'below_1.0_percent_acc': 0.294, 'below_0.1_percent_acc': 0.227, 'below_0.01_percent_acc': 0.227, 'below_0.001_percent_acc': 0.224, 'below_0.0001_percent_acc': 0.224, 'valid_acc': 1.0}
Epoch: 16	Batch time (2.554994)	Data time (0.047608)	Cuda time (0.000004)	Loss (45.032000)	Accuracy (0.928284)
EVALUATING
{'loss': 43.813000183105466, 'accuracy': 0.960184035897255, 'perfect_match_accuracy': 0.1, 'cost_ratio_suggested_true': 1.2334796345233918, 'below_10.0_percent_acc': 0.775, 'below_1.0_percent_acc': 0.283, 'below_0.1_percent_acc': 0.214, 'below_0.01_percent_acc': 0.214, 'below_0.001_percent_acc': 0.212, 'below_0.0001_percent_acc': 0.212, 'valid_acc': 1.0}
Epoch: 17	Batch time (2.535987)	Data time (0.047732)	Cuda time (0.000004)	Loss (44.277600)	Accuracy (0.928819)
EVALUATING
{'loss': 42.1510005569458, 'accuracy': 0.9623993146419525, 'perfect_match_accuracy': 0.116, 'cost_ratio_suggested_true': 1.2511404633522034, 'below_10.0_percent_acc': 0.793, 'below_1.0_percent_acc': 0.317, 'below_0.1_percent_acc': 0.251, 'below_0.01_percent_acc': 0.251, 'below_0.001_percent_acc': 0.249, 'below_0.0001_percent_acc': 0.249, 'valid_acc': 1.0}
Epoch: 18	Batch time (2.514638)	Data time (0.055276)	Cuda time (0.000006)	Loss (43.383700)	Accuracy (0.930224)
EVALUATING
{'loss': 43.35999977111816, 'accuracy': 0.9621580022573472, 'perfect_match_accuracy': 0.106, 'cost_ratio_suggested_true': 1.211285299062729, 'below_10.0_percent_acc': 0.811, 'below_1.0_percent_acc': 0.305, 'below_0.1_percent_acc': 0.232, 'below_0.01_percent_acc': 0.232, 'below_0.001_percent_acc': 0.231, 'below_0.0001_percent_acc': 0.231, 'valid_acc': 1.0}
Epoch: 19	Batch time (2.494852)	Data time (0.063339)	Cuda time (0.000007)	Loss (42.523000)	Accuracy (0.930909)
EVALUATING
{'loss': 43.86100044250488, 'accuracy': 0.9614548718929291, 'perfect_match_accuracy': 0.096, 'cost_ratio_suggested_true': 1.2272059321403503, 'below_10.0_percent_acc': 0.803, 'below_1.0_percent_acc': 0.274, 'below_0.1_percent_acc': 0.211, 'below_0.01_percent_acc': 0.211, 'below_0.001_percent_acc': 0.208, 'below_0.0001_percent_acc': 0.208, 'valid_acc': 1.0}
Epoch: 20	Batch time (2.512805)	Data time (0.046002)	Cuda time (0.000004)	Loss (41.863800)	Accuracy (0.931279)
EVALUATING
{'loss': 41.936000175476075, 'accuracy': 0.9625295257568359, 'perfect_match_accuracy': 0.11, 'cost_ratio_suggested_true': 1.2272104442119598, 'below_10.0_percent_acc': 0.807, 'below_1.0_percent_acc': 0.319, 'below_0.1_percent_acc': 0.249, 'below_0.01_percent_acc': 0.249, 'below_0.001_percent_acc': 0.248, 'below_0.0001_percent_acc': 0.248, 'valid_acc': 1.0}
Epoch: 21	Batch time (2.516157)	Data time (0.047202)	Cuda time (0.000004)	Loss (41.253600)	Accuracy (0.931890)
EVALUATING
{'loss': 40.16600025177002, 'accuracy': 0.9633333444595337, 'perfect_match_accuracy': 0.131, 'cost_ratio_suggested_true': 1.2004622912406921, 'below_10.0_percent_acc': 0.816, 'below_1.0_percent_acc': 0.317, 'below_0.1_percent_acc': 0.25, 'below_0.01_percent_acc': 0.25, 'below_0.001_percent_acc': 0.247, 'below_0.0001_percent_acc': 0.247, 'valid_acc': 1.0}
Epoch: 22	Batch time (2.516150)	Data time (0.047198)	Cuda time (0.000004)	Loss (40.727600)	Accuracy (0.933151)
EVALUATING
{'loss': 42.122000465393064, 'accuracy': 0.9628142553567887, 'perfect_match_accuracy': 0.119, 'cost_ratio_suggested_true': 1.1979865026474, 'below_10.0_percent_acc': 0.827, 'below_1.0_percent_acc': 0.323, 'below_0.1_percent_acc': 0.253, 'below_0.01_percent_acc': 0.253, 'below_0.001_percent_acc': 0.251, 'below_0.0001_percent_acc': 0.25, 'valid_acc': 1.0}
Epoch: 23	Batch time (2.505741)	Data time (0.046430)	Cuda time (0.000004)	Loss (39.974800)	Accuracy (0.933693)
EVALUATING
{'loss': 39.761000328063965, 'accuracy': 0.962586818933487, 'perfect_match_accuracy': 0.133, 'cost_ratio_suggested_true': 1.2166743636131288, 'below_10.0_percent_acc': 0.802, 'below_1.0_percent_acc': 0.329, 'below_0.1_percent_acc': 0.256, 'below_0.01_percent_acc': 0.256, 'below_0.001_percent_acc': 0.253, 'below_0.0001_percent_acc': 0.253, 'valid_acc': 1.0}
Epoch: 24	Batch time (2.482373)	Data time (0.046097)	Cuda time (0.000004)	Loss (39.399900)	Accuracy (0.934178)
EVALUATING
{'loss': 39.62599994659424, 'accuracy': 0.9636319589614868, 'perfect_match_accuracy': 0.146, 'cost_ratio_suggested_true': 1.2414252936840058, 'below_10.0_percent_acc': 0.809, 'below_1.0_percent_acc': 0.339, 'below_0.1_percent_acc': 0.272, 'below_0.01_percent_acc': 0.272, 'below_0.001_percent_acc': 0.269, 'below_0.0001_percent_acc': 0.269, 'valid_acc': 1.0}
Epoch: 25	Batch time (2.475539)	Data time (0.047758)	Cuda time (0.000004)	Loss (38.604300)	Accuracy (0.935568)
EVALUATING
{'loss': 38.64000087738037, 'accuracy': 0.9629166787862777, 'perfect_match_accuracy': 0.138, 'cost_ratio_suggested_true': 1.2019371461868287, 'below_10.0_percent_acc': 0.822, 'below_1.0_percent_acc': 0.317, 'below_0.1_percent_acc': 0.252, 'below_0.01_percent_acc': 0.252, 'below_0.001_percent_acc': 0.251, 'below_0.0001_percent_acc': 0.251, 'valid_acc': 1.0}
Epoch: 26	Batch time (2.472839)	Data time (0.049984)	Cuda time (0.000005)	Loss (38.342000)	Accuracy (0.935778)
EVALUATING
{'loss': 37.9710001373291, 'accuracy': 0.9637309050559998, 'perfect_match_accuracy': 0.142, 'cost_ratio_suggested_true': 1.2107855892181396, 'below_10.0_percent_acc': 0.822, 'below_1.0_percent_acc': 0.332, 'below_0.1_percent_acc': 0.262, 'below_0.01_percent_acc': 0.262, 'below_0.001_percent_acc': 0.26, 'below_0.0001_percent_acc': 0.259, 'valid_acc': 1.0}
Epoch: 27	Batch time (2.425535)	Data time (0.070489)	Cuda time (0.000008)	Loss (37.905600)	Accuracy (0.936411)
EVALUATING
{'loss': 37.45500057220459, 'accuracy': 0.9643663322925567, 'perfect_match_accuracy': 0.15, 'cost_ratio_suggested_true': 1.2077521431446074, 'below_10.0_percent_acc': 0.832, 'below_1.0_percent_acc': 0.356, 'below_0.1_percent_acc': 0.287, 'below_0.01_percent_acc': 0.287, 'below_0.001_percent_acc': 0.284, 'below_0.0001_percent_acc': 0.284, 'valid_acc': 1.0}
Epoch: 28	Batch time (2.410589)	Data time (0.074142)	Cuda time (0.000009)	Loss (37.406600)	Accuracy (0.936698)
EVALUATING
{'loss': 38.85600021362305, 'accuracy': 0.965970498919487, 'perfect_match_accuracy': 0.173, 'cost_ratio_suggested_true': 1.2047304224967956, 'below_10.0_percent_acc': 0.848, 'below_1.0_percent_acc': 0.403, 'below_0.1_percent_acc': 0.333, 'below_0.01_percent_acc': 0.333, 'below_0.001_percent_acc': 0.328, 'below_0.0001_percent_acc': 0.328, 'valid_acc': 1.0}
Epoch: 29	Batch time (2.521594)	Data time (0.050392)	Cuda time (0.000005)	Loss (36.843500)	Accuracy (0.937427)
EVALUATING
{'loss': 37.28900077819824, 'accuracy': 0.9660191053152084, 'perfect_match_accuracy': 0.157, 'cost_ratio_suggested_true': 1.1845811986923218, 'below_10.0_percent_acc': 0.857, 'below_1.0_percent_acc': 0.4, 'below_0.1_percent_acc': 0.322, 'below_0.01_percent_acc': 0.322, 'below_0.001_percent_acc': 0.321, 'below_0.0001_percent_acc': 0.321, 'valid_acc': 1.0}
Epoch: 30	Batch time (2.515513)	Data time (0.048117)	Cuda time (0.000005)	Loss (36.380000)	Accuracy (0.938152)
EVALUATING
{'loss': 36.30200057983399, 'accuracy': 0.9656232780218125, 'perfect_match_accuracy': 0.166, 'cost_ratio_suggested_true': 1.1743755078315734, 'below_10.0_percent_acc': 0.857, 'below_1.0_percent_acc': 0.38, 'below_0.1_percent_acc': 0.304, 'below_0.01_percent_acc': 0.304, 'below_0.001_percent_acc': 0.302, 'below_0.0001_percent_acc': 0.301, 'valid_acc': 1.0}
Epoch: 31	Batch time (2.482345)	Data time (0.047204)	Cuda time (0.000004)	Loss (35.497400)	Accuracy (0.939110)
EVALUATING
{'loss': 35.46800029754639, 'accuracy': 0.9665191131830215, 'perfect_match_accuracy': 0.173, 'cost_ratio_suggested_true': 1.1727163887023926, 'below_10.0_percent_acc': 0.867, 'below_1.0_percent_acc': 0.397, 'below_0.1_percent_acc': 0.314, 'below_0.01_percent_acc': 0.314, 'below_0.001_percent_acc': 0.312, 'below_0.0001_percent_acc': 0.311, 'valid_acc': 1.0}
Epoch: 32	Batch time (2.475354)	Data time (0.046175)	Cuda time (0.000004)	Loss (35.247200)	Accuracy (0.939036)
EVALUATING
{'loss': 34.93700023651123, 'accuracy': 0.9670208442211151, 'perfect_match_accuracy': 0.189, 'cost_ratio_suggested_true': 1.1747495281696319, 'below_10.0_percent_acc': 0.871, 'below_1.0_percent_acc': 0.409, 'below_0.1_percent_acc': 0.333, 'below_0.01_percent_acc': 0.333, 'below_0.001_percent_acc': 0.331, 'below_0.0001_percent_acc': 0.33, 'valid_acc': 1.0}
Epoch: 33	Batch time (2.523200)	Data time (0.048463)	Cuda time (0.000004)	Loss (35.302200)	Accuracy (0.939417)
EVALUATING
{'loss': 35.32500015258789, 'accuracy': 0.9670833498239517, 'perfect_match_accuracy': 0.19, 'cost_ratio_suggested_true': 1.175891375541687, 'below_10.0_percent_acc': 0.868, 'below_1.0_percent_acc': 0.411, 'below_0.1_percent_acc': 0.328, 'below_0.01_percent_acc': 0.328, 'below_0.001_percent_acc': 0.325, 'below_0.0001_percent_acc': 0.324, 'valid_acc': 1.0}
Epoch: 34	Batch time (2.472980)	Data time (0.046428)	Cuda time (0.000004)	Loss (35.329300)	Accuracy (0.939500)
EVALUATING
{'loss': 34.98300052642822, 'accuracy': 0.9669097363948822, 'perfect_match_accuracy': 0.182, 'cost_ratio_suggested_true': 1.1719623827934265, 'below_10.0_percent_acc': 0.871, 'below_1.0_percent_acc': 0.404, 'below_0.1_percent_acc': 0.326, 'below_0.01_percent_acc': 0.326, 'below_0.001_percent_acc': 0.324, 'below_0.0001_percent_acc': 0.323, 'valid_acc': 1.0}
Epoch: 35	Batch time (2.481041)	Data time (0.046878)	Cuda time (0.000004)	Loss (35.340900)	Accuracy (0.939360)
EVALUATING
{'loss': 35.02899959564209, 'accuracy': 0.9663472425937653, 'perfect_match_accuracy': 0.181, 'cost_ratio_suggested_true': 1.1799348020553588, 'below_10.0_percent_acc': 0.861, 'below_1.0_percent_acc': 0.399, 'below_0.1_percent_acc': 0.325, 'below_0.01_percent_acc': 0.325, 'below_0.001_percent_acc': 0.323, 'below_0.0001_percent_acc': 0.322, 'valid_acc': 1.0}
Epoch: 36	Batch time (2.469583)	Data time (0.049012)	Cuda time (0.000004)	Loss (34.826500)	Accuracy (0.939729)
EVALUATING
{'loss': 34.85200065612793, 'accuracy': 0.965901049375534, 'perfect_match_accuracy': 0.184, 'cost_ratio_suggested_true': 1.177996528148651, 'below_10.0_percent_acc': 0.859, 'below_1.0_percent_acc': 0.39, 'below_0.1_percent_acc': 0.312, 'below_0.01_percent_acc': 0.312, 'below_0.001_percent_acc': 0.31, 'below_0.0001_percent_acc': 0.31, 'valid_acc': 1.0}
Epoch: 37	Batch time (2.431682)	Data time (0.047016)	Cuda time (0.000004)	Loss (34.930900)	Accuracy (0.939537)
EVALUATING
{'loss': 35.46300094604492, 'accuracy': 0.9667152905464172, 'perfect_match_accuracy': 0.183, 'cost_ratio_suggested_true': 1.1766397356987, 'below_10.0_percent_acc': 0.863, 'below_1.0_percent_acc': 0.396, 'below_0.1_percent_acc': 0.315, 'below_0.01_percent_acc': 0.315, 'below_0.001_percent_acc': 0.313, 'below_0.0001_percent_acc': 0.313, 'valid_acc': 1.0}
Epoch: 38	Batch time (2.465388)	Data time (0.046151)	Cuda time (0.000004)	Loss (34.506700)	Accuracy (0.939968)
EVALUATING
{'loss': 35.30200035095215, 'accuracy': 0.9671336799860001, 'perfect_match_accuracy': 0.188, 'cost_ratio_suggested_true': 1.1714950823783874, 'below_10.0_percent_acc': 0.869, 'below_1.0_percent_acc': 0.415, 'below_0.1_percent_acc': 0.337, 'below_0.01_percent_acc': 0.337, 'below_0.001_percent_acc': 0.335, 'below_0.0001_percent_acc': 0.334, 'valid_acc': 1.0}
Epoch: 39	Batch time (2.482291)	Data time (0.047537)	Cuda time (0.000004)	Loss (34.845800)	Accuracy (0.939730)
EVALUATING
{'loss': 35.61100048065185, 'accuracy': 0.9674809098243713, 'perfect_match_accuracy': 0.189, 'cost_ratio_suggested_true': 1.1707232046127318, 'below_10.0_percent_acc': 0.868, 'below_1.0_percent_acc': 0.411, 'below_0.1_percent_acc': 0.335, 'below_0.01_percent_acc': 0.335, 'below_0.001_percent_acc': 0.333, 'below_0.0001_percent_acc': 0.333, 'valid_acc': 1.0}
Epoch: 40	Batch time (2.487542)	Data time (0.048351)	Cuda time (0.000004)	Loss (34.839400)	Accuracy (0.939723)
EVALUATING
{'loss': 35.09300025939942, 'accuracy': 0.9665538328886032, 'perfect_match_accuracy': 0.176, 'cost_ratio_suggested_true': 1.1732238149642944, 'below_10.0_percent_acc': 0.865, 'below_1.0_percent_acc': 0.393, 'below_0.1_percent_acc': 0.313, 'below_0.01_percent_acc': 0.313, 'below_0.001_percent_acc': 0.311, 'below_0.0001_percent_acc': 0.31, 'valid_acc': 1.0}
Epoch: 41	Batch time (2.483127)	Data time (0.046571)	Cuda time (0.000004)	Loss (34.801800)	Accuracy (0.939808)
EVALUATING
{'loss': 35.502000617980954, 'accuracy': 0.967029527425766, 'perfect_match_accuracy': 0.183, 'cost_ratio_suggested_true': 1.176197850704193, 'below_10.0_percent_acc': 0.864, 'below_1.0_percent_acc': 0.404, 'below_0.1_percent_acc': 0.324, 'below_0.01_percent_acc': 0.324, 'below_0.001_percent_acc': 0.322, 'below_0.0001_percent_acc': 0.321, 'valid_acc': 1.0}
Epoch: 42	Batch time (2.480872)	Data time (0.047378)	Cuda time (0.000004)	Loss (34.696400)	Accuracy (0.939675)
EVALUATING
{'loss': 34.975999450683595, 'accuracy': 0.9665746706724166, 'perfect_match_accuracy': 0.182, 'cost_ratio_suggested_true': 1.1803633427619935, 'below_10.0_percent_acc': 0.86, 'below_1.0_percent_acc': 0.399, 'below_0.1_percent_acc': 0.321, 'below_0.01_percent_acc': 0.321, 'below_0.001_percent_acc': 0.319, 'below_0.0001_percent_acc': 0.319, 'valid_acc': 1.0}
Epoch: 43	Batch time (2.500923)	Data time (0.049133)	Cuda time (0.000004)	Loss (34.888600)	Accuracy (0.940288)
EVALUATING
{'loss': 34.85800025939941, 'accuracy': 0.9669149446487427, 'perfect_match_accuracy': 0.184, 'cost_ratio_suggested_true': 1.1740930223464965, 'below_10.0_percent_acc': 0.863, 'below_1.0_percent_acc': 0.402, 'below_0.1_percent_acc': 0.322, 'below_0.01_percent_acc': 0.322, 'below_0.001_percent_acc': 0.32, 'below_0.0001_percent_acc': 0.32, 'valid_acc': 1.0}
Epoch: 44	Batch time (2.521125)	Data time (0.100007)	Cuda time (0.000010)	Loss (34.574500)	Accuracy (0.940402)
EVALUATING
{'loss': 34.21099988937378, 'accuracy': 0.9670607739686966, 'perfect_match_accuracy': 0.184, 'cost_ratio_suggested_true': 1.17328316450119, 'below_10.0_percent_acc': 0.865, 'below_1.0_percent_acc': 0.404, 'below_0.1_percent_acc': 0.323, 'below_0.01_percent_acc': 0.323, 'below_0.001_percent_acc': 0.321, 'below_0.0001_percent_acc': 0.321, 'valid_acc': 1.0}
Epoch: 45	Batch time (2.498855)	Data time (0.101047)	Cuda time (0.000012)	Loss (34.548400)	Accuracy (0.939832)
EVALUATING
{'loss': 34.649000549316405, 'accuracy': 0.9669965469837188, 'perfect_match_accuracy': 0.182, 'cost_ratio_suggested_true': 1.178493365049362, 'below_10.0_percent_acc': 0.861, 'below_1.0_percent_acc': 0.403, 'below_0.1_percent_acc': 0.325, 'below_0.01_percent_acc': 0.325, 'below_0.001_percent_acc': 0.323, 'below_0.0001_percent_acc': 0.323, 'valid_acc': 1.0}
Epoch: 46	Batch time (2.543491)	Data time (0.062435)	Cuda time (0.000006)	Loss (34.641000)	Accuracy (0.940255)
EVALUATING
{'loss': 34.89400037765503, 'accuracy': 0.9670781302452087, 'perfect_match_accuracy': 0.186, 'cost_ratio_suggested_true': 1.1749892902374268, 'below_10.0_percent_acc': 0.862, 'below_1.0_percent_acc': 0.403, 'below_0.1_percent_acc': 0.323, 'below_0.01_percent_acc': 0.323, 'below_0.001_percent_acc': 0.321, 'below_0.0001_percent_acc': 0.321, 'valid_acc': 1.0}
Epoch: 47	Batch time (2.500084)	Data time (0.048108)	Cuda time (0.000004)	Loss (34.699600)	Accuracy (0.940519)
EVALUATING
{'loss': 35.227000579833984, 'accuracy': 0.9674600857496262, 'perfect_match_accuracy': 0.19, 'cost_ratio_suggested_true': 1.178084613084793, 'below_10.0_percent_acc': 0.863, 'below_1.0_percent_acc': 0.413, 'below_0.1_percent_acc': 0.336, 'below_0.01_percent_acc': 0.336, 'below_0.001_percent_acc': 0.334, 'below_0.0001_percent_acc': 0.334, 'valid_acc': 1.0}
Epoch: 48	Batch time (2.477005)	Data time (0.046844)	Cuda time (0.000004)	Loss (34.669900)	Accuracy (0.939930)
EVALUATING
{'loss': 35.090000267028806, 'accuracy': 0.9669531399011612, 'perfect_match_accuracy': 0.182, 'cost_ratio_suggested_true': 1.1774101066589355, 'below_10.0_percent_acc': 0.859, 'below_1.0_percent_acc': 0.402, 'below_0.1_percent_acc': 0.324, 'below_0.01_percent_acc': 0.324, 'below_0.001_percent_acc': 0.322, 'below_0.0001_percent_acc': 0.322, 'valid_acc': 1.0}
Epoch: 49	Batch time (2.475024)	Data time (0.046916)	Cuda time (0.000004)	Loss (34.643500)	Accuracy (0.939908)
EVALUATING
{'loss': 34.68400068283081, 'accuracy': 0.9669340455532074, 'perfect_match_accuracy': 0.184, 'cost_ratio_suggested_true': 1.1761629796028137, 'below_10.0_percent_acc': 0.86, 'below_1.0_percent_acc': 0.4, 'below_0.1_percent_acc': 0.323, 'below_0.01_percent_acc': 0.323, 'below_0.001_percent_acc': 0.321, 'below_0.0001_percent_acc': 0.321, 'valid_acc': 1.0}
Epoch: 50	Batch time (2.469080)	Data time (0.047066)	Cuda time (0.000004)	Loss (34.495600)	Accuracy (0.940647)
EVALUATING
{'loss': 35.361000328063966, 'accuracy': 0.9670347338914871, 'perfect_match_accuracy': 0.185, 'cost_ratio_suggested_true': 1.175269194841385, 'below_10.0_percent_acc': 0.863, 'below_1.0_percent_acc': 0.403, 'below_0.1_percent_acc': 0.325, 'below_0.01_percent_acc': 0.325, 'below_0.001_percent_acc': 0.323, 'below_0.0001_percent_acc': 0.322, 'valid_acc': 1.0}
