No existing entry for trainer_params.mode.type
{}[type] = <class 'int'>(5)
No existing entry for trainer_params.mode.objective_type
{'type': 5}[objective_type] = <class 'str'>(dpo)
No existing entry for trainer_params.mode.use_marginal
{'type': 5, 'objective_type': 'dpo'}[use_marginal] = <class 'bool'>(True)
No existing entry for trainer_params.mode.nb_samples
{'type': 5, 'objective_type': 'dpo', 'use_marginal': True}[nb_samples] = <class 'int'>(1)
No existing entry for trainer_params.mode.temperature
{'type': 5, 'objective_type': 'dpo', 'use_marginal': True, 'nb_samples': 1}[temperature] = <class 'float'>(0.5)
No existing entry for trainer_params.mode.use_gamma
{'type': 5, 'objective_type': 'dpo', 'use_marginal': True, 'nb_samples': 1, 'temperature': 0.5}[use_gamma] = <class 'bool'>(False)
No existing entry for trainer_params.mode.loss_type
{'type': 5, 'objective_type': 'dpo', 'use_marginal': True, 'nb_samples': 1, 'temperature': 0.5, 'use_gamma': False}[loss_type] = <class 'str'>(fy)
No existing entry for trainer_params.mode.perturb_w
{'type': 5, 'objective_type': 'dpo', 'use_marginal': True, 'nb_samples': 1, 'temperature': 0.5, 'use_gamma': False, 'loss_type': 'fy'}[perturb_w] = <class 'bool'>(False)
No existing entry for trainer_params.mode.perturb_w_prime
{'type': 5, 'objective_type': 'dpo', 'use_marginal': True, 'nb_samples': 1, 'temperature': 0.5, 'use_gamma': False, 'loss_type': 'fy', 'perturb_w': False}[perturb_w_prime] = <class 'bool'>(False)
{'batch_size': 70, 'l1_regconst': 0.0, 'lambda_val': 20.0, 'lr_milestone_1': 30, 'lr_milestone_2': 40, 'model_params': {'arch_params': {}, 'model_name': 'CombResnet18'}, 'neighbourhood_fn': '8-grid', 'optimizer_name': 'Adam', 'optimizer_params': {'lr': 0.0005}, 'preload_batch': True, 'use_cuda': True, 'use_lr_scheduling': True, 'mode': {'type': 5, 'objective_type': 'dpo', 'use_marginal': True, 'nb_samples': 1, 'temperature': 0.5, 'use_gamma': False, 'loss_type': 'fy', 'perturb_w': False, 'perturb_w_prime': False}}[lambda_val] = <class 'float'>(0.0)
No existing entry for trainer_params.mode.dpo.maximize
{}[maximize] = <class 'bool'>(False)
{'data_dir': 'data/warcraft_shortest_path/12x12', 'evaluate_with_extra': False, 'normalize': True, 'use_local_path': False, 'use_test_set': True}[data_dir] = <class 'str'>(data/warcraft_shortest_path/12x12)
{'evaluate_every': 5, 'loader_params': {'data_dir': 'data/warcraft_shortest_path/12x12', 'evaluate_with_extra': False, 'normalize': True, 'use_local_path': False, 'use_test_set': True}, 'model_dir': 'results/warcraft_shortest_path_combresnet', 'num_cpus': 24, 'num_epochs': 50, 'problem_type': 'warcraft_shortest_path', 'ray_params': {}, 'save_visualizations': False, 'seed': 1, 'trainer_name': 'DijkstraMAP', 'trainer_params': {'batch_size': 70, 'l1_regconst': 0.0, 'lambda_val': 0.0, 'lr_milestone_1': 30, 'lr_milestone_2': 40, 'model_params': {'arch_params': {}, 'model_name': 'CombResnet18'}, 'neighbourhood_fn': '8-grid', 'optimizer_name': 'Adam', 'optimizer_params': {'lr': 0.0005}, 'preload_batch': True, 'use_cuda': True, 'use_lr_scheduling': True, 'mode': {'type': 5, 'objective_type': 'dpo', 'use_marginal': True, 'nb_samples': 1, 'temperature': 0.5, 'use_gamma': False, 'loss_type': 'fy', 'perturb_w': False, 'perturb_w_prime': False, 'dpo': {'maximize': False}}}, 'use_ray': True}[seed] = <class 'int'>(3)
{'evaluate_every': 5, 'loader_params': {'data_dir': 'data/warcraft_shortest_path/12x12', 'evaluate_with_extra': False, 'normalize': True, 'use_local_path': False, 'use_test_set': True}, 'model_dir': 'results/warcraft_shortest_path_combresnet', 'num_cpus': 24, 'num_epochs': 50, 'problem_type': 'warcraft_shortest_path', 'ray_params': {}, 'save_visualizations': False, 'seed': 3, 'trainer_name': 'DijkstraMAP', 'trainer_params': {'batch_size': 70, 'l1_regconst': 0.0, 'lambda_val': 0.0, 'lr_milestone_1': 30, 'lr_milestone_2': 40, 'model_params': {'arch_params': {}, 'model_name': 'CombResnet18'}, 'neighbourhood_fn': '8-grid', 'optimizer_name': 'Adam', 'optimizer_params': {'lr': 0.0005}, 'preload_batch': True, 'use_cuda': True, 'use_lr_scheduling': True, 'mode': {'type': 5, 'objective_type': 'dpo', 'use_marginal': True, 'nb_samples': 1, 'temperature': 0.5, 'use_gamma': False, 'loss_type': 'fy', 'perturb_w': False, 'perturb_w_prime': False, 'dpo': {'maximize': False}}}, 'use_ray': True}[evaluate_every] = <class 'int'>(1)
{'evaluate_every': 1, 'loader_params': {'data_dir': 'data/warcraft_shortest_path/12x12', 'evaluate_with_extra': False, 'normalize': True, 'use_local_path': False, 'use_test_set': True}, 'model_dir': 'results/warcraft_shortest_path_combresnet', 'num_cpus': 24, 'num_epochs': 50, 'problem_type': 'warcraft_shortest_path', 'ray_params': {}, 'save_visualizations': False, 'seed': 3, 'trainer_name': 'DijkstraMAP', 'trainer_params': {'batch_size': 70, 'l1_regconst': 0.0, 'lambda_val': 0.0, 'lr_milestone_1': 30, 'lr_milestone_2': 40, 'model_params': {'arch_params': {}, 'model_name': 'CombResnet18'}, 'neighbourhood_fn': '8-grid', 'optimizer_name': 'Adam', 'optimizer_params': {'lr': 0.0005}, 'preload_batch': True, 'use_cuda': True, 'use_lr_scheduling': True, 'mode': {'type': 5, 'objective_type': 'dpo', 'use_marginal': True, 'nb_samples': 1, 'temperature': 0.5, 'use_gamma': False, 'loss_type': 'fy', 'perturb_w': False, 'perturb_w_prime': False, 'dpo': {'maximize': False}}}, 'use_ray': True}[use_ray] = <class 'bool'>(False)
No existing entry for trainer_params.mode.type
{}[type] = <class 'int'>(5)
No existing entry for trainer_params.mode.objective_type
{'type': 5}[objective_type] = <class 'str'>(dpo)
No existing entry for trainer_params.mode.use_marginal
{'type': 5, 'objective_type': 'dpo'}[use_marginal] = <class 'bool'>(True)
No existing entry for trainer_params.mode.nb_samples
{'type': 5, 'objective_type': 'dpo', 'use_marginal': True}[nb_samples] = <class 'int'>(1)
No existing entry for trainer_params.mode.temperature
{'type': 5, 'objective_type': 'dpo', 'use_marginal': True, 'nb_samples': 1}[temperature] = <class 'float'>(0.5)
No existing entry for trainer_params.mode.use_gamma
{'type': 5, 'objective_type': 'dpo', 'use_marginal': True, 'nb_samples': 1, 'temperature': 0.5}[use_gamma] = <class 'bool'>(False)
No existing entry for trainer_params.mode.loss_type
{'type': 5, 'objective_type': 'dpo', 'use_marginal': True, 'nb_samples': 1, 'temperature': 0.5, 'use_gamma': False}[loss_type] = <class 'str'>(fy)
No existing entry for trainer_params.mode.perturb_w
{'type': 5, 'objective_type': 'dpo', 'use_marginal': True, 'nb_samples': 1, 'temperature': 0.5, 'use_gamma': False, 'loss_type': 'fy'}[perturb_w] = <class 'bool'>(False)
No existing entry for trainer_params.mode.perturb_w_prime
{'type': 5, 'objective_type': 'dpo', 'use_marginal': True, 'nb_samples': 1, 'temperature': 0.5, 'use_gamma': False, 'loss_type': 'fy', 'perturb_w': False}[perturb_w_prime] = <class 'bool'>(False)
{'batch_size': 70, 'l1_regconst': 0.0, 'lambda_val': 20.0, 'lr_milestone_1': 30, 'lr_milestone_2': 40, 'model_params': {'arch_params': {}, 'model_name': 'CombResnet18'}, 'neighbourhood_fn': '8-grid', 'optimizer_name': 'Adam', 'optimizer_params': {'lr': 0.0005}, 'preload_batch': True, 'use_cuda': True, 'use_lr_scheduling': True, 'mode': {'type': 5, 'objective_type': 'dpo', 'use_marginal': True, 'nb_samples': 1, 'temperature': 0.5, 'use_gamma': False, 'loss_type': 'fy', 'perturb_w': False, 'perturb_w_prime': False}}[lambda_val] = <class 'float'>(0.0)
No existing entry for trainer_params.mode.dpo.maximize
{}[maximize] = <class 'bool'>(False)
{'data_dir': 'data/warcraft_shortest_path/12x12', 'evaluate_with_extra': False, 'normalize': True, 'use_local_path': False, 'use_test_set': True}[data_dir] = <class 'str'>(data/warcraft_shortest_path/12x12)
{'evaluate_every': 5, 'loader_params': {'data_dir': 'data/warcraft_shortest_path/12x12', 'evaluate_with_extra': False, 'normalize': True, 'use_local_path': False, 'use_test_set': True}, 'model_dir': 'results/warcraft_shortest_path_combresnet', 'num_cpus': 24, 'num_epochs': 50, 'problem_type': 'warcraft_shortest_path', 'ray_params': {}, 'save_visualizations': False, 'seed': 1, 'trainer_name': 'DijkstraMAP', 'trainer_params': {'batch_size': 70, 'l1_regconst': 0.0, 'lambda_val': 0.0, 'lr_milestone_1': 30, 'lr_milestone_2': 40, 'model_params': {'arch_params': {}, 'model_name': 'CombResnet18'}, 'neighbourhood_fn': '8-grid', 'optimizer_name': 'Adam', 'optimizer_params': {'lr': 0.0005}, 'preload_batch': True, 'use_cuda': True, 'use_lr_scheduling': True, 'mode': {'type': 5, 'objective_type': 'dpo', 'use_marginal': True, 'nb_samples': 1, 'temperature': 0.5, 'use_gamma': False, 'loss_type': 'fy', 'perturb_w': False, 'perturb_w_prime': False, 'dpo': {'maximize': False}}}, 'use_ray': True}[seed] = <class 'int'>(3)
{'evaluate_every': 5, 'loader_params': {'data_dir': 'data/warcraft_shortest_path/12x12', 'evaluate_with_extra': False, 'normalize': True, 'use_local_path': False, 'use_test_set': True}, 'model_dir': 'results/warcraft_shortest_path_combresnet', 'num_cpus': 24, 'num_epochs': 50, 'problem_type': 'warcraft_shortest_path', 'ray_params': {}, 'save_visualizations': False, 'seed': 3, 'trainer_name': 'DijkstraMAP', 'trainer_params': {'batch_size': 70, 'l1_regconst': 0.0, 'lambda_val': 0.0, 'lr_milestone_1': 30, 'lr_milestone_2': 40, 'model_params': {'arch_params': {}, 'model_name': 'CombResnet18'}, 'neighbourhood_fn': '8-grid', 'optimizer_name': 'Adam', 'optimizer_params': {'lr': 0.0005}, 'preload_batch': True, 'use_cuda': True, 'use_lr_scheduling': True, 'mode': {'type': 5, 'objective_type': 'dpo', 'use_marginal': True, 'nb_samples': 1, 'temperature': 0.5, 'use_gamma': False, 'loss_type': 'fy', 'perturb_w': False, 'perturb_w_prime': False, 'dpo': {'maximize': False}}}, 'use_ray': True}[evaluate_every] = <class 'int'>(1)
{'evaluate_every': 1, 'loader_params': {'data_dir': 'data/warcraft_shortest_path/12x12', 'evaluate_with_extra': False, 'normalize': True, 'use_local_path': False, 'use_test_set': True}, 'model_dir': 'results/warcraft_shortest_path_combresnet', 'num_cpus': 24, 'num_epochs': 50, 'problem_type': 'warcraft_shortest_path', 'ray_params': {}, 'save_visualizations': False, 'seed': 3, 'trainer_name': 'DijkstraMAP', 'trainer_params': {'batch_size': 70, 'l1_regconst': 0.0, 'lambda_val': 0.0, 'lr_milestone_1': 30, 'lr_milestone_2': 40, 'model_params': {'arch_params': {}, 'model_name': 'CombResnet18'}, 'neighbourhood_fn': '8-grid', 'optimizer_name': 'Adam', 'optimizer_params': {'lr': 0.0005}, 'preload_batch': True, 'use_cuda': True, 'use_lr_scheduling': True, 'mode': {'type': 5, 'objective_type': 'dpo', 'use_marginal': True, 'nb_samples': 1, 'temperature': 0.5, 'use_gamma': False, 'loss_type': 'fy', 'perturb_w': False, 'perturb_w_prime': False, 'dpo': {'maximize': False}}}, 'use_ray': True}[use_ray] = <class 'bool'>(False)
{
    "evaluate_every": 1,
    "loader_params": {
        "data_dir": "data/warcraft_shortest_path/12x12",
        "evaluate_with_extra": false,
        "normalize": true,
        "use_local_path": false,
        "use_test_set": true
    },
    "model_dir": "results/warcraft_shortest_path_combresnet",
    "num_cpus": 24,
    "num_epochs": 50,
    "problem_type": "warcraft_shortest_path",
    "ray_params": {},
    "save_visualizations": false,
    "seed": 3,
    "trainer_name": "DijkstraMAP",
    "trainer_params": {
        "batch_size": 70,
        "l1_regconst": 0.0,
        "lambda_val": 0.0,
        "lr_milestone_1": 30,
        "lr_milestone_2": 40,
        "mode": {
            "dpo": {
                "maximize": false
            },
            "loss_type": "fy",
            "nb_samples": 1,
            "objective_type": "dpo",
            "perturb_w": false,
            "perturb_w_prime": false,
            "temperature": 0.5,
            "type": 5,
            "use_gamma": false,
            "use_marginal": true
        },
        "model_params": {
            "arch_params": {},
            "model_name": "CombResnet18"
        },
        "neighbourhood_fn": "8-grid",
        "optimizer_name": "Adam",
        "optimizer_params": {
            "lr": 0.0005
        },
        "preload_batch": true,
        "use_cuda": true,
        "use_lr_scheduling": true
    },
    "use_ray": false
}
MAP-BACKPROP MODE: {
    "dpo": {
        "maximize": false
    },
    "loss_type": "fy",
    "nb_samples": 1,
    "objective_type": "dpo",
    "perturb_w": false,
    "perturb_w_prime": false,
    "temperature": 0.5,
    "type": 5,
    "use_gamma": false,
    "use_marginal": true
}
True
META: {'input_image_size': 96, 'output_features': 144, 'num_channels': 3, 'denormalize': <maprop.decorators.input_to_numpy object at 0x2ae956983f28>}
EVALUATING
{'loss': 21.36000005722046, 'accuracy': 0.8780694502592087, 'perfect_match_accuracy': 0.032, 'cost_ratio_suggested_true': 2.5201553201675413, 'below_10.0_percent_acc': 0.114, 'below_1.0_percent_acc': 0.053, 'below_0.1_percent_acc': 0.051, 'below_0.01_percent_acc': 0.051, 'below_0.001_percent_acc': 0.036, 'below_0.0001_percent_acc': 0.036, 'valid_acc': 1.0}
Epoch: 1	Batch time (0.491507)	Data time (0.010209)	Cuda time (0.000001)	Loss (13.312400)	Accuracy (0.906038)
EVALUATING
{'loss': 11.192000007629394, 'accuracy': 0.9615486234426498, 'perfect_match_accuracy': 0.492, 'cost_ratio_suggested_true': 1.1170305347442626, 'below_10.0_percent_acc': 0.953, 'below_1.0_percent_acc': 0.67, 'below_0.1_percent_acc': 0.64, 'below_0.01_percent_acc': 0.64, 'below_0.001_percent_acc': 0.626, 'below_0.0001_percent_acc': 0.626, 'valid_acc': 1.0}
Epoch: 2	Batch time (0.491549)	Data time (0.012250)	Cuda time (0.000001)	Loss (10.564000)	Accuracy (0.922647)
EVALUATING
{'loss': 10.084000043869018, 'accuracy': 0.9637013989686966, 'perfect_match_accuracy': 0.539, 'cost_ratio_suggested_true': 1.1415078020095826, 'below_10.0_percent_acc': 0.958, 'below_1.0_percent_acc': 0.726, 'below_0.1_percent_acc': 0.704, 'below_0.01_percent_acc': 0.704, 'below_0.001_percent_acc': 0.69, 'below_0.0001_percent_acc': 0.69, 'valid_acc': 1.0}
Epoch: 3	Batch time (0.490981)	Data time (0.009797)	Cuda time (0.000001)	Loss (9.635700)	Accuracy (0.929242)
EVALUATING
{'loss': 9.795999965667725, 'accuracy': 0.9621180659532547, 'perfect_match_accuracy': 0.531, 'cost_ratio_suggested_true': 1.1459920978546143, 'below_10.0_percent_acc': 0.945, 'below_1.0_percent_acc': 0.697, 'below_0.1_percent_acc': 0.664, 'below_0.01_percent_acc': 0.664, 'below_0.001_percent_acc': 0.641, 'below_0.0001_percent_acc': 0.641, 'valid_acc': 1.0}
Epoch: 4	Batch time (0.482984)	Data time (0.008357)	Cuda time (0.000001)	Loss (8.764600)	Accuracy (0.934274)
EVALUATING
{'loss': 9.089000129699707, 'accuracy': 0.9680139011144638, 'perfect_match_accuracy': 0.592, 'cost_ratio_suggested_true': 1.078406320810318, 'below_10.0_percent_acc': 0.97, 'below_1.0_percent_acc': 0.764, 'below_0.1_percent_acc': 0.738, 'below_0.01_percent_acc': 0.738, 'below_0.001_percent_acc': 0.724, 'below_0.0001_percent_acc': 0.724, 'valid_acc': 1.0}
Epoch: 5	Batch time (0.486709)	Data time (0.008726)	Cuda time (0.000001)	Loss (8.345700)	Accuracy (0.936415)
EVALUATING
{'loss': 8.35200007915497, 'accuracy': 0.9716041731834412, 'perfect_match_accuracy': 0.645, 'cost_ratio_suggested_true': 1.0935935771465302, 'below_10.0_percent_acc': 0.98, 'below_1.0_percent_acc': 0.804, 'below_0.1_percent_acc': 0.784, 'below_0.01_percent_acc': 0.784, 'below_0.001_percent_acc': 0.766, 'below_0.0001_percent_acc': 0.766, 'valid_acc': 1.0}
Epoch: 6	Batch time (0.479213)	Data time (0.008280)	Cuda time (0.000001)	Loss (7.881800)	Accuracy (0.939488)
EVALUATING
{'loss': 7.744000110626221, 'accuracy': 0.9704722315073013, 'perfect_match_accuracy': 0.635, 'cost_ratio_suggested_true': 1.08597105383873, 'below_10.0_percent_acc': 0.976, 'below_1.0_percent_acc': 0.799, 'below_0.1_percent_acc': 0.779, 'below_0.01_percent_acc': 0.779, 'below_0.001_percent_acc': 0.76, 'below_0.0001_percent_acc': 0.76, 'valid_acc': 1.0}
Epoch: 7	Batch time (0.474645)	Data time (0.008246)	Cuda time (0.000001)	Loss (7.586700)	Accuracy (0.941771)
EVALUATING
{'loss': 7.169000020027161, 'accuracy': 0.9720555675029755, 'perfect_match_accuracy': 0.637, 'cost_ratio_suggested_true': 1.091996248960495, 'below_10.0_percent_acc': 0.981, 'below_1.0_percent_acc': 0.811, 'below_0.1_percent_acc': 0.788, 'below_0.01_percent_acc': 0.788, 'below_0.001_percent_acc': 0.768, 'below_0.0001_percent_acc': 0.768, 'valid_acc': 1.0}
Epoch: 8	Batch time (0.483433)	Data time (0.008700)	Cuda time (0.000001)	Loss (7.271700)	Accuracy (0.944567)
EVALUATING
{'loss': 7.580000047683716, 'accuracy': 0.974222241640091, 'perfect_match_accuracy': 0.672, 'cost_ratio_suggested_true': 1.0863841581344604, 'below_10.0_percent_acc': 0.986, 'below_1.0_percent_acc': 0.835, 'below_0.1_percent_acc': 0.817, 'below_0.01_percent_acc': 0.817, 'below_0.001_percent_acc': 0.805, 'below_0.0001_percent_acc': 0.805, 'valid_acc': 1.0}
Epoch: 9	Batch time (0.484467)	Data time (0.008763)	Cuda time (0.000001)	Loss (6.977200)	Accuracy (0.946235)
EVALUATING
{'loss': 7.035000052452087, 'accuracy': 0.9731805670261383, 'perfect_match_accuracy': 0.672, 'cost_ratio_suggested_true': 1.07115048289299, 'below_10.0_percent_acc': 0.981, 'below_1.0_percent_acc': 0.816, 'below_0.1_percent_acc': 0.797, 'below_0.01_percent_acc': 0.797, 'below_0.001_percent_acc': 0.781, 'below_0.0001_percent_acc': 0.781, 'valid_acc': 1.0}
Epoch: 10	Batch time (0.480361)	Data time (0.008718)	Cuda time (0.000001)	Loss (6.726700)	Accuracy (0.947328)
EVALUATING
{'loss': 7.19600004196167, 'accuracy': 0.9738402885198593, 'perfect_match_accuracy': 0.648, 'cost_ratio_suggested_true': 1.0650887060165406, 'below_10.0_percent_acc': 0.994, 'below_1.0_percent_acc': 0.825, 'below_0.1_percent_acc': 0.791, 'below_0.01_percent_acc': 0.791, 'below_0.001_percent_acc': 0.778, 'below_0.0001_percent_acc': 0.778, 'valid_acc': 1.0}
Epoch: 11	Batch time (0.473364)	Data time (0.008698)	Cuda time (0.000001)	Loss (6.644000)	Accuracy (0.949344)
EVALUATING
{'loss': 6.917000079154969, 'accuracy': 0.9722083538770676, 'perfect_match_accuracy': 0.647, 'cost_ratio_suggested_true': 1.0768523514270782, 'below_10.0_percent_acc': 0.987, 'below_1.0_percent_acc': 0.809, 'below_0.1_percent_acc': 0.79, 'below_0.01_percent_acc': 0.79, 'below_0.001_percent_acc': 0.775, 'below_0.0001_percent_acc': 0.775, 'valid_acc': 1.0}
Epoch: 12	Batch time (0.484595)	Data time (0.008266)	Cuda time (0.000001)	Loss (6.420800)	Accuracy (0.949995)
EVALUATING
{'loss': 6.5890000486373905, 'accuracy': 0.9754166835546494, 'perfect_match_accuracy': 0.688, 'cost_ratio_suggested_true': 1.0786656653881073, 'below_10.0_percent_acc': 0.985, 'below_1.0_percent_acc': 0.836, 'below_0.1_percent_acc': 0.814, 'below_0.01_percent_acc': 0.814, 'below_0.001_percent_acc': 0.804, 'below_0.0001_percent_acc': 0.804, 'valid_acc': 1.0}
Epoch: 13	Batch time (0.478038)	Data time (0.008635)	Cuda time (0.000001)	Loss (6.134600)	Accuracy (0.951073)
EVALUATING
{'loss': 6.394000086784363, 'accuracy': 0.976333349943161, 'perfect_match_accuracy': 0.697, 'cost_ratio_suggested_true': 1.0830945479869842, 'below_10.0_percent_acc': 0.986, 'below_1.0_percent_acc': 0.862, 'below_0.1_percent_acc': 0.845, 'below_0.01_percent_acc': 0.845, 'below_0.001_percent_acc': 0.833, 'below_0.0001_percent_acc': 0.833, 'valid_acc': 1.0}
Epoch: 14	Batch time (0.632948)	Data time (0.014395)	Cuda time (0.000001)	Loss (5.976500)	Accuracy (0.952381)
EVALUATING
{'loss': 6.865000019073486, 'accuracy': 0.9736736273765564, 'perfect_match_accuracy': 0.68, 'cost_ratio_suggested_true': 1.0800543630123138, 'below_10.0_percent_acc': 0.978, 'below_1.0_percent_acc': 0.821, 'below_0.1_percent_acc': 0.799, 'below_0.01_percent_acc': 0.799, 'below_0.001_percent_acc': 0.783, 'below_0.0001_percent_acc': 0.783, 'valid_acc': 1.0}
Epoch: 15	Batch time (0.628686)	Data time (0.013851)	Cuda time (0.000001)	Loss (5.787300)	Accuracy (0.953714)
EVALUATING
{'loss': 6.684000086784363, 'accuracy': 0.9714861273765564, 'perfect_match_accuracy': 0.657, 'cost_ratio_suggested_true': 1.089987986087799, 'below_10.0_percent_acc': 0.983, 'below_1.0_percent_acc': 0.81, 'below_0.1_percent_acc': 0.791, 'below_0.01_percent_acc': 0.791, 'below_0.001_percent_acc': 0.771, 'below_0.0001_percent_acc': 0.771, 'valid_acc': 1.0}
Epoch: 16	Batch time (0.637809)	Data time (0.014517)	Cuda time (0.000001)	Loss (5.665600)	Accuracy (0.954843)
EVALUATING
{'loss': 6.514000029563904, 'accuracy': 0.974125012755394, 'perfect_match_accuracy': 0.685, 'cost_ratio_suggested_true': 1.0726820492744447, 'below_10.0_percent_acc': 0.985, 'below_1.0_percent_acc': 0.844, 'below_0.1_percent_acc': 0.827, 'below_0.01_percent_acc': 0.827, 'below_0.001_percent_acc': 0.806, 'below_0.0001_percent_acc': 0.806, 'valid_acc': 1.0}
Epoch: 17	Batch time (0.595572)	Data time (0.013228)	Cuda time (0.000001)	Loss (5.448500)	Accuracy (0.956129)
EVALUATING
{'loss': 6.320000028610229, 'accuracy': 0.9749097323417664, 'perfect_match_accuracy': 0.683, 'cost_ratio_suggested_true': 1.0562657153606414, 'below_10.0_percent_acc': 0.988, 'below_1.0_percent_acc': 0.82, 'below_0.1_percent_acc': 0.801, 'below_0.01_percent_acc': 0.801, 'below_0.001_percent_acc': 0.782, 'below_0.0001_percent_acc': 0.782, 'valid_acc': 1.0}
Epoch: 18	Batch time (0.593281)	Data time (0.013527)	Cuda time (0.000001)	Loss (5.353600)	Accuracy (0.957247)
EVALUATING
{'loss': 6.392000036239624, 'accuracy': 0.9750764065980911, 'perfect_match_accuracy': 0.692, 'cost_ratio_suggested_true': 1.0758353626728059, 'below_10.0_percent_acc': 0.989, 'below_1.0_percent_acc': 0.857, 'below_0.1_percent_acc': 0.837, 'below_0.01_percent_acc': 0.837, 'below_0.001_percent_acc': 0.814, 'below_0.0001_percent_acc': 0.814, 'valid_acc': 1.0}
Epoch: 19	Batch time (0.607789)	Data time (0.009366)	Cuda time (0.000001)	Loss (5.200400)	Accuracy (0.958207)
EVALUATING
{'loss': 6.229000101089477, 'accuracy': 0.973923635482788, 'perfect_match_accuracy': 0.68, 'cost_ratio_suggested_true': 1.0711953568458557, 'below_10.0_percent_acc': 0.985, 'below_1.0_percent_acc': 0.837, 'below_0.1_percent_acc': 0.818, 'below_0.01_percent_acc': 0.818, 'below_0.001_percent_acc': 0.798, 'below_0.0001_percent_acc': 0.798, 'valid_acc': 1.0}
Epoch: 20	Batch time (0.611132)	Data time (0.012526)	Cuda time (0.000001)	Loss (5.207200)	Accuracy (0.958426)
EVALUATING
{'loss': 6.173999991416931, 'accuracy': 0.9743402910232544, 'perfect_match_accuracy': 0.678, 'cost_ratio_suggested_true': 1.0816509580612184, 'below_10.0_percent_acc': 0.98, 'below_1.0_percent_acc': 0.842, 'below_0.1_percent_acc': 0.825, 'below_0.01_percent_acc': 0.825, 'below_0.001_percent_acc': 0.806, 'below_0.0001_percent_acc': 0.806, 'valid_acc': 1.0}
Epoch: 21	Batch time (0.613222)	Data time (0.011791)	Cuda time (0.000001)	Loss (5.058200)	Accuracy (0.958860)
EVALUATING
{'loss': 5.467000019550324, 'accuracy': 0.9763888972997665, 'perfect_match_accuracy': 0.701, 'cost_ratio_suggested_true': 1.048704091310501, 'below_10.0_percent_acc': 0.99, 'below_1.0_percent_acc': 0.844, 'below_0.1_percent_acc': 0.827, 'below_0.01_percent_acc': 0.827, 'below_0.001_percent_acc': 0.811, 'below_0.0001_percent_acc': 0.811, 'valid_acc': 1.0}
Epoch: 22	Batch time (0.804177)	Data time (0.011680)	Cuda time (0.000001)	Loss (4.883900)	Accuracy (0.960687)
EVALUATING
{'loss': 5.914000029563904, 'accuracy': 0.9755277943611145, 'perfect_match_accuracy': 0.703, 'cost_ratio_suggested_true': 1.0726285219192504, 'below_10.0_percent_acc': 0.989, 'below_1.0_percent_acc': 0.85, 'below_0.1_percent_acc': 0.829, 'below_0.01_percent_acc': 0.829, 'below_0.001_percent_acc': 0.817, 'below_0.0001_percent_acc': 0.817, 'valid_acc': 1.0}
Epoch: 23	Batch time (0.883425)	Data time (0.013093)	Cuda time (0.000001)	Loss (4.746400)	Accuracy (0.961053)
EVALUATING
{'loss': 6.2619999980926515, 'accuracy': 0.9761875116825104, 'perfect_match_accuracy': 0.696, 'cost_ratio_suggested_true': 1.0724489653110505, 'below_10.0_percent_acc': 0.992, 'below_1.0_percent_acc': 0.849, 'below_0.1_percent_acc': 0.827, 'below_0.01_percent_acc': 0.827, 'below_0.001_percent_acc': 0.803, 'below_0.0001_percent_acc': 0.803, 'valid_acc': 1.0}
Epoch: 24	Batch time (0.886611)	Data time (0.019872)	Cuda time (0.000001)	Loss (4.587900)	Accuracy (0.962514)
EVALUATING
{'loss': 5.509000062942505, 'accuracy': 0.9748125183582306, 'perfect_match_accuracy': 0.689, 'cost_ratio_suggested_true': 1.072499511241913, 'below_10.0_percent_acc': 0.99, 'below_1.0_percent_acc': 0.838, 'below_0.1_percent_acc': 0.818, 'below_0.01_percent_acc': 0.818, 'below_0.001_percent_acc': 0.805, 'below_0.0001_percent_acc': 0.805, 'valid_acc': 1.0}
Epoch: 25	Batch time (0.886079)	Data time (0.014357)	Cuda time (0.000001)	Loss (4.588700)	Accuracy (0.962724)
EVALUATING
{'loss': 5.913999927043915, 'accuracy': 0.9774861228466034, 'perfect_match_accuracy': 0.72, 'cost_ratio_suggested_true': 1.0619480001926422, 'below_10.0_percent_acc': 0.989, 'below_1.0_percent_acc': 0.865, 'below_0.1_percent_acc': 0.843, 'below_0.01_percent_acc': 0.843, 'below_0.001_percent_acc': 0.828, 'below_0.0001_percent_acc': 0.828, 'valid_acc': 1.0}
Epoch: 26	Batch time (0.900858)	Data time (0.014886)	Cuda time (0.000001)	Loss (4.449200)	Accuracy (0.963795)
EVALUATING
{'loss': 5.22300003528595, 'accuracy': 0.9772916829586029, 'perfect_match_accuracy': 0.722, 'cost_ratio_suggested_true': 1.071631715297699, 'below_10.0_percent_acc': 0.985, 'below_1.0_percent_acc': 0.862, 'below_0.1_percent_acc': 0.847, 'below_0.01_percent_acc': 0.847, 'below_0.001_percent_acc': 0.829, 'below_0.0001_percent_acc': 0.829, 'valid_acc': 1.0}
Epoch: 27	Batch time (0.906360)	Data time (0.014056)	Cuda time (0.000001)	Loss (4.455400)	Accuracy (0.964021)
EVALUATING
{'loss': 5.792000050544739, 'accuracy': 0.9757569569349289, 'perfect_match_accuracy': 0.708, 'cost_ratio_suggested_true': 1.0661153602600097, 'below_10.0_percent_acc': 0.989, 'below_1.0_percent_acc': 0.867, 'below_0.1_percent_acc': 0.853, 'below_0.01_percent_acc': 0.853, 'below_0.001_percent_acc': 0.832, 'below_0.0001_percent_acc': 0.832, 'valid_acc': 1.0}
Epoch: 28	Batch time (0.873919)	Data time (0.016260)	Cuda time (0.000001)	Loss (4.280200)	Accuracy (0.964724)
EVALUATING
{'loss': 5.476000022888184, 'accuracy': 0.9764514029026031, 'perfect_match_accuracy': 0.71, 'cost_ratio_suggested_true': 1.0633207273483276, 'below_10.0_percent_acc': 0.991, 'below_1.0_percent_acc': 0.837, 'below_0.1_percent_acc': 0.82, 'below_0.01_percent_acc': 0.82, 'below_0.001_percent_acc': 0.793, 'below_0.0001_percent_acc': 0.793, 'valid_acc': 1.0}
Epoch: 29	Batch time (0.907556)	Data time (0.010872)	Cuda time (0.000001)	Loss (4.213700)	Accuracy (0.965311)
EVALUATING
{'loss': 5.254000012874603, 'accuracy': 0.9757291787862777, 'perfect_match_accuracy': 0.705, 'cost_ratio_suggested_true': 1.0563352882862092, 'below_10.0_percent_acc': 0.99, 'below_1.0_percent_acc': 0.856, 'below_0.1_percent_acc': 0.843, 'below_0.01_percent_acc': 0.843, 'below_0.001_percent_acc': 0.826, 'below_0.0001_percent_acc': 0.826, 'valid_acc': 1.0}
Epoch: 30	Batch time (0.858354)	Data time (0.015512)	Cuda time (0.000001)	Loss (4.040600)	Accuracy (0.966051)
EVALUATING
{'loss': 5.204000034332275, 'accuracy': 0.9759861248731613, 'perfect_match_accuracy': 0.71, 'cost_ratio_suggested_true': 1.0755564558506012, 'below_10.0_percent_acc': 0.98, 'below_1.0_percent_acc': 0.854, 'below_0.1_percent_acc': 0.837, 'below_0.01_percent_acc': 0.837, 'below_0.001_percent_acc': 0.823, 'below_0.0001_percent_acc': 0.823, 'valid_acc': 1.0}
Epoch: 31	Batch time (0.897875)	Data time (0.020998)	Cuda time (0.000001)	Loss (3.519800)	Accuracy (0.968294)
EVALUATING
{'loss': 5.012000060081482, 'accuracy': 0.9785625070333481, 'perfect_match_accuracy': 0.737, 'cost_ratio_suggested_true': 1.0585741555690766, 'below_10.0_percent_acc': 0.989, 'below_1.0_percent_acc': 0.873, 'below_0.1_percent_acc': 0.852, 'below_0.01_percent_acc': 0.852, 'below_0.001_percent_acc': 0.834, 'below_0.0001_percent_acc': 0.834, 'valid_acc': 1.0}
Epoch: 32	Batch time (0.935154)	Data time (0.015616)	Cuda time (0.000001)	Loss (3.452000)	Accuracy (0.969793)
EVALUATING
{'loss': 5.2660000920295715, 'accuracy': 0.9779375129938126, 'perfect_match_accuracy': 0.733, 'cost_ratio_suggested_true': 1.0622747290134429, 'below_10.0_percent_acc': 0.985, 'below_1.0_percent_acc': 0.875, 'below_0.1_percent_acc': 0.859, 'below_0.01_percent_acc': 0.859, 'below_0.001_percent_acc': 0.841, 'below_0.0001_percent_acc': 0.841, 'valid_acc': 1.0}
Epoch: 33	Batch time (0.862763)	Data time (0.016621)	Cuda time (0.000001)	Loss (3.357900)	Accuracy (0.970961)
EVALUATING
{'loss': 4.918000061511993, 'accuracy': 0.9784652918577195, 'perfect_match_accuracy': 0.732, 'cost_ratio_suggested_true': 1.0605200362205505, 'below_10.0_percent_acc': 0.986, 'below_1.0_percent_acc': 0.876, 'below_0.1_percent_acc': 0.859, 'below_0.01_percent_acc': 0.859, 'below_0.001_percent_acc': 0.842, 'below_0.0001_percent_acc': 0.842, 'valid_acc': 1.0}
Epoch: 34	Batch time (0.883402)	Data time (0.015280)	Cuda time (0.000001)	Loss (3.227500)	Accuracy (0.971110)
EVALUATING
{'loss': 4.893000013828278, 'accuracy': 0.9780416786670685, 'perfect_match_accuracy': 0.733, 'cost_ratio_suggested_true': 1.064572913646698, 'below_10.0_percent_acc': 0.985, 'below_1.0_percent_acc': 0.874, 'below_0.1_percent_acc': 0.856, 'below_0.01_percent_acc': 0.856, 'below_0.001_percent_acc': 0.839, 'below_0.0001_percent_acc': 0.839, 'valid_acc': 1.0}
Epoch: 35	Batch time (0.885248)	Data time (0.015326)	Cuda time (0.000001)	Loss (3.229900)	Accuracy (0.971628)
EVALUATING
{'loss': 5.17100004196167, 'accuracy': 0.9778055757284164, 'perfect_match_accuracy': 0.727, 'cost_ratio_suggested_true': 1.0625030887126923, 'below_10.0_percent_acc': 0.987, 'below_1.0_percent_acc': 0.869, 'below_0.1_percent_acc': 0.853, 'below_0.01_percent_acc': 0.853, 'below_0.001_percent_acc': 0.836, 'below_0.0001_percent_acc': 0.836, 'valid_acc': 1.0}
Epoch: 36	Batch time (0.902009)	Data time (0.016112)	Cuda time (0.000001)	Loss (3.191800)	Accuracy (0.971916)
EVALUATING
{'loss': 5.520000028610229, 'accuracy': 0.9788819581270218, 'perfect_match_accuracy': 0.741, 'cost_ratio_suggested_true': 1.0571167278289795, 'below_10.0_percent_acc': 0.988, 'below_1.0_percent_acc': 0.881, 'below_0.1_percent_acc': 0.864, 'below_0.01_percent_acc': 0.864, 'below_0.001_percent_acc': 0.846, 'below_0.0001_percent_acc': 0.846, 'valid_acc': 1.0}
Epoch: 37	Batch time (0.905514)	Data time (0.018427)	Cuda time (0.000001)	Loss (3.190000)	Accuracy (0.971176)
EVALUATING
{'loss': 5.076000092029571, 'accuracy': 0.9777014017105102, 'perfect_match_accuracy': 0.73, 'cost_ratio_suggested_true': 1.0587587666511535, 'below_10.0_percent_acc': 0.987, 'below_1.0_percent_acc': 0.867, 'below_0.1_percent_acc': 0.851, 'below_0.01_percent_acc': 0.851, 'below_0.001_percent_acc': 0.837, 'below_0.0001_percent_acc': 0.837, 'valid_acc': 1.0}
Epoch: 38	Batch time (0.882779)	Data time (0.017112)	Cuda time (0.000001)	Loss (3.208100)	Accuracy (0.971784)
EVALUATING
{'loss': 4.971000034809112, 'accuracy': 0.9780277973413467, 'perfect_match_accuracy': 0.733, 'cost_ratio_suggested_true': 1.0609096956253052, 'below_10.0_percent_acc': 0.985, 'below_1.0_percent_acc': 0.869, 'below_0.1_percent_acc': 0.851, 'below_0.01_percent_acc': 0.851, 'below_0.001_percent_acc': 0.835, 'below_0.0001_percent_acc': 0.835, 'valid_acc': 1.0}
Epoch: 39	Batch time (0.861567)	Data time (0.015448)	Cuda time (0.000001)	Loss (3.076300)	Accuracy (0.971353)
EVALUATING
{'loss': 5.082000024318695, 'accuracy': 0.9775277900695801, 'perfect_match_accuracy': 0.725, 'cost_ratio_suggested_true': 1.0613531970977783, 'below_10.0_percent_acc': 0.985, 'below_1.0_percent_acc': 0.862, 'below_0.1_percent_acc': 0.846, 'below_0.01_percent_acc': 0.846, 'below_0.001_percent_acc': 0.83, 'below_0.0001_percent_acc': 0.83, 'valid_acc': 1.0}
Epoch: 40	Batch time (0.893811)	Data time (0.013751)	Cuda time (0.000001)	Loss (3.116400)	Accuracy (0.972116)
EVALUATING
{'loss': 4.929000034332275, 'accuracy': 0.9774791806936264, 'perfect_match_accuracy': 0.728, 'cost_ratio_suggested_true': 1.0605282711982726, 'below_10.0_percent_acc': 0.986, 'below_1.0_percent_acc': 0.864, 'below_0.1_percent_acc': 0.847, 'below_0.01_percent_acc': 0.847, 'below_0.001_percent_acc': 0.832, 'below_0.0001_percent_acc': 0.832, 'valid_acc': 1.0}
Epoch: 41	Batch time (0.891444)	Data time (0.019794)	Cuda time (0.000001)	Loss (3.105500)	Accuracy (0.971972)
EVALUATING
{'loss': 5.1770000696182255, 'accuracy': 0.9771597391366958, 'perfect_match_accuracy': 0.726, 'cost_ratio_suggested_true': 1.0603203976154327, 'below_10.0_percent_acc': 0.986, 'below_1.0_percent_acc': 0.866, 'below_0.1_percent_acc': 0.847, 'below_0.01_percent_acc': 0.847, 'below_0.001_percent_acc': 0.832, 'below_0.0001_percent_acc': 0.832, 'valid_acc': 1.0}
Epoch: 42	Batch time (0.883978)	Data time (0.017333)	Cuda time (0.000001)	Loss (3.083200)	Accuracy (0.972600)
EVALUATING
{'loss': 5.095999999046326, 'accuracy': 0.9769305783510208, 'perfect_match_accuracy': 0.724, 'cost_ratio_suggested_true': 1.0644715690612794, 'below_10.0_percent_acc': 0.984, 'below_1.0_percent_acc': 0.865, 'below_0.1_percent_acc': 0.847, 'below_0.01_percent_acc': 0.847, 'below_0.001_percent_acc': 0.832, 'below_0.0001_percent_acc': 0.832, 'valid_acc': 1.0}
Epoch: 43	Batch time (0.902580)	Data time (0.020517)	Cuda time (0.000001)	Loss (2.985400)	Accuracy (0.972606)
EVALUATING
{'loss': 5.404000017642975, 'accuracy': 0.9770486259460449, 'perfect_match_accuracy': 0.723, 'cost_ratio_suggested_true': 1.0646617436408996, 'below_10.0_percent_acc': 0.984, 'below_1.0_percent_acc': 0.865, 'below_0.1_percent_acc': 0.846, 'below_0.01_percent_acc': 0.846, 'below_0.001_percent_acc': 0.829, 'below_0.0001_percent_acc': 0.829, 'valid_acc': 1.0}
Epoch: 44	Batch time (0.876576)	Data time (0.012850)	Cuda time (0.000001)	Loss (3.114300)	Accuracy (0.971587)
EVALUATING
{'loss': 5.106000034809113, 'accuracy': 0.9771180659532547, 'perfect_match_accuracy': 0.725, 'cost_ratio_suggested_true': 1.0643400156497955, 'below_10.0_percent_acc': 0.984, 'below_1.0_percent_acc': 0.869, 'below_0.1_percent_acc': 0.852, 'below_0.01_percent_acc': 0.852, 'below_0.001_percent_acc': 0.835, 'below_0.0001_percent_acc': 0.835, 'valid_acc': 1.0}
Epoch: 45	Batch time (0.943304)	Data time (0.016697)	Cuda time (0.000001)	Loss (3.094400)	Accuracy (0.972367)
EVALUATING
{'loss': 4.866000049114227, 'accuracy': 0.9770833438634873, 'perfect_match_accuracy': 0.726, 'cost_ratio_suggested_true': 1.0636108350753783, 'below_10.0_percent_acc': 0.985, 'below_1.0_percent_acc': 0.868, 'below_0.1_percent_acc': 0.85, 'below_0.01_percent_acc': 0.85, 'below_0.001_percent_acc': 0.833, 'below_0.0001_percent_acc': 0.833, 'valid_acc': 1.0}
Epoch: 46	Batch time (0.879412)	Data time (0.013751)	Cuda time (0.000001)	Loss (3.044500)	Accuracy (0.973170)
EVALUATING
{'loss': 4.755000042915344, 'accuracy': 0.9769166803359985, 'perfect_match_accuracy': 0.723, 'cost_ratio_suggested_true': 1.064702240228653, 'below_10.0_percent_acc': 0.984, 'below_1.0_percent_acc': 0.864, 'below_0.1_percent_acc': 0.847, 'below_0.01_percent_acc': 0.847, 'below_0.001_percent_acc': 0.83, 'below_0.0001_percent_acc': 0.83, 'valid_acc': 1.0}
Epoch: 47	Batch time (0.879465)	Data time (0.017568)	Cuda time (0.000001)	Loss (2.992000)	Accuracy (0.973289)
EVALUATING
{'loss': 5.129000039100647, 'accuracy': 0.9774375075101852, 'perfect_match_accuracy': 0.728, 'cost_ratio_suggested_true': 1.0639349246025085, 'below_10.0_percent_acc': 0.984, 'below_1.0_percent_acc': 0.87, 'below_0.1_percent_acc': 0.853, 'below_0.01_percent_acc': 0.853, 'below_0.001_percent_acc': 0.836, 'below_0.0001_percent_acc': 0.836, 'valid_acc': 1.0}
Epoch: 48	Batch time (0.903460)	Data time (0.014615)	Cuda time (0.000001)	Loss (3.051300)	Accuracy (0.972492)
EVALUATING
{'loss': 5.01200005531311, 'accuracy': 0.9772430646419525, 'perfect_match_accuracy': 0.722, 'cost_ratio_suggested_true': 1.064118707180023, 'below_10.0_percent_acc': 0.984, 'below_1.0_percent_acc': 0.869, 'below_0.1_percent_acc': 0.852, 'below_0.01_percent_acc': 0.852, 'below_0.001_percent_acc': 0.835, 'below_0.0001_percent_acc': 0.835, 'valid_acc': 1.0}
Epoch: 49	Batch time (0.893769)	Data time (0.018270)	Cuda time (0.000001)	Loss (2.967500)	Accuracy (0.972535)
EVALUATING
{'loss': 5.013999991416931, 'accuracy': 0.9774861192703247, 'perfect_match_accuracy': 0.73, 'cost_ratio_suggested_true': 1.0624813365936279, 'below_10.0_percent_acc': 0.987, 'below_1.0_percent_acc': 0.871, 'below_0.1_percent_acc': 0.854, 'below_0.01_percent_acc': 0.854, 'below_0.001_percent_acc': 0.837, 'below_0.0001_percent_acc': 0.837, 'valid_acc': 1.0}
Epoch: 50	Batch time (0.902072)	Data time (0.014834)	Cuda time (0.000001)	Loss (2.986900)	Accuracy (0.973038)
EVALUATING
{'loss': 5.131000020503998, 'accuracy': 0.976965292096138, 'perfect_match_accuracy': 0.725, 'cost_ratio_suggested_true': 1.0640015816688537, 'below_10.0_percent_acc': 0.985, 'below_1.0_percent_acc': 0.867, 'below_0.1_percent_acc': 0.85, 'below_0.01_percent_acc': 0.85, 'below_0.001_percent_acc': 0.833, 'below_0.0001_percent_acc': 0.833, 'valid_acc': 1.0}
