No existing entry for trainer_params.mode.type
{}[type] = <class 'int'>(5)
No existing entry for trainer_params.mode.objective_type
{'type': 5}[objective_type] = <class 'str'>(dpo)
No existing entry for trainer_params.mode.use_marginal
{'type': 5, 'objective_type': 'dpo'}[use_marginal] = <class 'bool'>(True)
No existing entry for trainer_params.mode.nb_samples
{'type': 5, 'objective_type': 'dpo', 'use_marginal': True}[nb_samples] = <class 'int'>(1)
No existing entry for trainer_params.mode.temperature
{'type': 5, 'objective_type': 'dpo', 'use_marginal': True, 'nb_samples': 1}[temperature] = <class 'float'>(5.0)
No existing entry for trainer_params.mode.use_gamma
{'type': 5, 'objective_type': 'dpo', 'use_marginal': True, 'nb_samples': 1, 'temperature': 5.0}[use_gamma] = <class 'bool'>(False)
No existing entry for trainer_params.mode.loss_type
{'type': 5, 'objective_type': 'dpo', 'use_marginal': True, 'nb_samples': 1, 'temperature': 5.0, 'use_gamma': False}[loss_type] = <class 'str'>(fy)
No existing entry for trainer_params.mode.perturb_w
{'type': 5, 'objective_type': 'dpo', 'use_marginal': True, 'nb_samples': 1, 'temperature': 5.0, 'use_gamma': False, 'loss_type': 'fy'}[perturb_w] = <class 'bool'>(False)
No existing entry for trainer_params.mode.perturb_w_prime
{'type': 5, 'objective_type': 'dpo', 'use_marginal': True, 'nb_samples': 1, 'temperature': 5.0, 'use_gamma': False, 'loss_type': 'fy', 'perturb_w': False}[perturb_w_prime] = <class 'bool'>(False)
{'batch_size': 70, 'l1_regconst': 0.0, 'lambda_val': 20.0, 'lr_milestone_1': 30, 'lr_milestone_2': 40, 'model_params': {'arch_params': {}, 'model_name': 'CombResnet18'}, 'neighbourhood_fn': '8-grid', 'optimizer_name': 'Adam', 'optimizer_params': {'lr': 0.0005}, 'preload_batch': True, 'use_cuda': True, 'use_lr_scheduling': True, 'mode': {'type': 5, 'objective_type': 'dpo', 'use_marginal': True, 'nb_samples': 1, 'temperature': 5.0, 'use_gamma': False, 'loss_type': 'fy', 'perturb_w': False, 'perturb_w_prime': False}}[lambda_val] = <class 'float'>(0.0)
No existing entry for trainer_params.mode.dpo.maximize
{}[maximize] = <class 'bool'>(False)
{'data_dir': 'data/warcraft_shortest_path/12x12', 'evaluate_with_extra': False, 'normalize': True, 'use_local_path': False, 'use_test_set': True}[data_dir] = <class 'str'>(data/warcraft_shortest_path/30x30)
{'evaluate_every': 5, 'loader_params': {'data_dir': 'data/warcraft_shortest_path/30x30', 'evaluate_with_extra': False, 'normalize': True, 'use_local_path': False, 'use_test_set': True}, 'model_dir': 'results/warcraft_shortest_path_combresnet', 'num_cpus': 24, 'num_epochs': 50, 'problem_type': 'warcraft_shortest_path', 'ray_params': {}, 'save_visualizations': False, 'seed': 1, 'trainer_name': 'DijkstraMAP', 'trainer_params': {'batch_size': 70, 'l1_regconst': 0.0, 'lambda_val': 0.0, 'lr_milestone_1': 30, 'lr_milestone_2': 40, 'model_params': {'arch_params': {}, 'model_name': 'CombResnet18'}, 'neighbourhood_fn': '8-grid', 'optimizer_name': 'Adam', 'optimizer_params': {'lr': 0.0005}, 'preload_batch': True, 'use_cuda': True, 'use_lr_scheduling': True, 'mode': {'type': 5, 'objective_type': 'dpo', 'use_marginal': True, 'nb_samples': 1, 'temperature': 5.0, 'use_gamma': False, 'loss_type': 'fy', 'perturb_w': False, 'perturb_w_prime': False, 'dpo': {'maximize': False}}}, 'use_ray': True}[seed] = <class 'int'>(1)
{'evaluate_every': 5, 'loader_params': {'data_dir': 'data/warcraft_shortest_path/30x30', 'evaluate_with_extra': False, 'normalize': True, 'use_local_path': False, 'use_test_set': True}, 'model_dir': 'results/warcraft_shortest_path_combresnet', 'num_cpus': 24, 'num_epochs': 50, 'problem_type': 'warcraft_shortest_path', 'ray_params': {}, 'save_visualizations': False, 'seed': 1, 'trainer_name': 'DijkstraMAP', 'trainer_params': {'batch_size': 70, 'l1_regconst': 0.0, 'lambda_val': 0.0, 'lr_milestone_1': 30, 'lr_milestone_2': 40, 'model_params': {'arch_params': {}, 'model_name': 'CombResnet18'}, 'neighbourhood_fn': '8-grid', 'optimizer_name': 'Adam', 'optimizer_params': {'lr': 0.0005}, 'preload_batch': True, 'use_cuda': True, 'use_lr_scheduling': True, 'mode': {'type': 5, 'objective_type': 'dpo', 'use_marginal': True, 'nb_samples': 1, 'temperature': 5.0, 'use_gamma': False, 'loss_type': 'fy', 'perturb_w': False, 'perturb_w_prime': False, 'dpo': {'maximize': False}}}, 'use_ray': True}[evaluate_every] = <class 'int'>(1)
{'evaluate_every': 1, 'loader_params': {'data_dir': 'data/warcraft_shortest_path/30x30', 'evaluate_with_extra': False, 'normalize': True, 'use_local_path': False, 'use_test_set': True}, 'model_dir': 'results/warcraft_shortest_path_combresnet', 'num_cpus': 24, 'num_epochs': 50, 'problem_type': 'warcraft_shortest_path', 'ray_params': {}, 'save_visualizations': False, 'seed': 1, 'trainer_name': 'DijkstraMAP', 'trainer_params': {'batch_size': 70, 'l1_regconst': 0.0, 'lambda_val': 0.0, 'lr_milestone_1': 30, 'lr_milestone_2': 40, 'model_params': {'arch_params': {}, 'model_name': 'CombResnet18'}, 'neighbourhood_fn': '8-grid', 'optimizer_name': 'Adam', 'optimizer_params': {'lr': 0.0005}, 'preload_batch': True, 'use_cuda': True, 'use_lr_scheduling': True, 'mode': {'type': 5, 'objective_type': 'dpo', 'use_marginal': True, 'nb_samples': 1, 'temperature': 5.0, 'use_gamma': False, 'loss_type': 'fy', 'perturb_w': False, 'perturb_w_prime': False, 'dpo': {'maximize': False}}}, 'use_ray': True}[use_ray] = <class 'bool'>(False)
No existing entry for trainer_params.mode.type
{}[type] = <class 'int'>(5)
No existing entry for trainer_params.mode.objective_type
{'type': 5}[objective_type] = <class 'str'>(dpo)
No existing entry for trainer_params.mode.use_marginal
{'type': 5, 'objective_type': 'dpo'}[use_marginal] = <class 'bool'>(True)
No existing entry for trainer_params.mode.nb_samples
{'type': 5, 'objective_type': 'dpo', 'use_marginal': True}[nb_samples] = <class 'int'>(1)
No existing entry for trainer_params.mode.temperature
{'type': 5, 'objective_type': 'dpo', 'use_marginal': True, 'nb_samples': 1}[temperature] = <class 'float'>(5.0)
No existing entry for trainer_params.mode.use_gamma
{'type': 5, 'objective_type': 'dpo', 'use_marginal': True, 'nb_samples': 1, 'temperature': 5.0}[use_gamma] = <class 'bool'>(False)
No existing entry for trainer_params.mode.loss_type
{'type': 5, 'objective_type': 'dpo', 'use_marginal': True, 'nb_samples': 1, 'temperature': 5.0, 'use_gamma': False}[loss_type] = <class 'str'>(fy)
No existing entry for trainer_params.mode.perturb_w
{'type': 5, 'objective_type': 'dpo', 'use_marginal': True, 'nb_samples': 1, 'temperature': 5.0, 'use_gamma': False, 'loss_type': 'fy'}[perturb_w] = <class 'bool'>(False)
No existing entry for trainer_params.mode.perturb_w_prime
{'type': 5, 'objective_type': 'dpo', 'use_marginal': True, 'nb_samples': 1, 'temperature': 5.0, 'use_gamma': False, 'loss_type': 'fy', 'perturb_w': False}[perturb_w_prime] = <class 'bool'>(False)
{'batch_size': 70, 'l1_regconst': 0.0, 'lambda_val': 20.0, 'lr_milestone_1': 30, 'lr_milestone_2': 40, 'model_params': {'arch_params': {}, 'model_name': 'CombResnet18'}, 'neighbourhood_fn': '8-grid', 'optimizer_name': 'Adam', 'optimizer_params': {'lr': 0.0005}, 'preload_batch': True, 'use_cuda': True, 'use_lr_scheduling': True, 'mode': {'type': 5, 'objective_type': 'dpo', 'use_marginal': True, 'nb_samples': 1, 'temperature': 5.0, 'use_gamma': False, 'loss_type': 'fy', 'perturb_w': False, 'perturb_w_prime': False}}[lambda_val] = <class 'float'>(0.0)
No existing entry for trainer_params.mode.dpo.maximize
{}[maximize] = <class 'bool'>(False)
{'data_dir': 'data/warcraft_shortest_path/12x12', 'evaluate_with_extra': False, 'normalize': True, 'use_local_path': False, 'use_test_set': True}[data_dir] = <class 'str'>(data/warcraft_shortest_path/30x30)
{'evaluate_every': 5, 'loader_params': {'data_dir': 'data/warcraft_shortest_path/30x30', 'evaluate_with_extra': False, 'normalize': True, 'use_local_path': False, 'use_test_set': True}, 'model_dir': 'results/warcraft_shortest_path_combresnet', 'num_cpus': 24, 'num_epochs': 50, 'problem_type': 'warcraft_shortest_path', 'ray_params': {}, 'save_visualizations': False, 'seed': 1, 'trainer_name': 'DijkstraMAP', 'trainer_params': {'batch_size': 70, 'l1_regconst': 0.0, 'lambda_val': 0.0, 'lr_milestone_1': 30, 'lr_milestone_2': 40, 'model_params': {'arch_params': {}, 'model_name': 'CombResnet18'}, 'neighbourhood_fn': '8-grid', 'optimizer_name': 'Adam', 'optimizer_params': {'lr': 0.0005}, 'preload_batch': True, 'use_cuda': True, 'use_lr_scheduling': True, 'mode': {'type': 5, 'objective_type': 'dpo', 'use_marginal': True, 'nb_samples': 1, 'temperature': 5.0, 'use_gamma': False, 'loss_type': 'fy', 'perturb_w': False, 'perturb_w_prime': False, 'dpo': {'maximize': False}}}, 'use_ray': True}[seed] = <class 'int'>(1)
{'evaluate_every': 5, 'loader_params': {'data_dir': 'data/warcraft_shortest_path/30x30', 'evaluate_with_extra': False, 'normalize': True, 'use_local_path': False, 'use_test_set': True}, 'model_dir': 'results/warcraft_shortest_path_combresnet', 'num_cpus': 24, 'num_epochs': 50, 'problem_type': 'warcraft_shortest_path', 'ray_params': {}, 'save_visualizations': False, 'seed': 1, 'trainer_name': 'DijkstraMAP', 'trainer_params': {'batch_size': 70, 'l1_regconst': 0.0, 'lambda_val': 0.0, 'lr_milestone_1': 30, 'lr_milestone_2': 40, 'model_params': {'arch_params': {}, 'model_name': 'CombResnet18'}, 'neighbourhood_fn': '8-grid', 'optimizer_name': 'Adam', 'optimizer_params': {'lr': 0.0005}, 'preload_batch': True, 'use_cuda': True, 'use_lr_scheduling': True, 'mode': {'type': 5, 'objective_type': 'dpo', 'use_marginal': True, 'nb_samples': 1, 'temperature': 5.0, 'use_gamma': False, 'loss_type': 'fy', 'perturb_w': False, 'perturb_w_prime': False, 'dpo': {'maximize': False}}}, 'use_ray': True}[evaluate_every] = <class 'int'>(1)
{'evaluate_every': 1, 'loader_params': {'data_dir': 'data/warcraft_shortest_path/30x30', 'evaluate_with_extra': False, 'normalize': True, 'use_local_path': False, 'use_test_set': True}, 'model_dir': 'results/warcraft_shortest_path_combresnet', 'num_cpus': 24, 'num_epochs': 50, 'problem_type': 'warcraft_shortest_path', 'ray_params': {}, 'save_visualizations': False, 'seed': 1, 'trainer_name': 'DijkstraMAP', 'trainer_params': {'batch_size': 70, 'l1_regconst': 0.0, 'lambda_val': 0.0, 'lr_milestone_1': 30, 'lr_milestone_2': 40, 'model_params': {'arch_params': {}, 'model_name': 'CombResnet18'}, 'neighbourhood_fn': '8-grid', 'optimizer_name': 'Adam', 'optimizer_params': {'lr': 0.0005}, 'preload_batch': True, 'use_cuda': True, 'use_lr_scheduling': True, 'mode': {'type': 5, 'objective_type': 'dpo', 'use_marginal': True, 'nb_samples': 1, 'temperature': 5.0, 'use_gamma': False, 'loss_type': 'fy', 'perturb_w': False, 'perturb_w_prime': False, 'dpo': {'maximize': False}}}, 'use_ray': True}[use_ray] = <class 'bool'>(False)
{
    "evaluate_every": 1,
    "loader_params": {
        "data_dir": "data/warcraft_shortest_path/30x30",
        "evaluate_with_extra": false,
        "normalize": true,
        "use_local_path": false,
        "use_test_set": true
    },
    "model_dir": "results/warcraft_shortest_path_combresnet",
    "num_cpus": 24,
    "num_epochs": 50,
    "problem_type": "warcraft_shortest_path",
    "ray_params": {},
    "save_visualizations": false,
    "seed": 1,
    "trainer_name": "DijkstraMAP",
    "trainer_params": {
        "batch_size": 70,
        "l1_regconst": 0.0,
        "lambda_val": 0.0,
        "lr_milestone_1": 30,
        "lr_milestone_2": 40,
        "mode": {
            "dpo": {
                "maximize": false
            },
            "loss_type": "fy",
            "nb_samples": 1,
            "objective_type": "dpo",
            "perturb_w": false,
            "perturb_w_prime": false,
            "temperature": 5.0,
            "type": 5,
            "use_gamma": false,
            "use_marginal": true
        },
        "model_params": {
            "arch_params": {},
            "model_name": "CombResnet18"
        },
        "neighbourhood_fn": "8-grid",
        "optimizer_name": "Adam",
        "optimizer_params": {
            "lr": 0.0005
        },
        "preload_batch": true,
        "use_cuda": true,
        "use_lr_scheduling": true
    },
    "use_ray": false
}
MAP-BACKPROP MODE: {
    "dpo": {
        "maximize": false
    },
    "loss_type": "fy",
    "nb_samples": 1,
    "objective_type": "dpo",
    "perturb_w": false,
    "perturb_w_prime": false,
    "temperature": 5.0,
    "type": 5,
    "use_gamma": false,
    "use_marginal": true
}
True
META: {'input_image_size': 240, 'output_features': 900, 'num_channels': 3, 'denormalize': <maprop.decorators.input_to_numpy object at 0x2b20f5f5ee80>}
EVALUATING
{'loss': 233.6660026550293, 'accuracy': 0.9404978048801422, 'perfect_match_accuracy': 0.001, 'cost_ratio_suggested_true': 2.4892180275917055, 'below_10.0_percent_acc': 0.122, 'below_1.0_percent_acc': 0.012, 'below_0.1_percent_acc': 0.012, 'below_0.01_percent_acc': 0.012, 'below_0.001_percent_acc': 0.011, 'below_0.0001_percent_acc': 0.011, 'valid_acc': 1.0}
Epoch: 1	Batch time (4.159175)	Data time (0.114970)	Cuda time (0.000004)	Loss (207.095801)	Accuracy (0.875406)
EVALUATING
{'loss': 172.66299926757813, 'accuracy': 0.9493122482299805, 'perfect_match_accuracy': 0.006, 'cost_ratio_suggested_true': 1.921002415418625, 'below_10.0_percent_acc': 0.327, 'below_1.0_percent_acc': 0.088, 'below_0.1_percent_acc': 0.068, 'below_0.01_percent_acc': 0.067, 'below_0.001_percent_acc': 0.062, 'below_0.0001_percent_acc': 0.062, 'valid_acc': 1.0}
Epoch: 2	Batch time (3.806594)	Data time (0.112606)	Cuda time (0.000003)	Loss (147.183901)	Accuracy (0.912464)
EVALUATING
{'loss': 129.54599899291992, 'accuracy': 0.9546922421455384, 'perfect_match_accuracy': 0.017, 'cost_ratio_suggested_true': 1.666592012643814, 'below_10.0_percent_acc': 0.441, 'below_1.0_percent_acc': 0.151, 'below_0.1_percent_acc': 0.128, 'below_0.01_percent_acc': 0.128, 'below_0.001_percent_acc': 0.12, 'below_0.0001_percent_acc': 0.12, 'valid_acc': 1.0}
Epoch: 3	Batch time (3.586748)	Data time (0.105039)	Cuda time (0.000003)	Loss (113.014600)	Accuracy (0.920515)
EVALUATING
{'loss': 102.33600013732911, 'accuracy': 0.9576733642816544, 'perfect_match_accuracy': 0.033, 'cost_ratio_suggested_true': 1.5280983805656434, 'below_10.0_percent_acc': 0.506, 'below_1.0_percent_acc': 0.168, 'below_0.1_percent_acc': 0.143, 'below_0.01_percent_acc': 0.143, 'below_0.001_percent_acc': 0.138, 'below_0.0001_percent_acc': 0.138, 'valid_acc': 1.0}
Epoch: 4	Batch time (3.585744)	Data time (0.094757)	Cuda time (0.000004)	Loss (99.704600)	Accuracy (0.923719)
EVALUATING
{'loss': 94.98300064086914, 'accuracy': 0.9586878085136413, 'perfect_match_accuracy': 0.031, 'cost_ratio_suggested_true': 1.4388894295692445, 'below_10.0_percent_acc': 0.56, 'below_1.0_percent_acc': 0.174, 'below_0.1_percent_acc': 0.14, 'below_0.01_percent_acc': 0.14, 'below_0.001_percent_acc': 0.134, 'below_0.0001_percent_acc': 0.134, 'valid_acc': 1.0}
Epoch: 5	Batch time (3.543051)	Data time (0.093362)	Cuda time (0.000003)	Loss (91.131400)	Accuracy (0.925745)
EVALUATING
{'loss': 87.54300086975098, 'accuracy': 0.9589278078079224, 'perfect_match_accuracy': 0.033, 'cost_ratio_suggested_true': 1.4622692692279815, 'below_10.0_percent_acc': 0.563, 'below_1.0_percent_acc': 0.159, 'below_0.1_percent_acc': 0.131, 'below_0.01_percent_acc': 0.131, 'below_0.001_percent_acc': 0.129, 'below_0.0001_percent_acc': 0.129, 'valid_acc': 1.0}
Epoch: 6	Batch time (3.434938)	Data time (0.091147)	Cuda time (0.000003)	Loss (85.335601)	Accuracy (0.927801)
EVALUATING
{'loss': 88.431000289917, 'accuracy': 0.9619655847549439, 'perfect_match_accuracy': 0.032, 'cost_ratio_suggested_true': 1.3099479389190674, 'below_10.0_percent_acc': 0.687, 'below_1.0_percent_acc': 0.175, 'below_0.1_percent_acc': 0.13, 'below_0.01_percent_acc': 0.13, 'below_0.001_percent_acc': 0.128, 'below_0.0001_percent_acc': 0.128, 'valid_acc': 1.0}
Epoch: 7	Batch time (3.330513)	Data time (0.090318)	Cuda time (0.000004)	Loss (80.283200)	Accuracy (0.929415)
EVALUATING
{'loss': 80.14000045776368, 'accuracy': 0.96066335439682, 'perfect_match_accuracy': 0.031, 'cost_ratio_suggested_true': 1.3448307454586028, 'below_10.0_percent_acc': 0.647, 'below_1.0_percent_acc': 0.16, 'below_0.1_percent_acc': 0.121, 'below_0.01_percent_acc': 0.121, 'below_0.001_percent_acc': 0.118, 'below_0.0001_percent_acc': 0.118, 'valid_acc': 1.0}
Epoch: 8	Batch time (3.403060)	Data time (0.091806)	Cuda time (0.000003)	Loss (76.593401)	Accuracy (0.930963)
EVALUATING
{'loss': 73.65500022888183, 'accuracy': 0.9619911396503449, 'perfect_match_accuracy': 0.037, 'cost_ratio_suggested_true': 1.3380426204204559, 'below_10.0_percent_acc': 0.653, 'below_1.0_percent_acc': 0.164, 'below_0.1_percent_acc': 0.124, 'below_0.01_percent_acc': 0.124, 'below_0.001_percent_acc': 0.123, 'below_0.0001_percent_acc': 0.123, 'valid_acc': 1.0}
Epoch: 9	Batch time (3.379563)	Data time (0.092257)	Cuda time (0.000003)	Loss (73.505601)	Accuracy (0.932389)
EVALUATING
{'loss': 75.12400169372559, 'accuracy': 0.9618578004837036, 'perfect_match_accuracy': 0.033, 'cost_ratio_suggested_true': 1.3001287257671357, 'below_10.0_percent_acc': 0.67, 'below_1.0_percent_acc': 0.153, 'below_0.1_percent_acc': 0.112, 'below_0.01_percent_acc': 0.112, 'below_0.001_percent_acc': 0.111, 'below_0.0001_percent_acc': 0.111, 'valid_acc': 1.0}
Epoch: 10	Batch time (3.349553)	Data time (0.093978)	Cuda time (0.000003)	Loss (71.178800)	Accuracy (0.933738)
EVALUATING
{'loss': 70.76000106811523, 'accuracy': 0.9624655765295028, 'perfect_match_accuracy': 0.042, 'cost_ratio_suggested_true': 1.310009664297104, 'below_10.0_percent_acc': 0.685, 'below_1.0_percent_acc': 0.166, 'below_0.1_percent_acc': 0.123, 'below_0.01_percent_acc': 0.123, 'below_0.001_percent_acc': 0.122, 'below_0.0001_percent_acc': 0.122, 'valid_acc': 1.0}
Epoch: 11	Batch time (3.361042)	Data time (0.093266)	Cuda time (0.000003)	Loss (68.972801)	Accuracy (0.934357)
EVALUATING
{'loss': 71.21500091552734, 'accuracy': 0.9625989162921905, 'perfect_match_accuracy': 0.037, 'cost_ratio_suggested_true': 1.3295774817466737, 'below_10.0_percent_acc': 0.702, 'below_1.0_percent_acc': 0.167, 'below_0.1_percent_acc': 0.12, 'below_0.01_percent_acc': 0.12, 'below_0.001_percent_acc': 0.12, 'below_0.0001_percent_acc': 0.12, 'valid_acc': 1.0}
Epoch: 12	Batch time (3.323467)	Data time (0.091706)	Cuda time (0.000003)	Loss (67.226501)	Accuracy (0.935448)
EVALUATING
{'loss': 68.46100044250488, 'accuracy': 0.9626522427797317, 'perfect_match_accuracy': 0.038, 'cost_ratio_suggested_true': 1.2969876718521118, 'below_10.0_percent_acc': 0.687, 'below_1.0_percent_acc': 0.151, 'below_0.1_percent_acc': 0.111, 'below_0.01_percent_acc': 0.111, 'below_0.001_percent_acc': 0.111, 'below_0.0001_percent_acc': 0.111, 'valid_acc': 1.0}
Epoch: 13	Batch time (3.298383)	Data time (0.092273)	Cuda time (0.000003)	Loss (65.366700)	Accuracy (0.936308)
EVALUATING
{'loss': 64.56000045776368, 'accuracy': 0.9649955797195434, 'perfect_match_accuracy': 0.047, 'cost_ratio_suggested_true': 1.2988324749469757, 'below_10.0_percent_acc': 0.723, 'below_1.0_percent_acc': 0.191, 'below_0.1_percent_acc': 0.147, 'below_0.01_percent_acc': 0.147, 'below_0.001_percent_acc': 0.147, 'below_0.0001_percent_acc': 0.147, 'valid_acc': 1.0}
Epoch: 14	Batch time (3.278468)	Data time (0.093304)	Cuda time (0.000003)	Loss (64.021901)	Accuracy (0.937200)
EVALUATING
{'loss': 61.518999900817875, 'accuracy': 0.9650289124250412, 'perfect_match_accuracy': 0.06, 'cost_ratio_suggested_true': 1.2907227897644042, 'below_10.0_percent_acc': 0.739, 'below_1.0_percent_acc': 0.201, 'below_0.1_percent_acc': 0.157, 'below_0.01_percent_acc': 0.157, 'below_0.001_percent_acc': 0.157, 'below_0.0001_percent_acc': 0.157, 'valid_acc': 1.0}
Epoch: 15	Batch time (3.284116)	Data time (0.095263)	Cuda time (0.000003)	Loss (62.643400)	Accuracy (0.937802)
EVALUATING
{'loss': 61.85400001525879, 'accuracy': 0.9655078041553498, 'perfect_match_accuracy': 0.048, 'cost_ratio_suggested_true': 1.254675602912903, 'below_10.0_percent_acc': 0.753, 'below_1.0_percent_acc': 0.194, 'below_0.1_percent_acc': 0.149, 'below_0.01_percent_acc': 0.149, 'below_0.001_percent_acc': 0.149, 'below_0.0001_percent_acc': 0.149, 'valid_acc': 1.0}
Epoch: 16	Batch time (3.250028)	Data time (0.092655)	Cuda time (0.000004)	Loss (61.172300)	Accuracy (0.938421)
EVALUATING
{'loss': 57.704001083374024, 'accuracy': 0.9655333662033081, 'perfect_match_accuracy': 0.061, 'cost_ratio_suggested_true': 1.2500607931613923, 'below_10.0_percent_acc': 0.737, 'below_1.0_percent_acc': 0.195, 'below_0.1_percent_acc': 0.15, 'below_0.01_percent_acc': 0.15, 'below_0.001_percent_acc': 0.149, 'below_0.0001_percent_acc': 0.149, 'valid_acc': 1.0}
Epoch: 17	Batch time (3.198834)	Data time (0.096529)	Cuda time (0.000004)	Loss (60.237900)	Accuracy (0.939073)
EVALUATING
{'loss': 59.02100006103515, 'accuracy': 0.9639266973733902, 'perfect_match_accuracy': 0.055, 'cost_ratio_suggested_true': 1.2606911611557008, 'below_10.0_percent_acc': 0.721, 'below_1.0_percent_acc': 0.177, 'below_0.1_percent_acc': 0.135, 'below_0.01_percent_acc': 0.135, 'below_0.001_percent_acc': 0.134, 'below_0.0001_percent_acc': 0.134, 'valid_acc': 1.0}
Epoch: 18	Batch time (3.170337)	Data time (0.094226)	Cuda time (0.000004)	Loss (59.179100)	Accuracy (0.939718)
EVALUATING
{'loss': 59.13499984741211, 'accuracy': 0.9641222506761551, 'perfect_match_accuracy': 0.052, 'cost_ratio_suggested_true': 1.2576054859161376, 'below_10.0_percent_acc': 0.73, 'below_1.0_percent_acc': 0.185, 'below_0.1_percent_acc': 0.145, 'below_0.01_percent_acc': 0.145, 'below_0.001_percent_acc': 0.145, 'below_0.0001_percent_acc': 0.145, 'valid_acc': 1.0}
Epoch: 19	Batch time (3.132529)	Data time (0.090664)	Cuda time (0.000003)	Loss (58.114100)	Accuracy (0.940474)
EVALUATING
{'loss': 57.83500080108642, 'accuracy': 0.9666589158773422, 'perfect_match_accuracy': 0.074, 'cost_ratio_suggested_true': 1.2436454701423645, 'below_10.0_percent_acc': 0.767, 'below_1.0_percent_acc': 0.224, 'below_0.1_percent_acc': 0.178, 'below_0.01_percent_acc': 0.178, 'below_0.001_percent_acc': 0.178, 'below_0.0001_percent_acc': 0.178, 'valid_acc': 1.0}
Epoch: 20	Batch time (3.134173)	Data time (0.093374)	Cuda time (0.000004)	Loss (57.143501)	Accuracy (0.941187)
EVALUATING
{'loss': 58.52700023651123, 'accuracy': 0.9668978124856948, 'perfect_match_accuracy': 0.063, 'cost_ratio_suggested_true': 1.2457678425312042, 'below_10.0_percent_acc': 0.781, 'below_1.0_percent_acc': 0.234, 'below_0.1_percent_acc': 0.175, 'below_0.01_percent_acc': 0.175, 'below_0.001_percent_acc': 0.175, 'below_0.0001_percent_acc': 0.175, 'valid_acc': 1.0}
Epoch: 21	Batch time (3.113893)	Data time (0.090874)	Cuda time (0.000004)	Loss (56.345200)	Accuracy (0.941728)
EVALUATING
{'loss': 56.69000053405762, 'accuracy': 0.9673233610391617, 'perfect_match_accuracy': 0.074, 'cost_ratio_suggested_true': 1.2345689141750336, 'below_10.0_percent_acc': 0.777, 'below_1.0_percent_acc': 0.215, 'below_0.1_percent_acc': 0.176, 'below_0.01_percent_acc': 0.176, 'below_0.001_percent_acc': 0.173, 'below_0.0001_percent_acc': 0.173, 'valid_acc': 1.0}
Epoch: 22	Batch time (3.114125)	Data time (0.091727)	Cuda time (0.000004)	Loss (55.340800)	Accuracy (0.942101)
EVALUATING
{'loss': 54.50500049591064, 'accuracy': 0.967327800989151, 'perfect_match_accuracy': 0.074, 'cost_ratio_suggested_true': 1.2400100386142732, 'below_10.0_percent_acc': 0.795, 'below_1.0_percent_acc': 0.235, 'below_0.1_percent_acc': 0.18, 'below_0.01_percent_acc': 0.18, 'below_0.001_percent_acc': 0.18, 'below_0.0001_percent_acc': 0.18, 'valid_acc': 1.0}
Epoch: 23	Batch time (3.135974)	Data time (0.090074)	Cuda time (0.000004)	Loss (54.631700)	Accuracy (0.942728)
EVALUATING
{'loss': 55.82400062561035, 'accuracy': 0.9677955842018128, 'perfect_match_accuracy': 0.08, 'cost_ratio_suggested_true': 1.2358179414272308, 'below_10.0_percent_acc': 0.79, 'below_1.0_percent_acc': 0.245, 'below_0.1_percent_acc': 0.186, 'below_0.01_percent_acc': 0.186, 'below_0.001_percent_acc': 0.185, 'below_0.0001_percent_acc': 0.185, 'valid_acc': 1.0}
Epoch: 24	Batch time (3.170778)	Data time (0.090439)	Cuda time (0.000004)	Loss (53.911300)	Accuracy (0.943132)
EVALUATING
{'loss': 53.87300056457519, 'accuracy': 0.9679511338472366, 'perfect_match_accuracy': 0.076, 'cost_ratio_suggested_true': 1.2499851310253143, 'below_10.0_percent_acc': 0.787, 'below_1.0_percent_acc': 0.246, 'below_0.1_percent_acc': 0.187, 'below_0.01_percent_acc': 0.187, 'below_0.001_percent_acc': 0.185, 'below_0.0001_percent_acc': 0.185, 'valid_acc': 1.0}
Epoch: 25	Batch time (3.128648)	Data time (0.089742)	Cuda time (0.000003)	Loss (53.145600)	Accuracy (0.943810)
EVALUATING
{'loss': 52.858999786376955, 'accuracy': 0.9667233580350876, 'perfect_match_accuracy': 0.088, 'cost_ratio_suggested_true': 1.2413466262817383, 'below_10.0_percent_acc': 0.787, 'below_1.0_percent_acc': 0.221, 'below_0.1_percent_acc': 0.175, 'below_0.01_percent_acc': 0.175, 'below_0.001_percent_acc': 0.174, 'below_0.0001_percent_acc': 0.174, 'valid_acc': 1.0}
Epoch: 26	Batch time (3.141746)	Data time (0.091135)	Cuda time (0.000004)	Loss (52.686900)	Accuracy (0.944492)
EVALUATING
{'loss': 51.775000381469724, 'accuracy': 0.9681155830621719, 'perfect_match_accuracy': 0.08, 'cost_ratio_suggested_true': 1.2153906798362732, 'below_10.0_percent_acc': 0.803, 'below_1.0_percent_acc': 0.248, 'below_0.1_percent_acc': 0.193, 'below_0.01_percent_acc': 0.193, 'below_0.001_percent_acc': 0.193, 'below_0.0001_percent_acc': 0.193, 'valid_acc': 1.0}
Epoch: 27	Batch time (3.113543)	Data time (0.090998)	Cuda time (0.000004)	Loss (51.970100)	Accuracy (0.944869)
EVALUATING
{'loss': 52.06400020599365, 'accuracy': 0.968395579457283, 'perfect_match_accuracy': 0.096, 'cost_ratio_suggested_true': 1.230124396085739, 'below_10.0_percent_acc': 0.797, 'below_1.0_percent_acc': 0.281, 'below_0.1_percent_acc': 0.222, 'below_0.01_percent_acc': 0.222, 'below_0.001_percent_acc': 0.221, 'below_0.0001_percent_acc': 0.221, 'valid_acc': 1.0}
Epoch: 28	Batch time (3.115936)	Data time (0.091991)	Cuda time (0.000004)	Loss (51.121200)	Accuracy (0.945270)
EVALUATING
{'loss': 50.13200050354004, 'accuracy': 0.9684822487831116, 'perfect_match_accuracy': 0.09, 'cost_ratio_suggested_true': 1.2024691414833069, 'below_10.0_percent_acc': 0.818, 'below_1.0_percent_acc': 0.258, 'below_0.1_percent_acc': 0.191, 'below_0.01_percent_acc': 0.191, 'below_0.001_percent_acc': 0.189, 'below_0.0001_percent_acc': 0.189, 'valid_acc': 1.0}
Epoch: 29	Batch time (3.093376)	Data time (0.091388)	Cuda time (0.000004)	Loss (50.477900)	Accuracy (0.945603)
EVALUATING
{'loss': 50.66400020599365, 'accuracy': 0.9679044663906098, 'perfect_match_accuracy': 0.089, 'cost_ratio_suggested_true': 1.2133383929729462, 'below_10.0_percent_acc': 0.785, 'below_1.0_percent_acc': 0.239, 'below_0.1_percent_acc': 0.187, 'below_0.01_percent_acc': 0.187, 'below_0.001_percent_acc': 0.187, 'below_0.0001_percent_acc': 0.187, 'valid_acc': 1.0}
Epoch: 30	Batch time (3.103823)	Data time (0.092559)	Cuda time (0.000004)	Loss (50.019700)	Accuracy (0.945989)
EVALUATING
{'loss': 48.76900005340576, 'accuracy': 0.969907808303833, 'perfect_match_accuracy': 0.108, 'cost_ratio_suggested_true': 1.2167604565620422, 'below_10.0_percent_acc': 0.833, 'below_1.0_percent_acc': 0.29, 'below_0.1_percent_acc': 0.225, 'below_0.01_percent_acc': 0.225, 'below_0.001_percent_acc': 0.224, 'below_0.0001_percent_acc': 0.224, 'valid_acc': 1.0}
Epoch: 31	Batch time (3.121740)	Data time (0.095319)	Cuda time (0.000004)	Loss (49.012600)	Accuracy (0.946847)
EVALUATING
{'loss': 48.36800067901611, 'accuracy': 0.9697344607114792, 'perfect_match_accuracy': 0.101, 'cost_ratio_suggested_true': 1.1973826396465301, 'below_10.0_percent_acc': 0.836, 'below_1.0_percent_acc': 0.28, 'below_0.1_percent_acc': 0.214, 'below_0.01_percent_acc': 0.214, 'below_0.001_percent_acc': 0.211, 'below_0.0001_percent_acc': 0.211, 'valid_acc': 1.0}
Epoch: 32	Batch time (3.116550)	Data time (0.093492)	Cuda time (0.000004)	Loss (48.916200)	Accuracy (0.947018)
EVALUATING
{'loss': 48.324000396728515, 'accuracy': 0.9699011421203614, 'perfect_match_accuracy': 0.099, 'cost_ratio_suggested_true': 1.2056828081607818, 'below_10.0_percent_acc': 0.841, 'below_1.0_percent_acc': 0.277, 'below_0.1_percent_acc': 0.209, 'below_0.01_percent_acc': 0.209, 'below_0.001_percent_acc': 0.209, 'below_0.0001_percent_acc': 0.209, 'valid_acc': 1.0}
Epoch: 33	Batch time (3.117848)	Data time (0.092806)	Cuda time (0.000004)	Loss (48.871800)	Accuracy (0.947085)
EVALUATING
{'loss': 48.3549995803833, 'accuracy': 0.9694966918230057, 'perfect_match_accuracy': 0.096, 'cost_ratio_suggested_true': 1.1996703779697417, 'below_10.0_percent_acc': 0.83, 'below_1.0_percent_acc': 0.271, 'below_0.1_percent_acc': 0.207, 'below_0.01_percent_acc': 0.207, 'below_0.001_percent_acc': 0.206, 'below_0.0001_percent_acc': 0.206, 'valid_acc': 1.0}
Epoch: 34	Batch time (3.070866)	Data time (0.093915)	Cuda time (0.000003)	Loss (48.678400)	Accuracy (0.947112)
EVALUATING
{'loss': 49.15299968719482, 'accuracy': 0.969598913192749, 'perfect_match_accuracy': 0.101, 'cost_ratio_suggested_true': 1.1991976034641265, 'below_10.0_percent_acc': 0.824, 'below_1.0_percent_acc': 0.274, 'below_0.1_percent_acc': 0.206, 'below_0.01_percent_acc': 0.206, 'below_0.001_percent_acc': 0.205, 'below_0.0001_percent_acc': 0.205, 'valid_acc': 1.0}
Epoch: 35	Batch time (3.057409)	Data time (0.090471)	Cuda time (0.000003)	Loss (48.806500)	Accuracy (0.947021)
EVALUATING
{'loss': 48.94100048065186, 'accuracy': 0.9698322433233261, 'perfect_match_accuracy': 0.109, 'cost_ratio_suggested_true': 1.198725427389145, 'below_10.0_percent_acc': 0.827, 'below_1.0_percent_acc': 0.283, 'below_0.1_percent_acc': 0.22, 'below_0.01_percent_acc': 0.22, 'below_0.001_percent_acc': 0.22, 'below_0.0001_percent_acc': 0.22, 'valid_acc': 1.0}
Epoch: 36	Batch time (3.068938)	Data time (0.091305)	Cuda time (0.000003)	Loss (48.729100)	Accuracy (0.947174)
EVALUATING
{'loss': 48.452000045776366, 'accuracy': 0.9695233601331711, 'perfect_match_accuracy': 0.102, 'cost_ratio_suggested_true': 1.1971695220470429, 'below_10.0_percent_acc': 0.831, 'below_1.0_percent_acc': 0.27, 'below_0.1_percent_acc': 0.209, 'below_0.01_percent_acc': 0.209, 'below_0.001_percent_acc': 0.208, 'below_0.0001_percent_acc': 0.208, 'valid_acc': 1.0}
Epoch: 37	Batch time (3.054274)	Data time (0.092199)	Cuda time (0.000003)	Loss (48.044100)	Accuracy (0.947575)
EVALUATING
{'loss': 48.789000816345215, 'accuracy': 0.9700466966629029, 'perfect_match_accuracy': 0.109, 'cost_ratio_suggested_true': 1.19660257935524, 'below_10.0_percent_acc': 0.84, 'below_1.0_percent_acc': 0.283, 'below_0.1_percent_acc': 0.218, 'below_0.01_percent_acc': 0.218, 'below_0.001_percent_acc': 0.215, 'below_0.0001_percent_acc': 0.215, 'valid_acc': 1.0}
Epoch: 38	Batch time (3.090219)	Data time (0.093193)	Cuda time (0.000003)	Loss (48.479600)	Accuracy (0.947111)
EVALUATING
{'loss': 47.80100025177002, 'accuracy': 0.9698255878686904, 'perfect_match_accuracy': 0.102, 'cost_ratio_suggested_true': 1.1980470144748687, 'below_10.0_percent_acc': 0.839, 'below_1.0_percent_acc': 0.267, 'below_0.1_percent_acc': 0.207, 'below_0.01_percent_acc': 0.207, 'below_0.001_percent_acc': 0.206, 'below_0.0001_percent_acc': 0.206, 'valid_acc': 1.0}
Epoch: 39	Batch time (3.064440)	Data time (0.090579)	Cuda time (0.000003)	Loss (48.304000)	Accuracy (0.947384)
EVALUATING
{'loss': 48.142000427246096, 'accuracy': 0.9698922461271287, 'perfect_match_accuracy': 0.109, 'cost_ratio_suggested_true': 1.193945609331131, 'below_10.0_percent_acc': 0.831, 'below_1.0_percent_acc': 0.28, 'below_0.1_percent_acc': 0.22, 'below_0.01_percent_acc': 0.22, 'below_0.001_percent_acc': 0.219, 'below_0.0001_percent_acc': 0.219, 'valid_acc': 1.0}
Epoch: 40	Batch time (3.074741)	Data time (0.091437)	Cuda time (0.000003)	Loss (48.414500)	Accuracy (0.947515)
EVALUATING
{'loss': 47.9000004196167, 'accuracy': 0.970004471540451, 'perfect_match_accuracy': 0.108, 'cost_ratio_suggested_true': 1.2000072360038758, 'below_10.0_percent_acc': 0.838, 'below_1.0_percent_acc': 0.279, 'below_0.1_percent_acc': 0.218, 'below_0.01_percent_acc': 0.218, 'below_0.001_percent_acc': 0.217, 'below_0.0001_percent_acc': 0.217, 'valid_acc': 1.0}
Epoch: 41	Batch time (3.059414)	Data time (0.089469)	Cuda time (0.000003)	Loss (47.851300)	Accuracy (0.947594)
EVALUATING
{'loss': 48.39400074005127, 'accuracy': 0.970248915553093, 'perfect_match_accuracy': 0.108, 'cost_ratio_suggested_true': 1.1960565423965455, 'below_10.0_percent_acc': 0.841, 'below_1.0_percent_acc': 0.28, 'below_0.1_percent_acc': 0.218, 'below_0.01_percent_acc': 0.218, 'below_0.001_percent_acc': 0.218, 'below_0.0001_percent_acc': 0.218, 'valid_acc': 1.0}
Epoch: 42	Batch time (3.051071)	Data time (0.092031)	Cuda time (0.000003)	Loss (48.073200)	Accuracy (0.947805)
EVALUATING
{'loss': 48.24700004577637, 'accuracy': 0.9700022470951081, 'perfect_match_accuracy': 0.103, 'cost_ratio_suggested_true': 1.196387493610382, 'below_10.0_percent_acc': 0.837, 'below_1.0_percent_acc': 0.273, 'below_0.1_percent_acc': 0.211, 'below_0.01_percent_acc': 0.211, 'below_0.001_percent_acc': 0.211, 'below_0.0001_percent_acc': 0.211, 'valid_acc': 1.0}
Epoch: 43	Batch time (3.060182)	Data time (0.090822)	Cuda time (0.000003)	Loss (47.959900)	Accuracy (0.947670)
EVALUATING
{'loss': 47.8020006942749, 'accuracy': 0.9699566835165023, 'perfect_match_accuracy': 0.101, 'cost_ratio_suggested_true': 1.1960049426555635, 'below_10.0_percent_acc': 0.835, 'below_1.0_percent_acc': 0.271, 'below_0.1_percent_acc': 0.207, 'below_0.01_percent_acc': 0.207, 'below_0.001_percent_acc': 0.207, 'below_0.0001_percent_acc': 0.207, 'valid_acc': 1.0}
Epoch: 44	Batch time (3.004675)	Data time (0.090249)	Cuda time (0.000003)	Loss (48.299700)	Accuracy (0.947475)
EVALUATING
{'loss': 48.61700073242187, 'accuracy': 0.9701822519302368, 'perfect_match_accuracy': 0.105, 'cost_ratio_suggested_true': 1.195810203552246, 'below_10.0_percent_acc': 0.837, 'below_1.0_percent_acc': 0.277, 'below_0.1_percent_acc': 0.212, 'below_0.01_percent_acc': 0.212, 'below_0.001_percent_acc': 0.212, 'below_0.0001_percent_acc': 0.212, 'valid_acc': 1.0}
Epoch: 45	Batch time (3.028920)	Data time (0.092608)	Cuda time (0.000003)	Loss (48.073500)	Accuracy (0.947670)
EVALUATING
{'loss': 48.242000045776365, 'accuracy': 0.9702733588218689, 'perfect_match_accuracy': 0.103, 'cost_ratio_suggested_true': 1.1921057796478272, 'below_10.0_percent_acc': 0.84, 'below_1.0_percent_acc': 0.274, 'below_0.1_percent_acc': 0.208, 'below_0.01_percent_acc': 0.208, 'below_0.001_percent_acc': 0.208, 'below_0.0001_percent_acc': 0.208, 'valid_acc': 1.0}
Epoch: 46	Batch time (3.078175)	Data time (0.091190)	Cuda time (0.000004)	Loss (48.209800)	Accuracy (0.947826)
EVALUATING
{'loss': 47.96300048828125, 'accuracy': 0.970196692943573, 'perfect_match_accuracy': 0.104, 'cost_ratio_suggested_true': 1.1948004972934723, 'below_10.0_percent_acc': 0.839, 'below_1.0_percent_acc': 0.272, 'below_0.1_percent_acc': 0.209, 'below_0.01_percent_acc': 0.209, 'below_0.001_percent_acc': 0.209, 'below_0.0001_percent_acc': 0.209, 'valid_acc': 1.0}
Epoch: 47	Batch time (3.036974)	Data time (0.090669)	Cuda time (0.000003)	Loss (48.022000)	Accuracy (0.947208)
EVALUATING
{'loss': 47.862000427246095, 'accuracy': 0.970117803812027, 'perfect_match_accuracy': 0.106, 'cost_ratio_suggested_true': 1.1956393790245057, 'below_10.0_percent_acc': 0.837, 'below_1.0_percent_acc': 0.273, 'below_0.1_percent_acc': 0.213, 'below_0.01_percent_acc': 0.213, 'below_0.001_percent_acc': 0.213, 'below_0.0001_percent_acc': 0.213, 'valid_acc': 1.0}
Epoch: 48	Batch time (3.057140)	Data time (0.089351)	Cuda time (0.000003)	Loss (48.049300)	Accuracy (0.947506)
EVALUATING
{'loss': 48.22000057220459, 'accuracy': 0.9701033550500869, 'perfect_match_accuracy': 0.103, 'cost_ratio_suggested_true': 1.1921951425075532, 'below_10.0_percent_acc': 0.836, 'below_1.0_percent_acc': 0.273, 'below_0.1_percent_acc': 0.212, 'below_0.01_percent_acc': 0.212, 'below_0.001_percent_acc': 0.211, 'below_0.0001_percent_acc': 0.211, 'valid_acc': 1.0}
Epoch: 49	Batch time (3.058818)	Data time (0.091924)	Cuda time (0.000003)	Loss (47.912700)	Accuracy (0.947994)
EVALUATING
{'loss': 48.222999839782716, 'accuracy': 0.9700444650650024, 'perfect_match_accuracy': 0.102, 'cost_ratio_suggested_true': 1.1933754932880403, 'below_10.0_percent_acc': 0.838, 'below_1.0_percent_acc': 0.27, 'below_0.1_percent_acc': 0.206, 'below_0.01_percent_acc': 0.206, 'below_0.001_percent_acc': 0.205, 'below_0.0001_percent_acc': 0.205, 'valid_acc': 1.0}
Epoch: 50	Batch time (3.110396)	Data time (0.093341)	Cuda time (0.000003)	Loss (48.003200)	Accuracy (0.947662)
EVALUATING
{'loss': 47.61600025177002, 'accuracy': 0.9700678133964539, 'perfect_match_accuracy': 0.105, 'cost_ratio_suggested_true': 1.1929675984382628, 'below_10.0_percent_acc': 0.836, 'below_1.0_percent_acc': 0.274, 'below_0.1_percent_acc': 0.212, 'below_0.01_percent_acc': 0.212, 'below_0.001_percent_acc': 0.211, 'below_0.0001_percent_acc': 0.211, 'valid_acc': 1.0}
