No existing entry for trainer_params.mode.type
{}[type] = <class 'int'>(5)
No existing entry for trainer_params.mode.objective_type
{'type': 5}[objective_type] = <class 'str'>(dpo)
No existing entry for trainer_params.mode.use_marginal
{'type': 5, 'objective_type': 'dpo'}[use_marginal] = <class 'bool'>(True)
No existing entry for trainer_params.mode.nb_samples
{'type': 5, 'objective_type': 'dpo', 'use_marginal': True}[nb_samples] = <class 'int'>(1)
No existing entry for trainer_params.mode.temperature
{'type': 5, 'objective_type': 'dpo', 'use_marginal': True, 'nb_samples': 1}[temperature] = <class 'float'>(0.0)
No existing entry for trainer_params.mode.use_gamma
{'type': 5, 'objective_type': 'dpo', 'use_marginal': True, 'nb_samples': 1, 'temperature': 0.0}[use_gamma] = <class 'bool'>(False)
No existing entry for trainer_params.mode.loss_type
{'type': 5, 'objective_type': 'dpo', 'use_marginal': True, 'nb_samples': 1, 'temperature': 0.0, 'use_gamma': False}[loss_type] = <class 'str'>(fy)
No existing entry for trainer_params.mode.perturb_w
{'type': 5, 'objective_type': 'dpo', 'use_marginal': True, 'nb_samples': 1, 'temperature': 0.0, 'use_gamma': False, 'loss_type': 'fy'}[perturb_w] = <class 'bool'>(False)
No existing entry for trainer_params.mode.perturb_w_prime
{'type': 5, 'objective_type': 'dpo', 'use_marginal': True, 'nb_samples': 1, 'temperature': 0.0, 'use_gamma': False, 'loss_type': 'fy', 'perturb_w': False}[perturb_w_prime] = <class 'bool'>(False)
{'batch_size': 70, 'l1_regconst': 0.0, 'lambda_val': 20.0, 'lr_milestone_1': 30, 'lr_milestone_2': 40, 'model_params': {'arch_params': {}, 'model_name': 'CombResnet18'}, 'neighbourhood_fn': '8-grid', 'optimizer_name': 'Adam', 'optimizer_params': {'lr': 0.0005}, 'preload_batch': True, 'use_cuda': True, 'use_lr_scheduling': True, 'mode': {'type': 5, 'objective_type': 'dpo', 'use_marginal': True, 'nb_samples': 1, 'temperature': 0.0, 'use_gamma': False, 'loss_type': 'fy', 'perturb_w': False, 'perturb_w_prime': False}}[lambda_val] = <class 'float'>(0.0)
No existing entry for trainer_params.mode.dpo.maximize
{}[maximize] = <class 'bool'>(False)
{'data_dir': 'data/warcraft_shortest_path/12x12', 'evaluate_with_extra': False, 'normalize': True, 'use_local_path': False, 'use_test_set': True}[data_dir] = <class 'str'>(data/warcraft_shortest_path/18x18)
{'evaluate_every': 5, 'loader_params': {'data_dir': 'data/warcraft_shortest_path/18x18', 'evaluate_with_extra': False, 'normalize': True, 'use_local_path': False, 'use_test_set': True}, 'model_dir': 'results/warcraft_shortest_path_combresnet', 'num_cpus': 40, 'num_epochs': 50, 'problem_type': 'warcraft_shortest_path', 'ray_params': {}, 'save_visualizations': False, 'seed': 1, 'trainer_name': 'DijkstraMAP', 'trainer_params': {'batch_size': 70, 'l1_regconst': 0.0, 'lambda_val': 0.0, 'lr_milestone_1': 30, 'lr_milestone_2': 40, 'model_params': {'arch_params': {}, 'model_name': 'CombResnet18'}, 'neighbourhood_fn': '8-grid', 'optimizer_name': 'Adam', 'optimizer_params': {'lr': 0.0005}, 'preload_batch': True, 'use_cuda': True, 'use_lr_scheduling': True, 'mode': {'type': 5, 'objective_type': 'dpo', 'use_marginal': True, 'nb_samples': 1, 'temperature': 0.0, 'use_gamma': False, 'loss_type': 'fy', 'perturb_w': False, 'perturb_w_prime': False, 'dpo': {'maximize': False}}}, 'use_ray': True}[seed] = <class 'int'>(3)
{'evaluate_every': 5, 'loader_params': {'data_dir': 'data/warcraft_shortest_path/18x18', 'evaluate_with_extra': False, 'normalize': True, 'use_local_path': False, 'use_test_set': True}, 'model_dir': 'results/warcraft_shortest_path_combresnet', 'num_cpus': 40, 'num_epochs': 50, 'problem_type': 'warcraft_shortest_path', 'ray_params': {}, 'save_visualizations': False, 'seed': 3, 'trainer_name': 'DijkstraMAP', 'trainer_params': {'batch_size': 70, 'l1_regconst': 0.0, 'lambda_val': 0.0, 'lr_milestone_1': 30, 'lr_milestone_2': 40, 'model_params': {'arch_params': {}, 'model_name': 'CombResnet18'}, 'neighbourhood_fn': '8-grid', 'optimizer_name': 'Adam', 'optimizer_params': {'lr': 0.0005}, 'preload_batch': True, 'use_cuda': True, 'use_lr_scheduling': True, 'mode': {'type': 5, 'objective_type': 'dpo', 'use_marginal': True, 'nb_samples': 1, 'temperature': 0.0, 'use_gamma': False, 'loss_type': 'fy', 'perturb_w': False, 'perturb_w_prime': False, 'dpo': {'maximize': False}}}, 'use_ray': True}[evaluate_every] = <class 'int'>(1)
{'evaluate_every': 1, 'loader_params': {'data_dir': 'data/warcraft_shortest_path/18x18', 'evaluate_with_extra': False, 'normalize': True, 'use_local_path': False, 'use_test_set': True}, 'model_dir': 'results/warcraft_shortest_path_combresnet', 'num_cpus': 40, 'num_epochs': 50, 'problem_type': 'warcraft_shortest_path', 'ray_params': {}, 'save_visualizations': False, 'seed': 3, 'trainer_name': 'DijkstraMAP', 'trainer_params': {'batch_size': 70, 'l1_regconst': 0.0, 'lambda_val': 0.0, 'lr_milestone_1': 30, 'lr_milestone_2': 40, 'model_params': {'arch_params': {}, 'model_name': 'CombResnet18'}, 'neighbourhood_fn': '8-grid', 'optimizer_name': 'Adam', 'optimizer_params': {'lr': 0.0005}, 'preload_batch': True, 'use_cuda': True, 'use_lr_scheduling': True, 'mode': {'type': 5, 'objective_type': 'dpo', 'use_marginal': True, 'nb_samples': 1, 'temperature': 0.0, 'use_gamma': False, 'loss_type': 'fy', 'perturb_w': False, 'perturb_w_prime': False, 'dpo': {'maximize': False}}}, 'use_ray': True}[use_ray] = <class 'bool'>(False)
No existing entry for trainer_params.mode.type
{}[type] = <class 'int'>(5)
No existing entry for trainer_params.mode.objective_type
{'type': 5}[objective_type] = <class 'str'>(dpo)
No existing entry for trainer_params.mode.use_marginal
{'type': 5, 'objective_type': 'dpo'}[use_marginal] = <class 'bool'>(True)
No existing entry for trainer_params.mode.nb_samples
{'type': 5, 'objective_type': 'dpo', 'use_marginal': True}[nb_samples] = <class 'int'>(1)
No existing entry for trainer_params.mode.temperature
{'type': 5, 'objective_type': 'dpo', 'use_marginal': True, 'nb_samples': 1}[temperature] = <class 'float'>(0.0)
No existing entry for trainer_params.mode.use_gamma
{'type': 5, 'objective_type': 'dpo', 'use_marginal': True, 'nb_samples': 1, 'temperature': 0.0}[use_gamma] = <class 'bool'>(False)
No existing entry for trainer_params.mode.loss_type
{'type': 5, 'objective_type': 'dpo', 'use_marginal': True, 'nb_samples': 1, 'temperature': 0.0, 'use_gamma': False}[loss_type] = <class 'str'>(fy)
No existing entry for trainer_params.mode.perturb_w
{'type': 5, 'objective_type': 'dpo', 'use_marginal': True, 'nb_samples': 1, 'temperature': 0.0, 'use_gamma': False, 'loss_type': 'fy'}[perturb_w] = <class 'bool'>(False)
No existing entry for trainer_params.mode.perturb_w_prime
{'type': 5, 'objective_type': 'dpo', 'use_marginal': True, 'nb_samples': 1, 'temperature': 0.0, 'use_gamma': False, 'loss_type': 'fy', 'perturb_w': False}[perturb_w_prime] = <class 'bool'>(False)
{'batch_size': 70, 'l1_regconst': 0.0, 'lambda_val': 20.0, 'lr_milestone_1': 30, 'lr_milestone_2': 40, 'model_params': {'arch_params': {}, 'model_name': 'CombResnet18'}, 'neighbourhood_fn': '8-grid', 'optimizer_name': 'Adam', 'optimizer_params': {'lr': 0.0005}, 'preload_batch': True, 'use_cuda': True, 'use_lr_scheduling': True, 'mode': {'type': 5, 'objective_type': 'dpo', 'use_marginal': True, 'nb_samples': 1, 'temperature': 0.0, 'use_gamma': False, 'loss_type': 'fy', 'perturb_w': False, 'perturb_w_prime': False}}[lambda_val] = <class 'float'>(0.0)
No existing entry for trainer_params.mode.dpo.maximize
{}[maximize] = <class 'bool'>(False)
{'data_dir': 'data/warcraft_shortest_path/12x12', 'evaluate_with_extra': False, 'normalize': True, 'use_local_path': False, 'use_test_set': True}[data_dir] = <class 'str'>(data/warcraft_shortest_path/18x18)
{'evaluate_every': 5, 'loader_params': {'data_dir': 'data/warcraft_shortest_path/18x18', 'evaluate_with_extra': False, 'normalize': True, 'use_local_path': False, 'use_test_set': True}, 'model_dir': 'results/warcraft_shortest_path_combresnet', 'num_cpus': 40, 'num_epochs': 50, 'problem_type': 'warcraft_shortest_path', 'ray_params': {}, 'save_visualizations': False, 'seed': 1, 'trainer_name': 'DijkstraMAP', 'trainer_params': {'batch_size': 70, 'l1_regconst': 0.0, 'lambda_val': 0.0, 'lr_milestone_1': 30, 'lr_milestone_2': 40, 'model_params': {'arch_params': {}, 'model_name': 'CombResnet18'}, 'neighbourhood_fn': '8-grid', 'optimizer_name': 'Adam', 'optimizer_params': {'lr': 0.0005}, 'preload_batch': True, 'use_cuda': True, 'use_lr_scheduling': True, 'mode': {'type': 5, 'objective_type': 'dpo', 'use_marginal': True, 'nb_samples': 1, 'temperature': 0.0, 'use_gamma': False, 'loss_type': 'fy', 'perturb_w': False, 'perturb_w_prime': False, 'dpo': {'maximize': False}}}, 'use_ray': True}[seed] = <class 'int'>(3)
{'evaluate_every': 5, 'loader_params': {'data_dir': 'data/warcraft_shortest_path/18x18', 'evaluate_with_extra': False, 'normalize': True, 'use_local_path': False, 'use_test_set': True}, 'model_dir': 'results/warcraft_shortest_path_combresnet', 'num_cpus': 40, 'num_epochs': 50, 'problem_type': 'warcraft_shortest_path', 'ray_params': {}, 'save_visualizations': False, 'seed': 3, 'trainer_name': 'DijkstraMAP', 'trainer_params': {'batch_size': 70, 'l1_regconst': 0.0, 'lambda_val': 0.0, 'lr_milestone_1': 30, 'lr_milestone_2': 40, 'model_params': {'arch_params': {}, 'model_name': 'CombResnet18'}, 'neighbourhood_fn': '8-grid', 'optimizer_name': 'Adam', 'optimizer_params': {'lr': 0.0005}, 'preload_batch': True, 'use_cuda': True, 'use_lr_scheduling': True, 'mode': {'type': 5, 'objective_type': 'dpo', 'use_marginal': True, 'nb_samples': 1, 'temperature': 0.0, 'use_gamma': False, 'loss_type': 'fy', 'perturb_w': False, 'perturb_w_prime': False, 'dpo': {'maximize': False}}}, 'use_ray': True}[evaluate_every] = <class 'int'>(1)
{'evaluate_every': 1, 'loader_params': {'data_dir': 'data/warcraft_shortest_path/18x18', 'evaluate_with_extra': False, 'normalize': True, 'use_local_path': False, 'use_test_set': True}, 'model_dir': 'results/warcraft_shortest_path_combresnet', 'num_cpus': 40, 'num_epochs': 50, 'problem_type': 'warcraft_shortest_path', 'ray_params': {}, 'save_visualizations': False, 'seed': 3, 'trainer_name': 'DijkstraMAP', 'trainer_params': {'batch_size': 70, 'l1_regconst': 0.0, 'lambda_val': 0.0, 'lr_milestone_1': 30, 'lr_milestone_2': 40, 'model_params': {'arch_params': {}, 'model_name': 'CombResnet18'}, 'neighbourhood_fn': '8-grid', 'optimizer_name': 'Adam', 'optimizer_params': {'lr': 0.0005}, 'preload_batch': True, 'use_cuda': True, 'use_lr_scheduling': True, 'mode': {'type': 5, 'objective_type': 'dpo', 'use_marginal': True, 'nb_samples': 1, 'temperature': 0.0, 'use_gamma': False, 'loss_type': 'fy', 'perturb_w': False, 'perturb_w_prime': False, 'dpo': {'maximize': False}}}, 'use_ray': True}[use_ray] = <class 'bool'>(False)
{
    "evaluate_every": 1,
    "loader_params": {
        "data_dir": "data/warcraft_shortest_path/18x18",
        "evaluate_with_extra": false,
        "normalize": true,
        "use_local_path": false,
        "use_test_set": true
    },
    "model_dir": "results/warcraft_shortest_path_combresnet",
    "num_cpus": 40,
    "num_epochs": 50,
    "problem_type": "warcraft_shortest_path",
    "ray_params": {},
    "save_visualizations": false,
    "seed": 3,
    "trainer_name": "DijkstraMAP",
    "trainer_params": {
        "batch_size": 70,
        "l1_regconst": 0.0,
        "lambda_val": 0.0,
        "lr_milestone_1": 30,
        "lr_milestone_2": 40,
        "mode": {
            "dpo": {
                "maximize": false
            },
            "loss_type": "fy",
            "nb_samples": 1,
            "objective_type": "dpo",
            "perturb_w": false,
            "perturb_w_prime": false,
            "temperature": 0.0,
            "type": 5,
            "use_gamma": false,
            "use_marginal": true
        },
        "model_params": {
            "arch_params": {},
            "model_name": "CombResnet18"
        },
        "neighbourhood_fn": "8-grid",
        "optimizer_name": "Adam",
        "optimizer_params": {
            "lr": 0.0005
        },
        "preload_batch": true,
        "use_cuda": true,
        "use_lr_scheduling": true
    },
    "use_ray": false
}
MAP-BACKPROP MODE: {
    "dpo": {
        "maximize": false
    },
    "loss_type": "fy",
    "nb_samples": 1,
    "objective_type": "dpo",
    "perturb_w": false,
    "perturb_w_prime": false,
    "temperature": 0.0,
    "type": 5,
    "use_gamma": false,
    "use_marginal": true
}
True
META: {'input_image_size': 144, 'output_features': 324, 'num_channels': 3, 'denormalize': <maprop.decorators.input_to_numpy object at 0x2adc99e0fe80>}
EVALUATING
{'loss': 29.73600040435791, 'accuracy': 0.9082222139835358, 'perfect_match_accuracy': 0.008, 'cost_ratio_suggested_true': 2.685205645561218, 'below_10.0_percent_acc': 0.076, 'below_1.0_percent_acc': 0.019, 'below_0.1_percent_acc': 0.016, 'below_0.01_percent_acc': 0.016, 'below_0.001_percent_acc': 0.014, 'below_0.0001_percent_acc': 0.014, 'valid_acc': 1.0}
Epoch: 1	Batch time (1.089557)	Data time (0.019262)	Cuda time (0.000002)	Loss (10.905000)	Accuracy (0.966343)
EVALUATING
{'loss': 5.790000009536743, 'accuracy': 0.9821296191215515, 'perfect_match_accuracy': 0.493, 'cost_ratio_suggested_true': 1.0487721157073975, 'below_10.0_percent_acc': 0.99, 'below_1.0_percent_acc': 0.875, 'below_0.1_percent_acc': 0.836, 'below_0.01_percent_acc': 0.836, 'below_0.001_percent_acc': 0.803, 'below_0.0001_percent_acc': 0.803, 'valid_acc': 1.0}
Epoch: 2	Batch time (1.090046)	Data time (0.019103)	Cuda time (0.000002)	Loss (5.814300)	Accuracy (0.982055)
EVALUATING
{'loss': 4.9470000338554385, 'accuracy': 0.9847314709424972, 'perfect_match_accuracy': 0.55, 'cost_ratio_suggested_true': 1.0319091880321503, 'below_10.0_percent_acc': 0.997, 'below_1.0_percent_acc': 0.92, 'below_0.1_percent_acc': 0.889, 'below_0.01_percent_acc': 0.889, 'below_0.001_percent_acc': 0.85, 'below_0.0001_percent_acc': 0.849, 'valid_acc': 1.0}
Epoch: 3	Batch time (1.092761)	Data time (0.018655)	Cuda time (0.000003)	Loss (4.885700)	Accuracy (0.984921)
EVALUATING
{'loss': 4.716999979019165, 'accuracy': 0.9854413414001465, 'perfect_match_accuracy': 0.558, 'cost_ratio_suggested_true': 1.0280448603630066, 'below_10.0_percent_acc': 0.999, 'below_1.0_percent_acc': 0.925, 'below_0.1_percent_acc': 0.893, 'below_0.01_percent_acc': 0.893, 'below_0.001_percent_acc': 0.851, 'below_0.0001_percent_acc': 0.85, 'valid_acc': 1.0}
Epoch: 4	Batch time (1.087435)	Data time (0.019113)	Cuda time (0.000002)	Loss (4.358200)	Accuracy (0.986549)
EVALUATING
{'loss': 4.183000004291534, 'accuracy': 0.9870894908905029, 'perfect_match_accuracy': 0.634, 'cost_ratio_suggested_true': 1.0219869410991669, 'below_10.0_percent_acc': 1.0, 'below_1.0_percent_acc': 0.949, 'below_0.1_percent_acc': 0.922, 'below_0.01_percent_acc': 0.922, 'below_0.001_percent_acc': 0.891, 'below_0.0001_percent_acc': 0.891, 'valid_acc': 1.0}
Epoch: 5	Batch time (1.091365)	Data time (0.019177)	Cuda time (0.000003)	Loss (3.982600)	Accuracy (0.987708)
EVALUATING
{'loss': 4.3190000319480895, 'accuracy': 0.9866697388887405, 'perfect_match_accuracy': 0.628, 'cost_ratio_suggested_true': 1.0317025554180146, 'below_10.0_percent_acc': 1.0, 'below_1.0_percent_acc': 0.936, 'below_0.1_percent_acc': 0.908, 'below_0.01_percent_acc': 0.908, 'below_0.001_percent_acc': 0.861, 'below_0.0001_percent_acc': 0.861, 'valid_acc': 1.0}
Epoch: 6	Batch time (1.086504)	Data time (0.018936)	Cuda time (0.000002)	Loss (3.594800)	Accuracy (0.988905)
EVALUATING
{'loss': 3.878000011444092, 'accuracy': 0.9880308467149734, 'perfect_match_accuracy': 0.625, 'cost_ratio_suggested_true': 1.0241745829582214, 'below_10.0_percent_acc': 1.0, 'below_1.0_percent_acc': 0.961, 'below_0.1_percent_acc': 0.938, 'below_0.01_percent_acc': 0.938, 'below_0.001_percent_acc': 0.905, 'below_0.0001_percent_acc': 0.905, 'valid_acc': 1.0}
Epoch: 7	Batch time (1.090988)	Data time (0.018928)	Cuda time (0.000002)	Loss (3.457500)	Accuracy (0.989329)
EVALUATING
{'loss': 3.712000026702881, 'accuracy': 0.9885431969165802, 'perfect_match_accuracy': 0.658, 'cost_ratio_suggested_true': 1.021002949476242, 'below_10.0_percent_acc': 1.0, 'below_1.0_percent_acc': 0.966, 'below_0.1_percent_acc': 0.946, 'below_0.01_percent_acc': 0.946, 'below_0.001_percent_acc': 0.9, 'below_0.0001_percent_acc': 0.9, 'valid_acc': 1.0}
Epoch: 8	Batch time (1.094690)	Data time (0.019225)	Cuda time (0.000002)	Loss (3.230900)	Accuracy (0.990028)
EVALUATING
{'loss': 3.6430000376701357, 'accuracy': 0.9887561631202698, 'perfect_match_accuracy': 0.67, 'cost_ratio_suggested_true': 1.025800691843033, 'below_10.0_percent_acc': 1.0, 'below_1.0_percent_acc': 0.965, 'below_0.1_percent_acc': 0.947, 'below_0.01_percent_acc': 0.947, 'below_0.001_percent_acc': 0.905, 'below_0.0001_percent_acc': 0.905, 'valid_acc': 1.0}
Epoch: 9	Batch time (1.090412)	Data time (0.018867)	Cuda time (0.000002)	Loss (3.094100)	Accuracy (0.990450)
EVALUATING
{'loss': 3.338999993801117, 'accuracy': 0.9896944379806518, 'perfect_match_accuracy': 0.69, 'cost_ratio_suggested_true': 1.0251269733905792, 'below_10.0_percent_acc': 1.0, 'below_1.0_percent_acc': 0.967, 'below_0.1_percent_acc': 0.945, 'below_0.01_percent_acc': 0.945, 'below_0.001_percent_acc': 0.903, 'below_0.0001_percent_acc': 0.903, 'valid_acc': 1.0}
Epoch: 10	Batch time (1.098206)	Data time (0.019182)	Cuda time (0.000002)	Loss (2.803700)	Accuracy (0.991347)
EVALUATING
{'loss': 3.2020000433921814, 'accuracy': 0.9901172721385956, 'perfect_match_accuracy': 0.694, 'cost_ratio_suggested_true': 1.0187697744369506, 'below_10.0_percent_acc': 1.0, 'below_1.0_percent_acc': 0.981, 'below_0.1_percent_acc': 0.967, 'below_0.01_percent_acc': 0.967, 'below_0.001_percent_acc': 0.921, 'below_0.0001_percent_acc': 0.921, 'valid_acc': 1.0}
Epoch: 11	Batch time (1.089623)	Data time (0.018887)	Cuda time (0.000003)	Loss (2.690700)	Accuracy (0.991695)
EVALUATING
{'loss': 3.4260000562667847, 'accuracy': 0.9894259107112885, 'perfect_match_accuracy': 0.652, 'cost_ratio_suggested_true': 1.0223608374595643, 'below_10.0_percent_acc': 1.0, 'below_1.0_percent_acc': 0.978, 'below_0.1_percent_acc': 0.961, 'below_0.01_percent_acc': 0.961, 'below_0.001_percent_acc': 0.911, 'below_0.0001_percent_acc': 0.911, 'valid_acc': 1.0}
Epoch: 12	Batch time (1.091766)	Data time (0.018854)	Cuda time (0.000002)	Loss (2.790100)	Accuracy (0.991389)
EVALUATING
{'loss': 3.4910000157356262, 'accuracy': 0.9892252951860427, 'perfect_match_accuracy': 0.648, 'cost_ratio_suggested_true': 1.0180355513095856, 'below_10.0_percent_acc': 1.0, 'below_1.0_percent_acc': 0.972, 'below_0.1_percent_acc': 0.958, 'below_0.01_percent_acc': 0.958, 'below_0.001_percent_acc': 0.92, 'below_0.0001_percent_acc': 0.92, 'valid_acc': 1.0}
Epoch: 13	Batch time (1.089691)	Data time (0.019299)	Cuda time (0.000002)	Loss (2.549000)	Accuracy (0.992133)
EVALUATING
{'loss': 3.3180000448226927, 'accuracy': 0.9897592490911484, 'perfect_match_accuracy': 0.704, 'cost_ratio_suggested_true': 1.023207311630249, 'below_10.0_percent_acc': 0.999, 'below_1.0_percent_acc': 0.973, 'below_0.1_percent_acc': 0.954, 'below_0.01_percent_acc': 0.954, 'below_0.001_percent_acc': 0.906, 'below_0.0001_percent_acc': 0.906, 'valid_acc': 1.0}
Epoch: 14	Batch time (1.088331)	Data time (0.018946)	Cuda time (0.000002)	Loss (2.705100)	Accuracy (0.991651)
EVALUATING
{'loss': 3.1969999861717224, 'accuracy': 0.9901327085494995, 'perfect_match_accuracy': 0.686, 'cost_ratio_suggested_true': 1.0207507526874542, 'below_10.0_percent_acc': 1.0, 'below_1.0_percent_acc': 0.976, 'below_0.1_percent_acc': 0.962, 'below_0.01_percent_acc': 0.962, 'below_0.001_percent_acc': 0.914, 'below_0.0001_percent_acc': 0.914, 'valid_acc': 1.0}
Epoch: 15	Batch time (1.090212)	Data time (0.019155)	Cuda time (0.000002)	Loss (2.382100)	Accuracy (0.992648)
EVALUATING
{'loss': 3.393000016212463, 'accuracy': 0.9895277631282806, 'perfect_match_accuracy': 0.694, 'cost_ratio_suggested_true': 1.02556880235672, 'below_10.0_percent_acc': 1.0, 'below_1.0_percent_acc': 0.982, 'below_0.1_percent_acc': 0.967, 'below_0.01_percent_acc': 0.967, 'below_0.001_percent_acc': 0.921, 'below_0.0001_percent_acc': 0.921, 'valid_acc': 1.0}
Epoch: 16	Batch time (1.094786)	Data time (0.018908)	Cuda time (0.000002)	Loss (2.357400)	Accuracy (0.992724)
EVALUATING
{'loss': 3.3360000252723694, 'accuracy': 0.9897036880254746, 'perfect_match_accuracy': 0.67, 'cost_ratio_suggested_true': 1.0168806970119477, 'below_10.0_percent_acc': 1.0, 'below_1.0_percent_acc': 0.977, 'below_0.1_percent_acc': 0.964, 'below_0.01_percent_acc': 0.964, 'below_0.001_percent_acc': 0.924, 'below_0.0001_percent_acc': 0.924, 'valid_acc': 1.0}
Epoch: 17	Batch time (1.086511)	Data time (0.019062)	Cuda time (0.000002)	Loss (2.405800)	Accuracy (0.992575)
EVALUATING
{'loss': 3.0400000286102293, 'accuracy': 0.9906172657012939, 'perfect_match_accuracy': 0.716, 'cost_ratio_suggested_true': 1.019375547170639, 'below_10.0_percent_acc': 1.0, 'below_1.0_percent_acc': 0.979, 'below_0.1_percent_acc': 0.964, 'below_0.01_percent_acc': 0.964, 'below_0.001_percent_acc': 0.91, 'below_0.0001_percent_acc': 0.91, 'valid_acc': 1.0}
Epoch: 18	Batch time (1.093947)	Data time (0.019507)	Cuda time (0.000002)	Loss (2.305500)	Accuracy (0.992884)
EVALUATING
{'loss': 3.1810000091791153, 'accuracy': 0.9901820862293244, 'perfect_match_accuracy': 0.694, 'cost_ratio_suggested_true': 1.0191148293018342, 'below_10.0_percent_acc': 1.0, 'below_1.0_percent_acc': 0.983, 'below_0.1_percent_acc': 0.969, 'below_0.01_percent_acc': 0.969, 'below_0.001_percent_acc': 0.921, 'below_0.0001_percent_acc': 0.921, 'valid_acc': 1.0}
Epoch: 19	Batch time (1.088780)	Data time (0.019097)	Cuda time (0.000002)	Loss (2.567700)	Accuracy (0.992075)
EVALUATING
{'loss': 3.112999997138977, 'accuracy': 0.990391960144043, 'perfect_match_accuracy': 0.696, 'cost_ratio_suggested_true': 1.0211522698402404, 'below_10.0_percent_acc': 1.0, 'below_1.0_percent_acc': 0.973, 'below_0.1_percent_acc': 0.954, 'below_0.01_percent_acc': 0.954, 'below_0.001_percent_acc': 0.899, 'below_0.0001_percent_acc': 0.899, 'valid_acc': 1.0}
Epoch: 20	Batch time (1.091493)	Data time (0.018985)	Cuda time (0.000002)	Loss (2.222800)	Accuracy (0.993139)
EVALUATING
{'loss': 3.2790000188350676, 'accuracy': 0.9898796188831329, 'perfect_match_accuracy': 0.674, 'cost_ratio_suggested_true': 1.0208226597309114, 'below_10.0_percent_acc': 0.999, 'below_1.0_percent_acc': 0.983, 'below_0.1_percent_acc': 0.969, 'below_0.01_percent_acc': 0.969, 'below_0.001_percent_acc': 0.932, 'below_0.0001_percent_acc': 0.932, 'valid_acc': 1.0}
Epoch: 21	Batch time (1.089626)	Data time (0.019073)	Cuda time (0.000002)	Loss (1.998100)	Accuracy (0.993833)
EVALUATING
{'loss': 3.150000011920929, 'accuracy': 0.9902777701616288, 'perfect_match_accuracy': 0.684, 'cost_ratio_suggested_true': 1.0166016149520873, 'below_10.0_percent_acc': 1.0, 'below_1.0_percent_acc': 0.988, 'below_0.1_percent_acc': 0.975, 'below_0.01_percent_acc': 0.975, 'below_0.001_percent_acc': 0.932, 'below_0.0001_percent_acc': 0.932, 'valid_acc': 1.0}
Epoch: 22	Batch time (1.093485)	Data time (0.018953)	Cuda time (0.000002)	Loss (2.071700)	Accuracy (0.993606)
EVALUATING
{'loss': 3.0969999492168427, 'accuracy': 0.9904413431882858, 'perfect_match_accuracy': 0.721, 'cost_ratio_suggested_true': 1.0202258181571962, 'below_10.0_percent_acc': 1.0, 'below_1.0_percent_acc': 0.973, 'below_0.1_percent_acc': 0.955, 'below_0.01_percent_acc': 0.955, 'below_0.001_percent_acc': 0.913, 'below_0.0001_percent_acc': 0.913, 'valid_acc': 1.0}
Epoch: 23	Batch time (1.091413)	Data time (0.018987)	Cuda time (0.000002)	Loss (2.229100)	Accuracy (0.993120)
EVALUATING
{'loss': 3.564999976158142, 'accuracy': 0.9889969050884246, 'perfect_match_accuracy': 0.651, 'cost_ratio_suggested_true': 1.0193540740013123, 'below_10.0_percent_acc': 1.0, 'below_1.0_percent_acc': 0.986, 'below_0.1_percent_acc': 0.968, 'below_0.01_percent_acc': 0.968, 'below_0.001_percent_acc': 0.932, 'below_0.0001_percent_acc': 0.932, 'valid_acc': 1.0}
Epoch: 24	Batch time (1.073879)	Data time (0.018860)	Cuda time (0.000002)	Loss (2.140400)	Accuracy (0.993394)
EVALUATING
{'loss': 2.9900000214576723, 'accuracy': 0.9907715886831283, 'perfect_match_accuracy': 0.707, 'cost_ratio_suggested_true': 1.0180920934677125, 'below_10.0_percent_acc': 1.0, 'below_1.0_percent_acc': 0.983, 'below_0.1_percent_acc': 0.965, 'below_0.01_percent_acc': 0.965, 'below_0.001_percent_acc': 0.917, 'below_0.0001_percent_acc': 0.916, 'valid_acc': 1.0}
Epoch: 25	Batch time (1.088157)	Data time (0.018997)	Cuda time (0.000002)	Loss (2.061100)	Accuracy (0.993639)
EVALUATING
{'loss': 2.9180000042915344, 'accuracy': 0.9909938073158264, 'perfect_match_accuracy': 0.72, 'cost_ratio_suggested_true': 1.0199931478500366, 'below_10.0_percent_acc': 1.0, 'below_1.0_percent_acc': 0.982, 'below_0.1_percent_acc': 0.968, 'below_0.01_percent_acc': 0.968, 'below_0.001_percent_acc': 0.925, 'below_0.0001_percent_acc': 0.925, 'valid_acc': 1.0}
Epoch: 26	Batch time (1.092812)	Data time (0.019273)	Cuda time (0.000002)	Loss (1.992500)	Accuracy (0.993850)
EVALUATING
{'loss': 3.21200000166893, 'accuracy': 0.9900864088535308, 'perfect_match_accuracy': 0.704, 'cost_ratio_suggested_true': 1.0149597918987274, 'below_10.0_percent_acc': 1.0, 'below_1.0_percent_acc': 0.98, 'below_0.1_percent_acc': 0.959, 'below_0.01_percent_acc': 0.959, 'below_0.001_percent_acc': 0.934, 'below_0.0001_percent_acc': 0.934, 'valid_acc': 1.0}
Epoch: 27	Batch time (1.088797)	Data time (0.018795)	Cuda time (0.000002)	Loss (1.976200)	Accuracy (0.993901)
EVALUATING
{'loss': 3.426000006198883, 'accuracy': 0.9894259095191955, 'perfect_match_accuracy': 0.678, 'cost_ratio_suggested_true': 1.0162705516815185, 'below_10.0_percent_acc': 1.0, 'below_1.0_percent_acc': 0.971, 'below_0.1_percent_acc': 0.954, 'below_0.01_percent_acc': 0.954, 'below_0.001_percent_acc': 0.912, 'below_0.0001_percent_acc': 0.912, 'valid_acc': 1.0}
Epoch: 28	Batch time (1.053387)	Data time (0.018769)	Cuda time (0.000002)	Loss (1.922000)	Accuracy (0.994068)
EVALUATING
{'loss': 2.9539999890327455, 'accuracy': 0.99088270008564, 'perfect_match_accuracy': 0.731, 'cost_ratio_suggested_true': 1.0187372767925262, 'below_10.0_percent_acc': 1.0, 'below_1.0_percent_acc': 0.971, 'below_0.1_percent_acc': 0.955, 'below_0.01_percent_acc': 0.955, 'below_0.001_percent_acc': 0.908, 'below_0.0001_percent_acc': 0.908, 'valid_acc': 1.0}
Epoch: 29	Batch time (1.089521)	Data time (0.019012)	Cuda time (0.000002)	Loss (2.076900)	Accuracy (0.993590)
EVALUATING
{'loss': 3.3880000376701354, 'accuracy': 0.9895431977510453, 'perfect_match_accuracy': 0.705, 'cost_ratio_suggested_true': 1.0175652778148652, 'below_10.0_percent_acc': 1.0, 'below_1.0_percent_acc': 0.972, 'below_0.1_percent_acc': 0.948, 'below_0.01_percent_acc': 0.948, 'below_0.001_percent_acc': 0.9, 'below_0.0001_percent_acc': 0.9, 'valid_acc': 1.0}
Epoch: 30	Batch time (1.085097)	Data time (0.018946)	Cuda time (0.000002)	Loss (1.855900)	Accuracy (0.994272)
EVALUATING
{'loss': 2.917000013589859, 'accuracy': 0.9909969037771225, 'perfect_match_accuracy': 0.716, 'cost_ratio_suggested_true': 1.014491592645645, 'below_10.0_percent_acc': 1.0, 'below_1.0_percent_acc': 0.988, 'below_0.1_percent_acc': 0.973, 'below_0.01_percent_acc': 0.973, 'below_0.001_percent_acc': 0.932, 'below_0.0001_percent_acc': 0.932, 'valid_acc': 1.0}
Epoch: 31	Batch time (1.088054)	Data time (0.019075)	Cuda time (0.000003)	Loss (1.144100)	Accuracy (0.996469)
EVALUATING
{'loss': 2.690000022649765, 'accuracy': 0.9916975140571594, 'perfect_match_accuracy': 0.734, 'cost_ratio_suggested_true': 1.0138700330257415, 'below_10.0_percent_acc': 1.0, 'below_1.0_percent_acc': 0.993, 'below_0.1_percent_acc': 0.981, 'below_0.01_percent_acc': 0.981, 'below_0.001_percent_acc': 0.939, 'below_0.0001_percent_acc': 0.939, 'valid_acc': 1.0}
Epoch: 32	Batch time (1.090224)	Data time (0.019000)	Cuda time (0.000002)	Loss (0.919700)	Accuracy (0.997161)
EVALUATING
{'loss': 2.5640000283718107, 'accuracy': 0.9920864093303681, 'perfect_match_accuracy': 0.749, 'cost_ratio_suggested_true': 1.0143011677265168, 'below_10.0_percent_acc': 1.0, 'below_1.0_percent_acc': 0.991, 'below_0.1_percent_acc': 0.98, 'below_0.01_percent_acc': 0.98, 'below_0.001_percent_acc': 0.937, 'below_0.0001_percent_acc': 0.937, 'valid_acc': 1.0}
Epoch: 33	Batch time (1.087769)	Data time (0.018944)	Cuda time (0.000002)	Loss (0.839700)	Accuracy (0.997408)
EVALUATING
{'loss': 2.56800003528595, 'accuracy': 0.9920740628242493, 'perfect_match_accuracy': 0.74, 'cost_ratio_suggested_true': 1.013629319667816, 'below_10.0_percent_acc': 1.0, 'below_1.0_percent_acc': 0.992, 'below_0.1_percent_acc': 0.982, 'below_0.01_percent_acc': 0.982, 'below_0.001_percent_acc': 0.945, 'below_0.0001_percent_acc': 0.945, 'valid_acc': 1.0}
Epoch: 34	Batch time (1.086784)	Data time (0.019283)	Cuda time (0.000002)	Loss (0.788100)	Accuracy (0.997568)
EVALUATING
{'loss': 2.6600000047683716, 'accuracy': 0.9917901200056076, 'perfect_match_accuracy': 0.739, 'cost_ratio_suggested_true': 1.0135703229904174, 'below_10.0_percent_acc': 1.0, 'below_1.0_percent_acc': 0.992, 'below_0.1_percent_acc': 0.981, 'below_0.01_percent_acc': 0.981, 'below_0.001_percent_acc': 0.941, 'below_0.0001_percent_acc': 0.941, 'valid_acc': 1.0}
Epoch: 35	Batch time (1.090502)	Data time (0.019073)	Cuda time (0.000002)	Loss (0.690300)	Accuracy (0.997869)
EVALUATING
{'loss': 2.5910000085830687, 'accuracy': 0.9920030730962753, 'perfect_match_accuracy': 0.745, 'cost_ratio_suggested_true': 1.0146407973766327, 'below_10.0_percent_acc': 1.0, 'below_1.0_percent_acc': 0.991, 'below_0.1_percent_acc': 0.979, 'below_0.01_percent_acc': 0.979, 'below_0.001_percent_acc': 0.941, 'below_0.0001_percent_acc': 0.941, 'valid_acc': 1.0}
Epoch: 36	Batch time (1.092515)	Data time (0.018971)	Cuda time (0.000002)	Loss (0.714500)	Accuracy (0.997795)
EVALUATING
{'loss': 2.6289999890327453, 'accuracy': 0.9918857914209366, 'perfect_match_accuracy': 0.746, 'cost_ratio_suggested_true': 1.0127895033359529, 'below_10.0_percent_acc': 1.0, 'below_1.0_percent_acc': 0.991, 'below_0.1_percent_acc': 0.981, 'below_0.01_percent_acc': 0.981, 'below_0.001_percent_acc': 0.941, 'below_0.0001_percent_acc': 0.941, 'valid_acc': 1.0}
Epoch: 37	Batch time (1.075364)	Data time (0.019148)	Cuda time (0.000002)	Loss (0.704400)	Accuracy (0.997826)
EVALUATING
{'loss': 2.55699999332428, 'accuracy': 0.9921080106496811, 'perfect_match_accuracy': 0.747, 'cost_ratio_suggested_true': 1.012908662557602, 'below_10.0_percent_acc': 1.0, 'below_1.0_percent_acc': 0.99, 'below_0.1_percent_acc': 0.982, 'below_0.01_percent_acc': 0.982, 'below_0.001_percent_acc': 0.944, 'below_0.0001_percent_acc': 0.944, 'valid_acc': 1.0}
Epoch: 38	Batch time (1.042129)	Data time (0.019144)	Cuda time (0.000002)	Loss (0.675400)	Accuracy (0.997915)
EVALUATING
{'loss': 2.5320000088214876, 'accuracy': 0.9921851700544357, 'perfect_match_accuracy': 0.749, 'cost_ratio_suggested_true': 1.0123231422901153, 'below_10.0_percent_acc': 1.0, 'below_1.0_percent_acc': 0.992, 'below_0.1_percent_acc': 0.983, 'below_0.01_percent_acc': 0.983, 'below_0.001_percent_acc': 0.942, 'below_0.0001_percent_acc': 0.942, 'valid_acc': 1.0}
Epoch: 39	Batch time (1.043885)	Data time (0.018512)	Cuda time (0.000002)	Loss (0.625700)	Accuracy (0.998069)
EVALUATING
{'loss': 2.6230000138282774, 'accuracy': 0.9919043099880218, 'perfect_match_accuracy': 0.734, 'cost_ratio_suggested_true': 1.0129817354679107, 'below_10.0_percent_acc': 1.0, 'below_1.0_percent_acc': 0.991, 'below_0.1_percent_acc': 0.982, 'below_0.01_percent_acc': 0.982, 'below_0.001_percent_acc': 0.943, 'below_0.0001_percent_acc': 0.943, 'valid_acc': 1.0}
Epoch: 40	Batch time (1.050932)	Data time (0.018598)	Cuda time (0.000002)	Loss (0.638500)	Accuracy (0.998029)
EVALUATING
{'loss': 2.610000004768372, 'accuracy': 0.9919444298744202, 'perfect_match_accuracy': 0.74, 'cost_ratio_suggested_true': 1.0139291739463807, 'below_10.0_percent_acc': 1.0, 'below_1.0_percent_acc': 0.992, 'below_0.1_percent_acc': 0.981, 'below_0.01_percent_acc': 0.981, 'below_0.001_percent_acc': 0.94, 'below_0.0001_percent_acc': 0.94, 'valid_acc': 1.0}
Epoch: 41	Batch time (1.053325)	Data time (0.018670)	Cuda time (0.000002)	Loss (0.556300)	Accuracy (0.998283)
EVALUATING
{'loss': 2.613999996185303, 'accuracy': 0.9919320833683014, 'perfect_match_accuracy': 0.742, 'cost_ratio_suggested_true': 1.0144322860240935, 'below_10.0_percent_acc': 1.0, 'below_1.0_percent_acc': 0.992, 'below_0.1_percent_acc': 0.981, 'below_0.01_percent_acc': 0.981, 'below_0.001_percent_acc': 0.937, 'below_0.0001_percent_acc': 0.937, 'valid_acc': 1.0}
Epoch: 42	Batch time (1.095330)	Data time (0.019536)	Cuda time (0.000002)	Loss (0.552900)	Accuracy (0.998294)
EVALUATING
{'loss': 2.587999997138977, 'accuracy': 0.9920123368501663, 'perfect_match_accuracy': 0.743, 'cost_ratio_suggested_true': 1.0148666250705718, 'below_10.0_percent_acc': 1.0, 'below_1.0_percent_acc': 0.99, 'below_0.1_percent_acc': 0.98, 'below_0.01_percent_acc': 0.98, 'below_0.001_percent_acc': 0.939, 'below_0.0001_percent_acc': 0.939, 'valid_acc': 1.0}
Epoch: 43	Batch time (1.090756)	Data time (0.018981)	Cuda time (0.000002)	Loss (0.550300)	Accuracy (0.998302)
EVALUATING
{'loss': 2.633000009059906, 'accuracy': 0.9918734443187713, 'perfect_match_accuracy': 0.74, 'cost_ratio_suggested_true': 1.0147486650943756, 'below_10.0_percent_acc': 1.0, 'below_1.0_percent_acc': 0.991, 'below_0.1_percent_acc': 0.98, 'below_0.01_percent_acc': 0.98, 'below_0.001_percent_acc': 0.937, 'below_0.0001_percent_acc': 0.937, 'valid_acc': 1.0}
Epoch: 44	Batch time (1.092475)	Data time (0.019168)	Cuda time (0.000002)	Loss (0.540900)	Accuracy (0.998331)
EVALUATING
{'loss': 2.6310000133514406, 'accuracy': 0.99187961935997, 'perfect_match_accuracy': 0.74, 'cost_ratio_suggested_true': 1.01485600233078, 'below_10.0_percent_acc': 1.0, 'below_1.0_percent_acc': 0.991, 'below_0.1_percent_acc': 0.981, 'below_0.01_percent_acc': 0.981, 'below_0.001_percent_acc': 0.941, 'below_0.0001_percent_acc': 0.941, 'valid_acc': 1.0}
Epoch: 45	Batch time (1.088114)	Data time (0.019094)	Cuda time (0.000002)	Loss (0.501300)	Accuracy (0.998453)
EVALUATING
{'loss': 2.6050000023841857, 'accuracy': 0.9919598686695099, 'perfect_match_accuracy': 0.738, 'cost_ratio_suggested_true': 1.0142044019699097, 'below_10.0_percent_acc': 1.0, 'below_1.0_percent_acc': 0.991, 'below_0.1_percent_acc': 0.983, 'below_0.01_percent_acc': 0.983, 'below_0.001_percent_acc': 0.94, 'below_0.0001_percent_acc': 0.94, 'valid_acc': 1.0}
Epoch: 46	Batch time (1.091902)	Data time (0.019066)	Cuda time (0.000003)	Loss (0.515400)	Accuracy (0.998409)
EVALUATING
{'loss': 2.6420000052452086, 'accuracy': 0.9918456637859344, 'perfect_match_accuracy': 0.739, 'cost_ratio_suggested_true': 1.0145217216014861, 'below_10.0_percent_acc': 1.0, 'below_1.0_percent_acc': 0.991, 'below_0.1_percent_acc': 0.979, 'below_0.01_percent_acc': 0.979, 'below_0.001_percent_acc': 0.936, 'below_0.0001_percent_acc': 0.936, 'valid_acc': 1.0}
Epoch: 47	Batch time (1.070548)	Data time (0.018961)	Cuda time (0.000003)	Loss (0.495100)	Accuracy (0.998472)
EVALUATING
{'loss': 2.594000005722046, 'accuracy': 0.9919938176870347, 'perfect_match_accuracy': 0.743, 'cost_ratio_suggested_true': 1.0141415786743164, 'below_10.0_percent_acc': 1.0, 'below_1.0_percent_acc': 0.991, 'below_0.1_percent_acc': 0.981, 'below_0.01_percent_acc': 0.981, 'below_0.001_percent_acc': 0.938, 'below_0.0001_percent_acc': 0.938, 'valid_acc': 1.0}
Epoch: 48	Batch time (1.040702)	Data time (0.018229)	Cuda time (0.000002)	Loss (0.535500)	Accuracy (0.998347)
EVALUATING
{'loss': 2.610000046491623, 'accuracy': 0.9919444257020951, 'perfect_match_accuracy': 0.739, 'cost_ratio_suggested_true': 1.0144692397117614, 'below_10.0_percent_acc': 1.0, 'below_1.0_percent_acc': 0.991, 'below_0.1_percent_acc': 0.981, 'below_0.01_percent_acc': 0.981, 'below_0.001_percent_acc': 0.936, 'below_0.0001_percent_acc': 0.936, 'valid_acc': 1.0}
Epoch: 49	Batch time (1.046611)	Data time (0.018314)	Cuda time (0.000002)	Loss (0.500900)	Accuracy (0.998454)
EVALUATING
{'loss': 2.593999992609024, 'accuracy': 0.9919938200712204, 'perfect_match_accuracy': 0.738, 'cost_ratio_suggested_true': 1.0146878492832183, 'below_10.0_percent_acc': 1.0, 'below_1.0_percent_acc': 0.991, 'below_0.1_percent_acc': 0.982, 'below_0.01_percent_acc': 0.982, 'below_0.001_percent_acc': 0.937, 'below_0.0001_percent_acc': 0.937, 'valid_acc': 1.0}
Epoch: 50	Batch time (1.038918)	Data time (0.018323)	Cuda time (0.000002)	Loss (0.530700)	Accuracy (0.998362)
EVALUATING
{'loss': 2.685999995470047, 'accuracy': 0.9917098587751388, 'perfect_match_accuracy': 0.733, 'cost_ratio_suggested_true': 1.0150241553783417, 'below_10.0_percent_acc': 1.0, 'below_1.0_percent_acc': 0.991, 'below_0.1_percent_acc': 0.982, 'below_0.01_percent_acc': 0.982, 'below_0.001_percent_acc': 0.936, 'below_0.0001_percent_acc': 0.936, 'valid_acc': 1.0}
