No existing entry for trainer_params.mode.type
{}[type] = <class 'int'>(5)
No existing entry for trainer_params.mode.objective_type
{'type': 5}[objective_type] = <class 'str'>(dpo)
No existing entry for trainer_params.mode.use_marginal
{'type': 5, 'objective_type': 'dpo'}[use_marginal] = <class 'bool'>(True)
No existing entry for trainer_params.mode.nb_samples
{'type': 5, 'objective_type': 'dpo', 'use_marginal': True}[nb_samples] = <class 'int'>(1)
No existing entry for trainer_params.mode.temperature
{'type': 5, 'objective_type': 'dpo', 'use_marginal': True, 'nb_samples': 1}[temperature] = <class 'float'>(5.0)
No existing entry for trainer_params.mode.use_gamma
{'type': 5, 'objective_type': 'dpo', 'use_marginal': True, 'nb_samples': 1, 'temperature': 5.0}[use_gamma] = <class 'bool'>(False)
No existing entry for trainer_params.mode.loss_type
{'type': 5, 'objective_type': 'dpo', 'use_marginal': True, 'nb_samples': 1, 'temperature': 5.0, 'use_gamma': False}[loss_type] = <class 'str'>(fy)
No existing entry for trainer_params.mode.perturb_w
{'type': 5, 'objective_type': 'dpo', 'use_marginal': True, 'nb_samples': 1, 'temperature': 5.0, 'use_gamma': False, 'loss_type': 'fy'}[perturb_w] = <class 'bool'>(False)
No existing entry for trainer_params.mode.perturb_w_prime
{'type': 5, 'objective_type': 'dpo', 'use_marginal': True, 'nb_samples': 1, 'temperature': 5.0, 'use_gamma': False, 'loss_type': 'fy', 'perturb_w': False}[perturb_w_prime] = <class 'bool'>(False)
{'batch_size': 70, 'l1_regconst': 0.0, 'lambda_val': 20.0, 'lr_milestone_1': 30, 'lr_milestone_2': 40, 'model_params': {'arch_params': {}, 'model_name': 'CombResnet18'}, 'neighbourhood_fn': '8-grid', 'optimizer_name': 'Adam', 'optimizer_params': {'lr': 0.0005}, 'preload_batch': True, 'use_cuda': True, 'use_lr_scheduling': True, 'mode': {'type': 5, 'objective_type': 'dpo', 'use_marginal': True, 'nb_samples': 1, 'temperature': 5.0, 'use_gamma': False, 'loss_type': 'fy', 'perturb_w': False, 'perturb_w_prime': False}}[lambda_val] = <class 'float'>(0.0)
No existing entry for trainer_params.mode.dpo.maximize
{}[maximize] = <class 'bool'>(False)
{'data_dir': 'data/warcraft_shortest_path/12x12', 'evaluate_with_extra': False, 'normalize': True, 'use_local_path': False, 'use_test_set': True}[data_dir] = <class 'str'>(data/warcraft_shortest_path/12x12)
{'evaluate_every': 5, 'loader_params': {'data_dir': 'data/warcraft_shortest_path/12x12', 'evaluate_with_extra': False, 'normalize': True, 'use_local_path': False, 'use_test_set': True}, 'model_dir': 'results/warcraft_shortest_path_combresnet', 'num_cpus': 24, 'num_epochs': 50, 'problem_type': 'warcraft_shortest_path', 'ray_params': {}, 'save_visualizations': False, 'seed': 1, 'trainer_name': 'DijkstraMAP', 'trainer_params': {'batch_size': 70, 'l1_regconst': 0.0, 'lambda_val': 0.0, 'lr_milestone_1': 30, 'lr_milestone_2': 40, 'model_params': {'arch_params': {}, 'model_name': 'CombResnet18'}, 'neighbourhood_fn': '8-grid', 'optimizer_name': 'Adam', 'optimizer_params': {'lr': 0.0005}, 'preload_batch': True, 'use_cuda': True, 'use_lr_scheduling': True, 'mode': {'type': 5, 'objective_type': 'dpo', 'use_marginal': True, 'nb_samples': 1, 'temperature': 5.0, 'use_gamma': False, 'loss_type': 'fy', 'perturb_w': False, 'perturb_w_prime': False, 'dpo': {'maximize': False}}}, 'use_ray': True}[seed] = <class 'int'>(4)
{'evaluate_every': 5, 'loader_params': {'data_dir': 'data/warcraft_shortest_path/12x12', 'evaluate_with_extra': False, 'normalize': True, 'use_local_path': False, 'use_test_set': True}, 'model_dir': 'results/warcraft_shortest_path_combresnet', 'num_cpus': 24, 'num_epochs': 50, 'problem_type': 'warcraft_shortest_path', 'ray_params': {}, 'save_visualizations': False, 'seed': 4, 'trainer_name': 'DijkstraMAP', 'trainer_params': {'batch_size': 70, 'l1_regconst': 0.0, 'lambda_val': 0.0, 'lr_milestone_1': 30, 'lr_milestone_2': 40, 'model_params': {'arch_params': {}, 'model_name': 'CombResnet18'}, 'neighbourhood_fn': '8-grid', 'optimizer_name': 'Adam', 'optimizer_params': {'lr': 0.0005}, 'preload_batch': True, 'use_cuda': True, 'use_lr_scheduling': True, 'mode': {'type': 5, 'objective_type': 'dpo', 'use_marginal': True, 'nb_samples': 1, 'temperature': 5.0, 'use_gamma': False, 'loss_type': 'fy', 'perturb_w': False, 'perturb_w_prime': False, 'dpo': {'maximize': False}}}, 'use_ray': True}[evaluate_every] = <class 'int'>(1)
{'evaluate_every': 1, 'loader_params': {'data_dir': 'data/warcraft_shortest_path/12x12', 'evaluate_with_extra': False, 'normalize': True, 'use_local_path': False, 'use_test_set': True}, 'model_dir': 'results/warcraft_shortest_path_combresnet', 'num_cpus': 24, 'num_epochs': 50, 'problem_type': 'warcraft_shortest_path', 'ray_params': {}, 'save_visualizations': False, 'seed': 4, 'trainer_name': 'DijkstraMAP', 'trainer_params': {'batch_size': 70, 'l1_regconst': 0.0, 'lambda_val': 0.0, 'lr_milestone_1': 30, 'lr_milestone_2': 40, 'model_params': {'arch_params': {}, 'model_name': 'CombResnet18'}, 'neighbourhood_fn': '8-grid', 'optimizer_name': 'Adam', 'optimizer_params': {'lr': 0.0005}, 'preload_batch': True, 'use_cuda': True, 'use_lr_scheduling': True, 'mode': {'type': 5, 'objective_type': 'dpo', 'use_marginal': True, 'nb_samples': 1, 'temperature': 5.0, 'use_gamma': False, 'loss_type': 'fy', 'perturb_w': False, 'perturb_w_prime': False, 'dpo': {'maximize': False}}}, 'use_ray': True}[use_ray] = <class 'bool'>(False)
No existing entry for trainer_params.mode.type
{}[type] = <class 'int'>(5)
No existing entry for trainer_params.mode.objective_type
{'type': 5}[objective_type] = <class 'str'>(dpo)
No existing entry for trainer_params.mode.use_marginal
{'type': 5, 'objective_type': 'dpo'}[use_marginal] = <class 'bool'>(True)
No existing entry for trainer_params.mode.nb_samples
{'type': 5, 'objective_type': 'dpo', 'use_marginal': True}[nb_samples] = <class 'int'>(1)
No existing entry for trainer_params.mode.temperature
{'type': 5, 'objective_type': 'dpo', 'use_marginal': True, 'nb_samples': 1}[temperature] = <class 'float'>(5.0)
No existing entry for trainer_params.mode.use_gamma
{'type': 5, 'objective_type': 'dpo', 'use_marginal': True, 'nb_samples': 1, 'temperature': 5.0}[use_gamma] = <class 'bool'>(False)
No existing entry for trainer_params.mode.loss_type
{'type': 5, 'objective_type': 'dpo', 'use_marginal': True, 'nb_samples': 1, 'temperature': 5.0, 'use_gamma': False}[loss_type] = <class 'str'>(fy)
No existing entry for trainer_params.mode.perturb_w
{'type': 5, 'objective_type': 'dpo', 'use_marginal': True, 'nb_samples': 1, 'temperature': 5.0, 'use_gamma': False, 'loss_type': 'fy'}[perturb_w] = <class 'bool'>(False)
No existing entry for trainer_params.mode.perturb_w_prime
{'type': 5, 'objective_type': 'dpo', 'use_marginal': True, 'nb_samples': 1, 'temperature': 5.0, 'use_gamma': False, 'loss_type': 'fy', 'perturb_w': False}[perturb_w_prime] = <class 'bool'>(False)
{'batch_size': 70, 'l1_regconst': 0.0, 'lambda_val': 20.0, 'lr_milestone_1': 30, 'lr_milestone_2': 40, 'model_params': {'arch_params': {}, 'model_name': 'CombResnet18'}, 'neighbourhood_fn': '8-grid', 'optimizer_name': 'Adam', 'optimizer_params': {'lr': 0.0005}, 'preload_batch': True, 'use_cuda': True, 'use_lr_scheduling': True, 'mode': {'type': 5, 'objective_type': 'dpo', 'use_marginal': True, 'nb_samples': 1, 'temperature': 5.0, 'use_gamma': False, 'loss_type': 'fy', 'perturb_w': False, 'perturb_w_prime': False}}[lambda_val] = <class 'float'>(0.0)
No existing entry for trainer_params.mode.dpo.maximize
{}[maximize] = <class 'bool'>(False)
{'data_dir': 'data/warcraft_shortest_path/12x12', 'evaluate_with_extra': False, 'normalize': True, 'use_local_path': False, 'use_test_set': True}[data_dir] = <class 'str'>(data/warcraft_shortest_path/12x12)
{'evaluate_every': 5, 'loader_params': {'data_dir': 'data/warcraft_shortest_path/12x12', 'evaluate_with_extra': False, 'normalize': True, 'use_local_path': False, 'use_test_set': True}, 'model_dir': 'results/warcraft_shortest_path_combresnet', 'num_cpus': 24, 'num_epochs': 50, 'problem_type': 'warcraft_shortest_path', 'ray_params': {}, 'save_visualizations': False, 'seed': 1, 'trainer_name': 'DijkstraMAP', 'trainer_params': {'batch_size': 70, 'l1_regconst': 0.0, 'lambda_val': 0.0, 'lr_milestone_1': 30, 'lr_milestone_2': 40, 'model_params': {'arch_params': {}, 'model_name': 'CombResnet18'}, 'neighbourhood_fn': '8-grid', 'optimizer_name': 'Adam', 'optimizer_params': {'lr': 0.0005}, 'preload_batch': True, 'use_cuda': True, 'use_lr_scheduling': True, 'mode': {'type': 5, 'objective_type': 'dpo', 'use_marginal': True, 'nb_samples': 1, 'temperature': 5.0, 'use_gamma': False, 'loss_type': 'fy', 'perturb_w': False, 'perturb_w_prime': False, 'dpo': {'maximize': False}}}, 'use_ray': True}[seed] = <class 'int'>(4)
{'evaluate_every': 5, 'loader_params': {'data_dir': 'data/warcraft_shortest_path/12x12', 'evaluate_with_extra': False, 'normalize': True, 'use_local_path': False, 'use_test_set': True}, 'model_dir': 'results/warcraft_shortest_path_combresnet', 'num_cpus': 24, 'num_epochs': 50, 'problem_type': 'warcraft_shortest_path', 'ray_params': {}, 'save_visualizations': False, 'seed': 4, 'trainer_name': 'DijkstraMAP', 'trainer_params': {'batch_size': 70, 'l1_regconst': 0.0, 'lambda_val': 0.0, 'lr_milestone_1': 30, 'lr_milestone_2': 40, 'model_params': {'arch_params': {}, 'model_name': 'CombResnet18'}, 'neighbourhood_fn': '8-grid', 'optimizer_name': 'Adam', 'optimizer_params': {'lr': 0.0005}, 'preload_batch': True, 'use_cuda': True, 'use_lr_scheduling': True, 'mode': {'type': 5, 'objective_type': 'dpo', 'use_marginal': True, 'nb_samples': 1, 'temperature': 5.0, 'use_gamma': False, 'loss_type': 'fy', 'perturb_w': False, 'perturb_w_prime': False, 'dpo': {'maximize': False}}}, 'use_ray': True}[evaluate_every] = <class 'int'>(1)
{'evaluate_every': 1, 'loader_params': {'data_dir': 'data/warcraft_shortest_path/12x12', 'evaluate_with_extra': False, 'normalize': True, 'use_local_path': False, 'use_test_set': True}, 'model_dir': 'results/warcraft_shortest_path_combresnet', 'num_cpus': 24, 'num_epochs': 50, 'problem_type': 'warcraft_shortest_path', 'ray_params': {}, 'save_visualizations': False, 'seed': 4, 'trainer_name': 'DijkstraMAP', 'trainer_params': {'batch_size': 70, 'l1_regconst': 0.0, 'lambda_val': 0.0, 'lr_milestone_1': 30, 'lr_milestone_2': 40, 'model_params': {'arch_params': {}, 'model_name': 'CombResnet18'}, 'neighbourhood_fn': '8-grid', 'optimizer_name': 'Adam', 'optimizer_params': {'lr': 0.0005}, 'preload_batch': True, 'use_cuda': True, 'use_lr_scheduling': True, 'mode': {'type': 5, 'objective_type': 'dpo', 'use_marginal': True, 'nb_samples': 1, 'temperature': 5.0, 'use_gamma': False, 'loss_type': 'fy', 'perturb_w': False, 'perturb_w_prime': False, 'dpo': {'maximize': False}}}, 'use_ray': True}[use_ray] = <class 'bool'>(False)
{
    "evaluate_every": 1,
    "loader_params": {
        "data_dir": "data/warcraft_shortest_path/12x12",
        "evaluate_with_extra": false,
        "normalize": true,
        "use_local_path": false,
        "use_test_set": true
    },
    "model_dir": "results/warcraft_shortest_path_combresnet",
    "num_cpus": 24,
    "num_epochs": 50,
    "problem_type": "warcraft_shortest_path",
    "ray_params": {},
    "save_visualizations": false,
    "seed": 4,
    "trainer_name": "DijkstraMAP",
    "trainer_params": {
        "batch_size": 70,
        "l1_regconst": 0.0,
        "lambda_val": 0.0,
        "lr_milestone_1": 30,
        "lr_milestone_2": 40,
        "mode": {
            "dpo": {
                "maximize": false
            },
            "loss_type": "fy",
            "nb_samples": 1,
            "objective_type": "dpo",
            "perturb_w": false,
            "perturb_w_prime": false,
            "temperature": 5.0,
            "type": 5,
            "use_gamma": false,
            "use_marginal": true
        },
        "model_params": {
            "arch_params": {},
            "model_name": "CombResnet18"
        },
        "neighbourhood_fn": "8-grid",
        "optimizer_name": "Adam",
        "optimizer_params": {
            "lr": 0.0005
        },
        "preload_batch": true,
        "use_cuda": true,
        "use_lr_scheduling": true
    },
    "use_ray": false
}
MAP-BACKPROP MODE: {
    "dpo": {
        "maximize": false
    },
    "loss_type": "fy",
    "nb_samples": 1,
    "objective_type": "dpo",
    "perturb_w": false,
    "perturb_w_prime": false,
    "temperature": 5.0,
    "type": 5,
    "use_gamma": false,
    "use_marginal": true
}
True
META: {'input_image_size': 96, 'output_features': 144, 'num_channels': 3, 'denormalize': <maprop.decorators.input_to_numpy object at 0x2b11440d9e48>}
EVALUATING
{'loss': 51.67800048828125, 'accuracy': 0.8783333414793014, 'perfect_match_accuracy': 0.031, 'cost_ratio_suggested_true': 2.547342324256897, 'below_10.0_percent_acc': 0.108, 'below_1.0_percent_acc': 0.049, 'below_0.1_percent_acc': 0.047, 'below_0.01_percent_acc': 0.047, 'below_0.001_percent_acc': 0.031, 'below_0.0001_percent_acc': 0.031, 'valid_acc': 1.0}
Epoch: 1	Batch time (0.613379)	Data time (0.007996)	Cuda time (0.000001)	Loss (36.103100)	Accuracy (0.816420)
EVALUATING
{'loss': 32.245000228881835, 'accuracy': 0.9232986265420914, 'perfect_match_accuracy': 0.15, 'cost_ratio_suggested_true': 1.3896664786338806, 'below_10.0_percent_acc': 0.73, 'below_1.0_percent_acc': 0.395, 'below_0.1_percent_acc': 0.378, 'below_0.01_percent_acc': 0.378, 'below_0.001_percent_acc': 0.369, 'below_0.0001_percent_acc': 0.369, 'valid_acc': 1.0}
Epoch: 2	Batch time (0.551013)	Data time (0.007812)	Cuda time (0.000001)	Loss (29.444800)	Accuracy (0.838567)
EVALUATING
{'loss': 27.769999980926514, 'accuracy': 0.9275486236810684, 'perfect_match_accuracy': 0.172, 'cost_ratio_suggested_true': 1.3285505878925323, 'below_10.0_percent_acc': 0.768, 'below_1.0_percent_acc': 0.405, 'below_0.1_percent_acc': 0.384, 'below_0.01_percent_acc': 0.384, 'below_0.001_percent_acc': 0.371, 'below_0.0001_percent_acc': 0.371, 'valid_acc': 1.0}
Epoch: 3	Batch time (0.518271)	Data time (0.007372)	Cuda time (0.000001)	Loss (26.841100)	Accuracy (0.848563)
EVALUATING
{'loss': 26.215000095367433, 'accuracy': 0.9331250154972076, 'perfect_match_accuracy': 0.225, 'cost_ratio_suggested_true': 1.2827647817134857, 'below_10.0_percent_acc': 0.804, 'below_1.0_percent_acc': 0.431, 'below_0.1_percent_acc': 0.411, 'below_0.01_percent_acc': 0.411, 'below_0.001_percent_acc': 0.399, 'below_0.0001_percent_acc': 0.399, 'valid_acc': 1.0}
Epoch: 4	Batch time (0.508087)	Data time (0.007270)	Cuda time (0.000001)	Loss (24.907100)	Accuracy (0.855608)
EVALUATING
{'loss': 25.040000133514404, 'accuracy': 0.9373194533586502, 'perfect_match_accuracy': 0.243, 'cost_ratio_suggested_true': 1.2358634173870087, 'below_10.0_percent_acc': 0.826, 'below_1.0_percent_acc': 0.458, 'below_0.1_percent_acc': 0.435, 'below_0.01_percent_acc': 0.435, 'below_0.001_percent_acc': 0.421, 'below_0.0001_percent_acc': 0.421, 'valid_acc': 1.0}
Epoch: 5	Batch time (0.500339)	Data time (0.007549)	Cuda time (0.000001)	Loss (23.355600)	Accuracy (0.862697)
EVALUATING
{'loss': 23.155000343322754, 'accuracy': 0.9404375171661377, 'perfect_match_accuracy': 0.241, 'cost_ratio_suggested_true': 1.2024458134174347, 'below_10.0_percent_acc': 0.86, 'below_1.0_percent_acc': 0.443, 'below_0.1_percent_acc': 0.423, 'below_0.01_percent_acc': 0.423, 'below_0.001_percent_acc': 0.415, 'below_0.0001_percent_acc': 0.415, 'valid_acc': 1.0}
Epoch: 6	Batch time (0.471944)	Data time (0.007051)	Cuda time (0.000001)	Loss (21.998900)	Accuracy (0.868081)
EVALUATING
{'loss': 21.305999946594238, 'accuracy': 0.9374444591999054, 'perfect_match_accuracy': 0.248, 'cost_ratio_suggested_true': 1.226420351266861, 'below_10.0_percent_acc': 0.832, 'below_1.0_percent_acc': 0.427, 'below_0.1_percent_acc': 0.405, 'below_0.01_percent_acc': 0.405, 'below_0.001_percent_acc': 0.399, 'below_0.0001_percent_acc': 0.399, 'valid_acc': 1.0}
Epoch: 7	Batch time (0.467699)	Data time (0.007083)	Cuda time (0.000001)	Loss (20.979200)	Accuracy (0.872563)
EVALUATING
{'loss': 20.217999935150146, 'accuracy': 0.9430833423137664, 'perfect_match_accuracy': 0.314, 'cost_ratio_suggested_true': 1.2365368044376372, 'below_10.0_percent_acc': 0.847, 'below_1.0_percent_acc': 0.509, 'below_0.1_percent_acc': 0.485, 'below_0.01_percent_acc': 0.485, 'below_0.001_percent_acc': 0.476, 'below_0.0001_percent_acc': 0.476, 'valid_acc': 1.0}
Epoch: 8	Batch time (0.469168)	Data time (0.007123)	Cuda time (0.000001)	Loss (20.111300)	Accuracy (0.875160)
EVALUATING
{'loss': 19.969000244140624, 'accuracy': 0.9405972319841385, 'perfect_match_accuracy': 0.285, 'cost_ratio_suggested_true': 1.2350609087944031, 'below_10.0_percent_acc': 0.856, 'below_1.0_percent_acc': 0.46, 'below_0.1_percent_acc': 0.44, 'below_0.01_percent_acc': 0.44, 'below_0.001_percent_acc': 0.428, 'below_0.0001_percent_acc': 0.428, 'valid_acc': 1.0}
Epoch: 9	Batch time (0.472987)	Data time (0.007379)	Cuda time (0.000001)	Loss (19.276500)	Accuracy (0.879453)
EVALUATING
{'loss': 18.762999954223634, 'accuracy': 0.9456458479166031, 'perfect_match_accuracy': 0.294, 'cost_ratio_suggested_true': 1.1978762817382813, 'below_10.0_percent_acc': 0.869, 'below_1.0_percent_acc': 0.505, 'below_0.1_percent_acc': 0.475, 'below_0.01_percent_acc': 0.475, 'below_0.001_percent_acc': 0.466, 'below_0.0001_percent_acc': 0.466, 'valid_acc': 1.0}
Epoch: 10	Batch time (0.485410)	Data time (0.007509)	Cuda time (0.000001)	Loss (18.707300)	Accuracy (0.881594)
EVALUATING
{'loss': 19.1460001373291, 'accuracy': 0.9456875157356263, 'perfect_match_accuracy': 0.325, 'cost_ratio_suggested_true': 1.2046527922153474, 'below_10.0_percent_acc': 0.866, 'below_1.0_percent_acc': 0.528, 'below_0.1_percent_acc': 0.503, 'below_0.01_percent_acc': 0.503, 'below_0.001_percent_acc': 0.493, 'below_0.0001_percent_acc': 0.493, 'valid_acc': 1.0}
Epoch: 11	Batch time (0.473045)	Data time (0.007322)	Cuda time (0.000001)	Loss (17.932800)	Accuracy (0.884457)
EVALUATING
{'loss': 18.13400011062622, 'accuracy': 0.9483888959884643, 'perfect_match_accuracy': 0.326, 'cost_ratio_suggested_true': 1.1644757330417632, 'below_10.0_percent_acc': 0.898, 'below_1.0_percent_acc': 0.501, 'below_0.1_percent_acc': 0.474, 'below_0.01_percent_acc': 0.474, 'below_0.001_percent_acc': 0.468, 'below_0.0001_percent_acc': 0.468, 'valid_acc': 1.0}
Epoch: 12	Batch time (0.469040)	Data time (0.007241)	Cuda time (0.000001)	Loss (17.425300)	Accuracy (0.888929)
EVALUATING
{'loss': 17.703000354766846, 'accuracy': 0.9483125150203705, 'perfect_match_accuracy': 0.332, 'cost_ratio_suggested_true': 1.1625636982917786, 'below_10.0_percent_acc': 0.894, 'below_1.0_percent_acc': 0.552, 'below_0.1_percent_acc': 0.524, 'below_0.01_percent_acc': 0.524, 'below_0.001_percent_acc': 0.516, 'below_0.0001_percent_acc': 0.516, 'valid_acc': 1.0}
Epoch: 13	Batch time (0.467119)	Data time (0.007266)	Cuda time (0.000001)	Loss (16.867600)	Accuracy (0.890215)
EVALUATING
{'loss': 17.076999855041503, 'accuracy': 0.9488055694103241, 'perfect_match_accuracy': 0.347, 'cost_ratio_suggested_true': 1.1684511005878448, 'below_10.0_percent_acc': 0.882, 'below_1.0_percent_acc': 0.563, 'below_0.1_percent_acc': 0.536, 'below_0.01_percent_acc': 0.536, 'below_0.001_percent_acc': 0.52, 'below_0.0001_percent_acc': 0.52, 'valid_acc': 1.0}
Epoch: 14	Batch time (0.474142)	Data time (0.007417)	Cuda time (0.000001)	Loss (16.436500)	Accuracy (0.891682)
EVALUATING
{'loss': 17.247999992370605, 'accuracy': 0.9418333452939988, 'perfect_match_accuracy': 0.304, 'cost_ratio_suggested_true': 1.2255511915683746, 'below_10.0_percent_acc': 0.835, 'below_1.0_percent_acc': 0.468, 'below_0.1_percent_acc': 0.445, 'below_0.01_percent_acc': 0.445, 'below_0.001_percent_acc': 0.435, 'below_0.0001_percent_acc': 0.435, 'valid_acc': 1.0}
Epoch: 15	Batch time (0.473284)	Data time (0.007541)	Cuda time (0.000001)	Loss (16.046800)	Accuracy (0.894524)
EVALUATING
{'loss': 16.106000194549562, 'accuracy': 0.9530555748939514, 'perfect_match_accuracy': 0.361, 'cost_ratio_suggested_true': 1.1594907605648042, 'below_10.0_percent_acc': 0.904, 'below_1.0_percent_acc': 0.556, 'below_0.1_percent_acc': 0.53, 'below_0.01_percent_acc': 0.53, 'below_0.001_percent_acc': 0.52, 'below_0.0001_percent_acc': 0.52, 'valid_acc': 1.0}
Epoch: 16	Batch time (0.462065)	Data time (0.007244)	Cuda time (0.000001)	Loss (15.698600)	Accuracy (0.896463)
EVALUATING
{'loss': 15.910000171661377, 'accuracy': 0.948875013589859, 'perfect_match_accuracy': 0.356, 'cost_ratio_suggested_true': 1.1872908198833465, 'below_10.0_percent_acc': 0.876, 'below_1.0_percent_acc': 0.562, 'below_0.1_percent_acc': 0.539, 'below_0.01_percent_acc': 0.539, 'below_0.001_percent_acc': 0.522, 'below_0.0001_percent_acc': 0.522, 'valid_acc': 1.0}
Epoch: 17	Batch time (0.459817)	Data time (0.007274)	Cuda time (0.000001)	Loss (15.232300)	Accuracy (0.898108)
EVALUATING
{'loss': 15.417000064849853, 'accuracy': 0.9526597380638122, 'perfect_match_accuracy': 0.392, 'cost_ratio_suggested_true': 1.1855707025527955, 'below_10.0_percent_acc': 0.891, 'below_1.0_percent_acc': 0.594, 'below_0.1_percent_acc': 0.568, 'below_0.01_percent_acc': 0.568, 'below_0.001_percent_acc': 0.557, 'below_0.0001_percent_acc': 0.557, 'valid_acc': 1.0}
Epoch: 18	Batch time (0.465448)	Data time (0.007450)	Cuda time (0.000001)	Loss (14.852100)	Accuracy (0.899696)
EVALUATING
{'loss': 15.035000152587891, 'accuracy': 0.9506528007984162, 'perfect_match_accuracy': 0.372, 'cost_ratio_suggested_true': 1.1750490534305573, 'below_10.0_percent_acc': 0.898, 'below_1.0_percent_acc': 0.551, 'below_0.1_percent_acc': 0.522, 'below_0.01_percent_acc': 0.522, 'below_0.001_percent_acc': 0.507, 'below_0.0001_percent_acc': 0.507, 'valid_acc': 1.0}
Epoch: 19	Batch time (0.459929)	Data time (0.007394)	Cuda time (0.000001)	Loss (14.646600)	Accuracy (0.900981)
EVALUATING
{'loss': 15.295999879837035, 'accuracy': 0.9532222354412079, 'perfect_match_accuracy': 0.398, 'cost_ratio_suggested_true': 1.1514302051067353, 'below_10.0_percent_acc': 0.906, 'below_1.0_percent_acc': 0.585, 'below_0.1_percent_acc': 0.562, 'below_0.01_percent_acc': 0.562, 'below_0.001_percent_acc': 0.553, 'below_0.0001_percent_acc': 0.553, 'valid_acc': 1.0}
Epoch: 20	Batch time (0.462721)	Data time (0.007394)	Cuda time (0.000001)	Loss (14.158900)	Accuracy (0.903100)
EVALUATING
{'loss': 14.708999929428101, 'accuracy': 0.9522916829586029, 'perfect_match_accuracy': 0.383, 'cost_ratio_suggested_true': 1.181169375181198, 'below_10.0_percent_acc': 0.897, 'below_1.0_percent_acc': 0.576, 'below_0.1_percent_acc': 0.554, 'below_0.01_percent_acc': 0.554, 'below_0.001_percent_acc': 0.54, 'below_0.0001_percent_acc': 0.54, 'valid_acc': 1.0}
Epoch: 21	Batch time (0.457894)	Data time (0.007518)	Cuda time (0.000001)	Loss (13.843600)	Accuracy (0.904688)
EVALUATING
{'loss': 14.591000175476074, 'accuracy': 0.9517847406864166, 'perfect_match_accuracy': 0.398, 'cost_ratio_suggested_true': 1.1892067682743073, 'below_10.0_percent_acc': 0.885, 'below_1.0_percent_acc': 0.591, 'below_0.1_percent_acc': 0.565, 'below_0.01_percent_acc': 0.565, 'below_0.001_percent_acc': 0.543, 'below_0.0001_percent_acc': 0.543, 'valid_acc': 1.0}
Epoch: 22	Batch time (0.438251)	Data time (0.007081)	Cuda time (0.000001)	Loss (13.691500)	Accuracy (0.905559)
EVALUATING
{'loss': 13.718000049591064, 'accuracy': 0.9535208433866501, 'perfect_match_accuracy': 0.418, 'cost_ratio_suggested_true': 1.1770818090438844, 'below_10.0_percent_acc': 0.889, 'below_1.0_percent_acc': 0.586, 'below_0.1_percent_acc': 0.558, 'below_0.01_percent_acc': 0.558, 'below_0.001_percent_acc': 0.54, 'below_0.0001_percent_acc': 0.54, 'valid_acc': 1.0}
Epoch: 23	Batch time (0.436151)	Data time (0.007078)	Cuda time (0.000001)	Loss (13.491200)	Accuracy (0.907460)
EVALUATING
{'loss': 13.984000053405762, 'accuracy': 0.9572916829586029, 'perfect_match_accuracy': 0.434, 'cost_ratio_suggested_true': 1.138566026687622, 'below_10.0_percent_acc': 0.928, 'below_1.0_percent_acc': 0.62, 'below_0.1_percent_acc': 0.594, 'below_0.01_percent_acc': 0.594, 'below_0.001_percent_acc': 0.582, 'below_0.0001_percent_acc': 0.582, 'valid_acc': 1.0}
Epoch: 24	Batch time (0.437615)	Data time (0.007124)	Cuda time (0.000001)	Loss (13.067600)	Accuracy (0.908703)
EVALUATING
{'loss': 13.717000074386597, 'accuracy': 0.9550069600343705, 'perfect_match_accuracy': 0.44, 'cost_ratio_suggested_true': 1.1564671039581298, 'below_10.0_percent_acc': 0.914, 'below_1.0_percent_acc': 0.628, 'below_0.1_percent_acc': 0.605, 'below_0.01_percent_acc': 0.605, 'below_0.001_percent_acc': 0.593, 'below_0.0001_percent_acc': 0.593, 'valid_acc': 1.0}
Epoch: 25	Batch time (0.450906)	Data time (0.007581)	Cuda time (0.000001)	Loss (12.917200)	Accuracy (0.909494)
EVALUATING
{'loss': 13.608999967575073, 'accuracy': 0.956986123919487, 'perfect_match_accuracy': 0.44, 'cost_ratio_suggested_true': 1.1349835693836212, 'below_10.0_percent_acc': 0.916, 'below_1.0_percent_acc': 0.622, 'below_0.1_percent_acc': 0.592, 'below_0.01_percent_acc': 0.592, 'below_0.001_percent_acc': 0.577, 'below_0.0001_percent_acc': 0.577, 'valid_acc': 1.0}
Epoch: 26	Batch time (0.435028)	Data time (0.007283)	Cuda time (0.000001)	Loss (12.720600)	Accuracy (0.911042)
EVALUATING
{'loss': 13.077000102996827, 'accuracy': 0.9562083417177201, 'perfect_match_accuracy': 0.439, 'cost_ratio_suggested_true': 1.126062890291214, 'below_10.0_percent_acc': 0.914, 'below_1.0_percent_acc': 0.626, 'below_0.1_percent_acc': 0.602, 'below_0.01_percent_acc': 0.602, 'below_0.001_percent_acc': 0.586, 'below_0.0001_percent_acc': 0.586, 'valid_acc': 1.0}
Epoch: 27	Batch time (0.434216)	Data time (0.007210)	Cuda time (0.000001)	Loss (12.532300)	Accuracy (0.912722)
EVALUATING
{'loss': 12.463999967575074, 'accuracy': 0.9574166768789292, 'perfect_match_accuracy': 0.45, 'cost_ratio_suggested_true': 1.1213037359714508, 'below_10.0_percent_acc': 0.921, 'below_1.0_percent_acc': 0.638, 'below_0.1_percent_acc': 0.61, 'below_0.01_percent_acc': 0.61, 'below_0.001_percent_acc': 0.596, 'below_0.0001_percent_acc': 0.596, 'valid_acc': 1.0}
Epoch: 28	Batch time (0.432694)	Data time (0.007211)	Cuda time (0.000001)	Loss (12.311000)	Accuracy (0.913667)
EVALUATING
{'loss': 13.272000064849854, 'accuracy': 0.955486124753952, 'perfect_match_accuracy': 0.429, 'cost_ratio_suggested_true': 1.1427251052856446, 'below_10.0_percent_acc': 0.907, 'below_1.0_percent_acc': 0.634, 'below_0.1_percent_acc': 0.611, 'below_0.01_percent_acc': 0.611, 'below_0.001_percent_acc': 0.6, 'below_0.0001_percent_acc': 0.6, 'valid_acc': 1.0}
Epoch: 29	Batch time (0.432613)	Data time (0.007236)	Cuda time (0.000001)	Loss (12.141000)	Accuracy (0.914397)
EVALUATING
{'loss': 12.825000038146973, 'accuracy': 0.9541180634498596, 'perfect_match_accuracy': 0.415, 'cost_ratio_suggested_true': 1.148838642835617, 'below_10.0_percent_acc': 0.917, 'below_1.0_percent_acc': 0.602, 'below_0.1_percent_acc': 0.576, 'below_0.01_percent_acc': 0.576, 'below_0.001_percent_acc': 0.566, 'below_0.0001_percent_acc': 0.566, 'valid_acc': 1.0}
Epoch: 30	Batch time (0.435810)	Data time (0.007396)	Cuda time (0.000001)	Loss (11.798800)	Accuracy (0.915417)
EVALUATING
{'loss': 12.330000123977662, 'accuracy': 0.9575902909040451, 'perfect_match_accuracy': 0.427, 'cost_ratio_suggested_true': 1.131002836227417, 'below_10.0_percent_acc': 0.927, 'below_1.0_percent_acc': 0.625, 'below_0.1_percent_acc': 0.598, 'below_0.01_percent_acc': 0.598, 'below_0.001_percent_acc': 0.583, 'below_0.0001_percent_acc': 0.583, 'valid_acc': 1.0}
Epoch: 31	Batch time (0.430664)	Data time (0.007072)	Cuda time (0.000001)	Loss (11.475600)	Accuracy (0.917399)
EVALUATING
{'loss': 12.226000146865845, 'accuracy': 0.9595625191926956, 'perfect_match_accuracy': 0.452, 'cost_ratio_suggested_true': 1.1240985202789306, 'below_10.0_percent_acc': 0.939, 'below_1.0_percent_acc': 0.638, 'below_0.1_percent_acc': 0.614, 'below_0.01_percent_acc': 0.614, 'below_0.001_percent_acc': 0.6, 'below_0.0001_percent_acc': 0.6, 'valid_acc': 1.0}
Epoch: 32	Batch time (0.439463)	Data time (0.007336)	Cuda time (0.000001)	Loss (11.267600)	Accuracy (0.919006)
EVALUATING
{'loss': 11.79799994468689, 'accuracy': 0.9580416768789292, 'perfect_match_accuracy': 0.453, 'cost_ratio_suggested_true': 1.124512997865677, 'below_10.0_percent_acc': 0.934, 'below_1.0_percent_acc': 0.634, 'below_0.1_percent_acc': 0.611, 'below_0.01_percent_acc': 0.611, 'below_0.001_percent_acc': 0.597, 'below_0.0001_percent_acc': 0.597, 'valid_acc': 1.0}
Epoch: 33	Batch time (0.430837)	Data time (0.007113)	Cuda time (0.000001)	Loss (11.277700)	Accuracy (0.918730)
EVALUATING
{'loss': 12.139000005722046, 'accuracy': 0.9597986245155334, 'perfect_match_accuracy': 0.466, 'cost_ratio_suggested_true': 1.1173551297187805, 'below_10.0_percent_acc': 0.937, 'below_1.0_percent_acc': 0.641, 'below_0.1_percent_acc': 0.617, 'below_0.01_percent_acc': 0.617, 'below_0.001_percent_acc': 0.601, 'below_0.0001_percent_acc': 0.601, 'valid_acc': 1.0}
Epoch: 34	Batch time (0.431058)	Data time (0.007146)	Cuda time (0.000001)	Loss (11.057000)	Accuracy (0.919538)
EVALUATING
{'loss': 12.204999914169312, 'accuracy': 0.9592777872085572, 'perfect_match_accuracy': 0.469, 'cost_ratio_suggested_true': 1.122563155889511, 'below_10.0_percent_acc': 0.93, 'below_1.0_percent_acc': 0.651, 'below_0.1_percent_acc': 0.627, 'below_0.01_percent_acc': 0.627, 'below_0.001_percent_acc': 0.614, 'below_0.0001_percent_acc': 0.614, 'valid_acc': 1.0}
Epoch: 35	Batch time (0.437004)	Data time (0.007232)	Cuda time (0.000001)	Loss (11.199100)	Accuracy (0.919859)
EVALUATING
{'loss': 11.832000207901, 'accuracy': 0.9604583472013474, 'perfect_match_accuracy': 0.472, 'cost_ratio_suggested_true': 1.1230070185661316, 'below_10.0_percent_acc': 0.938, 'below_1.0_percent_acc': 0.654, 'below_0.1_percent_acc': 0.631, 'below_0.01_percent_acc': 0.631, 'below_0.001_percent_acc': 0.615, 'below_0.0001_percent_acc': 0.615, 'valid_acc': 1.0}
Epoch: 36	Batch time (0.431600)	Data time (0.007063)	Cuda time (0.000001)	Loss (11.122100)	Accuracy (0.919689)
EVALUATING
{'loss': 11.832000112533569, 'accuracy': 0.9599444603919983, 'perfect_match_accuracy': 0.47, 'cost_ratio_suggested_true': 1.1114887368679047, 'below_10.0_percent_acc': 0.937, 'below_1.0_percent_acc': 0.64, 'below_0.1_percent_acc': 0.618, 'below_0.01_percent_acc': 0.618, 'below_0.001_percent_acc': 0.603, 'below_0.0001_percent_acc': 0.603, 'valid_acc': 1.0}
Epoch: 37	Batch time (0.431203)	Data time (0.007076)	Cuda time (0.000001)	Loss (10.907600)	Accuracy (0.920641)
EVALUATING
{'loss': 12.233000059127807, 'accuracy': 0.9595764011144639, 'perfect_match_accuracy': 0.467, 'cost_ratio_suggested_true': 1.1163678765296936, 'below_10.0_percent_acc': 0.939, 'below_1.0_percent_acc': 0.639, 'below_0.1_percent_acc': 0.616, 'below_0.01_percent_acc': 0.616, 'below_0.001_percent_acc': 0.604, 'below_0.0001_percent_acc': 0.604, 'valid_acc': 1.0}
Epoch: 38	Batch time (0.433401)	Data time (0.007090)	Cuda time (0.000001)	Loss (11.009500)	Accuracy (0.920054)
EVALUATING
{'loss': 11.952000064849853, 'accuracy': 0.9585902845859527, 'perfect_match_accuracy': 0.463, 'cost_ratio_suggested_true': 1.1136280107498169, 'below_10.0_percent_acc': 0.933, 'below_1.0_percent_acc': 0.644, 'below_0.1_percent_acc': 0.623, 'below_0.01_percent_acc': 0.623, 'below_0.001_percent_acc': 0.609, 'below_0.0001_percent_acc': 0.609, 'valid_acc': 1.0}
Epoch: 39	Batch time (0.439655)	Data time (0.007217)	Cuda time (0.000001)	Loss (10.940900)	Accuracy (0.920823)
EVALUATING
{'loss': 11.877000055313111, 'accuracy': 0.9607222306728364, 'perfect_match_accuracy': 0.472, 'cost_ratio_suggested_true': 1.1181509065628052, 'below_10.0_percent_acc': 0.942, 'below_1.0_percent_acc': 0.649, 'below_0.1_percent_acc': 0.626, 'below_0.01_percent_acc': 0.626, 'below_0.001_percent_acc': 0.613, 'below_0.0001_percent_acc': 0.613, 'valid_acc': 1.0}
Epoch: 40	Batch time (0.449342)	Data time (0.007285)	Cuda time (0.000001)	Loss (10.927800)	Accuracy (0.921119)
EVALUATING
{'loss': 11.515000047683715, 'accuracy': 0.9594236195087433, 'perfect_match_accuracy': 0.472, 'cost_ratio_suggested_true': 1.1197422885894774, 'below_10.0_percent_acc': 0.937, 'below_1.0_percent_acc': 0.654, 'below_0.1_percent_acc': 0.631, 'below_0.01_percent_acc': 0.631, 'below_0.001_percent_acc': 0.616, 'below_0.0001_percent_acc': 0.616, 'valid_acc': 1.0}
Epoch: 41	Batch time (0.450644)	Data time (0.007301)	Cuda time (0.000001)	Loss (10.926900)	Accuracy (0.921824)
EVALUATING
{'loss': 12.189000053405762, 'accuracy': 0.9606389009952545, 'perfect_match_accuracy': 0.475, 'cost_ratio_suggested_true': 1.1125476825237275, 'below_10.0_percent_acc': 0.941, 'below_1.0_percent_acc': 0.656, 'below_0.1_percent_acc': 0.634, 'below_0.01_percent_acc': 0.634, 'below_0.001_percent_acc': 0.62, 'below_0.0001_percent_acc': 0.62, 'valid_acc': 1.0}
Epoch: 42	Batch time (0.450193)	Data time (0.007248)	Cuda time (0.000001)	Loss (10.754400)	Accuracy (0.921313)
EVALUATING
{'loss': 11.605999927520752, 'accuracy': 0.9609236204624176, 'perfect_match_accuracy': 0.479, 'cost_ratio_suggested_true': 1.113559387922287, 'below_10.0_percent_acc': 0.941, 'below_1.0_percent_acc': 0.656, 'below_0.1_percent_acc': 0.634, 'below_0.01_percent_acc': 0.634, 'below_0.001_percent_acc': 0.619, 'below_0.0001_percent_acc': 0.619, 'valid_acc': 1.0}
Epoch: 43	Batch time (0.454791)	Data time (0.007304)	Cuda time (0.000001)	Loss (10.910800)	Accuracy (0.921228)
EVALUATING
{'loss': 11.982000141143798, 'accuracy': 0.9609236246347428, 'perfect_match_accuracy': 0.48, 'cost_ratio_suggested_true': 1.1124465787410736, 'below_10.0_percent_acc': 0.943, 'below_1.0_percent_acc': 0.659, 'below_0.1_percent_acc': 0.636, 'below_0.01_percent_acc': 0.636, 'below_0.001_percent_acc': 0.622, 'below_0.0001_percent_acc': 0.622, 'valid_acc': 1.0}
Epoch: 44	Batch time (0.461212)	Data time (0.007370)	Cuda time (0.000001)	Loss (10.853900)	Accuracy (0.921704)
EVALUATING
{'loss': 11.8320001411438, 'accuracy': 0.9607152879238129, 'perfect_match_accuracy': 0.479, 'cost_ratio_suggested_true': 1.1131239640712738, 'below_10.0_percent_acc': 0.944, 'below_1.0_percent_acc': 0.66, 'below_0.1_percent_acc': 0.637, 'below_0.01_percent_acc': 0.637, 'below_0.001_percent_acc': 0.623, 'below_0.0001_percent_acc': 0.623, 'valid_acc': 1.0}
Epoch: 45	Batch time (0.456446)	Data time (0.007559)	Cuda time (0.000001)	Loss (10.868900)	Accuracy (0.921683)
EVALUATING
{'loss': 11.877999982833863, 'accuracy': 0.9607639038562774, 'perfect_match_accuracy': 0.48, 'cost_ratio_suggested_true': 1.1125486922264098, 'below_10.0_percent_acc': 0.944, 'below_1.0_percent_acc': 0.661, 'below_0.1_percent_acc': 0.638, 'below_0.01_percent_acc': 0.638, 'below_0.001_percent_acc': 0.624, 'below_0.0001_percent_acc': 0.624, 'valid_acc': 1.0}
Epoch: 46	Batch time (0.441005)	Data time (0.007417)	Cuda time (0.000001)	Loss (10.911400)	Accuracy (0.920698)
EVALUATING
{'loss': 12.071000127792358, 'accuracy': 0.9602569538354874, 'perfect_match_accuracy': 0.475, 'cost_ratio_suggested_true': 1.112978733778, 'below_10.0_percent_acc': 0.946, 'below_1.0_percent_acc': 0.655, 'below_0.1_percent_acc': 0.632, 'below_0.01_percent_acc': 0.632, 'below_0.001_percent_acc': 0.618, 'below_0.0001_percent_acc': 0.618, 'valid_acc': 1.0}
Epoch: 47	Batch time (0.447403)	Data time (0.007476)	Cuda time (0.000001)	Loss (10.725000)	Accuracy (0.922058)
EVALUATING
{'loss': 11.98700002670288, 'accuracy': 0.9611250227689743, 'perfect_match_accuracy': 0.481, 'cost_ratio_suggested_true': 1.1132161796092988, 'below_10.0_percent_acc': 0.943, 'below_1.0_percent_acc': 0.658, 'below_0.1_percent_acc': 0.635, 'below_0.01_percent_acc': 0.635, 'below_0.001_percent_acc': 0.621, 'below_0.0001_percent_acc': 0.621, 'valid_acc': 1.0}
Epoch: 48	Batch time (0.438579)	Data time (0.007387)	Cuda time (0.000001)	Loss (10.838600)	Accuracy (0.921365)
EVALUATING
{'loss': 11.941000156402588, 'accuracy': 0.9605138981342316, 'perfect_match_accuracy': 0.475, 'cost_ratio_suggested_true': 1.1131396245956422, 'below_10.0_percent_acc': 0.944, 'below_1.0_percent_acc': 0.656, 'below_0.1_percent_acc': 0.633, 'below_0.01_percent_acc': 0.633, 'below_0.001_percent_acc': 0.62, 'below_0.0001_percent_acc': 0.62, 'valid_acc': 1.0}
Epoch: 49	Batch time (0.461032)	Data time (0.007673)	Cuda time (0.000001)	Loss (10.843400)	Accuracy (0.922099)
EVALUATING
{'loss': 11.931000118255616, 'accuracy': 0.9609930688142776, 'perfect_match_accuracy': 0.483, 'cost_ratio_suggested_true': 1.1126092982292175, 'below_10.0_percent_acc': 0.944, 'below_1.0_percent_acc': 0.662, 'below_0.1_percent_acc': 0.639, 'below_0.01_percent_acc': 0.639, 'below_0.001_percent_acc': 0.625, 'below_0.0001_percent_acc': 0.625, 'valid_acc': 1.0}
Epoch: 50	Batch time (0.494096)	Data time (0.008277)	Cuda time (0.000001)	Loss (10.869100)	Accuracy (0.921353)
EVALUATING
{'loss': 11.868999948501587, 'accuracy': 0.9605764031410218, 'perfect_match_accuracy': 0.48, 'cost_ratio_suggested_true': 1.1134605872631074, 'below_10.0_percent_acc': 0.943, 'below_1.0_percent_acc': 0.657, 'below_0.1_percent_acc': 0.634, 'below_0.01_percent_acc': 0.634, 'below_0.001_percent_acc': 0.621, 'below_0.0001_percent_acc': 0.621, 'valid_acc': 1.0}
