No existing entry for trainer_params.mode.type
{}[type] = <class 'int'>(5)
No existing entry for trainer_params.mode.objective_type
{'type': 5}[objective_type] = <class 'str'>(dpo)
No existing entry for trainer_params.mode.use_marginal
{'type': 5, 'objective_type': 'dpo'}[use_marginal] = <class 'bool'>(True)
No existing entry for trainer_params.mode.nb_samples
{'type': 5, 'objective_type': 'dpo', 'use_marginal': True}[nb_samples] = <class 'int'>(1)
No existing entry for trainer_params.mode.temperature
{'type': 5, 'objective_type': 'dpo', 'use_marginal': True, 'nb_samples': 1}[temperature] = <class 'float'>(0.1)
No existing entry for trainer_params.mode.use_gamma
{'type': 5, 'objective_type': 'dpo', 'use_marginal': True, 'nb_samples': 1, 'temperature': 0.1}[use_gamma] = <class 'bool'>(False)
No existing entry for trainer_params.mode.loss_type
{'type': 5, 'objective_type': 'dpo', 'use_marginal': True, 'nb_samples': 1, 'temperature': 0.1, 'use_gamma': False}[loss_type] = <class 'str'>(fy)
No existing entry for trainer_params.mode.perturb_w
{'type': 5, 'objective_type': 'dpo', 'use_marginal': True, 'nb_samples': 1, 'temperature': 0.1, 'use_gamma': False, 'loss_type': 'fy'}[perturb_w] = <class 'bool'>(False)
No existing entry for trainer_params.mode.perturb_w_prime
{'type': 5, 'objective_type': 'dpo', 'use_marginal': True, 'nb_samples': 1, 'temperature': 0.1, 'use_gamma': False, 'loss_type': 'fy', 'perturb_w': False}[perturb_w_prime] = <class 'bool'>(False)
{'batch_size': 70, 'l1_regconst': 0.0, 'lambda_val': 20.0, 'lr_milestone_1': 30, 'lr_milestone_2': 40, 'model_params': {'arch_params': {}, 'model_name': 'CombResnet18'}, 'neighbourhood_fn': '8-grid', 'optimizer_name': 'Adam', 'optimizer_params': {'lr': 0.0005}, 'preload_batch': True, 'use_cuda': True, 'use_lr_scheduling': True, 'mode': {'type': 5, 'objective_type': 'dpo', 'use_marginal': True, 'nb_samples': 1, 'temperature': 0.1, 'use_gamma': False, 'loss_type': 'fy', 'perturb_w': False, 'perturb_w_prime': False}}[lambda_val] = <class 'float'>(0.0)
No existing entry for trainer_params.mode.dpo.maximize
{}[maximize] = <class 'bool'>(False)
{'data_dir': 'data/warcraft_shortest_path/12x12', 'evaluate_with_extra': False, 'normalize': True, 'use_local_path': False, 'use_test_set': True}[data_dir] = <class 'str'>(data/warcraft_shortest_path/18x18)
{'evaluate_every': 5, 'loader_params': {'data_dir': 'data/warcraft_shortest_path/18x18', 'evaluate_with_extra': False, 'normalize': True, 'use_local_path': False, 'use_test_set': True}, 'model_dir': 'results/warcraft_shortest_path_combresnet', 'num_cpus': 24, 'num_epochs': 50, 'problem_type': 'warcraft_shortest_path', 'ray_params': {}, 'save_visualizations': False, 'seed': 1, 'trainer_name': 'DijkstraMAP', 'trainer_params': {'batch_size': 70, 'l1_regconst': 0.0, 'lambda_val': 0.0, 'lr_milestone_1': 30, 'lr_milestone_2': 40, 'model_params': {'arch_params': {}, 'model_name': 'CombResnet18'}, 'neighbourhood_fn': '8-grid', 'optimizer_name': 'Adam', 'optimizer_params': {'lr': 0.0005}, 'preload_batch': True, 'use_cuda': True, 'use_lr_scheduling': True, 'mode': {'type': 5, 'objective_type': 'dpo', 'use_marginal': True, 'nb_samples': 1, 'temperature': 0.1, 'use_gamma': False, 'loss_type': 'fy', 'perturb_w': False, 'perturb_w_prime': False, 'dpo': {'maximize': False}}}, 'use_ray': True}[seed] = <class 'int'>(1)
{'evaluate_every': 5, 'loader_params': {'data_dir': 'data/warcraft_shortest_path/18x18', 'evaluate_with_extra': False, 'normalize': True, 'use_local_path': False, 'use_test_set': True}, 'model_dir': 'results/warcraft_shortest_path_combresnet', 'num_cpus': 24, 'num_epochs': 50, 'problem_type': 'warcraft_shortest_path', 'ray_params': {}, 'save_visualizations': False, 'seed': 1, 'trainer_name': 'DijkstraMAP', 'trainer_params': {'batch_size': 70, 'l1_regconst': 0.0, 'lambda_val': 0.0, 'lr_milestone_1': 30, 'lr_milestone_2': 40, 'model_params': {'arch_params': {}, 'model_name': 'CombResnet18'}, 'neighbourhood_fn': '8-grid', 'optimizer_name': 'Adam', 'optimizer_params': {'lr': 0.0005}, 'preload_batch': True, 'use_cuda': True, 'use_lr_scheduling': True, 'mode': {'type': 5, 'objective_type': 'dpo', 'use_marginal': True, 'nb_samples': 1, 'temperature': 0.1, 'use_gamma': False, 'loss_type': 'fy', 'perturb_w': False, 'perturb_w_prime': False, 'dpo': {'maximize': False}}}, 'use_ray': True}[evaluate_every] = <class 'int'>(1)
{'evaluate_every': 1, 'loader_params': {'data_dir': 'data/warcraft_shortest_path/18x18', 'evaluate_with_extra': False, 'normalize': True, 'use_local_path': False, 'use_test_set': True}, 'model_dir': 'results/warcraft_shortest_path_combresnet', 'num_cpus': 24, 'num_epochs': 50, 'problem_type': 'warcraft_shortest_path', 'ray_params': {}, 'save_visualizations': False, 'seed': 1, 'trainer_name': 'DijkstraMAP', 'trainer_params': {'batch_size': 70, 'l1_regconst': 0.0, 'lambda_val': 0.0, 'lr_milestone_1': 30, 'lr_milestone_2': 40, 'model_params': {'arch_params': {}, 'model_name': 'CombResnet18'}, 'neighbourhood_fn': '8-grid', 'optimizer_name': 'Adam', 'optimizer_params': {'lr': 0.0005}, 'preload_batch': True, 'use_cuda': True, 'use_lr_scheduling': True, 'mode': {'type': 5, 'objective_type': 'dpo', 'use_marginal': True, 'nb_samples': 1, 'temperature': 0.1, 'use_gamma': False, 'loss_type': 'fy', 'perturb_w': False, 'perturb_w_prime': False, 'dpo': {'maximize': False}}}, 'use_ray': True}[use_ray] = <class 'bool'>(False)
No existing entry for trainer_params.mode.type
{}[type] = <class 'int'>(5)
No existing entry for trainer_params.mode.objective_type
{'type': 5}[objective_type] = <class 'str'>(dpo)
No existing entry for trainer_params.mode.use_marginal
{'type': 5, 'objective_type': 'dpo'}[use_marginal] = <class 'bool'>(True)
No existing entry for trainer_params.mode.nb_samples
{'type': 5, 'objective_type': 'dpo', 'use_marginal': True}[nb_samples] = <class 'int'>(1)
No existing entry for trainer_params.mode.temperature
{'type': 5, 'objective_type': 'dpo', 'use_marginal': True, 'nb_samples': 1}[temperature] = <class 'float'>(0.1)
No existing entry for trainer_params.mode.use_gamma
{'type': 5, 'objective_type': 'dpo', 'use_marginal': True, 'nb_samples': 1, 'temperature': 0.1}[use_gamma] = <class 'bool'>(False)
No existing entry for trainer_params.mode.loss_type
{'type': 5, 'objective_type': 'dpo', 'use_marginal': True, 'nb_samples': 1, 'temperature': 0.1, 'use_gamma': False}[loss_type] = <class 'str'>(fy)
No existing entry for trainer_params.mode.perturb_w
{'type': 5, 'objective_type': 'dpo', 'use_marginal': True, 'nb_samples': 1, 'temperature': 0.1, 'use_gamma': False, 'loss_type': 'fy'}[perturb_w] = <class 'bool'>(False)
No existing entry for trainer_params.mode.perturb_w_prime
{'type': 5, 'objective_type': 'dpo', 'use_marginal': True, 'nb_samples': 1, 'temperature': 0.1, 'use_gamma': False, 'loss_type': 'fy', 'perturb_w': False}[perturb_w_prime] = <class 'bool'>(False)
{'batch_size': 70, 'l1_regconst': 0.0, 'lambda_val': 20.0, 'lr_milestone_1': 30, 'lr_milestone_2': 40, 'model_params': {'arch_params': {}, 'model_name': 'CombResnet18'}, 'neighbourhood_fn': '8-grid', 'optimizer_name': 'Adam', 'optimizer_params': {'lr': 0.0005}, 'preload_batch': True, 'use_cuda': True, 'use_lr_scheduling': True, 'mode': {'type': 5, 'objective_type': 'dpo', 'use_marginal': True, 'nb_samples': 1, 'temperature': 0.1, 'use_gamma': False, 'loss_type': 'fy', 'perturb_w': False, 'perturb_w_prime': False}}[lambda_val] = <class 'float'>(0.0)
No existing entry for trainer_params.mode.dpo.maximize
{}[maximize] = <class 'bool'>(False)
{'data_dir': 'data/warcraft_shortest_path/12x12', 'evaluate_with_extra': False, 'normalize': True, 'use_local_path': False, 'use_test_set': True}[data_dir] = <class 'str'>(data/warcraft_shortest_path/18x18)
{'evaluate_every': 5, 'loader_params': {'data_dir': 'data/warcraft_shortest_path/18x18', 'evaluate_with_extra': False, 'normalize': True, 'use_local_path': False, 'use_test_set': True}, 'model_dir': 'results/warcraft_shortest_path_combresnet', 'num_cpus': 24, 'num_epochs': 50, 'problem_type': 'warcraft_shortest_path', 'ray_params': {}, 'save_visualizations': False, 'seed': 1, 'trainer_name': 'DijkstraMAP', 'trainer_params': {'batch_size': 70, 'l1_regconst': 0.0, 'lambda_val': 0.0, 'lr_milestone_1': 30, 'lr_milestone_2': 40, 'model_params': {'arch_params': {}, 'model_name': 'CombResnet18'}, 'neighbourhood_fn': '8-grid', 'optimizer_name': 'Adam', 'optimizer_params': {'lr': 0.0005}, 'preload_batch': True, 'use_cuda': True, 'use_lr_scheduling': True, 'mode': {'type': 5, 'objective_type': 'dpo', 'use_marginal': True, 'nb_samples': 1, 'temperature': 0.1, 'use_gamma': False, 'loss_type': 'fy', 'perturb_w': False, 'perturb_w_prime': False, 'dpo': {'maximize': False}}}, 'use_ray': True}[seed] = <class 'int'>(1)
{'evaluate_every': 5, 'loader_params': {'data_dir': 'data/warcraft_shortest_path/18x18', 'evaluate_with_extra': False, 'normalize': True, 'use_local_path': False, 'use_test_set': True}, 'model_dir': 'results/warcraft_shortest_path_combresnet', 'num_cpus': 24, 'num_epochs': 50, 'problem_type': 'warcraft_shortest_path', 'ray_params': {}, 'save_visualizations': False, 'seed': 1, 'trainer_name': 'DijkstraMAP', 'trainer_params': {'batch_size': 70, 'l1_regconst': 0.0, 'lambda_val': 0.0, 'lr_milestone_1': 30, 'lr_milestone_2': 40, 'model_params': {'arch_params': {}, 'model_name': 'CombResnet18'}, 'neighbourhood_fn': '8-grid', 'optimizer_name': 'Adam', 'optimizer_params': {'lr': 0.0005}, 'preload_batch': True, 'use_cuda': True, 'use_lr_scheduling': True, 'mode': {'type': 5, 'objective_type': 'dpo', 'use_marginal': True, 'nb_samples': 1, 'temperature': 0.1, 'use_gamma': False, 'loss_type': 'fy', 'perturb_w': False, 'perturb_w_prime': False, 'dpo': {'maximize': False}}}, 'use_ray': True}[evaluate_every] = <class 'int'>(1)
{'evaluate_every': 1, 'loader_params': {'data_dir': 'data/warcraft_shortest_path/18x18', 'evaluate_with_extra': False, 'normalize': True, 'use_local_path': False, 'use_test_set': True}, 'model_dir': 'results/warcraft_shortest_path_combresnet', 'num_cpus': 24, 'num_epochs': 50, 'problem_type': 'warcraft_shortest_path', 'ray_params': {}, 'save_visualizations': False, 'seed': 1, 'trainer_name': 'DijkstraMAP', 'trainer_params': {'batch_size': 70, 'l1_regconst': 0.0, 'lambda_val': 0.0, 'lr_milestone_1': 30, 'lr_milestone_2': 40, 'model_params': {'arch_params': {}, 'model_name': 'CombResnet18'}, 'neighbourhood_fn': '8-grid', 'optimizer_name': 'Adam', 'optimizer_params': {'lr': 0.0005}, 'preload_batch': True, 'use_cuda': True, 'use_lr_scheduling': True, 'mode': {'type': 5, 'objective_type': 'dpo', 'use_marginal': True, 'nb_samples': 1, 'temperature': 0.1, 'use_gamma': False, 'loss_type': 'fy', 'perturb_w': False, 'perturb_w_prime': False, 'dpo': {'maximize': False}}}, 'use_ray': True}[use_ray] = <class 'bool'>(False)
{
    "evaluate_every": 1,
    "loader_params": {
        "data_dir": "data/warcraft_shortest_path/18x18",
        "evaluate_with_extra": false,
        "normalize": true,
        "use_local_path": false,
        "use_test_set": true
    },
    "model_dir": "results/warcraft_shortest_path_combresnet",
    "num_cpus": 24,
    "num_epochs": 50,
    "problem_type": "warcraft_shortest_path",
    "ray_params": {},
    "save_visualizations": false,
    "seed": 1,
    "trainer_name": "DijkstraMAP",
    "trainer_params": {
        "batch_size": 70,
        "l1_regconst": 0.0,
        "lambda_val": 0.0,
        "lr_milestone_1": 30,
        "lr_milestone_2": 40,
        "mode": {
            "dpo": {
                "maximize": false
            },
            "loss_type": "fy",
            "nb_samples": 1,
            "objective_type": "dpo",
            "perturb_w": false,
            "perturb_w_prime": false,
            "temperature": 0.1,
            "type": 5,
            "use_gamma": false,
            "use_marginal": true
        },
        "model_params": {
            "arch_params": {},
            "model_name": "CombResnet18"
        },
        "neighbourhood_fn": "8-grid",
        "optimizer_name": "Adam",
        "optimizer_params": {
            "lr": 0.0005
        },
        "preload_batch": true,
        "use_cuda": true,
        "use_lr_scheduling": true
    },
    "use_ray": false
}
MAP-BACKPROP MODE: {
    "dpo": {
        "maximize": false
    },
    "loss_type": "fy",
    "nb_samples": 1,
    "objective_type": "dpo",
    "perturb_w": false,
    "perturb_w_prime": false,
    "temperature": 0.1,
    "type": 5,
    "use_gamma": false,
    "use_marginal": true
}
True
META: {'input_image_size': 144, 'output_features': 324, 'num_channels': 3, 'denormalize': <maprop.decorators.input_to_numpy object at 0x2b04ef9d4f28>}
EVALUATING
{'loss': 30.31000045776367, 'accuracy': 0.9069752943515778, 'perfect_match_accuracy': 0.007, 'cost_ratio_suggested_true': 2.698470640182495, 'below_10.0_percent_acc': 0.071, 'below_1.0_percent_acc': 0.015, 'below_0.1_percent_acc': 0.012, 'below_0.01_percent_acc': 0.012, 'below_0.001_percent_acc': 0.01, 'below_0.0001_percent_acc': 0.01, 'valid_acc': 1.0}
Epoch: 1	Batch time (1.105344)	Data time (0.025772)	Cuda time (0.000001)	Loss (14.982400)	Accuracy (0.951073)
EVALUATING
{'loss': 11.555999994277954, 'accuracy': 0.9777931952476502, 'perfect_match_accuracy': 0.444, 'cost_ratio_suggested_true': 1.0465213716030122, 'below_10.0_percent_acc': 0.988, 'below_1.0_percent_acc': 0.776, 'below_0.1_percent_acc': 0.731, 'below_0.01_percent_acc': 0.731, 'below_0.001_percent_acc': 0.707, 'below_0.0001_percent_acc': 0.706, 'valid_acc': 1.0}
Epoch: 2	Batch time (1.096292)	Data time (0.024801)	Cuda time (0.000001)	Loss (11.347000)	Accuracy (0.962482)
EVALUATING
{'loss': 10.466999940872192, 'accuracy': 0.9810956746339798, 'perfect_match_accuracy': 0.545, 'cost_ratio_suggested_true': 1.041898819208145, 'below_10.0_percent_acc': 0.991, 'below_1.0_percent_acc': 0.841, 'below_0.1_percent_acc': 0.801, 'below_0.01_percent_acc': 0.8, 'below_0.001_percent_acc': 0.784, 'below_0.0001_percent_acc': 0.784, 'valid_acc': 1.0}
Epoch: 3	Batch time (1.102742)	Data time (0.025041)	Cuda time (0.000001)	Loss (10.173000)	Accuracy (0.965011)
EVALUATING
{'loss': 9.966000142097473, 'accuracy': 0.9829012209177017, 'perfect_match_accuracy': 0.595, 'cost_ratio_suggested_true': 1.0362239682674408, 'below_10.0_percent_acc': 0.996, 'below_1.0_percent_acc': 0.864, 'below_0.1_percent_acc': 0.832, 'below_0.01_percent_acc': 0.831, 'below_0.001_percent_acc': 0.794, 'below_0.0001_percent_acc': 0.793, 'valid_acc': 1.0}
Epoch: 4	Batch time (1.100456)	Data time (0.024730)	Cuda time (0.000001)	Loss (9.561200)	Accuracy (0.967364)
EVALUATING
{'loss': 9.900000066757203, 'accuracy': 0.9832098710536957, 'perfect_match_accuracy': 0.593, 'cost_ratio_suggested_true': 1.0327948141098022, 'below_10.0_percent_acc': 0.999, 'below_1.0_percent_acc': 0.875, 'below_0.1_percent_acc': 0.844, 'below_0.01_percent_acc': 0.843, 'below_0.001_percent_acc': 0.813, 'below_0.0001_percent_acc': 0.813, 'valid_acc': 1.0}
Epoch: 5	Batch time (1.101498)	Data time (0.026357)	Cuda time (0.000001)	Loss (9.177600)	Accuracy (0.968677)
EVALUATING
{'loss': 9.363000135421753, 'accuracy': 0.9853549307584762, 'perfect_match_accuracy': 0.638, 'cost_ratio_suggested_true': 1.0325790345668793, 'below_10.0_percent_acc': 0.995, 'below_1.0_percent_acc': 0.882, 'below_0.1_percent_acc': 0.855, 'below_0.01_percent_acc': 0.855, 'below_0.001_percent_acc': 0.821, 'below_0.0001_percent_acc': 0.821, 'valid_acc': 1.0}
Epoch: 6	Batch time (1.104250)	Data time (0.026543)	Cuda time (0.000001)	Loss (8.835800)	Accuracy (0.969059)
EVALUATING
{'loss': 8.457000012397765, 'accuracy': 0.9853117161989212, 'perfect_match_accuracy': 0.629, 'cost_ratio_suggested_true': 1.034798880815506, 'below_10.0_percent_acc': 0.996, 'below_1.0_percent_acc': 0.891, 'below_0.1_percent_acc': 0.861, 'below_0.01_percent_acc': 0.861, 'below_0.001_percent_acc': 0.817, 'below_0.0001_percent_acc': 0.817, 'valid_acc': 1.0}
Epoch: 7	Batch time (1.106283)	Data time (0.024233)	Cuda time (0.000001)	Loss (8.338100)	Accuracy (0.970245)
EVALUATING
{'loss': 8.86800006866455, 'accuracy': 0.9832623308897018, 'perfect_match_accuracy': 0.599, 'cost_ratio_suggested_true': 1.0340321779251098, 'below_10.0_percent_acc': 0.998, 'below_1.0_percent_acc': 0.876, 'below_0.1_percent_acc': 0.837, 'below_0.01_percent_acc': 0.837, 'below_0.001_percent_acc': 0.816, 'below_0.0001_percent_acc': 0.816, 'valid_acc': 1.0}
Epoch: 8	Batch time (1.099933)	Data time (0.024325)	Cuda time (0.000001)	Loss (8.286100)	Accuracy (0.970846)
EVALUATING
{'loss': 8.1560000705719, 'accuracy': 0.9847191244363784, 'perfect_match_accuracy': 0.64, 'cost_ratio_suggested_true': 1.0313369023799897, 'below_10.0_percent_acc': 0.997, 'below_1.0_percent_acc': 0.891, 'below_0.1_percent_acc': 0.866, 'below_0.01_percent_acc': 0.866, 'below_0.001_percent_acc': 0.844, 'below_0.0001_percent_acc': 0.844, 'valid_acc': 1.0}
Epoch: 9	Batch time (1.102736)	Data time (0.028256)	Cuda time (0.000001)	Loss (7.773200)	Accuracy (0.971975)
EVALUATING
{'loss': 8.473999991416932, 'accuracy': 0.9850462847948074, 'perfect_match_accuracy': 0.62, 'cost_ratio_suggested_true': 1.0307684206962586, 'below_10.0_percent_acc': 0.999, 'below_1.0_percent_acc': 0.886, 'below_0.1_percent_acc': 0.856, 'below_0.01_percent_acc': 0.856, 'below_0.001_percent_acc': 0.829, 'below_0.0001_percent_acc': 0.829, 'valid_acc': 1.0}
Epoch: 10	Batch time (1.102692)	Data time (0.026084)	Cuda time (0.000001)	Loss (7.700600)	Accuracy (0.972656)
EVALUATING
{'loss': 8.503000059127807, 'accuracy': 0.9855740678310394, 'perfect_match_accuracy': 0.654, 'cost_ratio_suggested_true': 1.0348122596740723, 'below_10.0_percent_acc': 1.0, 'below_1.0_percent_acc': 0.907, 'below_0.1_percent_acc': 0.873, 'below_0.01_percent_acc': 0.873, 'below_0.001_percent_acc': 0.824, 'below_0.0001_percent_acc': 0.823, 'valid_acc': 1.0}
Epoch: 11	Batch time (1.095441)	Data time (0.025854)	Cuda time (0.000001)	Loss (7.403100)	Accuracy (0.973432)
EVALUATING
{'loss': 7.655000081062317, 'accuracy': 0.9854382646083831, 'perfect_match_accuracy': 0.634, 'cost_ratio_suggested_true': 1.027803032398224, 'below_10.0_percent_acc': 1.0, 'below_1.0_percent_acc': 0.903, 'below_0.1_percent_acc': 0.877, 'below_0.01_percent_acc': 0.877, 'below_0.001_percent_acc': 0.852, 'below_0.0001_percent_acc': 0.852, 'valid_acc': 1.0}
Epoch: 12	Batch time (1.090625)	Data time (0.024724)	Cuda time (0.000001)	Loss (7.364900)	Accuracy (0.973883)
EVALUATING
{'loss': 7.857000131607055, 'accuracy': 0.9850833207368851, 'perfect_match_accuracy': 0.646, 'cost_ratio_suggested_true': 1.0353564858436584, 'below_10.0_percent_acc': 0.995, 'below_1.0_percent_acc': 0.893, 'below_0.1_percent_acc': 0.865, 'below_0.01_percent_acc': 0.865, 'below_0.001_percent_acc': 0.832, 'below_0.0001_percent_acc': 0.832, 'valid_acc': 1.0}
Epoch: 13	Batch time (1.075549)	Data time (0.024483)	Cuda time (0.000001)	Loss (7.134600)	Accuracy (0.974213)
EVALUATING
{'loss': 7.832000074386596, 'accuracy': 0.9867314624786377, 'perfect_match_accuracy': 0.664, 'cost_ratio_suggested_true': 1.0265356361865998, 'below_10.0_percent_acc': 1.0, 'below_1.0_percent_acc': 0.919, 'below_0.1_percent_acc': 0.89, 'below_0.01_percent_acc': 0.89, 'below_0.001_percent_acc': 0.86, 'below_0.0001_percent_acc': 0.859, 'valid_acc': 1.0}
Epoch: 14	Batch time (1.071682)	Data time (0.025075)	Cuda time (0.000001)	Loss (6.847400)	Accuracy (0.975218)
EVALUATING
{'loss': 8.136000108718871, 'accuracy': 0.9837067764997482, 'perfect_match_accuracy': 0.621, 'cost_ratio_suggested_true': 1.0385712254047395, 'below_10.0_percent_acc': 0.998, 'below_1.0_percent_acc': 0.903, 'below_0.1_percent_acc': 0.862, 'below_0.01_percent_acc': 0.862, 'below_0.001_percent_acc': 0.826, 'below_0.0001_percent_acc': 0.826, 'valid_acc': 1.0}
Epoch: 15	Batch time (1.057532)	Data time (0.023168)	Cuda time (0.000001)	Loss (7.026500)	Accuracy (0.975354)
EVALUATING
{'loss': 8.240999984741212, 'accuracy': 0.9845431882143021, 'perfect_match_accuracy': 0.643, 'cost_ratio_suggested_true': 1.0376633262634278, 'below_10.0_percent_acc': 1.0, 'below_1.0_percent_acc': 0.895, 'below_0.1_percent_acc': 0.87, 'below_0.01_percent_acc': 0.87, 'below_0.001_percent_acc': 0.838, 'below_0.0001_percent_acc': 0.837, 'valid_acc': 1.0}
Epoch: 16	Batch time (1.258648)	Data time (0.025566)	Cuda time (0.000001)	Loss (6.683600)	Accuracy (0.975971)
EVALUATING
{'loss': 7.595000071525574, 'accuracy': 0.9850215893983841, 'perfect_match_accuracy': 0.615, 'cost_ratio_suggested_true': 1.0287911462783814, 'below_10.0_percent_acc': 1.0, 'below_1.0_percent_acc': 0.914, 'below_0.1_percent_acc': 0.878, 'below_0.01_percent_acc': 0.878, 'below_0.001_percent_acc': 0.85, 'below_0.0001_percent_acc': 0.85, 'valid_acc': 1.0}
Epoch: 17	Batch time (1.396467)	Data time (0.033651)	Cuda time (0.000002)	Loss (6.507500)	Accuracy (0.976317)
EVALUATING
{'loss': 7.38, 'accuracy': 0.985021590590477, 'perfect_match_accuracy': 0.647, 'cost_ratio_suggested_true': 1.0298274040222168, 'below_10.0_percent_acc': 1.0, 'below_1.0_percent_acc': 0.907, 'below_0.1_percent_acc': 0.876, 'below_0.01_percent_acc': 0.876, 'below_0.001_percent_acc': 0.848, 'below_0.0001_percent_acc': 0.848, 'valid_acc': 1.0}
Epoch: 18	Batch time (1.393080)	Data time (0.031830)	Cuda time (0.000002)	Loss (6.355300)	Accuracy (0.976758)
EVALUATING
{'loss': 7.183000054359436, 'accuracy': 0.9865586310625076, 'perfect_match_accuracy': 0.678, 'cost_ratio_suggested_true': 1.0334178745746612, 'below_10.0_percent_acc': 1.0, 'below_1.0_percent_acc': 0.911, 'below_0.1_percent_acc': 0.878, 'below_0.01_percent_acc': 0.878, 'below_0.001_percent_acc': 0.836, 'below_0.0001_percent_acc': 0.836, 'valid_acc': 1.0}
Epoch: 19	Batch time (1.375741)	Data time (0.029458)	Cuda time (0.000002)	Loss (6.492000)	Accuracy (0.977058)
EVALUATING
{'loss': 7.676999983787536, 'accuracy': 0.9860154193639755, 'perfect_match_accuracy': 0.668, 'cost_ratio_suggested_true': 1.032278437614441, 'below_10.0_percent_acc': 0.999, 'below_1.0_percent_acc': 0.92, 'below_0.1_percent_acc': 0.891, 'below_0.01_percent_acc': 0.891, 'below_0.001_percent_acc': 0.858, 'below_0.0001_percent_acc': 0.858, 'valid_acc': 1.0}
Epoch: 20	Batch time (1.362300)	Data time (0.028789)	Cuda time (0.000002)	Loss (6.138100)	Accuracy (0.977587)
EVALUATING
{'loss': 7.082000026702881, 'accuracy': 0.9869475120306015, 'perfect_match_accuracy': 0.681, 'cost_ratio_suggested_true': 1.0254173845052719, 'below_10.0_percent_acc': 1.0, 'below_1.0_percent_acc': 0.927, 'below_0.1_percent_acc': 0.901, 'below_0.01_percent_acc': 0.901, 'below_0.001_percent_acc': 0.873, 'below_0.0001_percent_acc': 0.873, 'valid_acc': 1.0}
Epoch: 21	Batch time (2.104563)	Data time (0.043248)	Cuda time (0.000002)	Loss (6.036900)	Accuracy (0.977486)
EVALUATING
{'loss': 7.067000036239624, 'accuracy': 0.985641964673996, 'perfect_match_accuracy': 0.663, 'cost_ratio_suggested_true': 1.0317408591508865, 'below_10.0_percent_acc': 1.0, 'below_1.0_percent_acc': 0.897, 'below_0.1_percent_acc': 0.867, 'below_0.01_percent_acc': 0.867, 'below_0.001_percent_acc': 0.839, 'below_0.0001_percent_acc': 0.839, 'valid_acc': 1.0}
Epoch: 22	Batch time (2.121774)	Data time (0.058966)	Cuda time (0.000002)	Loss (6.036400)	Accuracy (0.978254)
EVALUATING
{'loss': 7.460000095367431, 'accuracy': 0.9845432037115097, 'perfect_match_accuracy': 0.631, 'cost_ratio_suggested_true': 1.0330384159088135, 'below_10.0_percent_acc': 0.999, 'below_1.0_percent_acc': 0.892, 'below_0.1_percent_acc': 0.853, 'below_0.01_percent_acc': 0.853, 'below_0.001_percent_acc': 0.824, 'below_0.0001_percent_acc': 0.824, 'valid_acc': 1.0}
Epoch: 23	Batch time (2.102072)	Data time (0.049712)	Cuda time (0.000002)	Loss (5.724800)	Accuracy (0.978952)
EVALUATING
{'loss': 7.155000023841858, 'accuracy': 0.986691352725029, 'perfect_match_accuracy': 0.683, 'cost_ratio_suggested_true': 1.0245248258113862, 'below_10.0_percent_acc': 0.999, 'below_1.0_percent_acc': 0.924, 'below_0.1_percent_acc': 0.894, 'below_0.01_percent_acc': 0.894, 'below_0.001_percent_acc': 0.866, 'below_0.0001_percent_acc': 0.866, 'valid_acc': 1.0}
Epoch: 24	Batch time (2.096990)	Data time (0.037382)	Cuda time (0.000002)	Loss (5.790600)	Accuracy (0.979196)
EVALUATING
{'loss': 7.340000019073487, 'accuracy': 0.9850802284479141, 'perfect_match_accuracy': 0.664, 'cost_ratio_suggested_true': 1.0346355998516084, 'below_10.0_percent_acc': 0.997, 'below_1.0_percent_acc': 0.885, 'below_0.1_percent_acc': 0.858, 'below_0.01_percent_acc': 0.858, 'below_0.001_percent_acc': 0.822, 'below_0.0001_percent_acc': 0.822, 'valid_acc': 1.0}
Epoch: 25	Batch time (2.063862)	Data time (0.042679)	Cuda time (0.000002)	Loss (5.599700)	Accuracy (0.979533)
EVALUATING
{'loss': 7.374000020027161, 'accuracy': 0.9869351744651794, 'perfect_match_accuracy': 0.69, 'cost_ratio_suggested_true': 1.0272599172592163, 'below_10.0_percent_acc': 1.0, 'below_1.0_percent_acc': 0.932, 'below_0.1_percent_acc': 0.899, 'below_0.01_percent_acc': 0.899, 'below_0.001_percent_acc': 0.86, 'below_0.0001_percent_acc': 0.86, 'valid_acc': 1.0}
Epoch: 26	Batch time (2.041011)	Data time (0.040057)	Cuda time (0.000002)	Loss (5.537900)	Accuracy (0.979579)
EVALUATING
{'loss': 6.573000044822693, 'accuracy': 0.9877777695655823, 'perfect_match_accuracy': 0.699, 'cost_ratio_suggested_true': 1.0233834171295166, 'below_10.0_percent_acc': 1.0, 'below_1.0_percent_acc': 0.93, 'below_0.1_percent_acc': 0.902, 'below_0.01_percent_acc': 0.902, 'below_0.001_percent_acc': 0.872, 'below_0.0001_percent_acc': 0.872, 'valid_acc': 1.0}
Epoch: 27	Batch time (2.114343)	Data time (0.047228)	Cuda time (0.000002)	Loss (5.395900)	Accuracy (0.980113)
EVALUATING
{'loss': 7.015000057220459, 'accuracy': 0.985611099600792, 'perfect_match_accuracy': 0.653, 'cost_ratio_suggested_true': 1.0296324121952056, 'below_10.0_percent_acc': 1.0, 'below_1.0_percent_acc': 0.921, 'below_0.1_percent_acc': 0.878, 'below_0.01_percent_acc': 0.878, 'below_0.001_percent_acc': 0.854, 'below_0.0001_percent_acc': 0.854, 'valid_acc': 1.0}
Epoch: 28	Batch time (2.055709)	Data time (0.047070)	Cuda time (0.000001)	Loss (5.290800)	Accuracy (0.980204)
EVALUATING
{'loss': 6.989000000953674, 'accuracy': 0.9854938077926636, 'perfect_match_accuracy': 0.667, 'cost_ratio_suggested_true': 1.030818223953247, 'below_10.0_percent_acc': 0.999, 'below_1.0_percent_acc': 0.91, 'below_0.1_percent_acc': 0.878, 'below_0.01_percent_acc': 0.877, 'below_0.001_percent_acc': 0.847, 'below_0.0001_percent_acc': 0.847, 'valid_acc': 1.0}
Epoch: 29	Batch time (2.048938)	Data time (0.037841)	Cuda time (0.000001)	Loss (5.200600)	Accuracy (0.980844)
EVALUATING
{'loss': 6.548000049591065, 'accuracy': 0.9855678844451904, 'perfect_match_accuracy': 0.668, 'cost_ratio_suggested_true': 1.0327871596813203, 'below_10.0_percent_acc': 1.0, 'below_1.0_percent_acc': 0.908, 'below_0.1_percent_acc': 0.879, 'below_0.01_percent_acc': 0.879, 'below_0.001_percent_acc': 0.852, 'below_0.0001_percent_acc': 0.852, 'valid_acc': 1.0}
Epoch: 30	Batch time (2.057847)	Data time (0.040647)	Cuda time (0.000001)	Loss (5.041100)	Accuracy (0.980917)
EVALUATING
{'loss': 6.780000023841858, 'accuracy': 0.9863580137491226, 'perfect_match_accuracy': 0.678, 'cost_ratio_suggested_true': 1.0279161286354066, 'below_10.0_percent_acc': 1.0, 'below_1.0_percent_acc': 0.92, 'below_0.1_percent_acc': 0.886, 'below_0.01_percent_acc': 0.886, 'below_0.001_percent_acc': 0.855, 'below_0.0001_percent_acc': 0.855, 'valid_acc': 1.0}
Epoch: 31	Batch time (2.006173)	Data time (0.039199)	Cuda time (0.000001)	Loss (4.492900)	Accuracy (0.982529)
EVALUATING
{'loss': 6.279000029563904, 'accuracy': 0.9877129501104355, 'perfect_match_accuracy': 0.704, 'cost_ratio_suggested_true': 1.02446972489357, 'below_10.0_percent_acc': 1.0, 'below_1.0_percent_acc': 0.929, 'below_0.1_percent_acc': 0.902, 'below_0.01_percent_acc': 0.902, 'below_0.001_percent_acc': 0.87, 'below_0.0001_percent_acc': 0.87, 'valid_acc': 1.0}
Epoch: 32	Batch time (1.914150)	Data time (0.041165)	Cuda time (0.000001)	Loss (4.200700)	Accuracy (0.983552)
EVALUATING
{'loss': 6.09000002861023, 'accuracy': 0.9878302383422851, 'perfect_match_accuracy': 0.708, 'cost_ratio_suggested_true': 1.0244256615638734, 'below_10.0_percent_acc': 1.0, 'below_1.0_percent_acc': 0.931, 'below_0.1_percent_acc': 0.907, 'below_0.01_percent_acc': 0.907, 'below_0.001_percent_acc': 0.88, 'below_0.0001_percent_acc': 0.88, 'valid_acc': 1.0}
Epoch: 33	Batch time (1.329256)	Data time (0.029520)	Cuda time (0.000001)	Loss (4.140000)	Accuracy (0.984069)
EVALUATING
{'loss': 6.177999992370605, 'accuracy': 0.9880864065885544, 'perfect_match_accuracy': 0.713, 'cost_ratio_suggested_true': 1.0239909756183625, 'below_10.0_percent_acc': 1.0, 'below_1.0_percent_acc': 0.93, 'below_0.1_percent_acc': 0.905, 'below_0.01_percent_acc': 0.905, 'below_0.001_percent_acc': 0.88, 'below_0.0001_percent_acc': 0.88, 'valid_acc': 1.0}
Epoch: 34	Batch time (1.313706)	Data time (0.029701)	Cuda time (0.000001)	Loss (3.988700)	Accuracy (0.983907)
EVALUATING
{'loss': 6.358000087738037, 'accuracy': 0.9878055423498153, 'perfect_match_accuracy': 0.708, 'cost_ratio_suggested_true': 1.0238126361370086, 'below_10.0_percent_acc': 1.0, 'below_1.0_percent_acc': 0.927, 'below_0.1_percent_acc': 0.901, 'below_0.01_percent_acc': 0.901, 'below_0.001_percent_acc': 0.869, 'below_0.0001_percent_acc': 0.869, 'valid_acc': 1.0}
Epoch: 35	Batch time (1.317918)	Data time (0.031658)	Cuda time (0.000001)	Loss (3.964500)	Accuracy (0.984278)
EVALUATING
{'loss': 6.0669999694824215, 'accuracy': 0.9882931923866272, 'perfect_match_accuracy': 0.715, 'cost_ratio_suggested_true': 1.0234078538417817, 'below_10.0_percent_acc': 1.0, 'below_1.0_percent_acc': 0.938, 'below_0.1_percent_acc': 0.914, 'below_0.01_percent_acc': 0.914, 'below_0.001_percent_acc': 0.881, 'below_0.0001_percent_acc': 0.881, 'valid_acc': 1.0}
Epoch: 36	Batch time (1.329999)	Data time (0.035783)	Cuda time (0.000001)	Loss (3.831100)	Accuracy (0.984902)
EVALUATING
{'loss': 6.523000087738037, 'accuracy': 0.9882839393615722, 'perfect_match_accuracy': 0.715, 'cost_ratio_suggested_true': 1.0229967796802522, 'below_10.0_percent_acc': 1.0, 'below_1.0_percent_acc': 0.939, 'below_0.1_percent_acc': 0.912, 'below_0.01_percent_acc': 0.912, 'below_0.001_percent_acc': 0.882, 'below_0.0001_percent_acc': 0.882, 'valid_acc': 1.0}
Epoch: 37	Batch time (1.335015)	Data time (0.030658)	Cuda time (0.000001)	Loss (3.858900)	Accuracy (0.984416)
EVALUATING
{'loss': 6.252000017166138, 'accuracy': 0.9881296193599701, 'perfect_match_accuracy': 0.718, 'cost_ratio_suggested_true': 1.025812222957611, 'below_10.0_percent_acc': 1.0, 'below_1.0_percent_acc': 0.931, 'below_0.1_percent_acc': 0.906, 'below_0.01_percent_acc': 0.906, 'below_0.001_percent_acc': 0.873, 'below_0.0001_percent_acc': 0.873, 'valid_acc': 1.0}
Epoch: 38	Batch time (1.146051)	Data time (0.029361)	Cuda time (0.000001)	Loss (3.835400)	Accuracy (0.984407)
EVALUATING
{'loss': 6.126000032424927, 'accuracy': 0.9880215901136399, 'perfect_match_accuracy': 0.715, 'cost_ratio_suggested_true': 1.0235869574546814, 'below_10.0_percent_acc': 1.0, 'below_1.0_percent_acc': 0.934, 'below_0.1_percent_acc': 0.911, 'below_0.01_percent_acc': 0.911, 'below_0.001_percent_acc': 0.881, 'below_0.0001_percent_acc': 0.881, 'valid_acc': 1.0}
Epoch: 39	Batch time (1.090849)	Data time (0.025565)	Cuda time (0.000001)	Loss (3.885600)	Accuracy (0.984979)
EVALUATING
{'loss': 6.373000090122223, 'accuracy': 0.9880987566709518, 'perfect_match_accuracy': 0.719, 'cost_ratio_suggested_true': 1.0239540362358093, 'below_10.0_percent_acc': 1.0, 'below_1.0_percent_acc': 0.929, 'below_0.1_percent_acc': 0.904, 'below_0.01_percent_acc': 0.904, 'below_0.001_percent_acc': 0.873, 'below_0.0001_percent_acc': 0.873, 'valid_acc': 1.0}
Epoch: 40	Batch time (1.098365)	Data time (0.025585)	Cuda time (0.000001)	Loss (3.840100)	Accuracy (0.984904)
EVALUATING
{'loss': 6.130000009536743, 'accuracy': 0.9875370281934738, 'perfect_match_accuracy': 0.706, 'cost_ratio_suggested_true': 1.024869669675827, 'below_10.0_percent_acc': 1.0, 'below_1.0_percent_acc': 0.924, 'below_0.1_percent_acc': 0.895, 'below_0.01_percent_acc': 0.895, 'below_0.001_percent_acc': 0.859, 'below_0.0001_percent_acc': 0.859, 'valid_acc': 1.0}
Epoch: 41	Batch time (1.096804)	Data time (0.024952)	Cuda time (0.000001)	Loss (3.658700)	Accuracy (0.985094)
EVALUATING
{'loss': 6.15900007724762, 'accuracy': 0.9882376408576965, 'perfect_match_accuracy': 0.717, 'cost_ratio_suggested_true': 1.024584019780159, 'below_10.0_percent_acc': 1.0, 'below_1.0_percent_acc': 0.93, 'below_0.1_percent_acc': 0.904, 'below_0.01_percent_acc': 0.904, 'below_0.001_percent_acc': 0.873, 'below_0.0001_percent_acc': 0.873, 'valid_acc': 1.0}
Epoch: 42	Batch time (1.094857)	Data time (0.024866)	Cuda time (0.000001)	Loss (3.715300)	Accuracy (0.984891)
EVALUATING
{'loss': 6.114000058174133, 'accuracy': 0.9879073971509933, 'perfect_match_accuracy': 0.709, 'cost_ratio_suggested_true': 1.0244849479198457, 'below_10.0_percent_acc': 1.0, 'below_1.0_percent_acc': 0.928, 'below_0.1_percent_acc': 0.901, 'below_0.01_percent_acc': 0.901, 'below_0.001_percent_acc': 0.87, 'below_0.0001_percent_acc': 0.87, 'valid_acc': 1.0}
Epoch: 43	Batch time (1.103624)	Data time (0.025132)	Cuda time (0.000001)	Loss (3.644100)	Accuracy (0.985259)
EVALUATING
{'loss': 6.55800003528595, 'accuracy': 0.9879536890983581, 'perfect_match_accuracy': 0.714, 'cost_ratio_suggested_true': 1.0246983873844147, 'below_10.0_percent_acc': 1.0, 'below_1.0_percent_acc': 0.929, 'below_0.1_percent_acc': 0.903, 'below_0.01_percent_acc': 0.903, 'below_0.001_percent_acc': 0.871, 'below_0.0001_percent_acc': 0.871, 'valid_acc': 1.0}
Epoch: 44	Batch time (1.099482)	Data time (0.025615)	Cuda time (0.000001)	Loss (3.590400)	Accuracy (0.985260)
EVALUATING
{'loss': 6.014000058174133, 'accuracy': 0.9879382556676864, 'perfect_match_accuracy': 0.713, 'cost_ratio_suggested_true': 1.0249536001682282, 'below_10.0_percent_acc': 1.0, 'below_1.0_percent_acc': 0.929, 'below_0.1_percent_acc': 0.902, 'below_0.01_percent_acc': 0.902, 'below_0.001_percent_acc': 0.871, 'below_0.0001_percent_acc': 0.871, 'valid_acc': 1.0}
Epoch: 45	Batch time (1.102411)	Data time (0.025038)	Cuda time (0.000001)	Loss (3.735600)	Accuracy (0.985280)
EVALUATING
{'loss': 6.036000051498413, 'accuracy': 0.9878549218177796, 'perfect_match_accuracy': 0.715, 'cost_ratio_suggested_true': 1.0247961533069612, 'below_10.0_percent_acc': 1.0, 'below_1.0_percent_acc': 0.929, 'below_0.1_percent_acc': 0.902, 'below_0.01_percent_acc': 0.902, 'below_0.001_percent_acc': 0.87, 'below_0.0001_percent_acc': 0.87, 'valid_acc': 1.0}
Epoch: 46	Batch time (1.104409)	Data time (0.026645)	Cuda time (0.000001)	Loss (3.666400)	Accuracy (0.985218)
EVALUATING
{'loss': 6.236000027656555, 'accuracy': 0.9879135638475418, 'perfect_match_accuracy': 0.711, 'cost_ratio_suggested_true': 1.0250577247142791, 'below_10.0_percent_acc': 1.0, 'below_1.0_percent_acc': 0.93, 'below_0.1_percent_acc': 0.903, 'below_0.01_percent_acc': 0.903, 'below_0.001_percent_acc': 0.871, 'below_0.0001_percent_acc': 0.871, 'valid_acc': 1.0}
Epoch: 47	Batch time (1.097048)	Data time (0.024492)	Cuda time (0.000001)	Loss (3.628500)	Accuracy (0.985587)
EVALUATING
{'loss': 6.211000061035156, 'accuracy': 0.9878178924322129, 'perfect_match_accuracy': 0.712, 'cost_ratio_suggested_true': 1.025263854265213, 'below_10.0_percent_acc': 1.0, 'below_1.0_percent_acc': 0.928, 'below_0.1_percent_acc': 0.9, 'below_0.01_percent_acc': 0.9, 'below_0.001_percent_acc': 0.869, 'below_0.0001_percent_acc': 0.869, 'valid_acc': 1.0}
Epoch: 48	Batch time (1.091576)	Data time (0.025382)	Cuda time (0.000001)	Loss (3.736300)	Accuracy (0.984871)
EVALUATING
{'loss': 5.953000016212464, 'accuracy': 0.9879351806640625, 'perfect_match_accuracy': 0.714, 'cost_ratio_suggested_true': 1.025182719230652, 'below_10.0_percent_acc': 1.0, 'below_1.0_percent_acc': 0.93, 'below_0.1_percent_acc': 0.903, 'below_0.01_percent_acc': 0.903, 'below_0.001_percent_acc': 0.872, 'below_0.0001_percent_acc': 0.872, 'valid_acc': 1.0}
Epoch: 49	Batch time (1.089575)	Data time (0.025785)	Cuda time (0.000001)	Loss (3.673200)	Accuracy (0.985459)
EVALUATING
{'loss': 6.264000005722046, 'accuracy': 0.9879475224018097, 'perfect_match_accuracy': 0.71, 'cost_ratio_suggested_true': 1.0246588337421416, 'below_10.0_percent_acc': 1.0, 'below_1.0_percent_acc': 0.93, 'below_0.1_percent_acc': 0.903, 'below_0.01_percent_acc': 0.903, 'below_0.001_percent_acc': 0.87, 'below_0.0001_percent_acc': 0.87, 'valid_acc': 1.0}
Epoch: 50	Batch time (1.096735)	Data time (0.025151)	Cuda time (0.000001)	Loss (3.578300)	Accuracy (0.985270)
EVALUATING
{'loss': 6.120000004768372, 'accuracy': 0.9881512194871902, 'perfect_match_accuracy': 0.718, 'cost_ratio_suggested_true': 1.024863486289978, 'below_10.0_percent_acc': 1.0, 'below_1.0_percent_acc': 0.931, 'below_0.1_percent_acc': 0.904, 'below_0.01_percent_acc': 0.904, 'below_0.001_percent_acc': 0.873, 'below_0.0001_percent_acc': 0.873, 'valid_acc': 1.0}
