No existing entry for trainer_params.mode.type
{}[type] = <class 'int'>(5)
No existing entry for trainer_params.mode.objective_type
{'type': 5}[objective_type] = <class 'str'>(dpo)
No existing entry for trainer_params.mode.use_marginal
{'type': 5, 'objective_type': 'dpo'}[use_marginal] = <class 'bool'>(True)
No existing entry for trainer_params.mode.nb_samples
{'type': 5, 'objective_type': 'dpo', 'use_marginal': True}[nb_samples] = <class 'int'>(1)
No existing entry for trainer_params.mode.temperature
{'type': 5, 'objective_type': 'dpo', 'use_marginal': True, 'nb_samples': 1}[temperature] = <class 'float'>(10.0)
No existing entry for trainer_params.mode.use_gamma
{'type': 5, 'objective_type': 'dpo', 'use_marginal': True, 'nb_samples': 1, 'temperature': 10.0}[use_gamma] = <class 'bool'>(False)
No existing entry for trainer_params.mode.loss_type
{'type': 5, 'objective_type': 'dpo', 'use_marginal': True, 'nb_samples': 1, 'temperature': 10.0, 'use_gamma': False}[loss_type] = <class 'str'>(fy)
No existing entry for trainer_params.mode.perturb_w
{'type': 5, 'objective_type': 'dpo', 'use_marginal': True, 'nb_samples': 1, 'temperature': 10.0, 'use_gamma': False, 'loss_type': 'fy'}[perturb_w] = <class 'bool'>(False)
No existing entry for trainer_params.mode.perturb_w_prime
{'type': 5, 'objective_type': 'dpo', 'use_marginal': True, 'nb_samples': 1, 'temperature': 10.0, 'use_gamma': False, 'loss_type': 'fy', 'perturb_w': False}[perturb_w_prime] = <class 'bool'>(False)
{'batch_size': 70, 'l1_regconst': 0.0, 'lambda_val': 20.0, 'lr_milestone_1': 30, 'lr_milestone_2': 40, 'model_params': {'arch_params': {}, 'model_name': 'CombResnet18'}, 'neighbourhood_fn': '8-grid', 'optimizer_name': 'Adam', 'optimizer_params': {'lr': 0.0005}, 'preload_batch': True, 'use_cuda': True, 'use_lr_scheduling': True, 'mode': {'type': 5, 'objective_type': 'dpo', 'use_marginal': True, 'nb_samples': 1, 'temperature': 10.0, 'use_gamma': False, 'loss_type': 'fy', 'perturb_w': False, 'perturb_w_prime': False}}[lambda_val] = <class 'float'>(0.0)
No existing entry for trainer_params.mode.dpo.maximize
{}[maximize] = <class 'bool'>(False)
{'data_dir': 'data/warcraft_shortest_path/12x12', 'evaluate_with_extra': False, 'normalize': True, 'use_local_path': False, 'use_test_set': True}[data_dir] = <class 'str'>(data/warcraft_shortest_path/18x18)
{'evaluate_every': 5, 'loader_params': {'data_dir': 'data/warcraft_shortest_path/18x18', 'evaluate_with_extra': False, 'normalize': True, 'use_local_path': False, 'use_test_set': True}, 'model_dir': 'results/warcraft_shortest_path_combresnet', 'num_cpus': 40, 'num_epochs': 50, 'problem_type': 'warcraft_shortest_path', 'ray_params': {}, 'save_visualizations': False, 'seed': 1, 'trainer_name': 'DijkstraMAP', 'trainer_params': {'batch_size': 70, 'l1_regconst': 0.0, 'lambda_val': 0.0, 'lr_milestone_1': 30, 'lr_milestone_2': 40, 'model_params': {'arch_params': {}, 'model_name': 'CombResnet18'}, 'neighbourhood_fn': '8-grid', 'optimizer_name': 'Adam', 'optimizer_params': {'lr': 0.0005}, 'preload_batch': True, 'use_cuda': True, 'use_lr_scheduling': True, 'mode': {'type': 5, 'objective_type': 'dpo', 'use_marginal': True, 'nb_samples': 1, 'temperature': 10.0, 'use_gamma': False, 'loss_type': 'fy', 'perturb_w': False, 'perturb_w_prime': False, 'dpo': {'maximize': False}}}, 'use_ray': True}[seed] = <class 'int'>(3)
{'evaluate_every': 5, 'loader_params': {'data_dir': 'data/warcraft_shortest_path/18x18', 'evaluate_with_extra': False, 'normalize': True, 'use_local_path': False, 'use_test_set': True}, 'model_dir': 'results/warcraft_shortest_path_combresnet', 'num_cpus': 40, 'num_epochs': 50, 'problem_type': 'warcraft_shortest_path', 'ray_params': {}, 'save_visualizations': False, 'seed': 3, 'trainer_name': 'DijkstraMAP', 'trainer_params': {'batch_size': 70, 'l1_regconst': 0.0, 'lambda_val': 0.0, 'lr_milestone_1': 30, 'lr_milestone_2': 40, 'model_params': {'arch_params': {}, 'model_name': 'CombResnet18'}, 'neighbourhood_fn': '8-grid', 'optimizer_name': 'Adam', 'optimizer_params': {'lr': 0.0005}, 'preload_batch': True, 'use_cuda': True, 'use_lr_scheduling': True, 'mode': {'type': 5, 'objective_type': 'dpo', 'use_marginal': True, 'nb_samples': 1, 'temperature': 10.0, 'use_gamma': False, 'loss_type': 'fy', 'perturb_w': False, 'perturb_w_prime': False, 'dpo': {'maximize': False}}}, 'use_ray': True}[evaluate_every] = <class 'int'>(1)
{'evaluate_every': 1, 'loader_params': {'data_dir': 'data/warcraft_shortest_path/18x18', 'evaluate_with_extra': False, 'normalize': True, 'use_local_path': False, 'use_test_set': True}, 'model_dir': 'results/warcraft_shortest_path_combresnet', 'num_cpus': 40, 'num_epochs': 50, 'problem_type': 'warcraft_shortest_path', 'ray_params': {}, 'save_visualizations': False, 'seed': 3, 'trainer_name': 'DijkstraMAP', 'trainer_params': {'batch_size': 70, 'l1_regconst': 0.0, 'lambda_val': 0.0, 'lr_milestone_1': 30, 'lr_milestone_2': 40, 'model_params': {'arch_params': {}, 'model_name': 'CombResnet18'}, 'neighbourhood_fn': '8-grid', 'optimizer_name': 'Adam', 'optimizer_params': {'lr': 0.0005}, 'preload_batch': True, 'use_cuda': True, 'use_lr_scheduling': True, 'mode': {'type': 5, 'objective_type': 'dpo', 'use_marginal': True, 'nb_samples': 1, 'temperature': 10.0, 'use_gamma': False, 'loss_type': 'fy', 'perturb_w': False, 'perturb_w_prime': False, 'dpo': {'maximize': False}}}, 'use_ray': True}[use_ray] = <class 'bool'>(False)
No existing entry for trainer_params.mode.type
{}[type] = <class 'int'>(5)
No existing entry for trainer_params.mode.objective_type
{'type': 5}[objective_type] = <class 'str'>(dpo)
No existing entry for trainer_params.mode.use_marginal
{'type': 5, 'objective_type': 'dpo'}[use_marginal] = <class 'bool'>(True)
No existing entry for trainer_params.mode.nb_samples
{'type': 5, 'objective_type': 'dpo', 'use_marginal': True}[nb_samples] = <class 'int'>(1)
No existing entry for trainer_params.mode.temperature
{'type': 5, 'objective_type': 'dpo', 'use_marginal': True, 'nb_samples': 1}[temperature] = <class 'float'>(10.0)
No existing entry for trainer_params.mode.use_gamma
{'type': 5, 'objective_type': 'dpo', 'use_marginal': True, 'nb_samples': 1, 'temperature': 10.0}[use_gamma] = <class 'bool'>(False)
No existing entry for trainer_params.mode.loss_type
{'type': 5, 'objective_type': 'dpo', 'use_marginal': True, 'nb_samples': 1, 'temperature': 10.0, 'use_gamma': False}[loss_type] = <class 'str'>(fy)
No existing entry for trainer_params.mode.perturb_w
{'type': 5, 'objective_type': 'dpo', 'use_marginal': True, 'nb_samples': 1, 'temperature': 10.0, 'use_gamma': False, 'loss_type': 'fy'}[perturb_w] = <class 'bool'>(False)
No existing entry for trainer_params.mode.perturb_w_prime
{'type': 5, 'objective_type': 'dpo', 'use_marginal': True, 'nb_samples': 1, 'temperature': 10.0, 'use_gamma': False, 'loss_type': 'fy', 'perturb_w': False}[perturb_w_prime] = <class 'bool'>(False)
{'batch_size': 70, 'l1_regconst': 0.0, 'lambda_val': 20.0, 'lr_milestone_1': 30, 'lr_milestone_2': 40, 'model_params': {'arch_params': {}, 'model_name': 'CombResnet18'}, 'neighbourhood_fn': '8-grid', 'optimizer_name': 'Adam', 'optimizer_params': {'lr': 0.0005}, 'preload_batch': True, 'use_cuda': True, 'use_lr_scheduling': True, 'mode': {'type': 5, 'objective_type': 'dpo', 'use_marginal': True, 'nb_samples': 1, 'temperature': 10.0, 'use_gamma': False, 'loss_type': 'fy', 'perturb_w': False, 'perturb_w_prime': False}}[lambda_val] = <class 'float'>(0.0)
No existing entry for trainer_params.mode.dpo.maximize
{}[maximize] = <class 'bool'>(False)
{'data_dir': 'data/warcraft_shortest_path/12x12', 'evaluate_with_extra': False, 'normalize': True, 'use_local_path': False, 'use_test_set': True}[data_dir] = <class 'str'>(data/warcraft_shortest_path/18x18)
{'evaluate_every': 5, 'loader_params': {'data_dir': 'data/warcraft_shortest_path/18x18', 'evaluate_with_extra': False, 'normalize': True, 'use_local_path': False, 'use_test_set': True}, 'model_dir': 'results/warcraft_shortest_path_combresnet', 'num_cpus': 40, 'num_epochs': 50, 'problem_type': 'warcraft_shortest_path', 'ray_params': {}, 'save_visualizations': False, 'seed': 1, 'trainer_name': 'DijkstraMAP', 'trainer_params': {'batch_size': 70, 'l1_regconst': 0.0, 'lambda_val': 0.0, 'lr_milestone_1': 30, 'lr_milestone_2': 40, 'model_params': {'arch_params': {}, 'model_name': 'CombResnet18'}, 'neighbourhood_fn': '8-grid', 'optimizer_name': 'Adam', 'optimizer_params': {'lr': 0.0005}, 'preload_batch': True, 'use_cuda': True, 'use_lr_scheduling': True, 'mode': {'type': 5, 'objective_type': 'dpo', 'use_marginal': True, 'nb_samples': 1, 'temperature': 10.0, 'use_gamma': False, 'loss_type': 'fy', 'perturb_w': False, 'perturb_w_prime': False, 'dpo': {'maximize': False}}}, 'use_ray': True}[seed] = <class 'int'>(3)
{'evaluate_every': 5, 'loader_params': {'data_dir': 'data/warcraft_shortest_path/18x18', 'evaluate_with_extra': False, 'normalize': True, 'use_local_path': False, 'use_test_set': True}, 'model_dir': 'results/warcraft_shortest_path_combresnet', 'num_cpus': 40, 'num_epochs': 50, 'problem_type': 'warcraft_shortest_path', 'ray_params': {}, 'save_visualizations': False, 'seed': 3, 'trainer_name': 'DijkstraMAP', 'trainer_params': {'batch_size': 70, 'l1_regconst': 0.0, 'lambda_val': 0.0, 'lr_milestone_1': 30, 'lr_milestone_2': 40, 'model_params': {'arch_params': {}, 'model_name': 'CombResnet18'}, 'neighbourhood_fn': '8-grid', 'optimizer_name': 'Adam', 'optimizer_params': {'lr': 0.0005}, 'preload_batch': True, 'use_cuda': True, 'use_lr_scheduling': True, 'mode': {'type': 5, 'objective_type': 'dpo', 'use_marginal': True, 'nb_samples': 1, 'temperature': 10.0, 'use_gamma': False, 'loss_type': 'fy', 'perturb_w': False, 'perturb_w_prime': False, 'dpo': {'maximize': False}}}, 'use_ray': True}[evaluate_every] = <class 'int'>(1)
{'evaluate_every': 1, 'loader_params': {'data_dir': 'data/warcraft_shortest_path/18x18', 'evaluate_with_extra': False, 'normalize': True, 'use_local_path': False, 'use_test_set': True}, 'model_dir': 'results/warcraft_shortest_path_combresnet', 'num_cpus': 40, 'num_epochs': 50, 'problem_type': 'warcraft_shortest_path', 'ray_params': {}, 'save_visualizations': False, 'seed': 3, 'trainer_name': 'DijkstraMAP', 'trainer_params': {'batch_size': 70, 'l1_regconst': 0.0, 'lambda_val': 0.0, 'lr_milestone_1': 30, 'lr_milestone_2': 40, 'model_params': {'arch_params': {}, 'model_name': 'CombResnet18'}, 'neighbourhood_fn': '8-grid', 'optimizer_name': 'Adam', 'optimizer_params': {'lr': 0.0005}, 'preload_batch': True, 'use_cuda': True, 'use_lr_scheduling': True, 'mode': {'type': 5, 'objective_type': 'dpo', 'use_marginal': True, 'nb_samples': 1, 'temperature': 10.0, 'use_gamma': False, 'loss_type': 'fy', 'perturb_w': False, 'perturb_w_prime': False, 'dpo': {'maximize': False}}}, 'use_ray': True}[use_ray] = <class 'bool'>(False)
{
    "evaluate_every": 1,
    "loader_params": {
        "data_dir": "data/warcraft_shortest_path/18x18",
        "evaluate_with_extra": false,
        "normalize": true,
        "use_local_path": false,
        "use_test_set": true
    },
    "model_dir": "results/warcraft_shortest_path_combresnet",
    "num_cpus": 40,
    "num_epochs": 50,
    "problem_type": "warcraft_shortest_path",
    "ray_params": {},
    "save_visualizations": false,
    "seed": 3,
    "trainer_name": "DijkstraMAP",
    "trainer_params": {
        "batch_size": 70,
        "l1_regconst": 0.0,
        "lambda_val": 0.0,
        "lr_milestone_1": 30,
        "lr_milestone_2": 40,
        "mode": {
            "dpo": {
                "maximize": false
            },
            "loss_type": "fy",
            "nb_samples": 1,
            "objective_type": "dpo",
            "perturb_w": false,
            "perturb_w_prime": false,
            "temperature": 10.0,
            "type": 5,
            "use_gamma": false,
            "use_marginal": true
        },
        "model_params": {
            "arch_params": {},
            "model_name": "CombResnet18"
        },
        "neighbourhood_fn": "8-grid",
        "optimizer_name": "Adam",
        "optimizer_params": {
            "lr": 0.0005
        },
        "preload_batch": true,
        "use_cuda": true,
        "use_lr_scheduling": true
    },
    "use_ray": false
}
MAP-BACKPROP MODE: {
    "dpo": {
        "maximize": false
    },
    "loss_type": "fy",
    "nb_samples": 1,
    "objective_type": "dpo",
    "perturb_w": false,
    "perturb_w_prime": false,
    "temperature": 10.0,
    "type": 5,
    "use_gamma": false,
    "use_marginal": true
}
True
META: {'input_image_size': 144, 'output_features': 324, 'num_channels': 3, 'denormalize': <maprop.decorators.input_to_numpy object at 0x2b2493800e80>}
EVALUATING
{'loss': 116.10300086975097, 'accuracy': 0.9082222139835358, 'perfect_match_accuracy': 0.008, 'cost_ratio_suggested_true': 2.685205645561218, 'below_10.0_percent_acc': 0.076, 'below_1.0_percent_acc': 0.019, 'below_0.1_percent_acc': 0.016, 'below_0.01_percent_acc': 0.016, 'below_0.001_percent_acc': 0.014, 'below_0.0001_percent_acc': 0.014, 'valid_acc': 1.0}
Epoch: 1	Batch time (1.563439)	Data time (0.018235)	Cuda time (0.000002)	Loss (101.013601)	Accuracy (0.786901)
EVALUATING
{'loss': 93.77400115966798, 'accuracy': 0.9123148077726364, 'perfect_match_accuracy': 0.009, 'cost_ratio_suggested_true': 1.8638868820667267, 'below_10.0_percent_acc': 0.379, 'below_1.0_percent_acc': 0.086, 'below_0.1_percent_acc': 0.075, 'below_0.01_percent_acc': 0.075, 'below_0.001_percent_acc': 0.068, 'below_0.0001_percent_acc': 0.068, 'valid_acc': 1.0}
Epoch: 2	Batch time (1.492124)	Data time (0.017695)	Cuda time (0.000002)	Loss (91.384301)	Accuracy (0.823023)
EVALUATING
{'loss': 86.45300109863281, 'accuracy': 0.9259259122610092, 'perfect_match_accuracy': 0.025, 'cost_ratio_suggested_true': 1.657604945898056, 'below_10.0_percent_acc': 0.494, 'below_1.0_percent_acc': 0.192, 'below_0.1_percent_acc': 0.171, 'below_0.01_percent_acc': 0.171, 'below_0.001_percent_acc': 0.162, 'below_0.0001_percent_acc': 0.162, 'valid_acc': 1.0}
Epoch: 3	Batch time (1.460903)	Data time (0.017603)	Cuda time (0.000002)	Loss (85.327700)	Accuracy (0.838468)
EVALUATING
{'loss': 84.49400054931641, 'accuracy': 0.9297006046772003, 'perfect_match_accuracy': 0.047, 'cost_ratio_suggested_true': 1.7269099760055542, 'below_10.0_percent_acc': 0.472, 'below_1.0_percent_acc': 0.227, 'below_0.1_percent_acc': 0.201, 'below_0.01_percent_acc': 0.201, 'below_0.001_percent_acc': 0.192, 'below_0.0001_percent_acc': 0.192, 'valid_acc': 1.0}
Epoch: 4	Batch time (1.468054)	Data time (0.018498)	Cuda time (0.000002)	Loss (79.304800)	Accuracy (0.850836)
EVALUATING
{'loss': 75.65800079345703, 'accuracy': 0.9371080166101455, 'perfect_match_accuracy': 0.062, 'cost_ratio_suggested_true': 1.5126532864570619, 'below_10.0_percent_acc': 0.554, 'below_1.0_percent_acc': 0.275, 'below_0.1_percent_acc': 0.25, 'below_0.01_percent_acc': 0.25, 'below_0.001_percent_acc': 0.235, 'below_0.0001_percent_acc': 0.235, 'valid_acc': 1.0}
Epoch: 5	Batch time (1.524222)	Data time (0.021180)	Cuda time (0.000003)	Loss (73.897601)	Accuracy (0.858888)
EVALUATING
{'loss': 71.32100120544433, 'accuracy': 0.937336403131485, 'perfect_match_accuracy': 0.086, 'cost_ratio_suggested_true': 1.5688604784011841, 'below_10.0_percent_acc': 0.526, 'below_1.0_percent_acc': 0.289, 'below_0.1_percent_acc': 0.262, 'below_0.01_percent_acc': 0.262, 'below_0.001_percent_acc': 0.251, 'below_0.0001_percent_acc': 0.251, 'valid_acc': 1.0}
Epoch: 6	Batch time (1.415904)	Data time (0.017731)	Cuda time (0.000002)	Loss (69.305201)	Accuracy (0.864365)
EVALUATING
{'loss': 66.32300178527832, 'accuracy': 0.9400678902864457, 'perfect_match_accuracy': 0.088, 'cost_ratio_suggested_true': 1.5254121208190918, 'below_10.0_percent_acc': 0.566, 'below_1.0_percent_acc': 0.306, 'below_0.1_percent_acc': 0.274, 'below_0.01_percent_acc': 0.274, 'below_0.001_percent_acc': 0.264, 'below_0.0001_percent_acc': 0.264, 'valid_acc': 1.0}
Epoch: 7	Batch time (1.353654)	Data time (0.017731)	Cuda time (0.000002)	Loss (65.252600)	Accuracy (0.868876)
EVALUATING
{'loss': 63.66400066375732, 'accuracy': 0.9421018385887145, 'perfect_match_accuracy': 0.098, 'cost_ratio_suggested_true': 1.5101399385929108, 'below_10.0_percent_acc': 0.581, 'below_1.0_percent_acc': 0.32, 'below_0.1_percent_acc': 0.292, 'below_0.01_percent_acc': 0.292, 'below_0.001_percent_acc': 0.283, 'below_0.0001_percent_acc': 0.283, 'valid_acc': 1.0}
Epoch: 8	Batch time (1.346291)	Data time (0.017490)	Cuda time (0.000002)	Loss (61.833700)	Accuracy (0.872519)
EVALUATING
{'loss': 60.08300094604492, 'accuracy': 0.9433796215057373, 'perfect_match_accuracy': 0.1, 'cost_ratio_suggested_true': 1.4331362545490265, 'below_10.0_percent_acc': 0.622, 'below_1.0_percent_acc': 0.326, 'below_0.1_percent_acc': 0.285, 'below_0.01_percent_acc': 0.285, 'below_0.001_percent_acc': 0.276, 'below_0.0001_percent_acc': 0.276, 'valid_acc': 1.0}
Epoch: 9	Batch time (1.326207)	Data time (0.017528)	Cuda time (0.000002)	Loss (58.356200)	Accuracy (0.875586)
EVALUATING
{'loss': 58.28100051879883, 'accuracy': 0.9455339378118515, 'perfect_match_accuracy': 0.106, 'cost_ratio_suggested_true': 1.3791496396064757, 'below_10.0_percent_acc': 0.645, 'below_1.0_percent_acc': 0.342, 'below_0.1_percent_acc': 0.308, 'below_0.01_percent_acc': 0.308, 'below_0.001_percent_acc': 0.3, 'below_0.0001_percent_acc': 0.3, 'valid_acc': 1.0}
Epoch: 10	Batch time (1.311793)	Data time (0.017588)	Cuda time (0.000003)	Loss (55.979401)	Accuracy (0.878583)
EVALUATING
{'loss': 56.89400032043457, 'accuracy': 0.9464814633131027, 'perfect_match_accuracy': 0.113, 'cost_ratio_suggested_true': 1.3570258545875549, 'below_10.0_percent_acc': 0.668, 'below_1.0_percent_acc': 0.341, 'below_0.1_percent_acc': 0.3, 'below_0.01_percent_acc': 0.3, 'below_0.001_percent_acc': 0.292, 'below_0.0001_percent_acc': 0.292, 'valid_acc': 1.0}
Epoch: 11	Batch time (1.300261)	Data time (0.017528)	Cuda time (0.000002)	Loss (53.572400)	Accuracy (0.881402)
EVALUATING
{'loss': 52.64600028991699, 'accuracy': 0.9472993761301041, 'perfect_match_accuracy': 0.131, 'cost_ratio_suggested_true': 1.3610419273376464, 'below_10.0_percent_acc': 0.69, 'below_1.0_percent_acc': 0.344, 'below_0.1_percent_acc': 0.304, 'below_0.01_percent_acc': 0.304, 'below_0.001_percent_acc': 0.298, 'below_0.0001_percent_acc': 0.298, 'valid_acc': 1.0}
Epoch: 12	Batch time (1.298869)	Data time (0.017635)	Cuda time (0.000002)	Loss (51.514500)	Accuracy (0.883356)
EVALUATING
{'loss': 52.88400001525879, 'accuracy': 0.9467376410961151, 'perfect_match_accuracy': 0.113, 'cost_ratio_suggested_true': 1.338510012626648, 'below_10.0_percent_acc': 0.68, 'below_1.0_percent_acc': 0.332, 'below_0.1_percent_acc': 0.291, 'below_0.01_percent_acc': 0.291, 'below_0.001_percent_acc': 0.287, 'below_0.0001_percent_acc': 0.287, 'valid_acc': 1.0}
Epoch: 13	Batch time (1.300409)	Data time (0.017952)	Cuda time (0.000002)	Loss (49.452500)	Accuracy (0.885340)
EVALUATING
{'loss': 48.451000366210934, 'accuracy': 0.9455030626058578, 'perfect_match_accuracy': 0.128, 'cost_ratio_suggested_true': 1.4491645181179047, 'below_10.0_percent_acc': 0.64, 'below_1.0_percent_acc': 0.322, 'below_0.1_percent_acc': 0.29, 'below_0.01_percent_acc': 0.29, 'below_0.001_percent_acc': 0.281, 'below_0.0001_percent_acc': 0.281, 'valid_acc': 1.0}
Epoch: 14	Batch time (1.276839)	Data time (0.017905)	Cuda time (0.000003)	Loss (48.130300)	Accuracy (0.887137)
EVALUATING
{'loss': 49.00100017547607, 'accuracy': 0.9506635719537735, 'perfect_match_accuracy': 0.13, 'cost_ratio_suggested_true': 1.2667408668994904, 'below_10.0_percent_acc': 0.751, 'below_1.0_percent_acc': 0.344, 'below_0.1_percent_acc': 0.3, 'below_0.01_percent_acc': 0.3, 'below_0.001_percent_acc': 0.295, 'below_0.0001_percent_acc': 0.295, 'valid_acc': 1.0}
Epoch: 15	Batch time (1.264604)	Data time (0.017706)	Cuda time (0.000002)	Loss (46.624400)	Accuracy (0.889798)
EVALUATING
{'loss': 44.39600059509277, 'accuracy': 0.9504999852180481, 'perfect_match_accuracy': 0.142, 'cost_ratio_suggested_true': 1.3257032704353333, 'below_10.0_percent_acc': 0.732, 'below_1.0_percent_acc': 0.371, 'below_0.1_percent_acc': 0.332, 'below_0.01_percent_acc': 0.331, 'below_0.001_percent_acc': 0.323, 'below_0.0001_percent_acc': 0.323, 'valid_acc': 1.0}
Epoch: 16	Batch time (1.253719)	Data time (0.017506)	Cuda time (0.000002)	Loss (45.034600)	Accuracy (0.891041)
EVALUATING
{'loss': 43.73700031280518, 'accuracy': 0.9499382656812668, 'perfect_match_accuracy': 0.144, 'cost_ratio_suggested_true': 1.2858440494537353, 'below_10.0_percent_acc': 0.73, 'below_1.0_percent_acc': 0.338, 'below_0.1_percent_acc': 0.301, 'below_0.01_percent_acc': 0.301, 'below_0.001_percent_acc': 0.295, 'below_0.0001_percent_acc': 0.295, 'valid_acc': 1.0}
Epoch: 17	Batch time (1.234901)	Data time (0.017453)	Cuda time (0.000002)	Loss (43.841200)	Accuracy (0.892184)
EVALUATING
{'loss': 43.52000068664551, 'accuracy': 0.9494567811489105, 'perfect_match_accuracy': 0.134, 'cost_ratio_suggested_true': 1.3235215961933136, 'below_10.0_percent_acc': 0.729, 'below_1.0_percent_acc': 0.333, 'below_0.1_percent_acc': 0.298, 'below_0.01_percent_acc': 0.298, 'below_0.001_percent_acc': 0.293, 'below_0.0001_percent_acc': 0.293, 'valid_acc': 1.0}
Epoch: 18	Batch time (1.243112)	Data time (0.017787)	Cuda time (0.000002)	Loss (42.730700)	Accuracy (0.894354)
EVALUATING
{'loss': 44.85400032043457, 'accuracy': 0.9505092459917068, 'perfect_match_accuracy': 0.151, 'cost_ratio_suggested_true': 1.2403602552413941, 'below_10.0_percent_acc': 0.77, 'below_1.0_percent_acc': 0.354, 'below_0.1_percent_acc': 0.312, 'below_0.01_percent_acc': 0.312, 'below_0.001_percent_acc': 0.31, 'below_0.0001_percent_acc': 0.31, 'valid_acc': 1.0}
Epoch: 19	Batch time (1.215988)	Data time (0.017094)	Cuda time (0.000002)	Loss (41.720800)	Accuracy (0.895493)
EVALUATING
{'loss': 42.14000022888184, 'accuracy': 0.9522376435995102, 'perfect_match_accuracy': 0.148, 'cost_ratio_suggested_true': 1.2534667539596558, 'below_10.0_percent_acc': 0.783, 'below_1.0_percent_acc': 0.363, 'below_0.1_percent_acc': 0.321, 'below_0.01_percent_acc': 0.321, 'below_0.001_percent_acc': 0.318, 'below_0.0001_percent_acc': 0.318, 'valid_acc': 1.0}
Epoch: 20	Batch time (1.249779)	Data time (0.018844)	Cuda time (0.000002)	Loss (40.899100)	Accuracy (0.896717)
EVALUATING
{'loss': 39.732000465393064, 'accuracy': 0.949966042637825, 'perfect_match_accuracy': 0.14, 'cost_ratio_suggested_true': 1.289420952796936, 'below_10.0_percent_acc': 0.756, 'below_1.0_percent_acc': 0.349, 'below_0.1_percent_acc': 0.31, 'below_0.01_percent_acc': 0.31, 'below_0.001_percent_acc': 0.306, 'below_0.0001_percent_acc': 0.306, 'valid_acc': 1.0}
Epoch: 21	Batch time (1.235727)	Data time (0.019261)	Cuda time (0.000002)	Loss (40.059400)	Accuracy (0.898142)
EVALUATING
{'loss': 39.89199939727783, 'accuracy': 0.9527006101608276, 'perfect_match_accuracy': 0.171, 'cost_ratio_suggested_true': 1.262279680967331, 'below_10.0_percent_acc': 0.782, 'below_1.0_percent_acc': 0.383, 'below_0.1_percent_acc': 0.34, 'below_0.01_percent_acc': 0.34, 'below_0.001_percent_acc': 0.334, 'below_0.0001_percent_acc': 0.334, 'valid_acc': 1.0}
Epoch: 22	Batch time (1.175242)	Data time (0.016693)	Cuda time (0.000002)	Loss (39.231300)	Accuracy (0.899168)
EVALUATING
{'loss': 38.96000076293945, 'accuracy': 0.9502191203832626, 'perfect_match_accuracy': 0.163, 'cost_ratio_suggested_true': 1.3210158455371857, 'below_10.0_percent_acc': 0.739, 'below_1.0_percent_acc': 0.34, 'below_0.1_percent_acc': 0.312, 'below_0.01_percent_acc': 0.312, 'below_0.001_percent_acc': 0.308, 'below_0.0001_percent_acc': 0.308, 'valid_acc': 1.0}
Epoch: 23	Batch time (1.201669)	Data time (0.017015)	Cuda time (0.000002)	Loss (38.352200)	Accuracy (0.900129)
EVALUATING
{'loss': 37.52600017547607, 'accuracy': 0.950666646361351, 'perfect_match_accuracy': 0.137, 'cost_ratio_suggested_true': 1.2389522290229797, 'below_10.0_percent_acc': 0.78, 'below_1.0_percent_acc': 0.327, 'below_0.1_percent_acc': 0.287, 'below_0.01_percent_acc': 0.287, 'below_0.001_percent_acc': 0.282, 'below_0.0001_percent_acc': 0.282, 'valid_acc': 1.0}
Epoch: 24	Batch time (1.199144)	Data time (0.017366)	Cuda time (0.000002)	Loss (37.729500)	Accuracy (0.901523)
EVALUATING
{'loss': 36.288000144958495, 'accuracy': 0.9523333168029785, 'perfect_match_accuracy': 0.169, 'cost_ratio_suggested_true': 1.269120728969574, 'below_10.0_percent_acc': 0.767, 'below_1.0_percent_acc': 0.362, 'below_0.1_percent_acc': 0.32, 'below_0.01_percent_acc': 0.32, 'below_0.001_percent_acc': 0.318, 'below_0.0001_percent_acc': 0.318, 'valid_acc': 1.0}
Epoch: 25	Batch time (1.193940)	Data time (0.017575)	Cuda time (0.000002)	Loss (36.824200)	Accuracy (0.901615)
EVALUATING
{'loss': 36.17399974822998, 'accuracy': 0.9513024640083313, 'perfect_match_accuracy': 0.169, 'cost_ratio_suggested_true': 1.300512136220932, 'below_10.0_percent_acc': 0.762, 'below_1.0_percent_acc': 0.37, 'below_0.1_percent_acc': 0.33, 'below_0.01_percent_acc': 0.33, 'below_0.001_percent_acc': 0.325, 'below_0.0001_percent_acc': 0.325, 'valid_acc': 1.0}
Epoch: 26	Batch time (1.144819)	Data time (0.017750)	Cuda time (0.000002)	Loss (36.332700)	Accuracy (0.903253)
EVALUATING
{'loss': 36.002000160217285, 'accuracy': 0.952919734120369, 'perfect_match_accuracy': 0.195, 'cost_ratio_suggested_true': 1.2986398017406464, 'below_10.0_percent_acc': 0.759, 'below_1.0_percent_acc': 0.393, 'below_0.1_percent_acc': 0.351, 'below_0.01_percent_acc': 0.351, 'below_0.001_percent_acc': 0.349, 'below_0.0001_percent_acc': 0.349, 'valid_acc': 1.0}
Epoch: 27	Batch time (1.170421)	Data time (0.017342)	Cuda time (0.000003)	Loss (35.559000)	Accuracy (0.904575)
EVALUATING
{'loss': 35.7260001373291, 'accuracy': 0.9525185042619705, 'perfect_match_accuracy': 0.176, 'cost_ratio_suggested_true': 1.2445200181007385, 'below_10.0_percent_acc': 0.77, 'below_1.0_percent_acc': 0.355, 'below_0.1_percent_acc': 0.31, 'below_0.01_percent_acc': 0.31, 'below_0.001_percent_acc': 0.308, 'below_0.0001_percent_acc': 0.308, 'valid_acc': 1.0}
Epoch: 28	Batch time (1.133283)	Data time (0.017673)	Cuda time (0.000002)	Loss (35.179800)	Accuracy (0.905239)
EVALUATING
{'loss': 34.65900075912476, 'accuracy': 0.9515925854444504, 'perfect_match_accuracy': 0.164, 'cost_ratio_suggested_true': 1.2584759438037871, 'below_10.0_percent_acc': 0.776, 'below_1.0_percent_acc': 0.341, 'below_0.1_percent_acc': 0.304, 'below_0.01_percent_acc': 0.304, 'below_0.001_percent_acc': 0.304, 'below_0.0001_percent_acc': 0.304, 'valid_acc': 1.0}
Epoch: 29	Batch time (1.177468)	Data time (0.017106)	Cuda time (0.000002)	Loss (34.615300)	Accuracy (0.905785)
EVALUATING
{'loss': 34.18700017929077, 'accuracy': 0.9523333179950714, 'perfect_match_accuracy': 0.173, 'cost_ratio_suggested_true': 1.2463157820701598, 'below_10.0_percent_acc': 0.779, 'below_1.0_percent_acc': 0.352, 'below_0.1_percent_acc': 0.314, 'below_0.01_percent_acc': 0.314, 'below_0.001_percent_acc': 0.307, 'below_0.0001_percent_acc': 0.307, 'valid_acc': 1.0}
Epoch: 30	Batch time (1.188924)	Data time (0.017804)	Cuda time (0.000002)	Loss (34.021600)	Accuracy (0.906633)
EVALUATING
{'loss': 33.5279998588562, 'accuracy': 0.9529475277662277, 'perfect_match_accuracy': 0.155, 'cost_ratio_suggested_true': 1.2279954516887666, 'below_10.0_percent_acc': 0.799, 'below_1.0_percent_acc': 0.351, 'below_0.1_percent_acc': 0.314, 'below_0.01_percent_acc': 0.314, 'below_0.001_percent_acc': 0.311, 'below_0.0001_percent_acc': 0.311, 'valid_acc': 1.0}
Epoch: 31	Batch time (1.146957)	Data time (0.018673)	Cuda time (0.000002)	Loss (33.209000)	Accuracy (0.908577)
EVALUATING
{'loss': 32.951000175476075, 'accuracy': 0.9559907305240631, 'perfect_match_accuracy': 0.203, 'cost_ratio_suggested_true': 1.2151698184013366, 'below_10.0_percent_acc': 0.816, 'below_1.0_percent_acc': 0.404, 'below_0.1_percent_acc': 0.369, 'below_0.01_percent_acc': 0.369, 'below_0.001_percent_acc': 0.366, 'below_0.0001_percent_acc': 0.366, 'valid_acc': 1.0}
Epoch: 32	Batch time (1.126241)	Data time (0.017111)	Cuda time (0.000003)	Loss (33.290900)	Accuracy (0.909374)
EVALUATING
{'loss': 33.52000045776367, 'accuracy': 0.9564752888679504, 'perfect_match_accuracy': 0.2, 'cost_ratio_suggested_true': 1.2120621907711029, 'below_10.0_percent_acc': 0.826, 'below_1.0_percent_acc': 0.408, 'below_0.1_percent_acc': 0.373, 'below_0.01_percent_acc': 0.373, 'below_0.001_percent_acc': 0.37, 'below_0.0001_percent_acc': 0.37, 'valid_acc': 1.0}
Epoch: 33	Batch time (1.059995)	Data time (0.016298)	Cuda time (0.000002)	Loss (33.153100)	Accuracy (0.908774)
EVALUATING
{'loss': 32.62200037002563, 'accuracy': 0.9560987615585327, 'perfect_match_accuracy': 0.197, 'cost_ratio_suggested_true': 1.2050082910060882, 'below_10.0_percent_acc': 0.824, 'below_1.0_percent_acc': 0.409, 'below_0.1_percent_acc': 0.369, 'below_0.01_percent_acc': 0.369, 'below_0.001_percent_acc': 0.364, 'below_0.0001_percent_acc': 0.364, 'valid_acc': 1.0}
Epoch: 34	Batch time (1.077545)	Data time (0.019600)	Cuda time (0.000003)	Loss (32.993400)	Accuracy (0.908696)
EVALUATING
{'loss': 32.993000259399416, 'accuracy': 0.955459868311882, 'perfect_match_accuracy': 0.189, 'cost_ratio_suggested_true': 1.2300100564956664, 'below_10.0_percent_acc': 0.815, 'below_1.0_percent_acc': 0.406, 'below_0.1_percent_acc': 0.367, 'below_0.01_percent_acc': 0.367, 'below_0.001_percent_acc': 0.361, 'below_0.0001_percent_acc': 0.361, 'valid_acc': 1.0}
Epoch: 35	Batch time (1.119100)	Data time (0.020270)	Cuda time (0.000002)	Loss (32.978400)	Accuracy (0.908672)
EVALUATING
{'loss': 32.57600048065186, 'accuracy': 0.9555802327394486, 'perfect_match_accuracy': 0.195, 'cost_ratio_suggested_true': 1.237744470834732, 'below_10.0_percent_acc': 0.812, 'below_1.0_percent_acc': 0.401, 'below_0.1_percent_acc': 0.364, 'below_0.01_percent_acc': 0.364, 'below_0.001_percent_acc': 0.36, 'below_0.0001_percent_acc': 0.36, 'valid_acc': 1.0}
Epoch: 36	Batch time (1.108269)	Data time (0.017189)	Cuda time (0.000002)	Loss (33.022100)	Accuracy (0.909001)
EVALUATING
{'loss': 32.73099994659424, 'accuracy': 0.9559351772069931, 'perfect_match_accuracy': 0.195, 'cost_ratio_suggested_true': 1.2092872989177703, 'below_10.0_percent_acc': 0.825, 'below_1.0_percent_acc': 0.399, 'below_0.1_percent_acc': 0.358, 'below_0.01_percent_acc': 0.358, 'below_0.001_percent_acc': 0.355, 'below_0.0001_percent_acc': 0.355, 'valid_acc': 1.0}
Epoch: 37	Batch time (1.157678)	Data time (0.017408)	Cuda time (0.000003)	Loss (32.698200)	Accuracy (0.908741)
EVALUATING
{'loss': 32.68300022125244, 'accuracy': 0.955450599193573, 'perfect_match_accuracy': 0.2, 'cost_ratio_suggested_true': 1.2187577986717224, 'below_10.0_percent_acc': 0.811, 'below_1.0_percent_acc': 0.41, 'below_0.1_percent_acc': 0.374, 'below_0.01_percent_acc': 0.374, 'below_0.001_percent_acc': 0.369, 'below_0.0001_percent_acc': 0.369, 'valid_acc': 1.0}
Epoch: 38	Batch time (1.141107)	Data time (0.016974)	Cuda time (0.000002)	Loss (32.841500)	Accuracy (0.909311)
EVALUATING
{'loss': 32.53900020599365, 'accuracy': 0.9564382648468017, 'perfect_match_accuracy': 0.203, 'cost_ratio_suggested_true': 1.2156542885303496, 'below_10.0_percent_acc': 0.818, 'below_1.0_percent_acc': 0.414, 'below_0.1_percent_acc': 0.376, 'below_0.01_percent_acc': 0.376, 'below_0.001_percent_acc': 0.371, 'below_0.0001_percent_acc': 0.371, 'valid_acc': 1.0}
Epoch: 39	Batch time (1.140015)	Data time (0.019412)	Cuda time (0.000002)	Loss (32.801900)	Accuracy (0.908872)
EVALUATING
{'loss': 32.81700016021728, 'accuracy': 0.9560246729850769, 'perfect_match_accuracy': 0.19, 'cost_ratio_suggested_true': 1.2121494352817535, 'below_10.0_percent_acc': 0.826, 'below_1.0_percent_acc': 0.41, 'below_0.1_percent_acc': 0.374, 'below_0.01_percent_acc': 0.374, 'below_0.001_percent_acc': 0.369, 'below_0.0001_percent_acc': 0.369, 'valid_acc': 1.0}
Epoch: 40	Batch time (1.114398)	Data time (0.017040)	Cuda time (0.000002)	Loss (32.683400)	Accuracy (0.909234)
EVALUATING
{'loss': 32.24600023269653, 'accuracy': 0.9556080013513565, 'perfect_match_accuracy': 0.194, 'cost_ratio_suggested_true': 1.211858994960785, 'below_10.0_percent_acc': 0.823, 'below_1.0_percent_acc': 0.402, 'below_0.1_percent_acc': 0.368, 'below_0.01_percent_acc': 0.368, 'below_0.001_percent_acc': 0.364, 'below_0.0001_percent_acc': 0.364, 'valid_acc': 1.0}
Epoch: 41	Batch time (1.070548)	Data time (0.016492)	Cuda time (0.000002)	Loss (32.722700)	Accuracy (0.909360)
EVALUATING
{'loss': 32.75400009155273, 'accuracy': 0.956487643122673, 'perfect_match_accuracy': 0.199, 'cost_ratio_suggested_true': 1.208278361558914, 'below_10.0_percent_acc': 0.827, 'below_1.0_percent_acc': 0.414, 'below_0.1_percent_acc': 0.374, 'below_0.01_percent_acc': 0.374, 'below_0.001_percent_acc': 0.369, 'below_0.0001_percent_acc': 0.369, 'valid_acc': 1.0}
Epoch: 42	Batch time (1.076067)	Data time (0.016688)	Cuda time (0.000002)	Loss (32.565500)	Accuracy (0.909615)
EVALUATING
{'loss': 32.27799987792969, 'accuracy': 0.9566635692119598, 'perfect_match_accuracy': 0.196, 'cost_ratio_suggested_true': 1.2053283858299255, 'below_10.0_percent_acc': 0.83, 'below_1.0_percent_acc': 0.412, 'below_0.1_percent_acc': 0.374, 'below_0.01_percent_acc': 0.374, 'below_0.001_percent_acc': 0.37, 'below_0.0001_percent_acc': 0.37, 'valid_acc': 1.0}
Epoch: 43	Batch time (1.118010)	Data time (0.017198)	Cuda time (0.000002)	Loss (32.454300)	Accuracy (0.909305)
EVALUATING
{'loss': 32.89999975204468, 'accuracy': 0.9567839473485946, 'perfect_match_accuracy': 0.199, 'cost_ratio_suggested_true': 1.2043186271190642, 'below_10.0_percent_acc': 0.83, 'below_1.0_percent_acc': 0.416, 'below_0.1_percent_acc': 0.377, 'below_0.01_percent_acc': 0.377, 'below_0.001_percent_acc': 0.372, 'below_0.0001_percent_acc': 0.372, 'valid_acc': 1.0}
Epoch: 44	Batch time (1.122173)	Data time (0.016780)	Cuda time (0.000002)	Loss (32.423000)	Accuracy (0.909408)
EVALUATING
{'loss': 32.2480002784729, 'accuracy': 0.9565308451652527, 'perfect_match_accuracy': 0.199, 'cost_ratio_suggested_true': 1.208682826757431, 'below_10.0_percent_acc': 0.824, 'below_1.0_percent_acc': 0.412, 'below_0.1_percent_acc': 0.377, 'below_0.01_percent_acc': 0.377, 'below_0.001_percent_acc': 0.372, 'below_0.0001_percent_acc': 0.372, 'valid_acc': 1.0}
Epoch: 45	Batch time (1.101055)	Data time (0.017340)	Cuda time (0.000002)	Loss (32.382000)	Accuracy (0.909510)
EVALUATING
{'loss': 32.348999938964845, 'accuracy': 0.9567067778110504, 'perfect_match_accuracy': 0.199, 'cost_ratio_suggested_true': 1.2080857753753662, 'below_10.0_percent_acc': 0.825, 'below_1.0_percent_acc': 0.41, 'below_0.1_percent_acc': 0.374, 'below_0.01_percent_acc': 0.374, 'below_0.001_percent_acc': 0.371, 'below_0.0001_percent_acc': 0.371, 'valid_acc': 1.0}
Epoch: 46	Batch time (1.090903)	Data time (0.016513)	Cuda time (0.000002)	Loss (32.634800)	Accuracy (0.909558)
EVALUATING
{'loss': 32.90500045776367, 'accuracy': 0.9567746824026108, 'perfect_match_accuracy': 0.199, 'cost_ratio_suggested_true': 1.2061420893669128, 'below_10.0_percent_acc': 0.83, 'below_1.0_percent_acc': 0.413, 'below_0.1_percent_acc': 0.374, 'below_0.01_percent_acc': 0.374, 'below_0.001_percent_acc': 0.37, 'below_0.0001_percent_acc': 0.37, 'valid_acc': 1.0}
Epoch: 47	Batch time (1.095681)	Data time (0.016737)	Cuda time (0.000002)	Loss (32.701500)	Accuracy (0.909646)
EVALUATING
{'loss': 32.35799968719483, 'accuracy': 0.9563610965013504, 'perfect_match_accuracy': 0.198, 'cost_ratio_suggested_true': 1.2121076798439026, 'below_10.0_percent_acc': 0.826, 'below_1.0_percent_acc': 0.406, 'below_0.1_percent_acc': 0.369, 'below_0.01_percent_acc': 0.369, 'below_0.001_percent_acc': 0.365, 'below_0.0001_percent_acc': 0.365, 'valid_acc': 1.0}
Epoch: 48	Batch time (1.084632)	Data time (0.016734)	Cuda time (0.000002)	Loss (32.368600)	Accuracy (0.909590)
EVALUATING
{'loss': 32.32699991226196, 'accuracy': 0.9564814722537994, 'perfect_match_accuracy': 0.198, 'cost_ratio_suggested_true': 1.2081871461868285, 'below_10.0_percent_acc': 0.825, 'below_1.0_percent_acc': 0.411, 'below_0.1_percent_acc': 0.374, 'below_0.01_percent_acc': 0.374, 'below_0.001_percent_acc': 0.368, 'below_0.0001_percent_acc': 0.368, 'valid_acc': 1.0}
Epoch: 49	Batch time (8.088810)	Data time (0.019668)	Cuda time (0.000003)	Loss (32.470700)	Accuracy (0.909339)
EVALUATING
{'loss': 32.810000572204586, 'accuracy': 0.9562931960821152, 'perfect_match_accuracy': 0.197, 'cost_ratio_suggested_true': 1.2068537378311157, 'below_10.0_percent_acc': 0.83, 'below_1.0_percent_acc': 0.411, 'below_0.1_percent_acc': 0.374, 'below_0.01_percent_acc': 0.374, 'below_0.001_percent_acc': 0.369, 'below_0.0001_percent_acc': 0.369, 'valid_acc': 1.0}
Epoch: 50	Batch time (1.079333)	Data time (0.026949)	Cuda time (0.000003)	Loss (32.383200)	Accuracy (0.909697)
EVALUATING
{'loss': 32.83099998474121, 'accuracy': 0.9567777740955353, 'perfect_match_accuracy': 0.2, 'cost_ratio_suggested_true': 1.2033141958713531, 'below_10.0_percent_acc': 0.829, 'below_1.0_percent_acc': 0.413, 'below_0.1_percent_acc': 0.377, 'below_0.01_percent_acc': 0.377, 'below_0.001_percent_acc': 0.372, 'below_0.0001_percent_acc': 0.372, 'valid_acc': 1.0}
