No existing entry for trainer_params.mode.type
{}[type] = <class 'int'>(5)
No existing entry for trainer_params.mode.objective_type
{'type': 5}[objective_type] = <class 'str'>(dpo)
No existing entry for trainer_params.mode.use_marginal
{'type': 5, 'objective_type': 'dpo'}[use_marginal] = <class 'bool'>(True)
No existing entry for trainer_params.mode.nb_samples
{'type': 5, 'objective_type': 'dpo', 'use_marginal': True}[nb_samples] = <class 'int'>(1)
No existing entry for trainer_params.mode.temperature
{'type': 5, 'objective_type': 'dpo', 'use_marginal': True, 'nb_samples': 1}[temperature] = <class 'float'>(0.5)
No existing entry for trainer_params.mode.use_gamma
{'type': 5, 'objective_type': 'dpo', 'use_marginal': True, 'nb_samples': 1, 'temperature': 0.5}[use_gamma] = <class 'bool'>(False)
No existing entry for trainer_params.mode.loss_type
{'type': 5, 'objective_type': 'dpo', 'use_marginal': True, 'nb_samples': 1, 'temperature': 0.5, 'use_gamma': False}[loss_type] = <class 'str'>(fy)
No existing entry for trainer_params.mode.perturb_w
{'type': 5, 'objective_type': 'dpo', 'use_marginal': True, 'nb_samples': 1, 'temperature': 0.5, 'use_gamma': False, 'loss_type': 'fy'}[perturb_w] = <class 'bool'>(False)
No existing entry for trainer_params.mode.perturb_w_prime
{'type': 5, 'objective_type': 'dpo', 'use_marginal': True, 'nb_samples': 1, 'temperature': 0.5, 'use_gamma': False, 'loss_type': 'fy', 'perturb_w': False}[perturb_w_prime] = <class 'bool'>(False)
{'batch_size': 70, 'l1_regconst': 0.0, 'lambda_val': 20.0, 'lr_milestone_1': 30, 'lr_milestone_2': 40, 'model_params': {'arch_params': {}, 'model_name': 'CombResnet18'}, 'neighbourhood_fn': '8-grid', 'optimizer_name': 'Adam', 'optimizer_params': {'lr': 0.0005}, 'preload_batch': True, 'use_cuda': True, 'use_lr_scheduling': True, 'mode': {'type': 5, 'objective_type': 'dpo', 'use_marginal': True, 'nb_samples': 1, 'temperature': 0.5, 'use_gamma': False, 'loss_type': 'fy', 'perturb_w': False, 'perturb_w_prime': False}}[lambda_val] = <class 'float'>(0.0)
No existing entry for trainer_params.mode.dpo.maximize
{}[maximize] = <class 'bool'>(False)
{'data_dir': 'data/warcraft_shortest_path/12x12', 'evaluate_with_extra': False, 'normalize': True, 'use_local_path': False, 'use_test_set': True}[data_dir] = <class 'str'>(data/warcraft_shortest_path/30x30)
{'evaluate_every': 5, 'loader_params': {'data_dir': 'data/warcraft_shortest_path/30x30', 'evaluate_with_extra': False, 'normalize': True, 'use_local_path': False, 'use_test_set': True}, 'model_dir': 'results/warcraft_shortest_path_combresnet', 'num_cpus': 40, 'num_epochs': 50, 'problem_type': 'warcraft_shortest_path', 'ray_params': {}, 'save_visualizations': False, 'seed': 1, 'trainer_name': 'DijkstraMAP', 'trainer_params': {'batch_size': 70, 'l1_regconst': 0.0, 'lambda_val': 0.0, 'lr_milestone_1': 30, 'lr_milestone_2': 40, 'model_params': {'arch_params': {}, 'model_name': 'CombResnet18'}, 'neighbourhood_fn': '8-grid', 'optimizer_name': 'Adam', 'optimizer_params': {'lr': 0.0005}, 'preload_batch': True, 'use_cuda': True, 'use_lr_scheduling': True, 'mode': {'type': 5, 'objective_type': 'dpo', 'use_marginal': True, 'nb_samples': 1, 'temperature': 0.5, 'use_gamma': False, 'loss_type': 'fy', 'perturb_w': False, 'perturb_w_prime': False, 'dpo': {'maximize': False}}}, 'use_ray': True}[seed] = <class 'int'>(1)
{'evaluate_every': 5, 'loader_params': {'data_dir': 'data/warcraft_shortest_path/30x30', 'evaluate_with_extra': False, 'normalize': True, 'use_local_path': False, 'use_test_set': True}, 'model_dir': 'results/warcraft_shortest_path_combresnet', 'num_cpus': 40, 'num_epochs': 50, 'problem_type': 'warcraft_shortest_path', 'ray_params': {}, 'save_visualizations': False, 'seed': 1, 'trainer_name': 'DijkstraMAP', 'trainer_params': {'batch_size': 70, 'l1_regconst': 0.0, 'lambda_val': 0.0, 'lr_milestone_1': 30, 'lr_milestone_2': 40, 'model_params': {'arch_params': {}, 'model_name': 'CombResnet18'}, 'neighbourhood_fn': '8-grid', 'optimizer_name': 'Adam', 'optimizer_params': {'lr': 0.0005}, 'preload_batch': True, 'use_cuda': True, 'use_lr_scheduling': True, 'mode': {'type': 5, 'objective_type': 'dpo', 'use_marginal': True, 'nb_samples': 1, 'temperature': 0.5, 'use_gamma': False, 'loss_type': 'fy', 'perturb_w': False, 'perturb_w_prime': False, 'dpo': {'maximize': False}}}, 'use_ray': True}[evaluate_every] = <class 'int'>(1)
{'evaluate_every': 1, 'loader_params': {'data_dir': 'data/warcraft_shortest_path/30x30', 'evaluate_with_extra': False, 'normalize': True, 'use_local_path': False, 'use_test_set': True}, 'model_dir': 'results/warcraft_shortest_path_combresnet', 'num_cpus': 40, 'num_epochs': 50, 'problem_type': 'warcraft_shortest_path', 'ray_params': {}, 'save_visualizations': False, 'seed': 1, 'trainer_name': 'DijkstraMAP', 'trainer_params': {'batch_size': 70, 'l1_regconst': 0.0, 'lambda_val': 0.0, 'lr_milestone_1': 30, 'lr_milestone_2': 40, 'model_params': {'arch_params': {}, 'model_name': 'CombResnet18'}, 'neighbourhood_fn': '8-grid', 'optimizer_name': 'Adam', 'optimizer_params': {'lr': 0.0005}, 'preload_batch': True, 'use_cuda': True, 'use_lr_scheduling': True, 'mode': {'type': 5, 'objective_type': 'dpo', 'use_marginal': True, 'nb_samples': 1, 'temperature': 0.5, 'use_gamma': False, 'loss_type': 'fy', 'perturb_w': False, 'perturb_w_prime': False, 'dpo': {'maximize': False}}}, 'use_ray': True}[use_ray] = <class 'bool'>(False)
No existing entry for trainer_params.mode.type
{}[type] = <class 'int'>(5)
No existing entry for trainer_params.mode.objective_type
{'type': 5}[objective_type] = <class 'str'>(dpo)
No existing entry for trainer_params.mode.use_marginal
{'type': 5, 'objective_type': 'dpo'}[use_marginal] = <class 'bool'>(True)
No existing entry for trainer_params.mode.nb_samples
{'type': 5, 'objective_type': 'dpo', 'use_marginal': True}[nb_samples] = <class 'int'>(1)
No existing entry for trainer_params.mode.temperature
{'type': 5, 'objective_type': 'dpo', 'use_marginal': True, 'nb_samples': 1}[temperature] = <class 'float'>(0.5)
No existing entry for trainer_params.mode.use_gamma
{'type': 5, 'objective_type': 'dpo', 'use_marginal': True, 'nb_samples': 1, 'temperature': 0.5}[use_gamma] = <class 'bool'>(False)
No existing entry for trainer_params.mode.loss_type
{'type': 5, 'objective_type': 'dpo', 'use_marginal': True, 'nb_samples': 1, 'temperature': 0.5, 'use_gamma': False}[loss_type] = <class 'str'>(fy)
No existing entry for trainer_params.mode.perturb_w
{'type': 5, 'objective_type': 'dpo', 'use_marginal': True, 'nb_samples': 1, 'temperature': 0.5, 'use_gamma': False, 'loss_type': 'fy'}[perturb_w] = <class 'bool'>(False)
No existing entry for trainer_params.mode.perturb_w_prime
{'type': 5, 'objective_type': 'dpo', 'use_marginal': True, 'nb_samples': 1, 'temperature': 0.5, 'use_gamma': False, 'loss_type': 'fy', 'perturb_w': False}[perturb_w_prime] = <class 'bool'>(False)
{'batch_size': 70, 'l1_regconst': 0.0, 'lambda_val': 20.0, 'lr_milestone_1': 30, 'lr_milestone_2': 40, 'model_params': {'arch_params': {}, 'model_name': 'CombResnet18'}, 'neighbourhood_fn': '8-grid', 'optimizer_name': 'Adam', 'optimizer_params': {'lr': 0.0005}, 'preload_batch': True, 'use_cuda': True, 'use_lr_scheduling': True, 'mode': {'type': 5, 'objective_type': 'dpo', 'use_marginal': True, 'nb_samples': 1, 'temperature': 0.5, 'use_gamma': False, 'loss_type': 'fy', 'perturb_w': False, 'perturb_w_prime': False}}[lambda_val] = <class 'float'>(0.0)
No existing entry for trainer_params.mode.dpo.maximize
{}[maximize] = <class 'bool'>(False)
{'data_dir': 'data/warcraft_shortest_path/12x12', 'evaluate_with_extra': False, 'normalize': True, 'use_local_path': False, 'use_test_set': True}[data_dir] = <class 'str'>(data/warcraft_shortest_path/30x30)
{'evaluate_every': 5, 'loader_params': {'data_dir': 'data/warcraft_shortest_path/30x30', 'evaluate_with_extra': False, 'normalize': True, 'use_local_path': False, 'use_test_set': True}, 'model_dir': 'results/warcraft_shortest_path_combresnet', 'num_cpus': 40, 'num_epochs': 50, 'problem_type': 'warcraft_shortest_path', 'ray_params': {}, 'save_visualizations': False, 'seed': 1, 'trainer_name': 'DijkstraMAP', 'trainer_params': {'batch_size': 70, 'l1_regconst': 0.0, 'lambda_val': 0.0, 'lr_milestone_1': 30, 'lr_milestone_2': 40, 'model_params': {'arch_params': {}, 'model_name': 'CombResnet18'}, 'neighbourhood_fn': '8-grid', 'optimizer_name': 'Adam', 'optimizer_params': {'lr': 0.0005}, 'preload_batch': True, 'use_cuda': True, 'use_lr_scheduling': True, 'mode': {'type': 5, 'objective_type': 'dpo', 'use_marginal': True, 'nb_samples': 1, 'temperature': 0.5, 'use_gamma': False, 'loss_type': 'fy', 'perturb_w': False, 'perturb_w_prime': False, 'dpo': {'maximize': False}}}, 'use_ray': True}[seed] = <class 'int'>(1)
{'evaluate_every': 5, 'loader_params': {'data_dir': 'data/warcraft_shortest_path/30x30', 'evaluate_with_extra': False, 'normalize': True, 'use_local_path': False, 'use_test_set': True}, 'model_dir': 'results/warcraft_shortest_path_combresnet', 'num_cpus': 40, 'num_epochs': 50, 'problem_type': 'warcraft_shortest_path', 'ray_params': {}, 'save_visualizations': False, 'seed': 1, 'trainer_name': 'DijkstraMAP', 'trainer_params': {'batch_size': 70, 'l1_regconst': 0.0, 'lambda_val': 0.0, 'lr_milestone_1': 30, 'lr_milestone_2': 40, 'model_params': {'arch_params': {}, 'model_name': 'CombResnet18'}, 'neighbourhood_fn': '8-grid', 'optimizer_name': 'Adam', 'optimizer_params': {'lr': 0.0005}, 'preload_batch': True, 'use_cuda': True, 'use_lr_scheduling': True, 'mode': {'type': 5, 'objective_type': 'dpo', 'use_marginal': True, 'nb_samples': 1, 'temperature': 0.5, 'use_gamma': False, 'loss_type': 'fy', 'perturb_w': False, 'perturb_w_prime': False, 'dpo': {'maximize': False}}}, 'use_ray': True}[evaluate_every] = <class 'int'>(1)
{'evaluate_every': 1, 'loader_params': {'data_dir': 'data/warcraft_shortest_path/30x30', 'evaluate_with_extra': False, 'normalize': True, 'use_local_path': False, 'use_test_set': True}, 'model_dir': 'results/warcraft_shortest_path_combresnet', 'num_cpus': 40, 'num_epochs': 50, 'problem_type': 'warcraft_shortest_path', 'ray_params': {}, 'save_visualizations': False, 'seed': 1, 'trainer_name': 'DijkstraMAP', 'trainer_params': {'batch_size': 70, 'l1_regconst': 0.0, 'lambda_val': 0.0, 'lr_milestone_1': 30, 'lr_milestone_2': 40, 'model_params': {'arch_params': {}, 'model_name': 'CombResnet18'}, 'neighbourhood_fn': '8-grid', 'optimizer_name': 'Adam', 'optimizer_params': {'lr': 0.0005}, 'preload_batch': True, 'use_cuda': True, 'use_lr_scheduling': True, 'mode': {'type': 5, 'objective_type': 'dpo', 'use_marginal': True, 'nb_samples': 1, 'temperature': 0.5, 'use_gamma': False, 'loss_type': 'fy', 'perturb_w': False, 'perturb_w_prime': False, 'dpo': {'maximize': False}}}, 'use_ray': True}[use_ray] = <class 'bool'>(False)
{
    "evaluate_every": 1,
    "loader_params": {
        "data_dir": "data/warcraft_shortest_path/30x30",
        "evaluate_with_extra": false,
        "normalize": true,
        "use_local_path": false,
        "use_test_set": true
    },
    "model_dir": "results/warcraft_shortest_path_combresnet",
    "num_cpus": 40,
    "num_epochs": 50,
    "problem_type": "warcraft_shortest_path",
    "ray_params": {},
    "save_visualizations": false,
    "seed": 1,
    "trainer_name": "DijkstraMAP",
    "trainer_params": {
        "batch_size": 70,
        "l1_regconst": 0.0,
        "lambda_val": 0.0,
        "lr_milestone_1": 30,
        "lr_milestone_2": 40,
        "mode": {
            "dpo": {
                "maximize": false
            },
            "loss_type": "fy",
            "nb_samples": 1,
            "objective_type": "dpo",
            "perturb_w": false,
            "perturb_w_prime": false,
            "temperature": 0.5,
            "type": 5,
            "use_gamma": false,
            "use_marginal": true
        },
        "model_params": {
            "arch_params": {},
            "model_name": "CombResnet18"
        },
        "neighbourhood_fn": "8-grid",
        "optimizer_name": "Adam",
        "optimizer_params": {
            "lr": 0.0005
        },
        "preload_batch": true,
        "use_cuda": true,
        "use_lr_scheduling": true
    },
    "use_ray": false
}
MAP-BACKPROP MODE: {
    "dpo": {
        "maximize": false
    },
    "loss_type": "fy",
    "nb_samples": 1,
    "objective_type": "dpo",
    "perturb_w": false,
    "perturb_w_prime": false,
    "temperature": 0.5,
    "type": 5,
    "use_gamma": false,
    "use_marginal": true
}
True
META: {'input_image_size': 240, 'output_features': 900, 'num_channels': 3, 'denormalize': <maprop.decorators.input_to_numpy object at 0x2b38104fee80>}
EVALUATING
{'loss': 59.93400047302246, 'accuracy': 0.9404978048801422, 'perfect_match_accuracy': 0.001, 'cost_ratio_suggested_true': 2.4892180275917055, 'below_10.0_percent_acc': 0.122, 'below_1.0_percent_acc': 0.012, 'below_0.1_percent_acc': 0.012, 'below_0.01_percent_acc': 0.012, 'below_0.001_percent_acc': 0.011, 'below_0.0001_percent_acc': 0.011, 'valid_acc': 1.0}
Epoch: 1	Batch time (3.154904)	Data time (0.082301)	Cuda time (0.000002)	Loss (46.793300)	Accuracy (0.947797)
EVALUATING
{'loss': 40.7700004196167, 'accuracy': 0.974667803645134, 'perfect_match_accuracy': 0.152, 'cost_ratio_suggested_true': 1.1452961802482604, 'below_10.0_percent_acc': 0.923, 'below_1.0_percent_acc': 0.39, 'below_0.1_percent_acc': 0.297, 'below_0.01_percent_acc': 0.297, 'below_0.001_percent_acc': 0.289, 'below_0.0001_percent_acc': 0.289, 'valid_acc': 1.0}
Epoch: 2	Batch time (2.958815)	Data time (0.090871)	Cuda time (0.000002)	Loss (39.127500)	Accuracy (0.955117)
EVALUATING
{'loss': 38.742000122070316, 'accuracy': 0.974882248044014, 'perfect_match_accuracy': 0.202, 'cost_ratio_suggested_true': 1.1883555948734283, 'below_10.0_percent_acc': 0.88, 'below_1.0_percent_acc': 0.402, 'below_0.1_percent_acc': 0.328, 'below_0.01_percent_acc': 0.327, 'below_0.001_percent_acc': 0.322, 'below_0.0001_percent_acc': 0.322, 'valid_acc': 1.0}
Epoch: 3	Batch time (2.932952)	Data time (0.088830)	Cuda time (0.000002)	Loss (36.409100)	Accuracy (0.958037)
EVALUATING
{'loss': 35.837000160217286, 'accuracy': 0.9773422461748124, 'perfect_match_accuracy': 0.248, 'cost_ratio_suggested_true': 1.158875460624695, 'below_10.0_percent_acc': 0.905, 'below_1.0_percent_acc': 0.486, 'below_0.1_percent_acc': 0.399, 'below_0.01_percent_acc': 0.399, 'below_0.001_percent_acc': 0.396, 'below_0.0001_percent_acc': 0.396, 'valid_acc': 1.0}
Epoch: 4	Batch time (2.888602)	Data time (0.084462)	Cuda time (0.000002)	Loss (34.237200)	Accuracy (0.960011)
EVALUATING
{'loss': 33.13599969863892, 'accuracy': 0.9790100347995758, 'perfect_match_accuracy': 0.257, 'cost_ratio_suggested_true': 1.1075899231433868, 'below_10.0_percent_acc': 0.961, 'below_1.0_percent_acc': 0.488, 'below_0.1_percent_acc': 0.391, 'below_0.01_percent_acc': 0.391, 'below_0.001_percent_acc': 0.38, 'below_0.0001_percent_acc': 0.38, 'valid_acc': 1.0}
Epoch: 5	Batch time (2.987071)	Data time (0.090517)	Cuda time (0.000002)	Loss (32.892400)	Accuracy (0.961708)
EVALUATING
{'loss': 31.47800037384033, 'accuracy': 0.9818178057670593, 'perfect_match_accuracy': 0.329, 'cost_ratio_suggested_true': 1.1011867702007294, 'below_10.0_percent_acc': 0.963, 'below_1.0_percent_acc': 0.6, 'below_0.1_percent_acc': 0.507, 'below_0.01_percent_acc': 0.507, 'below_0.001_percent_acc': 0.495, 'below_0.0001_percent_acc': 0.495, 'valid_acc': 1.0}
Epoch: 6	Batch time (2.898909)	Data time (0.087146)	Cuda time (0.000002)	Loss (31.552600)	Accuracy (0.962485)
EVALUATING
{'loss': 31.347000350952147, 'accuracy': 0.981536694765091, 'perfect_match_accuracy': 0.327, 'cost_ratio_suggested_true': 1.1061131858825684, 'below_10.0_percent_acc': 0.954, 'below_1.0_percent_acc': 0.615, 'below_0.1_percent_acc': 0.534, 'below_0.01_percent_acc': 0.534, 'below_0.001_percent_acc': 0.523, 'below_0.0001_percent_acc': 0.523, 'valid_acc': 1.0}
Epoch: 7	Batch time (2.923219)	Data time (0.089764)	Cuda time (0.000002)	Loss (30.628100)	Accuracy (0.963884)
EVALUATING
{'loss': 30.501000347137452, 'accuracy': 0.9828377997875214, 'perfect_match_accuracy': 0.351, 'cost_ratio_suggested_true': 1.0833628678321838, 'below_10.0_percent_acc': 0.973, 'below_1.0_percent_acc': 0.636, 'below_0.1_percent_acc': 0.536, 'below_0.01_percent_acc': 0.535, 'below_0.001_percent_acc': 0.529, 'below_0.0001_percent_acc': 0.529, 'valid_acc': 1.0}
Epoch: 8	Batch time (2.917234)	Data time (0.086747)	Cuda time (0.000002)	Loss (29.551000)	Accuracy (0.965091)
EVALUATING
{'loss': 28.086000289916992, 'accuracy': 0.9820578056573868, 'perfect_match_accuracy': 0.324, 'cost_ratio_suggested_true': 1.079578182697296, 'below_10.0_percent_acc': 0.967, 'below_1.0_percent_acc': 0.609, 'below_0.1_percent_acc': 0.506, 'below_0.01_percent_acc': 0.506, 'below_0.001_percent_acc': 0.499, 'below_0.0001_percent_acc': 0.499, 'valid_acc': 1.0}
Epoch: 9	Batch time (2.953966)	Data time (0.086443)	Cuda time (0.000002)	Loss (28.478500)	Accuracy (0.965743)
EVALUATING
{'loss': 28.022000102996827, 'accuracy': 0.9827178061008454, 'perfect_match_accuracy': 0.347, 'cost_ratio_suggested_true': 1.081398711204529, 'below_10.0_percent_acc': 0.977, 'below_1.0_percent_acc': 0.616, 'below_0.1_percent_acc': 0.518, 'below_0.01_percent_acc': 0.516, 'below_0.001_percent_acc': 0.503, 'below_0.0001_percent_acc': 0.503, 'valid_acc': 1.0}
Epoch: 10	Batch time (2.907860)	Data time (0.088494)	Cuda time (0.000002)	Loss (27.547500)	Accuracy (0.966701)
EVALUATING
{'loss': 27.499000301361082, 'accuracy': 0.9819489133358001, 'perfect_match_accuracy': 0.35, 'cost_ratio_suggested_true': 1.091334980726242, 'below_10.0_percent_acc': 0.957, 'below_1.0_percent_acc': 0.631, 'below_0.1_percent_acc': 0.541, 'below_0.01_percent_acc': 0.539, 'below_0.001_percent_acc': 0.535, 'below_0.0001_percent_acc': 0.535, 'valid_acc': 1.0}
Epoch: 11	Batch time (2.875662)	Data time (0.089778)	Cuda time (0.000002)	Loss (27.355200)	Accuracy (0.967215)
EVALUATING
{'loss': 29.262000102996826, 'accuracy': 0.982893363237381, 'perfect_match_accuracy': 0.38, 'cost_ratio_suggested_true': 1.0901477921009064, 'below_10.0_percent_acc': 0.969, 'below_1.0_percent_acc': 0.648, 'below_0.1_percent_acc': 0.558, 'below_0.01_percent_acc': 0.558, 'below_0.001_percent_acc': 0.548, 'below_0.0001_percent_acc': 0.548, 'valid_acc': 1.0}
Epoch: 12	Batch time (2.934773)	Data time (0.091289)	Cuda time (0.000002)	Loss (26.531400)	Accuracy (0.968176)
EVALUATING
{'loss': 26.005000286102295, 'accuracy': 0.9833922481536865, 'perfect_match_accuracy': 0.378, 'cost_ratio_suggested_true': 1.080944662094116, 'below_10.0_percent_acc': 0.979, 'below_1.0_percent_acc': 0.649, 'below_0.1_percent_acc': 0.553, 'below_0.01_percent_acc': 0.551, 'below_0.001_percent_acc': 0.532, 'below_0.0001_percent_acc': 0.532, 'valid_acc': 1.0}
Epoch: 13	Batch time (2.886290)	Data time (0.091394)	Cuda time (0.000002)	Loss (26.004900)	Accuracy (0.968545)
EVALUATING
{'loss': 26.28100034713745, 'accuracy': 0.9832833695411682, 'perfect_match_accuracy': 0.386, 'cost_ratio_suggested_true': 1.0878330874443054, 'below_10.0_percent_acc': 0.97, 'below_1.0_percent_acc': 0.645, 'below_0.1_percent_acc': 0.544, 'below_0.01_percent_acc': 0.544, 'below_0.001_percent_acc': 0.534, 'below_0.0001_percent_acc': 0.534, 'valid_acc': 1.0}
Epoch: 14	Batch time (2.903540)	Data time (0.093002)	Cuda time (0.000002)	Loss (25.465100)	Accuracy (0.969139)
EVALUATING
{'loss': 25.830000114440917, 'accuracy': 0.9847478097677231, 'perfect_match_accuracy': 0.434, 'cost_ratio_suggested_true': 1.0671636259555817, 'below_10.0_percent_acc': 0.988, 'below_1.0_percent_acc': 0.691, 'below_0.1_percent_acc': 0.601, 'below_0.01_percent_acc': 0.599, 'below_0.001_percent_acc': 0.589, 'below_0.0001_percent_acc': 0.589, 'valid_acc': 1.0}
Epoch: 15	Batch time (2.942393)	Data time (0.092057)	Cuda time (0.000002)	Loss (24.555200)	Accuracy (0.969572)
EVALUATING
{'loss': 24.67499988555908, 'accuracy': 0.9858044683933258, 'perfect_match_accuracy': 0.44, 'cost_ratio_suggested_true': 1.0670516204833984, 'below_10.0_percent_acc': 0.986, 'below_1.0_percent_acc': 0.716, 'below_0.1_percent_acc': 0.619, 'below_0.01_percent_acc': 0.617, 'below_0.001_percent_acc': 0.605, 'below_0.0001_percent_acc': 0.605, 'valid_acc': 1.0}
Epoch: 16	Batch time (2.940764)	Data time (0.091919)	Cuda time (0.000002)	Loss (24.505400)	Accuracy (0.970341)
EVALUATING
{'loss': 24.445000038146972, 'accuracy': 0.9841744667291641, 'perfect_match_accuracy': 0.403, 'cost_ratio_suggested_true': 1.0681949317455293, 'below_10.0_percent_acc': 0.987, 'below_1.0_percent_acc': 0.669, 'below_0.1_percent_acc': 0.572, 'below_0.01_percent_acc': 0.57, 'below_0.001_percent_acc': 0.559, 'below_0.0001_percent_acc': 0.559, 'valid_acc': 1.0}
Epoch: 17	Batch time (2.889471)	Data time (0.091427)	Cuda time (0.000002)	Loss (23.873900)	Accuracy (0.970675)
EVALUATING
{'loss': 24.4780002784729, 'accuracy': 0.9850789082050323, 'perfect_match_accuracy': 0.427, 'cost_ratio_suggested_true': 1.064610276222229, 'below_10.0_percent_acc': 0.983, 'below_1.0_percent_acc': 0.705, 'below_0.1_percent_acc': 0.606, 'below_0.01_percent_acc': 0.604, 'below_0.001_percent_acc': 0.597, 'below_0.0001_percent_acc': 0.597, 'valid_acc': 1.0}
Epoch: 18	Batch time (3.024742)	Data time (0.092108)	Cuda time (0.000003)	Loss (23.487300)	Accuracy (0.971034)
EVALUATING
{'loss': 23.62500015258789, 'accuracy': 0.9841022497415542, 'perfect_match_accuracy': 0.391, 'cost_ratio_suggested_true': 1.0778585326671601, 'below_10.0_percent_acc': 0.978, 'below_1.0_percent_acc': 0.675, 'below_0.1_percent_acc': 0.57, 'below_0.01_percent_acc': 0.569, 'below_0.001_percent_acc': 0.558, 'below_0.0001_percent_acc': 0.558, 'valid_acc': 1.0}
Epoch: 19	Batch time (9.233527)	Data time (0.170412)	Cuda time (0.000005)	Loss (23.080700)	Accuracy (0.971564)
EVALUATING
{'loss': 24.747000293731688, 'accuracy': 0.9844178092479706, 'perfect_match_accuracy': 0.418, 'cost_ratio_suggested_true': 1.0791290974617005, 'below_10.0_percent_acc': 0.972, 'below_1.0_percent_acc': 0.669, 'below_0.1_percent_acc': 0.578, 'below_0.01_percent_acc': 0.577, 'below_0.001_percent_acc': 0.57, 'below_0.0001_percent_acc': 0.57, 'valid_acc': 1.0}
Epoch: 20	Batch time (7.924766)	Data time (0.159637)	Cuda time (0.000004)	Loss (22.749300)	Accuracy (0.972255)
EVALUATING
{'loss': 25.021000099182128, 'accuracy': 0.985038920044899, 'perfect_match_accuracy': 0.446, 'cost_ratio_suggested_true': 1.0727553641796113, 'below_10.0_percent_acc': 0.979, 'below_1.0_percent_acc': 0.732, 'below_0.1_percent_acc': 0.638, 'below_0.01_percent_acc': 0.636, 'below_0.001_percent_acc': 0.63, 'below_0.0001_percent_acc': 0.63, 'valid_acc': 1.0}
Epoch: 21	Batch time (3.185620)	Data time (0.093347)	Cuda time (0.000002)	Loss (22.230900)	Accuracy (0.972627)
EVALUATING
{'loss': 22.020000190734862, 'accuracy': 0.9861422485113144, 'perfect_match_accuracy': 0.452, 'cost_ratio_suggested_true': 1.0667790365219116, 'below_10.0_percent_acc': 0.984, 'below_1.0_percent_acc': 0.722, 'below_0.1_percent_acc': 0.636, 'below_0.01_percent_acc': 0.634, 'below_0.001_percent_acc': 0.622, 'below_0.0001_percent_acc': 0.622, 'valid_acc': 1.0}
Epoch: 22	Batch time (3.226896)	Data time (0.094900)	Cuda time (0.000002)	Loss (21.776600)	Accuracy (0.972877)
EVALUATING
{'loss': 23.156000156402587, 'accuracy': 0.9857122498750687, 'perfect_match_accuracy': 0.439, 'cost_ratio_suggested_true': 1.0617919766902923, 'below_10.0_percent_acc': 0.986, 'below_1.0_percent_acc': 0.737, 'below_0.1_percent_acc': 0.638, 'below_0.01_percent_acc': 0.636, 'below_0.001_percent_acc': 0.62, 'below_0.0001_percent_acc': 0.62, 'valid_acc': 1.0}
Epoch: 23	Batch time (3.232199)	Data time (0.095522)	Cuda time (0.000002)	Loss (21.323600)	Accuracy (0.973732)
EVALUATING
{'loss': 22.501000328063967, 'accuracy': 0.986064470410347, 'perfect_match_accuracy': 0.44, 'cost_ratio_suggested_true': 1.0607391130924224, 'below_10.0_percent_acc': 0.992, 'below_1.0_percent_acc': 0.711, 'below_0.1_percent_acc': 0.615, 'below_0.01_percent_acc': 0.614, 'below_0.001_percent_acc': 0.604, 'below_0.0001_percent_acc': 0.604, 'valid_acc': 1.0}
Epoch: 24	Batch time (3.224165)	Data time (0.094642)	Cuda time (0.000003)	Loss (21.038400)	Accuracy (0.973591)
EVALUATING
{'loss': 21.88600023269653, 'accuracy': 0.9864966869354248, 'perfect_match_accuracy': 0.448, 'cost_ratio_suggested_true': 1.0540678739547729, 'below_10.0_percent_acc': 0.993, 'below_1.0_percent_acc': 0.735, 'below_0.1_percent_acc': 0.648, 'below_0.01_percent_acc': 0.647, 'below_0.001_percent_acc': 0.634, 'below_0.0001_percent_acc': 0.634, 'valid_acc': 1.0}
Epoch: 25	Batch time (3.199814)	Data time (0.095001)	Cuda time (0.000002)	Loss (20.909400)	Accuracy (0.973900)
EVALUATING
{'loss': 21.223999938964845, 'accuracy': 0.9856266939640045, 'perfect_match_accuracy': 0.436, 'cost_ratio_suggested_true': 1.0634873378276826, 'below_10.0_percent_acc': 0.985, 'below_1.0_percent_acc': 0.729, 'below_0.1_percent_acc': 0.648, 'below_0.01_percent_acc': 0.646, 'below_0.001_percent_acc': 0.628, 'below_0.0001_percent_acc': 0.628, 'valid_acc': 1.0}
Epoch: 26	Batch time (3.205668)	Data time (0.094386)	Cuda time (0.000002)	Loss (20.416600)	Accuracy (0.974521)
EVALUATING
{'loss': 21.63300029754639, 'accuracy': 0.9871955835819244, 'perfect_match_accuracy': 0.482, 'cost_ratio_suggested_true': 1.0607955157756805, 'below_10.0_percent_acc': 0.985, 'below_1.0_percent_acc': 0.765, 'below_0.1_percent_acc': 0.686, 'below_0.01_percent_acc': 0.684, 'below_0.001_percent_acc': 0.667, 'below_0.0001_percent_acc': 0.667, 'valid_acc': 1.0}
Epoch: 27	Batch time (3.194143)	Data time (0.095348)	Cuda time (0.000002)	Loss (20.274900)	Accuracy (0.974665)
EVALUATING
{'loss': 21.233000354766844, 'accuracy': 0.9863933581113815, 'perfect_match_accuracy': 0.457, 'cost_ratio_suggested_true': 1.0559995567798615, 'below_10.0_percent_acc': 0.988, 'below_1.0_percent_acc': 0.746, 'below_0.1_percent_acc': 0.66, 'below_0.01_percent_acc': 0.658, 'below_0.001_percent_acc': 0.646, 'below_0.0001_percent_acc': 0.646, 'valid_acc': 1.0}
Epoch: 28	Batch time (9.318030)	Data time (0.150331)	Cuda time (0.000005)	Loss (20.130500)	Accuracy (0.975031)
EVALUATING
{'loss': 20.76500036239624, 'accuracy': 0.9866789138317108, 'perfect_match_accuracy': 0.474, 'cost_ratio_suggested_true': 1.0589811861515046, 'below_10.0_percent_acc': 0.987, 'below_1.0_percent_acc': 0.77, 'below_0.1_percent_acc': 0.685, 'below_0.01_percent_acc': 0.683, 'below_0.001_percent_acc': 0.665, 'below_0.0001_percent_acc': 0.665, 'valid_acc': 1.0}
Epoch: 29	Batch time (6.463834)	Data time (0.170059)	Cuda time (0.000003)	Loss (19.588700)	Accuracy (0.975354)
EVALUATING
{'loss': 20.667000350952147, 'accuracy': 0.9871244704723359, 'perfect_match_accuracy': 0.478, 'cost_ratio_suggested_true': 1.0598685133457184, 'below_10.0_percent_acc': 0.987, 'below_1.0_percent_acc': 0.762, 'below_0.1_percent_acc': 0.679, 'below_0.01_percent_acc': 0.677, 'below_0.001_percent_acc': 0.661, 'below_0.0001_percent_acc': 0.661, 'valid_acc': 1.0}
Epoch: 30	Batch time (5.062795)	Data time (0.109137)	Cuda time (0.000003)	Loss (19.439800)	Accuracy (0.975526)
EVALUATING
{'loss': 20.880000114440918, 'accuracy': 0.9865822553634643, 'perfect_match_accuracy': 0.476, 'cost_ratio_suggested_true': 1.0546617674827576, 'below_10.0_percent_acc': 0.988, 'below_1.0_percent_acc': 0.747, 'below_0.1_percent_acc': 0.665, 'below_0.01_percent_acc': 0.665, 'below_0.001_percent_acc': 0.653, 'below_0.0001_percent_acc': 0.653, 'valid_acc': 1.0}
Epoch: 31	Batch time (3.060475)	Data time (0.091213)	Cuda time (0.000002)	Loss (18.060100)	Accuracy (0.976923)
EVALUATING
{'loss': 19.62600004196167, 'accuracy': 0.9874066877365112, 'perfect_match_accuracy': 0.498, 'cost_ratio_suggested_true': 1.055516573190689, 'below_10.0_percent_acc': 0.988, 'below_1.0_percent_acc': 0.775, 'below_0.1_percent_acc': 0.696, 'below_0.01_percent_acc': 0.694, 'below_0.001_percent_acc': 0.682, 'below_0.0001_percent_acc': 0.682, 'valid_acc': 1.0}
Epoch: 32	Batch time (3.116877)	Data time (0.086806)	Cuda time (0.000002)	Loss (17.832100)	Accuracy (0.977092)
EVALUATING
{'loss': 20.00700033187866, 'accuracy': 0.987535583972931, 'perfect_match_accuracy': 0.503, 'cost_ratio_suggested_true': 1.0557347214221955, 'below_10.0_percent_acc': 0.987, 'below_1.0_percent_acc': 0.777, 'below_0.1_percent_acc': 0.698, 'below_0.01_percent_acc': 0.696, 'below_0.001_percent_acc': 0.682, 'below_0.0001_percent_acc': 0.682, 'valid_acc': 1.0}
Epoch: 33	Batch time (3.135867)	Data time (0.087656)	Cuda time (0.000002)	Loss (17.609700)	Accuracy (0.977457)
EVALUATING
{'loss': 20.019000129699705, 'accuracy': 0.9871422499418259, 'perfect_match_accuracy': 0.492, 'cost_ratio_suggested_true': 1.0568785715103148, 'below_10.0_percent_acc': 0.986, 'below_1.0_percent_acc': 0.766, 'below_0.1_percent_acc': 0.682, 'below_0.01_percent_acc': 0.68, 'below_0.001_percent_acc': 0.668, 'below_0.0001_percent_acc': 0.668, 'valid_acc': 1.0}
Epoch: 34	Batch time (3.134469)	Data time (0.092941)	Cuda time (0.000002)	Loss (17.440500)	Accuracy (0.977361)
EVALUATING
{'loss': 20.41199998855591, 'accuracy': 0.9871444672346115, 'perfect_match_accuracy': 0.491, 'cost_ratio_suggested_true': 1.0609557521343231, 'below_10.0_percent_acc': 0.982, 'below_1.0_percent_acc': 0.768, 'below_0.1_percent_acc': 0.691, 'below_0.01_percent_acc': 0.689, 'below_0.001_percent_acc': 0.676, 'below_0.0001_percent_acc': 0.676, 'valid_acc': 1.0}
Epoch: 35	Batch time (3.147278)	Data time (0.088120)	Cuda time (0.000002)	Loss (17.314300)	Accuracy (0.977709)
EVALUATING
{'loss': 19.90600022315979, 'accuracy': 0.9872600221633911, 'perfect_match_accuracy': 0.496, 'cost_ratio_suggested_true': 1.0567774510383605, 'below_10.0_percent_acc': 0.986, 'below_1.0_percent_acc': 0.77, 'below_0.1_percent_acc': 0.693, 'below_0.01_percent_acc': 0.691, 'below_0.001_percent_acc': 0.679, 'below_0.0001_percent_acc': 0.679, 'valid_acc': 1.0}
Epoch: 36	Batch time (3.203609)	Data time (0.088743)	Cuda time (0.000002)	Loss (17.450200)	Accuracy (0.977779)
EVALUATING
{'loss': 20.17100008010864, 'accuracy': 0.9871255815029144, 'perfect_match_accuracy': 0.496, 'cost_ratio_suggested_true': 1.0568904054164887, 'below_10.0_percent_acc': 0.983, 'below_1.0_percent_acc': 0.784, 'below_0.1_percent_acc': 0.7, 'below_0.01_percent_acc': 0.698, 'below_0.001_percent_acc': 0.683, 'below_0.0001_percent_acc': 0.683, 'valid_acc': 1.0}
Epoch: 37	Batch time (3.199976)	Data time (0.092169)	Cuda time (0.000002)	Loss (17.069900)	Accuracy (0.978078)
EVALUATING
{'loss': 19.14999991416931, 'accuracy': 0.9875733572244644, 'perfect_match_accuracy': 0.502, 'cost_ratio_suggested_true': 1.052517557144165, 'below_10.0_percent_acc': 0.99, 'below_1.0_percent_acc': 0.783, 'below_0.1_percent_acc': 0.698, 'below_0.01_percent_acc': 0.696, 'below_0.001_percent_acc': 0.683, 'below_0.0001_percent_acc': 0.683, 'valid_acc': 1.0}
Epoch: 38	Batch time (3.213969)	Data time (0.092215)	Cuda time (0.000002)	Loss (17.087600)	Accuracy (0.978102)
EVALUATING
{'loss': 19.524000453948975, 'accuracy': 0.9873700231313706, 'perfect_match_accuracy': 0.487, 'cost_ratio_suggested_true': 1.0537585985660554, 'below_10.0_percent_acc': 0.989, 'below_1.0_percent_acc': 0.776, 'below_0.1_percent_acc': 0.69, 'below_0.01_percent_acc': 0.688, 'below_0.001_percent_acc': 0.675, 'below_0.0001_percent_acc': 0.675, 'valid_acc': 1.0}
Epoch: 39	Batch time (3.208824)	Data time (0.090362)	Cuda time (0.000002)	Loss (17.163600)	Accuracy (0.978112)
EVALUATING
{'loss': 19.52700023651123, 'accuracy': 0.9875066846609115, 'perfect_match_accuracy': 0.494, 'cost_ratio_suggested_true': 1.0520550155639647, 'below_10.0_percent_acc': 0.991, 'below_1.0_percent_acc': 0.782, 'below_0.1_percent_acc': 0.691, 'below_0.01_percent_acc': 0.689, 'below_0.001_percent_acc': 0.678, 'below_0.0001_percent_acc': 0.678, 'valid_acc': 1.0}
Epoch: 40	Batch time (3.001853)	Data time (0.091679)	Cuda time (0.000002)	Loss (17.174800)	Accuracy (0.978043)
EVALUATING
{'loss': 19.832000102996826, 'accuracy': 0.9871500343084335, 'perfect_match_accuracy': 0.49, 'cost_ratio_suggested_true': 1.0562747931480407, 'below_10.0_percent_acc': 0.987, 'below_1.0_percent_acc': 0.77, 'below_0.1_percent_acc': 0.681, 'below_0.01_percent_acc': 0.679, 'below_0.001_percent_acc': 0.668, 'below_0.0001_percent_acc': 0.668, 'valid_acc': 1.0}
Epoch: 41	Batch time (3.001113)	Data time (0.093246)	Cuda time (0.000003)	Loss (16.660100)	Accuracy (0.978070)
EVALUATING
{'loss': 18.873999938964843, 'accuracy': 0.9871644622087479, 'perfect_match_accuracy': 0.49, 'cost_ratio_suggested_true': 1.0555541074275971, 'below_10.0_percent_acc': 0.987, 'below_1.0_percent_acc': 0.771, 'below_0.1_percent_acc': 0.684, 'below_0.01_percent_acc': 0.682, 'below_0.001_percent_acc': 0.67, 'below_0.0001_percent_acc': 0.67, 'valid_acc': 1.0}
Epoch: 42	Batch time (2.964425)	Data time (0.093614)	Cuda time (0.000002)	Loss (16.853100)	Accuracy (0.978325)
EVALUATING
{'loss': 19.380000114440918, 'accuracy': 0.9873744678497315, 'perfect_match_accuracy': 0.495, 'cost_ratio_suggested_true': 1.0544309508800507, 'below_10.0_percent_acc': 0.988, 'below_1.0_percent_acc': 0.778, 'below_0.1_percent_acc': 0.691, 'below_0.01_percent_acc': 0.689, 'below_0.001_percent_acc': 0.676, 'below_0.0001_percent_acc': 0.676, 'valid_acc': 1.0}
Epoch: 43	Batch time (2.956204)	Data time (0.092211)	Cuda time (0.000002)	Loss (16.921600)	Accuracy (0.978323)
EVALUATING
{'loss': 20.381000175476075, 'accuracy': 0.9873644667863846, 'perfect_match_accuracy': 0.493, 'cost_ratio_suggested_true': 1.0544099807739258, 'below_10.0_percent_acc': 0.988, 'below_1.0_percent_acc': 0.778, 'below_0.1_percent_acc': 0.691, 'below_0.01_percent_acc': 0.689, 'below_0.001_percent_acc': 0.676, 'below_0.0001_percent_acc': 0.676, 'valid_acc': 1.0}
Epoch: 44	Batch time (3.020581)	Data time (0.095417)	Cuda time (0.000002)	Loss (17.003900)	Accuracy (0.978123)
EVALUATING
{'loss': 19.524000225067137, 'accuracy': 0.987311133146286, 'perfect_match_accuracy': 0.498, 'cost_ratio_suggested_true': 1.0544761383533479, 'below_10.0_percent_acc': 0.988, 'below_1.0_percent_acc': 0.778, 'below_0.1_percent_acc': 0.692, 'below_0.01_percent_acc': 0.69, 'below_0.001_percent_acc': 0.677, 'below_0.0001_percent_acc': 0.677, 'valid_acc': 1.0}
Epoch: 45	Batch time (2.935802)	Data time (0.092542)	Cuda time (0.000003)	Loss (16.523700)	Accuracy (0.978384)
EVALUATING
{'loss': 20.321000194549562, 'accuracy': 0.9873178035020829, 'perfect_match_accuracy': 0.494, 'cost_ratio_suggested_true': 1.0535998487472533, 'below_10.0_percent_acc': 0.988, 'below_1.0_percent_acc': 0.778, 'below_0.1_percent_acc': 0.686, 'below_0.01_percent_acc': 0.684, 'below_0.001_percent_acc': 0.671, 'below_0.0001_percent_acc': 0.671, 'valid_acc': 1.0}
Epoch: 46	Batch time (2.978465)	Data time (0.093059)	Cuda time (0.000002)	Loss (16.732800)	Accuracy (0.978176)
EVALUATING
{'loss': 19.154000120162962, 'accuracy': 0.9871000266075134, 'perfect_match_accuracy': 0.491, 'cost_ratio_suggested_true': 1.054901430606842, 'below_10.0_percent_acc': 0.988, 'below_1.0_percent_acc': 0.775, 'below_0.1_percent_acc': 0.686, 'below_0.01_percent_acc': 0.684, 'below_0.001_percent_acc': 0.67, 'below_0.0001_percent_acc': 0.67, 'valid_acc': 1.0}
Epoch: 47	Batch time (2.963657)	Data time (0.094288)	Cuda time (0.000002)	Loss (16.725600)	Accuracy (0.978180)
EVALUATING
{'loss': 20.20600009918213, 'accuracy': 0.9871744692325592, 'perfect_match_accuracy': 0.491, 'cost_ratio_suggested_true': 1.055174434185028, 'below_10.0_percent_acc': 0.988, 'below_1.0_percent_acc': 0.774, 'below_0.1_percent_acc': 0.689, 'below_0.01_percent_acc': 0.687, 'below_0.001_percent_acc': 0.672, 'below_0.0001_percent_acc': 0.672, 'valid_acc': 1.0}
Epoch: 48	Batch time (2.982063)	Data time (0.095678)	Cuda time (0.000002)	Loss (16.767600)	Accuracy (0.978061)
EVALUATING
{'loss': 19.9170001411438, 'accuracy': 0.9872278040647506, 'perfect_match_accuracy': 0.491, 'cost_ratio_suggested_true': 1.0552566540241242, 'below_10.0_percent_acc': 0.987, 'below_1.0_percent_acc': 0.774, 'below_0.1_percent_acc': 0.685, 'below_0.01_percent_acc': 0.683, 'below_0.001_percent_acc': 0.67, 'below_0.0001_percent_acc': 0.67, 'valid_acc': 1.0}
Epoch: 49	Batch time (3.038232)	Data time (0.097048)	Cuda time (0.000003)	Loss (16.738400)	Accuracy (0.978255)
EVALUATING
{'loss': 18.7740002822876, 'accuracy': 0.987155579328537, 'perfect_match_accuracy': 0.493, 'cost_ratio_suggested_true': 1.0550427532196045, 'below_10.0_percent_acc': 0.988, 'below_1.0_percent_acc': 0.772, 'below_0.1_percent_acc': 0.686, 'below_0.01_percent_acc': 0.684, 'below_0.001_percent_acc': 0.669, 'below_0.0001_percent_acc': 0.669, 'valid_acc': 1.0}
Epoch: 50	Batch time (3.071493)	Data time (0.096768)	Cuda time (0.000003)	Loss (16.680400)	Accuracy (0.978430)
EVALUATING
{'loss': 19.16100036621094, 'accuracy': 0.9869644683599472, 'perfect_match_accuracy': 0.487, 'cost_ratio_suggested_true': 1.055791996717453, 'below_10.0_percent_acc': 0.988, 'below_1.0_percent_acc': 0.769, 'below_0.1_percent_acc': 0.68, 'below_0.01_percent_acc': 0.678, 'below_0.001_percent_acc': 0.663, 'below_0.0001_percent_acc': 0.663, 'valid_acc': 1.0}
