No existing entry for trainer_params.mode.type
{}[type] = <class 'int'>(5)
No existing entry for trainer_params.mode.objective_type
{'type': 5}[objective_type] = <class 'str'>(dpo)
No existing entry for trainer_params.mode.use_marginal
{'type': 5, 'objective_type': 'dpo'}[use_marginal] = <class 'bool'>(True)
No existing entry for trainer_params.mode.nb_samples
{'type': 5, 'objective_type': 'dpo', 'use_marginal': True}[nb_samples] = <class 'int'>(1)
No existing entry for trainer_params.mode.temperature
{'type': 5, 'objective_type': 'dpo', 'use_marginal': True, 'nb_samples': 1}[temperature] = <class 'float'>(10.0)
No existing entry for trainer_params.mode.use_gamma
{'type': 5, 'objective_type': 'dpo', 'use_marginal': True, 'nb_samples': 1, 'temperature': 10.0}[use_gamma] = <class 'bool'>(False)
No existing entry for trainer_params.mode.loss_type
{'type': 5, 'objective_type': 'dpo', 'use_marginal': True, 'nb_samples': 1, 'temperature': 10.0, 'use_gamma': False}[loss_type] = <class 'str'>(fy)
No existing entry for trainer_params.mode.perturb_w
{'type': 5, 'objective_type': 'dpo', 'use_marginal': True, 'nb_samples': 1, 'temperature': 10.0, 'use_gamma': False, 'loss_type': 'fy'}[perturb_w] = <class 'bool'>(False)
No existing entry for trainer_params.mode.perturb_w_prime
{'type': 5, 'objective_type': 'dpo', 'use_marginal': True, 'nb_samples': 1, 'temperature': 10.0, 'use_gamma': False, 'loss_type': 'fy', 'perturb_w': False}[perturb_w_prime] = <class 'bool'>(False)
{'batch_size': 70, 'l1_regconst': 0.0, 'lambda_val': 20.0, 'lr_milestone_1': 30, 'lr_milestone_2': 40, 'model_params': {'arch_params': {}, 'model_name': 'CombResnet18'}, 'neighbourhood_fn': '8-grid', 'optimizer_name': 'Adam', 'optimizer_params': {'lr': 0.0005}, 'preload_batch': True, 'use_cuda': True, 'use_lr_scheduling': True, 'mode': {'type': 5, 'objective_type': 'dpo', 'use_marginal': True, 'nb_samples': 1, 'temperature': 10.0, 'use_gamma': False, 'loss_type': 'fy', 'perturb_w': False, 'perturb_w_prime': False}}[lambda_val] = <class 'float'>(0.0)
No existing entry for trainer_params.mode.dpo.maximize
{}[maximize] = <class 'bool'>(False)
{'data_dir': 'data/warcraft_shortest_path/12x12', 'evaluate_with_extra': False, 'normalize': True, 'use_local_path': False, 'use_test_set': True}[data_dir] = <class 'str'>(data/warcraft_shortest_path/12x12)
{'evaluate_every': 5, 'loader_params': {'data_dir': 'data/warcraft_shortest_path/12x12', 'evaluate_with_extra': False, 'normalize': True, 'use_local_path': False, 'use_test_set': True}, 'model_dir': 'results/warcraft_shortest_path_combresnet', 'num_cpus': 40, 'num_epochs': 50, 'problem_type': 'warcraft_shortest_path', 'ray_params': {}, 'save_visualizations': False, 'seed': 1, 'trainer_name': 'DijkstraMAP', 'trainer_params': {'batch_size': 70, 'l1_regconst': 0.0, 'lambda_val': 0.0, 'lr_milestone_1': 30, 'lr_milestone_2': 40, 'model_params': {'arch_params': {}, 'model_name': 'CombResnet18'}, 'neighbourhood_fn': '8-grid', 'optimizer_name': 'Adam', 'optimizer_params': {'lr': 0.0005}, 'preload_batch': True, 'use_cuda': True, 'use_lr_scheduling': True, 'mode': {'type': 5, 'objective_type': 'dpo', 'use_marginal': True, 'nb_samples': 1, 'temperature': 10.0, 'use_gamma': False, 'loss_type': 'fy', 'perturb_w': False, 'perturb_w_prime': False, 'dpo': {'maximize': False}}}, 'use_ray': True}[seed] = <class 'int'>(0)
{'evaluate_every': 5, 'loader_params': {'data_dir': 'data/warcraft_shortest_path/12x12', 'evaluate_with_extra': False, 'normalize': True, 'use_local_path': False, 'use_test_set': True}, 'model_dir': 'results/warcraft_shortest_path_combresnet', 'num_cpus': 40, 'num_epochs': 50, 'problem_type': 'warcraft_shortest_path', 'ray_params': {}, 'save_visualizations': False, 'seed': 0, 'trainer_name': 'DijkstraMAP', 'trainer_params': {'batch_size': 70, 'l1_regconst': 0.0, 'lambda_val': 0.0, 'lr_milestone_1': 30, 'lr_milestone_2': 40, 'model_params': {'arch_params': {}, 'model_name': 'CombResnet18'}, 'neighbourhood_fn': '8-grid', 'optimizer_name': 'Adam', 'optimizer_params': {'lr': 0.0005}, 'preload_batch': True, 'use_cuda': True, 'use_lr_scheduling': True, 'mode': {'type': 5, 'objective_type': 'dpo', 'use_marginal': True, 'nb_samples': 1, 'temperature': 10.0, 'use_gamma': False, 'loss_type': 'fy', 'perturb_w': False, 'perturb_w_prime': False, 'dpo': {'maximize': False}}}, 'use_ray': True}[evaluate_every] = <class 'int'>(1)
{'evaluate_every': 1, 'loader_params': {'data_dir': 'data/warcraft_shortest_path/12x12', 'evaluate_with_extra': False, 'normalize': True, 'use_local_path': False, 'use_test_set': True}, 'model_dir': 'results/warcraft_shortest_path_combresnet', 'num_cpus': 40, 'num_epochs': 50, 'problem_type': 'warcraft_shortest_path', 'ray_params': {}, 'save_visualizations': False, 'seed': 0, 'trainer_name': 'DijkstraMAP', 'trainer_params': {'batch_size': 70, 'l1_regconst': 0.0, 'lambda_val': 0.0, 'lr_milestone_1': 30, 'lr_milestone_2': 40, 'model_params': {'arch_params': {}, 'model_name': 'CombResnet18'}, 'neighbourhood_fn': '8-grid', 'optimizer_name': 'Adam', 'optimizer_params': {'lr': 0.0005}, 'preload_batch': True, 'use_cuda': True, 'use_lr_scheduling': True, 'mode': {'type': 5, 'objective_type': 'dpo', 'use_marginal': True, 'nb_samples': 1, 'temperature': 10.0, 'use_gamma': False, 'loss_type': 'fy', 'perturb_w': False, 'perturb_w_prime': False, 'dpo': {'maximize': False}}}, 'use_ray': True}[use_ray] = <class 'bool'>(False)
No existing entry for trainer_params.mode.type
{}[type] = <class 'int'>(5)
No existing entry for trainer_params.mode.objective_type
{'type': 5}[objective_type] = <class 'str'>(dpo)
No existing entry for trainer_params.mode.use_marginal
{'type': 5, 'objective_type': 'dpo'}[use_marginal] = <class 'bool'>(True)
No existing entry for trainer_params.mode.nb_samples
{'type': 5, 'objective_type': 'dpo', 'use_marginal': True}[nb_samples] = <class 'int'>(1)
No existing entry for trainer_params.mode.temperature
{'type': 5, 'objective_type': 'dpo', 'use_marginal': True, 'nb_samples': 1}[temperature] = <class 'float'>(10.0)
No existing entry for trainer_params.mode.use_gamma
{'type': 5, 'objective_type': 'dpo', 'use_marginal': True, 'nb_samples': 1, 'temperature': 10.0}[use_gamma] = <class 'bool'>(False)
No existing entry for trainer_params.mode.loss_type
{'type': 5, 'objective_type': 'dpo', 'use_marginal': True, 'nb_samples': 1, 'temperature': 10.0, 'use_gamma': False}[loss_type] = <class 'str'>(fy)
No existing entry for trainer_params.mode.perturb_w
{'type': 5, 'objective_type': 'dpo', 'use_marginal': True, 'nb_samples': 1, 'temperature': 10.0, 'use_gamma': False, 'loss_type': 'fy'}[perturb_w] = <class 'bool'>(False)
No existing entry for trainer_params.mode.perturb_w_prime
{'type': 5, 'objective_type': 'dpo', 'use_marginal': True, 'nb_samples': 1, 'temperature': 10.0, 'use_gamma': False, 'loss_type': 'fy', 'perturb_w': False}[perturb_w_prime] = <class 'bool'>(False)
{'batch_size': 70, 'l1_regconst': 0.0, 'lambda_val': 20.0, 'lr_milestone_1': 30, 'lr_milestone_2': 40, 'model_params': {'arch_params': {}, 'model_name': 'CombResnet18'}, 'neighbourhood_fn': '8-grid', 'optimizer_name': 'Adam', 'optimizer_params': {'lr': 0.0005}, 'preload_batch': True, 'use_cuda': True, 'use_lr_scheduling': True, 'mode': {'type': 5, 'objective_type': 'dpo', 'use_marginal': True, 'nb_samples': 1, 'temperature': 10.0, 'use_gamma': False, 'loss_type': 'fy', 'perturb_w': False, 'perturb_w_prime': False}}[lambda_val] = <class 'float'>(0.0)
No existing entry for trainer_params.mode.dpo.maximize
{}[maximize] = <class 'bool'>(False)
{'data_dir': 'data/warcraft_shortest_path/12x12', 'evaluate_with_extra': False, 'normalize': True, 'use_local_path': False, 'use_test_set': True}[data_dir] = <class 'str'>(data/warcraft_shortest_path/12x12)
{'evaluate_every': 5, 'loader_params': {'data_dir': 'data/warcraft_shortest_path/12x12', 'evaluate_with_extra': False, 'normalize': True, 'use_local_path': False, 'use_test_set': True}, 'model_dir': 'results/warcraft_shortest_path_combresnet', 'num_cpus': 40, 'num_epochs': 50, 'problem_type': 'warcraft_shortest_path', 'ray_params': {}, 'save_visualizations': False, 'seed': 1, 'trainer_name': 'DijkstraMAP', 'trainer_params': {'batch_size': 70, 'l1_regconst': 0.0, 'lambda_val': 0.0, 'lr_milestone_1': 30, 'lr_milestone_2': 40, 'model_params': {'arch_params': {}, 'model_name': 'CombResnet18'}, 'neighbourhood_fn': '8-grid', 'optimizer_name': 'Adam', 'optimizer_params': {'lr': 0.0005}, 'preload_batch': True, 'use_cuda': True, 'use_lr_scheduling': True, 'mode': {'type': 5, 'objective_type': 'dpo', 'use_marginal': True, 'nb_samples': 1, 'temperature': 10.0, 'use_gamma': False, 'loss_type': 'fy', 'perturb_w': False, 'perturb_w_prime': False, 'dpo': {'maximize': False}}}, 'use_ray': True}[seed] = <class 'int'>(0)
{'evaluate_every': 5, 'loader_params': {'data_dir': 'data/warcraft_shortest_path/12x12', 'evaluate_with_extra': False, 'normalize': True, 'use_local_path': False, 'use_test_set': True}, 'model_dir': 'results/warcraft_shortest_path_combresnet', 'num_cpus': 40, 'num_epochs': 50, 'problem_type': 'warcraft_shortest_path', 'ray_params': {}, 'save_visualizations': False, 'seed': 0, 'trainer_name': 'DijkstraMAP', 'trainer_params': {'batch_size': 70, 'l1_regconst': 0.0, 'lambda_val': 0.0, 'lr_milestone_1': 30, 'lr_milestone_2': 40, 'model_params': {'arch_params': {}, 'model_name': 'CombResnet18'}, 'neighbourhood_fn': '8-grid', 'optimizer_name': 'Adam', 'optimizer_params': {'lr': 0.0005}, 'preload_batch': True, 'use_cuda': True, 'use_lr_scheduling': True, 'mode': {'type': 5, 'objective_type': 'dpo', 'use_marginal': True, 'nb_samples': 1, 'temperature': 10.0, 'use_gamma': False, 'loss_type': 'fy', 'perturb_w': False, 'perturb_w_prime': False, 'dpo': {'maximize': False}}}, 'use_ray': True}[evaluate_every] = <class 'int'>(1)
{'evaluate_every': 1, 'loader_params': {'data_dir': 'data/warcraft_shortest_path/12x12', 'evaluate_with_extra': False, 'normalize': True, 'use_local_path': False, 'use_test_set': True}, 'model_dir': 'results/warcraft_shortest_path_combresnet', 'num_cpus': 40, 'num_epochs': 50, 'problem_type': 'warcraft_shortest_path', 'ray_params': {}, 'save_visualizations': False, 'seed': 0, 'trainer_name': 'DijkstraMAP', 'trainer_params': {'batch_size': 70, 'l1_regconst': 0.0, 'lambda_val': 0.0, 'lr_milestone_1': 30, 'lr_milestone_2': 40, 'model_params': {'arch_params': {}, 'model_name': 'CombResnet18'}, 'neighbourhood_fn': '8-grid', 'optimizer_name': 'Adam', 'optimizer_params': {'lr': 0.0005}, 'preload_batch': True, 'use_cuda': True, 'use_lr_scheduling': True, 'mode': {'type': 5, 'objective_type': 'dpo', 'use_marginal': True, 'nb_samples': 1, 'temperature': 10.0, 'use_gamma': False, 'loss_type': 'fy', 'perturb_w': False, 'perturb_w_prime': False, 'dpo': {'maximize': False}}}, 'use_ray': True}[use_ray] = <class 'bool'>(False)
{
    "evaluate_every": 1,
    "loader_params": {
        "data_dir": "data/warcraft_shortest_path/12x12",
        "evaluate_with_extra": false,
        "normalize": true,
        "use_local_path": false,
        "use_test_set": true
    },
    "model_dir": "results/warcraft_shortest_path_combresnet",
    "num_cpus": 40,
    "num_epochs": 50,
    "problem_type": "warcraft_shortest_path",
    "ray_params": {},
    "save_visualizations": false,
    "seed": 0,
    "trainer_name": "DijkstraMAP",
    "trainer_params": {
        "batch_size": 70,
        "l1_regconst": 0.0,
        "lambda_val": 0.0,
        "lr_milestone_1": 30,
        "lr_milestone_2": 40,
        "mode": {
            "dpo": {
                "maximize": false
            },
            "loss_type": "fy",
            "nb_samples": 1,
            "objective_type": "dpo",
            "perturb_w": false,
            "perturb_w_prime": false,
            "temperature": 10.0,
            "type": 5,
            "use_gamma": false,
            "use_marginal": true
        },
        "model_params": {
            "arch_params": {},
            "model_name": "CombResnet18"
        },
        "neighbourhood_fn": "8-grid",
        "optimizer_name": "Adam",
        "optimizer_params": {
            "lr": 0.0005
        },
        "preload_batch": true,
        "use_cuda": true,
        "use_lr_scheduling": true
    },
    "use_ray": false
}
MAP-BACKPROP MODE: {
    "dpo": {
        "maximize": false
    },
    "loss_type": "fy",
    "nb_samples": 1,
    "objective_type": "dpo",
    "perturb_w": false,
    "perturb_w_prime": false,
    "temperature": 10.0,
    "type": 5,
    "use_gamma": false,
    "use_marginal": true
}
True
META: {'input_image_size': 96, 'output_features': 144, 'num_channels': 3, 'denormalize': <maprop.decorators.input_to_numpy object at 0x2adb5aea2e80>}
EVALUATING
{'loss': 53.94500022888184, 'accuracy': 0.8788333487510681, 'perfect_match_accuracy': 0.032, 'cost_ratio_suggested_true': 2.5071900701522827, 'below_10.0_percent_acc': 0.118, 'below_1.0_percent_acc': 0.053, 'below_0.1_percent_acc': 0.051, 'below_0.01_percent_acc': 0.051, 'below_0.001_percent_acc': 0.038, 'below_0.0001_percent_acc': 0.038, 'valid_acc': 1.0}
Epoch: 1	Batch time (17.931020)	Data time (0.006610)	Cuda time (0.000001)	Loss (47.113500)	Accuracy (0.769217)
EVALUATING
{'loss': 44.051000366210936, 'accuracy': 0.9026041775941849, 'perfect_match_accuracy': 0.072, 'cost_ratio_suggested_true': 1.5991347646713256, 'below_10.0_percent_acc': 0.56, 'below_1.0_percent_acc': 0.245, 'below_0.1_percent_acc': 0.231, 'below_0.01_percent_acc': 0.231, 'below_0.001_percent_acc': 0.221, 'below_0.0001_percent_acc': 0.221, 'valid_acc': 1.0}
Epoch: 2	Batch time (0.645757)	Data time (0.008024)	Cuda time (0.000001)	Loss (42.061200)	Accuracy (0.795688)
EVALUATING
{'loss': 39.81000011444092, 'accuracy': 0.9153889030218124, 'perfect_match_accuracy': 0.13, 'cost_ratio_suggested_true': 1.5164873039722442, 'below_10.0_percent_acc': 0.622, 'below_1.0_percent_acc': 0.349, 'below_0.1_percent_acc': 0.336, 'below_0.01_percent_acc': 0.336, 'below_0.001_percent_acc': 0.323, 'below_0.0001_percent_acc': 0.323, 'valid_acc': 1.0}
Epoch: 3	Batch time (0.628689)	Data time (0.007762)	Cuda time (0.000001)	Loss (39.225800)	Accuracy (0.807887)
EVALUATING
{'loss': 38.76800022125244, 'accuracy': 0.9224791765213013, 'perfect_match_accuracy': 0.157, 'cost_ratio_suggested_true': 1.4238823199272155, 'below_10.0_percent_acc': 0.676, 'below_1.0_percent_acc': 0.399, 'below_0.1_percent_acc': 0.386, 'below_0.01_percent_acc': 0.386, 'below_0.001_percent_acc': 0.374, 'below_0.0001_percent_acc': 0.374, 'valid_acc': 1.0}
Epoch: 4	Batch time (0.610237)	Data time (0.008015)	Cuda time (0.000001)	Loss (36.828300)	Accuracy (0.817127)
EVALUATING
{'loss': 36.573999900817874, 'accuracy': 0.9275555789470673, 'perfect_match_accuracy': 0.174, 'cost_ratio_suggested_true': 1.3114516830444336, 'below_10.0_percent_acc': 0.75, 'below_1.0_percent_acc': 0.412, 'below_0.1_percent_acc': 0.393, 'below_0.01_percent_acc': 0.393, 'below_0.001_percent_acc': 0.38, 'below_0.0001_percent_acc': 0.38, 'valid_acc': 1.0}
Epoch: 5	Batch time (0.601317)	Data time (0.008130)	Cuda time (0.000001)	Loss (34.960000)	Accuracy (0.823652)
EVALUATING
{'loss': 34.05100025177002, 'accuracy': 0.9274791765213013, 'perfect_match_accuracy': 0.193, 'cost_ratio_suggested_true': 1.3594039213657378, 'below_10.0_percent_acc': 0.736, 'below_1.0_percent_acc': 0.405, 'below_0.1_percent_acc': 0.391, 'below_0.01_percent_acc': 0.391, 'below_0.001_percent_acc': 0.378, 'below_0.0001_percent_acc': 0.378, 'valid_acc': 1.0}
Epoch: 6	Batch time (0.586726)	Data time (0.007710)	Cuda time (0.000001)	Loss (33.192400)	Accuracy (0.829392)
EVALUATING
{'loss': 33.250001106262204, 'accuracy': 0.9303333449363709, 'perfect_match_accuracy': 0.204, 'cost_ratio_suggested_true': 1.339610401391983, 'below_10.0_percent_acc': 0.75, 'below_1.0_percent_acc': 0.418, 'below_0.1_percent_acc': 0.401, 'below_0.01_percent_acc': 0.401, 'below_0.001_percent_acc': 0.388, 'below_0.0001_percent_acc': 0.388, 'valid_acc': 1.0}
Epoch: 7	Batch time (0.578211)	Data time (0.007532)	Cuda time (0.000001)	Loss (31.708200)	Accuracy (0.833757)
EVALUATING
{'loss': 32.017000160217286, 'accuracy': 0.9341666835546494, 'perfect_match_accuracy': 0.216, 'cost_ratio_suggested_true': 1.2458776581287383, 'below_10.0_percent_acc': 0.806, 'below_1.0_percent_acc': 0.414, 'below_0.1_percent_acc': 0.393, 'below_0.01_percent_acc': 0.393, 'below_0.001_percent_acc': 0.381, 'below_0.0001_percent_acc': 0.381, 'valid_acc': 1.0}
Epoch: 8	Batch time (0.574776)	Data time (0.007091)	Cuda time (0.000001)	Loss (30.352300)	Accuracy (0.838349)
EVALUATING
{'loss': 30.211000080108644, 'accuracy': 0.9366250091791153, 'perfect_match_accuracy': 0.254, 'cost_ratio_suggested_true': 1.2638921010494233, 'below_10.0_percent_acc': 0.804, 'below_1.0_percent_acc': 0.471, 'below_0.1_percent_acc': 0.448, 'below_0.01_percent_acc': 0.448, 'below_0.001_percent_acc': 0.433, 'below_0.0001_percent_acc': 0.433, 'valid_acc': 1.0}
Epoch: 9	Batch time (0.567600)	Data time (0.007771)	Cuda time (0.000001)	Loss (29.253300)	Accuracy (0.842533)
EVALUATING
{'loss': 29.030000305175783, 'accuracy': 0.9353958427906036, 'perfect_match_accuracy': 0.232, 'cost_ratio_suggested_true': 1.2641944301128387, 'below_10.0_percent_acc': 0.801, 'below_1.0_percent_acc': 0.441, 'below_0.1_percent_acc': 0.417, 'below_0.01_percent_acc': 0.417, 'below_0.001_percent_acc': 0.406, 'below_0.0001_percent_acc': 0.406, 'valid_acc': 1.0}
Epoch: 10	Batch time (0.554386)	Data time (0.007810)	Cuda time (0.000001)	Loss (28.286400)	Accuracy (0.846937)
EVALUATING
{'loss': 27.208000411987303, 'accuracy': 0.9389861255884171, 'perfect_match_accuracy': 0.266, 'cost_ratio_suggested_true': 1.2463913428783417, 'below_10.0_percent_acc': 0.825, 'below_1.0_percent_acc': 0.464, 'below_0.1_percent_acc': 0.443, 'below_0.01_percent_acc': 0.443, 'below_0.001_percent_acc': 0.433, 'below_0.0001_percent_acc': 0.433, 'valid_acc': 1.0}
Epoch: 11	Batch time (0.554548)	Data time (0.007596)	Cuda time (0.000001)	Loss (27.116300)	Accuracy (0.849983)
EVALUATING
{'loss': 26.039000301361085, 'accuracy': 0.9361666870117188, 'perfect_match_accuracy': 0.247, 'cost_ratio_suggested_true': 1.2866130769252777, 'below_10.0_percent_acc': 0.784, 'below_1.0_percent_acc': 0.446, 'below_0.1_percent_acc': 0.422, 'below_0.01_percent_acc': 0.422, 'below_0.001_percent_acc': 0.408, 'below_0.0001_percent_acc': 0.408, 'valid_acc': 1.0}
Epoch: 12	Batch time (0.549108)	Data time (0.007485)	Cuda time (0.000001)	Loss (26.582200)	Accuracy (0.852369)
EVALUATING
{'loss': 26.602000255584716, 'accuracy': 0.9375764065980912, 'perfect_match_accuracy': 0.264, 'cost_ratio_suggested_true': 1.2737378990650177, 'below_10.0_percent_acc': 0.811, 'below_1.0_percent_acc': 0.468, 'below_0.1_percent_acc': 0.437, 'below_0.01_percent_acc': 0.437, 'below_0.001_percent_acc': 0.421, 'below_0.0001_percent_acc': 0.421, 'valid_acc': 1.0}
Epoch: 13	Batch time (0.557927)	Data time (0.007946)	Cuda time (0.000001)	Loss (25.492600)	Accuracy (0.855211)
EVALUATING
{'loss': 25.10300033569336, 'accuracy': 0.9398055720329285, 'perfect_match_accuracy': 0.287, 'cost_ratio_suggested_true': 1.2520703506469726, 'below_10.0_percent_acc': 0.822, 'below_1.0_percent_acc': 0.474, 'below_0.1_percent_acc': 0.455, 'below_0.01_percent_acc': 0.455, 'below_0.001_percent_acc': 0.441, 'below_0.0001_percent_acc': 0.441, 'valid_acc': 1.0}
Epoch: 14	Batch time (0.548396)	Data time (0.007838)	Cuda time (0.000002)	Loss (24.949400)	Accuracy (0.858488)
EVALUATING
{'loss': 24.938999900817873, 'accuracy': 0.9385347354412079, 'perfect_match_accuracy': 0.258, 'cost_ratio_suggested_true': 1.2290761041641236, 'below_10.0_percent_acc': 0.822, 'below_1.0_percent_acc': 0.462, 'below_0.1_percent_acc': 0.439, 'below_0.01_percent_acc': 0.439, 'below_0.001_percent_acc': 0.43, 'below_0.0001_percent_acc': 0.43, 'valid_acc': 1.0}
Epoch: 15	Batch time (0.547532)	Data time (0.007764)	Cuda time (0.000001)	Loss (24.172800)	Accuracy (0.860581)
EVALUATING
{'loss': 25.10600004196167, 'accuracy': 0.9419583439826965, 'perfect_match_accuracy': 0.283, 'cost_ratio_suggested_true': 1.2515599822998047, 'below_10.0_percent_acc': 0.837, 'below_1.0_percent_acc': 0.511, 'below_0.1_percent_acc': 0.487, 'below_0.01_percent_acc': 0.487, 'below_0.001_percent_acc': 0.473, 'below_0.0001_percent_acc': 0.473, 'valid_acc': 1.0}
Epoch: 16	Batch time (0.554577)	Data time (0.007923)	Cuda time (0.000001)	Loss (23.563100)	Accuracy (0.862990)
EVALUATING
{'loss': 24.062000102996826, 'accuracy': 0.9437152922153473, 'perfect_match_accuracy': 0.306, 'cost_ratio_suggested_true': 1.2264115464687348, 'below_10.0_percent_acc': 0.837, 'below_1.0_percent_acc': 0.496, 'below_0.1_percent_acc': 0.47, 'below_0.01_percent_acc': 0.47, 'below_0.001_percent_acc': 0.461, 'below_0.0001_percent_acc': 0.461, 'valid_acc': 1.0}
Epoch: 17	Batch time (0.531351)	Data time (0.007945)	Cuda time (0.000001)	Loss (23.022700)	Accuracy (0.864746)
EVALUATING
{'loss': 23.214000053405762, 'accuracy': 0.941701408624649, 'perfect_match_accuracy': 0.28, 'cost_ratio_suggested_true': 1.2110641658306123, 'below_10.0_percent_acc': 0.845, 'below_1.0_percent_acc': 0.49, 'below_0.1_percent_acc': 0.469, 'below_0.01_percent_acc': 0.469, 'below_0.001_percent_acc': 0.457, 'below_0.0001_percent_acc': 0.457, 'valid_acc': 1.0}
Epoch: 18	Batch time (0.540171)	Data time (0.008014)	Cuda time (0.000001)	Loss (22.636100)	Accuracy (0.867197)
EVALUATING
{'loss': 22.551000118255615, 'accuracy': 0.9425277799367905, 'perfect_match_accuracy': 0.297, 'cost_ratio_suggested_true': 1.2380170273780822, 'below_10.0_percent_acc': 0.831, 'below_1.0_percent_acc': 0.498, 'below_0.1_percent_acc': 0.476, 'below_0.01_percent_acc': 0.476, 'below_0.001_percent_acc': 0.463, 'below_0.0001_percent_acc': 0.463, 'valid_acc': 1.0}
Epoch: 19	Batch time (0.530950)	Data time (0.008158)	Cuda time (0.000001)	Loss (21.943400)	Accuracy (0.868312)
EVALUATING
{'loss': 22.02500009536743, 'accuracy': 0.9419861233234406, 'perfect_match_accuracy': 0.287, 'cost_ratio_suggested_true': 1.214631692171097, 'below_10.0_percent_acc': 0.849, 'below_1.0_percent_acc': 0.48, 'below_0.1_percent_acc': 0.456, 'below_0.01_percent_acc': 0.456, 'below_0.001_percent_acc': 0.446, 'below_0.0001_percent_acc': 0.446, 'valid_acc': 1.0}
Epoch: 20	Batch time (0.528221)	Data time (0.007849)	Cuda time (0.000001)	Loss (21.506100)	Accuracy (0.869993)
EVALUATING
{'loss': 22.323000049591066, 'accuracy': 0.9443680667877197, 'perfect_match_accuracy': 0.3, 'cost_ratio_suggested_true': 1.1924708378314972, 'below_10.0_percent_acc': 0.861, 'below_1.0_percent_acc': 0.499, 'below_0.1_percent_acc': 0.481, 'below_0.01_percent_acc': 0.481, 'below_0.001_percent_acc': 0.468, 'below_0.0001_percent_acc': 0.468, 'valid_acc': 1.0}
Epoch: 21	Batch time (0.524205)	Data time (0.007630)	Cuda time (0.000001)	Loss (21.114700)	Accuracy (0.872888)
EVALUATING
{'loss': 21.024000129699708, 'accuracy': 0.9445000070333481, 'perfect_match_accuracy': 0.328, 'cost_ratio_suggested_true': 1.2653255581855773, 'below_10.0_percent_acc': 0.83, 'below_1.0_percent_acc': 0.544, 'below_0.1_percent_acc': 0.523, 'below_0.01_percent_acc': 0.523, 'below_0.001_percent_acc': 0.508, 'below_0.0001_percent_acc': 0.508, 'valid_acc': 1.0}
Epoch: 22	Batch time (0.514395)	Data time (0.007899)	Cuda time (0.000001)	Loss (20.827600)	Accuracy (0.873886)
EVALUATING
{'loss': 20.932000198364257, 'accuracy': 0.9442500132322311, 'perfect_match_accuracy': 0.314, 'cost_ratio_suggested_true': 1.2263873767852784, 'below_10.0_percent_acc': 0.853, 'below_1.0_percent_acc': 0.542, 'below_0.1_percent_acc': 0.518, 'below_0.01_percent_acc': 0.518, 'below_0.001_percent_acc': 0.507, 'below_0.0001_percent_acc': 0.507, 'valid_acc': 1.0}
Epoch: 23	Batch time (0.513888)	Data time (0.007266)	Cuda time (0.000001)	Loss (20.232600)	Accuracy (0.875777)
EVALUATING
{'loss': 20.499000034332276, 'accuracy': 0.942770848274231, 'perfect_match_accuracy': 0.331, 'cost_ratio_suggested_true': 1.2540754234790803, 'below_10.0_percent_acc': 0.815, 'below_1.0_percent_acc': 0.535, 'below_0.1_percent_acc': 0.513, 'below_0.01_percent_acc': 0.513, 'below_0.001_percent_acc': 0.499, 'below_0.0001_percent_acc': 0.499, 'valid_acc': 1.0}
Epoch: 24	Batch time (0.544913)	Data time (0.008063)	Cuda time (0.000001)	Loss (19.916600)	Accuracy (0.876654)
EVALUATING
{'loss': 20.24800033569336, 'accuracy': 0.945777787566185, 'perfect_match_accuracy': 0.318, 'cost_ratio_suggested_true': 1.1932924211025238, 'below_10.0_percent_acc': 0.854, 'below_1.0_percent_acc': 0.516, 'below_0.1_percent_acc': 0.491, 'below_0.01_percent_acc': 0.491, 'below_0.001_percent_acc': 0.48, 'below_0.0001_percent_acc': 0.48, 'valid_acc': 1.0}
Epoch: 25	Batch time (0.521214)	Data time (0.007995)	Cuda time (0.000001)	Loss (19.529700)	Accuracy (0.879233)
EVALUATING
{'loss': 20.298000049591064, 'accuracy': 0.9471666818857193, 'perfect_match_accuracy': 0.308, 'cost_ratio_suggested_true': 1.159291136264801, 'below_10.0_percent_acc': 0.882, 'below_1.0_percent_acc': 0.515, 'below_0.1_percent_acc': 0.49, 'below_0.01_percent_acc': 0.49, 'below_0.001_percent_acc': 0.477, 'below_0.0001_percent_acc': 0.477, 'valid_acc': 1.0}
Epoch: 26	Batch time (0.510767)	Data time (0.007715)	Cuda time (0.000001)	Loss (19.318500)	Accuracy (0.880688)
EVALUATING
{'loss': 19.113999881744384, 'accuracy': 0.9453333479166031, 'perfect_match_accuracy': 0.325, 'cost_ratio_suggested_true': 1.2202343654632568, 'below_10.0_percent_acc': 0.854, 'below_1.0_percent_acc': 0.528, 'below_0.1_percent_acc': 0.502, 'below_0.01_percent_acc': 0.502, 'below_0.001_percent_acc': 0.494, 'below_0.0001_percent_acc': 0.494, 'valid_acc': 1.0}
Epoch: 27	Batch time (0.513626)	Data time (0.007606)	Cuda time (0.000001)	Loss (18.880700)	Accuracy (0.882372)
EVALUATING
{'loss': 19.595000190734865, 'accuracy': 0.9484305655956269, 'perfect_match_accuracy': 0.336, 'cost_ratio_suggested_true': 1.1769286870956421, 'below_10.0_percent_acc': 0.89, 'below_1.0_percent_acc': 0.546, 'below_0.1_percent_acc': 0.516, 'below_0.01_percent_acc': 0.516, 'below_0.001_percent_acc': 0.504, 'below_0.0001_percent_acc': 0.504, 'valid_acc': 1.0}
Epoch: 28	Batch time (0.522671)	Data time (0.007843)	Cuda time (0.000001)	Loss (18.552200)	Accuracy (0.883361)
EVALUATING
{'loss': 18.594000225067138, 'accuracy': 0.9485208481550217, 'perfect_match_accuracy': 0.326, 'cost_ratio_suggested_true': 1.159862245321274, 'below_10.0_percent_acc': 0.882, 'below_1.0_percent_acc': 0.549, 'below_0.1_percent_acc': 0.521, 'below_0.01_percent_acc': 0.521, 'below_0.001_percent_acc': 0.509, 'below_0.0001_percent_acc': 0.509, 'valid_acc': 1.0}
Epoch: 29	Batch time (0.517005)	Data time (0.008061)	Cuda time (0.000001)	Loss (18.230700)	Accuracy (0.884640)
EVALUATING
{'loss': 17.135000076293945, 'accuracy': 0.9494444566965103, 'perfect_match_accuracy': 0.349, 'cost_ratio_suggested_true': 1.166170815229416, 'below_10.0_percent_acc': 0.89, 'below_1.0_percent_acc': 0.517, 'below_0.1_percent_acc': 0.485, 'below_0.01_percent_acc': 0.485, 'below_0.001_percent_acc': 0.476, 'below_0.0001_percent_acc': 0.476, 'valid_acc': 1.0}
Epoch: 30	Batch time (0.512081)	Data time (0.007755)	Cuda time (0.000001)	Loss (17.979900)	Accuracy (0.885118)
EVALUATING
{'loss': 17.90800008773804, 'accuracy': 0.9489583450555802, 'perfect_match_accuracy': 0.354, 'cost_ratio_suggested_true': 1.1789071762561798, 'below_10.0_percent_acc': 0.88, 'below_1.0_percent_acc': 0.574, 'below_0.1_percent_acc': 0.555, 'below_0.01_percent_acc': 0.555, 'below_0.001_percent_acc': 0.546, 'below_0.0001_percent_acc': 0.546, 'valid_acc': 1.0}
Epoch: 31	Batch time (0.504824)	Data time (0.007825)	Cuda time (0.000001)	Loss (17.529600)	Accuracy (0.887090)
EVALUATING
{'loss': 17.949000072479247, 'accuracy': 0.9516875147819519, 'perfect_match_accuracy': 0.382, 'cost_ratio_suggested_true': 1.1613381946086883, 'below_10.0_percent_acc': 0.9, 'below_1.0_percent_acc': 0.58, 'below_0.1_percent_acc': 0.553, 'below_0.01_percent_acc': 0.553, 'below_0.001_percent_acc': 0.541, 'below_0.0001_percent_acc': 0.541, 'valid_acc': 1.0}
Epoch: 32	Batch time (0.506080)	Data time (0.008165)	Cuda time (0.000001)	Loss (17.423100)	Accuracy (0.887899)
EVALUATING
{'loss': 17.748999919891357, 'accuracy': 0.9513472342491149, 'perfect_match_accuracy': 0.375, 'cost_ratio_suggested_true': 1.1634950852394104, 'below_10.0_percent_acc': 0.893, 'below_1.0_percent_acc': 0.57, 'below_0.1_percent_acc': 0.545, 'below_0.01_percent_acc': 0.545, 'below_0.001_percent_acc': 0.533, 'below_0.0001_percent_acc': 0.533, 'valid_acc': 1.0}
Epoch: 33	Batch time (0.509497)	Data time (0.007959)	Cuda time (0.000001)	Loss (17.591100)	Accuracy (0.887615)
EVALUATING
{'loss': 17.91299997329712, 'accuracy': 0.9522847366333008, 'perfect_match_accuracy': 0.376, 'cost_ratio_suggested_true': 1.1486857104301453, 'below_10.0_percent_acc': 0.91, 'below_1.0_percent_acc': 0.579, 'below_0.1_percent_acc': 0.551, 'below_0.01_percent_acc': 0.551, 'below_0.001_percent_acc': 0.539, 'below_0.0001_percent_acc': 0.539, 'valid_acc': 1.0}
Epoch: 34	Batch time (0.501280)	Data time (0.007369)	Cuda time (0.000001)	Loss (17.239900)	Accuracy (0.889130)
EVALUATING
{'loss': 17.904000053405763, 'accuracy': 0.9528333485126496, 'perfect_match_accuracy': 0.379, 'cost_ratio_suggested_true': 1.145995568037033, 'below_10.0_percent_acc': 0.907, 'below_1.0_percent_acc': 0.578, 'below_0.1_percent_acc': 0.551, 'below_0.01_percent_acc': 0.551, 'below_0.001_percent_acc': 0.539, 'below_0.0001_percent_acc': 0.539, 'valid_acc': 1.0}
Epoch: 35	Batch time (0.516490)	Data time (0.007938)	Cuda time (0.000001)	Loss (17.284000)	Accuracy (0.889526)
EVALUATING
{'loss': 17.848000240325927, 'accuracy': 0.9524375087022782, 'perfect_match_accuracy': 0.38, 'cost_ratio_suggested_true': 1.1536550319194794, 'below_10.0_percent_acc': 0.903, 'below_1.0_percent_acc': 0.574, 'below_0.1_percent_acc': 0.545, 'below_0.01_percent_acc': 0.545, 'below_0.001_percent_acc': 0.534, 'below_0.0001_percent_acc': 0.534, 'valid_acc': 1.0}
Epoch: 36	Batch time (0.514707)	Data time (0.008225)	Cuda time (0.000002)	Loss (17.274600)	Accuracy (0.888503)
EVALUATING
{'loss': 17.845000514984132, 'accuracy': 0.9514583522081375, 'perfect_match_accuracy': 0.372, 'cost_ratio_suggested_true': 1.159462457895279, 'below_10.0_percent_acc': 0.899, 'below_1.0_percent_acc': 0.567, 'below_0.1_percent_acc': 0.539, 'below_0.01_percent_acc': 0.539, 'below_0.001_percent_acc': 0.528, 'below_0.0001_percent_acc': 0.528, 'valid_acc': 1.0}
Epoch: 37	Batch time (0.511980)	Data time (0.008188)	Cuda time (0.000001)	Loss (17.354900)	Accuracy (0.888917)
EVALUATING
{'loss': 17.374000282287597, 'accuracy': 0.9520000070333481, 'perfect_match_accuracy': 0.372, 'cost_ratio_suggested_true': 1.1529732513427735, 'below_10.0_percent_acc': 0.902, 'below_1.0_percent_acc': 0.567, 'below_0.1_percent_acc': 0.538, 'below_0.01_percent_acc': 0.538, 'below_0.001_percent_acc': 0.528, 'below_0.0001_percent_acc': 0.528, 'valid_acc': 1.0}
Epoch: 38	Batch time (0.522384)	Data time (0.008151)	Cuda time (0.000001)	Loss (17.283900)	Accuracy (0.889883)
EVALUATING
{'loss': 17.819000358581544, 'accuracy': 0.9526111191511154, 'perfect_match_accuracy': 0.402, 'cost_ratio_suggested_true': 1.1564660525321961, 'below_10.0_percent_acc': 0.903, 'below_1.0_percent_acc': 0.599, 'below_0.1_percent_acc': 0.571, 'below_0.01_percent_acc': 0.571, 'below_0.001_percent_acc': 0.559, 'below_0.0001_percent_acc': 0.559, 'valid_acc': 1.0}
Epoch: 39	Batch time (0.493444)	Data time (0.007349)	Cuda time (0.000001)	Loss (17.085300)	Accuracy (0.889806)
EVALUATING
{'loss': 17.32800003051758, 'accuracy': 0.95183334171772, 'perfect_match_accuracy': 0.388, 'cost_ratio_suggested_true': 1.161636027097702, 'below_10.0_percent_acc': 0.898, 'below_1.0_percent_acc': 0.581, 'below_0.1_percent_acc': 0.553, 'below_0.01_percent_acc': 0.553, 'below_0.001_percent_acc': 0.54, 'below_0.0001_percent_acc': 0.54, 'valid_acc': 1.0}
Epoch: 40	Batch time (0.492455)	Data time (0.007292)	Cuda time (0.000001)	Loss (17.153800)	Accuracy (0.890197)
EVALUATING
{'loss': 17.42700023651123, 'accuracy': 0.9535416811704636, 'perfect_match_accuracy': 0.403, 'cost_ratio_suggested_true': 1.1500126338005066, 'below_10.0_percent_acc': 0.909, 'below_1.0_percent_acc': 0.599, 'below_0.1_percent_acc': 0.567, 'below_0.01_percent_acc': 0.567, 'below_0.001_percent_acc': 0.555, 'below_0.0001_percent_acc': 0.555, 'valid_acc': 1.0}
Epoch: 41	Batch time (0.497362)	Data time (0.007558)	Cuda time (0.000001)	Loss (16.995800)	Accuracy (0.889598)
EVALUATING
{'loss': 17.358000316619872, 'accuracy': 0.953076406121254, 'perfect_match_accuracy': 0.39, 'cost_ratio_suggested_true': 1.1490879762172699, 'below_10.0_percent_acc': 0.91, 'below_1.0_percent_acc': 0.592, 'below_0.1_percent_acc': 0.563, 'below_0.01_percent_acc': 0.563, 'below_0.001_percent_acc': 0.55, 'below_0.0001_percent_acc': 0.55, 'valid_acc': 1.0}
Epoch: 42	Batch time (0.495886)	Data time (0.007469)	Cuda time (0.000001)	Loss (17.047000)	Accuracy (0.890271)
EVALUATING
{'loss': 17.468999977111817, 'accuracy': 0.9524930673837662, 'perfect_match_accuracy': 0.386, 'cost_ratio_suggested_true': 1.1506398224830627, 'below_10.0_percent_acc': 0.905, 'below_1.0_percent_acc': 0.582, 'below_0.1_percent_acc': 0.558, 'below_0.01_percent_acc': 0.558, 'below_0.001_percent_acc': 0.546, 'below_0.0001_percent_acc': 0.546, 'valid_acc': 1.0}
Epoch: 43	Batch time (0.493994)	Data time (0.007587)	Cuda time (0.000001)	Loss (17.101700)	Accuracy (0.889596)
EVALUATING
{'loss': 17.28800019264221, 'accuracy': 0.9526111334562302, 'perfect_match_accuracy': 0.384, 'cost_ratio_suggested_true': 1.1489815783500672, 'below_10.0_percent_acc': 0.909, 'below_1.0_percent_acc': 0.581, 'below_0.1_percent_acc': 0.553, 'below_0.01_percent_acc': 0.553, 'below_0.001_percent_acc': 0.541, 'below_0.0001_percent_acc': 0.541, 'valid_acc': 1.0}
Epoch: 44	Batch time (0.510778)	Data time (0.007826)	Cuda time (0.000001)	Loss (17.104000)	Accuracy (0.890592)
EVALUATING
{'loss': 17.512000179290773, 'accuracy': 0.952340287566185, 'perfect_match_accuracy': 0.382, 'cost_ratio_suggested_true': 1.1499295258522033, 'below_10.0_percent_acc': 0.907, 'below_1.0_percent_acc': 0.578, 'below_0.1_percent_acc': 0.552, 'below_0.01_percent_acc': 0.552, 'below_0.001_percent_acc': 0.54, 'below_0.0001_percent_acc': 0.54, 'valid_acc': 1.0}
Epoch: 45	Batch time (0.488880)	Data time (0.007572)	Cuda time (0.000001)	Loss (17.048500)	Accuracy (0.890712)
EVALUATING
{'loss': 17.318000030517577, 'accuracy': 0.952319455742836, 'perfect_match_accuracy': 0.379, 'cost_ratio_suggested_true': 1.149637759923935, 'below_10.0_percent_acc': 0.909, 'below_1.0_percent_acc': 0.583, 'below_0.1_percent_acc': 0.556, 'below_0.01_percent_acc': 0.556, 'below_0.001_percent_acc': 0.543, 'below_0.0001_percent_acc': 0.543, 'valid_acc': 1.0}
Epoch: 46	Batch time (0.500309)	Data time (0.007885)	Cuda time (0.000001)	Loss (17.083900)	Accuracy (0.890142)
EVALUATING
{'loss': 17.352999992370606, 'accuracy': 0.952472237944603, 'perfect_match_accuracy': 0.386, 'cost_ratio_suggested_true': 1.1510247910022735, 'below_10.0_percent_acc': 0.908, 'below_1.0_percent_acc': 0.581, 'below_0.1_percent_acc': 0.555, 'below_0.01_percent_acc': 0.555, 'below_0.001_percent_acc': 0.542, 'below_0.0001_percent_acc': 0.542, 'valid_acc': 1.0}
Epoch: 47	Batch time (0.501248)	Data time (0.008692)	Cuda time (0.000002)	Loss (16.987700)	Accuracy (0.889791)
EVALUATING
{'loss': 17.37600036621094, 'accuracy': 0.9526666808128357, 'perfect_match_accuracy': 0.382, 'cost_ratio_suggested_true': 1.1468422436714172, 'below_10.0_percent_acc': 0.911, 'below_1.0_percent_acc': 0.577, 'below_0.1_percent_acc': 0.549, 'below_0.01_percent_acc': 0.549, 'below_0.001_percent_acc': 0.537, 'below_0.0001_percent_acc': 0.537, 'valid_acc': 1.0}
Epoch: 48	Batch time (0.494612)	Data time (0.007674)	Cuda time (0.000001)	Loss (16.990300)	Accuracy (0.890931)
EVALUATING
{'loss': 17.58400026321411, 'accuracy': 0.9529097360372544, 'perfect_match_accuracy': 0.387, 'cost_ratio_suggested_true': 1.1482165813446046, 'below_10.0_percent_acc': 0.91, 'below_1.0_percent_acc': 0.582, 'below_0.1_percent_acc': 0.559, 'below_0.01_percent_acc': 0.559, 'below_0.001_percent_acc': 0.547, 'below_0.0001_percent_acc': 0.547, 'valid_acc': 1.0}
Epoch: 49	Batch time (0.489582)	Data time (0.007728)	Cuda time (0.000001)	Loss (17.051400)	Accuracy (0.890256)
EVALUATING
{'loss': 17.557000102996827, 'accuracy': 0.9526319628953934, 'perfect_match_accuracy': 0.382, 'cost_ratio_suggested_true': 1.1480041694641114, 'below_10.0_percent_acc': 0.911, 'below_1.0_percent_acc': 0.578, 'below_0.1_percent_acc': 0.551, 'below_0.01_percent_acc': 0.551, 'below_0.001_percent_acc': 0.539, 'below_0.0001_percent_acc': 0.539, 'valid_acc': 1.0}
Epoch: 50	Batch time (0.488413)	Data time (0.007276)	Cuda time (0.000001)	Loss (17.079900)	Accuracy (0.890168)
EVALUATING
{'loss': 17.187000341415406, 'accuracy': 0.952687509059906, 'perfect_match_accuracy': 0.382, 'cost_ratio_suggested_true': 1.1492211282253266, 'below_10.0_percent_acc': 0.91, 'below_1.0_percent_acc': 0.578, 'below_0.1_percent_acc': 0.551, 'below_0.01_percent_acc': 0.551, 'below_0.001_percent_acc': 0.539, 'below_0.0001_percent_acc': 0.539, 'valid_acc': 1.0}
