No existing entry for trainer_params.mode.type
{}[type] = <class 'int'>(5)
No existing entry for trainer_params.mode.objective_type
{'type': 5}[objective_type] = <class 'str'>(dpo)
No existing entry for trainer_params.mode.use_marginal
{'type': 5, 'objective_type': 'dpo'}[use_marginal] = <class 'bool'>(True)
No existing entry for trainer_params.mode.nb_samples
{'type': 5, 'objective_type': 'dpo', 'use_marginal': True}[nb_samples] = <class 'int'>(1)
No existing entry for trainer_params.mode.temperature
{'type': 5, 'objective_type': 'dpo', 'use_marginal': True, 'nb_samples': 1}[temperature] = <class 'float'>(0.0)
No existing entry for trainer_params.mode.use_gamma
{'type': 5, 'objective_type': 'dpo', 'use_marginal': True, 'nb_samples': 1, 'temperature': 0.0}[use_gamma] = <class 'bool'>(False)
No existing entry for trainer_params.mode.loss_type
{'type': 5, 'objective_type': 'dpo', 'use_marginal': True, 'nb_samples': 1, 'temperature': 0.0, 'use_gamma': False}[loss_type] = <class 'str'>(fy)
No existing entry for trainer_params.mode.perturb_w
{'type': 5, 'objective_type': 'dpo', 'use_marginal': True, 'nb_samples': 1, 'temperature': 0.0, 'use_gamma': False, 'loss_type': 'fy'}[perturb_w] = <class 'bool'>(False)
No existing entry for trainer_params.mode.perturb_w_prime
{'type': 5, 'objective_type': 'dpo', 'use_marginal': True, 'nb_samples': 1, 'temperature': 0.0, 'use_gamma': False, 'loss_type': 'fy', 'perturb_w': False}[perturb_w_prime] = <class 'bool'>(False)
{'batch_size': 70, 'l1_regconst': 0.0, 'lambda_val': 20.0, 'lr_milestone_1': 30, 'lr_milestone_2': 40, 'model_params': {'arch_params': {}, 'model_name': 'CombResnet18'}, 'neighbourhood_fn': '8-grid', 'optimizer_name': 'Adam', 'optimizer_params': {'lr': 0.0005}, 'preload_batch': True, 'use_cuda': True, 'use_lr_scheduling': True, 'mode': {'type': 5, 'objective_type': 'dpo', 'use_marginal': True, 'nb_samples': 1, 'temperature': 0.0, 'use_gamma': False, 'loss_type': 'fy', 'perturb_w': False, 'perturb_w_prime': False}}[lambda_val] = <class 'float'>(0.0)
No existing entry for trainer_params.mode.dpo.maximize
{}[maximize] = <class 'bool'>(False)
{'data_dir': 'data/warcraft_shortest_path/12x12', 'evaluate_with_extra': False, 'normalize': True, 'use_local_path': False, 'use_test_set': True}[data_dir] = <class 'str'>(data/warcraft_shortest_path/30x30)
{'evaluate_every': 5, 'loader_params': {'data_dir': 'data/warcraft_shortest_path/30x30', 'evaluate_with_extra': False, 'normalize': True, 'use_local_path': False, 'use_test_set': True}, 'model_dir': 'results/warcraft_shortest_path_combresnet', 'num_cpus': 40, 'num_epochs': 50, 'problem_type': 'warcraft_shortest_path', 'ray_params': {}, 'save_visualizations': False, 'seed': 1, 'trainer_name': 'DijkstraMAP', 'trainer_params': {'batch_size': 70, 'l1_regconst': 0.0, 'lambda_val': 0.0, 'lr_milestone_1': 30, 'lr_milestone_2': 40, 'model_params': {'arch_params': {}, 'model_name': 'CombResnet18'}, 'neighbourhood_fn': '8-grid', 'optimizer_name': 'Adam', 'optimizer_params': {'lr': 0.0005}, 'preload_batch': True, 'use_cuda': True, 'use_lr_scheduling': True, 'mode': {'type': 5, 'objective_type': 'dpo', 'use_marginal': True, 'nb_samples': 1, 'temperature': 0.0, 'use_gamma': False, 'loss_type': 'fy', 'perturb_w': False, 'perturb_w_prime': False, 'dpo': {'maximize': False}}}, 'use_ray': True}[seed] = <class 'int'>(3)
{'evaluate_every': 5, 'loader_params': {'data_dir': 'data/warcraft_shortest_path/30x30', 'evaluate_with_extra': False, 'normalize': True, 'use_local_path': False, 'use_test_set': True}, 'model_dir': 'results/warcraft_shortest_path_combresnet', 'num_cpus': 40, 'num_epochs': 50, 'problem_type': 'warcraft_shortest_path', 'ray_params': {}, 'save_visualizations': False, 'seed': 3, 'trainer_name': 'DijkstraMAP', 'trainer_params': {'batch_size': 70, 'l1_regconst': 0.0, 'lambda_val': 0.0, 'lr_milestone_1': 30, 'lr_milestone_2': 40, 'model_params': {'arch_params': {}, 'model_name': 'CombResnet18'}, 'neighbourhood_fn': '8-grid', 'optimizer_name': 'Adam', 'optimizer_params': {'lr': 0.0005}, 'preload_batch': True, 'use_cuda': True, 'use_lr_scheduling': True, 'mode': {'type': 5, 'objective_type': 'dpo', 'use_marginal': True, 'nb_samples': 1, 'temperature': 0.0, 'use_gamma': False, 'loss_type': 'fy', 'perturb_w': False, 'perturb_w_prime': False, 'dpo': {'maximize': False}}}, 'use_ray': True}[evaluate_every] = <class 'int'>(1)
{'evaluate_every': 1, 'loader_params': {'data_dir': 'data/warcraft_shortest_path/30x30', 'evaluate_with_extra': False, 'normalize': True, 'use_local_path': False, 'use_test_set': True}, 'model_dir': 'results/warcraft_shortest_path_combresnet', 'num_cpus': 40, 'num_epochs': 50, 'problem_type': 'warcraft_shortest_path', 'ray_params': {}, 'save_visualizations': False, 'seed': 3, 'trainer_name': 'DijkstraMAP', 'trainer_params': {'batch_size': 70, 'l1_regconst': 0.0, 'lambda_val': 0.0, 'lr_milestone_1': 30, 'lr_milestone_2': 40, 'model_params': {'arch_params': {}, 'model_name': 'CombResnet18'}, 'neighbourhood_fn': '8-grid', 'optimizer_name': 'Adam', 'optimizer_params': {'lr': 0.0005}, 'preload_batch': True, 'use_cuda': True, 'use_lr_scheduling': True, 'mode': {'type': 5, 'objective_type': 'dpo', 'use_marginal': True, 'nb_samples': 1, 'temperature': 0.0, 'use_gamma': False, 'loss_type': 'fy', 'perturb_w': False, 'perturb_w_prime': False, 'dpo': {'maximize': False}}}, 'use_ray': True}[use_ray] = <class 'bool'>(False)
No existing entry for trainer_params.mode.type
{}[type] = <class 'int'>(5)
No existing entry for trainer_params.mode.objective_type
{'type': 5}[objective_type] = <class 'str'>(dpo)
No existing entry for trainer_params.mode.use_marginal
{'type': 5, 'objective_type': 'dpo'}[use_marginal] = <class 'bool'>(True)
No existing entry for trainer_params.mode.nb_samples
{'type': 5, 'objective_type': 'dpo', 'use_marginal': True}[nb_samples] = <class 'int'>(1)
No existing entry for trainer_params.mode.temperature
{'type': 5, 'objective_type': 'dpo', 'use_marginal': True, 'nb_samples': 1}[temperature] = <class 'float'>(0.0)
No existing entry for trainer_params.mode.use_gamma
{'type': 5, 'objective_type': 'dpo', 'use_marginal': True, 'nb_samples': 1, 'temperature': 0.0}[use_gamma] = <class 'bool'>(False)
No existing entry for trainer_params.mode.loss_type
{'type': 5, 'objective_type': 'dpo', 'use_marginal': True, 'nb_samples': 1, 'temperature': 0.0, 'use_gamma': False}[loss_type] = <class 'str'>(fy)
No existing entry for trainer_params.mode.perturb_w
{'type': 5, 'objective_type': 'dpo', 'use_marginal': True, 'nb_samples': 1, 'temperature': 0.0, 'use_gamma': False, 'loss_type': 'fy'}[perturb_w] = <class 'bool'>(False)
No existing entry for trainer_params.mode.perturb_w_prime
{'type': 5, 'objective_type': 'dpo', 'use_marginal': True, 'nb_samples': 1, 'temperature': 0.0, 'use_gamma': False, 'loss_type': 'fy', 'perturb_w': False}[perturb_w_prime] = <class 'bool'>(False)
{'batch_size': 70, 'l1_regconst': 0.0, 'lambda_val': 20.0, 'lr_milestone_1': 30, 'lr_milestone_2': 40, 'model_params': {'arch_params': {}, 'model_name': 'CombResnet18'}, 'neighbourhood_fn': '8-grid', 'optimizer_name': 'Adam', 'optimizer_params': {'lr': 0.0005}, 'preload_batch': True, 'use_cuda': True, 'use_lr_scheduling': True, 'mode': {'type': 5, 'objective_type': 'dpo', 'use_marginal': True, 'nb_samples': 1, 'temperature': 0.0, 'use_gamma': False, 'loss_type': 'fy', 'perturb_w': False, 'perturb_w_prime': False}}[lambda_val] = <class 'float'>(0.0)
No existing entry for trainer_params.mode.dpo.maximize
{}[maximize] = <class 'bool'>(False)
{'data_dir': 'data/warcraft_shortest_path/12x12', 'evaluate_with_extra': False, 'normalize': True, 'use_local_path': False, 'use_test_set': True}[data_dir] = <class 'str'>(data/warcraft_shortest_path/30x30)
{'evaluate_every': 5, 'loader_params': {'data_dir': 'data/warcraft_shortest_path/30x30', 'evaluate_with_extra': False, 'normalize': True, 'use_local_path': False, 'use_test_set': True}, 'model_dir': 'results/warcraft_shortest_path_combresnet', 'num_cpus': 40, 'num_epochs': 50, 'problem_type': 'warcraft_shortest_path', 'ray_params': {}, 'save_visualizations': False, 'seed': 1, 'trainer_name': 'DijkstraMAP', 'trainer_params': {'batch_size': 70, 'l1_regconst': 0.0, 'lambda_val': 0.0, 'lr_milestone_1': 30, 'lr_milestone_2': 40, 'model_params': {'arch_params': {}, 'model_name': 'CombResnet18'}, 'neighbourhood_fn': '8-grid', 'optimizer_name': 'Adam', 'optimizer_params': {'lr': 0.0005}, 'preload_batch': True, 'use_cuda': True, 'use_lr_scheduling': True, 'mode': {'type': 5, 'objective_type': 'dpo', 'use_marginal': True, 'nb_samples': 1, 'temperature': 0.0, 'use_gamma': False, 'loss_type': 'fy', 'perturb_w': False, 'perturb_w_prime': False, 'dpo': {'maximize': False}}}, 'use_ray': True}[seed] = <class 'int'>(3)
{'evaluate_every': 5, 'loader_params': {'data_dir': 'data/warcraft_shortest_path/30x30', 'evaluate_with_extra': False, 'normalize': True, 'use_local_path': False, 'use_test_set': True}, 'model_dir': 'results/warcraft_shortest_path_combresnet', 'num_cpus': 40, 'num_epochs': 50, 'problem_type': 'warcraft_shortest_path', 'ray_params': {}, 'save_visualizations': False, 'seed': 3, 'trainer_name': 'DijkstraMAP', 'trainer_params': {'batch_size': 70, 'l1_regconst': 0.0, 'lambda_val': 0.0, 'lr_milestone_1': 30, 'lr_milestone_2': 40, 'model_params': {'arch_params': {}, 'model_name': 'CombResnet18'}, 'neighbourhood_fn': '8-grid', 'optimizer_name': 'Adam', 'optimizer_params': {'lr': 0.0005}, 'preload_batch': True, 'use_cuda': True, 'use_lr_scheduling': True, 'mode': {'type': 5, 'objective_type': 'dpo', 'use_marginal': True, 'nb_samples': 1, 'temperature': 0.0, 'use_gamma': False, 'loss_type': 'fy', 'perturb_w': False, 'perturb_w_prime': False, 'dpo': {'maximize': False}}}, 'use_ray': True}[evaluate_every] = <class 'int'>(1)
{'evaluate_every': 1, 'loader_params': {'data_dir': 'data/warcraft_shortest_path/30x30', 'evaluate_with_extra': False, 'normalize': True, 'use_local_path': False, 'use_test_set': True}, 'model_dir': 'results/warcraft_shortest_path_combresnet', 'num_cpus': 40, 'num_epochs': 50, 'problem_type': 'warcraft_shortest_path', 'ray_params': {}, 'save_visualizations': False, 'seed': 3, 'trainer_name': 'DijkstraMAP', 'trainer_params': {'batch_size': 70, 'l1_regconst': 0.0, 'lambda_val': 0.0, 'lr_milestone_1': 30, 'lr_milestone_2': 40, 'model_params': {'arch_params': {}, 'model_name': 'CombResnet18'}, 'neighbourhood_fn': '8-grid', 'optimizer_name': 'Adam', 'optimizer_params': {'lr': 0.0005}, 'preload_batch': True, 'use_cuda': True, 'use_lr_scheduling': True, 'mode': {'type': 5, 'objective_type': 'dpo', 'use_marginal': True, 'nb_samples': 1, 'temperature': 0.0, 'use_gamma': False, 'loss_type': 'fy', 'perturb_w': False, 'perturb_w_prime': False, 'dpo': {'maximize': False}}}, 'use_ray': True}[use_ray] = <class 'bool'>(False)
{
    "evaluate_every": 1,
    "loader_params": {
        "data_dir": "data/warcraft_shortest_path/30x30",
        "evaluate_with_extra": false,
        "normalize": true,
        "use_local_path": false,
        "use_test_set": true
    },
    "model_dir": "results/warcraft_shortest_path_combresnet",
    "num_cpus": 40,
    "num_epochs": 50,
    "problem_type": "warcraft_shortest_path",
    "ray_params": {},
    "save_visualizations": false,
    "seed": 3,
    "trainer_name": "DijkstraMAP",
    "trainer_params": {
        "batch_size": 70,
        "l1_regconst": 0.0,
        "lambda_val": 0.0,
        "lr_milestone_1": 30,
        "lr_milestone_2": 40,
        "mode": {
            "dpo": {
                "maximize": false
            },
            "loss_type": "fy",
            "nb_samples": 1,
            "objective_type": "dpo",
            "perturb_w": false,
            "perturb_w_prime": false,
            "temperature": 0.0,
            "type": 5,
            "use_gamma": false,
            "use_marginal": true
        },
        "model_params": {
            "arch_params": {},
            "model_name": "CombResnet18"
        },
        "neighbourhood_fn": "8-grid",
        "optimizer_name": "Adam",
        "optimizer_params": {
            "lr": 0.0005
        },
        "preload_batch": true,
        "use_cuda": true,
        "use_lr_scheduling": true
    },
    "use_ray": false
}
MAP-BACKPROP MODE: {
    "dpo": {
        "maximize": false
    },
    "loss_type": "fy",
    "nb_samples": 1,
    "objective_type": "dpo",
    "perturb_w": false,
    "perturb_w_prime": false,
    "temperature": 0.0,
    "type": 5,
    "use_gamma": false,
    "use_marginal": true
}
True
META: {'input_image_size': 240, 'output_features': 900, 'num_channels': 3, 'denormalize': <maprop.decorators.input_to_numpy object at 0x2b71d06aee80>}
EVALUATING
{'loss': 54.692000236511234, 'accuracy': 0.939231134057045, 'perfect_match_accuracy': 0.001, 'cost_ratio_suggested_true': 2.5780051922798157, 'below_10.0_percent_acc': 0.092, 'below_1.0_percent_acc': 0.008, 'below_0.1_percent_acc': 0.007, 'below_0.01_percent_acc': 0.007, 'below_0.001_percent_acc': 0.006, 'below_0.0001_percent_acc': 0.006, 'valid_acc': 1.0}
Epoch: 1	Batch time (2.813086)	Data time (0.078675)	Cuda time (0.000003)	Loss (19.786400)	Accuracy (0.978015)
EVALUATING
{'loss': 11.625000143051148, 'accuracy': 0.9870833635330201, 'perfect_match_accuracy': 0.349, 'cost_ratio_suggested_true': 1.0440785694122314, 'below_10.0_percent_acc': 0.988, 'below_1.0_percent_acc': 0.832, 'below_0.1_percent_acc': 0.741, 'below_0.01_percent_acc': 0.74, 'below_0.001_percent_acc': 0.706, 'below_0.0001_percent_acc': 0.706, 'valid_acc': 1.0}
Epoch: 2	Batch time (2.846849)	Data time (0.079677)	Cuda time (0.000003)	Loss (11.781900)	Accuracy (0.986909)
EVALUATING
{'loss': 10.296999921798706, 'accuracy': 0.9885589241981506, 'perfect_match_accuracy': 0.422, 'cost_ratio_suggested_true': 1.0317746889591217, 'below_10.0_percent_acc': 0.997, 'below_1.0_percent_acc': 0.881, 'below_0.1_percent_acc': 0.815, 'below_0.01_percent_acc': 0.815, 'below_0.001_percent_acc': 0.796, 'below_0.0001_percent_acc': 0.795, 'valid_acc': 1.0}
Epoch: 3	Batch time (2.851732)	Data time (0.080289)	Cuda time (0.000002)	Loss (10.057800)	Accuracy (0.988825)
EVALUATING
{'loss': 9.46, 'accuracy': 0.989488919377327, 'perfect_match_accuracy': 0.454, 'cost_ratio_suggested_true': 1.0447407209873198, 'below_10.0_percent_acc': 1.0, 'below_1.0_percent_acc': 0.908, 'below_0.1_percent_acc': 0.85, 'below_0.01_percent_acc': 0.849, 'below_0.001_percent_acc': 0.818, 'below_0.0001_percent_acc': 0.818, 'valid_acc': 1.0}
Epoch: 4	Batch time (2.854926)	Data time (0.081154)	Cuda time (0.000002)	Loss (9.226200)	Accuracy (0.989749)
EVALUATING
{'loss': 7.94899998664856, 'accuracy': 0.9911678099632263, 'perfect_match_accuracy': 0.519, 'cost_ratio_suggested_true': 1.0253185939788818, 'below_10.0_percent_acc': 1.0, 'below_1.0_percent_acc': 0.937, 'below_0.1_percent_acc': 0.88, 'below_0.01_percent_acc': 0.879, 'below_0.001_percent_acc': 0.834, 'below_0.0001_percent_acc': 0.834, 'valid_acc': 1.0}
Epoch: 5	Batch time (2.855973)	Data time (0.077957)	Cuda time (0.000002)	Loss (8.253400)	Accuracy (0.990830)
EVALUATING
{'loss': 10.110999975204468, 'accuracy': 0.9887655836343765, 'perfect_match_accuracy': 0.393, 'cost_ratio_suggested_true': 1.045719826221466, 'below_10.0_percent_acc': 1.0, 'below_1.0_percent_acc': 0.942, 'below_0.1_percent_acc': 0.905, 'below_0.01_percent_acc': 0.904, 'below_0.001_percent_acc': 0.859, 'below_0.0001_percent_acc': 0.859, 'valid_acc': 1.0}
Epoch: 6	Batch time (2.842171)	Data time (0.078410)	Cuda time (0.000002)	Loss (7.541800)	Accuracy (0.991620)
EVALUATING
{'loss': 6.823000049591064, 'accuracy': 0.9924189138412476, 'perfect_match_accuracy': 0.534, 'cost_ratio_suggested_true': 1.0225800418853759, 'below_10.0_percent_acc': 1.0, 'below_1.0_percent_acc': 0.968, 'below_0.1_percent_acc': 0.937, 'below_0.01_percent_acc': 0.936, 'below_0.001_percent_acc': 0.894, 'below_0.0001_percent_acc': 0.894, 'valid_acc': 1.0}
Epoch: 7	Batch time (2.749271)	Data time (0.078262)	Cuda time (0.000002)	Loss (7.239900)	Accuracy (0.991956)
EVALUATING
{'loss': 6.67500009059906, 'accuracy': 0.9925833588838577, 'perfect_match_accuracy': 0.547, 'cost_ratio_suggested_true': 1.0156418991088867, 'below_10.0_percent_acc': 1.0, 'below_1.0_percent_acc': 0.965, 'below_0.1_percent_acc': 0.927, 'below_0.01_percent_acc': 0.926, 'below_0.001_percent_acc': 0.901, 'below_0.0001_percent_acc': 0.901, 'valid_acc': 1.0}
Epoch: 8	Batch time (2.848233)	Data time (0.075286)	Cuda time (0.000003)	Loss (6.774800)	Accuracy (0.992472)
EVALUATING
{'loss': 6.856000018119812, 'accuracy': 0.9923822462558747, 'perfect_match_accuracy': 0.52, 'cost_ratio_suggested_true': 1.0196010506153106, 'below_10.0_percent_acc': 1.0, 'below_1.0_percent_acc': 0.973, 'below_0.1_percent_acc': 0.935, 'below_0.01_percent_acc': 0.934, 'below_0.001_percent_acc': 0.888, 'below_0.0001_percent_acc': 0.888, 'valid_acc': 1.0}
Epoch: 9	Batch time (2.851339)	Data time (0.078473)	Cuda time (0.000003)	Loss (6.706500)	Accuracy (0.992548)
EVALUATING
{'loss': 7.589000086784363, 'accuracy': 0.9915678012371063, 'perfect_match_accuracy': 0.527, 'cost_ratio_suggested_true': 1.0244606864452361, 'below_10.0_percent_acc': 1.0, 'below_1.0_percent_acc': 0.961, 'below_0.1_percent_acc': 0.921, 'below_0.01_percent_acc': 0.92, 'below_0.001_percent_acc': 0.883, 'below_0.0001_percent_acc': 0.883, 'valid_acc': 1.0}
Epoch: 10	Batch time (2.842200)	Data time (0.077923)	Cuda time (0.000003)	Loss (6.442500)	Accuracy (0.992842)
EVALUATING
{'loss': 6.879000024795532, 'accuracy': 0.9923566848039627, 'perfect_match_accuracy': 0.536, 'cost_ratio_suggested_true': 1.0181534719467162, 'below_10.0_percent_acc': 1.0, 'below_1.0_percent_acc': 0.969, 'below_0.1_percent_acc': 0.937, 'below_0.01_percent_acc': 0.936, 'below_0.001_percent_acc': 0.907, 'below_0.0001_percent_acc': 0.907, 'valid_acc': 1.0}
Epoch: 11	Batch time (2.841560)	Data time (0.075587)	Cuda time (0.000002)	Loss (6.029500)	Accuracy (0.993301)
EVALUATING
{'loss': 6.710000038146973, 'accuracy': 0.9925444698333741, 'perfect_match_accuracy': 0.539, 'cost_ratio_suggested_true': 1.0171742415428162, 'below_10.0_percent_acc': 1.0, 'below_1.0_percent_acc': 0.975, 'below_0.1_percent_acc': 0.937, 'below_0.01_percent_acc': 0.935, 'below_0.001_percent_acc': 0.901, 'below_0.0001_percent_acc': 0.901, 'valid_acc': 1.0}
Epoch: 12	Batch time (2.776207)	Data time (0.077836)	Cuda time (0.000002)	Loss (6.143000)	Accuracy (0.993174)
EVALUATING
{'loss': 6.159000010490417, 'accuracy': 0.9931566995382309, 'perfect_match_accuracy': 0.587, 'cost_ratio_suggested_true': 1.0165461146831511, 'below_10.0_percent_acc': 1.0, 'below_1.0_percent_acc': 0.972, 'below_0.1_percent_acc': 0.94, 'below_0.01_percent_acc': 0.938, 'below_0.001_percent_acc': 0.912, 'below_0.0001_percent_acc': 0.912, 'valid_acc': 1.0}
Epoch: 13	Batch time (2.843638)	Data time (0.075433)	Cuda time (0.000003)	Loss (5.742200)	Accuracy (0.993620)
EVALUATING
{'loss': 6.171000018119812, 'accuracy': 0.9931433570384979, 'perfect_match_accuracy': 0.563, 'cost_ratio_suggested_true': 1.0146651661396027, 'below_10.0_percent_acc': 1.0, 'below_1.0_percent_acc': 0.986, 'below_0.1_percent_acc': 0.956, 'below_0.01_percent_acc': 0.954, 'below_0.001_percent_acc': 0.915, 'below_0.0001_percent_acc': 0.915, 'valid_acc': 1.0}
Epoch: 14	Batch time (2.836633)	Data time (0.075191)	Cuda time (0.000003)	Loss (5.496900)	Accuracy (0.993892)
EVALUATING
{'loss': 6.151000008583069, 'accuracy': 0.9931655865907669, 'perfect_match_accuracy': 0.582, 'cost_ratio_suggested_true': 1.0155309665203094, 'below_10.0_percent_acc': 1.0, 'below_1.0_percent_acc': 0.988, 'below_0.1_percent_acc': 0.95, 'below_0.01_percent_acc': 0.949, 'below_0.001_percent_acc': 0.906, 'below_0.0001_percent_acc': 0.905, 'valid_acc': 1.0}
Epoch: 15	Batch time (2.845254)	Data time (0.078148)	Cuda time (0.000002)	Loss (5.489300)	Accuracy (0.993901)
EVALUATING
{'loss': 6.19400007724762, 'accuracy': 0.9931178033351898, 'perfect_match_accuracy': 0.583, 'cost_ratio_suggested_true': 1.021697038412094, 'below_10.0_percent_acc': 1.0, 'below_1.0_percent_acc': 0.979, 'below_0.1_percent_acc': 0.94, 'below_0.01_percent_acc': 0.939, 'below_0.001_percent_acc': 0.907, 'below_0.0001_percent_acc': 0.907, 'valid_acc': 1.0}
Epoch: 16	Batch time (2.849077)	Data time (0.075874)	Cuda time (0.000002)	Loss (5.758100)	Accuracy (0.993602)
EVALUATING
{'loss': 6.303000025749206, 'accuracy': 0.9929966896772384, 'perfect_match_accuracy': 0.542, 'cost_ratio_suggested_true': 1.0165967524051667, 'below_10.0_percent_acc': 1.0, 'below_1.0_percent_acc': 0.981, 'below_0.1_percent_acc': 0.954, 'below_0.01_percent_acc': 0.953, 'below_0.001_percent_acc': 0.917, 'below_0.0001_percent_acc': 0.916, 'valid_acc': 1.0}
Epoch: 17	Batch time (2.832746)	Data time (0.076940)	Cuda time (0.000003)	Loss (5.179500)	Accuracy (0.994245)
EVALUATING
{'loss': 6.031999967098236, 'accuracy': 0.9932978028059005, 'perfect_match_accuracy': 0.587, 'cost_ratio_suggested_true': 1.0151439833641052, 'below_10.0_percent_acc': 1.0, 'below_1.0_percent_acc': 0.978, 'below_0.1_percent_acc': 0.949, 'below_0.01_percent_acc': 0.948, 'below_0.001_percent_acc': 0.896, 'below_0.0001_percent_acc': 0.896, 'valid_acc': 1.0}
Epoch: 18	Batch time (2.832161)	Data time (0.078335)	Cuda time (0.000003)	Loss (5.070500)	Accuracy (0.994366)
EVALUATING
{'loss': 5.556000082492829, 'accuracy': 0.9938266891241073, 'perfect_match_accuracy': 0.597, 'cost_ratio_suggested_true': 1.0153592073917388, 'below_10.0_percent_acc': 1.0, 'below_1.0_percent_acc': 0.986, 'below_0.1_percent_acc': 0.957, 'below_0.01_percent_acc': 0.955, 'below_0.001_percent_acc': 0.911, 'below_0.0001_percent_acc': 0.911, 'valid_acc': 1.0}
Epoch: 19	Batch time (2.842955)	Data time (0.076635)	Cuda time (0.000002)	Loss (5.161700)	Accuracy (0.994265)
EVALUATING
{'loss': 5.756000003814697, 'accuracy': 0.9936044716835022, 'perfect_match_accuracy': 0.594, 'cost_ratio_suggested_true': 1.0165764200687408, 'below_10.0_percent_acc': 1.0, 'below_1.0_percent_acc': 0.983, 'below_0.1_percent_acc': 0.959, 'below_0.01_percent_acc': 0.957, 'below_0.001_percent_acc': 0.927, 'below_0.0001_percent_acc': 0.927, 'valid_acc': 1.0}
Epoch: 20	Batch time (2.799689)	Data time (0.075786)	Cuda time (0.000002)	Loss (4.711900)	Accuracy (0.994765)
EVALUATING
{'loss': 5.913000020980835, 'accuracy': 0.9934300321340561, 'perfect_match_accuracy': 0.606, 'cost_ratio_suggested_true': 1.0176705145835876, 'below_10.0_percent_acc': 1.0, 'below_1.0_percent_acc': 0.984, 'below_0.1_percent_acc': 0.954, 'below_0.01_percent_acc': 0.952, 'below_0.001_percent_acc': 0.907, 'below_0.0001_percent_acc': 0.907, 'valid_acc': 1.0}
Epoch: 21	Batch time (2.740225)	Data time (0.076969)	Cuda time (0.000002)	Loss (5.069900)	Accuracy (0.994367)
EVALUATING
{'loss': 5.366000027656555, 'accuracy': 0.9940377920866013, 'perfect_match_accuracy': 0.634, 'cost_ratio_suggested_true': 1.012776038646698, 'below_10.0_percent_acc': 1.0, 'below_1.0_percent_acc': 0.981, 'below_0.1_percent_acc': 0.94, 'below_0.01_percent_acc': 0.939, 'below_0.001_percent_acc': 0.92, 'below_0.0001_percent_acc': 0.92, 'valid_acc': 1.0}
Epoch: 22	Batch time (2.736569)	Data time (0.076991)	Cuda time (0.000003)	Loss (5.199500)	Accuracy (0.994223)
EVALUATING
{'loss': 5.404000091552734, 'accuracy': 0.9939955860376358, 'perfect_match_accuracy': 0.585, 'cost_ratio_suggested_true': 1.0144958662986756, 'below_10.0_percent_acc': 1.0, 'below_1.0_percent_acc': 0.984, 'below_0.1_percent_acc': 0.955, 'below_0.01_percent_acc': 0.954, 'below_0.001_percent_acc': 0.927, 'below_0.0001_percent_acc': 0.927, 'valid_acc': 1.0}
Epoch: 23	Batch time (2.728845)	Data time (0.077637)	Cuda time (0.000002)	Loss (5.103900)	Accuracy (0.994329)
EVALUATING
{'loss': 5.513000028133392, 'accuracy': 0.9938744741678238, 'perfect_match_accuracy': 0.616, 'cost_ratio_suggested_true': 1.013199920654297, 'below_10.0_percent_acc': 1.0, 'below_1.0_percent_acc': 0.985, 'below_0.1_percent_acc': 0.956, 'below_0.01_percent_acc': 0.956, 'below_0.001_percent_acc': 0.921, 'below_0.0001_percent_acc': 0.921, 'valid_acc': 1.0}
Epoch: 24	Batch time (2.734485)	Data time (0.076874)	Cuda time (0.000003)	Loss (4.984000)	Accuracy (0.994462)
EVALUATING
{'loss': 5.476000056266785, 'accuracy': 0.9939155775308609, 'perfect_match_accuracy': 0.608, 'cost_ratio_suggested_true': 1.013901460170746, 'below_10.0_percent_acc': 1.0, 'below_1.0_percent_acc': 0.989, 'below_0.1_percent_acc': 0.964, 'below_0.01_percent_acc': 0.962, 'below_0.001_percent_acc': 0.925, 'below_0.0001_percent_acc': 0.924, 'valid_acc': 1.0}
Epoch: 25	Batch time (2.730696)	Data time (0.076562)	Cuda time (0.000002)	Loss (4.642100)	Accuracy (0.994842)
EVALUATING
{'loss': 5.888999996185302, 'accuracy': 0.9934566897153855, 'perfect_match_accuracy': 0.626, 'cost_ratio_suggested_true': 1.0200041925907135, 'below_10.0_percent_acc': 1.0, 'below_1.0_percent_acc': 0.976, 'below_0.1_percent_acc': 0.939, 'below_0.01_percent_acc': 0.937, 'below_0.001_percent_acc': 0.896, 'below_0.0001_percent_acc': 0.896, 'valid_acc': 1.0}
Epoch: 26	Batch time (2.736497)	Data time (0.079058)	Cuda time (0.000002)	Loss (4.566500)	Accuracy (0.994926)
EVALUATING
{'loss': 6.030000052452087, 'accuracy': 0.9933000338077546, 'perfect_match_accuracy': 0.604, 'cost_ratio_suggested_true': 1.0170658481121064, 'below_10.0_percent_acc': 1.0, 'below_1.0_percent_acc': 0.983, 'below_0.1_percent_acc': 0.958, 'below_0.01_percent_acc': 0.956, 'below_0.001_percent_acc': 0.913, 'below_0.0001_percent_acc': 0.913, 'valid_acc': 1.0}
Epoch: 27	Batch time (2.740442)	Data time (0.077180)	Cuda time (0.000002)	Loss (4.733300)	Accuracy (0.994741)
EVALUATING
{'loss': 6.473000092506409, 'accuracy': 0.9928078085184098, 'perfect_match_accuracy': 0.575, 'cost_ratio_suggested_true': 1.0151375937461853, 'below_10.0_percent_acc': 1.0, 'below_1.0_percent_acc': 0.975, 'below_0.1_percent_acc': 0.941, 'below_0.01_percent_acc': 0.94, 'below_0.001_percent_acc': 0.927, 'below_0.0001_percent_acc': 0.926, 'valid_acc': 1.0}
Epoch: 28	Batch time (2.731383)	Data time (0.076314)	Cuda time (0.000003)	Loss (4.535800)	Accuracy (0.994960)
EVALUATING
{'loss': 5.486000018119812, 'accuracy': 0.993904475569725, 'perfect_match_accuracy': 0.608, 'cost_ratio_suggested_true': 1.0125140023231507, 'below_10.0_percent_acc': 1.0, 'below_1.0_percent_acc': 0.987, 'below_0.1_percent_acc': 0.951, 'below_0.01_percent_acc': 0.95, 'below_0.001_percent_acc': 0.923, 'below_0.0001_percent_acc': 0.923, 'valid_acc': 1.0}
Epoch: 29	Batch time (2.762169)	Data time (0.081119)	Cuda time (0.000002)	Loss (4.181300)	Accuracy (0.995354)
EVALUATING
{'loss': 5.647999987602234, 'accuracy': 0.9937244731187821, 'perfect_match_accuracy': 0.611, 'cost_ratio_suggested_true': 1.0182893419265746, 'below_10.0_percent_acc': 1.0, 'below_1.0_percent_acc': 0.988, 'below_0.1_percent_acc': 0.961, 'below_0.01_percent_acc': 0.959, 'below_0.001_percent_acc': 0.926, 'below_0.0001_percent_acc': 0.926, 'valid_acc': 1.0}
Epoch: 30	Batch time (2.854201)	Data time (0.077779)	Cuda time (0.000002)	Loss (4.480100)	Accuracy (0.995022)
EVALUATING
{'loss': 5.377000064849853, 'accuracy': 0.9940255737304687, 'perfect_match_accuracy': 0.622, 'cost_ratio_suggested_true': 1.0185138750076295, 'below_10.0_percent_acc': 1.0, 'below_1.0_percent_acc': 0.986, 'below_0.1_percent_acc': 0.963, 'below_0.01_percent_acc': 0.961, 'below_0.001_percent_acc': 0.924, 'below_0.0001_percent_acc': 0.924, 'valid_acc': 1.0}
Epoch: 31	Batch time (2.839208)	Data time (0.083827)	Cuda time (0.000003)	Loss (3.119100)	Accuracy (0.996534)
EVALUATING
{'loss': 4.9630000782012935, 'accuracy': 0.9944855809211731, 'perfect_match_accuracy': 0.642, 'cost_ratio_suggested_true': 1.0119800758361817, 'below_10.0_percent_acc': 1.0, 'below_1.0_percent_acc': 0.993, 'below_0.1_percent_acc': 0.976, 'below_0.01_percent_acc': 0.974, 'below_0.001_percent_acc': 0.94, 'below_0.0001_percent_acc': 0.939, 'valid_acc': 1.0}
Epoch: 32	Batch time (2.836390)	Data time (0.081883)	Cuda time (0.000002)	Loss (2.687500)	Accuracy (0.997014)
EVALUATING
{'loss': 4.97000004529953, 'accuracy': 0.9944778037071228, 'perfect_match_accuracy': 0.63, 'cost_ratio_suggested_true': 1.0120814561843872, 'below_10.0_percent_acc': 1.0, 'below_1.0_percent_acc': 0.992, 'below_0.1_percent_acc': 0.98, 'below_0.01_percent_acc': 0.978, 'below_0.001_percent_acc': 0.938, 'below_0.0001_percent_acc': 0.937, 'valid_acc': 1.0}
Epoch: 33	Batch time (2.925794)	Data time (0.082341)	Cuda time (0.000003)	Loss (2.633700)	Accuracy (0.997074)
EVALUATING
{'loss': 4.871000015735627, 'accuracy': 0.9945878070592881, 'perfect_match_accuracy': 0.641, 'cost_ratio_suggested_true': 1.012392019033432, 'below_10.0_percent_acc': 1.0, 'below_1.0_percent_acc': 0.993, 'below_0.1_percent_acc': 0.976, 'below_0.01_percent_acc': 0.974, 'below_0.001_percent_acc': 0.938, 'below_0.0001_percent_acc': 0.937, 'valid_acc': 1.0}
Epoch: 34	Batch time (2.913213)	Data time (0.083526)	Cuda time (0.000002)	Loss (2.529200)	Accuracy (0.997190)
EVALUATING
{'loss': 4.7930000162124635, 'accuracy': 0.9946744745969772, 'perfect_match_accuracy': 0.645, 'cost_ratio_suggested_true': 1.0113491129875183, 'below_10.0_percent_acc': 1.0, 'below_1.0_percent_acc': 0.992, 'below_0.1_percent_acc': 0.979, 'below_0.01_percent_acc': 0.977, 'below_0.001_percent_acc': 0.941, 'below_0.0001_percent_acc': 0.94, 'valid_acc': 1.0}
Epoch: 35	Batch time (2.992624)	Data time (0.083957)	Cuda time (0.000003)	Loss (2.480500)	Accuracy (0.997244)
EVALUATING
{'loss': 4.961000049114228, 'accuracy': 0.9944878131151199, 'perfect_match_accuracy': 0.638, 'cost_ratio_suggested_true': 1.0123299419879914, 'below_10.0_percent_acc': 1.0, 'below_1.0_percent_acc': 0.993, 'below_0.1_percent_acc': 0.978, 'below_0.01_percent_acc': 0.976, 'below_0.001_percent_acc': 0.939, 'below_0.0001_percent_acc': 0.938, 'valid_acc': 1.0}
Epoch: 36	Batch time (3.030213)	Data time (0.083896)	Cuda time (0.000003)	Loss (2.534600)	Accuracy (0.997184)
EVALUATING
{'loss': 4.837999994754791, 'accuracy': 0.9946244776248931, 'perfect_match_accuracy': 0.643, 'cost_ratio_suggested_true': 1.011262320280075, 'below_10.0_percent_acc': 1.0, 'below_1.0_percent_acc': 0.991, 'below_0.1_percent_acc': 0.978, 'below_0.01_percent_acc': 0.976, 'below_0.001_percent_acc': 0.935, 'below_0.0001_percent_acc': 0.935, 'valid_acc': 1.0}
Epoch: 37	Batch time (2.914368)	Data time (0.080224)	Cuda time (0.000003)	Loss (2.554200)	Accuracy (0.997162)
EVALUATING
{'loss': 4.858999967575073, 'accuracy': 0.9946011382341385, 'perfect_match_accuracy': 0.648, 'cost_ratio_suggested_true': 1.012153651714325, 'below_10.0_percent_acc': 1.0, 'below_1.0_percent_acc': 0.992, 'below_0.1_percent_acc': 0.977, 'below_0.01_percent_acc': 0.975, 'below_0.001_percent_acc': 0.943, 'below_0.0001_percent_acc': 0.943, 'valid_acc': 1.0}
Epoch: 38	Batch time (3.043453)	Data time (0.082594)	Cuda time (0.000002)	Loss (2.477600)	Accuracy (0.997247)
EVALUATING
{'loss': 4.690000071525573, 'accuracy': 0.9947889137268067, 'perfect_match_accuracy': 0.646, 'cost_ratio_suggested_true': 1.0109328877925874, 'below_10.0_percent_acc': 1.0, 'below_1.0_percent_acc': 0.992, 'below_0.1_percent_acc': 0.977, 'below_0.01_percent_acc': 0.975, 'below_0.001_percent_acc': 0.949, 'below_0.0001_percent_acc': 0.949, 'valid_acc': 1.0}
Epoch: 39	Batch time (3.002956)	Data time (0.087423)	Cuda time (0.000003)	Loss (2.268100)	Accuracy (0.997480)
EVALUATING
{'loss': 5.0710000324249265, 'accuracy': 0.9943655836582184, 'perfect_match_accuracy': 0.628, 'cost_ratio_suggested_true': 1.012162514925003, 'below_10.0_percent_acc': 1.0, 'below_1.0_percent_acc': 0.992, 'below_0.1_percent_acc': 0.977, 'below_0.01_percent_acc': 0.975, 'below_0.001_percent_acc': 0.938, 'below_0.0001_percent_acc': 0.937, 'valid_acc': 1.0}
Epoch: 40	Batch time (2.988192)	Data time (0.083895)	Cuda time (0.000002)	Loss (2.376800)	Accuracy (0.997359)
EVALUATING
{'loss': 4.788000001907348, 'accuracy': 0.9946800237894058, 'perfect_match_accuracy': 0.647, 'cost_ratio_suggested_true': 1.0119266128540039, 'below_10.0_percent_acc': 1.0, 'below_1.0_percent_acc': 0.993, 'below_0.1_percent_acc': 0.979, 'below_0.01_percent_acc': 0.977, 'below_0.001_percent_acc': 0.938, 'below_0.0001_percent_acc': 0.938, 'valid_acc': 1.0}
Epoch: 41	Batch time (2.810397)	Data time (0.080793)	Cuda time (0.000002)	Loss (2.187800)	Accuracy (0.997569)
EVALUATING
{'loss': 4.716000034809112, 'accuracy': 0.9947600269317627, 'perfect_match_accuracy': 0.654, 'cost_ratio_suggested_true': 1.0119253933429717, 'below_10.0_percent_acc': 1.0, 'below_1.0_percent_acc': 0.992, 'below_0.1_percent_acc': 0.977, 'below_0.01_percent_acc': 0.975, 'below_0.001_percent_acc': 0.936, 'below_0.0001_percent_acc': 0.936, 'valid_acc': 1.0}
Epoch: 42	Batch time (2.803947)	Data time (0.079766)	Cuda time (0.000003)	Loss (2.139500)	Accuracy (0.997623)
EVALUATING
{'loss': 4.721000032424927, 'accuracy': 0.994754473567009, 'perfect_match_accuracy': 0.651, 'cost_ratio_suggested_true': 1.0119273376464843, 'below_10.0_percent_acc': 1.0, 'below_1.0_percent_acc': 0.992, 'below_0.1_percent_acc': 0.978, 'below_0.01_percent_acc': 0.976, 'below_0.001_percent_acc': 0.938, 'below_0.0001_percent_acc': 0.938, 'valid_acc': 1.0}
Epoch: 43	Batch time (2.716607)	Data time (0.073556)	Cuda time (0.000003)	Loss (2.098000)	Accuracy (0.997669)
EVALUATING
{'loss': 4.871999998092651, 'accuracy': 0.9945866942405701, 'perfect_match_accuracy': 0.647, 'cost_ratio_suggested_true': 1.0120627629756926, 'below_10.0_percent_acc': 1.0, 'below_1.0_percent_acc': 0.992, 'below_0.1_percent_acc': 0.977, 'below_0.01_percent_acc': 0.975, 'below_0.001_percent_acc': 0.933, 'below_0.0001_percent_acc': 0.933, 'valid_acc': 1.0}
Epoch: 44	Batch time (2.714513)	Data time (0.072830)	Cuda time (0.000003)	Loss (2.136900)	Accuracy (0.997626)
EVALUATING
{'loss': 4.7250000715255736, 'accuracy': 0.9947500276565552, 'perfect_match_accuracy': 0.648, 'cost_ratio_suggested_true': 1.0116302502155303, 'below_10.0_percent_acc': 1.0, 'below_1.0_percent_acc': 0.992, 'below_0.1_percent_acc': 0.977, 'below_0.01_percent_acc': 0.975, 'below_0.001_percent_acc': 0.94, 'below_0.0001_percent_acc': 0.939, 'valid_acc': 1.0}
Epoch: 45	Batch time (2.716677)	Data time (0.073272)	Cuda time (0.000003)	Loss (2.153400)	Accuracy (0.997607)
EVALUATING
{'loss': 4.877000079154969, 'accuracy': 0.9945811367034912, 'perfect_match_accuracy': 0.648, 'cost_ratio_suggested_true': 1.0121844613552093, 'below_10.0_percent_acc': 1.0, 'below_1.0_percent_acc': 0.992, 'below_0.1_percent_acc': 0.977, 'below_0.01_percent_acc': 0.975, 'below_0.001_percent_acc': 0.933, 'below_0.0001_percent_acc': 0.933, 'valid_acc': 1.0}
Epoch: 46	Batch time (2.715243)	Data time (0.073260)	Cuda time (0.000003)	Loss (2.066900)	Accuracy (0.997703)
EVALUATING
{'loss': 4.884000005722046, 'accuracy': 0.9945733553171158, 'perfect_match_accuracy': 0.64, 'cost_ratio_suggested_true': 1.0111356055736542, 'below_10.0_percent_acc': 1.0, 'below_1.0_percent_acc': 0.993, 'below_0.1_percent_acc': 0.979, 'below_0.01_percent_acc': 0.977, 'below_0.001_percent_acc': 0.937, 'below_0.0001_percent_acc': 0.937, 'valid_acc': 1.0}
Epoch: 47	Batch time (2.714169)	Data time (0.073311)	Cuda time (0.000003)	Loss (2.138100)	Accuracy (0.997624)
EVALUATING
{'loss': 4.86700006723404, 'accuracy': 0.9945922476053238, 'perfect_match_accuracy': 0.644, 'cost_ratio_suggested_true': 1.0109168004989624, 'below_10.0_percent_acc': 1.0, 'below_1.0_percent_acc': 0.993, 'below_0.1_percent_acc': 0.978, 'below_0.01_percent_acc': 0.976, 'below_0.001_percent_acc': 0.935, 'below_0.0001_percent_acc': 0.935, 'valid_acc': 1.0}
Epoch: 48	Batch time (2.714810)	Data time (0.073833)	Cuda time (0.000003)	Loss (2.160100)	Accuracy (0.997600)
EVALUATING
{'loss': 4.946000030040741, 'accuracy': 0.9945044732093811, 'perfect_match_accuracy': 0.64, 'cost_ratio_suggested_true': 1.012377507686615, 'below_10.0_percent_acc': 1.0, 'below_1.0_percent_acc': 0.991, 'below_0.1_percent_acc': 0.975, 'below_0.01_percent_acc': 0.973, 'below_0.001_percent_acc': 0.934, 'below_0.0001_percent_acc': 0.934, 'valid_acc': 1.0}
Epoch: 49	Batch time (2.716312)	Data time (0.072493)	Cuda time (0.000003)	Loss (2.159800)	Accuracy (0.997600)
EVALUATING
{'loss': 4.833000130653382, 'accuracy': 0.9946300226449967, 'perfect_match_accuracy': 0.646, 'cost_ratio_suggested_true': 1.012343044281006, 'below_10.0_percent_acc': 1.0, 'below_1.0_percent_acc': 0.992, 'below_0.1_percent_acc': 0.978, 'below_0.01_percent_acc': 0.976, 'below_0.001_percent_acc': 0.935, 'below_0.0001_percent_acc': 0.935, 'valid_acc': 1.0}
Epoch: 50	Batch time (2.722961)	Data time (0.072986)	Cuda time (0.000003)	Loss (2.120400)	Accuracy (0.997644)
EVALUATING
{'loss': 4.953000056743622, 'accuracy': 0.9944966959953309, 'perfect_match_accuracy': 0.646, 'cost_ratio_suggested_true': 1.0123598337173463, 'below_10.0_percent_acc': 1.0, 'below_1.0_percent_acc': 0.991, 'below_0.1_percent_acc': 0.977, 'below_0.01_percent_acc': 0.975, 'below_0.001_percent_acc': 0.932, 'below_0.0001_percent_acc': 0.932, 'valid_acc': 1.0}
