No existing entry for trainer_params.mode.type
{}[type] = <class 'int'>(5)
No existing entry for trainer_params.mode.objective_type
{'type': 5}[objective_type] = <class 'str'>(dpo)
No existing entry for trainer_params.mode.use_marginal
{'type': 5, 'objective_type': 'dpo'}[use_marginal] = <class 'bool'>(True)
No existing entry for trainer_params.mode.nb_samples
{'type': 5, 'objective_type': 'dpo', 'use_marginal': True}[nb_samples] = <class 'int'>(1)
No existing entry for trainer_params.mode.temperature
{'type': 5, 'objective_type': 'dpo', 'use_marginal': True, 'nb_samples': 1}[temperature] = <class 'float'>(0.1)
No existing entry for trainer_params.mode.use_gamma
{'type': 5, 'objective_type': 'dpo', 'use_marginal': True, 'nb_samples': 1, 'temperature': 0.1}[use_gamma] = <class 'bool'>(False)
No existing entry for trainer_params.mode.loss_type
{'type': 5, 'objective_type': 'dpo', 'use_marginal': True, 'nb_samples': 1, 'temperature': 0.1, 'use_gamma': False}[loss_type] = <class 'str'>(fy)
No existing entry for trainer_params.mode.perturb_w
{'type': 5, 'objective_type': 'dpo', 'use_marginal': True, 'nb_samples': 1, 'temperature': 0.1, 'use_gamma': False, 'loss_type': 'fy'}[perturb_w] = <class 'bool'>(False)
No existing entry for trainer_params.mode.perturb_w_prime
{'type': 5, 'objective_type': 'dpo', 'use_marginal': True, 'nb_samples': 1, 'temperature': 0.1, 'use_gamma': False, 'loss_type': 'fy', 'perturb_w': False}[perturb_w_prime] = <class 'bool'>(False)
{'batch_size': 70, 'l1_regconst': 0.0, 'lambda_val': 20.0, 'lr_milestone_1': 30, 'lr_milestone_2': 40, 'model_params': {'arch_params': {}, 'model_name': 'CombResnet18'}, 'neighbourhood_fn': '8-grid', 'optimizer_name': 'Adam', 'optimizer_params': {'lr': 0.0005}, 'preload_batch': True, 'use_cuda': True, 'use_lr_scheduling': True, 'mode': {'type': 5, 'objective_type': 'dpo', 'use_marginal': True, 'nb_samples': 1, 'temperature': 0.1, 'use_gamma': False, 'loss_type': 'fy', 'perturb_w': False, 'perturb_w_prime': False}}[lambda_val] = <class 'float'>(0.0)
No existing entry for trainer_params.mode.dpo.maximize
{}[maximize] = <class 'bool'>(False)
{'data_dir': 'data/warcraft_shortest_path/12x12', 'evaluate_with_extra': False, 'normalize': True, 'use_local_path': False, 'use_test_set': True}[data_dir] = <class 'str'>(data/warcraft_shortest_path/18x18)
{'evaluate_every': 5, 'loader_params': {'data_dir': 'data/warcraft_shortest_path/18x18', 'evaluate_with_extra': False, 'normalize': True, 'use_local_path': False, 'use_test_set': True}, 'model_dir': 'results/warcraft_shortest_path_combresnet', 'num_cpus': 40, 'num_epochs': 50, 'problem_type': 'warcraft_shortest_path', 'ray_params': {}, 'save_visualizations': False, 'seed': 1, 'trainer_name': 'DijkstraMAP', 'trainer_params': {'batch_size': 70, 'l1_regconst': 0.0, 'lambda_val': 0.0, 'lr_milestone_1': 30, 'lr_milestone_2': 40, 'model_params': {'arch_params': {}, 'model_name': 'CombResnet18'}, 'neighbourhood_fn': '8-grid', 'optimizer_name': 'Adam', 'optimizer_params': {'lr': 0.0005}, 'preload_batch': True, 'use_cuda': True, 'use_lr_scheduling': True, 'mode': {'type': 5, 'objective_type': 'dpo', 'use_marginal': True, 'nb_samples': 1, 'temperature': 0.1, 'use_gamma': False, 'loss_type': 'fy', 'perturb_w': False, 'perturb_w_prime': False, 'dpo': {'maximize': False}}}, 'use_ray': True}[seed] = <class 'int'>(2)
{'evaluate_every': 5, 'loader_params': {'data_dir': 'data/warcraft_shortest_path/18x18', 'evaluate_with_extra': False, 'normalize': True, 'use_local_path': False, 'use_test_set': True}, 'model_dir': 'results/warcraft_shortest_path_combresnet', 'num_cpus': 40, 'num_epochs': 50, 'problem_type': 'warcraft_shortest_path', 'ray_params': {}, 'save_visualizations': False, 'seed': 2, 'trainer_name': 'DijkstraMAP', 'trainer_params': {'batch_size': 70, 'l1_regconst': 0.0, 'lambda_val': 0.0, 'lr_milestone_1': 30, 'lr_milestone_2': 40, 'model_params': {'arch_params': {}, 'model_name': 'CombResnet18'}, 'neighbourhood_fn': '8-grid', 'optimizer_name': 'Adam', 'optimizer_params': {'lr': 0.0005}, 'preload_batch': True, 'use_cuda': True, 'use_lr_scheduling': True, 'mode': {'type': 5, 'objective_type': 'dpo', 'use_marginal': True, 'nb_samples': 1, 'temperature': 0.1, 'use_gamma': False, 'loss_type': 'fy', 'perturb_w': False, 'perturb_w_prime': False, 'dpo': {'maximize': False}}}, 'use_ray': True}[evaluate_every] = <class 'int'>(1)
{'evaluate_every': 1, 'loader_params': {'data_dir': 'data/warcraft_shortest_path/18x18', 'evaluate_with_extra': False, 'normalize': True, 'use_local_path': False, 'use_test_set': True}, 'model_dir': 'results/warcraft_shortest_path_combresnet', 'num_cpus': 40, 'num_epochs': 50, 'problem_type': 'warcraft_shortest_path', 'ray_params': {}, 'save_visualizations': False, 'seed': 2, 'trainer_name': 'DijkstraMAP', 'trainer_params': {'batch_size': 70, 'l1_regconst': 0.0, 'lambda_val': 0.0, 'lr_milestone_1': 30, 'lr_milestone_2': 40, 'model_params': {'arch_params': {}, 'model_name': 'CombResnet18'}, 'neighbourhood_fn': '8-grid', 'optimizer_name': 'Adam', 'optimizer_params': {'lr': 0.0005}, 'preload_batch': True, 'use_cuda': True, 'use_lr_scheduling': True, 'mode': {'type': 5, 'objective_type': 'dpo', 'use_marginal': True, 'nb_samples': 1, 'temperature': 0.1, 'use_gamma': False, 'loss_type': 'fy', 'perturb_w': False, 'perturb_w_prime': False, 'dpo': {'maximize': False}}}, 'use_ray': True}[use_ray] = <class 'bool'>(False)
No existing entry for trainer_params.mode.type
{}[type] = <class 'int'>(5)
No existing entry for trainer_params.mode.objective_type
{'type': 5}[objective_type] = <class 'str'>(dpo)
No existing entry for trainer_params.mode.use_marginal
{'type': 5, 'objective_type': 'dpo'}[use_marginal] = <class 'bool'>(True)
No existing entry for trainer_params.mode.nb_samples
{'type': 5, 'objective_type': 'dpo', 'use_marginal': True}[nb_samples] = <class 'int'>(1)
No existing entry for trainer_params.mode.temperature
{'type': 5, 'objective_type': 'dpo', 'use_marginal': True, 'nb_samples': 1}[temperature] = <class 'float'>(0.1)
No existing entry for trainer_params.mode.use_gamma
{'type': 5, 'objective_type': 'dpo', 'use_marginal': True, 'nb_samples': 1, 'temperature': 0.1}[use_gamma] = <class 'bool'>(False)
No existing entry for trainer_params.mode.loss_type
{'type': 5, 'objective_type': 'dpo', 'use_marginal': True, 'nb_samples': 1, 'temperature': 0.1, 'use_gamma': False}[loss_type] = <class 'str'>(fy)
No existing entry for trainer_params.mode.perturb_w
{'type': 5, 'objective_type': 'dpo', 'use_marginal': True, 'nb_samples': 1, 'temperature': 0.1, 'use_gamma': False, 'loss_type': 'fy'}[perturb_w] = <class 'bool'>(False)
No existing entry for trainer_params.mode.perturb_w_prime
{'type': 5, 'objective_type': 'dpo', 'use_marginal': True, 'nb_samples': 1, 'temperature': 0.1, 'use_gamma': False, 'loss_type': 'fy', 'perturb_w': False}[perturb_w_prime] = <class 'bool'>(False)
{'batch_size': 70, 'l1_regconst': 0.0, 'lambda_val': 20.0, 'lr_milestone_1': 30, 'lr_milestone_2': 40, 'model_params': {'arch_params': {}, 'model_name': 'CombResnet18'}, 'neighbourhood_fn': '8-grid', 'optimizer_name': 'Adam', 'optimizer_params': {'lr': 0.0005}, 'preload_batch': True, 'use_cuda': True, 'use_lr_scheduling': True, 'mode': {'type': 5, 'objective_type': 'dpo', 'use_marginal': True, 'nb_samples': 1, 'temperature': 0.1, 'use_gamma': False, 'loss_type': 'fy', 'perturb_w': False, 'perturb_w_prime': False}}[lambda_val] = <class 'float'>(0.0)
No existing entry for trainer_params.mode.dpo.maximize
{}[maximize] = <class 'bool'>(False)
{'data_dir': 'data/warcraft_shortest_path/12x12', 'evaluate_with_extra': False, 'normalize': True, 'use_local_path': False, 'use_test_set': True}[data_dir] = <class 'str'>(data/warcraft_shortest_path/18x18)
{'evaluate_every': 5, 'loader_params': {'data_dir': 'data/warcraft_shortest_path/18x18', 'evaluate_with_extra': False, 'normalize': True, 'use_local_path': False, 'use_test_set': True}, 'model_dir': 'results/warcraft_shortest_path_combresnet', 'num_cpus': 40, 'num_epochs': 50, 'problem_type': 'warcraft_shortest_path', 'ray_params': {}, 'save_visualizations': False, 'seed': 1, 'trainer_name': 'DijkstraMAP', 'trainer_params': {'batch_size': 70, 'l1_regconst': 0.0, 'lambda_val': 0.0, 'lr_milestone_1': 30, 'lr_milestone_2': 40, 'model_params': {'arch_params': {}, 'model_name': 'CombResnet18'}, 'neighbourhood_fn': '8-grid', 'optimizer_name': 'Adam', 'optimizer_params': {'lr': 0.0005}, 'preload_batch': True, 'use_cuda': True, 'use_lr_scheduling': True, 'mode': {'type': 5, 'objective_type': 'dpo', 'use_marginal': True, 'nb_samples': 1, 'temperature': 0.1, 'use_gamma': False, 'loss_type': 'fy', 'perturb_w': False, 'perturb_w_prime': False, 'dpo': {'maximize': False}}}, 'use_ray': True}[seed] = <class 'int'>(2)
{'evaluate_every': 5, 'loader_params': {'data_dir': 'data/warcraft_shortest_path/18x18', 'evaluate_with_extra': False, 'normalize': True, 'use_local_path': False, 'use_test_set': True}, 'model_dir': 'results/warcraft_shortest_path_combresnet', 'num_cpus': 40, 'num_epochs': 50, 'problem_type': 'warcraft_shortest_path', 'ray_params': {}, 'save_visualizations': False, 'seed': 2, 'trainer_name': 'DijkstraMAP', 'trainer_params': {'batch_size': 70, 'l1_regconst': 0.0, 'lambda_val': 0.0, 'lr_milestone_1': 30, 'lr_milestone_2': 40, 'model_params': {'arch_params': {}, 'model_name': 'CombResnet18'}, 'neighbourhood_fn': '8-grid', 'optimizer_name': 'Adam', 'optimizer_params': {'lr': 0.0005}, 'preload_batch': True, 'use_cuda': True, 'use_lr_scheduling': True, 'mode': {'type': 5, 'objective_type': 'dpo', 'use_marginal': True, 'nb_samples': 1, 'temperature': 0.1, 'use_gamma': False, 'loss_type': 'fy', 'perturb_w': False, 'perturb_w_prime': False, 'dpo': {'maximize': False}}}, 'use_ray': True}[evaluate_every] = <class 'int'>(1)
{'evaluate_every': 1, 'loader_params': {'data_dir': 'data/warcraft_shortest_path/18x18', 'evaluate_with_extra': False, 'normalize': True, 'use_local_path': False, 'use_test_set': True}, 'model_dir': 'results/warcraft_shortest_path_combresnet', 'num_cpus': 40, 'num_epochs': 50, 'problem_type': 'warcraft_shortest_path', 'ray_params': {}, 'save_visualizations': False, 'seed': 2, 'trainer_name': 'DijkstraMAP', 'trainer_params': {'batch_size': 70, 'l1_regconst': 0.0, 'lambda_val': 0.0, 'lr_milestone_1': 30, 'lr_milestone_2': 40, 'model_params': {'arch_params': {}, 'model_name': 'CombResnet18'}, 'neighbourhood_fn': '8-grid', 'optimizer_name': 'Adam', 'optimizer_params': {'lr': 0.0005}, 'preload_batch': True, 'use_cuda': True, 'use_lr_scheduling': True, 'mode': {'type': 5, 'objective_type': 'dpo', 'use_marginal': True, 'nb_samples': 1, 'temperature': 0.1, 'use_gamma': False, 'loss_type': 'fy', 'perturb_w': False, 'perturb_w_prime': False, 'dpo': {'maximize': False}}}, 'use_ray': True}[use_ray] = <class 'bool'>(False)
{
    "evaluate_every": 1,
    "loader_params": {
        "data_dir": "data/warcraft_shortest_path/18x18",
        "evaluate_with_extra": false,
        "normalize": true,
        "use_local_path": false,
        "use_test_set": true
    },
    "model_dir": "results/warcraft_shortest_path_combresnet",
    "num_cpus": 40,
    "num_epochs": 50,
    "problem_type": "warcraft_shortest_path",
    "ray_params": {},
    "save_visualizations": false,
    "seed": 2,
    "trainer_name": "DijkstraMAP",
    "trainer_params": {
        "batch_size": 70,
        "l1_regconst": 0.0,
        "lambda_val": 0.0,
        "lr_milestone_1": 30,
        "lr_milestone_2": 40,
        "mode": {
            "dpo": {
                "maximize": false
            },
            "loss_type": "fy",
            "nb_samples": 1,
            "objective_type": "dpo",
            "perturb_w": false,
            "perturb_w_prime": false,
            "temperature": 0.1,
            "type": 5,
            "use_gamma": false,
            "use_marginal": true
        },
        "model_params": {
            "arch_params": {},
            "model_name": "CombResnet18"
        },
        "neighbourhood_fn": "8-grid",
        "optimizer_name": "Adam",
        "optimizer_params": {
            "lr": 0.0005
        },
        "preload_batch": true,
        "use_cuda": true,
        "use_lr_scheduling": true
    },
    "use_ray": false
}
MAP-BACKPROP MODE: {
    "dpo": {
        "maximize": false
    },
    "loss_type": "fy",
    "nb_samples": 1,
    "objective_type": "dpo",
    "perturb_w": false,
    "perturb_w_prime": false,
    "temperature": 0.1,
    "type": 5,
    "use_gamma": false,
    "use_marginal": true
}
True
META: {'input_image_size': 144, 'output_features': 324, 'num_channels': 3, 'denormalize': <maprop.decorators.input_to_numpy object at 0x2b92029b9f28>}
EVALUATING
{'loss': 30.49200008392334, 'accuracy': 0.9076820874214172, 'perfect_match_accuracy': 0.006, 'cost_ratio_suggested_true': 2.6282600808143615, 'below_10.0_percent_acc': 0.095, 'below_1.0_percent_acc': 0.022, 'below_0.1_percent_acc': 0.019, 'below_0.01_percent_acc': 0.019, 'below_0.001_percent_acc': 0.017, 'below_0.0001_percent_acc': 0.017, 'valid_acc': 1.0}
Epoch: 1	Batch time (1.036164)	Data time (0.019307)	Cuda time (0.000003)	Loss (15.068200)	Accuracy (0.950438)
EVALUATING
{'loss': 11.848000001907348, 'accuracy': 0.9779907298088074, 'perfect_match_accuracy': 0.471, 'cost_ratio_suggested_true': 1.0624373984336852, 'below_10.0_percent_acc': 0.984, 'below_1.0_percent_acc': 0.773, 'below_0.1_percent_acc': 0.734, 'below_0.01_percent_acc': 0.734, 'below_0.001_percent_acc': 0.71, 'below_0.0001_percent_acc': 0.71, 'valid_acc': 1.0}
Epoch: 2	Batch time (1.021878)	Data time (0.018770)	Cuda time (0.000002)	Loss (11.179400)	Accuracy (0.962103)
EVALUATING
{'loss': 9.808000059127808, 'accuracy': 0.9821481329202651, 'perfect_match_accuracy': 0.56, 'cost_ratio_suggested_true': 1.0474222254753114, 'below_10.0_percent_acc': 0.993, 'below_1.0_percent_acc': 0.841, 'below_0.1_percent_acc': 0.806, 'below_0.01_percent_acc': 0.806, 'below_0.001_percent_acc': 0.783, 'below_0.0001_percent_acc': 0.782, 'valid_acc': 1.0}
Epoch: 3	Batch time (1.020840)	Data time (0.019290)	Cuda time (0.000003)	Loss (10.153700)	Accuracy (0.964758)
EVALUATING
{'loss': 9.980000076293946, 'accuracy': 0.982685175538063, 'perfect_match_accuracy': 0.583, 'cost_ratio_suggested_true': 1.0406211411952973, 'below_10.0_percent_acc': 0.994, 'below_1.0_percent_acc': 0.859, 'below_0.1_percent_acc': 0.826, 'below_0.01_percent_acc': 0.826, 'below_0.001_percent_acc': 0.798, 'below_0.0001_percent_acc': 0.797, 'valid_acc': 1.0}
Epoch: 4	Batch time (1.028352)	Data time (0.019712)	Cuda time (0.000002)	Loss (9.594000)	Accuracy (0.966519)
EVALUATING
{'loss': 10.390000114440918, 'accuracy': 0.9837006056308746, 'perfect_match_accuracy': 0.626, 'cost_ratio_suggested_true': 1.041052839756012, 'below_10.0_percent_acc': 0.993, 'below_1.0_percent_acc': 0.887, 'below_0.1_percent_acc': 0.86, 'below_0.01_percent_acc': 0.86, 'below_0.001_percent_acc': 0.832, 'below_0.0001_percent_acc': 0.831, 'valid_acc': 1.0}
Epoch: 5	Batch time (1.019045)	Data time (0.019235)	Cuda time (0.000003)	Loss (9.099900)	Accuracy (0.968022)
EVALUATING
{'loss': 9.472000141143798, 'accuracy': 0.9842438137531281, 'perfect_match_accuracy': 0.641, 'cost_ratio_suggested_true': 1.0376310229301453, 'below_10.0_percent_acc': 0.991, 'below_1.0_percent_acc': 0.878, 'below_0.1_percent_acc': 0.849, 'below_0.01_percent_acc': 0.849, 'below_0.001_percent_acc': 0.816, 'below_0.0001_percent_acc': 0.815, 'valid_acc': 1.0}
Epoch: 6	Batch time (1.003755)	Data time (0.018802)	Cuda time (0.000003)	Loss (8.829700)	Accuracy (0.968772)
EVALUATING
{'loss': 9.07900004386902, 'accuracy': 0.9848888766765594, 'perfect_match_accuracy': 0.622, 'cost_ratio_suggested_true': 1.0313599848747252, 'below_10.0_percent_acc': 0.998, 'below_1.0_percent_acc': 0.898, 'below_0.1_percent_acc': 0.86, 'below_0.01_percent_acc': 0.86, 'below_0.001_percent_acc': 0.837, 'below_0.0001_percent_acc': 0.837, 'valid_acc': 1.0}
Epoch: 7	Batch time (1.033083)	Data time (0.019175)	Cuda time (0.000003)	Loss (8.481600)	Accuracy (0.969688)
EVALUATING
{'loss': 9.03500009059906, 'accuracy': 0.9842685037851333, 'perfect_match_accuracy': 0.628, 'cost_ratio_suggested_true': 1.0371762835979461, 'below_10.0_percent_acc': 0.994, 'below_1.0_percent_acc': 0.877, 'below_0.1_percent_acc': 0.854, 'below_0.01_percent_acc': 0.854, 'below_0.001_percent_acc': 0.823, 'below_0.0001_percent_acc': 0.822, 'valid_acc': 1.0}
Epoch: 8	Batch time (1.022565)	Data time (0.019106)	Cuda time (0.000003)	Loss (8.171800)	Accuracy (0.970708)
EVALUATING
{'loss': 8.74599995136261, 'accuracy': 0.9852283835411072, 'perfect_match_accuracy': 0.641, 'cost_ratio_suggested_true': 1.039474437236786, 'below_10.0_percent_acc': 0.999, 'below_1.0_percent_acc': 0.885, 'below_0.1_percent_acc': 0.858, 'below_0.01_percent_acc': 0.858, 'below_0.001_percent_acc': 0.82, 'below_0.0001_percent_acc': 0.82, 'valid_acc': 1.0}
Epoch: 9	Batch time (1.021491)	Data time (0.019192)	Cuda time (0.000003)	Loss (7.977300)	Accuracy (0.971700)
EVALUATING
{'loss': 9.418000135421753, 'accuracy': 0.9826296174526215, 'perfect_match_accuracy': 0.623, 'cost_ratio_suggested_true': 1.0416953885555267, 'below_10.0_percent_acc': 0.987, 'below_1.0_percent_acc': 0.854, 'below_0.1_percent_acc': 0.825, 'below_0.01_percent_acc': 0.825, 'below_0.001_percent_acc': 0.806, 'below_0.0001_percent_acc': 0.805, 'valid_acc': 1.0}
Epoch: 10	Batch time (1.038465)	Data time (0.019238)	Cuda time (0.000002)	Loss (7.806500)	Accuracy (0.972411)
EVALUATING
{'loss': 8.29400004863739, 'accuracy': 0.9841049259901047, 'perfect_match_accuracy': 0.653, 'cost_ratio_suggested_true': 1.0446525859832763, 'below_10.0_percent_acc': 0.994, 'below_1.0_percent_acc': 0.874, 'below_0.1_percent_acc': 0.845, 'below_0.01_percent_acc': 0.845, 'below_0.001_percent_acc': 0.815, 'below_0.0001_percent_acc': 0.814, 'valid_acc': 1.0}
Epoch: 11	Batch time (1.025761)	Data time (0.019307)	Cuda time (0.000003)	Loss (7.637800)	Accuracy (0.972976)
EVALUATING
{'loss': 7.497000136375427, 'accuracy': 0.9857283866405487, 'perfect_match_accuracy': 0.648, 'cost_ratio_suggested_true': 1.029936044216156, 'below_10.0_percent_acc': 0.998, 'below_1.0_percent_acc': 0.912, 'below_0.1_percent_acc': 0.88, 'below_0.01_percent_acc': 0.88, 'below_0.001_percent_acc': 0.855, 'below_0.0001_percent_acc': 0.854, 'valid_acc': 1.0}
Epoch: 12	Batch time (1.028752)	Data time (0.020094)	Cuda time (0.000002)	Loss (7.550700)	Accuracy (0.973179)
EVALUATING
{'loss': 8.583000111579896, 'accuracy': 0.9841450446844101, 'perfect_match_accuracy': 0.618, 'cost_ratio_suggested_true': 1.0380335247516632, 'below_10.0_percent_acc': 0.998, 'below_1.0_percent_acc': 0.884, 'below_0.1_percent_acc': 0.847, 'below_0.01_percent_acc': 0.846, 'below_0.001_percent_acc': 0.809, 'below_0.0001_percent_acc': 0.809, 'valid_acc': 1.0}
Epoch: 13	Batch time (1.006565)	Data time (0.018764)	Cuda time (0.000003)	Loss (7.223600)	Accuracy (0.973765)
EVALUATING
{'loss': 7.732000102996826, 'accuracy': 0.984567893743515, 'perfect_match_accuracy': 0.645, 'cost_ratio_suggested_true': 1.0323546397686005, 'below_10.0_percent_acc': 0.998, 'below_1.0_percent_acc': 0.885, 'below_0.1_percent_acc': 0.852, 'below_0.01_percent_acc': 0.852, 'below_0.001_percent_acc': 0.83, 'below_0.0001_percent_acc': 0.83, 'valid_acc': 1.0}
Epoch: 14	Batch time (1.026606)	Data time (0.018764)	Cuda time (0.000002)	Loss (7.104700)	Accuracy (0.974218)
EVALUATING
{'loss': 7.6700001096725465, 'accuracy': 0.9858086377382278, 'perfect_match_accuracy': 0.651, 'cost_ratio_suggested_true': 1.0307754957675934, 'below_10.0_percent_acc': 0.998, 'below_1.0_percent_acc': 0.898, 'below_0.1_percent_acc': 0.864, 'below_0.01_percent_acc': 0.864, 'below_0.001_percent_acc': 0.827, 'below_0.0001_percent_acc': 0.827, 'valid_acc': 1.0}
Epoch: 15	Batch time (1.020205)	Data time (0.019375)	Cuda time (0.000003)	Loss (6.819500)	Accuracy (0.975563)
EVALUATING
{'loss': 7.9130000972747805, 'accuracy': 0.9867314624786377, 'perfect_match_accuracy': 0.673, 'cost_ratio_suggested_true': 1.028906786441803, 'below_10.0_percent_acc': 1.0, 'below_1.0_percent_acc': 0.919, 'below_0.1_percent_acc': 0.895, 'below_0.01_percent_acc': 0.895, 'below_0.001_percent_acc': 0.862, 'below_0.0001_percent_acc': 0.861, 'valid_acc': 1.0}
Epoch: 16	Batch time (1.038963)	Data time (0.019313)	Cuda time (0.000003)	Loss (6.695000)	Accuracy (0.975706)
EVALUATING
{'loss': 7.661000070571899, 'accuracy': 0.9868765348196029, 'perfect_match_accuracy': 0.673, 'cost_ratio_suggested_true': 1.0243779480457307, 'below_10.0_percent_acc': 1.0, 'below_1.0_percent_acc': 0.922, 'below_0.1_percent_acc': 0.895, 'below_0.01_percent_acc': 0.895, 'below_0.001_percent_acc': 0.872, 'below_0.0001_percent_acc': 0.872, 'valid_acc': 1.0}
Epoch: 17	Batch time (1.013765)	Data time (0.019114)	Cuda time (0.000003)	Loss (6.439100)	Accuracy (0.976313)
EVALUATING
{'loss': 7.572000036239624, 'accuracy': 0.9855833202600479, 'perfect_match_accuracy': 0.655, 'cost_ratio_suggested_true': 1.0373397731781007, 'below_10.0_percent_acc': 0.997, 'below_1.0_percent_acc': 0.898, 'below_0.1_percent_acc': 0.866, 'below_0.01_percent_acc': 0.866, 'below_0.001_percent_acc': 0.832, 'below_0.0001_percent_acc': 0.832, 'valid_acc': 1.0}
Epoch: 18	Batch time (1.015362)	Data time (0.019008)	Cuda time (0.000003)	Loss (6.468500)	Accuracy (0.976255)
EVALUATING
{'loss': 7.017000017166137, 'accuracy': 0.9866327095031738, 'perfect_match_accuracy': 0.67, 'cost_ratio_suggested_true': 1.0296111845970153, 'below_10.0_percent_acc': 0.998, 'below_1.0_percent_acc': 0.913, 'below_0.1_percent_acc': 0.882, 'below_0.01_percent_acc': 0.882, 'below_0.001_percent_acc': 0.842, 'below_0.0001_percent_acc': 0.841, 'valid_acc': 1.0}
Epoch: 19	Batch time (1.016286)	Data time (0.019244)	Cuda time (0.000002)	Loss (6.355500)	Accuracy (0.976564)
EVALUATING
{'loss': 7.130000052452087, 'accuracy': 0.9842870306968688, 'perfect_match_accuracy': 0.638, 'cost_ratio_suggested_true': 1.0366782426834107, 'below_10.0_percent_acc': 0.996, 'below_1.0_percent_acc': 0.878, 'below_0.1_percent_acc': 0.847, 'below_0.01_percent_acc': 0.847, 'below_0.001_percent_acc': 0.825, 'below_0.0001_percent_acc': 0.824, 'valid_acc': 1.0}
Epoch: 20	Batch time (1.024098)	Data time (0.018975)	Cuda time (0.000003)	Loss (6.243600)	Accuracy (0.977530)
EVALUATING
{'loss': 7.137000069618225, 'accuracy': 0.9859320855140686, 'perfect_match_accuracy': 0.668, 'cost_ratio_suggested_true': 1.0340753519535064, 'below_10.0_percent_acc': 1.0, 'below_1.0_percent_acc': 0.896, 'below_0.1_percent_acc': 0.866, 'below_0.01_percent_acc': 0.866, 'below_0.001_percent_acc': 0.828, 'below_0.0001_percent_acc': 0.828, 'valid_acc': 1.0}
Epoch: 21	Batch time (1.030346)	Data time (0.019630)	Cuda time (0.000003)	Loss (6.160400)	Accuracy (0.977972)
EVALUATING
{'loss': 7.293999996185303, 'accuracy': 0.9866635686159134, 'perfect_match_accuracy': 0.677, 'cost_ratio_suggested_true': 1.030901380777359, 'below_10.0_percent_acc': 1.0, 'below_1.0_percent_acc': 0.915, 'below_0.1_percent_acc': 0.884, 'below_0.01_percent_acc': 0.884, 'below_0.001_percent_acc': 0.852, 'below_0.0001_percent_acc': 0.852, 'valid_acc': 1.0}
Epoch: 22	Batch time (1.029678)	Data time (0.019448)	Cuda time (0.000002)	Loss (6.174800)	Accuracy (0.978359)
EVALUATING
{'loss': 7.335000066757202, 'accuracy': 0.9868456661701203, 'perfect_match_accuracy': 0.662, 'cost_ratio_suggested_true': 1.0292386543750762, 'below_10.0_percent_acc': 0.998, 'below_1.0_percent_acc': 0.919, 'below_0.1_percent_acc': 0.887, 'below_0.01_percent_acc': 0.887, 'below_0.001_percent_acc': 0.861, 'below_0.0001_percent_acc': 0.861, 'valid_acc': 1.0}
Epoch: 23	Batch time (1.025833)	Data time (0.019247)	Cuda time (0.000003)	Loss (5.941500)	Accuracy (0.978347)
EVALUATING
{'loss': 6.600000095367432, 'accuracy': 0.9872376435995102, 'perfect_match_accuracy': 0.676, 'cost_ratio_suggested_true': 1.0283159720897674, 'below_10.0_percent_acc': 0.999, 'below_1.0_percent_acc': 0.926, 'below_0.1_percent_acc': 0.898, 'below_0.01_percent_acc': 0.898, 'below_0.001_percent_acc': 0.856, 'below_0.0001_percent_acc': 0.856, 'valid_acc': 1.0}
Epoch: 24	Batch time (1.031068)	Data time (0.020040)	Cuda time (0.000002)	Loss (5.818600)	Accuracy (0.979222)
EVALUATING
{'loss': 6.7180000591278075, 'accuracy': 0.9862715947628021, 'perfect_match_accuracy': 0.659, 'cost_ratio_suggested_true': 1.0271043372154236, 'below_10.0_percent_acc': 1.0, 'below_1.0_percent_acc': 0.912, 'below_0.1_percent_acc': 0.885, 'below_0.01_percent_acc': 0.885, 'below_0.001_percent_acc': 0.853, 'below_0.0001_percent_acc': 0.853, 'valid_acc': 1.0}
Epoch: 25	Batch time (1.020340)	Data time (0.019540)	Cuda time (0.000003)	Loss (5.670300)	Accuracy (0.979157)
EVALUATING
{'loss': 6.898000044822693, 'accuracy': 0.9882839369773865, 'perfect_match_accuracy': 0.691, 'cost_ratio_suggested_true': 1.023053388595581, 'below_10.0_percent_acc': 0.999, 'below_1.0_percent_acc': 0.942, 'below_0.1_percent_acc': 0.916, 'below_0.01_percent_acc': 0.916, 'below_0.001_percent_acc': 0.88, 'below_0.0001_percent_acc': 0.88, 'valid_acc': 1.0}
Epoch: 26	Batch time (1.022617)	Data time (0.018924)	Cuda time (0.000003)	Loss (5.509000)	Accuracy (0.979840)
EVALUATING
{'loss': 6.734000043869019, 'accuracy': 0.986518502831459, 'perfect_match_accuracy': 0.659, 'cost_ratio_suggested_true': 1.0243834018707276, 'below_10.0_percent_acc': 0.999, 'below_1.0_percent_acc': 0.909, 'below_0.1_percent_acc': 0.882, 'below_0.01_percent_acc': 0.882, 'below_0.001_percent_acc': 0.849, 'below_0.0001_percent_acc': 0.849, 'valid_acc': 1.0}
Epoch: 27	Batch time (1.030555)	Data time (0.019496)	Cuda time (0.000003)	Loss (5.518500)	Accuracy (0.980123)
EVALUATING
{'loss': 6.4920000028610225, 'accuracy': 0.9875956737995147, 'perfect_match_accuracy': 0.686, 'cost_ratio_suggested_true': 1.0217261743545532, 'below_10.0_percent_acc': 1.0, 'below_1.0_percent_acc': 0.929, 'below_0.1_percent_acc': 0.905, 'below_0.01_percent_acc': 0.905, 'below_0.001_percent_acc': 0.875, 'below_0.0001_percent_acc': 0.875, 'valid_acc': 1.0}
Epoch: 28	Batch time (1.041086)	Data time (0.019540)	Cuda time (0.000003)	Loss (5.339900)	Accuracy (0.980348)
EVALUATING
{'loss': 6.58300009727478, 'accuracy': 0.9867592388391495, 'perfect_match_accuracy': 0.67, 'cost_ratio_suggested_true': 1.0268118727207183, 'below_10.0_percent_acc': 1.0, 'below_1.0_percent_acc': 0.908, 'below_0.1_percent_acc': 0.877, 'below_0.01_percent_acc': 0.877, 'below_0.001_percent_acc': 0.841, 'below_0.0001_percent_acc': 0.841, 'valid_acc': 1.0}
Epoch: 29	Batch time (1.015708)	Data time (0.019309)	Cuda time (0.000002)	Loss (5.376600)	Accuracy (0.980202)
EVALUATING
{'loss': 6.17900004863739, 'accuracy': 0.9872561556100845, 'perfect_match_accuracy': 0.687, 'cost_ratio_suggested_true': 1.0300384438037873, 'below_10.0_percent_acc': 0.999, 'below_1.0_percent_acc': 0.931, 'below_0.1_percent_acc': 0.902, 'below_0.01_percent_acc': 0.902, 'below_0.001_percent_acc': 0.856, 'below_0.0001_percent_acc': 0.856, 'valid_acc': 1.0}
Epoch: 30	Batch time (1.016601)	Data time (0.018976)	Cuda time (0.000002)	Loss (5.184200)	Accuracy (0.980711)
EVALUATING
{'loss': 6.137000093460083, 'accuracy': 0.9873981392383575, 'perfect_match_accuracy': 0.674, 'cost_ratio_suggested_true': 1.028668829202652, 'below_10.0_percent_acc': 0.999, 'below_1.0_percent_acc': 0.932, 'below_0.1_percent_acc': 0.904, 'below_0.01_percent_acc': 0.904, 'below_0.001_percent_acc': 0.863, 'below_0.0001_percent_acc': 0.863, 'valid_acc': 1.0}
Epoch: 31	Batch time (1.013018)	Data time (0.019136)	Cuda time (0.000002)	Loss (4.617800)	Accuracy (0.982373)
EVALUATING
{'loss': 6.2570000171661375, 'accuracy': 0.9887067764997483, 'perfect_match_accuracy': 0.709, 'cost_ratio_suggested_true': 1.0217863619327545, 'below_10.0_percent_acc': 1.0, 'below_1.0_percent_acc': 0.941, 'below_0.1_percent_acc': 0.915, 'below_0.01_percent_acc': 0.915, 'below_0.001_percent_acc': 0.88, 'below_0.0001_percent_acc': 0.88, 'valid_acc': 1.0}
Epoch: 32	Batch time (1.031867)	Data time (0.019173)	Cuda time (0.000002)	Loss (4.333100)	Accuracy (0.983078)
EVALUATING
{'loss': 6.1120000123977665, 'accuracy': 0.9883055466413498, 'perfect_match_accuracy': 0.706, 'cost_ratio_suggested_true': 1.022304469347, 'below_10.0_percent_acc': 1.0, 'below_1.0_percent_acc': 0.94, 'below_0.1_percent_acc': 0.913, 'below_0.01_percent_acc': 0.913, 'below_0.001_percent_acc': 0.877, 'below_0.0001_percent_acc': 0.877, 'valid_acc': 1.0}
Epoch: 33	Batch time (1.030206)	Data time (0.019446)	Cuda time (0.000003)	Loss (4.297300)	Accuracy (0.983228)
EVALUATING
{'loss': 6.041000032424927, 'accuracy': 0.9883703553676605, 'perfect_match_accuracy': 0.705, 'cost_ratio_suggested_true': 1.0230568480491637, 'below_10.0_percent_acc': 1.0, 'below_1.0_percent_acc': 0.938, 'below_0.1_percent_acc': 0.911, 'below_0.01_percent_acc': 0.911, 'below_0.001_percent_acc': 0.873, 'below_0.0001_percent_acc': 0.873, 'valid_acc': 1.0}
Epoch: 34	Batch time (1.020679)	Data time (0.019288)	Cuda time (0.000003)	Loss (4.150900)	Accuracy (0.983653)
EVALUATING
{'loss': 5.845000076293945, 'accuracy': 0.9884907191991806, 'perfect_match_accuracy': 0.707, 'cost_ratio_suggested_true': 1.021560378074646, 'below_10.0_percent_acc': 1.0, 'below_1.0_percent_acc': 0.942, 'below_0.1_percent_acc': 0.913, 'below_0.01_percent_acc': 0.913, 'below_0.001_percent_acc': 0.878, 'below_0.0001_percent_acc': 0.878, 'valid_acc': 1.0}
Epoch: 35	Batch time (1.032620)	Data time (0.021298)	Cuda time (0.000003)	Loss (4.042800)	Accuracy (0.984238)
EVALUATING
{'loss': 6.028999967575073, 'accuracy': 0.988611096739769, 'perfect_match_accuracy': 0.711, 'cost_ratio_suggested_true': 1.0210569071769715, 'below_10.0_percent_acc': 1.0, 'below_1.0_percent_acc': 0.943, 'below_0.1_percent_acc': 0.92, 'below_0.01_percent_acc': 0.92, 'below_0.001_percent_acc': 0.885, 'below_0.0001_percent_acc': 0.885, 'valid_acc': 1.0}
Epoch: 36	Batch time (1.024664)	Data time (0.018972)	Cuda time (0.000002)	Loss (4.004400)	Accuracy (0.984167)
EVALUATING
{'loss': 6.088000028133393, 'accuracy': 0.9884876435995102, 'perfect_match_accuracy': 0.708, 'cost_ratio_suggested_true': 1.0215583121776581, 'below_10.0_percent_acc': 1.0, 'below_1.0_percent_acc': 0.934, 'below_0.1_percent_acc': 0.912, 'below_0.01_percent_acc': 0.912, 'below_0.001_percent_acc': 0.876, 'below_0.0001_percent_acc': 0.876, 'valid_acc': 1.0}
Epoch: 37	Batch time (1.055213)	Data time (0.020042)	Cuda time (0.000002)	Loss (3.940300)	Accuracy (0.984361)
EVALUATING
{'loss': 6.095000038146972, 'accuracy': 0.9881203579902649, 'perfect_match_accuracy': 0.701, 'cost_ratio_suggested_true': 1.0236354660987854, 'below_10.0_percent_acc': 1.0, 'below_1.0_percent_acc': 0.933, 'below_0.1_percent_acc': 0.906, 'below_0.01_percent_acc': 0.906, 'below_0.001_percent_acc': 0.87, 'below_0.0001_percent_acc': 0.87, 'valid_acc': 1.0}
Epoch: 38	Batch time (1.005332)	Data time (0.018368)	Cuda time (0.000003)	Loss (4.021000)	Accuracy (0.984568)
EVALUATING
{'loss': 6.211000032424927, 'accuracy': 0.9885092395544052, 'perfect_match_accuracy': 0.71, 'cost_ratio_suggested_true': 1.022356756925583, 'below_10.0_percent_acc': 1.0, 'below_1.0_percent_acc': 0.936, 'below_0.1_percent_acc': 0.912, 'below_0.01_percent_acc': 0.912, 'below_0.001_percent_acc': 0.88, 'below_0.0001_percent_acc': 0.88, 'valid_acc': 1.0}
Epoch: 39	Batch time (1.041538)	Data time (0.019383)	Cuda time (0.000003)	Loss (3.875800)	Accuracy (0.984346)
EVALUATING
{'loss': 6.099999980926514, 'accuracy': 0.9883641785383225, 'perfect_match_accuracy': 0.704, 'cost_ratio_suggested_true': 1.0212061250209807, 'below_10.0_percent_acc': 1.0, 'below_1.0_percent_acc': 0.934, 'below_0.1_percent_acc': 0.908, 'below_0.01_percent_acc': 0.908, 'below_0.001_percent_acc': 0.881, 'below_0.0001_percent_acc': 0.881, 'valid_acc': 1.0}
Epoch: 40	Batch time (1.030650)	Data time (0.019790)	Cuda time (0.000002)	Loss (3.880900)	Accuracy (0.984710)
EVALUATING
{'loss': 5.792000026702881, 'accuracy': 0.9885648065805435, 'perfect_match_accuracy': 0.712, 'cost_ratio_suggested_true': 1.0214424574375152, 'below_10.0_percent_acc': 1.0, 'below_1.0_percent_acc': 0.935, 'below_0.1_percent_acc': 0.91, 'below_0.01_percent_acc': 0.91, 'below_0.001_percent_acc': 0.876, 'below_0.0001_percent_acc': 0.876, 'valid_acc': 1.0}
Epoch: 41	Batch time (1.050532)	Data time (0.021033)	Cuda time (0.000002)	Loss (3.882500)	Accuracy (0.984849)
EVALUATING
{'loss': 6.045999960899353, 'accuracy': 0.9886512237787247, 'perfect_match_accuracy': 0.715, 'cost_ratio_suggested_true': 1.0214187729358672, 'below_10.0_percent_acc': 1.0, 'below_1.0_percent_acc': 0.938, 'below_0.1_percent_acc': 0.914, 'below_0.01_percent_acc': 0.914, 'below_0.001_percent_acc': 0.881, 'below_0.0001_percent_acc': 0.881, 'valid_acc': 1.0}
Epoch: 42	Batch time (1.021555)	Data time (0.019360)	Cuda time (0.000003)	Loss (3.736200)	Accuracy (0.984948)
EVALUATING
{'loss': 5.876000051498413, 'accuracy': 0.9887654179334641, 'perfect_match_accuracy': 0.717, 'cost_ratio_suggested_true': 1.0210115122795105, 'below_10.0_percent_acc': 1.0, 'below_1.0_percent_acc': 0.938, 'below_0.1_percent_acc': 0.914, 'below_0.01_percent_acc': 0.914, 'below_0.001_percent_acc': 0.883, 'below_0.0001_percent_acc': 0.883, 'valid_acc': 1.0}
Epoch: 43	Batch time (1.016422)	Data time (0.019252)	Cuda time (0.000002)	Loss (3.711800)	Accuracy (0.984654)
EVALUATING
{'loss': 6.250999999046326, 'accuracy': 0.9887036925554276, 'perfect_match_accuracy': 0.716, 'cost_ratio_suggested_true': 1.021751390695572, 'below_10.0_percent_acc': 1.0, 'below_1.0_percent_acc': 0.938, 'below_0.1_percent_acc': 0.916, 'below_0.01_percent_acc': 0.916, 'below_0.001_percent_acc': 0.884, 'below_0.0001_percent_acc': 0.884, 'valid_acc': 1.0}
Epoch: 44	Batch time (1.010763)	Data time (0.019245)	Cuda time (0.000002)	Loss (3.754000)	Accuracy (0.984772)
EVALUATING
{'loss': 5.806999983787537, 'accuracy': 0.988820976614952, 'perfect_match_accuracy': 0.718, 'cost_ratio_suggested_true': 1.0211515307426453, 'below_10.0_percent_acc': 1.0, 'below_1.0_percent_acc': 0.939, 'below_0.1_percent_acc': 0.916, 'below_0.01_percent_acc': 0.916, 'below_0.001_percent_acc': 0.884, 'below_0.0001_percent_acc': 0.884, 'valid_acc': 1.0}
Epoch: 45	Batch time (1.037773)	Data time (0.019213)	Cuda time (0.000002)	Loss (3.706600)	Accuracy (0.985161)
EVALUATING
{'loss': 5.994000029563904, 'accuracy': 0.988614187836647, 'perfect_match_accuracy': 0.715, 'cost_ratio_suggested_true': 1.0229907417297364, 'below_10.0_percent_acc': 1.0, 'below_1.0_percent_acc': 0.936, 'below_0.1_percent_acc': 0.913, 'below_0.01_percent_acc': 0.913, 'below_0.001_percent_acc': 0.88, 'below_0.0001_percent_acc': 0.88, 'valid_acc': 1.0}
Epoch: 46	Batch time (1.019509)	Data time (0.019071)	Cuda time (0.000003)	Loss (3.762000)	Accuracy (0.984860)
EVALUATING
{'loss': 5.889000024795532, 'accuracy': 0.9887438136339187, 'perfect_match_accuracy': 0.716, 'cost_ratio_suggested_true': 1.0225468361377716, 'below_10.0_percent_acc': 1.0, 'below_1.0_percent_acc': 0.938, 'below_0.1_percent_acc': 0.915, 'below_0.01_percent_acc': 0.915, 'below_0.001_percent_acc': 0.882, 'below_0.0001_percent_acc': 0.882, 'valid_acc': 1.0}
Epoch: 47	Batch time (1.023251)	Data time (0.020151)	Cuda time (0.000003)	Loss (3.583200)	Accuracy (0.985367)
EVALUATING
{'loss': 5.767000045776367, 'accuracy': 0.9886789965629578, 'perfect_match_accuracy': 0.714, 'cost_ratio_suggested_true': 1.0236878871917725, 'below_10.0_percent_acc': 1.0, 'below_1.0_percent_acc': 0.937, 'below_0.1_percent_acc': 0.912, 'below_0.01_percent_acc': 0.912, 'below_0.001_percent_acc': 0.879, 'below_0.0001_percent_acc': 0.879, 'valid_acc': 1.0}
Epoch: 48	Batch time (1.008871)	Data time (0.019275)	Cuda time (0.000003)	Loss (3.745900)	Accuracy (0.984883)
EVALUATING
{'loss': 5.633000071048737, 'accuracy': 0.9887468928098678, 'perfect_match_accuracy': 0.717, 'cost_ratio_suggested_true': 1.0234975957870482, 'below_10.0_percent_acc': 1.0, 'below_1.0_percent_acc': 0.937, 'below_0.1_percent_acc': 0.912, 'below_0.01_percent_acc': 0.912, 'below_0.001_percent_acc': 0.88, 'below_0.0001_percent_acc': 0.88, 'valid_acc': 1.0}
Epoch: 49	Batch time (0.974803)	Data time (0.017967)	Cuda time (0.000002)	Loss (3.644900)	Accuracy (0.985259)
EVALUATING
{'loss': 5.476999931335449, 'accuracy': 0.988524677157402, 'perfect_match_accuracy': 0.712, 'cost_ratio_suggested_true': 1.0233309090137481, 'below_10.0_percent_acc': 1.0, 'below_1.0_percent_acc': 0.936, 'below_0.1_percent_acc': 0.912, 'below_0.01_percent_acc': 0.912, 'below_0.001_percent_acc': 0.878, 'below_0.0001_percent_acc': 0.878, 'valid_acc': 1.0}
Epoch: 50	Batch time (1.012367)	Data time (0.018804)	Cuda time (0.000003)	Loss (3.709800)	Accuracy (0.984959)
EVALUATING
{'loss': 6.241000080108643, 'accuracy': 0.9886326986551285, 'perfect_match_accuracy': 0.716, 'cost_ratio_suggested_true': 1.0237166225910186, 'below_10.0_percent_acc': 1.0, 'below_1.0_percent_acc': 0.937, 'below_0.1_percent_acc': 0.912, 'below_0.01_percent_acc': 0.912, 'below_0.001_percent_acc': 0.88, 'below_0.0001_percent_acc': 0.88, 'valid_acc': 1.0}
