No existing entry for trainer_params.mode.type
{}[type] = <class 'int'>(5)
No existing entry for trainer_params.mode.objective_type
{'type': 5}[objective_type] = <class 'str'>(dpo)
No existing entry for trainer_params.mode.use_marginal
{'type': 5, 'objective_type': 'dpo'}[use_marginal] = <class 'bool'>(True)
No existing entry for trainer_params.mode.nb_samples
{'type': 5, 'objective_type': 'dpo', 'use_marginal': True}[nb_samples] = <class 'int'>(1)
No existing entry for trainer_params.mode.temperature
{'type': 5, 'objective_type': 'dpo', 'use_marginal': True, 'nb_samples': 1}[temperature] = <class 'float'>(0.01)
No existing entry for trainer_params.mode.use_gamma
{'type': 5, 'objective_type': 'dpo', 'use_marginal': True, 'nb_samples': 1, 'temperature': 0.01}[use_gamma] = <class 'bool'>(False)
No existing entry for trainer_params.mode.loss_type
{'type': 5, 'objective_type': 'dpo', 'use_marginal': True, 'nb_samples': 1, 'temperature': 0.01, 'use_gamma': False}[loss_type] = <class 'str'>(fy)
No existing entry for trainer_params.mode.perturb_w
{'type': 5, 'objective_type': 'dpo', 'use_marginal': True, 'nb_samples': 1, 'temperature': 0.01, 'use_gamma': False, 'loss_type': 'fy'}[perturb_w] = <class 'bool'>(False)
No existing entry for trainer_params.mode.perturb_w_prime
{'type': 5, 'objective_type': 'dpo', 'use_marginal': True, 'nb_samples': 1, 'temperature': 0.01, 'use_gamma': False, 'loss_type': 'fy', 'perturb_w': False}[perturb_w_prime] = <class 'bool'>(False)
{'batch_size': 70, 'l1_regconst': 0.0, 'lambda_val': 20.0, 'lr_milestone_1': 30, 'lr_milestone_2': 40, 'model_params': {'arch_params': {}, 'model_name': 'CombResnet18'}, 'neighbourhood_fn': '8-grid', 'optimizer_name': 'Adam', 'optimizer_params': {'lr': 0.0005}, 'preload_batch': True, 'use_cuda': True, 'use_lr_scheduling': True, 'mode': {'type': 5, 'objective_type': 'dpo', 'use_marginal': True, 'nb_samples': 1, 'temperature': 0.01, 'use_gamma': False, 'loss_type': 'fy', 'perturb_w': False, 'perturb_w_prime': False}}[lambda_val] = <class 'float'>(0.0)
No existing entry for trainer_params.mode.dpo.maximize
{}[maximize] = <class 'bool'>(False)
{'data_dir': 'data/warcraft_shortest_path/12x12', 'evaluate_with_extra': False, 'normalize': True, 'use_local_path': False, 'use_test_set': True}[data_dir] = <class 'str'>(data/warcraft_shortest_path/12x12)
{'evaluate_every': 5, 'loader_params': {'data_dir': 'data/warcraft_shortest_path/12x12', 'evaluate_with_extra': False, 'normalize': True, 'use_local_path': False, 'use_test_set': True}, 'model_dir': 'results/warcraft_shortest_path_combresnet', 'num_cpus': 40, 'num_epochs': 50, 'problem_type': 'warcraft_shortest_path', 'ray_params': {}, 'save_visualizations': False, 'seed': 1, 'trainer_name': 'DijkstraMAP', 'trainer_params': {'batch_size': 70, 'l1_regconst': 0.0, 'lambda_val': 0.0, 'lr_milestone_1': 30, 'lr_milestone_2': 40, 'model_params': {'arch_params': {}, 'model_name': 'CombResnet18'}, 'neighbourhood_fn': '8-grid', 'optimizer_name': 'Adam', 'optimizer_params': {'lr': 0.0005}, 'preload_batch': True, 'use_cuda': True, 'use_lr_scheduling': True, 'mode': {'type': 5, 'objective_type': 'dpo', 'use_marginal': True, 'nb_samples': 1, 'temperature': 0.01, 'use_gamma': False, 'loss_type': 'fy', 'perturb_w': False, 'perturb_w_prime': False, 'dpo': {'maximize': False}}}, 'use_ray': True}[seed] = <class 'int'>(3)
{'evaluate_every': 5, 'loader_params': {'data_dir': 'data/warcraft_shortest_path/12x12', 'evaluate_with_extra': False, 'normalize': True, 'use_local_path': False, 'use_test_set': True}, 'model_dir': 'results/warcraft_shortest_path_combresnet', 'num_cpus': 40, 'num_epochs': 50, 'problem_type': 'warcraft_shortest_path', 'ray_params': {}, 'save_visualizations': False, 'seed': 3, 'trainer_name': 'DijkstraMAP', 'trainer_params': {'batch_size': 70, 'l1_regconst': 0.0, 'lambda_val': 0.0, 'lr_milestone_1': 30, 'lr_milestone_2': 40, 'model_params': {'arch_params': {}, 'model_name': 'CombResnet18'}, 'neighbourhood_fn': '8-grid', 'optimizer_name': 'Adam', 'optimizer_params': {'lr': 0.0005}, 'preload_batch': True, 'use_cuda': True, 'use_lr_scheduling': True, 'mode': {'type': 5, 'objective_type': 'dpo', 'use_marginal': True, 'nb_samples': 1, 'temperature': 0.01, 'use_gamma': False, 'loss_type': 'fy', 'perturb_w': False, 'perturb_w_prime': False, 'dpo': {'maximize': False}}}, 'use_ray': True}[evaluate_every] = <class 'int'>(1)
{'evaluate_every': 1, 'loader_params': {'data_dir': 'data/warcraft_shortest_path/12x12', 'evaluate_with_extra': False, 'normalize': True, 'use_local_path': False, 'use_test_set': True}, 'model_dir': 'results/warcraft_shortest_path_combresnet', 'num_cpus': 40, 'num_epochs': 50, 'problem_type': 'warcraft_shortest_path', 'ray_params': {}, 'save_visualizations': False, 'seed': 3, 'trainer_name': 'DijkstraMAP', 'trainer_params': {'batch_size': 70, 'l1_regconst': 0.0, 'lambda_val': 0.0, 'lr_milestone_1': 30, 'lr_milestone_2': 40, 'model_params': {'arch_params': {}, 'model_name': 'CombResnet18'}, 'neighbourhood_fn': '8-grid', 'optimizer_name': 'Adam', 'optimizer_params': {'lr': 0.0005}, 'preload_batch': True, 'use_cuda': True, 'use_lr_scheduling': True, 'mode': {'type': 5, 'objective_type': 'dpo', 'use_marginal': True, 'nb_samples': 1, 'temperature': 0.01, 'use_gamma': False, 'loss_type': 'fy', 'perturb_w': False, 'perturb_w_prime': False, 'dpo': {'maximize': False}}}, 'use_ray': True}[use_ray] = <class 'bool'>(False)
No existing entry for trainer_params.mode.type
{}[type] = <class 'int'>(5)
No existing entry for trainer_params.mode.objective_type
{'type': 5}[objective_type] = <class 'str'>(dpo)
No existing entry for trainer_params.mode.use_marginal
{'type': 5, 'objective_type': 'dpo'}[use_marginal] = <class 'bool'>(True)
No existing entry for trainer_params.mode.nb_samples
{'type': 5, 'objective_type': 'dpo', 'use_marginal': True}[nb_samples] = <class 'int'>(1)
No existing entry for trainer_params.mode.temperature
{'type': 5, 'objective_type': 'dpo', 'use_marginal': True, 'nb_samples': 1}[temperature] = <class 'float'>(0.01)
No existing entry for trainer_params.mode.use_gamma
{'type': 5, 'objective_type': 'dpo', 'use_marginal': True, 'nb_samples': 1, 'temperature': 0.01}[use_gamma] = <class 'bool'>(False)
No existing entry for trainer_params.mode.loss_type
{'type': 5, 'objective_type': 'dpo', 'use_marginal': True, 'nb_samples': 1, 'temperature': 0.01, 'use_gamma': False}[loss_type] = <class 'str'>(fy)
No existing entry for trainer_params.mode.perturb_w
{'type': 5, 'objective_type': 'dpo', 'use_marginal': True, 'nb_samples': 1, 'temperature': 0.01, 'use_gamma': False, 'loss_type': 'fy'}[perturb_w] = <class 'bool'>(False)
No existing entry for trainer_params.mode.perturb_w_prime
{'type': 5, 'objective_type': 'dpo', 'use_marginal': True, 'nb_samples': 1, 'temperature': 0.01, 'use_gamma': False, 'loss_type': 'fy', 'perturb_w': False}[perturb_w_prime] = <class 'bool'>(False)
{'batch_size': 70, 'l1_regconst': 0.0, 'lambda_val': 20.0, 'lr_milestone_1': 30, 'lr_milestone_2': 40, 'model_params': {'arch_params': {}, 'model_name': 'CombResnet18'}, 'neighbourhood_fn': '8-grid', 'optimizer_name': 'Adam', 'optimizer_params': {'lr': 0.0005}, 'preload_batch': True, 'use_cuda': True, 'use_lr_scheduling': True, 'mode': {'type': 5, 'objective_type': 'dpo', 'use_marginal': True, 'nb_samples': 1, 'temperature': 0.01, 'use_gamma': False, 'loss_type': 'fy', 'perturb_w': False, 'perturb_w_prime': False}}[lambda_val] = <class 'float'>(0.0)
No existing entry for trainer_params.mode.dpo.maximize
{}[maximize] = <class 'bool'>(False)
{'data_dir': 'data/warcraft_shortest_path/12x12', 'evaluate_with_extra': False, 'normalize': True, 'use_local_path': False, 'use_test_set': True}[data_dir] = <class 'str'>(data/warcraft_shortest_path/12x12)
{'evaluate_every': 5, 'loader_params': {'data_dir': 'data/warcraft_shortest_path/12x12', 'evaluate_with_extra': False, 'normalize': True, 'use_local_path': False, 'use_test_set': True}, 'model_dir': 'results/warcraft_shortest_path_combresnet', 'num_cpus': 40, 'num_epochs': 50, 'problem_type': 'warcraft_shortest_path', 'ray_params': {}, 'save_visualizations': False, 'seed': 1, 'trainer_name': 'DijkstraMAP', 'trainer_params': {'batch_size': 70, 'l1_regconst': 0.0, 'lambda_val': 0.0, 'lr_milestone_1': 30, 'lr_milestone_2': 40, 'model_params': {'arch_params': {}, 'model_name': 'CombResnet18'}, 'neighbourhood_fn': '8-grid', 'optimizer_name': 'Adam', 'optimizer_params': {'lr': 0.0005}, 'preload_batch': True, 'use_cuda': True, 'use_lr_scheduling': True, 'mode': {'type': 5, 'objective_type': 'dpo', 'use_marginal': True, 'nb_samples': 1, 'temperature': 0.01, 'use_gamma': False, 'loss_type': 'fy', 'perturb_w': False, 'perturb_w_prime': False, 'dpo': {'maximize': False}}}, 'use_ray': True}[seed] = <class 'int'>(3)
{'evaluate_every': 5, 'loader_params': {'data_dir': 'data/warcraft_shortest_path/12x12', 'evaluate_with_extra': False, 'normalize': True, 'use_local_path': False, 'use_test_set': True}, 'model_dir': 'results/warcraft_shortest_path_combresnet', 'num_cpus': 40, 'num_epochs': 50, 'problem_type': 'warcraft_shortest_path', 'ray_params': {}, 'save_visualizations': False, 'seed': 3, 'trainer_name': 'DijkstraMAP', 'trainer_params': {'batch_size': 70, 'l1_regconst': 0.0, 'lambda_val': 0.0, 'lr_milestone_1': 30, 'lr_milestone_2': 40, 'model_params': {'arch_params': {}, 'model_name': 'CombResnet18'}, 'neighbourhood_fn': '8-grid', 'optimizer_name': 'Adam', 'optimizer_params': {'lr': 0.0005}, 'preload_batch': True, 'use_cuda': True, 'use_lr_scheduling': True, 'mode': {'type': 5, 'objective_type': 'dpo', 'use_marginal': True, 'nb_samples': 1, 'temperature': 0.01, 'use_gamma': False, 'loss_type': 'fy', 'perturb_w': False, 'perturb_w_prime': False, 'dpo': {'maximize': False}}}, 'use_ray': True}[evaluate_every] = <class 'int'>(1)
{'evaluate_every': 1, 'loader_params': {'data_dir': 'data/warcraft_shortest_path/12x12', 'evaluate_with_extra': False, 'normalize': True, 'use_local_path': False, 'use_test_set': True}, 'model_dir': 'results/warcraft_shortest_path_combresnet', 'num_cpus': 40, 'num_epochs': 50, 'problem_type': 'warcraft_shortest_path', 'ray_params': {}, 'save_visualizations': False, 'seed': 3, 'trainer_name': 'DijkstraMAP', 'trainer_params': {'batch_size': 70, 'l1_regconst': 0.0, 'lambda_val': 0.0, 'lr_milestone_1': 30, 'lr_milestone_2': 40, 'model_params': {'arch_params': {}, 'model_name': 'CombResnet18'}, 'neighbourhood_fn': '8-grid', 'optimizer_name': 'Adam', 'optimizer_params': {'lr': 0.0005}, 'preload_batch': True, 'use_cuda': True, 'use_lr_scheduling': True, 'mode': {'type': 5, 'objective_type': 'dpo', 'use_marginal': True, 'nb_samples': 1, 'temperature': 0.01, 'use_gamma': False, 'loss_type': 'fy', 'perturb_w': False, 'perturb_w_prime': False, 'dpo': {'maximize': False}}}, 'use_ray': True}[use_ray] = <class 'bool'>(False)
{
    "evaluate_every": 1,
    "loader_params": {
        "data_dir": "data/warcraft_shortest_path/12x12",
        "evaluate_with_extra": false,
        "normalize": true,
        "use_local_path": false,
        "use_test_set": true
    },
    "model_dir": "results/warcraft_shortest_path_combresnet",
    "num_cpus": 40,
    "num_epochs": 50,
    "problem_type": "warcraft_shortest_path",
    "ray_params": {},
    "save_visualizations": false,
    "seed": 3,
    "trainer_name": "DijkstraMAP",
    "trainer_params": {
        "batch_size": 70,
        "l1_regconst": 0.0,
        "lambda_val": 0.0,
        "lr_milestone_1": 30,
        "lr_milestone_2": 40,
        "mode": {
            "dpo": {
                "maximize": false
            },
            "loss_type": "fy",
            "nb_samples": 1,
            "objective_type": "dpo",
            "perturb_w": false,
            "perturb_w_prime": false,
            "temperature": 0.01,
            "type": 5,
            "use_gamma": false,
            "use_marginal": true
        },
        "model_params": {
            "arch_params": {},
            "model_name": "CombResnet18"
        },
        "neighbourhood_fn": "8-grid",
        "optimizer_name": "Adam",
        "optimizer_params": {
            "lr": 0.0005
        },
        "preload_batch": true,
        "use_cuda": true,
        "use_lr_scheduling": true
    },
    "use_ray": false
}
MAP-BACKPROP MODE: {
    "dpo": {
        "maximize": false
    },
    "loss_type": "fy",
    "nb_samples": 1,
    "objective_type": "dpo",
    "perturb_w": false,
    "perturb_w_prime": false,
    "temperature": 0.01,
    "type": 5,
    "use_gamma": false,
    "use_marginal": true
}
True
META: {'input_image_size': 96, 'output_features': 144, 'num_channels': 3, 'denormalize': <maprop.decorators.input_to_numpy object at 0x2ae3f8965f28>}
EVALUATING
{'loss': 17.569999942779543, 'accuracy': 0.8780694502592087, 'perfect_match_accuracy': 0.032, 'cost_ratio_suggested_true': 2.5201553201675413, 'below_10.0_percent_acc': 0.114, 'below_1.0_percent_acc': 0.053, 'below_0.1_percent_acc': 0.051, 'below_0.01_percent_acc': 0.051, 'below_0.001_percent_acc': 0.036, 'below_0.0001_percent_acc': 0.036, 'valid_acc': 1.0}
Epoch: 1	Batch time (0.512643)	Data time (0.007592)	Cuda time (0.000001)	Loss (6.491900)	Accuracy (0.954826)
EVALUATING
{'loss': 4.210000047683716, 'accuracy': 0.9714930754899979, 'perfect_match_accuracy': 0.553, 'cost_ratio_suggested_true': 1.0683243656158448, 'below_10.0_percent_acc': 0.98, 'below_1.0_percent_acc': 0.824, 'below_0.1_percent_acc': 0.804, 'below_0.01_percent_acc': 0.804, 'below_0.001_percent_acc': 0.775, 'below_0.0001_percent_acc': 0.775, 'valid_acc': 1.0}
Epoch: 2	Batch time (0.500139)	Data time (0.009124)	Cuda time (0.000002)	Loss (3.380900)	Accuracy (0.976315)
EVALUATING
{'loss': 3.0860000038146973, 'accuracy': 0.9792361301183701, 'perfect_match_accuracy': 0.693, 'cost_ratio_suggested_true': 1.0571580302715302, 'below_10.0_percent_acc': 0.992, 'below_1.0_percent_acc': 0.904, 'below_0.1_percent_acc': 0.893, 'below_0.01_percent_acc': 0.893, 'below_0.001_percent_acc': 0.872, 'below_0.0001_percent_acc': 0.872, 'valid_acc': 1.0}
Epoch: 3	Batch time (0.484806)	Data time (0.007123)	Cuda time (0.000001)	Loss (2.755600)	Accuracy (0.980680)
EVALUATING
{'loss': 2.9289999759197234, 'accuracy': 0.9806736290454865, 'perfect_match_accuracy': 0.687, 'cost_ratio_suggested_true': 1.0518883347511292, 'below_10.0_percent_acc': 1.0, 'below_1.0_percent_acc': 0.904, 'below_0.1_percent_acc': 0.881, 'below_0.01_percent_acc': 0.881, 'below_0.001_percent_acc': 0.857, 'below_0.0001_percent_acc': 0.857, 'valid_acc': 1.0}
Epoch: 4	Batch time (0.490820)	Data time (0.007972)	Cuda time (0.000001)	Loss (2.288800)	Accuracy (0.983814)
EVALUATING
{'loss': 2.375000013113022, 'accuracy': 0.9839652901887894, 'perfect_match_accuracy': 0.752, 'cost_ratio_suggested_true': 1.0312504541873933, 'below_10.0_percent_acc': 0.997, 'below_1.0_percent_acc': 0.939, 'below_0.1_percent_acc': 0.928, 'below_0.01_percent_acc': 0.928, 'below_0.001_percent_acc': 0.902, 'below_0.0001_percent_acc': 0.902, 'valid_acc': 1.0}
Epoch: 5	Batch time (0.505079)	Data time (0.007644)	Cuda time (0.000001)	Loss (2.069800)	Accuracy (0.984674)
EVALUATING
{'loss': 2.2770000314712524, 'accuracy': 0.9857291746139526, 'perfect_match_accuracy': 0.768, 'cost_ratio_suggested_true': 1.03924303650856, 'below_10.0_percent_acc': 1.0, 'below_1.0_percent_acc': 0.963, 'below_0.1_percent_acc': 0.956, 'below_0.01_percent_acc': 0.956, 'below_0.001_percent_acc': 0.921, 'below_0.0001_percent_acc': 0.921, 'valid_acc': 1.0}
Epoch: 6	Batch time (0.492235)	Data time (0.008326)	Cuda time (0.000001)	Loss (1.920200)	Accuracy (0.985593)
EVALUATING
{'loss': 2.117000006437302, 'accuracy': 0.9868194556236267, 'perfect_match_accuracy': 0.79, 'cost_ratio_suggested_true': 1.0315471911430358, 'below_10.0_percent_acc': 1.0, 'below_1.0_percent_acc': 0.949, 'below_0.1_percent_acc': 0.936, 'below_0.01_percent_acc': 0.936, 'below_0.001_percent_acc': 0.909, 'below_0.0001_percent_acc': 0.909, 'valid_acc': 1.0}
Epoch: 7	Batch time (0.498670)	Data time (0.009126)	Cuda time (0.000001)	Loss (1.852000)	Accuracy (0.986624)
EVALUATING
{'loss': 2.26, 'accuracy': 0.9851527923345565, 'perfect_match_accuracy': 0.759, 'cost_ratio_suggested_true': 1.0420927917957306, 'below_10.0_percent_acc': 0.999, 'below_1.0_percent_acc': 0.963, 'below_0.1_percent_acc': 0.953, 'below_0.01_percent_acc': 0.953, 'below_0.001_percent_acc': 0.926, 'below_0.0001_percent_acc': 0.926, 'valid_acc': 1.0}
Epoch: 8	Batch time (0.506487)	Data time (0.008179)	Cuda time (0.000001)	Loss (1.760800)	Accuracy (0.987215)
EVALUATING
{'loss': 2.219000004529953, 'accuracy': 0.9855347269773483, 'perfect_match_accuracy': 0.778, 'cost_ratio_suggested_true': 1.0277719366550446, 'below_10.0_percent_acc': 0.999, 'below_1.0_percent_acc': 0.945, 'below_0.1_percent_acc': 0.934, 'below_0.01_percent_acc': 0.934, 'below_0.001_percent_acc': 0.916, 'below_0.0001_percent_acc': 0.916, 'valid_acc': 1.0}
Epoch: 9	Batch time (0.499671)	Data time (0.008527)	Cuda time (0.000002)	Loss (1.589100)	Accuracy (0.988193)
EVALUATING
{'loss': 2.055, 'accuracy': 0.9869097250699997, 'perfect_match_accuracy': 0.798, 'cost_ratio_suggested_true': 1.0210794770717622, 'below_10.0_percent_acc': 1.0, 'below_1.0_percent_acc': 0.967, 'below_0.1_percent_acc': 0.958, 'below_0.01_percent_acc': 0.958, 'below_0.001_percent_acc': 0.935, 'below_0.0001_percent_acc': 0.935, 'valid_acc': 1.0}
Epoch: 10	Batch time (0.495811)	Data time (0.008193)	Cuda time (0.000001)	Loss (1.520100)	Accuracy (0.988849)
EVALUATING
{'loss': 1.943000030517578, 'accuracy': 0.9868125140666961, 'perfect_match_accuracy': 0.799, 'cost_ratio_suggested_true': 1.0300041735172272, 'below_10.0_percent_acc': 0.999, 'below_1.0_percent_acc': 0.965, 'below_0.1_percent_acc': 0.952, 'below_0.01_percent_acc': 0.952, 'below_0.001_percent_acc': 0.929, 'below_0.0001_percent_acc': 0.929, 'valid_acc': 1.0}
Epoch: 11	Batch time (0.499528)	Data time (0.008242)	Cuda time (0.000002)	Loss (1.443700)	Accuracy (0.989422)
EVALUATING
{'loss': 1.849000005722046, 'accuracy': 0.9881597328186035, 'perfect_match_accuracy': 0.808, 'cost_ratio_suggested_true': 1.0238322615623474, 'below_10.0_percent_acc': 0.999, 'below_1.0_percent_acc': 0.964, 'below_0.1_percent_acc': 0.951, 'below_0.01_percent_acc': 0.951, 'below_0.001_percent_acc': 0.923, 'below_0.0001_percent_acc': 0.923, 'valid_acc': 1.0}
Epoch: 12	Batch time (0.497610)	Data time (0.008835)	Cuda time (0.000001)	Loss (1.482300)	Accuracy (0.988545)
EVALUATING
{'loss': 2.0650000274181366, 'accuracy': 0.9868611246347427, 'perfect_match_accuracy': 0.799, 'cost_ratio_suggested_true': 1.0267967438697816, 'below_10.0_percent_acc': 1.0, 'below_1.0_percent_acc': 0.954, 'below_0.1_percent_acc': 0.94, 'below_0.01_percent_acc': 0.94, 'below_0.001_percent_acc': 0.924, 'below_0.0001_percent_acc': 0.924, 'valid_acc': 1.0}
Epoch: 13	Batch time (0.499491)	Data time (0.008678)	Cuda time (0.000001)	Loss (1.337100)	Accuracy (0.989703)
EVALUATING
{'loss': 1.709999982714653, 'accuracy': 0.9886875146627426, 'perfect_match_accuracy': 0.814, 'cost_ratio_suggested_true': 1.0285235154628753, 'below_10.0_percent_acc': 0.999, 'below_1.0_percent_acc': 0.968, 'below_0.1_percent_acc': 0.961, 'below_0.01_percent_acc': 0.961, 'below_0.001_percent_acc': 0.932, 'below_0.0001_percent_acc': 0.932, 'valid_acc': 1.0}
Epoch: 14	Batch time (0.481752)	Data time (0.007914)	Cuda time (0.000001)	Loss (1.346500)	Accuracy (0.989934)
EVALUATING
{'loss': 2.013999996185303, 'accuracy': 0.9873819589614868, 'perfect_match_accuracy': 0.811, 'cost_ratio_suggested_true': 1.0323588812351228, 'below_10.0_percent_acc': 1.0, 'below_1.0_percent_acc': 0.967, 'below_0.1_percent_acc': 0.957, 'below_0.01_percent_acc': 0.957, 'below_0.001_percent_acc': 0.934, 'below_0.0001_percent_acc': 0.934, 'valid_acc': 1.0}
Epoch: 15	Batch time (0.509046)	Data time (0.007782)	Cuda time (0.000001)	Loss (1.307000)	Accuracy (0.990201)
EVALUATING
{'loss': 2.0030000019073486, 'accuracy': 0.9872708517313004, 'perfect_match_accuracy': 0.821, 'cost_ratio_suggested_true': 1.0271703112125397, 'below_10.0_percent_acc': 1.0, 'below_1.0_percent_acc': 0.968, 'below_0.1_percent_acc': 0.958, 'below_0.01_percent_acc': 0.958, 'below_0.001_percent_acc': 0.937, 'below_0.0001_percent_acc': 0.937, 'valid_acc': 1.0}
Epoch: 16	Batch time (0.491485)	Data time (0.008966)	Cuda time (0.000002)	Loss (1.235100)	Accuracy (0.990524)
EVALUATING
{'loss': 1.8880000025033952, 'accuracy': 0.9880972343683243, 'perfect_match_accuracy': 0.825, 'cost_ratio_suggested_true': 1.033516080379486, 'below_10.0_percent_acc': 1.0, 'below_1.0_percent_acc': 0.97, 'below_0.1_percent_acc': 0.958, 'below_0.01_percent_acc': 0.958, 'below_0.001_percent_acc': 0.936, 'below_0.0001_percent_acc': 0.936, 'valid_acc': 1.0}
Epoch: 17	Batch time (0.501667)	Data time (0.008889)	Cuda time (0.000001)	Loss (1.328900)	Accuracy (0.990094)
EVALUATING
{'loss': 1.767000026702881, 'accuracy': 0.989027795791626, 'perfect_match_accuracy': 0.829, 'cost_ratio_suggested_true': 1.0249060273170472, 'below_10.0_percent_acc': 1.0, 'below_1.0_percent_acc': 0.974, 'below_0.1_percent_acc': 0.967, 'below_0.01_percent_acc': 0.967, 'below_0.001_percent_acc': 0.947, 'below_0.0001_percent_acc': 0.947, 'valid_acc': 1.0}
Epoch: 18	Batch time (0.497079)	Data time (0.008212)	Cuda time (0.000001)	Loss (1.275600)	Accuracy (0.990233)
EVALUATING
{'loss': 1.7589999878406524, 'accuracy': 0.9891805672645568, 'perfect_match_accuracy': 0.846, 'cost_ratio_suggested_true': 1.0185228347778321, 'below_10.0_percent_acc': 1.0, 'below_1.0_percent_acc': 0.971, 'below_0.1_percent_acc': 0.962, 'below_0.01_percent_acc': 0.962, 'below_0.001_percent_acc': 0.935, 'below_0.0001_percent_acc': 0.935, 'valid_acc': 1.0}
Epoch: 19	Batch time (0.476096)	Data time (0.007487)	Cuda time (0.000001)	Loss (1.190000)	Accuracy (0.990666)
EVALUATING
{'loss': 2.134000014066696, 'accuracy': 0.9864513969421387, 'perfect_match_accuracy': 0.796, 'cost_ratio_suggested_true': 1.020094519853592, 'below_10.0_percent_acc': 1.0, 'below_1.0_percent_acc': 0.957, 'below_0.1_percent_acc': 0.945, 'below_0.01_percent_acc': 0.945, 'below_0.001_percent_acc': 0.935, 'below_0.0001_percent_acc': 0.935, 'valid_acc': 1.0}
Epoch: 20	Batch time (0.505110)	Data time (0.008142)	Cuda time (0.000001)	Loss (1.215000)	Accuracy (0.990690)
EVALUATING
{'loss': 1.907999997138977, 'accuracy': 0.9871875202655792, 'perfect_match_accuracy': 0.815, 'cost_ratio_suggested_true': 1.033026067018509, 'below_10.0_percent_acc': 1.0, 'below_1.0_percent_acc': 0.957, 'below_0.1_percent_acc': 0.947, 'below_0.01_percent_acc': 0.947, 'below_0.001_percent_acc': 0.93, 'below_0.0001_percent_acc': 0.93, 'valid_acc': 1.0}
Epoch: 21	Batch time (0.504696)	Data time (0.009040)	Cuda time (0.000001)	Loss (1.263000)	Accuracy (0.990653)
EVALUATING
{'loss': 2.0020000290870668, 'accuracy': 0.9884583473205566, 'perfect_match_accuracy': 0.828, 'cost_ratio_suggested_true': 1.0172596168518067, 'below_10.0_percent_acc': 1.0, 'below_1.0_percent_acc': 0.969, 'below_0.1_percent_acc': 0.957, 'below_0.01_percent_acc': 0.957, 'below_0.001_percent_acc': 0.941, 'below_0.0001_percent_acc': 0.941, 'valid_acc': 1.0}
Epoch: 22	Batch time (0.508756)	Data time (0.008426)	Cuda time (0.000002)	Loss (1.142300)	Accuracy (0.990964)
EVALUATING
{'loss': 2.0079999923706056, 'accuracy': 0.9885347312688828, 'perfect_match_accuracy': 0.828, 'cost_ratio_suggested_true': 1.0257908129692077, 'below_10.0_percent_acc': 1.0, 'below_1.0_percent_acc': 0.967, 'below_0.1_percent_acc': 0.959, 'below_0.01_percent_acc': 0.959, 'below_0.001_percent_acc': 0.943, 'below_0.0001_percent_acc': 0.943, 'valid_acc': 1.0}
Epoch: 23	Batch time (0.480259)	Data time (0.007896)	Cuda time (0.000001)	Loss (1.079500)	Accuracy (0.991438)
EVALUATING
{'loss': 1.7039999985694885, 'accuracy': 0.9892569553852081, 'perfect_match_accuracy': 0.838, 'cost_ratio_suggested_true': 1.0218489909172057, 'below_10.0_percent_acc': 1.0, 'below_1.0_percent_acc': 0.966, 'below_0.1_percent_acc': 0.955, 'below_0.01_percent_acc': 0.955, 'below_0.001_percent_acc': 0.932, 'below_0.0001_percent_acc': 0.932, 'valid_acc': 1.0}
Epoch: 24	Batch time (0.497941)	Data time (0.008083)	Cuda time (0.000001)	Loss (1.091600)	Accuracy (0.991424)
EVALUATING
{'loss': 1.8050000262260437, 'accuracy': 0.9869861280918122, 'perfect_match_accuracy': 0.818, 'cost_ratio_suggested_true': 1.020364946126938, 'below_10.0_percent_acc': 1.0, 'below_1.0_percent_acc': 0.951, 'below_0.1_percent_acc': 0.937, 'below_0.01_percent_acc': 0.937, 'below_0.001_percent_acc': 0.921, 'below_0.0001_percent_acc': 0.921, 'valid_acc': 1.0}
Epoch: 25	Batch time (0.492489)	Data time (0.007803)	Cuda time (0.000002)	Loss (1.114400)	Accuracy (0.991499)
EVALUATING
{'loss': 1.90599999666214, 'accuracy': 0.9877569526433945, 'perfect_match_accuracy': 0.827, 'cost_ratio_suggested_true': 1.0191277527809144, 'below_10.0_percent_acc': 1.0, 'below_1.0_percent_acc': 0.967, 'below_0.1_percent_acc': 0.953, 'below_0.01_percent_acc': 0.953, 'below_0.001_percent_acc': 0.927, 'below_0.0001_percent_acc': 0.927, 'valid_acc': 1.0}
Epoch: 26	Batch time (0.486533)	Data time (0.007712)	Cuda time (0.000001)	Loss (1.041200)	Accuracy (0.991863)
EVALUATING
{'loss': 1.793999992609024, 'accuracy': 0.9885833436250686, 'perfect_match_accuracy': 0.836, 'cost_ratio_suggested_true': 1.0197800588607788, 'below_10.0_percent_acc': 1.0, 'below_1.0_percent_acc': 0.964, 'below_0.1_percent_acc': 0.952, 'below_0.01_percent_acc': 0.952, 'below_0.001_percent_acc': 0.928, 'below_0.0001_percent_acc': 0.928, 'valid_acc': 1.0}
Epoch: 27	Batch time (0.497512)	Data time (0.008521)	Cuda time (0.000001)	Loss (1.069400)	Accuracy (0.991654)
EVALUATING
{'loss': 2.0709999871253966, 'accuracy': 0.9868750184774399, 'perfect_match_accuracy': 0.798, 'cost_ratio_suggested_true': 1.0260543620586395, 'below_10.0_percent_acc': 1.0, 'below_1.0_percent_acc': 0.971, 'below_0.1_percent_acc': 0.964, 'below_0.01_percent_acc': 0.964, 'below_0.001_percent_acc': 0.93, 'below_0.0001_percent_acc': 0.93, 'valid_acc': 1.0}
Epoch: 28	Batch time (0.478692)	Data time (0.007908)	Cuda time (0.000001)	Loss (1.045100)	Accuracy (0.991524)
EVALUATING
{'loss': 2.186000022292137, 'accuracy': 0.9869722366333008, 'perfect_match_accuracy': 0.803, 'cost_ratio_suggested_true': 1.0371406185626983, 'below_10.0_percent_acc': 1.0, 'below_1.0_percent_acc': 0.962, 'below_0.1_percent_acc': 0.951, 'below_0.01_percent_acc': 0.951, 'below_0.001_percent_acc': 0.927, 'below_0.0001_percent_acc': 0.927, 'valid_acc': 1.0}
Epoch: 29	Batch time (0.483134)	Data time (0.007068)	Cuda time (0.000001)	Loss (1.060000)	Accuracy (0.991876)
EVALUATING
{'loss': 1.7990000081062316, 'accuracy': 0.9881736290454864, 'perfect_match_accuracy': 0.832, 'cost_ratio_suggested_true': 1.0217906939983368, 'below_10.0_percent_acc': 1.0, 'below_1.0_percent_acc': 0.967, 'below_0.1_percent_acc': 0.954, 'below_0.01_percent_acc': 0.954, 'below_0.001_percent_acc': 0.931, 'below_0.0001_percent_acc': 0.931, 'valid_acc': 1.0}
Epoch: 30	Batch time (0.487819)	Data time (0.007797)	Cuda time (0.000001)	Loss (1.065100)	Accuracy (0.991729)
EVALUATING
{'loss': 1.8960000145435334, 'accuracy': 0.9878889000415803, 'perfect_match_accuracy': 0.837, 'cost_ratio_suggested_true': 1.0316729831695557, 'below_10.0_percent_acc': 0.997, 'below_1.0_percent_acc': 0.964, 'below_0.1_percent_acc': 0.956, 'below_0.01_percent_acc': 0.956, 'below_0.001_percent_acc': 0.94, 'below_0.0001_percent_acc': 0.94, 'valid_acc': 1.0}
Epoch: 31	Batch time (0.504975)	Data time (0.008000)	Cuda time (0.000002)	Loss (0.680900)	Accuracy (0.993938)
EVALUATING
{'loss': 1.665999985933304, 'accuracy': 0.9902569591999054, 'perfect_match_accuracy': 0.862, 'cost_ratio_suggested_true': 1.016979353427887, 'below_10.0_percent_acc': 1.0, 'below_1.0_percent_acc': 0.98, 'below_0.1_percent_acc': 0.971, 'below_0.01_percent_acc': 0.971, 'below_0.001_percent_acc': 0.947, 'below_0.0001_percent_acc': 0.947, 'valid_acc': 1.0}
Epoch: 32	Batch time (0.490265)	Data time (0.009407)	Cuda time (0.000013)	Loss (0.527100)	Accuracy (0.995544)
EVALUATING
{'loss': 1.5709999895095825, 'accuracy': 0.9902083456516266, 'perfect_match_accuracy': 0.864, 'cost_ratio_suggested_true': 1.0174030554294586, 'below_10.0_percent_acc': 1.0, 'below_1.0_percent_acc': 0.979, 'below_0.1_percent_acc': 0.971, 'below_0.01_percent_acc': 0.971, 'below_0.001_percent_acc': 0.951, 'below_0.0001_percent_acc': 0.951, 'valid_acc': 1.0}
Epoch: 33	Batch time (0.505363)	Data time (0.007684)	Cuda time (0.000002)	Loss (0.484300)	Accuracy (0.995639)
EVALUATING
{'loss': 1.5710000061988831, 'accuracy': 0.9904861307144165, 'perfect_match_accuracy': 0.863, 'cost_ratio_suggested_true': 1.01793506026268, 'below_10.0_percent_acc': 1.0, 'below_1.0_percent_acc': 0.979, 'below_0.1_percent_acc': 0.971, 'below_0.01_percent_acc': 0.971, 'below_0.001_percent_acc': 0.949, 'below_0.0001_percent_acc': 0.949, 'valid_acc': 1.0}
Epoch: 34	Batch time (0.486104)	Data time (0.007749)	Cuda time (0.000001)	Loss (0.484800)	Accuracy (0.995665)
EVALUATING
{'loss': 1.621000008583069, 'accuracy': 0.9901666873693467, 'perfect_match_accuracy': 0.86, 'cost_ratio_suggested_true': 1.018220226764679, 'below_10.0_percent_acc': 1.0, 'below_1.0_percent_acc': 0.977, 'below_0.1_percent_acc': 0.968, 'below_0.01_percent_acc': 0.968, 'below_0.001_percent_acc': 0.944, 'below_0.0001_percent_acc': 0.944, 'valid_acc': 1.0}
Epoch: 35	Batch time (0.496285)	Data time (0.007727)	Cuda time (0.000001)	Loss (0.464400)	Accuracy (0.996076)
EVALUATING
{'loss': 1.6410000038146972, 'accuracy': 0.9907014065980911, 'perfect_match_accuracy': 0.865, 'cost_ratio_suggested_true': 1.017791748046875, 'below_10.0_percent_acc': 1.0, 'below_1.0_percent_acc': 0.98, 'below_0.1_percent_acc': 0.971, 'below_0.01_percent_acc': 0.971, 'below_0.001_percent_acc': 0.949, 'below_0.0001_percent_acc': 0.949, 'valid_acc': 1.0}
Epoch: 36	Batch time (0.485098)	Data time (0.008020)	Cuda time (0.000001)	Loss (0.473700)	Accuracy (0.995970)
EVALUATING
{'loss': 1.6790000146627426, 'accuracy': 0.9905069571733475, 'perfect_match_accuracy': 0.867, 'cost_ratio_suggested_true': 1.0165745615959167, 'below_10.0_percent_acc': 1.0, 'below_1.0_percent_acc': 0.975, 'below_0.1_percent_acc': 0.967, 'below_0.01_percent_acc': 0.967, 'below_0.001_percent_acc': 0.946, 'below_0.0001_percent_acc': 0.946, 'valid_acc': 1.0}
Epoch: 37	Batch time (0.485654)	Data time (0.007608)	Cuda time (0.000001)	Loss (0.421200)	Accuracy (0.996019)
EVALUATING
{'loss': 1.5479999804496765, 'accuracy': 0.9907569617033005, 'perfect_match_accuracy': 0.87, 'cost_ratio_suggested_true': 1.0156606221199036, 'below_10.0_percent_acc': 1.0, 'below_1.0_percent_acc': 0.979, 'below_0.1_percent_acc': 0.972, 'below_0.01_percent_acc': 0.972, 'below_0.001_percent_acc': 0.952, 'below_0.0001_percent_acc': 0.952, 'valid_acc': 1.0}
Epoch: 38	Batch time (0.498903)	Data time (0.007767)	Cuda time (0.000001)	Loss (0.432500)	Accuracy (0.996082)
EVALUATING
{'loss': 1.6160000246763229, 'accuracy': 0.9901597392559052, 'perfect_match_accuracy': 0.866, 'cost_ratio_suggested_true': 1.0180207562446595, 'below_10.0_percent_acc': 1.0, 'below_1.0_percent_acc': 0.974, 'below_0.1_percent_acc': 0.966, 'below_0.01_percent_acc': 0.966, 'below_0.001_percent_acc': 0.946, 'below_0.0001_percent_acc': 0.946, 'valid_acc': 1.0}
Epoch: 39	Batch time (0.495962)	Data time (0.007498)	Cuda time (0.000001)	Loss (0.390200)	Accuracy (0.996048)
EVALUATING
{'loss': 1.616000006198883, 'accuracy': 0.9904514026641845, 'perfect_match_accuracy': 0.867, 'cost_ratio_suggested_true': 1.017378568649292, 'below_10.0_percent_acc': 1.0, 'below_1.0_percent_acc': 0.979, 'below_0.1_percent_acc': 0.972, 'below_0.01_percent_acc': 0.972, 'below_0.001_percent_acc': 0.95, 'below_0.0001_percent_acc': 0.95, 'valid_acc': 1.0}
Epoch: 40	Batch time (0.497491)	Data time (0.008066)	Cuda time (0.000001)	Loss (0.427000)	Accuracy (0.995988)
EVALUATING
{'loss': 1.6430000323057175, 'accuracy': 0.9908055663108826, 'perfect_match_accuracy': 0.868, 'cost_ratio_suggested_true': 1.0152704179286958, 'below_10.0_percent_acc': 1.0, 'below_1.0_percent_acc': 0.978, 'below_0.1_percent_acc': 0.974, 'below_0.01_percent_acc': 0.974, 'below_0.001_percent_acc': 0.953, 'below_0.0001_percent_acc': 0.953, 'valid_acc': 1.0}
Epoch: 41	Batch time (0.491484)	Data time (0.008016)	Cuda time (0.000001)	Loss (0.381300)	Accuracy (0.996276)
EVALUATING
{'loss': 1.6780000042915344, 'accuracy': 0.9908958446979522, 'perfect_match_accuracy': 0.873, 'cost_ratio_suggested_true': 1.015074121952057, 'below_10.0_percent_acc': 1.0, 'below_1.0_percent_acc': 0.979, 'below_0.1_percent_acc': 0.975, 'below_0.01_percent_acc': 0.975, 'below_0.001_percent_acc': 0.955, 'below_0.0001_percent_acc': 0.955, 'valid_acc': 1.0}
Epoch: 42	Batch time (0.507058)	Data time (0.007904)	Cuda time (0.000001)	Loss (0.391300)	Accuracy (0.996317)
EVALUATING
{'loss': 1.5690000170469285, 'accuracy': 0.9908333498239518, 'perfect_match_accuracy': 0.869, 'cost_ratio_suggested_true': 1.0155105352401734, 'below_10.0_percent_acc': 1.0, 'below_1.0_percent_acc': 0.978, 'below_0.1_percent_acc': 0.974, 'below_0.01_percent_acc': 0.974, 'below_0.001_percent_acc': 0.953, 'below_0.0001_percent_acc': 0.953, 'valid_acc': 1.0}
Epoch: 43	Batch time (0.498394)	Data time (0.007903)	Cuda time (0.000001)	Loss (0.324700)	Accuracy (0.996570)
EVALUATING
{'loss': 1.6649999928474426, 'accuracy': 0.9906527882814408, 'perfect_match_accuracy': 0.87, 'cost_ratio_suggested_true': 1.016111934185028, 'below_10.0_percent_acc': 1.0, 'below_1.0_percent_acc': 0.978, 'below_0.1_percent_acc': 0.971, 'below_0.01_percent_acc': 0.971, 'below_0.001_percent_acc': 0.95, 'below_0.0001_percent_acc': 0.95, 'valid_acc': 1.0}
Epoch: 44	Batch time (0.510059)	Data time (0.008153)	Cuda time (0.000001)	Loss (0.357300)	Accuracy (0.996652)
EVALUATING
{'loss': 1.6279999893903732, 'accuracy': 0.9908125174045562, 'perfect_match_accuracy': 0.872, 'cost_ratio_suggested_true': 1.0159757161140441, 'below_10.0_percent_acc': 1.0, 'below_1.0_percent_acc': 0.977, 'below_0.1_percent_acc': 0.971, 'below_0.01_percent_acc': 0.971, 'below_0.001_percent_acc': 0.95, 'below_0.0001_percent_acc': 0.95, 'valid_acc': 1.0}
Epoch: 45	Batch time (0.492504)	Data time (0.008014)	Cuda time (0.000001)	Loss (0.349800)	Accuracy (0.996312)
EVALUATING
{'loss': 1.5360000050067901, 'accuracy': 0.9904166805744171, 'perfect_match_accuracy': 0.868, 'cost_ratio_suggested_true': 1.0166725277900697, 'below_10.0_percent_acc': 1.0, 'below_1.0_percent_acc': 0.977, 'below_0.1_percent_acc': 0.97, 'below_0.01_percent_acc': 0.97, 'below_0.001_percent_acc': 0.948, 'below_0.0001_percent_acc': 0.948, 'valid_acc': 1.0}
Epoch: 46	Batch time (0.487764)	Data time (0.007775)	Cuda time (0.000001)	Loss (0.349800)	Accuracy (0.996447)
EVALUATING
{'loss': 1.5990000027418136, 'accuracy': 0.9907569628953934, 'perfect_match_accuracy': 0.871, 'cost_ratio_suggested_true': 1.0158675026893615, 'below_10.0_percent_acc': 1.0, 'below_1.0_percent_acc': 0.976, 'below_0.1_percent_acc': 0.969, 'below_0.01_percent_acc': 0.969, 'below_0.001_percent_acc': 0.948, 'below_0.0001_percent_acc': 0.948, 'valid_acc': 1.0}
Epoch: 47	Batch time (0.493725)	Data time (0.007668)	Cuda time (0.000001)	Loss (0.353200)	Accuracy (0.996836)
EVALUATING
{'loss': 1.6190000116825103, 'accuracy': 0.9906944614648819, 'perfect_match_accuracy': 0.871, 'cost_ratio_suggested_true': 1.0157531476020814, 'below_10.0_percent_acc': 1.0, 'below_1.0_percent_acc': 0.977, 'below_0.1_percent_acc': 0.97, 'below_0.01_percent_acc': 0.97, 'below_0.001_percent_acc': 0.949, 'below_0.0001_percent_acc': 0.949, 'valid_acc': 1.0}
Epoch: 48	Batch time (0.487071)	Data time (0.007631)	Cuda time (0.000001)	Loss (0.321700)	Accuracy (0.996474)
EVALUATING
{'loss': 1.4500000062584877, 'accuracy': 0.9905555731058121, 'perfect_match_accuracy': 0.869, 'cost_ratio_suggested_true': 1.0160463786125182, 'below_10.0_percent_acc': 1.0, 'below_1.0_percent_acc': 0.976, 'below_0.1_percent_acc': 0.969, 'below_0.01_percent_acc': 0.969, 'below_0.001_percent_acc': 0.948, 'below_0.0001_percent_acc': 0.948, 'valid_acc': 1.0}
Epoch: 49	Batch time (0.483161)	Data time (0.007845)	Cuda time (0.000001)	Loss (0.328600)	Accuracy (0.996772)
EVALUATING
{'loss': 1.4620000129938127, 'accuracy': 0.9901875156164169, 'perfect_match_accuracy': 0.864, 'cost_ratio_suggested_true': 1.0169783926010132, 'below_10.0_percent_acc': 1.0, 'below_1.0_percent_acc': 0.974, 'below_0.1_percent_acc': 0.967, 'below_0.01_percent_acc': 0.967, 'below_0.001_percent_acc': 0.945, 'below_0.0001_percent_acc': 0.945, 'valid_acc': 1.0}
Epoch: 50	Batch time (0.496966)	Data time (0.008306)	Cuda time (0.000001)	Loss (0.330100)	Accuracy (0.996681)
EVALUATING
{'loss': 1.5849999940395356, 'accuracy': 0.9903889095783234, 'perfect_match_accuracy': 0.869, 'cost_ratio_suggested_true': 1.016979502439499, 'below_10.0_percent_acc': 1.0, 'below_1.0_percent_acc': 0.975, 'below_0.1_percent_acc': 0.968, 'below_0.01_percent_acc': 0.968, 'below_0.001_percent_acc': 0.947, 'below_0.0001_percent_acc': 0.947, 'valid_acc': 1.0}
