No existing entry for trainer_params.mode.type
{}[type] = <class 'int'>(5)
No existing entry for trainer_params.mode.objective_type
{'type': 5}[objective_type] = <class 'str'>(dpo)
No existing entry for trainer_params.mode.use_marginal
{'type': 5, 'objective_type': 'dpo'}[use_marginal] = <class 'bool'>(True)
No existing entry for trainer_params.mode.nb_samples
{'type': 5, 'objective_type': 'dpo', 'use_marginal': True}[nb_samples] = <class 'int'>(1)
No existing entry for trainer_params.mode.temperature
{'type': 5, 'objective_type': 'dpo', 'use_marginal': True, 'nb_samples': 1}[temperature] = <class 'float'>(0.1)
No existing entry for trainer_params.mode.use_gamma
{'type': 5, 'objective_type': 'dpo', 'use_marginal': True, 'nb_samples': 1, 'temperature': 0.1}[use_gamma] = <class 'bool'>(False)
No existing entry for trainer_params.mode.loss_type
{'type': 5, 'objective_type': 'dpo', 'use_marginal': True, 'nb_samples': 1, 'temperature': 0.1, 'use_gamma': False}[loss_type] = <class 'str'>(fy)
No existing entry for trainer_params.mode.perturb_w
{'type': 5, 'objective_type': 'dpo', 'use_marginal': True, 'nb_samples': 1, 'temperature': 0.1, 'use_gamma': False, 'loss_type': 'fy'}[perturb_w] = <class 'bool'>(False)
No existing entry for trainer_params.mode.perturb_w_prime
{'type': 5, 'objective_type': 'dpo', 'use_marginal': True, 'nb_samples': 1, 'temperature': 0.1, 'use_gamma': False, 'loss_type': 'fy', 'perturb_w': False}[perturb_w_prime] = <class 'bool'>(False)
{'batch_size': 70, 'l1_regconst': 0.0, 'lambda_val': 20.0, 'lr_milestone_1': 30, 'lr_milestone_2': 40, 'model_params': {'arch_params': {}, 'model_name': 'CombResnet18'}, 'neighbourhood_fn': '8-grid', 'optimizer_name': 'Adam', 'optimizer_params': {'lr': 0.0005}, 'preload_batch': True, 'use_cuda': True, 'use_lr_scheduling': True, 'mode': {'type': 5, 'objective_type': 'dpo', 'use_marginal': True, 'nb_samples': 1, 'temperature': 0.1, 'use_gamma': False, 'loss_type': 'fy', 'perturb_w': False, 'perturb_w_prime': False}}[lambda_val] = <class 'float'>(0.0)
No existing entry for trainer_params.mode.dpo.maximize
{}[maximize] = <class 'bool'>(False)
{'data_dir': 'data/warcraft_shortest_path/12x12', 'evaluate_with_extra': False, 'normalize': True, 'use_local_path': False, 'use_test_set': True}[data_dir] = <class 'str'>(data/warcraft_shortest_path/30x30)
{'evaluate_every': 5, 'loader_params': {'data_dir': 'data/warcraft_shortest_path/30x30', 'evaluate_with_extra': False, 'normalize': True, 'use_local_path': False, 'use_test_set': True}, 'model_dir': 'results/warcraft_shortest_path_combresnet', 'num_cpus': 12, 'num_epochs': 50, 'problem_type': 'warcraft_shortest_path', 'ray_params': {}, 'save_visualizations': False, 'seed': 1, 'trainer_name': 'DijkstraMAP', 'trainer_params': {'batch_size': 70, 'l1_regconst': 0.0, 'lambda_val': 0.0, 'lr_milestone_1': 30, 'lr_milestone_2': 40, 'model_params': {'arch_params': {}, 'model_name': 'CombResnet18'}, 'neighbourhood_fn': '8-grid', 'optimizer_name': 'Adam', 'optimizer_params': {'lr': 0.0005}, 'preload_batch': True, 'use_cuda': True, 'use_lr_scheduling': True, 'mode': {'type': 5, 'objective_type': 'dpo', 'use_marginal': True, 'nb_samples': 1, 'temperature': 0.1, 'use_gamma': False, 'loss_type': 'fy', 'perturb_w': False, 'perturb_w_prime': False, 'dpo': {'maximize': False}}}, 'use_ray': True}[seed] = <class 'int'>(3)
{'evaluate_every': 5, 'loader_params': {'data_dir': 'data/warcraft_shortest_path/30x30', 'evaluate_with_extra': False, 'normalize': True, 'use_local_path': False, 'use_test_set': True}, 'model_dir': 'results/warcraft_shortest_path_combresnet', 'num_cpus': 12, 'num_epochs': 50, 'problem_type': 'warcraft_shortest_path', 'ray_params': {}, 'save_visualizations': False, 'seed': 3, 'trainer_name': 'DijkstraMAP', 'trainer_params': {'batch_size': 70, 'l1_regconst': 0.0, 'lambda_val': 0.0, 'lr_milestone_1': 30, 'lr_milestone_2': 40, 'model_params': {'arch_params': {}, 'model_name': 'CombResnet18'}, 'neighbourhood_fn': '8-grid', 'optimizer_name': 'Adam', 'optimizer_params': {'lr': 0.0005}, 'preload_batch': True, 'use_cuda': True, 'use_lr_scheduling': True, 'mode': {'type': 5, 'objective_type': 'dpo', 'use_marginal': True, 'nb_samples': 1, 'temperature': 0.1, 'use_gamma': False, 'loss_type': 'fy', 'perturb_w': False, 'perturb_w_prime': False, 'dpo': {'maximize': False}}}, 'use_ray': True}[evaluate_every] = <class 'int'>(1)
{'evaluate_every': 1, 'loader_params': {'data_dir': 'data/warcraft_shortest_path/30x30', 'evaluate_with_extra': False, 'normalize': True, 'use_local_path': False, 'use_test_set': True}, 'model_dir': 'results/warcraft_shortest_path_combresnet', 'num_cpus': 12, 'num_epochs': 50, 'problem_type': 'warcraft_shortest_path', 'ray_params': {}, 'save_visualizations': False, 'seed': 3, 'trainer_name': 'DijkstraMAP', 'trainer_params': {'batch_size': 70, 'l1_regconst': 0.0, 'lambda_val': 0.0, 'lr_milestone_1': 30, 'lr_milestone_2': 40, 'model_params': {'arch_params': {}, 'model_name': 'CombResnet18'}, 'neighbourhood_fn': '8-grid', 'optimizer_name': 'Adam', 'optimizer_params': {'lr': 0.0005}, 'preload_batch': True, 'use_cuda': True, 'use_lr_scheduling': True, 'mode': {'type': 5, 'objective_type': 'dpo', 'use_marginal': True, 'nb_samples': 1, 'temperature': 0.1, 'use_gamma': False, 'loss_type': 'fy', 'perturb_w': False, 'perturb_w_prime': False, 'dpo': {'maximize': False}}}, 'use_ray': True}[use_ray] = <class 'bool'>(False)
No existing entry for trainer_params.mode.type
{}[type] = <class 'int'>(5)
No existing entry for trainer_params.mode.objective_type
{'type': 5}[objective_type] = <class 'str'>(dpo)
No existing entry for trainer_params.mode.use_marginal
{'type': 5, 'objective_type': 'dpo'}[use_marginal] = <class 'bool'>(True)
No existing entry for trainer_params.mode.nb_samples
{'type': 5, 'objective_type': 'dpo', 'use_marginal': True}[nb_samples] = <class 'int'>(1)
No existing entry for trainer_params.mode.temperature
{'type': 5, 'objective_type': 'dpo', 'use_marginal': True, 'nb_samples': 1}[temperature] = <class 'float'>(0.1)
No existing entry for trainer_params.mode.use_gamma
{'type': 5, 'objective_type': 'dpo', 'use_marginal': True, 'nb_samples': 1, 'temperature': 0.1}[use_gamma] = <class 'bool'>(False)
No existing entry for trainer_params.mode.loss_type
{'type': 5, 'objective_type': 'dpo', 'use_marginal': True, 'nb_samples': 1, 'temperature': 0.1, 'use_gamma': False}[loss_type] = <class 'str'>(fy)
No existing entry for trainer_params.mode.perturb_w
{'type': 5, 'objective_type': 'dpo', 'use_marginal': True, 'nb_samples': 1, 'temperature': 0.1, 'use_gamma': False, 'loss_type': 'fy'}[perturb_w] = <class 'bool'>(False)
No existing entry for trainer_params.mode.perturb_w_prime
{'type': 5, 'objective_type': 'dpo', 'use_marginal': True, 'nb_samples': 1, 'temperature': 0.1, 'use_gamma': False, 'loss_type': 'fy', 'perturb_w': False}[perturb_w_prime] = <class 'bool'>(False)
{'batch_size': 70, 'l1_regconst': 0.0, 'lambda_val': 20.0, 'lr_milestone_1': 30, 'lr_milestone_2': 40, 'model_params': {'arch_params': {}, 'model_name': 'CombResnet18'}, 'neighbourhood_fn': '8-grid', 'optimizer_name': 'Adam', 'optimizer_params': {'lr': 0.0005}, 'preload_batch': True, 'use_cuda': True, 'use_lr_scheduling': True, 'mode': {'type': 5, 'objective_type': 'dpo', 'use_marginal': True, 'nb_samples': 1, 'temperature': 0.1, 'use_gamma': False, 'loss_type': 'fy', 'perturb_w': False, 'perturb_w_prime': False}}[lambda_val] = <class 'float'>(0.0)
No existing entry for trainer_params.mode.dpo.maximize
{}[maximize] = <class 'bool'>(False)
{'data_dir': 'data/warcraft_shortest_path/12x12', 'evaluate_with_extra': False, 'normalize': True, 'use_local_path': False, 'use_test_set': True}[data_dir] = <class 'str'>(data/warcraft_shortest_path/30x30)
{'evaluate_every': 5, 'loader_params': {'data_dir': 'data/warcraft_shortest_path/30x30', 'evaluate_with_extra': False, 'normalize': True, 'use_local_path': False, 'use_test_set': True}, 'model_dir': 'results/warcraft_shortest_path_combresnet', 'num_cpus': 12, 'num_epochs': 50, 'problem_type': 'warcraft_shortest_path', 'ray_params': {}, 'save_visualizations': False, 'seed': 1, 'trainer_name': 'DijkstraMAP', 'trainer_params': {'batch_size': 70, 'l1_regconst': 0.0, 'lambda_val': 0.0, 'lr_milestone_1': 30, 'lr_milestone_2': 40, 'model_params': {'arch_params': {}, 'model_name': 'CombResnet18'}, 'neighbourhood_fn': '8-grid', 'optimizer_name': 'Adam', 'optimizer_params': {'lr': 0.0005}, 'preload_batch': True, 'use_cuda': True, 'use_lr_scheduling': True, 'mode': {'type': 5, 'objective_type': 'dpo', 'use_marginal': True, 'nb_samples': 1, 'temperature': 0.1, 'use_gamma': False, 'loss_type': 'fy', 'perturb_w': False, 'perturb_w_prime': False, 'dpo': {'maximize': False}}}, 'use_ray': True}[seed] = <class 'int'>(3)
{'evaluate_every': 5, 'loader_params': {'data_dir': 'data/warcraft_shortest_path/30x30', 'evaluate_with_extra': False, 'normalize': True, 'use_local_path': False, 'use_test_set': True}, 'model_dir': 'results/warcraft_shortest_path_combresnet', 'num_cpus': 12, 'num_epochs': 50, 'problem_type': 'warcraft_shortest_path', 'ray_params': {}, 'save_visualizations': False, 'seed': 3, 'trainer_name': 'DijkstraMAP', 'trainer_params': {'batch_size': 70, 'l1_regconst': 0.0, 'lambda_val': 0.0, 'lr_milestone_1': 30, 'lr_milestone_2': 40, 'model_params': {'arch_params': {}, 'model_name': 'CombResnet18'}, 'neighbourhood_fn': '8-grid', 'optimizer_name': 'Adam', 'optimizer_params': {'lr': 0.0005}, 'preload_batch': True, 'use_cuda': True, 'use_lr_scheduling': True, 'mode': {'type': 5, 'objective_type': 'dpo', 'use_marginal': True, 'nb_samples': 1, 'temperature': 0.1, 'use_gamma': False, 'loss_type': 'fy', 'perturb_w': False, 'perturb_w_prime': False, 'dpo': {'maximize': False}}}, 'use_ray': True}[evaluate_every] = <class 'int'>(1)
{'evaluate_every': 1, 'loader_params': {'data_dir': 'data/warcraft_shortest_path/30x30', 'evaluate_with_extra': False, 'normalize': True, 'use_local_path': False, 'use_test_set': True}, 'model_dir': 'results/warcraft_shortest_path_combresnet', 'num_cpus': 12, 'num_epochs': 50, 'problem_type': 'warcraft_shortest_path', 'ray_params': {}, 'save_visualizations': False, 'seed': 3, 'trainer_name': 'DijkstraMAP', 'trainer_params': {'batch_size': 70, 'l1_regconst': 0.0, 'lambda_val': 0.0, 'lr_milestone_1': 30, 'lr_milestone_2': 40, 'model_params': {'arch_params': {}, 'model_name': 'CombResnet18'}, 'neighbourhood_fn': '8-grid', 'optimizer_name': 'Adam', 'optimizer_params': {'lr': 0.0005}, 'preload_batch': True, 'use_cuda': True, 'use_lr_scheduling': True, 'mode': {'type': 5, 'objective_type': 'dpo', 'use_marginal': True, 'nb_samples': 1, 'temperature': 0.1, 'use_gamma': False, 'loss_type': 'fy', 'perturb_w': False, 'perturb_w_prime': False, 'dpo': {'maximize': False}}}, 'use_ray': True}[use_ray] = <class 'bool'>(False)
{
    "evaluate_every": 1,
    "loader_params": {
        "data_dir": "data/warcraft_shortest_path/30x30",
        "evaluate_with_extra": false,
        "normalize": true,
        "use_local_path": false,
        "use_test_set": true
    },
    "model_dir": "results/warcraft_shortest_path_combresnet",
    "num_cpus": 12,
    "num_epochs": 50,
    "problem_type": "warcraft_shortest_path",
    "ray_params": {},
    "save_visualizations": false,
    "seed": 3,
    "trainer_name": "DijkstraMAP",
    "trainer_params": {
        "batch_size": 70,
        "l1_regconst": 0.0,
        "lambda_val": 0.0,
        "lr_milestone_1": 30,
        "lr_milestone_2": 40,
        "mode": {
            "dpo": {
                "maximize": false
            },
            "loss_type": "fy",
            "nb_samples": 1,
            "objective_type": "dpo",
            "perturb_w": false,
            "perturb_w_prime": false,
            "temperature": 0.1,
            "type": 5,
            "use_gamma": false,
            "use_marginal": true
        },
        "model_params": {
            "arch_params": {},
            "model_name": "CombResnet18"
        },
        "neighbourhood_fn": "8-grid",
        "optimizer_name": "Adam",
        "optimizer_params": {
            "lr": 0.0005
        },
        "preload_batch": true,
        "use_cuda": true,
        "use_lr_scheduling": true
    },
    "use_ray": false
}
MAP-BACKPROP MODE: {
    "dpo": {
        "maximize": false
    },
    "loss_type": "fy",
    "nb_samples": 1,
    "objective_type": "dpo",
    "perturb_w": false,
    "perturb_w_prime": false,
    "temperature": 0.1,
    "type": 5,
    "use_gamma": false,
    "use_marginal": true
}
True
META: {'input_image_size': 240, 'output_features': 900, 'num_channels': 3, 'denormalize': <maprop.decorators.input_to_numpy object at 0x2ba071877e80>}
EVALUATING
{'loss': 55.28100063323975, 'accuracy': 0.939231134057045, 'perfect_match_accuracy': 0.001, 'cost_ratio_suggested_true': 2.5780051922798157, 'below_10.0_percent_acc': 0.092, 'below_1.0_percent_acc': 0.008, 'below_0.1_percent_acc': 0.007, 'below_0.01_percent_acc': 0.007, 'below_0.001_percent_acc': 0.006, 'below_0.0001_percent_acc': 0.006, 'valid_acc': 1.0}
Epoch: 1	Batch time (2.515483)	Data time (0.035427)	Cuda time (0.000002)	Loss (29.908000)	Accuracy (0.964984)
EVALUATING
{'loss': 23.42299997329712, 'accuracy': 0.9854989153146744, 'perfect_match_accuracy': 0.384, 'cost_ratio_suggested_true': 1.0657795095443725, 'below_10.0_percent_acc': 0.976, 'below_1.0_percent_acc': 0.714, 'below_0.1_percent_acc': 0.627, 'below_0.01_percent_acc': 0.626, 'below_0.001_percent_acc': 0.613, 'below_0.0001_percent_acc': 0.613, 'valid_acc': 1.0}
Epoch: 2	Batch time (2.524372)	Data time (0.035502)	Cuda time (0.000002)	Loss (23.561200)	Accuracy (0.971582)
EVALUATING
{'loss': 22.385000114440917, 'accuracy': 0.9861489200592041, 'perfect_match_accuracy': 0.433, 'cost_ratio_suggested_true': 1.0536515021324158, 'below_10.0_percent_acc': 0.992, 'below_1.0_percent_acc': 0.747, 'below_0.1_percent_acc': 0.656, 'below_0.01_percent_acc': 0.655, 'below_0.001_percent_acc': 0.646, 'below_0.0001_percent_acc': 0.646, 'valid_acc': 1.0}
Epoch: 3	Batch time (2.517557)	Data time (0.035476)	Cuda time (0.000002)	Loss (22.190400)	Accuracy (0.972919)
EVALUATING
{'loss': 21.35600028991699, 'accuracy': 0.9860078126192093, 'perfect_match_accuracy': 0.428, 'cost_ratio_suggested_true': 1.0502760636806487, 'below_10.0_percent_acc': 0.993, 'below_1.0_percent_acc': 0.736, 'below_0.1_percent_acc': 0.628, 'below_0.01_percent_acc': 0.628, 'below_0.001_percent_acc': 0.612, 'below_0.0001_percent_acc': 0.612, 'valid_acc': 1.0}
Epoch: 4	Batch time (2.514736)	Data time (0.035699)	Cuda time (0.000002)	Loss (20.942500)	Accuracy (0.974098)
EVALUATING
{'loss': 19.974000148773193, 'accuracy': 0.9870533579587937, 'perfect_match_accuracy': 0.486, 'cost_ratio_suggested_true': 1.0551195180416106, 'below_10.0_percent_acc': 0.992, 'below_1.0_percent_acc': 0.785, 'below_0.1_percent_acc': 0.693, 'below_0.01_percent_acc': 0.692, 'below_0.001_percent_acc': 0.668, 'below_0.0001_percent_acc': 0.668, 'valid_acc': 1.0}
Epoch: 5	Batch time (2.517370)	Data time (0.035601)	Cuda time (0.000002)	Loss (20.351000)	Accuracy (0.974817)
EVALUATING
{'loss': 20.557999973297118, 'accuracy': 0.9876522475481033, 'perfect_match_accuracy': 0.466, 'cost_ratio_suggested_true': 1.050438562631607, 'below_10.0_percent_acc': 0.996, 'below_1.0_percent_acc': 0.801, 'below_0.1_percent_acc': 0.699, 'below_0.01_percent_acc': 0.697, 'below_0.001_percent_acc': 0.672, 'below_0.0001_percent_acc': 0.672, 'valid_acc': 1.0}
Epoch: 6	Batch time (2.512874)	Data time (0.035593)	Cuda time (0.000002)	Loss (19.845500)	Accuracy (0.975496)
EVALUATING
{'loss': 19.01400011062622, 'accuracy': 0.9882178086042405, 'perfect_match_accuracy': 0.508, 'cost_ratio_suggested_true': 1.0418140602111816, 'below_10.0_percent_acc': 0.996, 'below_1.0_percent_acc': 0.808, 'below_0.1_percent_acc': 0.717, 'below_0.01_percent_acc': 0.717, 'below_0.001_percent_acc': 0.702, 'below_0.0001_percent_acc': 0.702, 'valid_acc': 1.0}
Epoch: 7	Batch time (2.513512)	Data time (0.035582)	Cuda time (0.000002)	Loss (19.099700)	Accuracy (0.976320)
EVALUATING
{'loss': 18.600000143051147, 'accuracy': 0.9877600347995759, 'perfect_match_accuracy': 0.505, 'cost_ratio_suggested_true': 1.0523668026924133, 'below_10.0_percent_acc': 0.992, 'below_1.0_percent_acc': 0.803, 'below_0.1_percent_acc': 0.725, 'below_0.01_percent_acc': 0.724, 'below_0.001_percent_acc': 0.706, 'below_0.0001_percent_acc': 0.706, 'valid_acc': 1.0}
Epoch: 8	Batch time (2.513702)	Data time (0.035554)	Cuda time (0.000002)	Loss (18.895800)	Accuracy (0.976596)
EVALUATING
{'loss': 19.44400013923645, 'accuracy': 0.9886522501707077, 'perfect_match_accuracy': 0.503, 'cost_ratio_suggested_true': 1.0434407603740692, 'below_10.0_percent_acc': 0.994, 'below_1.0_percent_acc': 0.815, 'below_0.1_percent_acc': 0.738, 'below_0.01_percent_acc': 0.736, 'below_0.001_percent_acc': 0.723, 'below_0.0001_percent_acc': 0.723, 'valid_acc': 1.0}
Epoch: 9	Batch time (2.523491)	Data time (0.035657)	Cuda time (0.000002)	Loss (18.339100)	Accuracy (0.977324)
EVALUATING
{'loss': 18.07200008392334, 'accuracy': 0.9881189185380935, 'perfect_match_accuracy': 0.51, 'cost_ratio_suggested_true': 1.0526790273189546, 'below_10.0_percent_acc': 0.992, 'below_1.0_percent_acc': 0.821, 'below_0.1_percent_acc': 0.738, 'below_0.01_percent_acc': 0.736, 'below_0.001_percent_acc': 0.715, 'below_0.0001_percent_acc': 0.715, 'valid_acc': 1.0}
Epoch: 10	Batch time (2.546536)	Data time (0.035872)	Cuda time (0.000002)	Loss (17.634800)	Accuracy (0.977961)
EVALUATING
{'loss': 17.61099992752075, 'accuracy': 0.9881289160251617, 'perfect_match_accuracy': 0.497, 'cost_ratio_suggested_true': 1.0387087213993071, 'below_10.0_percent_acc': 0.996, 'below_1.0_percent_acc': 0.806, 'below_0.1_percent_acc': 0.711, 'below_0.01_percent_acc': 0.71, 'below_0.001_percent_acc': 0.694, 'below_0.0001_percent_acc': 0.694, 'valid_acc': 1.0}
Epoch: 11	Batch time (2.520658)	Data time (0.035702)	Cuda time (0.000002)	Loss (17.739300)	Accuracy (0.977986)
EVALUATING
{'loss': 18.239000415802003, 'accuracy': 0.9897811317443848, 'perfect_match_accuracy': 0.553, 'cost_ratio_suggested_true': 1.0392923259735107, 'below_10.0_percent_acc': 0.997, 'below_1.0_percent_acc': 0.86, 'below_0.1_percent_acc': 0.784, 'below_0.01_percent_acc': 0.783, 'below_0.001_percent_acc': 0.763, 'below_0.0001_percent_acc': 0.763, 'valid_acc': 1.0}
Epoch: 12	Batch time (2.516097)	Data time (0.035649)	Cuda time (0.000002)	Loss (16.877400)	Accuracy (0.978519)
EVALUATING
{'loss': 16.749000062942503, 'accuracy': 0.9882622522115707, 'perfect_match_accuracy': 0.512, 'cost_ratio_suggested_true': 1.0421430897712707, 'below_10.0_percent_acc': 0.997, 'below_1.0_percent_acc': 0.818, 'below_0.1_percent_acc': 0.738, 'below_0.01_percent_acc': 0.737, 'below_0.001_percent_acc': 0.718, 'below_0.0001_percent_acc': 0.718, 'valid_acc': 1.0}
Epoch: 13	Batch time (2.517587)	Data time (0.035660)	Cuda time (0.000002)	Loss (16.904300)	Accuracy (0.979046)
EVALUATING
{'loss': 17.79499997138977, 'accuracy': 0.9893800324201584, 'perfect_match_accuracy': 0.541, 'cost_ratio_suggested_true': 1.0490308046340941, 'below_10.0_percent_acc': 0.994, 'below_1.0_percent_acc': 0.846, 'below_0.1_percent_acc': 0.766, 'below_0.01_percent_acc': 0.765, 'below_0.001_percent_acc': 0.733, 'below_0.0001_percent_acc': 0.733, 'valid_acc': 1.0}
Epoch: 14	Batch time (2.514693)	Data time (0.035654)	Cuda time (0.000002)	Loss (16.221700)	Accuracy (0.979381)
EVALUATING
{'loss': 16.922000226974486, 'accuracy': 0.9897044748067856, 'perfect_match_accuracy': 0.545, 'cost_ratio_suggested_true': 1.0351542353630065, 'below_10.0_percent_acc': 0.997, 'below_1.0_percent_acc': 0.871, 'below_0.1_percent_acc': 0.806, 'below_0.01_percent_acc': 0.804, 'below_0.001_percent_acc': 0.775, 'below_0.0001_percent_acc': 0.775, 'valid_acc': 1.0}
Epoch: 15	Batch time (2.520781)	Data time (0.035702)	Cuda time (0.000002)	Loss (16.017100)	Accuracy (0.979639)
EVALUATING
{'loss': 17.033999919891357, 'accuracy': 0.9896333599090577, 'perfect_match_accuracy': 0.563, 'cost_ratio_suggested_true': 1.044198101758957, 'below_10.0_percent_acc': 0.997, 'below_1.0_percent_acc': 0.868, 'below_0.1_percent_acc': 0.807, 'below_0.01_percent_acc': 0.805, 'below_0.001_percent_acc': 0.778, 'below_0.0001_percent_acc': 0.778, 'valid_acc': 1.0}
Epoch: 16	Batch time (2.514901)	Data time (0.035687)	Cuda time (0.000002)	Loss (15.705600)	Accuracy (0.980222)
EVALUATING
{'loss': 17.26800036430359, 'accuracy': 0.9898755884170533, 'perfect_match_accuracy': 0.539, 'cost_ratio_suggested_true': 1.0391169416904449, 'below_10.0_percent_acc': 0.997, 'below_1.0_percent_acc': 0.854, 'below_0.1_percent_acc': 0.782, 'below_0.01_percent_acc': 0.781, 'below_0.001_percent_acc': 0.765, 'below_0.0001_percent_acc': 0.765, 'valid_acc': 1.0}
Epoch: 17	Batch time (2.516059)	Data time (0.035676)	Cuda time (0.000002)	Loss (15.293800)	Accuracy (0.980426)
EVALUATING
{'loss': 16.52200015068054, 'accuracy': 0.990093365907669, 'perfect_match_accuracy': 0.565, 'cost_ratio_suggested_true': 1.035531336069107, 'below_10.0_percent_acc': 0.998, 'below_1.0_percent_acc': 0.867, 'below_0.1_percent_acc': 0.798, 'below_0.01_percent_acc': 0.797, 'below_0.001_percent_acc': 0.777, 'below_0.0001_percent_acc': 0.777, 'valid_acc': 1.0}
Epoch: 18	Batch time (2.526285)	Data time (0.035745)	Cuda time (0.000002)	Loss (14.844200)	Accuracy (0.980717)
EVALUATING
{'loss': 16.029000158309938, 'accuracy': 0.9895922410488128, 'perfect_match_accuracy': 0.568, 'cost_ratio_suggested_true': 1.0467673552036285, 'below_10.0_percent_acc': 0.996, 'below_1.0_percent_acc': 0.854, 'below_0.1_percent_acc': 0.793, 'below_0.01_percent_acc': 0.792, 'below_0.001_percent_acc': 0.774, 'below_0.0001_percent_acc': 0.774, 'valid_acc': 1.0}
Epoch: 19	Batch time (2.515996)	Data time (0.035691)	Cuda time (0.000002)	Loss (14.927900)	Accuracy (0.981229)
EVALUATING
{'loss': 15.913999872207642, 'accuracy': 0.9904444706439972, 'perfect_match_accuracy': 0.584, 'cost_ratio_suggested_true': 1.0403571426868439, 'below_10.0_percent_acc': 0.998, 'below_1.0_percent_acc': 0.883, 'below_0.1_percent_acc': 0.807, 'below_0.01_percent_acc': 0.806, 'below_0.001_percent_acc': 0.78, 'below_0.0001_percent_acc': 0.78, 'valid_acc': 1.0}
Epoch: 20	Batch time (2.517855)	Data time (0.035646)	Cuda time (0.000002)	Loss (14.398800)	Accuracy (0.981694)
EVALUATING
{'loss': 15.724000205993653, 'accuracy': 0.9905700290203094, 'perfect_match_accuracy': 0.562, 'cost_ratio_suggested_true': 1.0355449986457825, 'below_10.0_percent_acc': 0.997, 'below_1.0_percent_acc': 0.886, 'below_0.1_percent_acc': 0.824, 'below_0.01_percent_acc': 0.823, 'below_0.001_percent_acc': 0.8, 'below_0.0001_percent_acc': 0.8, 'valid_acc': 1.0}
Epoch: 21	Batch time (2.517235)	Data time (0.035649)	Cuda time (0.000002)	Loss (14.251500)	Accuracy (0.981501)
EVALUATING
{'loss': 15.705000076293945, 'accuracy': 0.9896422469615936, 'perfect_match_accuracy': 0.559, 'cost_ratio_suggested_true': 1.0388900196552278, 'below_10.0_percent_acc': 0.997, 'below_1.0_percent_acc': 0.842, 'below_0.1_percent_acc': 0.768, 'below_0.01_percent_acc': 0.767, 'below_0.001_percent_acc': 0.748, 'below_0.0001_percent_acc': 0.748, 'valid_acc': 1.0}
Epoch: 22	Batch time (2.517852)	Data time (0.035725)	Cuda time (0.000002)	Loss (13.887100)	Accuracy (0.982077)
EVALUATING
{'loss': 14.984000282287598, 'accuracy': 0.9907322537899017, 'perfect_match_accuracy': 0.587, 'cost_ratio_suggested_true': 1.033679245710373, 'below_10.0_percent_acc': 0.997, 'below_1.0_percent_acc': 0.874, 'below_0.1_percent_acc': 0.803, 'below_0.01_percent_acc': 0.802, 'below_0.001_percent_acc': 0.783, 'below_0.0001_percent_acc': 0.783, 'valid_acc': 1.0}
Epoch: 23	Batch time (2.510526)	Data time (0.035666)	Cuda time (0.000002)	Loss (13.950600)	Accuracy (0.982273)
EVALUATING
{'loss': 14.743000135421752, 'accuracy': 0.990563359260559, 'perfect_match_accuracy': 0.551, 'cost_ratio_suggested_true': 1.034819531440735, 'below_10.0_percent_acc': 0.998, 'below_1.0_percent_acc': 0.884, 'below_0.1_percent_acc': 0.813, 'below_0.01_percent_acc': 0.812, 'below_0.001_percent_acc': 0.784, 'below_0.0001_percent_acc': 0.784, 'valid_acc': 1.0}
Epoch: 24	Batch time (2.515646)	Data time (0.035662)	Cuda time (0.000002)	Loss (13.757700)	Accuracy (0.982151)
EVALUATING
{'loss': 15.039000158309937, 'accuracy': 0.9905855816602707, 'perfect_match_accuracy': 0.576, 'cost_ratio_suggested_true': 1.0319709026813506, 'below_10.0_percent_acc': 0.998, 'below_1.0_percent_acc': 0.876, 'below_0.1_percent_acc': 0.804, 'below_0.01_percent_acc': 0.803, 'below_0.001_percent_acc': 0.788, 'below_0.0001_percent_acc': 0.788, 'valid_acc': 1.0}
Epoch: 25	Batch time (2.518135)	Data time (0.035597)	Cuda time (0.000002)	Loss (13.429100)	Accuracy (0.982631)
EVALUATING
{'loss': 15.107000093460083, 'accuracy': 0.9905022400617599, 'perfect_match_accuracy': 0.578, 'cost_ratio_suggested_true': 1.0360549330711364, 'below_10.0_percent_acc': 0.998, 'below_1.0_percent_acc': 0.873, 'below_0.1_percent_acc': 0.812, 'below_0.01_percent_acc': 0.811, 'below_0.001_percent_acc': 0.786, 'below_0.0001_percent_acc': 0.786, 'valid_acc': 1.0}
Epoch: 26	Batch time (2.514592)	Data time (0.035596)	Cuda time (0.000002)	Loss (13.348900)	Accuracy (0.982889)
EVALUATING
{'loss': 14.406999988555908, 'accuracy': 0.9905044722557068, 'perfect_match_accuracy': 0.592, 'cost_ratio_suggested_true': 1.0401652610301972, 'below_10.0_percent_acc': 0.998, 'below_1.0_percent_acc': 0.878, 'below_0.1_percent_acc': 0.817, 'below_0.01_percent_acc': 0.815, 'below_0.001_percent_acc': 0.785, 'below_0.0001_percent_acc': 0.785, 'valid_acc': 1.0}
Epoch: 27	Batch time (2.511490)	Data time (0.035698)	Cuda time (0.000002)	Loss (12.955200)	Accuracy (0.983085)
EVALUATING
{'loss': 14.35899995803833, 'accuracy': 0.9907522541284561, 'perfect_match_accuracy': 0.579, 'cost_ratio_suggested_true': 1.0346937370300293, 'below_10.0_percent_acc': 0.998, 'below_1.0_percent_acc': 0.879, 'below_0.1_percent_acc': 0.815, 'below_0.01_percent_acc': 0.814, 'below_0.001_percent_acc': 0.801, 'below_0.0001_percent_acc': 0.801, 'valid_acc': 1.0}
Epoch: 28	Batch time (2.508993)	Data time (0.035490)	Cuda time (0.000002)	Loss (12.757800)	Accuracy (0.983555)
EVALUATING
{'loss': 14.24200011253357, 'accuracy': 0.9903111326694488, 'perfect_match_accuracy': 0.582, 'cost_ratio_suggested_true': 1.039058688879013, 'below_10.0_percent_acc': 0.998, 'below_1.0_percent_acc': 0.875, 'below_0.1_percent_acc': 0.809, 'below_0.01_percent_acc': 0.808, 'below_0.001_percent_acc': 0.791, 'below_0.0001_percent_acc': 0.791, 'valid_acc': 1.0}
Epoch: 29	Batch time (2.506498)	Data time (0.035453)	Cuda time (0.000002)	Loss (12.495600)	Accuracy (0.983654)
EVALUATING
{'loss': 13.888000087738037, 'accuracy': 0.990513356924057, 'perfect_match_accuracy': 0.578, 'cost_ratio_suggested_true': 1.0409018552303315, 'below_10.0_percent_acc': 0.998, 'below_1.0_percent_acc': 0.879, 'below_0.1_percent_acc': 0.81, 'below_0.01_percent_acc': 0.809, 'below_0.001_percent_acc': 0.785, 'below_0.0001_percent_acc': 0.785, 'valid_acc': 1.0}
Epoch: 30	Batch time (2.506671)	Data time (0.035434)	Cuda time (0.000002)	Loss (12.339300)	Accuracy (0.983915)
EVALUATING
{'loss': 14.179000120162964, 'accuracy': 0.9905633634328842, 'perfect_match_accuracy': 0.586, 'cost_ratio_suggested_true': 1.036126195192337, 'below_10.0_percent_acc': 0.998, 'below_1.0_percent_acc': 0.888, 'below_0.1_percent_acc': 0.823, 'below_0.01_percent_acc': 0.822, 'below_0.001_percent_acc': 0.797, 'below_0.0001_percent_acc': 0.797, 'valid_acc': 1.0}
Epoch: 31	Batch time (2.507046)	Data time (0.035440)	Cuda time (0.000002)	Loss (11.423400)	Accuracy (0.985222)
EVALUATING
{'loss': 13.505000171661377, 'accuracy': 0.9913844692707062, 'perfect_match_accuracy': 0.615, 'cost_ratio_suggested_true': 1.0337928354740142, 'below_10.0_percent_acc': 0.998, 'below_1.0_percent_acc': 0.896, 'below_0.1_percent_acc': 0.837, 'below_0.01_percent_acc': 0.836, 'below_0.001_percent_acc': 0.819, 'below_0.0001_percent_acc': 0.819, 'valid_acc': 1.0}
Epoch: 32	Batch time (2.510327)	Data time (0.035441)	Cuda time (0.000002)	Loss (10.802400)	Accuracy (0.985474)
EVALUATING
{'loss': 13.31100009918213, 'accuracy': 0.9916766941547394, 'perfect_match_accuracy': 0.623, 'cost_ratio_suggested_true': 1.0324822235107423, 'below_10.0_percent_acc': 0.998, 'below_1.0_percent_acc': 0.903, 'below_0.1_percent_acc': 0.852, 'below_0.01_percent_acc': 0.851, 'below_0.001_percent_acc': 0.828, 'below_0.0001_percent_acc': 0.828, 'valid_acc': 1.0}
Epoch: 33	Batch time (2.513186)	Data time (0.035443)	Cuda time (0.000002)	Loss (10.654900)	Accuracy (0.985867)
EVALUATING
{'loss': 12.872000007629394, 'accuracy': 0.9913700324296951, 'perfect_match_accuracy': 0.618, 'cost_ratio_suggested_true': 1.0336099326610566, 'below_10.0_percent_acc': 0.998, 'below_1.0_percent_acc': 0.894, 'below_0.1_percent_acc': 0.836, 'below_0.01_percent_acc': 0.835, 'below_0.001_percent_acc': 0.815, 'below_0.0001_percent_acc': 0.815, 'valid_acc': 1.0}
Epoch: 34	Batch time (2.513961)	Data time (0.035447)	Cuda time (0.000002)	Loss (10.219000)	Accuracy (0.985713)
EVALUATING
{'loss': 13.022999954223632, 'accuracy': 0.9916033577919007, 'perfect_match_accuracy': 0.627, 'cost_ratio_suggested_true': 1.030465532541275, 'below_10.0_percent_acc': 0.998, 'below_1.0_percent_acc': 0.9, 'below_0.1_percent_acc': 0.847, 'below_0.01_percent_acc': 0.846, 'below_0.001_percent_acc': 0.822, 'below_0.0001_percent_acc': 0.822, 'valid_acc': 1.0}
Epoch: 35	Batch time (2.506847)	Data time (0.035434)	Cuda time (0.000002)	Loss (10.380800)	Accuracy (0.985865)
EVALUATING
{'loss': 12.825000104904175, 'accuracy': 0.9917244720458984, 'perfect_match_accuracy': 0.621, 'cost_ratio_suggested_true': 1.0299929249286652, 'below_10.0_percent_acc': 0.998, 'below_1.0_percent_acc': 0.896, 'below_0.1_percent_acc': 0.841, 'below_0.01_percent_acc': 0.84, 'below_0.001_percent_acc': 0.819, 'below_0.0001_percent_acc': 0.819, 'valid_acc': 1.0}
Epoch: 36	Batch time (2.509765)	Data time (0.035458)	Cuda time (0.000002)	Loss (10.374800)	Accuracy (0.986041)
EVALUATING
{'loss': 12.975999927520752, 'accuracy': 0.991605578660965, 'perfect_match_accuracy': 0.616, 'cost_ratio_suggested_true': 1.0303171288967132, 'below_10.0_percent_acc': 0.998, 'below_1.0_percent_acc': 0.893, 'below_0.1_percent_acc': 0.839, 'below_0.01_percent_acc': 0.838, 'below_0.001_percent_acc': 0.815, 'below_0.0001_percent_acc': 0.815, 'valid_acc': 1.0}
Epoch: 37	Batch time (2.506141)	Data time (0.035441)	Cuda time (0.000002)	Loss (10.148400)	Accuracy (0.985897)
EVALUATING
{'loss': 12.749000177383422, 'accuracy': 0.9918989151716232, 'perfect_match_accuracy': 0.622, 'cost_ratio_suggested_true': 1.0308596837520598, 'below_10.0_percent_acc': 0.998, 'below_1.0_percent_acc': 0.899, 'below_0.1_percent_acc': 0.841, 'below_0.01_percent_acc': 0.84, 'below_0.001_percent_acc': 0.821, 'below_0.0001_percent_acc': 0.821, 'valid_acc': 1.0}
Epoch: 38	Batch time (2.506512)	Data time (0.035448)	Cuda time (0.000002)	Loss (10.142300)	Accuracy (0.985827)
EVALUATING
{'loss': 13.497000017166137, 'accuracy': 0.9918222498893737, 'perfect_match_accuracy': 0.631, 'cost_ratio_suggested_true': 1.027934160232544, 'below_10.0_percent_acc': 0.998, 'below_1.0_percent_acc': 0.899, 'below_0.1_percent_acc': 0.841, 'below_0.01_percent_acc': 0.84, 'below_0.001_percent_acc': 0.819, 'below_0.0001_percent_acc': 0.819, 'valid_acc': 1.0}
Epoch: 39	Batch time (2.505077)	Data time (0.035469)	Cuda time (0.000002)	Loss (10.326200)	Accuracy (0.986307)
EVALUATING
{'loss': 12.783000011444091, 'accuracy': 0.9915689134597778, 'perfect_match_accuracy': 0.631, 'cost_ratio_suggested_true': 1.0326954483985902, 'below_10.0_percent_acc': 0.998, 'below_1.0_percent_acc': 0.89, 'below_0.1_percent_acc': 0.836, 'below_0.01_percent_acc': 0.835, 'below_0.001_percent_acc': 0.818, 'below_0.0001_percent_acc': 0.818, 'valid_acc': 1.0}
Epoch: 40	Batch time (2.516934)	Data time (0.035459)	Cuda time (0.000002)	Loss (10.211200)	Accuracy (0.986214)
EVALUATING
{'loss': 12.923000183105469, 'accuracy': 0.9914011472463607, 'perfect_match_accuracy': 0.606, 'cost_ratio_suggested_true': 1.0327664029598236, 'below_10.0_percent_acc': 0.998, 'below_1.0_percent_acc': 0.896, 'below_0.1_percent_acc': 0.838, 'below_0.01_percent_acc': 0.837, 'below_0.001_percent_acc': 0.819, 'below_0.0001_percent_acc': 0.819, 'valid_acc': 1.0}
Epoch: 41	Batch time (2.508047)	Data time (0.035430)	Cuda time (0.000002)	Loss (9.926700)	Accuracy (0.986371)
EVALUATING
{'loss': 13.310000076293946, 'accuracy': 0.9915689235925674, 'perfect_match_accuracy': 0.618, 'cost_ratio_suggested_true': 1.0325575280189514, 'below_10.0_percent_acc': 0.998, 'below_1.0_percent_acc': 0.894, 'below_0.1_percent_acc': 0.839, 'below_0.01_percent_acc': 0.838, 'below_0.001_percent_acc': 0.819, 'below_0.0001_percent_acc': 0.819, 'valid_acc': 1.0}
Epoch: 42	Batch time (2.511764)	Data time (0.035433)	Cuda time (0.000002)	Loss (9.925100)	Accuracy (0.986440)
EVALUATING
{'loss': 12.662000007629395, 'accuracy': 0.9915477991104126, 'perfect_match_accuracy': 0.619, 'cost_ratio_suggested_true': 1.0326360177993774, 'below_10.0_percent_acc': 0.998, 'below_1.0_percent_acc': 0.893, 'below_0.1_percent_acc': 0.839, 'below_0.01_percent_acc': 0.838, 'below_0.001_percent_acc': 0.818, 'below_0.0001_percent_acc': 0.818, 'valid_acc': 1.0}
Epoch: 43	Batch time (2.507990)	Data time (0.035430)	Cuda time (0.000002)	Loss (9.722600)	Accuracy (0.986302)
EVALUATING
{'loss': 13.268999948501587, 'accuracy': 0.9915966945886612, 'perfect_match_accuracy': 0.617, 'cost_ratio_suggested_true': 1.0321382176876068, 'below_10.0_percent_acc': 0.998, 'below_1.0_percent_acc': 0.892, 'below_0.1_percent_acc': 0.84, 'below_0.01_percent_acc': 0.839, 'below_0.001_percent_acc': 0.818, 'below_0.0001_percent_acc': 0.818, 'valid_acc': 1.0}
Epoch: 44	Batch time (2.512128)	Data time (0.035443)	Cuda time (0.000002)	Loss (9.699700)	Accuracy (0.986456)
EVALUATING
{'loss': 13.699000072479247, 'accuracy': 0.9916589081287384, 'perfect_match_accuracy': 0.621, 'cost_ratio_suggested_true': 1.031119269132614, 'below_10.0_percent_acc': 0.998, 'below_1.0_percent_acc': 0.893, 'below_0.1_percent_acc': 0.841, 'below_0.01_percent_acc': 0.84, 'below_0.001_percent_acc': 0.821, 'below_0.0001_percent_acc': 0.821, 'valid_acc': 1.0}
Epoch: 45	Batch time (2.511813)	Data time (0.035439)	Cuda time (0.000002)	Loss (9.834000)	Accuracy (0.986521)
EVALUATING
{'loss': 12.749000148773193, 'accuracy': 0.9915078032016754, 'perfect_match_accuracy': 0.62, 'cost_ratio_suggested_true': 1.0324367308616638, 'below_10.0_percent_acc': 0.998, 'below_1.0_percent_acc': 0.89, 'below_0.1_percent_acc': 0.838, 'below_0.01_percent_acc': 0.837, 'below_0.001_percent_acc': 0.816, 'below_0.0001_percent_acc': 0.816, 'valid_acc': 1.0}
Epoch: 46	Batch time (2.511705)	Data time (0.035461)	Cuda time (0.000002)	Loss (9.704200)	Accuracy (0.986400)
EVALUATING
{'loss': 13.154000062942504, 'accuracy': 0.9915255814790725, 'perfect_match_accuracy': 0.619, 'cost_ratio_suggested_true': 1.032760545015335, 'below_10.0_percent_acc': 0.998, 'below_1.0_percent_acc': 0.893, 'below_0.1_percent_acc': 0.841, 'below_0.01_percent_acc': 0.84, 'below_0.001_percent_acc': 0.82, 'below_0.0001_percent_acc': 0.82, 'valid_acc': 1.0}
Epoch: 47	Batch time (2.513516)	Data time (0.035515)	Cuda time (0.000002)	Loss (9.714800)	Accuracy (0.986230)
EVALUATING
{'loss': 13.208000040054321, 'accuracy': 0.9916789102554321, 'perfect_match_accuracy': 0.62, 'cost_ratio_suggested_true': 1.0306856977939605, 'below_10.0_percent_acc': 0.998, 'below_1.0_percent_acc': 0.895, 'below_0.1_percent_acc': 0.842, 'below_0.01_percent_acc': 0.841, 'below_0.001_percent_acc': 0.82, 'below_0.0001_percent_acc': 0.82, 'valid_acc': 1.0}
Epoch: 48	Batch time (2.515360)	Data time (0.035533)	Cuda time (0.000002)	Loss (9.789800)	Accuracy (0.986655)
EVALUATING
{'loss': 13.203000078201294, 'accuracy': 0.9914366984367371, 'perfect_match_accuracy': 0.618, 'cost_ratio_suggested_true': 1.0324067151546479, 'below_10.0_percent_acc': 0.998, 'below_1.0_percent_acc': 0.89, 'below_0.1_percent_acc': 0.838, 'below_0.01_percent_acc': 0.837, 'below_0.001_percent_acc': 0.817, 'below_0.0001_percent_acc': 0.817, 'valid_acc': 1.0}
Epoch: 49	Batch time (2.510981)	Data time (0.035498)	Cuda time (0.000002)	Loss (9.865300)	Accuracy (0.986568)
EVALUATING
{'loss': 12.638000106811523, 'accuracy': 0.9915911412239075, 'perfect_match_accuracy': 0.62, 'cost_ratio_suggested_true': 1.0319523739814758, 'below_10.0_percent_acc': 0.998, 'below_1.0_percent_acc': 0.893, 'below_0.1_percent_acc': 0.843, 'below_0.01_percent_acc': 0.842, 'below_0.001_percent_acc': 0.821, 'below_0.0001_percent_acc': 0.821, 'valid_acc': 1.0}
Epoch: 50	Batch time (2.512617)	Data time (0.035569)	Cuda time (0.000002)	Loss (9.840000)	Accuracy (0.986876)
EVALUATING
{'loss': 13.159000215530396, 'accuracy': 0.9915000259876251, 'perfect_match_accuracy': 0.619, 'cost_ratio_suggested_true': 1.0322167658805848, 'below_10.0_percent_acc': 0.998, 'below_1.0_percent_acc': 0.892, 'below_0.1_percent_acc': 0.84, 'below_0.01_percent_acc': 0.839, 'below_0.001_percent_acc': 0.818, 'below_0.0001_percent_acc': 0.818, 'valid_acc': 1.0}
