No existing entry for trainer_params.mode.type
{}[type] = <class 'int'>(5)
No existing entry for trainer_params.mode.objective_type
{'type': 5}[objective_type] = <class 'str'>(dpo)
No existing entry for trainer_params.mode.use_marginal
{'type': 5, 'objective_type': 'dpo'}[use_marginal] = <class 'bool'>(True)
No existing entry for trainer_params.mode.nb_samples
{'type': 5, 'objective_type': 'dpo', 'use_marginal': True}[nb_samples] = <class 'int'>(1)
No existing entry for trainer_params.mode.temperature
{'type': 5, 'objective_type': 'dpo', 'use_marginal': True, 'nb_samples': 1}[temperature] = <class 'float'>(0.0)
No existing entry for trainer_params.mode.use_gamma
{'type': 5, 'objective_type': 'dpo', 'use_marginal': True, 'nb_samples': 1, 'temperature': 0.0}[use_gamma] = <class 'bool'>(False)
No existing entry for trainer_params.mode.loss_type
{'type': 5, 'objective_type': 'dpo', 'use_marginal': True, 'nb_samples': 1, 'temperature': 0.0, 'use_gamma': False}[loss_type] = <class 'str'>(fy)
No existing entry for trainer_params.mode.perturb_w
{'type': 5, 'objective_type': 'dpo', 'use_marginal': True, 'nb_samples': 1, 'temperature': 0.0, 'use_gamma': False, 'loss_type': 'fy'}[perturb_w] = <class 'bool'>(False)
No existing entry for trainer_params.mode.perturb_w_prime
{'type': 5, 'objective_type': 'dpo', 'use_marginal': True, 'nb_samples': 1, 'temperature': 0.0, 'use_gamma': False, 'loss_type': 'fy', 'perturb_w': False}[perturb_w_prime] = <class 'bool'>(False)
{'batch_size': 70, 'l1_regconst': 0.0, 'lambda_val': 20.0, 'lr_milestone_1': 30, 'lr_milestone_2': 40, 'model_params': {'arch_params': {}, 'model_name': 'CombResnet18'}, 'neighbourhood_fn': '8-grid', 'optimizer_name': 'Adam', 'optimizer_params': {'lr': 0.0005}, 'preload_batch': True, 'use_cuda': True, 'use_lr_scheduling': True, 'mode': {'type': 5, 'objective_type': 'dpo', 'use_marginal': True, 'nb_samples': 1, 'temperature': 0.0, 'use_gamma': False, 'loss_type': 'fy', 'perturb_w': False, 'perturb_w_prime': False}}[lambda_val] = <class 'float'>(0.0)
No existing entry for trainer_params.mode.dpo.maximize
{}[maximize] = <class 'bool'>(False)
{'data_dir': 'data/warcraft_shortest_path/12x12', 'evaluate_with_extra': False, 'normalize': True, 'use_local_path': False, 'use_test_set': True}[data_dir] = <class 'str'>(data/warcraft_shortest_path/24x24)
{'evaluate_every': 5, 'loader_params': {'data_dir': 'data/warcraft_shortest_path/24x24', 'evaluate_with_extra': False, 'normalize': True, 'use_local_path': False, 'use_test_set': True}, 'model_dir': 'results/warcraft_shortest_path_combresnet', 'num_cpus': 24, 'num_epochs': 50, 'problem_type': 'warcraft_shortest_path', 'ray_params': {}, 'save_visualizations': False, 'seed': 1, 'trainer_name': 'DijkstraMAP', 'trainer_params': {'batch_size': 70, 'l1_regconst': 0.0, 'lambda_val': 0.0, 'lr_milestone_1': 30, 'lr_milestone_2': 40, 'model_params': {'arch_params': {}, 'model_name': 'CombResnet18'}, 'neighbourhood_fn': '8-grid', 'optimizer_name': 'Adam', 'optimizer_params': {'lr': 0.0005}, 'preload_batch': True, 'use_cuda': True, 'use_lr_scheduling': True, 'mode': {'type': 5, 'objective_type': 'dpo', 'use_marginal': True, 'nb_samples': 1, 'temperature': 0.0, 'use_gamma': False, 'loss_type': 'fy', 'perturb_w': False, 'perturb_w_prime': False, 'dpo': {'maximize': False}}}, 'use_ray': True}[seed] = <class 'int'>(4)
{'evaluate_every': 5, 'loader_params': {'data_dir': 'data/warcraft_shortest_path/24x24', 'evaluate_with_extra': False, 'normalize': True, 'use_local_path': False, 'use_test_set': True}, 'model_dir': 'results/warcraft_shortest_path_combresnet', 'num_cpus': 24, 'num_epochs': 50, 'problem_type': 'warcraft_shortest_path', 'ray_params': {}, 'save_visualizations': False, 'seed': 4, 'trainer_name': 'DijkstraMAP', 'trainer_params': {'batch_size': 70, 'l1_regconst': 0.0, 'lambda_val': 0.0, 'lr_milestone_1': 30, 'lr_milestone_2': 40, 'model_params': {'arch_params': {}, 'model_name': 'CombResnet18'}, 'neighbourhood_fn': '8-grid', 'optimizer_name': 'Adam', 'optimizer_params': {'lr': 0.0005}, 'preload_batch': True, 'use_cuda': True, 'use_lr_scheduling': True, 'mode': {'type': 5, 'objective_type': 'dpo', 'use_marginal': True, 'nb_samples': 1, 'temperature': 0.0, 'use_gamma': False, 'loss_type': 'fy', 'perturb_w': False, 'perturb_w_prime': False, 'dpo': {'maximize': False}}}, 'use_ray': True}[evaluate_every] = <class 'int'>(1)
{'evaluate_every': 1, 'loader_params': {'data_dir': 'data/warcraft_shortest_path/24x24', 'evaluate_with_extra': False, 'normalize': True, 'use_local_path': False, 'use_test_set': True}, 'model_dir': 'results/warcraft_shortest_path_combresnet', 'num_cpus': 24, 'num_epochs': 50, 'problem_type': 'warcraft_shortest_path', 'ray_params': {}, 'save_visualizations': False, 'seed': 4, 'trainer_name': 'DijkstraMAP', 'trainer_params': {'batch_size': 70, 'l1_regconst': 0.0, 'lambda_val': 0.0, 'lr_milestone_1': 30, 'lr_milestone_2': 40, 'model_params': {'arch_params': {}, 'model_name': 'CombResnet18'}, 'neighbourhood_fn': '8-grid', 'optimizer_name': 'Adam', 'optimizer_params': {'lr': 0.0005}, 'preload_batch': True, 'use_cuda': True, 'use_lr_scheduling': True, 'mode': {'type': 5, 'objective_type': 'dpo', 'use_marginal': True, 'nb_samples': 1, 'temperature': 0.0, 'use_gamma': False, 'loss_type': 'fy', 'perturb_w': False, 'perturb_w_prime': False, 'dpo': {'maximize': False}}}, 'use_ray': True}[use_ray] = <class 'bool'>(False)
No existing entry for trainer_params.mode.type
{}[type] = <class 'int'>(5)
No existing entry for trainer_params.mode.objective_type
{'type': 5}[objective_type] = <class 'str'>(dpo)
No existing entry for trainer_params.mode.use_marginal
{'type': 5, 'objective_type': 'dpo'}[use_marginal] = <class 'bool'>(True)
No existing entry for trainer_params.mode.nb_samples
{'type': 5, 'objective_type': 'dpo', 'use_marginal': True}[nb_samples] = <class 'int'>(1)
No existing entry for trainer_params.mode.temperature
{'type': 5, 'objective_type': 'dpo', 'use_marginal': True, 'nb_samples': 1}[temperature] = <class 'float'>(0.0)
No existing entry for trainer_params.mode.use_gamma
{'type': 5, 'objective_type': 'dpo', 'use_marginal': True, 'nb_samples': 1, 'temperature': 0.0}[use_gamma] = <class 'bool'>(False)
No existing entry for trainer_params.mode.loss_type
{'type': 5, 'objective_type': 'dpo', 'use_marginal': True, 'nb_samples': 1, 'temperature': 0.0, 'use_gamma': False}[loss_type] = <class 'str'>(fy)
No existing entry for trainer_params.mode.perturb_w
{'type': 5, 'objective_type': 'dpo', 'use_marginal': True, 'nb_samples': 1, 'temperature': 0.0, 'use_gamma': False, 'loss_type': 'fy'}[perturb_w] = <class 'bool'>(False)
No existing entry for trainer_params.mode.perturb_w_prime
{'type': 5, 'objective_type': 'dpo', 'use_marginal': True, 'nb_samples': 1, 'temperature': 0.0, 'use_gamma': False, 'loss_type': 'fy', 'perturb_w': False}[perturb_w_prime] = <class 'bool'>(False)
{'batch_size': 70, 'l1_regconst': 0.0, 'lambda_val': 20.0, 'lr_milestone_1': 30, 'lr_milestone_2': 40, 'model_params': {'arch_params': {}, 'model_name': 'CombResnet18'}, 'neighbourhood_fn': '8-grid', 'optimizer_name': 'Adam', 'optimizer_params': {'lr': 0.0005}, 'preload_batch': True, 'use_cuda': True, 'use_lr_scheduling': True, 'mode': {'type': 5, 'objective_type': 'dpo', 'use_marginal': True, 'nb_samples': 1, 'temperature': 0.0, 'use_gamma': False, 'loss_type': 'fy', 'perturb_w': False, 'perturb_w_prime': False}}[lambda_val] = <class 'float'>(0.0)
No existing entry for trainer_params.mode.dpo.maximize
{}[maximize] = <class 'bool'>(False)
{'data_dir': 'data/warcraft_shortest_path/12x12', 'evaluate_with_extra': False, 'normalize': True, 'use_local_path': False, 'use_test_set': True}[data_dir] = <class 'str'>(data/warcraft_shortest_path/24x24)
{'evaluate_every': 5, 'loader_params': {'data_dir': 'data/warcraft_shortest_path/24x24', 'evaluate_with_extra': False, 'normalize': True, 'use_local_path': False, 'use_test_set': True}, 'model_dir': 'results/warcraft_shortest_path_combresnet', 'num_cpus': 24, 'num_epochs': 50, 'problem_type': 'warcraft_shortest_path', 'ray_params': {}, 'save_visualizations': False, 'seed': 1, 'trainer_name': 'DijkstraMAP', 'trainer_params': {'batch_size': 70, 'l1_regconst': 0.0, 'lambda_val': 0.0, 'lr_milestone_1': 30, 'lr_milestone_2': 40, 'model_params': {'arch_params': {}, 'model_name': 'CombResnet18'}, 'neighbourhood_fn': '8-grid', 'optimizer_name': 'Adam', 'optimizer_params': {'lr': 0.0005}, 'preload_batch': True, 'use_cuda': True, 'use_lr_scheduling': True, 'mode': {'type': 5, 'objective_type': 'dpo', 'use_marginal': True, 'nb_samples': 1, 'temperature': 0.0, 'use_gamma': False, 'loss_type': 'fy', 'perturb_w': False, 'perturb_w_prime': False, 'dpo': {'maximize': False}}}, 'use_ray': True}[seed] = <class 'int'>(4)
{'evaluate_every': 5, 'loader_params': {'data_dir': 'data/warcraft_shortest_path/24x24', 'evaluate_with_extra': False, 'normalize': True, 'use_local_path': False, 'use_test_set': True}, 'model_dir': 'results/warcraft_shortest_path_combresnet', 'num_cpus': 24, 'num_epochs': 50, 'problem_type': 'warcraft_shortest_path', 'ray_params': {}, 'save_visualizations': False, 'seed': 4, 'trainer_name': 'DijkstraMAP', 'trainer_params': {'batch_size': 70, 'l1_regconst': 0.0, 'lambda_val': 0.0, 'lr_milestone_1': 30, 'lr_milestone_2': 40, 'model_params': {'arch_params': {}, 'model_name': 'CombResnet18'}, 'neighbourhood_fn': '8-grid', 'optimizer_name': 'Adam', 'optimizer_params': {'lr': 0.0005}, 'preload_batch': True, 'use_cuda': True, 'use_lr_scheduling': True, 'mode': {'type': 5, 'objective_type': 'dpo', 'use_marginal': True, 'nb_samples': 1, 'temperature': 0.0, 'use_gamma': False, 'loss_type': 'fy', 'perturb_w': False, 'perturb_w_prime': False, 'dpo': {'maximize': False}}}, 'use_ray': True}[evaluate_every] = <class 'int'>(1)
{'evaluate_every': 1, 'loader_params': {'data_dir': 'data/warcraft_shortest_path/24x24', 'evaluate_with_extra': False, 'normalize': True, 'use_local_path': False, 'use_test_set': True}, 'model_dir': 'results/warcraft_shortest_path_combresnet', 'num_cpus': 24, 'num_epochs': 50, 'problem_type': 'warcraft_shortest_path', 'ray_params': {}, 'save_visualizations': False, 'seed': 4, 'trainer_name': 'DijkstraMAP', 'trainer_params': {'batch_size': 70, 'l1_regconst': 0.0, 'lambda_val': 0.0, 'lr_milestone_1': 30, 'lr_milestone_2': 40, 'model_params': {'arch_params': {}, 'model_name': 'CombResnet18'}, 'neighbourhood_fn': '8-grid', 'optimizer_name': 'Adam', 'optimizer_params': {'lr': 0.0005}, 'preload_batch': True, 'use_cuda': True, 'use_lr_scheduling': True, 'mode': {'type': 5, 'objective_type': 'dpo', 'use_marginal': True, 'nb_samples': 1, 'temperature': 0.0, 'use_gamma': False, 'loss_type': 'fy', 'perturb_w': False, 'perturb_w_prime': False, 'dpo': {'maximize': False}}}, 'use_ray': True}[use_ray] = <class 'bool'>(False)
{
    "evaluate_every": 1,
    "loader_params": {
        "data_dir": "data/warcraft_shortest_path/24x24",
        "evaluate_with_extra": false,
        "normalize": true,
        "use_local_path": false,
        "use_test_set": true
    },
    "model_dir": "results/warcraft_shortest_path_combresnet",
    "num_cpus": 24,
    "num_epochs": 50,
    "problem_type": "warcraft_shortest_path",
    "ray_params": {},
    "save_visualizations": false,
    "seed": 4,
    "trainer_name": "DijkstraMAP",
    "trainer_params": {
        "batch_size": 70,
        "l1_regconst": 0.0,
        "lambda_val": 0.0,
        "lr_milestone_1": 30,
        "lr_milestone_2": 40,
        "mode": {
            "dpo": {
                "maximize": false
            },
            "loss_type": "fy",
            "nb_samples": 1,
            "objective_type": "dpo",
            "perturb_w": false,
            "perturb_w_prime": false,
            "temperature": 0.0,
            "type": 5,
            "use_gamma": false,
            "use_marginal": true
        },
        "model_params": {
            "arch_params": {},
            "model_name": "CombResnet18"
        },
        "neighbourhood_fn": "8-grid",
        "optimizer_name": "Adam",
        "optimizer_params": {
            "lr": 0.0005
        },
        "preload_batch": true,
        "use_cuda": true,
        "use_lr_scheduling": true
    },
    "use_ray": false
}
MAP-BACKPROP MODE: {
    "dpo": {
        "maximize": false
    },
    "loss_type": "fy",
    "nb_samples": 1,
    "objective_type": "dpo",
    "perturb_w": false,
    "perturb_w_prime": false,
    "temperature": 0.0,
    "type": 5,
    "use_gamma": false,
    "use_marginal": true
}
True
META: {'input_image_size': 192, 'output_features': 576, 'num_channels': 3, 'denormalize': <maprop.decorators.input_to_numpy object at 0x2ba8d0e72e80>}
EVALUATING
{'loss': 43.766000289916995, 'accuracy': 0.9240173697471619, 'perfect_match_accuracy': 0.004, 'cost_ratio_suggested_true': 2.501192498207092, 'below_10.0_percent_acc': 0.127, 'below_1.0_percent_acc': 0.019, 'below_0.1_percent_acc': 0.014, 'below_0.01_percent_acc': 0.014, 'below_0.001_percent_acc': 0.014, 'below_0.0001_percent_acc': 0.014, 'valid_acc': 1.0}
Epoch: 1	Batch time (1.936362)	Data time (0.045091)	Cuda time (0.000002)	Loss (15.267300)	Accuracy (0.973494)
EVALUATING
{'loss': 9.686000065803528, 'accuracy': 0.9831840360164642, 'perfect_match_accuracy': 0.395, 'cost_ratio_suggested_true': 1.054917094707489, 'below_10.0_percent_acc': 0.988, 'below_1.0_percent_acc': 0.822, 'below_0.1_percent_acc': 0.775, 'below_0.01_percent_acc': 0.775, 'below_0.001_percent_acc': 0.734, 'below_0.0001_percent_acc': 0.734, 'valid_acc': 1.0}
Epoch: 2	Batch time (1.954038)	Data time (0.041424)	Cuda time (0.000002)	Loss (8.687900)	Accuracy (0.984917)
EVALUATING
{'loss': 8.02600004196167, 'accuracy': 0.9860659861564636, 'perfect_match_accuracy': 0.447, 'cost_ratio_suggested_true': 1.0445514595508576, 'below_10.0_percent_acc': 0.996, 'below_1.0_percent_acc': 0.883, 'below_0.1_percent_acc': 0.844, 'below_0.01_percent_acc': 0.844, 'below_0.001_percent_acc': 0.813, 'below_0.0001_percent_acc': 0.813, 'valid_acc': 1.0}
Epoch: 3	Batch time (1.941647)	Data time (0.036149)	Cuda time (0.000002)	Loss (7.278600)	Accuracy (0.987364)
EVALUATING
{'loss': 7.440999989509582, 'accuracy': 0.9870816063880921, 'perfect_match_accuracy': 0.493, 'cost_ratio_suggested_true': 1.036388440132141, 'below_10.0_percent_acc': 0.998, 'below_1.0_percent_acc': 0.908, 'below_0.1_percent_acc': 0.868, 'below_0.01_percent_acc': 0.868, 'below_0.001_percent_acc': 0.843, 'below_0.0001_percent_acc': 0.842, 'valid_acc': 1.0}
Epoch: 4	Batch time (1.961572)	Data time (0.038391)	Cuda time (0.000002)	Loss (6.270600)	Accuracy (0.989114)
EVALUATING
{'loss': 6.570999987125397, 'accuracy': 0.9885920262336731, 'perfect_match_accuracy': 0.518, 'cost_ratio_suggested_true': 1.028147314786911, 'below_10.0_percent_acc': 1.0, 'below_1.0_percent_acc': 0.926, 'below_0.1_percent_acc': 0.887, 'below_0.01_percent_acc': 0.887, 'below_0.001_percent_acc': 0.853, 'below_0.0001_percent_acc': 0.852, 'valid_acc': 1.0}
Epoch: 5	Batch time (2.486799)	Data time (0.049934)	Cuda time (0.000002)	Loss (5.947100)	Accuracy (0.989675)
EVALUATING
{'loss': 6.2120000886917115, 'accuracy': 0.9892152953147888, 'perfect_match_accuracy': 0.559, 'cost_ratio_suggested_true': 1.0330662262439727, 'below_10.0_percent_acc': 1.0, 'below_1.0_percent_acc': 0.945, 'below_0.1_percent_acc': 0.914, 'below_0.01_percent_acc': 0.914, 'below_0.001_percent_acc': 0.861, 'below_0.0001_percent_acc': 0.86, 'valid_acc': 1.0}
Epoch: 6	Batch time (2.309334)	Data time (0.054243)	Cuda time (0.000002)	Loss (5.352100)	Accuracy (0.990708)
EVALUATING
{'loss': 5.349000017642975, 'accuracy': 0.9907135504484177, 'perfect_match_accuracy': 0.591, 'cost_ratio_suggested_true': 1.0149821281433105, 'below_10.0_percent_acc': 1.0, 'below_1.0_percent_acc': 0.952, 'below_0.1_percent_acc': 0.922, 'below_0.01_percent_acc': 0.922, 'below_0.001_percent_acc': 0.876, 'below_0.0001_percent_acc': 0.876, 'valid_acc': 1.0}
Epoch: 7	Batch time (2.442812)	Data time (0.057596)	Cuda time (0.000002)	Loss (5.176800)	Accuracy (0.991013)
EVALUATING
{'loss': 5.364000010490417, 'accuracy': 0.990687511563301, 'perfect_match_accuracy': 0.584, 'cost_ratio_suggested_true': 1.0208588016033173, 'below_10.0_percent_acc': 1.0, 'below_1.0_percent_acc': 0.962, 'below_0.1_percent_acc': 0.938, 'below_0.01_percent_acc': 0.938, 'below_0.001_percent_acc': 0.893, 'below_0.0001_percent_acc': 0.891, 'valid_acc': 1.0}
Epoch: 8	Batch time (2.479446)	Data time (0.046309)	Cuda time (0.000002)	Loss (4.897600)	Accuracy (0.991497)
EVALUATING
{'loss': 5.558999991416931, 'accuracy': 0.990348972082138, 'perfect_match_accuracy': 0.575, 'cost_ratio_suggested_true': 1.0203720700740815, 'below_10.0_percent_acc': 1.0, 'below_1.0_percent_acc': 0.958, 'below_0.1_percent_acc': 0.931, 'below_0.01_percent_acc': 0.93, 'below_0.001_percent_acc': 0.889, 'below_0.0001_percent_acc': 0.889, 'valid_acc': 1.0}
Epoch: 9	Batch time (2.306641)	Data time (0.048312)	Cuda time (0.000002)	Loss (4.593600)	Accuracy (0.992025)
EVALUATING
{'loss': 5.386999988555909, 'accuracy': 0.990647583603859, 'perfect_match_accuracy': 0.593, 'cost_ratio_suggested_true': 1.0181860756874084, 'below_10.0_percent_acc': 1.0, 'below_1.0_percent_acc': 0.965, 'below_0.1_percent_acc': 0.934, 'below_0.01_percent_acc': 0.934, 'below_0.001_percent_acc': 0.898, 'below_0.0001_percent_acc': 0.897, 'valid_acc': 1.0}
Epoch: 10	Batch time (2.090968)	Data time (0.039527)	Cuda time (0.000002)	Loss (4.442200)	Accuracy (0.992288)
EVALUATING
{'loss': 6.292999997138977, 'accuracy': 0.989074677824974, 'perfect_match_accuracy': 0.54, 'cost_ratio_suggested_true': 1.0241413164138793, 'below_10.0_percent_acc': 1.0, 'below_1.0_percent_acc': 0.943, 'below_0.1_percent_acc': 0.908, 'below_0.01_percent_acc': 0.908, 'below_0.001_percent_acc': 0.866, 'below_0.0001_percent_acc': 0.865, 'valid_acc': 1.0}
Epoch: 11	Batch time (2.146243)	Data time (0.042139)	Cuda time (0.000002)	Loss (4.364400)	Accuracy (0.992423)
EVALUATING
{'loss': 4.8360000061988835, 'accuracy': 0.9916041785478592, 'perfect_match_accuracy': 0.624, 'cost_ratio_suggested_true': 1.0178828394412995, 'below_10.0_percent_acc': 1.0, 'below_1.0_percent_acc': 0.971, 'below_0.1_percent_acc': 0.944, 'below_0.01_percent_acc': 0.944, 'below_0.001_percent_acc': 0.898, 'below_0.0001_percent_acc': 0.897, 'valid_acc': 1.0}
Epoch: 12	Batch time (19.499834)	Data time (0.039039)	Cuda time (0.000002)	Loss (4.169200)	Accuracy (0.992762)
EVALUATING
{'loss': 5.511000037193298, 'accuracy': 0.9904322987794876, 'perfect_match_accuracy': 0.599, 'cost_ratio_suggested_true': 1.0232217109203339, 'below_10.0_percent_acc': 1.0, 'below_1.0_percent_acc': 0.954, 'below_0.1_percent_acc': 0.93, 'below_0.01_percent_acc': 0.93, 'below_0.001_percent_acc': 0.905, 'below_0.0001_percent_acc': 0.905, 'valid_acc': 1.0}
Epoch: 13	Batch time (2.199219)	Data time (0.043931)	Cuda time (0.000003)	Loss (3.958000)	Accuracy (0.993128)
EVALUATING
{'loss': 4.850000011920929, 'accuracy': 0.9915798729658127, 'perfect_match_accuracy': 0.644, 'cost_ratio_suggested_true': 1.0198822581768037, 'below_10.0_percent_acc': 1.0, 'below_1.0_percent_acc': 0.959, 'below_0.1_percent_acc': 0.936, 'below_0.01_percent_acc': 0.936, 'below_0.001_percent_acc': 0.885, 'below_0.0001_percent_acc': 0.883, 'valid_acc': 1.0}
Epoch: 14	Batch time (2.201282)	Data time (0.040833)	Cuda time (0.000003)	Loss (3.900700)	Accuracy (0.993228)
EVALUATING
{'loss': 4.786999995708466, 'accuracy': 0.9916892409324646, 'perfect_match_accuracy': 0.641, 'cost_ratio_suggested_true': 1.019672669172287, 'below_10.0_percent_acc': 1.0, 'below_1.0_percent_acc': 0.982, 'below_0.1_percent_acc': 0.958, 'below_0.01_percent_acc': 0.958, 'below_0.001_percent_acc': 0.91, 'below_0.0001_percent_acc': 0.91, 'valid_acc': 1.0}
Epoch: 15	Batch time (2.236816)	Data time (0.039489)	Cuda time (0.000002)	Loss (3.721200)	Accuracy (0.993540)
EVALUATING
{'loss': 4.838000063896179, 'accuracy': 0.9916007095575332, 'perfect_match_accuracy': 0.623, 'cost_ratio_suggested_true': 1.0188838374614715, 'below_10.0_percent_acc': 1.0, 'below_1.0_percent_acc': 0.975, 'below_0.1_percent_acc': 0.952, 'below_0.01_percent_acc': 0.952, 'below_0.001_percent_acc': 0.918, 'below_0.0001_percent_acc': 0.918, 'valid_acc': 1.0}
Epoch: 16	Batch time (2.212208)	Data time (0.038946)	Cuda time (0.000003)	Loss (3.922400)	Accuracy (0.993190)
EVALUATING
{'loss': 4.590000002384186, 'accuracy': 0.9920312702655792, 'perfect_match_accuracy': 0.633, 'cost_ratio_suggested_true': 1.0141801178455352, 'below_10.0_percent_acc': 1.0, 'below_1.0_percent_acc': 0.981, 'below_0.1_percent_acc': 0.96, 'below_0.01_percent_acc': 0.96, 'below_0.001_percent_acc': 0.911, 'below_0.0001_percent_acc': 0.91, 'valid_acc': 1.0}
Epoch: 17	Batch time (2.207998)	Data time (0.043938)	Cuda time (0.000003)	Loss (3.677900)	Accuracy (0.993615)
EVALUATING
{'loss': 4.55000002861023, 'accuracy': 0.9921007132530213, 'perfect_match_accuracy': 0.646, 'cost_ratio_suggested_true': 1.0155643677711488, 'below_10.0_percent_acc': 1.0, 'below_1.0_percent_acc': 0.979, 'below_0.1_percent_acc': 0.958, 'below_0.01_percent_acc': 0.958, 'below_0.001_percent_acc': 0.92, 'below_0.0001_percent_acc': 0.919, 'valid_acc': 1.0}
Epoch: 18	Batch time (2.165945)	Data time (0.041365)	Cuda time (0.000003)	Loss (3.556300)	Accuracy (0.993826)
EVALUATING
{'loss': 4.2050000047683715, 'accuracy': 0.9926996684074402, 'perfect_match_accuracy': 0.667, 'cost_ratio_suggested_true': 1.014884991645813, 'below_10.0_percent_acc': 1.0, 'below_1.0_percent_acc': 0.98, 'below_0.1_percent_acc': 0.966, 'below_0.01_percent_acc': 0.966, 'below_0.001_percent_acc': 0.933, 'below_0.0001_percent_acc': 0.933, 'valid_acc': 1.0}
Epoch: 19	Batch time (2.139676)	Data time (0.037252)	Cuda time (0.000002)	Loss (3.595800)	Accuracy (0.993757)
EVALUATING
{'loss': 4.866000032424926, 'accuracy': 0.9915520894527435, 'perfect_match_accuracy': 0.602, 'cost_ratio_suggested_true': 1.0141266083717346, 'below_10.0_percent_acc': 1.0, 'below_1.0_percent_acc': 0.977, 'below_0.1_percent_acc': 0.96, 'below_0.01_percent_acc': 0.96, 'below_0.001_percent_acc': 0.9, 'below_0.0001_percent_acc': 0.899, 'valid_acc': 1.0}
Epoch: 20	Batch time (2.143141)	Data time (0.039385)	Cuda time (0.000002)	Loss (3.717500)	Accuracy (0.993546)
EVALUATING
{'loss': 4.457000017166138, 'accuracy': 0.9922621643543243, 'perfect_match_accuracy': 0.647, 'cost_ratio_suggested_true': 1.0160081791877746, 'below_10.0_percent_acc': 1.0, 'below_1.0_percent_acc': 0.975, 'below_0.1_percent_acc': 0.956, 'below_0.01_percent_acc': 0.956, 'below_0.001_percent_acc': 0.924, 'below_0.0001_percent_acc': 0.924, 'valid_acc': 1.0}
Epoch: 21	Batch time (2.120887)	Data time (0.037941)	Cuda time (0.000002)	Loss (3.345500)	Accuracy (0.994192)
EVALUATING
{'loss': 4.141000020503998, 'accuracy': 0.9928107762336731, 'perfect_match_accuracy': 0.669, 'cost_ratio_suggested_true': 1.01551864862442, 'below_10.0_percent_acc': 1.0, 'below_1.0_percent_acc': 0.984, 'below_0.1_percent_acc': 0.968, 'below_0.01_percent_acc': 0.968, 'below_0.001_percent_acc': 0.938, 'below_0.0001_percent_acc': 0.938, 'valid_acc': 1.0}
Epoch: 22	Batch time (2.071070)	Data time (0.037050)	Cuda time (0.000002)	Loss (3.570700)	Accuracy (0.993801)
EVALUATING
{'loss': 4.405999977588653, 'accuracy': 0.9923507076501846, 'perfect_match_accuracy': 0.661, 'cost_ratio_suggested_true': 1.0152435767650605, 'below_10.0_percent_acc': 1.0, 'below_1.0_percent_acc': 0.979, 'below_0.1_percent_acc': 0.964, 'below_0.01_percent_acc': 0.964, 'below_0.001_percent_acc': 0.933, 'below_0.0001_percent_acc': 0.933, 'valid_acc': 1.0}
Epoch: 23	Batch time (2.655149)	Data time (0.040662)	Cuda time (0.000002)	Loss (3.089200)	Accuracy (0.994637)
EVALUATING
{'loss': 4.674000084400177, 'accuracy': 0.9918854314088822, 'perfect_match_accuracy': 0.654, 'cost_ratio_suggested_true': 1.0147457164525986, 'below_10.0_percent_acc': 1.0, 'below_1.0_percent_acc': 0.974, 'below_0.1_percent_acc': 0.957, 'below_0.01_percent_acc': 0.957, 'below_0.001_percent_acc': 0.942, 'below_0.0001_percent_acc': 0.942, 'valid_acc': 1.0}
Epoch: 24	Batch time (2.666234)	Data time (0.046189)	Cuda time (0.000002)	Loss (3.288000)	Accuracy (0.994292)
EVALUATING
{'loss': 4.645000081062317, 'accuracy': 0.9919357794523239, 'perfect_match_accuracy': 0.654, 'cost_ratio_suggested_true': 1.0172209298610688, 'below_10.0_percent_acc': 1.0, 'below_1.0_percent_acc': 0.974, 'below_0.1_percent_acc': 0.95, 'below_0.01_percent_acc': 0.95, 'below_0.001_percent_acc': 0.904, 'below_0.0001_percent_acc': 0.902, 'valid_acc': 1.0}
Epoch: 25	Batch time (2.642408)	Data time (0.046586)	Cuda time (0.000002)	Loss (3.282400)	Accuracy (0.994301)
EVALUATING
{'loss': 4.090000030994415, 'accuracy': 0.9928993153572082, 'perfect_match_accuracy': 0.68, 'cost_ratio_suggested_true': 1.013753502368927, 'below_10.0_percent_acc': 1.0, 'below_1.0_percent_acc': 0.982, 'below_0.1_percent_acc': 0.964, 'below_0.01_percent_acc': 0.964, 'below_0.001_percent_acc': 0.925, 'below_0.0001_percent_acc': 0.924, 'valid_acc': 1.0}
Epoch: 26	Batch time (2.607521)	Data time (0.049200)	Cuda time (0.000002)	Loss (3.230500)	Accuracy (0.994392)
EVALUATING
{'loss': 4.537000005245209, 'accuracy': 0.9921232742071152, 'perfect_match_accuracy': 0.647, 'cost_ratio_suggested_true': 1.0165163362026215, 'below_10.0_percent_acc': 1.0, 'below_1.0_percent_acc': 0.979, 'below_0.1_percent_acc': 0.954, 'below_0.01_percent_acc': 0.954, 'below_0.001_percent_acc': 0.917, 'below_0.0001_percent_acc': 0.917, 'valid_acc': 1.0}
Epoch: 27	Batch time (2.648508)	Data time (0.052886)	Cuda time (0.000003)	Loss (3.189700)	Accuracy (0.994462)
EVALUATING
{'loss': 4.63899995803833, 'accuracy': 0.9919461899995804, 'perfect_match_accuracy': 0.637, 'cost_ratio_suggested_true': 1.0130897855758667, 'below_10.0_percent_acc': 1.0, 'below_1.0_percent_acc': 0.978, 'below_0.1_percent_acc': 0.957, 'below_0.01_percent_acc': 0.957, 'below_0.001_percent_acc': 0.933, 'below_0.0001_percent_acc': 0.933, 'valid_acc': 1.0}
Epoch: 28	Batch time (2.655015)	Data time (0.041968)	Cuda time (0.000002)	Loss (3.075300)	Accuracy (0.994661)
EVALUATING
{'loss': 4.85200003862381, 'accuracy': 0.991576401591301, 'perfect_match_accuracy': 0.641, 'cost_ratio_suggested_true': 1.0180424499511718, 'below_10.0_percent_acc': 1.0, 'below_1.0_percent_acc': 0.977, 'below_0.1_percent_acc': 0.958, 'below_0.01_percent_acc': 0.957, 'below_0.001_percent_acc': 0.904, 'below_0.0001_percent_acc': 0.903, 'valid_acc': 1.0}
Epoch: 29	Batch time (3.909612)	Data time (0.053702)	Cuda time (0.000002)	Loss (3.091300)	Accuracy (0.994633)
EVALUATING
{'loss': 4.478000047206879, 'accuracy': 0.9922256988286972, 'perfect_match_accuracy': 0.659, 'cost_ratio_suggested_true': 1.0152531611919402, 'below_10.0_percent_acc': 1.0, 'below_1.0_percent_acc': 0.982, 'below_0.1_percent_acc': 0.956, 'below_0.01_percent_acc': 0.956, 'below_0.001_percent_acc': 0.933, 'below_0.0001_percent_acc': 0.933, 'valid_acc': 1.0}
Epoch: 30	Batch time (4.275706)	Data time (0.078836)	Cuda time (0.000003)	Loss (3.035600)	Accuracy (0.994730)
EVALUATING
{'loss': 4.391000003814697, 'accuracy': 0.9923767560720443, 'perfect_match_accuracy': 0.687, 'cost_ratio_suggested_true': 1.017398008108139, 'below_10.0_percent_acc': 1.0, 'below_1.0_percent_acc': 0.973, 'below_0.1_percent_acc': 0.955, 'below_0.01_percent_acc': 0.955, 'below_0.001_percent_acc': 0.923, 'below_0.0001_percent_acc': 0.922, 'valid_acc': 1.0}
Epoch: 31	Batch time (4.359407)	Data time (0.074720)	Cuda time (0.000002)	Loss (2.109800)	Accuracy (0.996337)
EVALUATING
{'loss': 4.055000026226043, 'accuracy': 0.9929600763320923, 'perfect_match_accuracy': 0.704, 'cost_ratio_suggested_true': 1.015205067396164, 'below_10.0_percent_acc': 1.0, 'below_1.0_percent_acc': 0.982, 'below_0.1_percent_acc': 0.965, 'below_0.01_percent_acc': 0.965, 'below_0.001_percent_acc': 0.929, 'below_0.0001_percent_acc': 0.928, 'valid_acc': 1.0}
Epoch: 32	Batch time (4.304027)	Data time (0.074510)	Cuda time (0.000002)	Loss (1.695900)	Accuracy (0.997056)
EVALUATING
{'loss': 3.78, 'accuracy': 0.993437511920929, 'perfect_match_accuracy': 0.719, 'cost_ratio_suggested_true': 1.014084552526474, 'below_10.0_percent_acc': 1.0, 'below_1.0_percent_acc': 0.988, 'below_0.1_percent_acc': 0.972, 'below_0.01_percent_acc': 0.972, 'below_0.001_percent_acc': 0.932, 'below_0.0001_percent_acc': 0.931, 'valid_acc': 1.0}
Epoch: 33	Batch time (4.217473)	Data time (0.094353)	Cuda time (0.000002)	Loss (1.644100)	Accuracy (0.997146)
EVALUATING
{'loss': 3.656999995708466, 'accuracy': 0.9936510622501373, 'perfect_match_accuracy': 0.723, 'cost_ratio_suggested_true': 1.0131207060813905, 'below_10.0_percent_acc': 1.0, 'below_1.0_percent_acc': 0.989, 'below_0.1_percent_acc': 0.972, 'below_0.01_percent_acc': 0.972, 'below_0.001_percent_acc': 0.933, 'below_0.0001_percent_acc': 0.932, 'valid_acc': 1.0}
Epoch: 34	Batch time (4.202293)	Data time (0.090031)	Cuda time (0.000002)	Loss (1.588100)	Accuracy (0.997243)
EVALUATING
{'loss': 3.918000054359436, 'accuracy': 0.9931979340314865, 'perfect_match_accuracy': 0.715, 'cost_ratio_suggested_true': 1.0156201386451722, 'below_10.0_percent_acc': 1.0, 'below_1.0_percent_acc': 0.986, 'below_0.1_percent_acc': 0.967, 'below_0.01_percent_acc': 0.967, 'below_0.001_percent_acc': 0.937, 'below_0.0001_percent_acc': 0.937, 'valid_acc': 1.0}
Epoch: 35	Batch time (4.293144)	Data time (0.074918)	Cuda time (0.000002)	Loss (1.579800)	Accuracy (0.997257)
EVALUATING
{'loss': 3.628999992609024, 'accuracy': 0.9936996585130692, 'perfect_match_accuracy': 0.716, 'cost_ratio_suggested_true': 1.0128546392917632, 'below_10.0_percent_acc': 1.0, 'below_1.0_percent_acc': 0.988, 'below_0.1_percent_acc': 0.973, 'below_0.01_percent_acc': 0.973, 'below_0.001_percent_acc': 0.927, 'below_0.0001_percent_acc': 0.926, 'valid_acc': 1.0}
Epoch: 36	Batch time (4.390838)	Data time (0.087941)	Cuda time (0.000002)	Loss (1.486500)	Accuracy (0.997419)
EVALUATING
{'loss': 3.8640000557899477, 'accuracy': 0.9932916754484177, 'perfect_match_accuracy': 0.71, 'cost_ratio_suggested_true': 1.0138423931598664, 'below_10.0_percent_acc': 1.0, 'below_1.0_percent_acc': 0.984, 'below_0.1_percent_acc': 0.966, 'below_0.01_percent_acc': 0.966, 'below_0.001_percent_acc': 0.928, 'below_0.0001_percent_acc': 0.927, 'valid_acc': 1.0}
Epoch: 37	Batch time (4.302057)	Data time (0.075324)	Cuda time (0.000093)	Loss (1.483600)	Accuracy (0.997424)
EVALUATING
{'loss': 3.4980000352859495, 'accuracy': 0.9939270937442779, 'perfect_match_accuracy': 0.726, 'cost_ratio_suggested_true': 1.0124746358394623, 'below_10.0_percent_acc': 1.0, 'below_1.0_percent_acc': 0.989, 'below_0.1_percent_acc': 0.974, 'below_0.01_percent_acc': 0.974, 'below_0.001_percent_acc': 0.935, 'below_0.0001_percent_acc': 0.934, 'valid_acc': 1.0}
Epoch: 38	Batch time (4.329404)	Data time (0.079869)	Cuda time (0.000002)	Loss (1.459600)	Accuracy (0.997466)
EVALUATING
{'loss': 3.5170000076293944, 'accuracy': 0.9938941097259522, 'perfect_match_accuracy': 0.724, 'cost_ratio_suggested_true': 1.0114308834075927, 'below_10.0_percent_acc': 1.0, 'below_1.0_percent_acc': 0.99, 'below_0.1_percent_acc': 0.977, 'below_0.01_percent_acc': 0.977, 'below_0.001_percent_acc': 0.94, 'below_0.0001_percent_acc': 0.94, 'valid_acc': 1.0}
Epoch: 39	Batch time (4.307967)	Data time (0.083648)	Cuda time (0.000002)	Loss (1.403600)	Accuracy (0.997563)
EVALUATING
{'loss': 3.725, 'accuracy': 0.9935330021381378, 'perfect_match_accuracy': 0.725, 'cost_ratio_suggested_true': 1.0123977768421173, 'below_10.0_percent_acc': 1.0, 'below_1.0_percent_acc': 0.988, 'below_0.1_percent_acc': 0.972, 'below_0.01_percent_acc': 0.972, 'below_0.001_percent_acc': 0.933, 'below_0.0001_percent_acc': 0.933, 'valid_acc': 1.0}
Epoch: 40	Batch time (4.281597)	Data time (0.075400)	Cuda time (0.000002)	Loss (1.418300)	Accuracy (0.997538)
EVALUATING
{'loss': 3.581999990940094, 'accuracy': 0.9937812632322311, 'perfect_match_accuracy': 0.729, 'cost_ratio_suggested_true': 1.0129151165485382, 'below_10.0_percent_acc': 1.0, 'below_1.0_percent_acc': 0.987, 'below_0.1_percent_acc': 0.969, 'below_0.01_percent_acc': 0.969, 'below_0.001_percent_acc': 0.926, 'below_0.0001_percent_acc': 0.926, 'valid_acc': 1.0}
Epoch: 41	Batch time (4.270032)	Data time (0.075082)	Cuda time (0.000003)	Loss (1.309500)	Accuracy (0.997727)
EVALUATING
{'loss': 3.6970000410079957, 'accuracy': 0.9935816067457199, 'perfect_match_accuracy': 0.728, 'cost_ratio_suggested_true': 1.012822960615158, 'below_10.0_percent_acc': 1.0, 'below_1.0_percent_acc': 0.986, 'below_0.1_percent_acc': 0.969, 'below_0.01_percent_acc': 0.969, 'below_0.001_percent_acc': 0.926, 'below_0.0001_percent_acc': 0.926, 'valid_acc': 1.0}
Epoch: 42	Batch time (4.062637)	Data time (0.075528)	Cuda time (0.000002)	Loss (1.276200)	Accuracy (0.997784)
EVALUATING
{'loss': 3.548000032901764, 'accuracy': 0.993840292096138, 'perfect_match_accuracy': 0.73, 'cost_ratio_suggested_true': 1.0121962165832519, 'below_10.0_percent_acc': 1.0, 'below_1.0_percent_acc': 0.987, 'below_0.1_percent_acc': 0.971, 'below_0.01_percent_acc': 0.971, 'below_0.001_percent_acc': 0.929, 'below_0.0001_percent_acc': 0.929, 'valid_acc': 1.0}
Epoch: 43	Batch time (2.683502)	Data time (0.053901)	Cuda time (0.000002)	Loss (1.216900)	Accuracy (0.997887)
EVALUATING
{'loss': 3.5750000286102295, 'accuracy': 0.9937934124469757, 'perfect_match_accuracy': 0.726, 'cost_ratio_suggested_true': 1.0119582140445709, 'below_10.0_percent_acc': 1.0, 'below_1.0_percent_acc': 0.988, 'below_0.1_percent_acc': 0.972, 'below_0.01_percent_acc': 0.972, 'below_0.001_percent_acc': 0.931, 'below_0.0001_percent_acc': 0.931, 'valid_acc': 1.0}
Epoch: 44	Batch time (2.715946)	Data time (0.055754)	Cuda time (0.000003)	Loss (1.195700)	Accuracy (0.997924)
EVALUATING
{'loss': 3.725000023841858, 'accuracy': 0.9935329967737198, 'perfect_match_accuracy': 0.723, 'cost_ratio_suggested_true': 1.012259464263916, 'below_10.0_percent_acc': 1.0, 'below_1.0_percent_acc': 0.987, 'below_0.1_percent_acc': 0.972, 'below_0.01_percent_acc': 0.972, 'below_0.001_percent_acc': 0.931, 'below_0.0001_percent_acc': 0.931, 'valid_acc': 1.0}
Epoch: 45	Batch time (2.778956)	Data time (0.058700)	Cuda time (0.000002)	Loss (1.217200)	Accuracy (0.997887)
EVALUATING
{'loss': 3.5779999780654905, 'accuracy': 0.9937882173061371, 'perfect_match_accuracy': 0.723, 'cost_ratio_suggested_true': 1.0113942897319794, 'below_10.0_percent_acc': 1.0, 'below_1.0_percent_acc': 0.989, 'below_0.1_percent_acc': 0.972, 'below_0.01_percent_acc': 0.972, 'below_0.001_percent_acc': 0.928, 'below_0.0001_percent_acc': 0.928, 'valid_acc': 1.0}
Epoch: 46	Batch time (2.742828)	Data time (0.058025)	Cuda time (0.000002)	Loss (1.267700)	Accuracy (0.997799)
EVALUATING
{'loss': 3.601999990940094, 'accuracy': 0.9937465411424636, 'perfect_match_accuracy': 0.721, 'cost_ratio_suggested_true': 1.010990867614746, 'below_10.0_percent_acc': 1.0, 'below_1.0_percent_acc': 0.988, 'below_0.1_percent_acc': 0.972, 'below_0.01_percent_acc': 0.972, 'below_0.001_percent_acc': 0.932, 'below_0.0001_percent_acc': 0.932, 'valid_acc': 1.0}
Epoch: 47	Batch time (2.738376)	Data time (0.059999)	Cuda time (0.000003)	Loss (1.264700)	Accuracy (0.997804)
EVALUATING
{'loss': 3.6390000331401824, 'accuracy': 0.9936823034286499, 'perfect_match_accuracy': 0.722, 'cost_ratio_suggested_true': 1.0108040487766266, 'below_10.0_percent_acc': 1.0, 'below_1.0_percent_acc': 0.988, 'below_0.1_percent_acc': 0.972, 'below_0.01_percent_acc': 0.972, 'below_0.001_percent_acc': 0.932, 'below_0.0001_percent_acc': 0.932, 'valid_acc': 1.0}
Epoch: 48	Batch time (2.773177)	Data time (0.060363)	Cuda time (0.000002)	Loss (1.179800)	Accuracy (0.997952)
EVALUATING
{'loss': 3.489000041484833, 'accuracy': 0.9939427280426025, 'perfect_match_accuracy': 0.726, 'cost_ratio_suggested_true': 1.011288229227066, 'below_10.0_percent_acc': 1.0, 'below_1.0_percent_acc': 0.989, 'below_0.1_percent_acc': 0.974, 'below_0.01_percent_acc': 0.974, 'below_0.001_percent_acc': 0.929, 'below_0.0001_percent_acc': 0.929, 'valid_acc': 1.0}
Epoch: 49	Batch time (2.778876)	Data time (0.063479)	Cuda time (0.000002)	Loss (1.230100)	Accuracy (0.997864)
EVALUATING
{'loss': 3.7900000262260436, 'accuracy': 0.9934201562404632, 'perfect_match_accuracy': 0.723, 'cost_ratio_suggested_true': 1.0131511569023133, 'below_10.0_percent_acc': 1.0, 'below_1.0_percent_acc': 0.986, 'below_0.1_percent_acc': 0.97, 'below_0.01_percent_acc': 0.97, 'below_0.001_percent_acc': 0.932, 'below_0.0001_percent_acc': 0.932, 'valid_acc': 1.0}
Epoch: 50	Batch time (2.278947)	Data time (0.056777)	Cuda time (0.000002)	Loss (1.211400)	Accuracy (0.997897)
EVALUATING
{'loss': 3.5869999814033506, 'accuracy': 0.9937725847959519, 'perfect_match_accuracy': 0.722, 'cost_ratio_suggested_true': 1.0109393060207368, 'below_10.0_percent_acc': 1.0, 'below_1.0_percent_acc': 0.99, 'below_0.1_percent_acc': 0.974, 'below_0.01_percent_acc': 0.974, 'below_0.001_percent_acc': 0.934, 'below_0.0001_percent_acc': 0.934, 'valid_acc': 1.0}
