No existing entry for trainer_params.mode.type
{}[type] = <class 'int'>(5)
No existing entry for trainer_params.mode.objective_type
{'type': 5}[objective_type] = <class 'str'>(normal)
No existing entry for trainer_params.mode.use_marginal
{'type': 5, 'objective_type': 'normal'}[use_marginal] = <class 'bool'>(True)
No existing entry for trainer_params.mode.nb_samples
{'type': 5, 'objective_type': 'normal', 'use_marginal': True}[nb_samples] = <class 'int'>(1)
No existing entry for trainer_params.mode.temperature
{'type': 5, 'objective_type': 'normal', 'use_marginal': True, 'nb_samples': 1}[temperature] = <class 'float'>(0.5)
No existing entry for trainer_params.mode.use_gamma
{'type': 5, 'objective_type': 'normal', 'use_marginal': True, 'nb_samples': 1, 'temperature': 0.5}[use_gamma] = <class 'bool'>(False)
No existing entry for trainer_params.mode.loss_type
{'type': 5, 'objective_type': 'normal', 'use_marginal': True, 'nb_samples': 1, 'temperature': 0.5, 'use_gamma': False}[loss_type] = <class 'str'>(fy)
No existing entry for trainer_params.mode.perturb_w
{'type': 5, 'objective_type': 'normal', 'use_marginal': True, 'nb_samples': 1, 'temperature': 0.5, 'use_gamma': False, 'loss_type': 'fy'}[perturb_w] = <class 'bool'>(False)
No existing entry for trainer_params.mode.perturb_w_prime
{'type': 5, 'objective_type': 'normal', 'use_marginal': True, 'nb_samples': 1, 'temperature': 0.5, 'use_gamma': False, 'loss_type': 'fy', 'perturb_w': False}[perturb_w_prime] = <class 'bool'>(False)
{'batch_size': 70, 'l1_regconst': 0.0, 'lambda_val': 20.0, 'lr_milestone_1': 30, 'lr_milestone_2': 40, 'model_params': {'arch_params': {}, 'model_name': 'CombResnet18'}, 'neighbourhood_fn': '8-grid', 'optimizer_name': 'Adam', 'optimizer_params': {'lr': 0.0005}, 'preload_batch': True, 'use_cuda': True, 'use_lr_scheduling': True, 'mode': {'type': 5, 'objective_type': 'normal', 'use_marginal': True, 'nb_samples': 1, 'temperature': 0.5, 'use_gamma': False, 'loss_type': 'fy', 'perturb_w': False, 'perturb_w_prime': False}}[lambda_val] = <class 'float'>(0.0)
{'data_dir': 'data/warcraft_shortest_path/12x12', 'evaluate_with_extra': False, 'normalize': True, 'use_local_path': False, 'use_test_set': True}[data_dir] = <class 'str'>(data/warcraft_shortest_path/24x24)
{'evaluate_every': 5, 'loader_params': {'data_dir': 'data/warcraft_shortest_path/24x24', 'evaluate_with_extra': False, 'normalize': True, 'use_local_path': False, 'use_test_set': True}, 'model_dir': 'results/warcraft_shortest_path_combresnet', 'num_cpus': 40, 'num_epochs': 50, 'problem_type': 'warcraft_shortest_path', 'ray_params': {}, 'save_visualizations': False, 'seed': 1, 'trainer_name': 'DijkstraMAP', 'trainer_params': {'batch_size': 70, 'l1_regconst': 0.0, 'lambda_val': 0.0, 'lr_milestone_1': 30, 'lr_milestone_2': 40, 'model_params': {'arch_params': {}, 'model_name': 'CombResnet18'}, 'neighbourhood_fn': '8-grid', 'optimizer_name': 'Adam', 'optimizer_params': {'lr': 0.0005}, 'preload_batch': True, 'use_cuda': True, 'use_lr_scheduling': True, 'mode': {'type': 5, 'objective_type': 'normal', 'use_marginal': True, 'nb_samples': 1, 'temperature': 0.5, 'use_gamma': False, 'loss_type': 'fy', 'perturb_w': False, 'perturb_w_prime': False}}, 'use_ray': True}[seed] = <class 'int'>(0)
{'evaluate_every': 5, 'loader_params': {'data_dir': 'data/warcraft_shortest_path/24x24', 'evaluate_with_extra': False, 'normalize': True, 'use_local_path': False, 'use_test_set': True}, 'model_dir': 'results/warcraft_shortest_path_combresnet', 'num_cpus': 40, 'num_epochs': 50, 'problem_type': 'warcraft_shortest_path', 'ray_params': {}, 'save_visualizations': False, 'seed': 0, 'trainer_name': 'DijkstraMAP', 'trainer_params': {'batch_size': 70, 'l1_regconst': 0.0, 'lambda_val': 0.0, 'lr_milestone_1': 30, 'lr_milestone_2': 40, 'model_params': {'arch_params': {}, 'model_name': 'CombResnet18'}, 'neighbourhood_fn': '8-grid', 'optimizer_name': 'Adam', 'optimizer_params': {'lr': 0.0005}, 'preload_batch': True, 'use_cuda': True, 'use_lr_scheduling': True, 'mode': {'type': 5, 'objective_type': 'normal', 'use_marginal': True, 'nb_samples': 1, 'temperature': 0.5, 'use_gamma': False, 'loss_type': 'fy', 'perturb_w': False, 'perturb_w_prime': False}}, 'use_ray': True}[evaluate_every] = <class 'int'>(1)
{'evaluate_every': 1, 'loader_params': {'data_dir': 'data/warcraft_shortest_path/24x24', 'evaluate_with_extra': False, 'normalize': True, 'use_local_path': False, 'use_test_set': True}, 'model_dir': 'results/warcraft_shortest_path_combresnet', 'num_cpus': 40, 'num_epochs': 50, 'problem_type': 'warcraft_shortest_path', 'ray_params': {}, 'save_visualizations': False, 'seed': 0, 'trainer_name': 'DijkstraMAP', 'trainer_params': {'batch_size': 70, 'l1_regconst': 0.0, 'lambda_val': 0.0, 'lr_milestone_1': 30, 'lr_milestone_2': 40, 'model_params': {'arch_params': {}, 'model_name': 'CombResnet18'}, 'neighbourhood_fn': '8-grid', 'optimizer_name': 'Adam', 'optimizer_params': {'lr': 0.0005}, 'preload_batch': True, 'use_cuda': True, 'use_lr_scheduling': True, 'mode': {'type': 5, 'objective_type': 'normal', 'use_marginal': True, 'nb_samples': 1, 'temperature': 0.5, 'use_gamma': False, 'loss_type': 'fy', 'perturb_w': False, 'perturb_w_prime': False}}, 'use_ray': True}[use_ray] = <class 'bool'>(False)
No existing entry for trainer_params.mode.type
{}[type] = <class 'int'>(5)
No existing entry for trainer_params.mode.objective_type
{'type': 5}[objective_type] = <class 'str'>(normal)
No existing entry for trainer_params.mode.use_marginal
{'type': 5, 'objective_type': 'normal'}[use_marginal] = <class 'bool'>(True)
No existing entry for trainer_params.mode.nb_samples
{'type': 5, 'objective_type': 'normal', 'use_marginal': True}[nb_samples] = <class 'int'>(1)
No existing entry for trainer_params.mode.temperature
{'type': 5, 'objective_type': 'normal', 'use_marginal': True, 'nb_samples': 1}[temperature] = <class 'float'>(0.5)
No existing entry for trainer_params.mode.use_gamma
{'type': 5, 'objective_type': 'normal', 'use_marginal': True, 'nb_samples': 1, 'temperature': 0.5}[use_gamma] = <class 'bool'>(False)
No existing entry for trainer_params.mode.loss_type
{'type': 5, 'objective_type': 'normal', 'use_marginal': True, 'nb_samples': 1, 'temperature': 0.5, 'use_gamma': False}[loss_type] = <class 'str'>(fy)
No existing entry for trainer_params.mode.perturb_w
{'type': 5, 'objective_type': 'normal', 'use_marginal': True, 'nb_samples': 1, 'temperature': 0.5, 'use_gamma': False, 'loss_type': 'fy'}[perturb_w] = <class 'bool'>(False)
No existing entry for trainer_params.mode.perturb_w_prime
{'type': 5, 'objective_type': 'normal', 'use_marginal': True, 'nb_samples': 1, 'temperature': 0.5, 'use_gamma': False, 'loss_type': 'fy', 'perturb_w': False}[perturb_w_prime] = <class 'bool'>(False)
{'batch_size': 70, 'l1_regconst': 0.0, 'lambda_val': 20.0, 'lr_milestone_1': 30, 'lr_milestone_2': 40, 'model_params': {'arch_params': {}, 'model_name': 'CombResnet18'}, 'neighbourhood_fn': '8-grid', 'optimizer_name': 'Adam', 'optimizer_params': {'lr': 0.0005}, 'preload_batch': True, 'use_cuda': True, 'use_lr_scheduling': True, 'mode': {'type': 5, 'objective_type': 'normal', 'use_marginal': True, 'nb_samples': 1, 'temperature': 0.5, 'use_gamma': False, 'loss_type': 'fy', 'perturb_w': False, 'perturb_w_prime': False}}[lambda_val] = <class 'float'>(0.0)
{'data_dir': 'data/warcraft_shortest_path/12x12', 'evaluate_with_extra': False, 'normalize': True, 'use_local_path': False, 'use_test_set': True}[data_dir] = <class 'str'>(data/warcraft_shortest_path/24x24)
{'evaluate_every': 5, 'loader_params': {'data_dir': 'data/warcraft_shortest_path/24x24', 'evaluate_with_extra': False, 'normalize': True, 'use_local_path': False, 'use_test_set': True}, 'model_dir': 'results/warcraft_shortest_path_combresnet', 'num_cpus': 40, 'num_epochs': 50, 'problem_type': 'warcraft_shortest_path', 'ray_params': {}, 'save_visualizations': False, 'seed': 1, 'trainer_name': 'DijkstraMAP', 'trainer_params': {'batch_size': 70, 'l1_regconst': 0.0, 'lambda_val': 0.0, 'lr_milestone_1': 30, 'lr_milestone_2': 40, 'model_params': {'arch_params': {}, 'model_name': 'CombResnet18'}, 'neighbourhood_fn': '8-grid', 'optimizer_name': 'Adam', 'optimizer_params': {'lr': 0.0005}, 'preload_batch': True, 'use_cuda': True, 'use_lr_scheduling': True, 'mode': {'type': 5, 'objective_type': 'normal', 'use_marginal': True, 'nb_samples': 1, 'temperature': 0.5, 'use_gamma': False, 'loss_type': 'fy', 'perturb_w': False, 'perturb_w_prime': False}}, 'use_ray': True}[seed] = <class 'int'>(0)
{'evaluate_every': 5, 'loader_params': {'data_dir': 'data/warcraft_shortest_path/24x24', 'evaluate_with_extra': False, 'normalize': True, 'use_local_path': False, 'use_test_set': True}, 'model_dir': 'results/warcraft_shortest_path_combresnet', 'num_cpus': 40, 'num_epochs': 50, 'problem_type': 'warcraft_shortest_path', 'ray_params': {}, 'save_visualizations': False, 'seed': 0, 'trainer_name': 'DijkstraMAP', 'trainer_params': {'batch_size': 70, 'l1_regconst': 0.0, 'lambda_val': 0.0, 'lr_milestone_1': 30, 'lr_milestone_2': 40, 'model_params': {'arch_params': {}, 'model_name': 'CombResnet18'}, 'neighbourhood_fn': '8-grid', 'optimizer_name': 'Adam', 'optimizer_params': {'lr': 0.0005}, 'preload_batch': True, 'use_cuda': True, 'use_lr_scheduling': True, 'mode': {'type': 5, 'objective_type': 'normal', 'use_marginal': True, 'nb_samples': 1, 'temperature': 0.5, 'use_gamma': False, 'loss_type': 'fy', 'perturb_w': False, 'perturb_w_prime': False}}, 'use_ray': True}[evaluate_every] = <class 'int'>(1)
{'evaluate_every': 1, 'loader_params': {'data_dir': 'data/warcraft_shortest_path/24x24', 'evaluate_with_extra': False, 'normalize': True, 'use_local_path': False, 'use_test_set': True}, 'model_dir': 'results/warcraft_shortest_path_combresnet', 'num_cpus': 40, 'num_epochs': 50, 'problem_type': 'warcraft_shortest_path', 'ray_params': {}, 'save_visualizations': False, 'seed': 0, 'trainer_name': 'DijkstraMAP', 'trainer_params': {'batch_size': 70, 'l1_regconst': 0.0, 'lambda_val': 0.0, 'lr_milestone_1': 30, 'lr_milestone_2': 40, 'model_params': {'arch_params': {}, 'model_name': 'CombResnet18'}, 'neighbourhood_fn': '8-grid', 'optimizer_name': 'Adam', 'optimizer_params': {'lr': 0.0005}, 'preload_batch': True, 'use_cuda': True, 'use_lr_scheduling': True, 'mode': {'type': 5, 'objective_type': 'normal', 'use_marginal': True, 'nb_samples': 1, 'temperature': 0.5, 'use_gamma': False, 'loss_type': 'fy', 'perturb_w': False, 'perturb_w_prime': False}}, 'use_ray': True}[use_ray] = <class 'bool'>(False)
{
    "evaluate_every": 1,
    "loader_params": {
        "data_dir": "data/warcraft_shortest_path/24x24",
        "evaluate_with_extra": false,
        "normalize": true,
        "use_local_path": false,
        "use_test_set": true
    },
    "model_dir": "results/warcraft_shortest_path_combresnet",
    "num_cpus": 40,
    "num_epochs": 50,
    "problem_type": "warcraft_shortest_path",
    "ray_params": {},
    "save_visualizations": false,
    "seed": 0,
    "trainer_name": "DijkstraMAP",
    "trainer_params": {
        "batch_size": 70,
        "l1_regconst": 0.0,
        "lambda_val": 0.0,
        "lr_milestone_1": 30,
        "lr_milestone_2": 40,
        "mode": {
            "loss_type": "fy",
            "nb_samples": 1,
            "objective_type": "normal",
            "perturb_w": false,
            "perturb_w_prime": false,
            "temperature": 0.5,
            "type": 5,
            "use_gamma": false,
            "use_marginal": true
        },
        "model_params": {
            "arch_params": {},
            "model_name": "CombResnet18"
        },
        "neighbourhood_fn": "8-grid",
        "optimizer_name": "Adam",
        "optimizer_params": {
            "lr": 0.0005
        },
        "preload_batch": true,
        "use_cuda": true,
        "use_lr_scheduling": true
    },
    "use_ray": false
}
MAP-BACKPROP MODE: {
    "loss_type": "fy",
    "nb_samples": 1,
    "objective_type": "normal",
    "perturb_w": false,
    "perturb_w_prime": false,
    "temperature": 0.5,
    "type": 5,
    "use_gamma": false,
    "use_marginal": true
}
True
META: {'input_image_size': 192, 'output_features': 576, 'num_channels': 3, 'denormalize': <maprop.decorators.input_to_numpy object at 0x2ab67a295f28>}
EVALUATING
{'loss': 235.1260023498535, 'accuracy': 0.9239965403079986, 'perfect_match_accuracy': 0.003, 'cost_ratio_suggested_true': 2.8024954628944396, 'below_10.0_percent_acc': 0.088, 'below_1.0_percent_acc': 0.007, 'below_0.1_percent_acc': 0.006, 'below_0.01_percent_acc': 0.006, 'below_0.001_percent_acc': 0.006, 'below_0.0001_percent_acc': 0.006, 'valid_acc': 1.0}
Epoch: 1	Batch time (2.754788)	Data time (0.049343)	Cuda time (0.000003)	Loss (233.811001)	Accuracy (0.914912)
EVALUATING
{'loss': 235.94300415039064, 'accuracy': 0.9263107800483703, 'perfect_match_accuracy': 0.003, 'cost_ratio_suggested_true': 2.134115161895752, 'below_10.0_percent_acc': 0.205, 'below_1.0_percent_acc': 0.009, 'below_0.1_percent_acc': 0.006, 'below_0.01_percent_acc': 0.006, 'below_0.001_percent_acc': 0.006, 'below_0.0001_percent_acc': 0.006, 'valid_acc': 1.0}
Epoch: 2	Batch time (2.301599)	Data time (0.037427)	Cuda time (0.000003)	Loss (233.995501)	Accuracy (0.916827)
EVALUATING
{'loss': 234.49800170898436, 'accuracy': 0.9186823105812073, 'perfect_match_accuracy': 0.002, 'cost_ratio_suggested_true': 2.9782239603996277, 'below_10.0_percent_acc': 0.049, 'below_1.0_percent_acc': 0.004, 'below_0.1_percent_acc': 0.004, 'below_0.01_percent_acc': 0.004, 'below_0.001_percent_acc': 0.003, 'below_0.0001_percent_acc': 0.003, 'valid_acc': 1.0}
Epoch: 3	Batch time (2.332592)	Data time (0.040373)	Cuda time (0.000002)	Loss (231.621001)	Accuracy (0.906973)
EVALUATING
{'loss': 235.44600006103516, 'accuracy': 0.9202048772573471, 'perfect_match_accuracy': 0.001, 'cost_ratio_suggested_true': 2.112283351421356, 'below_10.0_percent_acc': 0.133, 'below_1.0_percent_acc': 0.005, 'below_0.1_percent_acc': 0.001, 'below_0.01_percent_acc': 0.001, 'below_0.001_percent_acc': 0.001, 'below_0.0001_percent_acc': 0.001, 'valid_acc': 1.0}
Epoch: 4	Batch time (2.356441)	Data time (0.036678)	Cuda time (0.000002)	Loss (231.480201)	Accuracy (0.906392)
EVALUATING
{'loss': 235.66500015258788, 'accuracy': 0.9228194636106491, 'perfect_match_accuracy': 0.001, 'cost_ratio_suggested_true': 2.743114788532257, 'below_10.0_percent_acc': 0.115, 'below_1.0_percent_acc': 0.005, 'below_0.1_percent_acc': 0.002, 'below_0.01_percent_acc': 0.002, 'below_0.001_percent_acc': 0.002, 'below_0.0001_percent_acc': 0.002, 'valid_acc': 1.0}
Epoch: 5	Batch time (2.386759)	Data time (0.036217)	Cuda time (0.000002)	Loss (230.378201)	Accuracy (0.901675)
EVALUATING
{'loss': 234.3460025024414, 'accuracy': 0.9261840325593949, 'perfect_match_accuracy': 0.0, 'cost_ratio_suggested_true': 1.374348715543747, 'below_10.0_percent_acc': 0.454, 'below_1.0_percent_acc': 0.024, 'below_0.1_percent_acc': 0.009, 'below_0.01_percent_acc': 0.009, 'below_0.001_percent_acc': 0.008, 'below_0.0001_percent_acc': 0.008, 'valid_acc': 1.0}
Epoch: 6	Batch time (2.540267)	Data time (0.036329)	Cuda time (0.000002)	Loss (225.997901)	Accuracy (0.883702)
EVALUATING
{'loss': 234.87300186157228, 'accuracy': 0.928750010728836, 'perfect_match_accuracy': 0.0, 'cost_ratio_suggested_true': 1.3486687958240509, 'below_10.0_percent_acc': 0.469, 'below_1.0_percent_acc': 0.021, 'below_0.1_percent_acc': 0.009, 'below_0.01_percent_acc': 0.009, 'below_0.001_percent_acc': 0.008, 'below_0.0001_percent_acc': 0.008, 'valid_acc': 1.0}
Epoch: 7	Batch time (2.443638)	Data time (0.036434)	Cuda time (0.000002)	Loss (229.157001)	Accuracy (0.894182)
EVALUATING
{'loss': 233.30900177001953, 'accuracy': 0.9232656335830689, 'perfect_match_accuracy': 0.0, 'cost_ratio_suggested_true': 1.5354658699035644, 'below_10.0_percent_acc': 0.256, 'below_1.0_percent_acc': 0.007, 'below_0.1_percent_acc': 0.002, 'below_0.01_percent_acc': 0.002, 'below_0.001_percent_acc': 0.002, 'below_0.0001_percent_acc': 0.002, 'valid_acc': 1.0}
Epoch: 8	Batch time (2.350605)	Data time (0.036637)	Cuda time (0.000002)	Loss (230.624601)	Accuracy (0.900573)
EVALUATING
{'loss': 236.80900436401367, 'accuracy': 0.929076400399208, 'perfect_match_accuracy': 0.0, 'cost_ratio_suggested_true': 1.4909661996364594, 'below_10.0_percent_acc': 0.357, 'below_1.0_percent_acc': 0.031, 'below_0.1_percent_acc': 0.02, 'below_0.01_percent_acc': 0.02, 'below_0.001_percent_acc': 0.02, 'below_0.0001_percent_acc': 0.02, 'valid_acc': 1.0}
Epoch: 9	Batch time (2.402826)	Data time (0.036122)	Cuda time (0.000003)	Loss (231.289201)	Accuracy (0.904654)
EVALUATING
{'loss': 238.09100021362303, 'accuracy': 0.9257135653495788, 'perfect_match_accuracy': 0.0, 'cost_ratio_suggested_true': 1.6756474781036377, 'below_10.0_percent_acc': 0.25, 'below_1.0_percent_acc': 0.017, 'below_0.1_percent_acc': 0.009, 'below_0.01_percent_acc': 0.009, 'below_0.001_percent_acc': 0.009, 'below_0.0001_percent_acc': 0.008, 'valid_acc': 1.0}
Epoch: 10	Batch time (2.464592)	Data time (0.035545)	Cuda time (0.000002)	Loss (224.647501)	Accuracy (0.877889)
EVALUATING
{'loss': 233.91199996948242, 'accuracy': 0.9260677206516266, 'perfect_match_accuracy': 0.0, 'cost_ratio_suggested_true': 1.364116404056549, 'below_10.0_percent_acc': 0.47, 'below_1.0_percent_acc': 0.04, 'below_0.1_percent_acc': 0.018, 'below_0.01_percent_acc': 0.018, 'below_0.001_percent_acc': 0.018, 'below_0.0001_percent_acc': 0.018, 'valid_acc': 1.0}
Epoch: 11	Batch time (2.430900)	Data time (0.035829)	Cuda time (0.000002)	Loss (228.057202)	Accuracy (0.889772)
EVALUATING
{'loss': 233.89600234985352, 'accuracy': 0.9239618241786957, 'perfect_match_accuracy': 0.0, 'cost_ratio_suggested_true': 1.5540259313583373, 'below_10.0_percent_acc': 0.324, 'below_1.0_percent_acc': 0.024, 'below_0.1_percent_acc': 0.01, 'below_0.01_percent_acc': 0.01, 'below_0.001_percent_acc': 0.01, 'below_0.0001_percent_acc': 0.01, 'valid_acc': 1.0}
Epoch: 12	Batch time (2.406257)	Data time (0.035710)	Cuda time (0.000002)	Loss (229.071102)	Accuracy (0.894472)
EVALUATING
{'loss': 237.46800018310546, 'accuracy': 0.9317899465560913, 'perfect_match_accuracy': 0.001, 'cost_ratio_suggested_true': 1.6330273306369782, 'below_10.0_percent_acc': 0.411, 'below_1.0_percent_acc': 0.056, 'below_0.1_percent_acc': 0.043, 'below_0.01_percent_acc': 0.043, 'below_0.001_percent_acc': 0.043, 'below_0.0001_percent_acc': 0.043, 'valid_acc': 1.0}
Epoch: 13	Batch time (2.438959)	Data time (0.035892)	Cuda time (0.000002)	Loss (226.070101)	Accuracy (0.881031)
EVALUATING
{'loss': 239.33100173950194, 'accuracy': 0.9292222416400909, 'perfect_match_accuracy': 0.002, 'cost_ratio_suggested_true': 1.410436760187149, 'below_10.0_percent_acc': 0.493, 'below_1.0_percent_acc': 0.033, 'below_0.1_percent_acc': 0.018, 'below_0.01_percent_acc': 0.018, 'below_0.001_percent_acc': 0.018, 'below_0.0001_percent_acc': 0.017, 'valid_acc': 1.0}
Epoch: 14	Batch time (2.498572)	Data time (0.036171)	Cuda time (0.000002)	Loss (220.161502)	Accuracy (0.857555)
EVALUATING
{'loss': 239.26800262451172, 'accuracy': 0.9261614710092545, 'perfect_match_accuracy': 0.0, 'cost_ratio_suggested_true': 1.5007206666469575, 'below_10.0_percent_acc': 0.384, 'below_1.0_percent_acc': 0.024, 'below_0.1_percent_acc': 0.011, 'below_0.01_percent_acc': 0.011, 'below_0.001_percent_acc': 0.011, 'below_0.0001_percent_acc': 0.011, 'valid_acc': 1.0}
Epoch: 15	Batch time (2.543318)	Data time (0.037991)	Cuda time (0.000002)	Loss (215.787201)	Accuracy (0.837932)
EVALUATING
{'loss': 235.76100006103516, 'accuracy': 0.9271354258060456, 'perfect_match_accuracy': 0.0, 'cost_ratio_suggested_true': 1.3721745097637177, 'below_10.0_percent_acc': 0.46, 'below_1.0_percent_acc': 0.029, 'below_0.1_percent_acc': 0.018, 'below_0.01_percent_acc': 0.018, 'below_0.001_percent_acc': 0.018, 'below_0.0001_percent_acc': 0.018, 'valid_acc': 1.0}
Epoch: 16	Batch time (2.500234)	Data time (0.035314)	Cuda time (0.000002)	Loss (217.684902)	Accuracy (0.844742)
EVALUATING
{'loss': 237.5710021972656, 'accuracy': 0.9303264087438583, 'perfect_match_accuracy': 0.001, 'cost_ratio_suggested_true': 1.342514350414276, 'below_10.0_percent_acc': 0.466, 'below_1.0_percent_acc': 0.024, 'below_0.1_percent_acc': 0.012, 'below_0.01_percent_acc': 0.012, 'below_0.001_percent_acc': 0.012, 'below_0.0001_percent_acc': 0.012, 'valid_acc': 1.0}
Epoch: 17	Batch time (2.479511)	Data time (0.034839)	Cuda time (0.000002)	Loss (221.826301)	Accuracy (0.861052)
EVALUATING
{'loss': 235.31699966430665, 'accuracy': 0.9310642504692077, 'perfect_match_accuracy': 0.001, 'cost_ratio_suggested_true': 1.3305124843120575, 'below_10.0_percent_acc': 0.41, 'below_1.0_percent_acc': 0.018, 'below_0.1_percent_acc': 0.006, 'below_0.01_percent_acc': 0.006, 'below_0.001_percent_acc': 0.006, 'below_0.0001_percent_acc': 0.006, 'valid_acc': 1.0}
Epoch: 18	Batch time (2.469666)	Data time (0.035206)	Cuda time (0.000002)	Loss (223.313201)	Accuracy (0.865371)
EVALUATING
{'loss': 235.47100051879883, 'accuracy': 0.9260451507568359, 'perfect_match_accuracy': 0.0, 'cost_ratio_suggested_true': 1.3800797486305236, 'below_10.0_percent_acc': 0.344, 'below_1.0_percent_acc': 0.01, 'below_0.1_percent_acc': 0.003, 'below_0.01_percent_acc': 0.003, 'below_0.001_percent_acc': 0.003, 'below_0.0001_percent_acc': 0.003, 'valid_acc': 1.0}
Epoch: 19	Batch time (2.463294)	Data time (0.035592)	Cuda time (0.000002)	Loss (223.518501)	Accuracy (0.870832)
EVALUATING
{'loss': 239.19000320434571, 'accuracy': 0.9293698060512543, 'perfect_match_accuracy': 0.0, 'cost_ratio_suggested_true': 1.329368304014206, 'below_10.0_percent_acc': 0.435, 'below_1.0_percent_acc': 0.024, 'below_0.1_percent_acc': 0.013, 'below_0.01_percent_acc': 0.013, 'below_0.001_percent_acc': 0.013, 'below_0.0001_percent_acc': 0.013, 'valid_acc': 1.0}
Epoch: 20	Batch time (2.470817)	Data time (0.035232)	Cuda time (0.000002)	Loss (222.979102)	Accuracy (0.867202)
EVALUATING
{'loss': 238.2490007019043, 'accuracy': 0.9241788399219513, 'perfect_match_accuracy': 0.001, 'cost_ratio_suggested_true': 1.3971177697181703, 'below_10.0_percent_acc': 0.405, 'below_1.0_percent_acc': 0.016, 'below_0.1_percent_acc': 0.009, 'below_0.01_percent_acc': 0.009, 'below_0.001_percent_acc': 0.009, 'below_0.0001_percent_acc': 0.009, 'valid_acc': 1.0}
Epoch: 21	Batch time (2.482683)	Data time (0.035034)	Cuda time (0.000003)	Loss (221.784001)	Accuracy (0.860001)
EVALUATING
{'loss': 236.33400207519531, 'accuracy': 0.9226041865348816, 'perfect_match_accuracy': 0.0, 'cost_ratio_suggested_true': 1.3719107508659363, 'below_10.0_percent_acc': 0.286, 'below_1.0_percent_acc': 0.001, 'below_0.1_percent_acc': 0.0, 'below_0.01_percent_acc': 0.0, 'below_0.001_percent_acc': 0.0, 'below_0.0001_percent_acc': 0.0, 'valid_acc': 1.0}
Epoch: 22	Batch time (2.446853)	Data time (0.035362)	Cuda time (0.000002)	Loss (223.392402)	Accuracy (0.871233)
EVALUATING
{'loss': 235.52800033569335, 'accuracy': 0.920763903260231, 'perfect_match_accuracy': 0.0, 'cost_ratio_suggested_true': 1.5091585075855256, 'below_10.0_percent_acc': 0.298, 'below_1.0_percent_acc': 0.006, 'below_0.1_percent_acc': 0.003, 'below_0.01_percent_acc': 0.003, 'below_0.001_percent_acc': 0.003, 'below_0.0001_percent_acc': 0.003, 'valid_acc': 1.0}
Epoch: 23	Batch time (2.492181)	Data time (0.034713)	Cuda time (0.000002)	Loss (220.295501)	Accuracy (0.855364)
EVALUATING
{'loss': 232.94300231933593, 'accuracy': 0.9225277876853943, 'perfect_match_accuracy': 0.0, 'cost_ratio_suggested_true': 1.4197538340091704, 'below_10.0_percent_acc': 0.296, 'below_1.0_percent_acc': 0.007, 'below_0.1_percent_acc': 0.001, 'below_0.01_percent_acc': 0.001, 'below_0.001_percent_acc': 0.001, 'below_0.0001_percent_acc': 0.001, 'valid_acc': 1.0}
Epoch: 24	Batch time (2.449760)	Data time (0.035704)	Cuda time (0.000002)	Loss (224.229901)	Accuracy (0.875012)
EVALUATING
{'loss': 235.84000106811524, 'accuracy': 0.9247378593683243, 'perfect_match_accuracy': 0.0, 'cost_ratio_suggested_true': 1.3839238274097443, 'below_10.0_percent_acc': 0.368, 'below_1.0_percent_acc': 0.012, 'below_0.1_percent_acc': 0.004, 'below_0.01_percent_acc': 0.004, 'below_0.001_percent_acc': 0.004, 'below_0.0001_percent_acc': 0.004, 'valid_acc': 1.0}
Epoch: 25	Batch time (2.378716)	Data time (0.035482)	Cuda time (0.000002)	Loss (230.321801)	Accuracy (0.903231)
EVALUATING
{'loss': 234.62600189208985, 'accuracy': 0.9255972343683243, 'perfect_match_accuracy': 0.0, 'cost_ratio_suggested_true': 1.51391157746315, 'below_10.0_percent_acc': 0.274, 'below_1.0_percent_acc': 0.009, 'below_0.1_percent_acc': 0.003, 'below_0.01_percent_acc': 0.003, 'below_0.001_percent_acc': 0.003, 'below_0.0001_percent_acc': 0.003, 'valid_acc': 1.0}
Epoch: 26	Batch time (2.389813)	Data time (0.035205)	Cuda time (0.000002)	Loss (231.146902)	Accuracy (0.904243)
EVALUATING
{'loss': 234.86700103759765, 'accuracy': 0.9266770917177201, 'perfect_match_accuracy': 0.0, 'cost_ratio_suggested_true': 1.3722558164596557, 'below_10.0_percent_acc': 0.396, 'below_1.0_percent_acc': 0.017, 'below_0.1_percent_acc': 0.008, 'below_0.01_percent_acc': 0.008, 'below_0.001_percent_acc': 0.008, 'below_0.0001_percent_acc': 0.008, 'valid_acc': 1.0}
Epoch: 27	Batch time (2.424509)	Data time (0.035518)	Cuda time (0.000002)	Loss (230.883501)	Accuracy (0.901745)
EVALUATING
{'loss': 239.41200302124022, 'accuracy': 0.9284149473905563, 'perfect_match_accuracy': 0.001, 'cost_ratio_suggested_true': 1.3808770179748535, 'below_10.0_percent_acc': 0.379, 'below_1.0_percent_acc': 0.019, 'below_0.1_percent_acc': 0.009, 'below_0.01_percent_acc': 0.009, 'below_0.001_percent_acc': 0.009, 'below_0.0001_percent_acc': 0.009, 'valid_acc': 1.0}
Epoch: 28	Batch time (2.494164)	Data time (0.035060)	Cuda time (0.000002)	Loss (224.855802)	Accuracy (0.874680)
EVALUATING
{'loss': 236.5400003051758, 'accuracy': 0.923230910897255, 'perfect_match_accuracy': 0.0, 'cost_ratio_suggested_true': 1.4133924913406373, 'below_10.0_percent_acc': 0.332, 'below_1.0_percent_acc': 0.014, 'below_0.1_percent_acc': 0.005, 'below_0.01_percent_acc': 0.005, 'below_0.001_percent_acc': 0.004, 'below_0.0001_percent_acc': 0.004, 'valid_acc': 1.0}
Epoch: 29	Batch time (2.523349)	Data time (0.035548)	Cuda time (0.000002)	Loss (223.434502)	Accuracy (0.861779)
EVALUATING
{'loss': 236.80000198364257, 'accuracy': 0.9246510601043701, 'perfect_match_accuracy': 0.0, 'cost_ratio_suggested_true': 1.3713128757476807, 'below_10.0_percent_acc': 0.423, 'below_1.0_percent_acc': 0.016, 'below_0.1_percent_acc': 0.004, 'below_0.01_percent_acc': 0.004, 'below_0.001_percent_acc': 0.004, 'below_0.0001_percent_acc': 0.004, 'valid_acc': 1.0}
Epoch: 30	Batch time (2.534811)	Data time (0.035243)	Cuda time (0.000002)	Loss (219.548401)	Accuracy (0.850965)
EVALUATING
{'loss': 233.26400115966797, 'accuracy': 0.9212395977973938, 'perfect_match_accuracy': 0.0, 'cost_ratio_suggested_true': 1.3788742804527283, 'below_10.0_percent_acc': 0.418, 'below_1.0_percent_acc': 0.01, 'below_0.1_percent_acc': 0.002, 'below_0.01_percent_acc': 0.002, 'below_0.001_percent_acc': 0.002, 'below_0.0001_percent_acc': 0.002, 'valid_acc': 1.0}
Epoch: 31	Batch time (2.514543)	Data time (0.034890)	Cuda time (0.000002)	Loss (218.418101)	Accuracy (0.847918)
EVALUATING
{'loss': 234.61100280761718, 'accuracy': 0.9193645924329757, 'perfect_match_accuracy': 0.0, 'cost_ratio_suggested_true': 1.418861974477768, 'below_10.0_percent_acc': 0.305, 'below_1.0_percent_acc': 0.004, 'below_0.1_percent_acc': 0.001, 'below_0.01_percent_acc': 0.001, 'below_0.001_percent_acc': 0.001, 'below_0.0001_percent_acc': 0.001, 'valid_acc': 1.0}
Epoch: 32	Batch time (2.508485)	Data time (0.034503)	Cuda time (0.000002)	Loss (218.384802)	Accuracy (0.848200)
EVALUATING
{'loss': 235.79500091552734, 'accuracy': 0.9196701526641846, 'perfect_match_accuracy': 0.0, 'cost_ratio_suggested_true': 1.4220963251590728, 'below_10.0_percent_acc': 0.298, 'below_1.0_percent_acc': 0.005, 'below_0.1_percent_acc': 0.001, 'below_0.01_percent_acc': 0.001, 'below_0.001_percent_acc': 0.001, 'below_0.0001_percent_acc': 0.001, 'valid_acc': 1.0}
Epoch: 33	Batch time (2.505448)	Data time (0.034628)	Cuda time (0.000002)	Loss (218.667101)	Accuracy (0.847066)
EVALUATING
{'loss': 232.58999923706054, 'accuracy': 0.9192725849151612, 'perfect_match_accuracy': 0.001, 'cost_ratio_suggested_true': 1.4202667248249055, 'below_10.0_percent_acc': 0.291, 'below_1.0_percent_acc': 0.005, 'below_0.1_percent_acc': 0.002, 'below_0.01_percent_acc': 0.002, 'below_0.001_percent_acc': 0.002, 'below_0.0001_percent_acc': 0.002, 'valid_acc': 1.0}
Epoch: 34	Batch time (2.518469)	Data time (0.035002)	Cuda time (0.000002)	Loss (218.868201)	Accuracy (0.848085)
EVALUATING
{'loss': 233.8210012817383, 'accuracy': 0.9207586878538132, 'perfect_match_accuracy': 0.001, 'cost_ratio_suggested_true': 1.4246505773067475, 'below_10.0_percent_acc': 0.294, 'below_1.0_percent_acc': 0.005, 'below_0.1_percent_acc': 0.002, 'below_0.01_percent_acc': 0.002, 'below_0.001_percent_acc': 0.002, 'below_0.0001_percent_acc': 0.002, 'valid_acc': 1.0}
Epoch: 35	Batch time (2.557520)	Data time (0.035123)	Cuda time (0.000002)	Loss (218.525501)	Accuracy (0.847980)
EVALUATING
{'loss': 231.98000381469726, 'accuracy': 0.9215538364648819, 'perfect_match_accuracy': 0.0, 'cost_ratio_suggested_true': 1.4093972218036652, 'below_10.0_percent_acc': 0.325, 'below_1.0_percent_acc': 0.006, 'below_0.1_percent_acc': 0.002, 'below_0.01_percent_acc': 0.002, 'below_0.001_percent_acc': 0.002, 'below_0.0001_percent_acc': 0.002, 'valid_acc': 1.0}
Epoch: 36	Batch time (2.557964)	Data time (0.035193)	Cuda time (0.000002)	Loss (217.188901)	Accuracy (0.845872)
EVALUATING
{'loss': 237.4049998474121, 'accuracy': 0.9225382077693939, 'perfect_match_accuracy': 0.0, 'cost_ratio_suggested_true': 1.3942857766151429, 'below_10.0_percent_acc': 0.352, 'below_1.0_percent_acc': 0.008, 'below_0.1_percent_acc': 0.002, 'below_0.01_percent_acc': 0.002, 'below_0.001_percent_acc': 0.002, 'below_0.0001_percent_acc': 0.002, 'valid_acc': 1.0}
Epoch: 37	Batch time (2.544279)	Data time (0.035426)	Cuda time (0.000002)	Loss (217.308301)	Accuracy (0.847312)
EVALUATING
{'loss': 236.59900024414063, 'accuracy': 0.9233663290739059, 'perfect_match_accuracy': 0.001, 'cost_ratio_suggested_true': 1.3799296593666077, 'below_10.0_percent_acc': 0.35, 'below_1.0_percent_acc': 0.009, 'below_0.1_percent_acc': 0.003, 'below_0.01_percent_acc': 0.003, 'below_0.001_percent_acc': 0.003, 'below_0.0001_percent_acc': 0.003, 'valid_acc': 1.0}
Epoch: 38	Batch time (2.524731)	Data time (0.035091)	Cuda time (0.000002)	Loss (218.931501)	Accuracy (0.847235)
EVALUATING
{'loss': 236.35100311279297, 'accuracy': 0.9231389081478119, 'perfect_match_accuracy': 0.001, 'cost_ratio_suggested_true': 1.3829517924785615, 'below_10.0_percent_acc': 0.34, 'below_1.0_percent_acc': 0.009, 'below_0.1_percent_acc': 0.003, 'below_0.01_percent_acc': 0.003, 'below_0.001_percent_acc': 0.003, 'below_0.0001_percent_acc': 0.003, 'valid_acc': 1.0}
Epoch: 39	Batch time (2.561685)	Data time (0.034799)	Cuda time (0.000002)	Loss (219.717702)	Accuracy (0.850110)
EVALUATING
{'loss': 236.77900115966796, 'accuracy': 0.9234114670753479, 'perfect_match_accuracy': 0.001, 'cost_ratio_suggested_true': 1.3841086900234223, 'below_10.0_percent_acc': 0.326, 'below_1.0_percent_acc': 0.009, 'below_0.1_percent_acc': 0.003, 'below_0.01_percent_acc': 0.003, 'below_0.001_percent_acc': 0.003, 'below_0.0001_percent_acc': 0.003, 'valid_acc': 1.0}
Epoch: 40	Batch time (2.533487)	Data time (0.035215)	Cuda time (0.000002)	Loss (219.482801)	Accuracy (0.850179)
EVALUATING
{'loss': 235.4059992980957, 'accuracy': 0.9246354246139527, 'perfect_match_accuracy': 0.001, 'cost_ratio_suggested_true': 1.366108455657959, 'below_10.0_percent_acc': 0.346, 'below_1.0_percent_acc': 0.009, 'below_0.1_percent_acc': 0.002, 'below_0.01_percent_acc': 0.002, 'below_0.001_percent_acc': 0.002, 'below_0.0001_percent_acc': 0.002, 'valid_acc': 1.0}
Epoch: 41	Batch time (2.530259)	Data time (0.035333)	Cuda time (0.000002)	Loss (218.687601)	Accuracy (0.850113)
EVALUATING
{'loss': 236.43800064086915, 'accuracy': 0.9242083430290222, 'perfect_match_accuracy': 0.001, 'cost_ratio_suggested_true': 1.3731686115264892, 'below_10.0_percent_acc': 0.341, 'below_1.0_percent_acc': 0.008, 'below_0.1_percent_acc': 0.002, 'below_0.01_percent_acc': 0.002, 'below_0.001_percent_acc': 0.002, 'below_0.0001_percent_acc': 0.002, 'valid_acc': 1.0}
Epoch: 42	Batch time (2.531762)	Data time (0.034683)	Cuda time (0.000002)	Loss (219.191801)	Accuracy (0.850076)
EVALUATING
{'loss': 236.3640022277832, 'accuracy': 0.9244236266613006, 'perfect_match_accuracy': 0.001, 'cost_ratio_suggested_true': 1.3703787529468536, 'below_10.0_percent_acc': 0.356, 'below_1.0_percent_acc': 0.01, 'below_0.1_percent_acc': 0.003, 'below_0.01_percent_acc': 0.003, 'below_0.001_percent_acc': 0.003, 'below_0.0001_percent_acc': 0.003, 'valid_acc': 1.0}
Epoch: 43	Batch time (2.513154)	Data time (0.035315)	Cuda time (0.000002)	Loss (219.115701)	Accuracy (0.850561)
EVALUATING
{'loss': 235.83800201416017, 'accuracy': 0.9246145963668824, 'perfect_match_accuracy': 0.001, 'cost_ratio_suggested_true': 1.3667896723747253, 'below_10.0_percent_acc': 0.363, 'below_1.0_percent_acc': 0.01, 'below_0.1_percent_acc': 0.003, 'below_0.01_percent_acc': 0.003, 'below_0.001_percent_acc': 0.003, 'below_0.0001_percent_acc': 0.003, 'valid_acc': 1.0}
Epoch: 44	Batch time (2.506922)	Data time (0.034856)	Cuda time (0.000002)	Loss (218.781601)	Accuracy (0.850639)
EVALUATING
{'loss': 235.91400161743164, 'accuracy': 0.9251111263036728, 'perfect_match_accuracy': 0.001, 'cost_ratio_suggested_true': 1.3593109238147736, 'below_10.0_percent_acc': 0.378, 'below_1.0_percent_acc': 0.01, 'below_0.1_percent_acc': 0.003, 'below_0.01_percent_acc': 0.003, 'below_0.001_percent_acc': 0.003, 'below_0.0001_percent_acc': 0.003, 'valid_acc': 1.0}
Epoch: 45	Batch time (2.496348)	Data time (0.034711)	Cuda time (0.000002)	Loss (219.259401)	Accuracy (0.850502)
EVALUATING
{'loss': 234.72200149536133, 'accuracy': 0.9243333512544631, 'perfect_match_accuracy': 0.001, 'cost_ratio_suggested_true': 1.3721512651443482, 'below_10.0_percent_acc': 0.347, 'below_1.0_percent_acc': 0.007, 'below_0.1_percent_acc': 0.002, 'below_0.01_percent_acc': 0.002, 'below_0.001_percent_acc': 0.002, 'below_0.0001_percent_acc': 0.002, 'valid_acc': 1.0}
Epoch: 46	Batch time (2.483171)	Data time (0.034283)	Cuda time (0.000002)	Loss (218.900701)	Accuracy (0.850165)
EVALUATING
{'loss': 236.27700256347657, 'accuracy': 0.9245798605680465, 'perfect_match_accuracy': 0.001, 'cost_ratio_suggested_true': 1.3670602774620055, 'below_10.0_percent_acc': 0.36, 'below_1.0_percent_acc': 0.009, 'below_0.1_percent_acc': 0.003, 'below_0.01_percent_acc': 0.003, 'below_0.001_percent_acc': 0.003, 'below_0.0001_percent_acc': 0.003, 'valid_acc': 1.0}
Epoch: 47	Batch time (2.483331)	Data time (0.034315)	Cuda time (0.000002)	Loss (219.273101)	Accuracy (0.850101)
EVALUATING
{'loss': 236.00800277709962, 'accuracy': 0.9242118126153946, 'perfect_match_accuracy': 0.001, 'cost_ratio_suggested_true': 1.3718850779533387, 'below_10.0_percent_acc': 0.353, 'below_1.0_percent_acc': 0.008, 'below_0.1_percent_acc': 0.003, 'below_0.01_percent_acc': 0.003, 'below_0.001_percent_acc': 0.003, 'below_0.0001_percent_acc': 0.003, 'valid_acc': 1.0}
Epoch: 48	Batch time (2.481767)	Data time (0.034398)	Cuda time (0.000002)	Loss (220.516402)	Accuracy (0.850541)
EVALUATING
{'loss': 233.43600158691407, 'accuracy': 0.9248941087722778, 'perfect_match_accuracy': 0.001, 'cost_ratio_suggested_true': 1.3598861992359161, 'below_10.0_percent_acc': 0.369, 'below_1.0_percent_acc': 0.009, 'below_0.1_percent_acc': 0.003, 'below_0.01_percent_acc': 0.003, 'below_0.001_percent_acc': 0.003, 'below_0.0001_percent_acc': 0.003, 'valid_acc': 1.0}
Epoch: 49	Batch time (2.482068)	Data time (0.034348)	Cuda time (0.000002)	Loss (219.337301)	Accuracy (0.849820)
EVALUATING
{'loss': 234.81099990844726, 'accuracy': 0.9246701568365097, 'perfect_match_accuracy': 0.001, 'cost_ratio_suggested_true': 1.364380238056183, 'below_10.0_percent_acc': 0.367, 'below_1.0_percent_acc': 0.01, 'below_0.1_percent_acc': 0.003, 'below_0.01_percent_acc': 0.003, 'below_0.001_percent_acc': 0.003, 'below_0.0001_percent_acc': 0.003, 'valid_acc': 1.0}
Epoch: 50	Batch time (2.482733)	Data time (0.034369)	Cuda time (0.000002)	Loss (219.725001)	Accuracy (0.849955)
EVALUATING
{'loss': 234.1950015258789, 'accuracy': 0.9249635541439056, 'perfect_match_accuracy': 0.001, 'cost_ratio_suggested_true': 1.361368520259857, 'below_10.0_percent_acc': 0.356, 'below_1.0_percent_acc': 0.008, 'below_0.1_percent_acc': 0.003, 'below_0.01_percent_acc': 0.003, 'below_0.001_percent_acc': 0.003, 'below_0.0001_percent_acc': 0.003, 'valid_acc': 1.0}
