No existing entry for trainer_params.mode.type
{}[type] = <class 'int'>(5)
No existing entry for trainer_params.mode.objective_type
{'type': 5}[objective_type] = <class 'str'>(normal)
No existing entry for trainer_params.mode.use_marginal
{'type': 5, 'objective_type': 'normal'}[use_marginal] = <class 'bool'>(True)
No existing entry for trainer_params.mode.nb_samples
{'type': 5, 'objective_type': 'normal', 'use_marginal': True}[nb_samples] = <class 'int'>(1)
No existing entry for trainer_params.mode.temperature
{'type': 5, 'objective_type': 'normal', 'use_marginal': True, 'nb_samples': 1}[temperature] = <class 'float'>(0.2)
No existing entry for trainer_params.mode.use_gamma
{'type': 5, 'objective_type': 'normal', 'use_marginal': True, 'nb_samples': 1, 'temperature': 0.2}[use_gamma] = <class 'bool'>(False)
No existing entry for trainer_params.mode.loss_type
{'type': 5, 'objective_type': 'normal', 'use_marginal': True, 'nb_samples': 1, 'temperature': 0.2, 'use_gamma': False}[loss_type] = <class 'str'>(fy)
No existing entry for trainer_params.mode.perturb_w
{'type': 5, 'objective_type': 'normal', 'use_marginal': True, 'nb_samples': 1, 'temperature': 0.2, 'use_gamma': False, 'loss_type': 'fy'}[perturb_w] = <class 'bool'>(False)
No existing entry for trainer_params.mode.perturb_w_prime
{'type': 5, 'objective_type': 'normal', 'use_marginal': True, 'nb_samples': 1, 'temperature': 0.2, 'use_gamma': False, 'loss_type': 'fy', 'perturb_w': False}[perturb_w_prime] = <class 'bool'>(False)
{'batch_size': 70, 'l1_regconst': 0.0, 'lambda_val': 20.0, 'lr_milestone_1': 30, 'lr_milestone_2': 40, 'model_params': {'arch_params': {}, 'model_name': 'CombResnet18'}, 'neighbourhood_fn': '8-grid', 'optimizer_name': 'Adam', 'optimizer_params': {'lr': 0.0005}, 'preload_batch': True, 'use_cuda': True, 'use_lr_scheduling': True, 'mode': {'type': 5, 'objective_type': 'normal', 'use_marginal': True, 'nb_samples': 1, 'temperature': 0.2, 'use_gamma': False, 'loss_type': 'fy', 'perturb_w': False, 'perturb_w_prime': False}}[lambda_val] = <class 'float'>(0.0)
{'data_dir': 'data/warcraft_shortest_path/12x12', 'evaluate_with_extra': False, 'normalize': True, 'use_local_path': False, 'use_test_set': True}[data_dir] = <class 'str'>(data/warcraft_shortest_path/12x12)
{'evaluate_every': 5, 'loader_params': {'data_dir': 'data/warcraft_shortest_path/12x12', 'evaluate_with_extra': False, 'normalize': True, 'use_local_path': False, 'use_test_set': True}, 'model_dir': 'results/warcraft_shortest_path_combresnet', 'num_cpus': 12, 'num_epochs': 50, 'problem_type': 'warcraft_shortest_path', 'ray_params': {}, 'save_visualizations': False, 'seed': 1, 'trainer_name': 'DijkstraMAP', 'trainer_params': {'batch_size': 70, 'l1_regconst': 0.0, 'lambda_val': 0.0, 'lr_milestone_1': 30, 'lr_milestone_2': 40, 'model_params': {'arch_params': {}, 'model_name': 'CombResnet18'}, 'neighbourhood_fn': '8-grid', 'optimizer_name': 'Adam', 'optimizer_params': {'lr': 0.0005}, 'preload_batch': True, 'use_cuda': True, 'use_lr_scheduling': True, 'mode': {'type': 5, 'objective_type': 'normal', 'use_marginal': True, 'nb_samples': 1, 'temperature': 0.2, 'use_gamma': False, 'loss_type': 'fy', 'perturb_w': False, 'perturb_w_prime': False}}, 'use_ray': True}[seed] = <class 'int'>(3)
{'evaluate_every': 5, 'loader_params': {'data_dir': 'data/warcraft_shortest_path/12x12', 'evaluate_with_extra': False, 'normalize': True, 'use_local_path': False, 'use_test_set': True}, 'model_dir': 'results/warcraft_shortest_path_combresnet', 'num_cpus': 12, 'num_epochs': 50, 'problem_type': 'warcraft_shortest_path', 'ray_params': {}, 'save_visualizations': False, 'seed': 3, 'trainer_name': 'DijkstraMAP', 'trainer_params': {'batch_size': 70, 'l1_regconst': 0.0, 'lambda_val': 0.0, 'lr_milestone_1': 30, 'lr_milestone_2': 40, 'model_params': {'arch_params': {}, 'model_name': 'CombResnet18'}, 'neighbourhood_fn': '8-grid', 'optimizer_name': 'Adam', 'optimizer_params': {'lr': 0.0005}, 'preload_batch': True, 'use_cuda': True, 'use_lr_scheduling': True, 'mode': {'type': 5, 'objective_type': 'normal', 'use_marginal': True, 'nb_samples': 1, 'temperature': 0.2, 'use_gamma': False, 'loss_type': 'fy', 'perturb_w': False, 'perturb_w_prime': False}}, 'use_ray': True}[evaluate_every] = <class 'int'>(1)
{'evaluate_every': 1, 'loader_params': {'data_dir': 'data/warcraft_shortest_path/12x12', 'evaluate_with_extra': False, 'normalize': True, 'use_local_path': False, 'use_test_set': True}, 'model_dir': 'results/warcraft_shortest_path_combresnet', 'num_cpus': 12, 'num_epochs': 50, 'problem_type': 'warcraft_shortest_path', 'ray_params': {}, 'save_visualizations': False, 'seed': 3, 'trainer_name': 'DijkstraMAP', 'trainer_params': {'batch_size': 70, 'l1_regconst': 0.0, 'lambda_val': 0.0, 'lr_milestone_1': 30, 'lr_milestone_2': 40, 'model_params': {'arch_params': {}, 'model_name': 'CombResnet18'}, 'neighbourhood_fn': '8-grid', 'optimizer_name': 'Adam', 'optimizer_params': {'lr': 0.0005}, 'preload_batch': True, 'use_cuda': True, 'use_lr_scheduling': True, 'mode': {'type': 5, 'objective_type': 'normal', 'use_marginal': True, 'nb_samples': 1, 'temperature': 0.2, 'use_gamma': False, 'loss_type': 'fy', 'perturb_w': False, 'perturb_w_prime': False}}, 'use_ray': True}[use_ray] = <class 'bool'>(False)
No existing entry for trainer_params.mode.type
{}[type] = <class 'int'>(5)
No existing entry for trainer_params.mode.objective_type
{'type': 5}[objective_type] = <class 'str'>(normal)
No existing entry for trainer_params.mode.use_marginal
{'type': 5, 'objective_type': 'normal'}[use_marginal] = <class 'bool'>(True)
No existing entry for trainer_params.mode.nb_samples
{'type': 5, 'objective_type': 'normal', 'use_marginal': True}[nb_samples] = <class 'int'>(1)
No existing entry for trainer_params.mode.temperature
{'type': 5, 'objective_type': 'normal', 'use_marginal': True, 'nb_samples': 1}[temperature] = <class 'float'>(0.2)
No existing entry for trainer_params.mode.use_gamma
{'type': 5, 'objective_type': 'normal', 'use_marginal': True, 'nb_samples': 1, 'temperature': 0.2}[use_gamma] = <class 'bool'>(False)
No existing entry for trainer_params.mode.loss_type
{'type': 5, 'objective_type': 'normal', 'use_marginal': True, 'nb_samples': 1, 'temperature': 0.2, 'use_gamma': False}[loss_type] = <class 'str'>(fy)
No existing entry for trainer_params.mode.perturb_w
{'type': 5, 'objective_type': 'normal', 'use_marginal': True, 'nb_samples': 1, 'temperature': 0.2, 'use_gamma': False, 'loss_type': 'fy'}[perturb_w] = <class 'bool'>(False)
No existing entry for trainer_params.mode.perturb_w_prime
{'type': 5, 'objective_type': 'normal', 'use_marginal': True, 'nb_samples': 1, 'temperature': 0.2, 'use_gamma': False, 'loss_type': 'fy', 'perturb_w': False}[perturb_w_prime] = <class 'bool'>(False)
{'batch_size': 70, 'l1_regconst': 0.0, 'lambda_val': 20.0, 'lr_milestone_1': 30, 'lr_milestone_2': 40, 'model_params': {'arch_params': {}, 'model_name': 'CombResnet18'}, 'neighbourhood_fn': '8-grid', 'optimizer_name': 'Adam', 'optimizer_params': {'lr': 0.0005}, 'preload_batch': True, 'use_cuda': True, 'use_lr_scheduling': True, 'mode': {'type': 5, 'objective_type': 'normal', 'use_marginal': True, 'nb_samples': 1, 'temperature': 0.2, 'use_gamma': False, 'loss_type': 'fy', 'perturb_w': False, 'perturb_w_prime': False}}[lambda_val] = <class 'float'>(0.0)
{'data_dir': 'data/warcraft_shortest_path/12x12', 'evaluate_with_extra': False, 'normalize': True, 'use_local_path': False, 'use_test_set': True}[data_dir] = <class 'str'>(data/warcraft_shortest_path/12x12)
{'evaluate_every': 5, 'loader_params': {'data_dir': 'data/warcraft_shortest_path/12x12', 'evaluate_with_extra': False, 'normalize': True, 'use_local_path': False, 'use_test_set': True}, 'model_dir': 'results/warcraft_shortest_path_combresnet', 'num_cpus': 12, 'num_epochs': 50, 'problem_type': 'warcraft_shortest_path', 'ray_params': {}, 'save_visualizations': False, 'seed': 1, 'trainer_name': 'DijkstraMAP', 'trainer_params': {'batch_size': 70, 'l1_regconst': 0.0, 'lambda_val': 0.0, 'lr_milestone_1': 30, 'lr_milestone_2': 40, 'model_params': {'arch_params': {}, 'model_name': 'CombResnet18'}, 'neighbourhood_fn': '8-grid', 'optimizer_name': 'Adam', 'optimizer_params': {'lr': 0.0005}, 'preload_batch': True, 'use_cuda': True, 'use_lr_scheduling': True, 'mode': {'type': 5, 'objective_type': 'normal', 'use_marginal': True, 'nb_samples': 1, 'temperature': 0.2, 'use_gamma': False, 'loss_type': 'fy', 'perturb_w': False, 'perturb_w_prime': False}}, 'use_ray': True}[seed] = <class 'int'>(3)
{'evaluate_every': 5, 'loader_params': {'data_dir': 'data/warcraft_shortest_path/12x12', 'evaluate_with_extra': False, 'normalize': True, 'use_local_path': False, 'use_test_set': True}, 'model_dir': 'results/warcraft_shortest_path_combresnet', 'num_cpus': 12, 'num_epochs': 50, 'problem_type': 'warcraft_shortest_path', 'ray_params': {}, 'save_visualizations': False, 'seed': 3, 'trainer_name': 'DijkstraMAP', 'trainer_params': {'batch_size': 70, 'l1_regconst': 0.0, 'lambda_val': 0.0, 'lr_milestone_1': 30, 'lr_milestone_2': 40, 'model_params': {'arch_params': {}, 'model_name': 'CombResnet18'}, 'neighbourhood_fn': '8-grid', 'optimizer_name': 'Adam', 'optimizer_params': {'lr': 0.0005}, 'preload_batch': True, 'use_cuda': True, 'use_lr_scheduling': True, 'mode': {'type': 5, 'objective_type': 'normal', 'use_marginal': True, 'nb_samples': 1, 'temperature': 0.2, 'use_gamma': False, 'loss_type': 'fy', 'perturb_w': False, 'perturb_w_prime': False}}, 'use_ray': True}[evaluate_every] = <class 'int'>(1)
{'evaluate_every': 1, 'loader_params': {'data_dir': 'data/warcraft_shortest_path/12x12', 'evaluate_with_extra': False, 'normalize': True, 'use_local_path': False, 'use_test_set': True}, 'model_dir': 'results/warcraft_shortest_path_combresnet', 'num_cpus': 12, 'num_epochs': 50, 'problem_type': 'warcraft_shortest_path', 'ray_params': {}, 'save_visualizations': False, 'seed': 3, 'trainer_name': 'DijkstraMAP', 'trainer_params': {'batch_size': 70, 'l1_regconst': 0.0, 'lambda_val': 0.0, 'lr_milestone_1': 30, 'lr_milestone_2': 40, 'model_params': {'arch_params': {}, 'model_name': 'CombResnet18'}, 'neighbourhood_fn': '8-grid', 'optimizer_name': 'Adam', 'optimizer_params': {'lr': 0.0005}, 'preload_batch': True, 'use_cuda': True, 'use_lr_scheduling': True, 'mode': {'type': 5, 'objective_type': 'normal', 'use_marginal': True, 'nb_samples': 1, 'temperature': 0.2, 'use_gamma': False, 'loss_type': 'fy', 'perturb_w': False, 'perturb_w_prime': False}}, 'use_ray': True}[use_ray] = <class 'bool'>(False)
{
    "evaluate_every": 1,
    "loader_params": {
        "data_dir": "data/warcraft_shortest_path/12x12",
        "evaluate_with_extra": false,
        "normalize": true,
        "use_local_path": false,
        "use_test_set": true
    },
    "model_dir": "results/warcraft_shortest_path_combresnet",
    "num_cpus": 12,
    "num_epochs": 50,
    "problem_type": "warcraft_shortest_path",
    "ray_params": {},
    "save_visualizations": false,
    "seed": 3,
    "trainer_name": "DijkstraMAP",
    "trainer_params": {
        "batch_size": 70,
        "l1_regconst": 0.0,
        "lambda_val": 0.0,
        "lr_milestone_1": 30,
        "lr_milestone_2": 40,
        "mode": {
            "loss_type": "fy",
            "nb_samples": 1,
            "objective_type": "normal",
            "perturb_w": false,
            "perturb_w_prime": false,
            "temperature": 0.2,
            "type": 5,
            "use_gamma": false,
            "use_marginal": true
        },
        "model_params": {
            "arch_params": {},
            "model_name": "CombResnet18"
        },
        "neighbourhood_fn": "8-grid",
        "optimizer_name": "Adam",
        "optimizer_params": {
            "lr": 0.0005
        },
        "preload_batch": true,
        "use_cuda": true,
        "use_lr_scheduling": true
    },
    "use_ray": false
}
MAP-BACKPROP MODE: {
    "loss_type": "fy",
    "nb_samples": 1,
    "objective_type": "normal",
    "perturb_w": false,
    "perturb_w_prime": false,
    "temperature": 0.2,
    "type": 5,
    "use_gamma": false,
    "use_marginal": true
}
True
META: {'input_image_size': 96, 'output_features': 144, 'num_channels': 3, 'denormalize': <maprop.decorators.input_to_numpy object at 0x2b6915ba0f28>}
EVALUATING
{'loss': 61.5279999923706, 'accuracy': 0.8780694502592087, 'perfect_match_accuracy': 0.032, 'cost_ratio_suggested_true': 2.5201553201675413, 'below_10.0_percent_acc': 0.114, 'below_1.0_percent_acc': 0.053, 'below_0.1_percent_acc': 0.051, 'below_0.01_percent_acc': 0.051, 'below_0.001_percent_acc': 0.036, 'below_0.0001_percent_acc': 0.036, 'valid_acc': 1.0}
Epoch: 1	Batch time (0.490416)	Data time (0.004195)	Cuda time (0.000002)	Loss (61.492101)	Accuracy (0.874347)
EVALUATING
{'loss': 61.14900066375733, 'accuracy': 0.8732639056444168, 'perfect_match_accuracy': 0.021, 'cost_ratio_suggested_true': 2.116510182619095, 'below_10.0_percent_acc': 0.221, 'below_1.0_percent_acc': 0.052, 'below_0.1_percent_acc': 0.045, 'below_0.01_percent_acc': 0.045, 'below_0.001_percent_acc': 0.036, 'below_0.0001_percent_acc': 0.036, 'valid_acc': 1.0}
Epoch: 2	Batch time (0.494779)	Data time (0.004183)	Cuda time (0.000002)	Loss (60.775000)	Accuracy (0.872847)
EVALUATING
{'loss': 61.23800037384033, 'accuracy': 0.8778333467245102, 'perfect_match_accuracy': 0.016, 'cost_ratio_suggested_true': 1.7797819769382477, 'below_10.0_percent_acc': 0.409, 'below_1.0_percent_acc': 0.066, 'below_0.1_percent_acc': 0.058, 'below_0.01_percent_acc': 0.058, 'below_0.001_percent_acc': 0.051, 'below_0.0001_percent_acc': 0.051, 'valid_acc': 1.0}
Epoch: 3	Batch time (0.501359)	Data time (0.004188)	Cuda time (0.000002)	Loss (60.454600)	Accuracy (0.866047)
EVALUATING
{'loss': 61.79899948120117, 'accuracy': 0.8805138939619064, 'perfect_match_accuracy': 0.016, 'cost_ratio_suggested_true': 1.8137133622169495, 'below_10.0_percent_acc': 0.362, 'below_1.0_percent_acc': 0.05, 'below_0.1_percent_acc': 0.044, 'below_0.01_percent_acc': 0.044, 'below_0.001_percent_acc': 0.037, 'below_0.0001_percent_acc': 0.037, 'valid_acc': 1.0}
Epoch: 4	Batch time (0.496611)	Data time (0.004189)	Cuda time (0.000002)	Loss (61.006700)	Accuracy (0.870834)
EVALUATING
{'loss': 62.22100017547607, 'accuracy': 0.8859722363948822, 'perfect_match_accuracy': 0.027, 'cost_ratio_suggested_true': 2.0940761649608612, 'below_10.0_percent_acc': 0.308, 'below_1.0_percent_acc': 0.086, 'below_0.1_percent_acc': 0.072, 'below_0.01_percent_acc': 0.072, 'below_0.001_percent_acc': 0.06, 'below_0.0001_percent_acc': 0.06, 'valid_acc': 1.0}
Epoch: 5	Batch time (0.493224)	Data time (0.004176)	Cuda time (0.000002)	Loss (61.247800)	Accuracy (0.876333)
EVALUATING
{'loss': 61.73500022888184, 'accuracy': 0.8861388969421387, 'perfect_match_accuracy': 0.028, 'cost_ratio_suggested_true': 1.9395851027965545, 'below_10.0_percent_acc': 0.37, 'below_1.0_percent_acc': 0.092, 'below_0.1_percent_acc': 0.081, 'below_0.01_percent_acc': 0.081, 'below_0.001_percent_acc': 0.069, 'below_0.0001_percent_acc': 0.069, 'valid_acc': 1.0}
Epoch: 6	Batch time (0.493377)	Data time (0.004172)	Cuda time (0.000002)	Loss (61.619100)	Accuracy (0.880035)
EVALUATING
{'loss': 62.31099967956543, 'accuracy': 0.8894583523273468, 'perfect_match_accuracy': 0.028, 'cost_ratio_suggested_true': 1.8197754573822023, 'below_10.0_percent_acc': 0.435, 'below_1.0_percent_acc': 0.081, 'below_0.1_percent_acc': 0.066, 'below_0.01_percent_acc': 0.066, 'below_0.001_percent_acc': 0.053, 'below_0.0001_percent_acc': 0.053, 'valid_acc': 1.0}
Epoch: 7	Batch time (0.492760)	Data time (0.004169)	Cuda time (0.000002)	Loss (61.556100)	Accuracy (0.880180)
EVALUATING
{'loss': 62.450000343322756, 'accuracy': 0.8901111179590225, 'perfect_match_accuracy': 0.034, 'cost_ratio_suggested_true': 1.8184087669849396, 'below_10.0_percent_acc': 0.395, 'below_1.0_percent_acc': 0.093, 'below_0.1_percent_acc': 0.077, 'below_0.01_percent_acc': 0.077, 'below_0.001_percent_acc': 0.062, 'below_0.0001_percent_acc': 0.062, 'valid_acc': 1.0}
Epoch: 8	Batch time (0.497916)	Data time (0.004175)	Cuda time (0.000002)	Loss (61.133800)	Accuracy (0.873854)
EVALUATING
{'loss': 61.66900001525879, 'accuracy': 0.877611117362976, 'perfect_match_accuracy': 0.006, 'cost_ratio_suggested_true': 1.6246150898933411, 'below_10.0_percent_acc': 0.391, 'below_1.0_percent_acc': 0.034, 'below_0.1_percent_acc': 0.022, 'below_0.01_percent_acc': 0.022, 'below_0.001_percent_acc': 0.014, 'below_0.0001_percent_acc': 0.014, 'valid_acc': 1.0}
Epoch: 9	Batch time (0.507011)	Data time (0.004178)	Cuda time (0.000002)	Loss (60.234600)	Accuracy (0.865142)
EVALUATING
{'loss': 60.73200061798096, 'accuracy': 0.8797639048099518, 'perfect_match_accuracy': 0.011, 'cost_ratio_suggested_true': 1.5641162836551665, 'below_10.0_percent_acc': 0.417, 'below_1.0_percent_acc': 0.038, 'below_0.1_percent_acc': 0.026, 'below_0.01_percent_acc': 0.026, 'below_0.001_percent_acc': 0.024, 'below_0.0001_percent_acc': 0.024, 'valid_acc': 1.0}
Epoch: 10	Batch time (0.516897)	Data time (0.004175)	Cuda time (0.000002)	Loss (59.395300)	Accuracy (0.855686)
EVALUATING
{'loss': 61.126000022888185, 'accuracy': 0.8741041731834411, 'perfect_match_accuracy': 0.006, 'cost_ratio_suggested_true': 1.5375215744972228, 'below_10.0_percent_acc': 0.367, 'below_1.0_percent_acc': 0.03, 'below_0.1_percent_acc': 0.024, 'below_0.01_percent_acc': 0.024, 'below_0.001_percent_acc': 0.021, 'below_0.0001_percent_acc': 0.021, 'valid_acc': 1.0}
Epoch: 11	Batch time (0.514004)	Data time (0.004185)	Cuda time (0.000002)	Loss (59.487700)	Accuracy (0.856480)
EVALUATING
{'loss': 60.767000160217286, 'accuracy': 0.8736041855812072, 'perfect_match_accuracy': 0.005, 'cost_ratio_suggested_true': 1.6987324583530425, 'below_10.0_percent_acc': 0.323, 'below_1.0_percent_acc': 0.022, 'below_0.1_percent_acc': 0.017, 'below_0.01_percent_acc': 0.017, 'below_0.001_percent_acc': 0.014, 'below_0.0001_percent_acc': 0.014, 'valid_acc': 1.0}
Epoch: 12	Batch time (0.529401)	Data time (0.004180)	Cuda time (0.000002)	Loss (58.394900)	Accuracy (0.844772)
EVALUATING
{'loss': 61.574000129699705, 'accuracy': 0.8807500106096268, 'perfect_match_accuracy': 0.01, 'cost_ratio_suggested_true': 1.7527643048763275, 'below_10.0_percent_acc': 0.279, 'below_1.0_percent_acc': 0.03, 'below_0.1_percent_acc': 0.025, 'below_0.01_percent_acc': 0.025, 'below_0.001_percent_acc': 0.023, 'below_0.0001_percent_acc': 0.023, 'valid_acc': 1.0}
Epoch: 13	Batch time (0.533864)	Data time (0.004181)	Cuda time (0.000002)	Loss (57.460400)	Accuracy (0.832365)
EVALUATING
{'loss': 59.07700054168701, 'accuracy': 0.851854185461998, 'perfect_match_accuracy': 0.003, 'cost_ratio_suggested_true': 2.5644977951049803, 'below_10.0_percent_acc': 0.098, 'below_1.0_percent_acc': 0.007, 'below_0.1_percent_acc': 0.004, 'below_0.01_percent_acc': 0.004, 'below_0.001_percent_acc': 0.004, 'below_0.0001_percent_acc': 0.004, 'valid_acc': 1.0}
Epoch: 14	Batch time (0.517196)	Data time (0.004179)	Cuda time (0.000002)	Loss (57.218800)	Accuracy (0.825125)
EVALUATING
{'loss': 58.61200031280518, 'accuracy': 0.8430555719137192, 'perfect_match_accuracy': 0.002, 'cost_ratio_suggested_true': 3.3427614307403566, 'below_10.0_percent_acc': 0.032, 'below_1.0_percent_acc': 0.003, 'below_0.1_percent_acc': 0.002, 'below_0.01_percent_acc': 0.002, 'below_0.001_percent_acc': 0.002, 'below_0.0001_percent_acc': 0.002, 'valid_acc': 1.0}
Epoch: 15	Batch time (0.518516)	Data time (0.004180)	Cuda time (0.000002)	Loss (56.751200)	Accuracy (0.820279)
EVALUATING
{'loss': 58.264000511169435, 'accuracy': 0.8423819595575333, 'perfect_match_accuracy': 0.004, 'cost_ratio_suggested_true': 3.475991632938385, 'below_10.0_percent_acc': 0.032, 'below_1.0_percent_acc': 0.005, 'below_0.1_percent_acc': 0.004, 'below_0.01_percent_acc': 0.004, 'below_0.001_percent_acc': 0.004, 'below_0.0001_percent_acc': 0.004, 'valid_acc': 1.0}
Epoch: 16	Batch time (0.517739)	Data time (0.004173)	Cuda time (0.000002)	Loss (56.730700)	Accuracy (0.819810)
EVALUATING
{'loss': 58.832000465393065, 'accuracy': 0.844069464802742, 'perfect_match_accuracy': 0.003, 'cost_ratio_suggested_true': 3.4889140272140504, 'below_10.0_percent_acc': 0.031, 'below_1.0_percent_acc': 0.004, 'below_0.1_percent_acc': 0.003, 'below_0.01_percent_acc': 0.003, 'below_0.001_percent_acc': 0.003, 'below_0.0001_percent_acc': 0.003, 'valid_acc': 1.0}
Epoch: 17	Batch time (0.516915)	Data time (0.004181)	Cuda time (0.000002)	Loss (57.604800)	Accuracy (0.831862)
EVALUATING
{'loss': 60.494000358581545, 'accuracy': 0.8714583480358123, 'perfect_match_accuracy': 0.01, 'cost_ratio_suggested_true': 2.2336515057086945, 'below_10.0_percent_acc': 0.209, 'below_1.0_percent_acc': 0.038, 'below_0.1_percent_acc': 0.028, 'below_0.01_percent_acc': 0.028, 'below_0.001_percent_acc': 0.026, 'below_0.0001_percent_acc': 0.026, 'valid_acc': 1.0}
Epoch: 18	Batch time (0.497691)	Data time (0.004163)	Cuda time (0.000002)	Loss (61.014600)	Accuracy (0.870310)
EVALUATING
{'loss': 61.52400024414062, 'accuracy': 0.8757014000415801, 'perfect_match_accuracy': 0.004, 'cost_ratio_suggested_true': 1.865604327917099, 'below_10.0_percent_acc': 0.291, 'below_1.0_percent_acc': 0.027, 'below_0.1_percent_acc': 0.018, 'below_0.01_percent_acc': 0.018, 'below_0.001_percent_acc': 0.011, 'below_0.0001_percent_acc': 0.011, 'valid_acc': 1.0}
Epoch: 19	Batch time (0.494235)	Data time (0.004168)	Cuda time (0.000002)	Loss (61.237100)	Accuracy (0.872136)
EVALUATING
{'loss': 62.00000061035156, 'accuracy': 0.8815902900695801, 'perfect_match_accuracy': 0.014, 'cost_ratio_suggested_true': 1.8858641588687897, 'below_10.0_percent_acc': 0.335, 'below_1.0_percent_acc': 0.068, 'below_0.1_percent_acc': 0.055, 'below_0.01_percent_acc': 0.055, 'below_0.001_percent_acc': 0.042, 'below_0.0001_percent_acc': 0.042, 'valid_acc': 1.0}
Epoch: 20	Batch time (0.494877)	Data time (0.004184)	Cuda time (0.000002)	Loss (61.426000)	Accuracy (0.875876)
EVALUATING
{'loss': 62.634000587463376, 'accuracy': 0.8884652918577194, 'perfect_match_accuracy': 0.021, 'cost_ratio_suggested_true': 1.7593343114852906, 'below_10.0_percent_acc': 0.392, 'below_1.0_percent_acc': 0.099, 'below_0.1_percent_acc': 0.08, 'below_0.01_percent_acc': 0.08, 'below_0.001_percent_acc': 0.066, 'below_0.0001_percent_acc': 0.066, 'valid_acc': 1.0}
Epoch: 21	Batch time (0.494524)	Data time (0.004172)	Cuda time (0.000002)	Loss (61.227100)	Accuracy (0.869503)
EVALUATING
{'loss': 61.752000160217285, 'accuracy': 0.8735347276926041, 'perfect_match_accuracy': 0.019, 'cost_ratio_suggested_true': 2.1934665274620055, 'below_10.0_percent_acc': 0.21, 'below_1.0_percent_acc': 0.046, 'below_0.1_percent_acc': 0.038, 'below_0.01_percent_acc': 0.038, 'below_0.001_percent_acc': 0.028, 'below_0.0001_percent_acc': 0.028, 'valid_acc': 1.0}
Epoch: 22	Batch time (0.493877)	Data time (0.004187)	Cuda time (0.000002)	Loss (60.979400)	Accuracy (0.866442)
EVALUATING
{'loss': 61.57599987030029, 'accuracy': 0.8716319525241851, 'perfect_match_accuracy': 0.019, 'cost_ratio_suggested_true': 2.3886377573013307, 'below_10.0_percent_acc': 0.152, 'below_1.0_percent_acc': 0.043, 'below_0.1_percent_acc': 0.039, 'below_0.01_percent_acc': 0.039, 'below_0.001_percent_acc': 0.026, 'below_0.0001_percent_acc': 0.026, 'valid_acc': 1.0}
Epoch: 23	Batch time (0.496029)	Data time (0.004170)	Cuda time (0.000002)	Loss (60.717700)	Accuracy (0.866328)
EVALUATING
{'loss': 62.032000885009765, 'accuracy': 0.8748333406448364, 'perfect_match_accuracy': 0.01, 'cost_ratio_suggested_true': 1.7943072056770324, 'below_10.0_percent_acc': 0.291, 'below_1.0_percent_acc': 0.031, 'below_0.1_percent_acc': 0.026, 'below_0.01_percent_acc': 0.026, 'below_0.001_percent_acc': 0.018, 'below_0.0001_percent_acc': 0.018, 'valid_acc': 1.0}
Epoch: 24	Batch time (0.506753)	Data time (0.004166)	Cuda time (0.000002)	Loss (60.316200)	Accuracy (0.858779)
EVALUATING
{'loss': 61.14400047302246, 'accuracy': 0.869812518954277, 'perfect_match_accuracy': 0.012, 'cost_ratio_suggested_true': 2.0850764405727387, 'below_10.0_percent_acc': 0.218, 'below_1.0_percent_acc': 0.037, 'below_0.1_percent_acc': 0.029, 'below_0.01_percent_acc': 0.029, 'below_0.001_percent_acc': 0.02, 'below_0.0001_percent_acc': 0.02, 'valid_acc': 1.0}
Epoch: 25	Batch time (0.498326)	Data time (0.004166)	Cuda time (0.000002)	Loss (60.265700)	Accuracy (0.862092)
EVALUATING
{'loss': 60.407000350952146, 'accuracy': 0.871638902425766, 'perfect_match_accuracy': 0.01, 'cost_ratio_suggested_true': 1.8897805058956145, 'below_10.0_percent_acc': 0.265, 'below_1.0_percent_acc': 0.04, 'below_0.1_percent_acc': 0.031, 'below_0.01_percent_acc': 0.031, 'below_0.001_percent_acc': 0.024, 'below_0.0001_percent_acc': 0.024, 'valid_acc': 1.0}
Epoch: 26	Batch time (0.502432)	Data time (0.004179)	Cuda time (0.000002)	Loss (60.389700)	Accuracy (0.861769)
EVALUATING
{'loss': 60.85300060272217, 'accuracy': 0.8667291820049285, 'perfect_match_accuracy': 0.007, 'cost_ratio_suggested_true': 1.8198433995246888, 'below_10.0_percent_acc': 0.25, 'below_1.0_percent_acc': 0.022, 'below_0.1_percent_acc': 0.016, 'below_0.01_percent_acc': 0.016, 'below_0.001_percent_acc': 0.012, 'below_0.0001_percent_acc': 0.012, 'valid_acc': 1.0}
Epoch: 27	Batch time (0.506316)	Data time (0.004174)	Cuda time (0.000002)	Loss (59.923400)	Accuracy (0.857843)
EVALUATING
{'loss': 60.76800003051758, 'accuracy': 0.8700416833162308, 'perfect_match_accuracy': 0.008, 'cost_ratio_suggested_true': 1.7517665910720825, 'below_10.0_percent_acc': 0.275, 'below_1.0_percent_acc': 0.031, 'below_0.1_percent_acc': 0.022, 'below_0.01_percent_acc': 0.022, 'below_0.001_percent_acc': 0.017, 'below_0.0001_percent_acc': 0.017, 'valid_acc': 1.0}
Epoch: 28	Batch time (0.508856)	Data time (0.004179)	Cuda time (0.000002)	Loss (59.760900)	Accuracy (0.853906)
EVALUATING
{'loss': 60.68300079345703, 'accuracy': 0.8618333464860917, 'perfect_match_accuracy': 0.005, 'cost_ratio_suggested_true': 1.9364515507221223, 'below_10.0_percent_acc': 0.211, 'below_1.0_percent_acc': 0.019, 'below_0.1_percent_acc': 0.015, 'below_0.01_percent_acc': 0.015, 'below_0.001_percent_acc': 0.01, 'below_0.0001_percent_acc': 0.01, 'valid_acc': 1.0}
Epoch: 29	Batch time (0.516146)	Data time (0.004179)	Cuda time (0.000002)	Loss (59.242200)	Accuracy (0.849460)
EVALUATING
{'loss': 61.17200077056885, 'accuracy': 0.8646389025449753, 'perfect_match_accuracy': 0.006, 'cost_ratio_suggested_true': 1.7391064691543578, 'below_10.0_percent_acc': 0.25, 'below_1.0_percent_acc': 0.028, 'below_0.1_percent_acc': 0.023, 'below_0.01_percent_acc': 0.023, 'below_0.001_percent_acc': 0.019, 'below_0.0001_percent_acc': 0.019, 'valid_acc': 1.0}
Epoch: 30	Batch time (0.534131)	Data time (0.004221)	Cuda time (0.000002)	Loss (58.268200)	Accuracy (0.846713)
EVALUATING
{'loss': 61.230000762939454, 'accuracy': 0.8765277910232544, 'perfect_match_accuracy': 0.008, 'cost_ratio_suggested_true': 1.4261757051944732, 'below_10.0_percent_acc': 0.42, 'below_1.0_percent_acc': 0.031, 'below_0.1_percent_acc': 0.024, 'below_0.01_percent_acc': 0.024, 'below_0.001_percent_acc': 0.018, 'below_0.0001_percent_acc': 0.018, 'valid_acc': 1.0}
Epoch: 31	Batch time (0.534137)	Data time (0.004177)	Cuda time (0.000002)	Loss (57.958700)	Accuracy (0.844618)
EVALUATING
{'loss': 61.37500049591065, 'accuracy': 0.8772500056028366, 'perfect_match_accuracy': 0.007, 'cost_ratio_suggested_true': 1.4131214535236358, 'below_10.0_percent_acc': 0.436, 'below_1.0_percent_acc': 0.036, 'below_0.1_percent_acc': 0.027, 'below_0.01_percent_acc': 0.027, 'below_0.001_percent_acc': 0.023, 'below_0.0001_percent_acc': 0.023, 'valid_acc': 1.0}
Epoch: 32	Batch time (0.536047)	Data time (0.004186)	Cuda time (0.000002)	Loss (57.992100)	Accuracy (0.844846)
EVALUATING
{'loss': 60.611000518798825, 'accuracy': 0.8779513919353485, 'perfect_match_accuracy': 0.007, 'cost_ratio_suggested_true': 1.3970090246200562, 'below_10.0_percent_acc': 0.453, 'below_1.0_percent_acc': 0.035, 'below_0.1_percent_acc': 0.025, 'below_0.01_percent_acc': 0.025, 'below_0.001_percent_acc': 0.021, 'below_0.0001_percent_acc': 0.021, 'valid_acc': 1.0}
Epoch: 33	Batch time (0.535327)	Data time (0.004192)	Cuda time (0.000002)	Loss (58.120300)	Accuracy (0.845724)
EVALUATING
{'loss': 61.09200042724609, 'accuracy': 0.8779097318649292, 'perfect_match_accuracy': 0.008, 'cost_ratio_suggested_true': 1.3979506504535675, 'below_10.0_percent_acc': 0.45, 'below_1.0_percent_acc': 0.035, 'below_0.1_percent_acc': 0.024, 'below_0.01_percent_acc': 0.024, 'below_0.001_percent_acc': 0.02, 'below_0.0001_percent_acc': 0.02, 'valid_acc': 1.0}
Epoch: 34	Batch time (0.533841)	Data time (0.004168)	Cuda time (0.000002)	Loss (58.333700)	Accuracy (0.847426)
EVALUATING
{'loss': 61.01000007629395, 'accuracy': 0.8778819471597672, 'perfect_match_accuracy': 0.007, 'cost_ratio_suggested_true': 1.3992534375190735, 'below_10.0_percent_acc': 0.448, 'below_1.0_percent_acc': 0.034, 'below_0.1_percent_acc': 0.025, 'below_0.01_percent_acc': 0.025, 'below_0.001_percent_acc': 0.02, 'below_0.0001_percent_acc': 0.02, 'valid_acc': 1.0}
Epoch: 35	Batch time (0.534755)	Data time (0.004180)	Cuda time (0.000002)	Loss (58.362300)	Accuracy (0.847864)
EVALUATING
{'loss': 61.11299991607666, 'accuracy': 0.8778541749715805, 'perfect_match_accuracy': 0.007, 'cost_ratio_suggested_true': 1.3946156370639802, 'below_10.0_percent_acc': 0.458, 'below_1.0_percent_acc': 0.039, 'below_0.1_percent_acc': 0.028, 'below_0.01_percent_acc': 0.028, 'below_0.001_percent_acc': 0.024, 'below_0.0001_percent_acc': 0.024, 'valid_acc': 1.0}
Epoch: 36	Batch time (0.534973)	Data time (0.004176)	Cuda time (0.000002)	Loss (58.268100)	Accuracy (0.847083)
EVALUATING
{'loss': 61.616000709533694, 'accuracy': 0.8785972273349762, 'perfect_match_accuracy': 0.005, 'cost_ratio_suggested_true': 1.3893057274818421, 'below_10.0_percent_acc': 0.467, 'below_1.0_percent_acc': 0.035, 'below_0.1_percent_acc': 0.025, 'below_0.01_percent_acc': 0.025, 'below_0.001_percent_acc': 0.021, 'below_0.0001_percent_acc': 0.021, 'valid_acc': 1.0}
Epoch: 37	Batch time (0.536292)	Data time (0.004181)	Cuda time (0.000002)	Loss (58.151500)	Accuracy (0.846780)
EVALUATING
{'loss': 61.13100036621094, 'accuracy': 0.8802569544315338, 'perfect_match_accuracy': 0.005, 'cost_ratio_suggested_true': 1.377586351633072, 'below_10.0_percent_acc': 0.485, 'below_1.0_percent_acc': 0.038, 'below_0.1_percent_acc': 0.028, 'below_0.01_percent_acc': 0.028, 'below_0.001_percent_acc': 0.025, 'below_0.0001_percent_acc': 0.025, 'valid_acc': 1.0}
Epoch: 38	Batch time (0.534933)	Data time (0.004172)	Cuda time (0.000002)	Loss (58.247500)	Accuracy (0.848593)
EVALUATING
{'loss': 61.32999980926514, 'accuracy': 0.8807777863740921, 'perfect_match_accuracy': 0.006, 'cost_ratio_suggested_true': 1.3853082501888274, 'below_10.0_percent_acc': 0.485, 'below_1.0_percent_acc': 0.041, 'below_0.1_percent_acc': 0.031, 'below_0.01_percent_acc': 0.031, 'below_0.001_percent_acc': 0.028, 'below_0.0001_percent_acc': 0.028, 'valid_acc': 1.0}
Epoch: 39	Batch time (0.537497)	Data time (0.004196)	Cuda time (0.000002)	Loss (58.225300)	Accuracy (0.847539)
EVALUATING
{'loss': 61.27900035858154, 'accuracy': 0.881527790427208, 'perfect_match_accuracy': 0.007, 'cost_ratio_suggested_true': 1.3724075853824615, 'below_10.0_percent_acc': 0.494, 'below_1.0_percent_acc': 0.041, 'below_0.1_percent_acc': 0.03, 'below_0.01_percent_acc': 0.03, 'below_0.001_percent_acc': 0.028, 'below_0.0001_percent_acc': 0.028, 'valid_acc': 1.0}
Epoch: 40	Batch time (0.535878)	Data time (0.004183)	Cuda time (0.000002)	Loss (58.024900)	Accuracy (0.847517)
EVALUATING
{'loss': 61.65800094604492, 'accuracy': 0.8818889081478118, 'perfect_match_accuracy': 0.008, 'cost_ratio_suggested_true': 1.3658208215236665, 'below_10.0_percent_acc': 0.499, 'below_1.0_percent_acc': 0.039, 'below_0.1_percent_acc': 0.031, 'below_0.01_percent_acc': 0.031, 'below_0.001_percent_acc': 0.029, 'below_0.0001_percent_acc': 0.029, 'valid_acc': 1.0}
Epoch: 41	Batch time (0.535916)	Data time (0.004206)	Cuda time (0.000002)	Loss (58.323001)	Accuracy (0.847801)
EVALUATING
{'loss': 61.599000434875485, 'accuracy': 0.8827014011144638, 'perfect_match_accuracy': 0.011, 'cost_ratio_suggested_true': 1.3610387027263642, 'below_10.0_percent_acc': 0.501, 'below_1.0_percent_acc': 0.04, 'below_0.1_percent_acc': 0.032, 'below_0.01_percent_acc': 0.032, 'below_0.001_percent_acc': 0.03, 'below_0.0001_percent_acc': 0.03, 'valid_acc': 1.0}
Epoch: 42	Batch time (0.537397)	Data time (0.004200)	Cuda time (0.000002)	Loss (58.247901)	Accuracy (0.848081)
EVALUATING
{'loss': 61.17700057983399, 'accuracy': 0.8822083532810211, 'perfect_match_accuracy': 0.011, 'cost_ratio_suggested_true': 1.3610736584663392, 'below_10.0_percent_acc': 0.503, 'below_1.0_percent_acc': 0.04, 'below_0.1_percent_acc': 0.032, 'below_0.01_percent_acc': 0.032, 'below_0.001_percent_acc': 0.03, 'below_0.0001_percent_acc': 0.03, 'valid_acc': 1.0}
Epoch: 43	Batch time (0.536732)	Data time (0.004180)	Cuda time (0.000002)	Loss (58.023800)	Accuracy (0.847258)
EVALUATING
{'loss': 61.41599998474121, 'accuracy': 0.8835833472013473, 'perfect_match_accuracy': 0.011, 'cost_ratio_suggested_true': 1.3525902950763702, 'below_10.0_percent_acc': 0.513, 'below_1.0_percent_acc': 0.04, 'below_0.1_percent_acc': 0.032, 'below_0.01_percent_acc': 0.032, 'below_0.001_percent_acc': 0.03, 'below_0.0001_percent_acc': 0.03, 'valid_acc': 1.0}
Epoch: 44	Batch time (0.537023)	Data time (0.004190)	Cuda time (0.000002)	Loss (58.106200)	Accuracy (0.847718)
EVALUATING
{'loss': 61.42300033569336, 'accuracy': 0.882375009059906, 'perfect_match_accuracy': 0.011, 'cost_ratio_suggested_true': 1.3608433711528778, 'below_10.0_percent_acc': 0.505, 'below_1.0_percent_acc': 0.039, 'below_0.1_percent_acc': 0.031, 'below_0.01_percent_acc': 0.031, 'below_0.001_percent_acc': 0.029, 'below_0.0001_percent_acc': 0.029, 'valid_acc': 1.0}
Epoch: 45	Batch time (0.537236)	Data time (0.004189)	Cuda time (0.000002)	Loss (58.183600)	Accuracy (0.848107)
EVALUATING
{'loss': 60.9400004196167, 'accuracy': 0.8829097294807434, 'perfect_match_accuracy': 0.011, 'cost_ratio_suggested_true': 1.3561703586578369, 'below_10.0_percent_acc': 0.509, 'below_1.0_percent_acc': 0.039, 'below_0.1_percent_acc': 0.031, 'below_0.01_percent_acc': 0.031, 'below_0.001_percent_acc': 0.029, 'below_0.0001_percent_acc': 0.029, 'valid_acc': 1.0}
Epoch: 46	Batch time (0.535664)	Data time (0.004162)	Cuda time (0.000002)	Loss (58.383600)	Accuracy (0.848119)
EVALUATING
{'loss': 61.693000373840334, 'accuracy': 0.8824027943611145, 'perfect_match_accuracy': 0.01, 'cost_ratio_suggested_true': 1.3612412583827973, 'below_10.0_percent_acc': 0.505, 'below_1.0_percent_acc': 0.04, 'below_0.1_percent_acc': 0.032, 'below_0.01_percent_acc': 0.032, 'below_0.001_percent_acc': 0.03, 'below_0.0001_percent_acc': 0.03, 'valid_acc': 1.0}
Epoch: 47	Batch time (0.536649)	Data time (0.004172)	Cuda time (0.000002)	Loss (58.282301)	Accuracy (0.847773)
EVALUATING
{'loss': 61.00200054168701, 'accuracy': 0.8826111292839051, 'perfect_match_accuracy': 0.011, 'cost_ratio_suggested_true': 1.3609512734413147, 'below_10.0_percent_acc': 0.506, 'below_1.0_percent_acc': 0.041, 'below_0.1_percent_acc': 0.033, 'below_0.01_percent_acc': 0.033, 'below_0.001_percent_acc': 0.031, 'below_0.0001_percent_acc': 0.031, 'valid_acc': 1.0}
Epoch: 48	Batch time (0.536945)	Data time (0.004172)	Cuda time (0.000002)	Loss (58.195800)	Accuracy (0.847749)
EVALUATING
{'loss': 61.752000427246095, 'accuracy': 0.8828333514928818, 'perfect_match_accuracy': 0.011, 'cost_ratio_suggested_true': 1.359504803419113, 'below_10.0_percent_acc': 0.506, 'below_1.0_percent_acc': 0.041, 'below_0.1_percent_acc': 0.033, 'below_0.01_percent_acc': 0.033, 'below_0.001_percent_acc': 0.031, 'below_0.0001_percent_acc': 0.031, 'valid_acc': 1.0}
Epoch: 49	Batch time (0.538008)	Data time (0.004186)	Cuda time (0.000002)	Loss (58.211800)	Accuracy (0.848019)
EVALUATING
{'loss': 61.19500068664551, 'accuracy': 0.8827014011144638, 'perfect_match_accuracy': 0.011, 'cost_ratio_suggested_true': 1.3602556157112122, 'below_10.0_percent_acc': 0.505, 'below_1.0_percent_acc': 0.04, 'below_0.1_percent_acc': 0.032, 'below_0.01_percent_acc': 0.032, 'below_0.001_percent_acc': 0.03, 'below_0.0001_percent_acc': 0.03, 'valid_acc': 1.0}
Epoch: 50	Batch time (0.538623)	Data time (0.004193)	Cuda time (0.000002)	Loss (58.443700)	Accuracy (0.848742)
EVALUATING
{'loss': 61.33400016784668, 'accuracy': 0.8827361232042312, 'perfect_match_accuracy': 0.011, 'cost_ratio_suggested_true': 1.3593096828460693, 'below_10.0_percent_acc': 0.506, 'below_1.0_percent_acc': 0.04, 'below_0.1_percent_acc': 0.032, 'below_0.01_percent_acc': 0.032, 'below_0.001_percent_acc': 0.03, 'below_0.0001_percent_acc': 0.03, 'valid_acc': 1.0}
