No existing entry for trainer_params.mode.type
{}[type] = <class 'int'>(5)
No existing entry for trainer_params.mode.objective_type
{'type': 5}[objective_type] = <class 'str'>(normal)
No existing entry for trainer_params.mode.use_marginal
{'type': 5, 'objective_type': 'normal'}[use_marginal] = <class 'bool'>(True)
No existing entry for trainer_params.mode.nb_samples
{'type': 5, 'objective_type': 'normal', 'use_marginal': True}[nb_samples] = <class 'int'>(1)
No existing entry for trainer_params.mode.temperature
{'type': 5, 'objective_type': 'normal', 'use_marginal': True, 'nb_samples': 1}[temperature] = <class 'float'>(0.2)
No existing entry for trainer_params.mode.use_gamma
{'type': 5, 'objective_type': 'normal', 'use_marginal': True, 'nb_samples': 1, 'temperature': 0.2}[use_gamma] = <class 'bool'>(False)
No existing entry for trainer_params.mode.loss_type
{'type': 5, 'objective_type': 'normal', 'use_marginal': True, 'nb_samples': 1, 'temperature': 0.2, 'use_gamma': False}[loss_type] = <class 'str'>(fy)
No existing entry for trainer_params.mode.perturb_w
{'type': 5, 'objective_type': 'normal', 'use_marginal': True, 'nb_samples': 1, 'temperature': 0.2, 'use_gamma': False, 'loss_type': 'fy'}[perturb_w] = <class 'bool'>(False)
No existing entry for trainer_params.mode.perturb_w_prime
{'type': 5, 'objective_type': 'normal', 'use_marginal': True, 'nb_samples': 1, 'temperature': 0.2, 'use_gamma': False, 'loss_type': 'fy', 'perturb_w': False}[perturb_w_prime] = <class 'bool'>(False)
{'batch_size': 70, 'l1_regconst': 0.0, 'lambda_val': 20.0, 'lr_milestone_1': 30, 'lr_milestone_2': 40, 'model_params': {'arch_params': {}, 'model_name': 'CombResnet18'}, 'neighbourhood_fn': '8-grid', 'optimizer_name': 'Adam', 'optimizer_params': {'lr': 0.0005}, 'preload_batch': True, 'use_cuda': True, 'use_lr_scheduling': True, 'mode': {'type': 5, 'objective_type': 'normal', 'use_marginal': True, 'nb_samples': 1, 'temperature': 0.2, 'use_gamma': False, 'loss_type': 'fy', 'perturb_w': False, 'perturb_w_prime': False}}[lambda_val] = <class 'float'>(0.0)
{'data_dir': 'data/warcraft_shortest_path/12x12', 'evaluate_with_extra': False, 'normalize': True, 'use_local_path': False, 'use_test_set': True}[data_dir] = <class 'str'>(data/warcraft_shortest_path/18x18)
{'evaluate_every': 5, 'loader_params': {'data_dir': 'data/warcraft_shortest_path/18x18', 'evaluate_with_extra': False, 'normalize': True, 'use_local_path': False, 'use_test_set': True}, 'model_dir': 'results/warcraft_shortest_path_combresnet', 'num_cpus': 24, 'num_epochs': 50, 'problem_type': 'warcraft_shortest_path', 'ray_params': {}, 'save_visualizations': False, 'seed': 1, 'trainer_name': 'DijkstraMAP', 'trainer_params': {'batch_size': 70, 'l1_regconst': 0.0, 'lambda_val': 0.0, 'lr_milestone_1': 30, 'lr_milestone_2': 40, 'model_params': {'arch_params': {}, 'model_name': 'CombResnet18'}, 'neighbourhood_fn': '8-grid', 'optimizer_name': 'Adam', 'optimizer_params': {'lr': 0.0005}, 'preload_batch': True, 'use_cuda': True, 'use_lr_scheduling': True, 'mode': {'type': 5, 'objective_type': 'normal', 'use_marginal': True, 'nb_samples': 1, 'temperature': 0.2, 'use_gamma': False, 'loss_type': 'fy', 'perturb_w': False, 'perturb_w_prime': False}}, 'use_ray': True}[seed] = <class 'int'>(2)
{'evaluate_every': 5, 'loader_params': {'data_dir': 'data/warcraft_shortest_path/18x18', 'evaluate_with_extra': False, 'normalize': True, 'use_local_path': False, 'use_test_set': True}, 'model_dir': 'results/warcraft_shortest_path_combresnet', 'num_cpus': 24, 'num_epochs': 50, 'problem_type': 'warcraft_shortest_path', 'ray_params': {}, 'save_visualizations': False, 'seed': 2, 'trainer_name': 'DijkstraMAP', 'trainer_params': {'batch_size': 70, 'l1_regconst': 0.0, 'lambda_val': 0.0, 'lr_milestone_1': 30, 'lr_milestone_2': 40, 'model_params': {'arch_params': {}, 'model_name': 'CombResnet18'}, 'neighbourhood_fn': '8-grid', 'optimizer_name': 'Adam', 'optimizer_params': {'lr': 0.0005}, 'preload_batch': True, 'use_cuda': True, 'use_lr_scheduling': True, 'mode': {'type': 5, 'objective_type': 'normal', 'use_marginal': True, 'nb_samples': 1, 'temperature': 0.2, 'use_gamma': False, 'loss_type': 'fy', 'perturb_w': False, 'perturb_w_prime': False}}, 'use_ray': True}[evaluate_every] = <class 'int'>(1)
{'evaluate_every': 1, 'loader_params': {'data_dir': 'data/warcraft_shortest_path/18x18', 'evaluate_with_extra': False, 'normalize': True, 'use_local_path': False, 'use_test_set': True}, 'model_dir': 'results/warcraft_shortest_path_combresnet', 'num_cpus': 24, 'num_epochs': 50, 'problem_type': 'warcraft_shortest_path', 'ray_params': {}, 'save_visualizations': False, 'seed': 2, 'trainer_name': 'DijkstraMAP', 'trainer_params': {'batch_size': 70, 'l1_regconst': 0.0, 'lambda_val': 0.0, 'lr_milestone_1': 30, 'lr_milestone_2': 40, 'model_params': {'arch_params': {}, 'model_name': 'CombResnet18'}, 'neighbourhood_fn': '8-grid', 'optimizer_name': 'Adam', 'optimizer_params': {'lr': 0.0005}, 'preload_batch': True, 'use_cuda': True, 'use_lr_scheduling': True, 'mode': {'type': 5, 'objective_type': 'normal', 'use_marginal': True, 'nb_samples': 1, 'temperature': 0.2, 'use_gamma': False, 'loss_type': 'fy', 'perturb_w': False, 'perturb_w_prime': False}}, 'use_ray': True}[use_ray] = <class 'bool'>(False)
No existing entry for trainer_params.mode.type
{}[type] = <class 'int'>(5)
No existing entry for trainer_params.mode.objective_type
{'type': 5}[objective_type] = <class 'str'>(normal)
No existing entry for trainer_params.mode.use_marginal
{'type': 5, 'objective_type': 'normal'}[use_marginal] = <class 'bool'>(True)
No existing entry for trainer_params.mode.nb_samples
{'type': 5, 'objective_type': 'normal', 'use_marginal': True}[nb_samples] = <class 'int'>(1)
No existing entry for trainer_params.mode.temperature
{'type': 5, 'objective_type': 'normal', 'use_marginal': True, 'nb_samples': 1}[temperature] = <class 'float'>(0.2)
No existing entry for trainer_params.mode.use_gamma
{'type': 5, 'objective_type': 'normal', 'use_marginal': True, 'nb_samples': 1, 'temperature': 0.2}[use_gamma] = <class 'bool'>(False)
No existing entry for trainer_params.mode.loss_type
{'type': 5, 'objective_type': 'normal', 'use_marginal': True, 'nb_samples': 1, 'temperature': 0.2, 'use_gamma': False}[loss_type] = <class 'str'>(fy)
No existing entry for trainer_params.mode.perturb_w
{'type': 5, 'objective_type': 'normal', 'use_marginal': True, 'nb_samples': 1, 'temperature': 0.2, 'use_gamma': False, 'loss_type': 'fy'}[perturb_w] = <class 'bool'>(False)
No existing entry for trainer_params.mode.perturb_w_prime
{'type': 5, 'objective_type': 'normal', 'use_marginal': True, 'nb_samples': 1, 'temperature': 0.2, 'use_gamma': False, 'loss_type': 'fy', 'perturb_w': False}[perturb_w_prime] = <class 'bool'>(False)
{'batch_size': 70, 'l1_regconst': 0.0, 'lambda_val': 20.0, 'lr_milestone_1': 30, 'lr_milestone_2': 40, 'model_params': {'arch_params': {}, 'model_name': 'CombResnet18'}, 'neighbourhood_fn': '8-grid', 'optimizer_name': 'Adam', 'optimizer_params': {'lr': 0.0005}, 'preload_batch': True, 'use_cuda': True, 'use_lr_scheduling': True, 'mode': {'type': 5, 'objective_type': 'normal', 'use_marginal': True, 'nb_samples': 1, 'temperature': 0.2, 'use_gamma': False, 'loss_type': 'fy', 'perturb_w': False, 'perturb_w_prime': False}}[lambda_val] = <class 'float'>(0.0)
{'data_dir': 'data/warcraft_shortest_path/12x12', 'evaluate_with_extra': False, 'normalize': True, 'use_local_path': False, 'use_test_set': True}[data_dir] = <class 'str'>(data/warcraft_shortest_path/18x18)
{'evaluate_every': 5, 'loader_params': {'data_dir': 'data/warcraft_shortest_path/18x18', 'evaluate_with_extra': False, 'normalize': True, 'use_local_path': False, 'use_test_set': True}, 'model_dir': 'results/warcraft_shortest_path_combresnet', 'num_cpus': 24, 'num_epochs': 50, 'problem_type': 'warcraft_shortest_path', 'ray_params': {}, 'save_visualizations': False, 'seed': 1, 'trainer_name': 'DijkstraMAP', 'trainer_params': {'batch_size': 70, 'l1_regconst': 0.0, 'lambda_val': 0.0, 'lr_milestone_1': 30, 'lr_milestone_2': 40, 'model_params': {'arch_params': {}, 'model_name': 'CombResnet18'}, 'neighbourhood_fn': '8-grid', 'optimizer_name': 'Adam', 'optimizer_params': {'lr': 0.0005}, 'preload_batch': True, 'use_cuda': True, 'use_lr_scheduling': True, 'mode': {'type': 5, 'objective_type': 'normal', 'use_marginal': True, 'nb_samples': 1, 'temperature': 0.2, 'use_gamma': False, 'loss_type': 'fy', 'perturb_w': False, 'perturb_w_prime': False}}, 'use_ray': True}[seed] = <class 'int'>(2)
{'evaluate_every': 5, 'loader_params': {'data_dir': 'data/warcraft_shortest_path/18x18', 'evaluate_with_extra': False, 'normalize': True, 'use_local_path': False, 'use_test_set': True}, 'model_dir': 'results/warcraft_shortest_path_combresnet', 'num_cpus': 24, 'num_epochs': 50, 'problem_type': 'warcraft_shortest_path', 'ray_params': {}, 'save_visualizations': False, 'seed': 2, 'trainer_name': 'DijkstraMAP', 'trainer_params': {'batch_size': 70, 'l1_regconst': 0.0, 'lambda_val': 0.0, 'lr_milestone_1': 30, 'lr_milestone_2': 40, 'model_params': {'arch_params': {}, 'model_name': 'CombResnet18'}, 'neighbourhood_fn': '8-grid', 'optimizer_name': 'Adam', 'optimizer_params': {'lr': 0.0005}, 'preload_batch': True, 'use_cuda': True, 'use_lr_scheduling': True, 'mode': {'type': 5, 'objective_type': 'normal', 'use_marginal': True, 'nb_samples': 1, 'temperature': 0.2, 'use_gamma': False, 'loss_type': 'fy', 'perturb_w': False, 'perturb_w_prime': False}}, 'use_ray': True}[evaluate_every] = <class 'int'>(1)
{'evaluate_every': 1, 'loader_params': {'data_dir': 'data/warcraft_shortest_path/18x18', 'evaluate_with_extra': False, 'normalize': True, 'use_local_path': False, 'use_test_set': True}, 'model_dir': 'results/warcraft_shortest_path_combresnet', 'num_cpus': 24, 'num_epochs': 50, 'problem_type': 'warcraft_shortest_path', 'ray_params': {}, 'save_visualizations': False, 'seed': 2, 'trainer_name': 'DijkstraMAP', 'trainer_params': {'batch_size': 70, 'l1_regconst': 0.0, 'lambda_val': 0.0, 'lr_milestone_1': 30, 'lr_milestone_2': 40, 'model_params': {'arch_params': {}, 'model_name': 'CombResnet18'}, 'neighbourhood_fn': '8-grid', 'optimizer_name': 'Adam', 'optimizer_params': {'lr': 0.0005}, 'preload_batch': True, 'use_cuda': True, 'use_lr_scheduling': True, 'mode': {'type': 5, 'objective_type': 'normal', 'use_marginal': True, 'nb_samples': 1, 'temperature': 0.2, 'use_gamma': False, 'loss_type': 'fy', 'perturb_w': False, 'perturb_w_prime': False}}, 'use_ray': True}[use_ray] = <class 'bool'>(False)
{
    "evaluate_every": 1,
    "loader_params": {
        "data_dir": "data/warcraft_shortest_path/18x18",
        "evaluate_with_extra": false,
        "normalize": true,
        "use_local_path": false,
        "use_test_set": true
    },
    "model_dir": "results/warcraft_shortest_path_combresnet",
    "num_cpus": 24,
    "num_epochs": 50,
    "problem_type": "warcraft_shortest_path",
    "ray_params": {},
    "save_visualizations": false,
    "seed": 2,
    "trainer_name": "DijkstraMAP",
    "trainer_params": {
        "batch_size": 70,
        "l1_regconst": 0.0,
        "lambda_val": 0.0,
        "lr_milestone_1": 30,
        "lr_milestone_2": 40,
        "mode": {
            "loss_type": "fy",
            "nb_samples": 1,
            "objective_type": "normal",
            "perturb_w": false,
            "perturb_w_prime": false,
            "temperature": 0.2,
            "type": 5,
            "use_gamma": false,
            "use_marginal": true
        },
        "model_params": {
            "arch_params": {},
            "model_name": "CombResnet18"
        },
        "neighbourhood_fn": "8-grid",
        "optimizer_name": "Adam",
        "optimizer_params": {
            "lr": 0.0005
        },
        "preload_batch": true,
        "use_cuda": true,
        "use_lr_scheduling": true
    },
    "use_ray": false
}
MAP-BACKPROP MODE: {
    "loss_type": "fy",
    "nb_samples": 1,
    "objective_type": "normal",
    "perturb_w": false,
    "perturb_w_prime": false,
    "temperature": 0.2,
    "type": 5,
    "use_gamma": false,
    "use_marginal": true
}
True
META: {'input_image_size': 144, 'output_features': 324, 'num_channels': 3, 'denormalize': <maprop.decorators.input_to_numpy object at 0x2ad484632f28>}
EVALUATING
{'loss': 142.00799865722655, 'accuracy': 0.9076820874214172, 'perfect_match_accuracy': 0.006, 'cost_ratio_suggested_true': 2.6282600808143615, 'below_10.0_percent_acc': 0.095, 'below_1.0_percent_acc': 0.022, 'below_0.1_percent_acc': 0.019, 'below_0.01_percent_acc': 0.019, 'below_0.001_percent_acc': 0.017, 'below_0.0001_percent_acc': 0.017, 'valid_acc': 1.0}
Epoch: 1	Batch time (1.339807)	Data time (0.020383)	Cuda time (0.000001)	Loss (139.379101)	Accuracy (0.896075)
EVALUATING
{'loss': 139.9879997253418, 'accuracy': 0.9001296150684357, 'perfect_match_accuracy': 0.001, 'cost_ratio_suggested_true': 3.1635163283348082, 'below_10.0_percent_acc': 0.057, 'below_1.0_percent_acc': 0.008, 'below_0.1_percent_acc': 0.005, 'below_0.01_percent_acc': 0.005, 'below_0.001_percent_acc': 0.002, 'below_0.0001_percent_acc': 0.002, 'valid_acc': 1.0}
Epoch: 2	Batch time (1.334205)	Data time (0.022991)	Cuda time (0.000001)	Loss (138.428301)	Accuracy (0.894600)
EVALUATING
{'loss': 141.94, 'accuracy': 0.9073765295743942, 'perfect_match_accuracy': 0.003, 'cost_ratio_suggested_true': 2.148127999305725, 'below_10.0_percent_acc': 0.227, 'below_1.0_percent_acc': 0.043, 'below_0.1_percent_acc': 0.031, 'below_0.01_percent_acc': 0.031, 'below_0.001_percent_acc': 0.03, 'below_0.0001_percent_acc': 0.03, 'valid_acc': 1.0}
Epoch: 3	Batch time (1.349874)	Data time (0.023621)	Cuda time (0.000001)	Loss (138.583701)	Accuracy (0.896752)
EVALUATING
{'loss': 138.43900344848632, 'accuracy': 0.8923919606208801, 'perfect_match_accuracy': 0.0, 'cost_ratio_suggested_true': 3.010999958515167, 'below_10.0_percent_acc': 0.061, 'below_1.0_percent_acc': 0.006, 'below_0.1_percent_acc': 0.004, 'below_0.01_percent_acc': 0.004, 'below_0.001_percent_acc': 0.004, 'below_0.0001_percent_acc': 0.004, 'valid_acc': 1.0}
Epoch: 4	Batch time (1.322903)	Data time (0.023457)	Cuda time (0.000001)	Loss (138.636801)	Accuracy (0.892958)
EVALUATING
{'loss': 141.26000152587892, 'accuracy': 0.9055185031890869, 'perfect_match_accuracy': 0.007, 'cost_ratio_suggested_true': 3.040217571258545, 'below_10.0_percent_acc': 0.052, 'below_1.0_percent_acc': 0.011, 'below_0.1_percent_acc': 0.009, 'below_0.01_percent_acc': 0.009, 'below_0.001_percent_acc': 0.008, 'below_0.0001_percent_acc': 0.008, 'valid_acc': 1.0}
Epoch: 5	Batch time (1.336226)	Data time (0.023078)	Cuda time (0.000001)	Loss (139.490002)	Accuracy (0.898214)
EVALUATING
{'loss': 140.44900146484375, 'accuracy': 0.9058641821146012, 'perfect_match_accuracy': 0.003, 'cost_ratio_suggested_true': 2.6299593806266786, 'below_10.0_percent_acc': 0.105, 'below_1.0_percent_acc': 0.015, 'below_0.1_percent_acc': 0.013, 'below_0.01_percent_acc': 0.013, 'below_0.001_percent_acc': 0.011, 'below_0.0001_percent_acc': 0.011, 'valid_acc': 1.0}
Epoch: 6	Batch time (1.318785)	Data time (0.023039)	Cuda time (0.000001)	Loss (139.584601)	Accuracy (0.899184)
EVALUATING
{'loss': 140.78600067138672, 'accuracy': 0.9049166506528854, 'perfect_match_accuracy': 0.002, 'cost_ratio_suggested_true': 2.018894637823105, 'below_10.0_percent_acc': 0.182, 'below_1.0_percent_acc': 0.014, 'below_0.1_percent_acc': 0.007, 'below_0.01_percent_acc': 0.007, 'below_0.001_percent_acc': 0.007, 'below_0.0001_percent_acc': 0.007, 'valid_acc': 1.0}
Epoch: 7	Batch time (1.332636)	Data time (0.026063)	Cuda time (0.000001)	Loss (138.469001)	Accuracy (0.897706)
EVALUATING
{'loss': 140.35899993896484, 'accuracy': 0.9032870244979858, 'perfect_match_accuracy': 0.0, 'cost_ratio_suggested_true': 1.8428265118598939, 'below_10.0_percent_acc': 0.227, 'below_1.0_percent_acc': 0.016, 'below_0.1_percent_acc': 0.005, 'below_0.01_percent_acc': 0.005, 'below_0.001_percent_acc': 0.005, 'below_0.0001_percent_acc': 0.005, 'valid_acc': 1.0}
Epoch: 8	Batch time (1.362691)	Data time (0.023425)	Cuda time (0.000001)	Loss (138.613201)	Accuracy (0.896961)
EVALUATING
{'loss': 139.54300033569336, 'accuracy': 0.9059444338083267, 'perfect_match_accuracy': 0.003, 'cost_ratio_suggested_true': 1.846241809129715, 'below_10.0_percent_acc': 0.24, 'below_1.0_percent_acc': 0.025, 'below_0.1_percent_acc': 0.019, 'below_0.01_percent_acc': 0.019, 'below_0.001_percent_acc': 0.019, 'below_0.0001_percent_acc': 0.019, 'valid_acc': 1.0}
Epoch: 9	Batch time (1.353705)	Data time (0.023240)	Cuda time (0.000001)	Loss (137.870901)	Accuracy (0.892648)
EVALUATING
{'loss': 141.46100234985352, 'accuracy': 0.9065771454572678, 'perfect_match_accuracy': 0.002, 'cost_ratio_suggested_true': 1.4334286201000213, 'below_10.0_percent_acc': 0.408, 'below_1.0_percent_acc': 0.025, 'below_0.1_percent_acc': 0.017, 'below_0.01_percent_acc': 0.017, 'below_0.001_percent_acc': 0.017, 'below_0.0001_percent_acc': 0.017, 'valid_acc': 1.0}
Epoch: 10	Batch time (1.377424)	Data time (0.022967)	Cuda time (0.000001)	Loss (137.791700)	Accuracy (0.891469)
EVALUATING
{'loss': 139.6080009460449, 'accuracy': 0.9047345572710037, 'perfect_match_accuracy': 0.003, 'cost_ratio_suggested_true': 1.4874964475631713, 'below_10.0_percent_acc': 0.387, 'below_1.0_percent_acc': 0.031, 'below_0.1_percent_acc': 0.02, 'below_0.01_percent_acc': 0.02, 'below_0.001_percent_acc': 0.02, 'below_0.0001_percent_acc': 0.02, 'valid_acc': 1.0}
Epoch: 11	Batch time (1.374982)	Data time (0.022834)	Cuda time (0.000001)	Loss (135.892301)	Accuracy (0.883460)
EVALUATING
{'loss': 138.0400015258789, 'accuracy': 0.9019289982318878, 'perfect_match_accuracy': 0.002, 'cost_ratio_suggested_true': 1.6056436860561372, 'below_10.0_percent_acc': 0.299, 'below_1.0_percent_acc': 0.022, 'below_0.1_percent_acc': 0.012, 'below_0.01_percent_acc': 0.012, 'below_0.001_percent_acc': 0.012, 'below_0.0001_percent_acc': 0.012, 'valid_acc': 1.0}
Epoch: 12	Batch time (1.381015)	Data time (0.022940)	Cuda time (0.000001)	Loss (134.955601)	Accuracy (0.878065)
EVALUATING
{'loss': 139.50399978637697, 'accuracy': 0.90088887155056, 'perfect_match_accuracy': 0.0, 'cost_ratio_suggested_true': 1.471828155517578, 'below_10.0_percent_acc': 0.305, 'below_1.0_percent_acc': 0.012, 'below_0.1_percent_acc': 0.005, 'below_0.01_percent_acc': 0.005, 'below_0.001_percent_acc': 0.005, 'below_0.0001_percent_acc': 0.005, 'valid_acc': 1.0}
Epoch: 13	Batch time (1.376693)	Data time (0.022904)	Cuda time (0.000001)	Loss (135.619901)	Accuracy (0.881301)
EVALUATING
{'loss': 139.51600036621093, 'accuracy': 0.9007098698616027, 'perfect_match_accuracy': 0.0, 'cost_ratio_suggested_true': 1.6417774939537049, 'below_10.0_percent_acc': 0.25, 'below_1.0_percent_acc': 0.012, 'below_0.1_percent_acc': 0.008, 'below_0.01_percent_acc': 0.008, 'below_0.001_percent_acc': 0.008, 'below_0.0001_percent_acc': 0.008, 'valid_acc': 1.0}
Epoch: 14	Batch time (1.381638)	Data time (0.022928)	Cuda time (0.000001)	Loss (134.564001)	Accuracy (0.875927)
EVALUATING
{'loss': 139.097001953125, 'accuracy': 0.9014320826530456, 'perfect_match_accuracy': 0.0, 'cost_ratio_suggested_true': 1.5585359513759613, 'below_10.0_percent_acc': 0.327, 'below_1.0_percent_acc': 0.018, 'below_0.1_percent_acc': 0.012, 'below_0.01_percent_acc': 0.012, 'below_0.001_percent_acc': 0.012, 'below_0.0001_percent_acc': 0.012, 'valid_acc': 1.0}
Epoch: 15	Batch time (1.383272)	Data time (0.022906)	Cuda time (0.000001)	Loss (134.043701)	Accuracy (0.872246)
EVALUATING
{'loss': 139.17800048828124, 'accuracy': 0.8974135744571686, 'perfect_match_accuracy': 0.002, 'cost_ratio_suggested_true': 1.8128587591648102, 'below_10.0_percent_acc': 0.24, 'below_1.0_percent_acc': 0.012, 'below_0.1_percent_acc': 0.004, 'below_0.01_percent_acc': 0.004, 'below_0.001_percent_acc': 0.004, 'below_0.0001_percent_acc': 0.004, 'valid_acc': 1.0}
Epoch: 16	Batch time (1.359881)	Data time (0.022847)	Cuda time (0.000001)	Loss (135.886101)	Accuracy (0.881390)
EVALUATING
{'loss': 138.4720002746582, 'accuracy': 0.90128084897995, 'perfect_match_accuracy': 0.0, 'cost_ratio_suggested_true': 1.63932723402977, 'below_10.0_percent_acc': 0.267, 'below_1.0_percent_acc': 0.015, 'below_0.1_percent_acc': 0.004, 'below_0.01_percent_acc': 0.004, 'below_0.001_percent_acc': 0.004, 'below_0.0001_percent_acc': 0.004, 'valid_acc': 1.0}
Epoch: 17	Batch time (1.355260)	Data time (0.022770)	Cuda time (0.000001)	Loss (135.877301)	Accuracy (0.880437)
EVALUATING
{'loss': 138.42600143432617, 'accuracy': 0.8916481357812881, 'perfect_match_accuracy': 0.0, 'cost_ratio_suggested_true': 2.1324577152729036, 'below_10.0_percent_acc': 0.099, 'below_1.0_percent_acc': 0.001, 'below_0.1_percent_acc': 0.001, 'below_0.01_percent_acc': 0.001, 'below_0.001_percent_acc': 0.0, 'below_0.0001_percent_acc': 0.0, 'valid_acc': 1.0}
Epoch: 18	Batch time (1.344860)	Data time (0.023162)	Cuda time (0.000001)	Loss (135.775801)	Accuracy (0.881665)
EVALUATING
{'loss': 137.76900177001954, 'accuracy': 0.8900462937355041, 'perfect_match_accuracy': 0.0, 'cost_ratio_suggested_true': 3.1199267077445985, 'below_10.0_percent_acc': 0.061, 'below_1.0_percent_acc': 0.007, 'below_0.1_percent_acc': 0.003, 'below_0.01_percent_acc': 0.003, 'below_0.001_percent_acc': 0.002, 'below_0.0001_percent_acc': 0.002, 'valid_acc': 1.0}
Epoch: 19	Batch time (1.345224)	Data time (0.023043)	Cuda time (0.000001)	Loss (133.392001)	Accuracy (0.867662)
EVALUATING
{'loss': 136.2810008239746, 'accuracy': 0.8759382653236389, 'perfect_match_accuracy': 0.0, 'cost_ratio_suggested_true': 4.685440759658814, 'below_10.0_percent_acc': 0.006, 'below_1.0_percent_acc': 0.0, 'below_0.1_percent_acc': 0.0, 'below_0.01_percent_acc': 0.0, 'below_0.001_percent_acc': 0.0, 'below_0.0001_percent_acc': 0.0, 'valid_acc': 1.0}
Epoch: 20	Batch time (1.330289)	Data time (0.022931)	Cuda time (0.000001)	Loss (135.323001)	Accuracy (0.873298)
EVALUATING
{'loss': 135.95700149536134, 'accuracy': 0.8802345544099808, 'perfect_match_accuracy': 0.0, 'cost_ratio_suggested_true': 4.59360782623291, 'below_10.0_percent_acc': 0.003, 'below_1.0_percent_acc': 0.0, 'below_0.1_percent_acc': 0.0, 'below_0.01_percent_acc': 0.0, 'below_0.001_percent_acc': 0.0, 'below_0.0001_percent_acc': 0.0, 'valid_acc': 1.0}
Epoch: 21	Batch time (1.372106)	Data time (0.022943)	Cuda time (0.000001)	Loss (136.266901)	Accuracy (0.879041)
EVALUATING
{'loss': 136.92100021362305, 'accuracy': 0.8813425844907761, 'perfect_match_accuracy': 0.0, 'cost_ratio_suggested_true': 4.75633704662323, 'below_10.0_percent_acc': 0.002, 'below_1.0_percent_acc': 0.0, 'below_0.1_percent_acc': 0.0, 'below_0.01_percent_acc': 0.0, 'below_0.001_percent_acc': 0.0, 'below_0.0001_percent_acc': 0.0, 'valid_acc': 1.0}
Epoch: 22	Batch time (1.375200)	Data time (0.023647)	Cuda time (0.000001)	Loss (134.815401)	Accuracy (0.873936)
EVALUATING
{'loss': 136.62399963378905, 'accuracy': 0.8830370259284973, 'perfect_match_accuracy': 0.0, 'cost_ratio_suggested_true': 4.235559303760528, 'below_10.0_percent_acc': 0.013, 'below_1.0_percent_acc': 0.0, 'below_0.1_percent_acc': 0.0, 'below_0.01_percent_acc': 0.0, 'below_0.001_percent_acc': 0.0, 'below_0.0001_percent_acc': 0.0, 'valid_acc': 1.0}
Epoch: 23	Batch time (2.141876)	Data time (0.028849)	Cuda time (0.000001)	Loss (134.927501)	Accuracy (0.874386)
EVALUATING
{'loss': 136.24500274658203, 'accuracy': 0.8812191218137742, 'perfect_match_accuracy': 0.001, 'cost_ratio_suggested_true': 4.907273650169373, 'below_10.0_percent_acc': 0.007, 'below_1.0_percent_acc': 0.001, 'below_0.1_percent_acc': 0.001, 'below_0.01_percent_acc': 0.001, 'below_0.001_percent_acc': 0.001, 'below_0.0001_percent_acc': 0.001, 'valid_acc': 1.0}
Epoch: 24	Batch time (2.843976)	Data time (0.052322)	Cuda time (0.000001)	Loss (136.229301)	Accuracy (0.880541)
EVALUATING
{'loss': 138.35800170898438, 'accuracy': 0.8941604906320572, 'perfect_match_accuracy': 0.0, 'cost_ratio_suggested_true': 2.8605239677429197, 'below_10.0_percent_acc': 0.072, 'below_1.0_percent_acc': 0.007, 'below_0.1_percent_acc': 0.007, 'below_0.01_percent_acc': 0.007, 'below_0.001_percent_acc': 0.007, 'below_0.0001_percent_acc': 0.007, 'valid_acc': 1.0}
Epoch: 25	Batch time (1.579320)	Data time (0.027022)	Cuda time (0.000001)	Loss (139.495501)	Accuracy (0.898646)
EVALUATING
{'loss': 139.36600296020507, 'accuracy': 0.8964969062805176, 'perfect_match_accuracy': 0.0, 'cost_ratio_suggested_true': 3.3318226623535154, 'below_10.0_percent_acc': 0.029, 'below_1.0_percent_acc': 0.004, 'below_0.1_percent_acc': 0.003, 'below_0.01_percent_acc': 0.003, 'below_0.001_percent_acc': 0.003, 'below_0.0001_percent_acc': 0.003, 'valid_acc': 1.0}
Epoch: 26	Batch time (1.885773)	Data time (0.031624)	Cuda time (0.000001)	Loss (138.519101)	Accuracy (0.892855)
EVALUATING
{'loss': 138.3879998779297, 'accuracy': 0.8897067838907242, 'perfect_match_accuracy': 0.0, 'cost_ratio_suggested_true': 2.9364852023124697, 'below_10.0_percent_acc': 0.071, 'below_1.0_percent_acc': 0.005, 'below_0.1_percent_acc': 0.005, 'below_0.01_percent_acc': 0.005, 'below_0.001_percent_acc': 0.005, 'below_0.0001_percent_acc': 0.005, 'valid_acc': 1.0}
Epoch: 27	Batch time (2.105509)	Data time (0.027870)	Cuda time (0.000001)	Loss (137.912001)	Accuracy (0.891210)
EVALUATING
{'loss': 139.81100143432616, 'accuracy': 0.8959722077846527, 'perfect_match_accuracy': 0.001, 'cost_ratio_suggested_true': 2.38999751329422, 'below_10.0_percent_acc': 0.088, 'below_1.0_percent_acc': 0.004, 'below_0.1_percent_acc': 0.003, 'below_0.01_percent_acc': 0.003, 'below_0.001_percent_acc': 0.003, 'below_0.0001_percent_acc': 0.003, 'valid_acc': 1.0}
Epoch: 28	Batch time (2.798389)	Data time (0.057782)	Cuda time (0.000002)	Loss (138.217600)	Accuracy (0.892616)
EVALUATING
{'loss': 138.66000091552735, 'accuracy': 0.8959938186407089, 'perfect_match_accuracy': 0.001, 'cost_ratio_suggested_true': 2.031885714530945, 'below_10.0_percent_acc': 0.139, 'below_1.0_percent_acc': 0.003, 'below_0.1_percent_acc': 0.003, 'below_0.01_percent_acc': 0.003, 'below_0.001_percent_acc': 0.003, 'below_0.0001_percent_acc': 0.003, 'valid_acc': 1.0}
Epoch: 29	Batch time (2.627685)	Data time (0.037377)	Cuda time (0.000001)	Loss (136.810701)	Accuracy (0.887580)
EVALUATING
{'loss': 139.57000091552734, 'accuracy': 0.899641962647438, 'perfect_match_accuracy': 0.0, 'cost_ratio_suggested_true': 1.681721123456955, 'below_10.0_percent_acc': 0.284, 'below_1.0_percent_acc': 0.02, 'below_0.1_percent_acc': 0.012, 'below_0.01_percent_acc': 0.012, 'below_0.001_percent_acc': 0.011, 'below_0.0001_percent_acc': 0.011, 'valid_acc': 1.0}
Epoch: 30	Batch time (2.729318)	Data time (0.049301)	Cuda time (0.000001)	Loss (136.459002)	Accuracy (0.885900)
EVALUATING
{'loss': 137.75600326538085, 'accuracy': 0.8968549329042435, 'perfect_match_accuracy': 0.0, 'cost_ratio_suggested_true': 1.6419866967201233, 'below_10.0_percent_acc': 0.316, 'below_1.0_percent_acc': 0.005, 'below_0.1_percent_acc': 0.004, 'below_0.01_percent_acc': 0.004, 'below_0.001_percent_acc': 0.004, 'below_0.0001_percent_acc': 0.004, 'valid_acc': 1.0}
Epoch: 31	Batch time (2.944951)	Data time (0.036352)	Cuda time (0.000007)	Loss (135.266601)	Accuracy (0.881178)
EVALUATING
{'loss': 136.06499969482422, 'accuracy': 0.8973858022689819, 'perfect_match_accuracy': 0.0, 'cost_ratio_suggested_true': 1.6192835879325866, 'below_10.0_percent_acc': 0.322, 'below_1.0_percent_acc': 0.006, 'below_0.1_percent_acc': 0.004, 'below_0.01_percent_acc': 0.004, 'below_0.001_percent_acc': 0.004, 'below_0.0001_percent_acc': 0.004, 'valid_acc': 1.0}
Epoch: 32	Batch time (2.514563)	Data time (0.046469)	Cuda time (0.000001)	Loss (135.233901)	Accuracy (0.880893)
EVALUATING
{'loss': 137.34499969482422, 'accuracy': 0.897117269039154, 'perfect_match_accuracy': 0.0, 'cost_ratio_suggested_true': 1.6258968496322632, 'below_10.0_percent_acc': 0.297, 'below_1.0_percent_acc': 0.007, 'below_0.1_percent_acc': 0.004, 'below_0.01_percent_acc': 0.004, 'below_0.001_percent_acc': 0.004, 'below_0.0001_percent_acc': 0.004, 'valid_acc': 1.0}
Epoch: 33	Batch time (2.987979)	Data time (0.047630)	Cuda time (0.000001)	Loss (134.841300)	Accuracy (0.880756)
EVALUATING
{'loss': 138.51200317382813, 'accuracy': 0.8988364070653916, 'perfect_match_accuracy': 0.0, 'cost_ratio_suggested_true': 1.6151623249053955, 'below_10.0_percent_acc': 0.324, 'below_1.0_percent_acc': 0.012, 'below_0.1_percent_acc': 0.01, 'below_0.01_percent_acc': 0.01, 'below_0.001_percent_acc': 0.01, 'below_0.0001_percent_acc': 0.01, 'valid_acc': 1.0}
Epoch: 34	Batch time (2.658859)	Data time (0.037540)	Cuda time (0.000001)	Loss (135.260801)	Accuracy (0.881059)
EVALUATING
{'loss': 139.11899932861328, 'accuracy': 0.8986759173870087, 'perfect_match_accuracy': 0.0, 'cost_ratio_suggested_true': 1.652839069366455, 'below_10.0_percent_acc': 0.322, 'below_1.0_percent_acc': 0.014, 'below_0.1_percent_acc': 0.012, 'below_0.01_percent_acc': 0.012, 'below_0.001_percent_acc': 0.012, 'below_0.0001_percent_acc': 0.012, 'valid_acc': 1.0}
Epoch: 35	Batch time (2.812863)	Data time (0.055594)	Cuda time (0.000002)	Loss (135.423000)	Accuracy (0.881706)
EVALUATING
{'loss': 138.42199966430664, 'accuracy': 0.9002561664581299, 'perfect_match_accuracy': 0.0, 'cost_ratio_suggested_true': 1.6521747708320618, 'below_10.0_percent_acc': 0.31, 'below_1.0_percent_acc': 0.017, 'below_0.1_percent_acc': 0.015, 'below_0.01_percent_acc': 0.015, 'below_0.001_percent_acc': 0.015, 'below_0.0001_percent_acc': 0.015, 'valid_acc': 1.0}
Epoch: 36	Batch time (1.521218)	Data time (0.028600)	Cuda time (0.000001)	Loss (134.983901)	Accuracy (0.882182)
EVALUATING
{'loss': 139.1800016784668, 'accuracy': 0.9008271497488022, 'perfect_match_accuracy': 0.0, 'cost_ratio_suggested_true': 1.6550059008598328, 'below_10.0_percent_acc': 0.304, 'below_1.0_percent_acc': 0.022, 'below_0.1_percent_acc': 0.019, 'below_0.01_percent_acc': 0.019, 'below_0.001_percent_acc': 0.019, 'below_0.0001_percent_acc': 0.019, 'valid_acc': 1.0}
Epoch: 37	Batch time (2.108338)	Data time (0.026939)	Cuda time (0.000001)	Loss (135.579801)	Accuracy (0.882433)
EVALUATING
{'loss': 139.082000579834, 'accuracy': 0.9003086280822754, 'perfect_match_accuracy': 0.0, 'cost_ratio_suggested_true': 1.6687332582473755, 'below_10.0_percent_acc': 0.311, 'below_1.0_percent_acc': 0.017, 'below_0.1_percent_acc': 0.015, 'below_0.01_percent_acc': 0.015, 'below_0.001_percent_acc': 0.015, 'below_0.0001_percent_acc': 0.015, 'valid_acc': 1.0}
Epoch: 38	Batch time (1.678437)	Data time (0.030036)	Cuda time (0.000001)	Loss (135.379901)	Accuracy (0.883118)
EVALUATING
{'loss': 138.73500076293945, 'accuracy': 0.9015617126226425, 'perfect_match_accuracy': 0.0, 'cost_ratio_suggested_true': 1.6672030913829803, 'below_10.0_percent_acc': 0.303, 'below_1.0_percent_acc': 0.019, 'below_0.1_percent_acc': 0.017, 'below_0.01_percent_acc': 0.017, 'below_0.001_percent_acc': 0.017, 'below_0.0001_percent_acc': 0.017, 'valid_acc': 1.0}
Epoch: 39	Batch time (2.283184)	Data time (0.032649)	Cuda time (0.000001)	Loss (135.668601)	Accuracy (0.883270)
EVALUATING
{'loss': 138.645, 'accuracy': 0.9024104845523834, 'perfect_match_accuracy': 0.0, 'cost_ratio_suggested_true': 1.645653519630432, 'below_10.0_percent_acc': 0.308, 'below_1.0_percent_acc': 0.016, 'below_0.1_percent_acc': 0.013, 'below_0.01_percent_acc': 0.013, 'below_0.001_percent_acc': 0.013, 'below_0.0001_percent_acc': 0.013, 'valid_acc': 1.0}
Epoch: 40	Batch time (2.355899)	Data time (0.034239)	Cuda time (0.000001)	Loss (135.311101)	Accuracy (0.883455)
EVALUATING
{'loss': 140.6040003967285, 'accuracy': 0.9026913529634476, 'perfect_match_accuracy': 0.0, 'cost_ratio_suggested_true': 1.623286054134369, 'below_10.0_percent_acc': 0.322, 'below_1.0_percent_acc': 0.018, 'below_0.1_percent_acc': 0.014, 'below_0.01_percent_acc': 0.014, 'below_0.001_percent_acc': 0.014, 'below_0.0001_percent_acc': 0.014, 'valid_acc': 1.0}
Epoch: 41	Batch time (2.535375)	Data time (0.044643)	Cuda time (0.000001)	Loss (135.583201)	Accuracy (0.883431)
EVALUATING
{'loss': 139.35200042724608, 'accuracy': 0.9025802338123321, 'perfect_match_accuracy': 0.0, 'cost_ratio_suggested_true': 1.628301659822464, 'below_10.0_percent_acc': 0.312, 'below_1.0_percent_acc': 0.017, 'below_0.1_percent_acc': 0.013, 'below_0.01_percent_acc': 0.013, 'below_0.001_percent_acc': 0.013, 'below_0.0001_percent_acc': 0.013, 'valid_acc': 1.0}
Epoch: 42	Batch time (1.666384)	Data time (0.025600)	Cuda time (0.000001)	Loss (135.455101)	Accuracy (0.883472)
EVALUATING
{'loss': 138.3959994506836, 'accuracy': 0.9023456656932831, 'perfect_match_accuracy': 0.0, 'cost_ratio_suggested_true': 1.6330745971202851, 'below_10.0_percent_acc': 0.315, 'below_1.0_percent_acc': 0.018, 'below_0.1_percent_acc': 0.013, 'below_0.01_percent_acc': 0.013, 'below_0.001_percent_acc': 0.013, 'below_0.0001_percent_acc': 0.013, 'valid_acc': 1.0}
Epoch: 43	Batch time (1.714510)	Data time (0.026498)	Cuda time (0.000001)	Loss (135.702502)	Accuracy (0.883861)
EVALUATING
{'loss': 138.87799942016602, 'accuracy': 0.9026820838451386, 'perfect_match_accuracy': 0.0, 'cost_ratio_suggested_true': 1.6276924920082092, 'below_10.0_percent_acc': 0.312, 'below_1.0_percent_acc': 0.018, 'below_0.1_percent_acc': 0.013, 'below_0.01_percent_acc': 0.013, 'below_0.001_percent_acc': 0.013, 'below_0.0001_percent_acc': 0.013, 'valid_acc': 1.0}
Epoch: 44	Batch time (1.697808)	Data time (0.025098)	Cuda time (0.000001)	Loss (135.522301)	Accuracy (0.883674)
EVALUATING
{'loss': 138.57000091552734, 'accuracy': 0.9027191263437271, 'perfect_match_accuracy': 0.0, 'cost_ratio_suggested_true': 1.639592272043228, 'below_10.0_percent_acc': 0.315, 'below_1.0_percent_acc': 0.019, 'below_0.1_percent_acc': 0.015, 'below_0.01_percent_acc': 0.015, 'below_0.001_percent_acc': 0.015, 'below_0.0001_percent_acc': 0.015, 'valid_acc': 1.0}
Epoch: 45	Batch time (1.707893)	Data time (0.026784)	Cuda time (0.000001)	Loss (135.881201)	Accuracy (0.883626)
EVALUATING
{'loss': 138.7209992980957, 'accuracy': 0.9025401127338409, 'perfect_match_accuracy': 0.0, 'cost_ratio_suggested_true': 1.6247985315322877, 'below_10.0_percent_acc': 0.322, 'below_1.0_percent_acc': 0.019, 'below_0.1_percent_acc': 0.014, 'below_0.01_percent_acc': 0.014, 'below_0.001_percent_acc': 0.014, 'below_0.0001_percent_acc': 0.014, 'valid_acc': 1.0}
Epoch: 46	Batch time (1.694926)	Data time (0.024715)	Cuda time (0.000001)	Loss (135.219001)	Accuracy (0.883669)
EVALUATING
{'loss': 139.58900024414064, 'accuracy': 0.9025956672430039, 'perfect_match_accuracy': 0.0, 'cost_ratio_suggested_true': 1.6194585371017456, 'below_10.0_percent_acc': 0.321, 'below_1.0_percent_acc': 0.018, 'below_0.1_percent_acc': 0.014, 'below_0.01_percent_acc': 0.014, 'below_0.001_percent_acc': 0.014, 'below_0.0001_percent_acc': 0.014, 'valid_acc': 1.0}
Epoch: 47	Batch time (1.728511)	Data time (0.027965)	Cuda time (0.000001)	Loss (135.488201)	Accuracy (0.883641)
EVALUATING
{'loss': 139.35700302124025, 'accuracy': 0.9031944382190704, 'perfect_match_accuracy': 0.0, 'cost_ratio_suggested_true': 1.6172747445106506, 'below_10.0_percent_acc': 0.321, 'below_1.0_percent_acc': 0.018, 'below_0.1_percent_acc': 0.014, 'below_0.01_percent_acc': 0.014, 'below_0.001_percent_acc': 0.014, 'below_0.0001_percent_acc': 0.014, 'valid_acc': 1.0}
Epoch: 48	Batch time (1.714240)	Data time (0.026844)	Cuda time (0.000001)	Loss (135.521901)	Accuracy (0.883670)
EVALUATING
{'loss': 139.2589990234375, 'accuracy': 0.9029660332202911, 'perfect_match_accuracy': 0.0, 'cost_ratio_suggested_true': 1.616273556947708, 'below_10.0_percent_acc': 0.321, 'below_1.0_percent_acc': 0.018, 'below_0.1_percent_acc': 0.014, 'below_0.01_percent_acc': 0.014, 'below_0.001_percent_acc': 0.014, 'below_0.0001_percent_acc': 0.014, 'valid_acc': 1.0}
Epoch: 49	Batch time (1.760714)	Data time (0.026937)	Cuda time (0.000001)	Loss (135.521801)	Accuracy (0.883616)
EVALUATING
{'loss': 140.36400039672853, 'accuracy': 0.9030956637859344, 'perfect_match_accuracy': 0.0, 'cost_ratio_suggested_true': 1.621212487220764, 'below_10.0_percent_acc': 0.32, 'below_1.0_percent_acc': 0.017, 'below_0.1_percent_acc': 0.013, 'below_0.01_percent_acc': 0.013, 'below_0.001_percent_acc': 0.013, 'below_0.0001_percent_acc': 0.013, 'valid_acc': 1.0}
Epoch: 50	Batch time (1.414185)	Data time (0.023857)	Cuda time (0.000001)	Loss (135.765601)	Accuracy (0.883739)
EVALUATING
{'loss': 139.3689987182617, 'accuracy': 0.9031080240011216, 'perfect_match_accuracy': 0.0, 'cost_ratio_suggested_true': 1.6183881998062133, 'below_10.0_percent_acc': 0.32, 'below_1.0_percent_acc': 0.017, 'below_0.1_percent_acc': 0.013, 'below_0.01_percent_acc': 0.013, 'below_0.001_percent_acc': 0.013, 'below_0.0001_percent_acc': 0.013, 'valid_acc': 1.0}
