No existing entry for trainer_params.mode.type
{}[type] = <class 'int'>(5)
No existing entry for trainer_params.mode.objective_type
{'type': 5}[objective_type] = <class 'str'>(normal)
No existing entry for trainer_params.mode.use_marginal
{'type': 5, 'objective_type': 'normal'}[use_marginal] = <class 'bool'>(True)
No existing entry for trainer_params.mode.nb_samples
{'type': 5, 'objective_type': 'normal', 'use_marginal': True}[nb_samples] = <class 'int'>(1)
No existing entry for trainer_params.mode.temperature
{'type': 5, 'objective_type': 'normal', 'use_marginal': True, 'nb_samples': 1}[temperature] = <class 'float'>(0.5)
No existing entry for trainer_params.mode.use_gamma
{'type': 5, 'objective_type': 'normal', 'use_marginal': True, 'nb_samples': 1, 'temperature': 0.5}[use_gamma] = <class 'bool'>(False)
No existing entry for trainer_params.mode.loss_type
{'type': 5, 'objective_type': 'normal', 'use_marginal': True, 'nb_samples': 1, 'temperature': 0.5, 'use_gamma': False}[loss_type] = <class 'str'>(fy)
No existing entry for trainer_params.mode.perturb_w
{'type': 5, 'objective_type': 'normal', 'use_marginal': True, 'nb_samples': 1, 'temperature': 0.5, 'use_gamma': False, 'loss_type': 'fy'}[perturb_w] = <class 'bool'>(False)
No existing entry for trainer_params.mode.perturb_w_prime
{'type': 5, 'objective_type': 'normal', 'use_marginal': True, 'nb_samples': 1, 'temperature': 0.5, 'use_gamma': False, 'loss_type': 'fy', 'perturb_w': False}[perturb_w_prime] = <class 'bool'>(False)
{'batch_size': 70, 'l1_regconst': 0.0, 'lambda_val': 20.0, 'lr_milestone_1': 30, 'lr_milestone_2': 40, 'model_params': {'arch_params': {}, 'model_name': 'CombResnet18'}, 'neighbourhood_fn': '8-grid', 'optimizer_name': 'Adam', 'optimizer_params': {'lr': 0.0005}, 'preload_batch': True, 'use_cuda': True, 'use_lr_scheduling': True, 'mode': {'type': 5, 'objective_type': 'normal', 'use_marginal': True, 'nb_samples': 1, 'temperature': 0.5, 'use_gamma': False, 'loss_type': 'fy', 'perturb_w': False, 'perturb_w_prime': False}}[lambda_val] = <class 'float'>(0.0)
{'data_dir': 'data/warcraft_shortest_path/12x12', 'evaluate_with_extra': False, 'normalize': True, 'use_local_path': False, 'use_test_set': True}[data_dir] = <class 'str'>(data/warcraft_shortest_path/18x18)
{'evaluate_every': 5, 'loader_params': {'data_dir': 'data/warcraft_shortest_path/18x18', 'evaluate_with_extra': False, 'normalize': True, 'use_local_path': False, 'use_test_set': True}, 'model_dir': 'results/warcraft_shortest_path_combresnet', 'num_cpus': 40, 'num_epochs': 50, 'problem_type': 'warcraft_shortest_path', 'ray_params': {}, 'save_visualizations': False, 'seed': 1, 'trainer_name': 'DijkstraMAP', 'trainer_params': {'batch_size': 70, 'l1_regconst': 0.0, 'lambda_val': 0.0, 'lr_milestone_1': 30, 'lr_milestone_2': 40, 'model_params': {'arch_params': {}, 'model_name': 'CombResnet18'}, 'neighbourhood_fn': '8-grid', 'optimizer_name': 'Adam', 'optimizer_params': {'lr': 0.0005}, 'preload_batch': True, 'use_cuda': True, 'use_lr_scheduling': True, 'mode': {'type': 5, 'objective_type': 'normal', 'use_marginal': True, 'nb_samples': 1, 'temperature': 0.5, 'use_gamma': False, 'loss_type': 'fy', 'perturb_w': False, 'perturb_w_prime': False}}, 'use_ray': True}[seed] = <class 'int'>(3)
{'evaluate_every': 5, 'loader_params': {'data_dir': 'data/warcraft_shortest_path/18x18', 'evaluate_with_extra': False, 'normalize': True, 'use_local_path': False, 'use_test_set': True}, 'model_dir': 'results/warcraft_shortest_path_combresnet', 'num_cpus': 40, 'num_epochs': 50, 'problem_type': 'warcraft_shortest_path', 'ray_params': {}, 'save_visualizations': False, 'seed': 3, 'trainer_name': 'DijkstraMAP', 'trainer_params': {'batch_size': 70, 'l1_regconst': 0.0, 'lambda_val': 0.0, 'lr_milestone_1': 30, 'lr_milestone_2': 40, 'model_params': {'arch_params': {}, 'model_name': 'CombResnet18'}, 'neighbourhood_fn': '8-grid', 'optimizer_name': 'Adam', 'optimizer_params': {'lr': 0.0005}, 'preload_batch': True, 'use_cuda': True, 'use_lr_scheduling': True, 'mode': {'type': 5, 'objective_type': 'normal', 'use_marginal': True, 'nb_samples': 1, 'temperature': 0.5, 'use_gamma': False, 'loss_type': 'fy', 'perturb_w': False, 'perturb_w_prime': False}}, 'use_ray': True}[evaluate_every] = <class 'int'>(1)
{'evaluate_every': 1, 'loader_params': {'data_dir': 'data/warcraft_shortest_path/18x18', 'evaluate_with_extra': False, 'normalize': True, 'use_local_path': False, 'use_test_set': True}, 'model_dir': 'results/warcraft_shortest_path_combresnet', 'num_cpus': 40, 'num_epochs': 50, 'problem_type': 'warcraft_shortest_path', 'ray_params': {}, 'save_visualizations': False, 'seed': 3, 'trainer_name': 'DijkstraMAP', 'trainer_params': {'batch_size': 70, 'l1_regconst': 0.0, 'lambda_val': 0.0, 'lr_milestone_1': 30, 'lr_milestone_2': 40, 'model_params': {'arch_params': {}, 'model_name': 'CombResnet18'}, 'neighbourhood_fn': '8-grid', 'optimizer_name': 'Adam', 'optimizer_params': {'lr': 0.0005}, 'preload_batch': True, 'use_cuda': True, 'use_lr_scheduling': True, 'mode': {'type': 5, 'objective_type': 'normal', 'use_marginal': True, 'nb_samples': 1, 'temperature': 0.5, 'use_gamma': False, 'loss_type': 'fy', 'perturb_w': False, 'perturb_w_prime': False}}, 'use_ray': True}[use_ray] = <class 'bool'>(False)
No existing entry for trainer_params.mode.type
{}[type] = <class 'int'>(5)
No existing entry for trainer_params.mode.objective_type
{'type': 5}[objective_type] = <class 'str'>(normal)
No existing entry for trainer_params.mode.use_marginal
{'type': 5, 'objective_type': 'normal'}[use_marginal] = <class 'bool'>(True)
No existing entry for trainer_params.mode.nb_samples
{'type': 5, 'objective_type': 'normal', 'use_marginal': True}[nb_samples] = <class 'int'>(1)
No existing entry for trainer_params.mode.temperature
{'type': 5, 'objective_type': 'normal', 'use_marginal': True, 'nb_samples': 1}[temperature] = <class 'float'>(0.5)
No existing entry for trainer_params.mode.use_gamma
{'type': 5, 'objective_type': 'normal', 'use_marginal': True, 'nb_samples': 1, 'temperature': 0.5}[use_gamma] = <class 'bool'>(False)
No existing entry for trainer_params.mode.loss_type
{'type': 5, 'objective_type': 'normal', 'use_marginal': True, 'nb_samples': 1, 'temperature': 0.5, 'use_gamma': False}[loss_type] = <class 'str'>(fy)
No existing entry for trainer_params.mode.perturb_w
{'type': 5, 'objective_type': 'normal', 'use_marginal': True, 'nb_samples': 1, 'temperature': 0.5, 'use_gamma': False, 'loss_type': 'fy'}[perturb_w] = <class 'bool'>(False)
No existing entry for trainer_params.mode.perturb_w_prime
{'type': 5, 'objective_type': 'normal', 'use_marginal': True, 'nb_samples': 1, 'temperature': 0.5, 'use_gamma': False, 'loss_type': 'fy', 'perturb_w': False}[perturb_w_prime] = <class 'bool'>(False)
{'batch_size': 70, 'l1_regconst': 0.0, 'lambda_val': 20.0, 'lr_milestone_1': 30, 'lr_milestone_2': 40, 'model_params': {'arch_params': {}, 'model_name': 'CombResnet18'}, 'neighbourhood_fn': '8-grid', 'optimizer_name': 'Adam', 'optimizer_params': {'lr': 0.0005}, 'preload_batch': True, 'use_cuda': True, 'use_lr_scheduling': True, 'mode': {'type': 5, 'objective_type': 'normal', 'use_marginal': True, 'nb_samples': 1, 'temperature': 0.5, 'use_gamma': False, 'loss_type': 'fy', 'perturb_w': False, 'perturb_w_prime': False}}[lambda_val] = <class 'float'>(0.0)
{'data_dir': 'data/warcraft_shortest_path/12x12', 'evaluate_with_extra': False, 'normalize': True, 'use_local_path': False, 'use_test_set': True}[data_dir] = <class 'str'>(data/warcraft_shortest_path/18x18)
{'evaluate_every': 5, 'loader_params': {'data_dir': 'data/warcraft_shortest_path/18x18', 'evaluate_with_extra': False, 'normalize': True, 'use_local_path': False, 'use_test_set': True}, 'model_dir': 'results/warcraft_shortest_path_combresnet', 'num_cpus': 40, 'num_epochs': 50, 'problem_type': 'warcraft_shortest_path', 'ray_params': {}, 'save_visualizations': False, 'seed': 1, 'trainer_name': 'DijkstraMAP', 'trainer_params': {'batch_size': 70, 'l1_regconst': 0.0, 'lambda_val': 0.0, 'lr_milestone_1': 30, 'lr_milestone_2': 40, 'model_params': {'arch_params': {}, 'model_name': 'CombResnet18'}, 'neighbourhood_fn': '8-grid', 'optimizer_name': 'Adam', 'optimizer_params': {'lr': 0.0005}, 'preload_batch': True, 'use_cuda': True, 'use_lr_scheduling': True, 'mode': {'type': 5, 'objective_type': 'normal', 'use_marginal': True, 'nb_samples': 1, 'temperature': 0.5, 'use_gamma': False, 'loss_type': 'fy', 'perturb_w': False, 'perturb_w_prime': False}}, 'use_ray': True}[seed] = <class 'int'>(3)
{'evaluate_every': 5, 'loader_params': {'data_dir': 'data/warcraft_shortest_path/18x18', 'evaluate_with_extra': False, 'normalize': True, 'use_local_path': False, 'use_test_set': True}, 'model_dir': 'results/warcraft_shortest_path_combresnet', 'num_cpus': 40, 'num_epochs': 50, 'problem_type': 'warcraft_shortest_path', 'ray_params': {}, 'save_visualizations': False, 'seed': 3, 'trainer_name': 'DijkstraMAP', 'trainer_params': {'batch_size': 70, 'l1_regconst': 0.0, 'lambda_val': 0.0, 'lr_milestone_1': 30, 'lr_milestone_2': 40, 'model_params': {'arch_params': {}, 'model_name': 'CombResnet18'}, 'neighbourhood_fn': '8-grid', 'optimizer_name': 'Adam', 'optimizer_params': {'lr': 0.0005}, 'preload_batch': True, 'use_cuda': True, 'use_lr_scheduling': True, 'mode': {'type': 5, 'objective_type': 'normal', 'use_marginal': True, 'nb_samples': 1, 'temperature': 0.5, 'use_gamma': False, 'loss_type': 'fy', 'perturb_w': False, 'perturb_w_prime': False}}, 'use_ray': True}[evaluate_every] = <class 'int'>(1)
{'evaluate_every': 1, 'loader_params': {'data_dir': 'data/warcraft_shortest_path/18x18', 'evaluate_with_extra': False, 'normalize': True, 'use_local_path': False, 'use_test_set': True}, 'model_dir': 'results/warcraft_shortest_path_combresnet', 'num_cpus': 40, 'num_epochs': 50, 'problem_type': 'warcraft_shortest_path', 'ray_params': {}, 'save_visualizations': False, 'seed': 3, 'trainer_name': 'DijkstraMAP', 'trainer_params': {'batch_size': 70, 'l1_regconst': 0.0, 'lambda_val': 0.0, 'lr_milestone_1': 30, 'lr_milestone_2': 40, 'model_params': {'arch_params': {}, 'model_name': 'CombResnet18'}, 'neighbourhood_fn': '8-grid', 'optimizer_name': 'Adam', 'optimizer_params': {'lr': 0.0005}, 'preload_batch': True, 'use_cuda': True, 'use_lr_scheduling': True, 'mode': {'type': 5, 'objective_type': 'normal', 'use_marginal': True, 'nb_samples': 1, 'temperature': 0.5, 'use_gamma': False, 'loss_type': 'fy', 'perturb_w': False, 'perturb_w_prime': False}}, 'use_ray': True}[use_ray] = <class 'bool'>(False)
{
    "evaluate_every": 1,
    "loader_params": {
        "data_dir": "data/warcraft_shortest_path/18x18",
        "evaluate_with_extra": false,
        "normalize": true,
        "use_local_path": false,
        "use_test_set": true
    },
    "model_dir": "results/warcraft_shortest_path_combresnet",
    "num_cpus": 40,
    "num_epochs": 50,
    "problem_type": "warcraft_shortest_path",
    "ray_params": {},
    "save_visualizations": false,
    "seed": 3,
    "trainer_name": "DijkstraMAP",
    "trainer_params": {
        "batch_size": 70,
        "l1_regconst": 0.0,
        "lambda_val": 0.0,
        "lr_milestone_1": 30,
        "lr_milestone_2": 40,
        "mode": {
            "loss_type": "fy",
            "nb_samples": 1,
            "objective_type": "normal",
            "perturb_w": false,
            "perturb_w_prime": false,
            "temperature": 0.5,
            "type": 5,
            "use_gamma": false,
            "use_marginal": true
        },
        "model_params": {
            "arch_params": {},
            "model_name": "CombResnet18"
        },
        "neighbourhood_fn": "8-grid",
        "optimizer_name": "Adam",
        "optimizer_params": {
            "lr": 0.0005
        },
        "preload_batch": true,
        "use_cuda": true,
        "use_lr_scheduling": true
    },
    "use_ray": false
}
MAP-BACKPROP MODE: {
    "loss_type": "fy",
    "nb_samples": 1,
    "objective_type": "normal",
    "perturb_w": false,
    "perturb_w_prime": false,
    "temperature": 0.5,
    "type": 5,
    "use_gamma": false,
    "use_marginal": true
}
True
META: {'input_image_size': 144, 'output_features': 324, 'num_channels': 3, 'denormalize': <maprop.decorators.input_to_numpy object at 0x2ad227065f28>}
EVALUATING
{'loss': 138.92000274658204, 'accuracy': 0.9082222139835358, 'perfect_match_accuracy': 0.008, 'cost_ratio_suggested_true': 2.685205645561218, 'below_10.0_percent_acc': 0.076, 'below_1.0_percent_acc': 0.019, 'below_0.1_percent_acc': 0.016, 'below_0.01_percent_acc': 0.016, 'below_0.001_percent_acc': 0.014, 'below_0.0001_percent_acc': 0.014, 'valid_acc': 1.0}
Epoch: 1	Batch time (1.379431)	Data time (0.020305)	Cuda time (0.000003)	Loss (135.046501)	Accuracy (0.893711)
EVALUATING
{'loss': 138.91300079345703, 'accuracy': 0.9137407338619232, 'perfect_match_accuracy': 0.009, 'cost_ratio_suggested_true': 2.131477476358414, 'below_10.0_percent_acc': 0.165, 'below_1.0_percent_acc': 0.033, 'below_0.1_percent_acc': 0.026, 'below_0.01_percent_acc': 0.026, 'below_0.001_percent_acc': 0.026, 'below_0.0001_percent_acc': 0.026, 'valid_acc': 1.0}
Epoch: 2	Batch time (1.375321)	Data time (0.020535)	Cuda time (0.000003)	Loss (135.036601)	Accuracy (0.894861)
EVALUATING
{'loss': 137.2170022583008, 'accuracy': 0.9130432057380676, 'perfect_match_accuracy': 0.006, 'cost_ratio_suggested_true': 1.544776542186737, 'below_10.0_percent_acc': 0.422, 'below_1.0_percent_acc': 0.034, 'below_0.1_percent_acc': 0.02, 'below_0.01_percent_acc': 0.02, 'below_0.001_percent_acc': 0.019, 'below_0.0001_percent_acc': 0.019, 'valid_acc': 1.0}
Epoch: 3	Batch time (1.395760)	Data time (0.020248)	Cuda time (0.000002)	Loss (134.251201)	Accuracy (0.890045)
EVALUATING
{'loss': 137.12200088500975, 'accuracy': 0.9120648032426835, 'perfect_match_accuracy': 0.002, 'cost_ratio_suggested_true': 1.528408980369568, 'below_10.0_percent_acc': 0.492, 'below_1.0_percent_acc': 0.065, 'below_0.1_percent_acc': 0.047, 'below_0.01_percent_acc': 0.047, 'below_0.001_percent_acc': 0.045, 'below_0.0001_percent_acc': 0.045, 'valid_acc': 1.0}
Epoch: 4	Batch time (1.466479)	Data time (0.020480)	Cuda time (0.000002)	Loss (130.566401)	Accuracy (0.864774)
EVALUATING
{'loss': 137.0100033569336, 'accuracy': 0.9053271466493606, 'perfect_match_accuracy': 0.0, 'cost_ratio_suggested_true': 1.5604866874217986, 'below_10.0_percent_acc': 0.422, 'below_1.0_percent_acc': 0.019, 'below_0.1_percent_acc': 0.013, 'below_0.01_percent_acc': 0.013, 'below_0.001_percent_acc': 0.013, 'below_0.0001_percent_acc': 0.013, 'valid_acc': 1.0}
Epoch: 5	Batch time (1.418125)	Data time (0.019652)	Cuda time (0.000002)	Loss (131.789501)	Accuracy (0.871162)
EVALUATING
{'loss': 136.1100003051758, 'accuracy': 0.9013055485486984, 'perfect_match_accuracy': 0.001, 'cost_ratio_suggested_true': 1.6275672221183777, 'below_10.0_percent_acc': 0.219, 'below_1.0_percent_acc': 0.009, 'below_0.1_percent_acc': 0.005, 'below_0.01_percent_acc': 0.005, 'below_0.001_percent_acc': 0.005, 'below_0.0001_percent_acc': 0.005, 'valid_acc': 1.0}
Epoch: 6	Batch time (1.392488)	Data time (0.019445)	Cuda time (0.000002)	Loss (132.750201)	Accuracy (0.881143)
EVALUATING
{'loss': 136.14300094604494, 'accuracy': 0.9048641872406006, 'perfect_match_accuracy': 0.003, 'cost_ratio_suggested_true': 1.5910622692108154, 'below_10.0_percent_acc': 0.291, 'below_1.0_percent_acc': 0.018, 'below_0.1_percent_acc': 0.01, 'below_0.01_percent_acc': 0.01, 'below_0.001_percent_acc': 0.01, 'below_0.0001_percent_acc': 0.01, 'valid_acc': 1.0}
Epoch: 7	Batch time (1.402313)	Data time (0.019565)	Cuda time (0.000002)	Loss (132.811201)	Accuracy (0.879089)
EVALUATING
{'loss': 136.02700164794922, 'accuracy': 0.9067376303672791, 'perfect_match_accuracy': 0.001, 'cost_ratio_suggested_true': 1.5884915971755982, 'below_10.0_percent_acc': 0.319, 'below_1.0_percent_acc': 0.016, 'below_0.1_percent_acc': 0.008, 'below_0.01_percent_acc': 0.008, 'below_0.001_percent_acc': 0.008, 'below_0.0001_percent_acc': 0.008, 'valid_acc': 1.0}
Epoch: 8	Batch time (1.401953)	Data time (0.019487)	Cuda time (0.000002)	Loss (132.797101)	Accuracy (0.880122)
EVALUATING
{'loss': 136.18600036621095, 'accuracy': 0.9059259158372879, 'perfect_match_accuracy': 0.0, 'cost_ratio_suggested_true': 1.5497597825527192, 'below_10.0_percent_acc': 0.34, 'below_1.0_percent_acc': 0.015, 'below_0.1_percent_acc': 0.009, 'below_0.01_percent_acc': 0.009, 'below_0.001_percent_acc': 0.009, 'below_0.0001_percent_acc': 0.009, 'valid_acc': 1.0}
Epoch: 9	Batch time (1.404643)	Data time (0.019423)	Cuda time (0.000002)	Loss (133.173401)	Accuracy (0.881936)
EVALUATING
{'loss': 137.93300170898436, 'accuracy': 0.9151203608512879, 'perfect_match_accuracy': 0.001, 'cost_ratio_suggested_true': 1.5181936836242675, 'below_10.0_percent_acc': 0.475, 'below_1.0_percent_acc': 0.035, 'below_0.1_percent_acc': 0.031, 'below_0.01_percent_acc': 0.031, 'below_0.001_percent_acc': 0.031, 'below_0.0001_percent_acc': 0.031, 'valid_acc': 1.0}
Epoch: 10	Batch time (1.426485)	Data time (0.019244)	Cuda time (0.000002)	Loss (132.319001)	Accuracy (0.874325)
EVALUATING
{'loss': 137.45800308227538, 'accuracy': 0.9123888695240021, 'perfect_match_accuracy': 0.002, 'cost_ratio_suggested_true': 1.6916204631328582, 'below_10.0_percent_acc': 0.349, 'below_1.0_percent_acc': 0.035, 'below_0.1_percent_acc': 0.023, 'below_0.01_percent_acc': 0.023, 'below_0.001_percent_acc': 0.022, 'below_0.0001_percent_acc': 0.022, 'valid_acc': 1.0}
Epoch: 11	Batch time (1.526970)	Data time (0.022094)	Cuda time (0.000003)	Loss (129.892301)	Accuracy (0.855382)
EVALUATING
{'loss': 137.27100036621093, 'accuracy': 0.9129691290855407, 'perfect_match_accuracy': 0.004, 'cost_ratio_suggested_true': 1.670357620716095, 'below_10.0_percent_acc': 0.417, 'below_1.0_percent_acc': 0.069, 'below_0.1_percent_acc': 0.054, 'below_0.01_percent_acc': 0.054, 'below_0.001_percent_acc': 0.051, 'below_0.0001_percent_acc': 0.051, 'valid_acc': 1.0}
Epoch: 12	Batch time (1.522987)	Data time (0.019549)	Cuda time (0.000003)	Loss (128.201201)	Accuracy (0.848725)
EVALUATING
{'loss': 136.11300018310547, 'accuracy': 0.9128611004352569, 'perfect_match_accuracy': 0.003, 'cost_ratio_suggested_true': 1.458331559896469, 'below_10.0_percent_acc': 0.541, 'below_1.0_percent_acc': 0.045, 'below_0.1_percent_acc': 0.027, 'below_0.01_percent_acc': 0.027, 'below_0.001_percent_acc': 0.026, 'below_0.0001_percent_acc': 0.026, 'valid_acc': 1.0}
Epoch: 13	Batch time (1.471010)	Data time (0.019257)	Cuda time (0.000002)	Loss (130.218601)	Accuracy (0.857928)
EVALUATING
{'loss': 137.60800170898438, 'accuracy': 0.9192191249132157, 'perfect_match_accuracy': 0.002, 'cost_ratio_suggested_true': 1.4186126840114595, 'below_10.0_percent_acc': 0.526, 'below_1.0_percent_acc': 0.074, 'below_0.1_percent_acc': 0.047, 'below_0.01_percent_acc': 0.047, 'below_0.001_percent_acc': 0.047, 'below_0.0001_percent_acc': 0.047, 'valid_acc': 1.0}
Epoch: 14	Batch time (1.477354)	Data time (0.019529)	Cuda time (0.000002)	Loss (130.290201)	Accuracy (0.859161)
EVALUATING
{'loss': 136.74300216674806, 'accuracy': 0.9123734468221665, 'perfect_match_accuracy': 0.0, 'cost_ratio_suggested_true': 1.3880285334587097, 'below_10.0_percent_acc': 0.526, 'below_1.0_percent_acc': 0.032, 'below_0.1_percent_acc': 0.014, 'below_0.01_percent_acc': 0.014, 'below_0.001_percent_acc': 0.014, 'below_0.0001_percent_acc': 0.014, 'valid_acc': 1.0}
Epoch: 15	Batch time (1.486970)	Data time (0.020086)	Cuda time (0.000002)	Loss (128.941401)	Accuracy (0.852769)
EVALUATING
{'loss': 135.8220001220703, 'accuracy': 0.9099907279014587, 'perfect_match_accuracy': 0.001, 'cost_ratio_suggested_true': 1.4633593511581422, 'below_10.0_percent_acc': 0.386, 'below_1.0_percent_acc': 0.019, 'below_0.1_percent_acc': 0.011, 'below_0.01_percent_acc': 0.011, 'below_0.001_percent_acc': 0.01, 'below_0.0001_percent_acc': 0.01, 'valid_acc': 1.0}
Epoch: 16	Batch time (1.478133)	Data time (0.023186)	Cuda time (0.000002)	Loss (130.940701)	Accuracy (0.865062)
EVALUATING
{'loss': 138.03400100708006, 'accuracy': 0.9183919650316238, 'perfect_match_accuracy': 0.002, 'cost_ratio_suggested_true': 1.4762197530269623, 'below_10.0_percent_acc': 0.467, 'below_1.0_percent_acc': 0.049, 'below_0.1_percent_acc': 0.033, 'below_0.01_percent_acc': 0.033, 'below_0.001_percent_acc': 0.031, 'below_0.0001_percent_acc': 0.031, 'valid_acc': 1.0}
Epoch: 17	Batch time (1.449096)	Data time (0.019509)	Cuda time (0.000002)	Loss (131.475101)	Accuracy (0.867011)
EVALUATING
{'loss': 137.0840002441406, 'accuracy': 0.9158394926786423, 'perfect_match_accuracy': 0.001, 'cost_ratio_suggested_true': 1.3388784503936768, 'below_10.0_percent_acc': 0.527, 'below_1.0_percent_acc': 0.026, 'below_0.1_percent_acc': 0.021, 'below_0.01_percent_acc': 0.021, 'below_0.001_percent_acc': 0.021, 'below_0.0001_percent_acc': 0.021, 'valid_acc': 1.0}
Epoch: 18	Batch time (1.493593)	Data time (0.019424)	Cuda time (0.000002)	Loss (130.351801)	Accuracy (0.857042)
EVALUATING
{'loss': 136.35800079345702, 'accuracy': 0.912580236196518, 'perfect_match_accuracy': 0.001, 'cost_ratio_suggested_true': 1.4422727918624878, 'below_10.0_percent_acc': 0.441, 'below_1.0_percent_acc': 0.022, 'below_0.1_percent_acc': 0.014, 'below_0.01_percent_acc': 0.014, 'below_0.001_percent_acc': 0.014, 'below_0.0001_percent_acc': 0.014, 'valid_acc': 1.0}
Epoch: 19	Batch time (1.478054)	Data time (0.019369)	Cuda time (0.000002)	Loss (128.049001)	Accuracy (0.844534)
EVALUATING
{'loss': 137.48000015258788, 'accuracy': 0.9083240520954132, 'perfect_match_accuracy': 0.0, 'cost_ratio_suggested_true': 1.403034063577652, 'below_10.0_percent_acc': 0.429, 'below_1.0_percent_acc': 0.026, 'below_0.1_percent_acc': 0.015, 'below_0.01_percent_acc': 0.015, 'below_0.001_percent_acc': 0.015, 'below_0.0001_percent_acc': 0.015, 'valid_acc': 1.0}
Epoch: 20	Batch time (1.543187)	Data time (0.020691)	Cuda time (0.000003)	Loss (127.372101)	Accuracy (0.838996)
EVALUATING
{'loss': 136.4479995727539, 'accuracy': 0.9120586293935776, 'perfect_match_accuracy': 0.001, 'cost_ratio_suggested_true': 1.4618507421016693, 'below_10.0_percent_acc': 0.433, 'below_1.0_percent_acc': 0.021, 'below_0.1_percent_acc': 0.015, 'below_0.01_percent_acc': 0.015, 'below_0.001_percent_acc': 0.015, 'below_0.0001_percent_acc': 0.015, 'valid_acc': 1.0}
Epoch: 21	Batch time (1.509989)	Data time (0.023633)	Cuda time (0.000003)	Loss (129.486901)	Accuracy (0.854537)
EVALUATING
{'loss': 134.3240005493164, 'accuracy': 0.9024536937475205, 'perfect_match_accuracy': 0.0, 'cost_ratio_suggested_true': 1.5014963030815125, 'below_10.0_percent_acc': 0.268, 'below_1.0_percent_acc': 0.008, 'below_0.1_percent_acc': 0.004, 'below_0.01_percent_acc': 0.004, 'below_0.001_percent_acc': 0.003, 'below_0.0001_percent_acc': 0.003, 'valid_acc': 1.0}
Epoch: 22	Batch time (1.527699)	Data time (0.020963)	Cuda time (0.000003)	Loss (129.776901)	Accuracy (0.858444)
EVALUATING
{'loss': 136.06699783325195, 'accuracy': 0.9003981405496597, 'perfect_match_accuracy': 0.001, 'cost_ratio_suggested_true': 1.5079115688800813, 'below_10.0_percent_acc': 0.253, 'below_1.0_percent_acc': 0.003, 'below_0.1_percent_acc': 0.003, 'below_0.01_percent_acc': 0.003, 'below_0.001_percent_acc': 0.003, 'below_0.0001_percent_acc': 0.003, 'valid_acc': 1.0}
Epoch: 23	Batch time (1.488102)	Data time (0.021602)	Cuda time (0.000003)	Loss (128.320301)	Accuracy (0.851179)
EVALUATING
{'loss': 136.62500061035155, 'accuracy': 0.9003950470685959, 'perfect_match_accuracy': 0.0, 'cost_ratio_suggested_true': 1.499824080467224, 'below_10.0_percent_acc': 0.239, 'below_1.0_percent_acc': 0.005, 'below_0.1_percent_acc': 0.003, 'below_0.01_percent_acc': 0.003, 'below_0.001_percent_acc': 0.003, 'below_0.0001_percent_acc': 0.003, 'valid_acc': 1.0}
Epoch: 24	Batch time (1.480938)	Data time (0.020350)	Cuda time (0.000002)	Loss (129.946000)	Accuracy (0.854828)
EVALUATING
{'loss': 137.87200119018556, 'accuracy': 0.9113394922018051, 'perfect_match_accuracy': 0.0, 'cost_ratio_suggested_true': 1.3481323897838593, 'below_10.0_percent_acc': 0.413, 'below_1.0_percent_acc': 0.015, 'below_0.1_percent_acc': 0.009, 'below_0.01_percent_acc': 0.009, 'below_0.001_percent_acc': 0.009, 'below_0.0001_percent_acc': 0.009, 'valid_acc': 1.0}
Epoch: 25	Batch time (1.469303)	Data time (0.019691)	Cuda time (0.000002)	Loss (130.284401)	Accuracy (0.862919)
EVALUATING
{'loss': 138.65200073242187, 'accuracy': 0.9144135767221451, 'perfect_match_accuracy': 0.001, 'cost_ratio_suggested_true': 1.490100531578064, 'below_10.0_percent_acc': 0.384, 'below_1.0_percent_acc': 0.019, 'below_0.1_percent_acc': 0.01, 'below_0.01_percent_acc': 0.01, 'below_0.001_percent_acc': 0.01, 'below_0.0001_percent_acc': 0.01, 'valid_acc': 1.0}
Epoch: 26	Batch time (1.384297)	Data time (0.019687)	Cuda time (0.000003)	Loss (135.071200)	Accuracy (0.896888)
EVALUATING
{'loss': 138.5499998474121, 'accuracy': 0.9215462803840637, 'perfect_match_accuracy': 0.008, 'cost_ratio_suggested_true': 1.769701521396637, 'below_10.0_percent_acc': 0.312, 'below_1.0_percent_acc': 0.072, 'below_0.1_percent_acc': 0.056, 'below_0.01_percent_acc': 0.056, 'below_0.001_percent_acc': 0.054, 'below_0.0001_percent_acc': 0.054, 'valid_acc': 1.0}
Epoch: 27	Batch time (1.394338)	Data time (0.019819)	Cuda time (0.000002)	Loss (135.094801)	Accuracy (0.893541)
EVALUATING
{'loss': 139.53099899291993, 'accuracy': 0.9232808482646943, 'perfect_match_accuracy': 0.005, 'cost_ratio_suggested_true': 1.3203036522865295, 'below_10.0_percent_acc': 0.548, 'below_1.0_percent_acc': 0.048, 'below_0.1_percent_acc': 0.031, 'below_0.01_percent_acc': 0.031, 'below_0.001_percent_acc': 0.031, 'below_0.0001_percent_acc': 0.031, 'valid_acc': 1.0}
Epoch: 28	Batch time (1.420023)	Data time (0.019608)	Cuda time (0.000002)	Loss (133.067301)	Accuracy (0.883417)
EVALUATING
{'loss': 136.5710012817383, 'accuracy': 0.9109691298007965, 'perfect_match_accuracy': 0.001, 'cost_ratio_suggested_true': 1.5073850655555725, 'below_10.0_percent_acc': 0.39, 'below_1.0_percent_acc': 0.03, 'below_0.1_percent_acc': 0.025, 'below_0.01_percent_acc': 0.025, 'below_0.001_percent_acc': 0.025, 'below_0.0001_percent_acc': 0.025, 'valid_acc': 1.0}
Epoch: 29	Batch time (1.396945)	Data time (0.019711)	Cuda time (0.000002)	Loss (134.304301)	Accuracy (0.888918)
EVALUATING
{'loss': 139.0670002746582, 'accuracy': 0.9215185070037841, 'perfect_match_accuracy': 0.003, 'cost_ratio_suggested_true': 1.359075973033905, 'below_10.0_percent_acc': 0.531, 'below_1.0_percent_acc': 0.072, 'below_0.1_percent_acc': 0.055, 'below_0.01_percent_acc': 0.055, 'below_0.001_percent_acc': 0.055, 'below_0.0001_percent_acc': 0.055, 'valid_acc': 1.0}
Epoch: 30	Batch time (1.417543)	Data time (0.019420)	Cuda time (0.000002)	Loss (133.928901)	Accuracy (0.885922)
EVALUATING
{'loss': 137.9350001525879, 'accuracy': 0.9189598608016968, 'perfect_match_accuracy': 0.0, 'cost_ratio_suggested_true': 1.3454782593250274, 'below_10.0_percent_acc': 0.509, 'below_1.0_percent_acc': 0.036, 'below_0.1_percent_acc': 0.023, 'below_0.01_percent_acc': 0.023, 'below_0.001_percent_acc': 0.023, 'below_0.0001_percent_acc': 0.023, 'valid_acc': 1.0}
Epoch: 31	Batch time (1.414703)	Data time (0.019856)	Cuda time (0.000002)	Loss (133.754501)	Accuracy (0.886159)
EVALUATING
{'loss': 138.60100219726561, 'accuracy': 0.9180894923210144, 'perfect_match_accuracy': 0.0, 'cost_ratio_suggested_true': 1.3366184854507446, 'below_10.0_percent_acc': 0.49, 'below_1.0_percent_acc': 0.035, 'below_0.1_percent_acc': 0.024, 'below_0.01_percent_acc': 0.024, 'below_0.001_percent_acc': 0.024, 'below_0.0001_percent_acc': 0.024, 'valid_acc': 1.0}
Epoch: 32	Batch time (1.414379)	Data time (0.019666)	Cuda time (0.000002)	Loss (133.986300)	Accuracy (0.886505)
EVALUATING
{'loss': 136.7020002746582, 'accuracy': 0.9186604845523835, 'perfect_match_accuracy': 0.001, 'cost_ratio_suggested_true': 1.3362990307807923, 'below_10.0_percent_acc': 0.479, 'below_1.0_percent_acc': 0.03, 'below_0.1_percent_acc': 0.022, 'below_0.01_percent_acc': 0.022, 'below_0.001_percent_acc': 0.022, 'below_0.0001_percent_acc': 0.022, 'valid_acc': 1.0}
Epoch: 33	Batch time (1.417590)	Data time (0.019603)	Cuda time (0.000002)	Loss (133.626500)	Accuracy (0.886974)
EVALUATING
{'loss': 137.6940003967285, 'accuracy': 0.9194475185871124, 'perfect_match_accuracy': 0.001, 'cost_ratio_suggested_true': 1.3275291728973388, 'below_10.0_percent_acc': 0.492, 'below_1.0_percent_acc': 0.038, 'below_0.1_percent_acc': 0.028, 'below_0.01_percent_acc': 0.028, 'below_0.001_percent_acc': 0.028, 'below_0.0001_percent_acc': 0.028, 'valid_acc': 1.0}
Epoch: 34	Batch time (1.423534)	Data time (0.019448)	Cuda time (0.000002)	Loss (133.825101)	Accuracy (0.885550)
EVALUATING
{'loss': 138.8940007019043, 'accuracy': 0.9181913489103317, 'perfect_match_accuracy': 0.002, 'cost_ratio_suggested_true': 1.3495271158218385, 'below_10.0_percent_acc': 0.483, 'below_1.0_percent_acc': 0.034, 'below_0.1_percent_acc': 0.026, 'below_0.01_percent_acc': 0.026, 'below_0.001_percent_acc': 0.026, 'below_0.0001_percent_acc': 0.026, 'valid_acc': 1.0}
Epoch: 35	Batch time (1.452656)	Data time (0.019666)	Cuda time (0.000003)	Loss (133.563201)	Accuracy (0.885795)
EVALUATING
{'loss': 138.60800064086914, 'accuracy': 0.9190555465221405, 'perfect_match_accuracy': 0.002, 'cost_ratio_suggested_true': 1.3338223779201508, 'below_10.0_percent_acc': 0.478, 'below_1.0_percent_acc': 0.035, 'below_0.1_percent_acc': 0.026, 'below_0.01_percent_acc': 0.026, 'below_0.001_percent_acc': 0.026, 'below_0.0001_percent_acc': 0.026, 'valid_acc': 1.0}
Epoch: 36	Batch time (1.423862)	Data time (0.019512)	Cuda time (0.000002)	Loss (133.694801)	Accuracy (0.885919)
EVALUATING
{'loss': 136.777001953125, 'accuracy': 0.9189629530906678, 'perfect_match_accuracy': 0.002, 'cost_ratio_suggested_true': 1.3367941904067993, 'below_10.0_percent_acc': 0.467, 'below_1.0_percent_acc': 0.032, 'below_0.1_percent_acc': 0.025, 'below_0.01_percent_acc': 0.025, 'below_0.001_percent_acc': 0.025, 'below_0.0001_percent_acc': 0.025, 'valid_acc': 1.0}
Epoch: 37	Batch time (1.420001)	Data time (0.019588)	Cuda time (0.000002)	Loss (133.936700)	Accuracy (0.887071)
EVALUATING
{'loss': 138.82800033569336, 'accuracy': 0.9203765314817428, 'perfect_match_accuracy': 0.001, 'cost_ratio_suggested_true': 1.3321472024917602, 'below_10.0_percent_acc': 0.474, 'below_1.0_percent_acc': 0.034, 'below_0.1_percent_acc': 0.025, 'below_0.01_percent_acc': 0.025, 'below_0.001_percent_acc': 0.025, 'below_0.0001_percent_acc': 0.025, 'valid_acc': 1.0}
Epoch: 38	Batch time (1.417753)	Data time (0.019509)	Cuda time (0.000002)	Loss (133.536001)	Accuracy (0.887646)
EVALUATING
{'loss': 137.5040005493164, 'accuracy': 0.9207561546564103, 'perfect_match_accuracy': 0.001, 'cost_ratio_suggested_true': 1.322508656978607, 'below_10.0_percent_acc': 0.484, 'below_1.0_percent_acc': 0.036, 'below_0.1_percent_acc': 0.027, 'below_0.01_percent_acc': 0.027, 'below_0.001_percent_acc': 0.027, 'below_0.0001_percent_acc': 0.027, 'valid_acc': 1.0}
Epoch: 39	Batch time (1.448470)	Data time (0.019315)	Cuda time (0.000003)	Loss (133.710801)	Accuracy (0.887143)
EVALUATING
{'loss': 138.54100372314454, 'accuracy': 0.9209289991855621, 'perfect_match_accuracy': 0.001, 'cost_ratio_suggested_true': 1.3004338729381562, 'below_10.0_percent_acc': 0.504, 'below_1.0_percent_acc': 0.035, 'below_0.1_percent_acc': 0.024, 'below_0.01_percent_acc': 0.024, 'below_0.001_percent_acc': 0.024, 'below_0.0001_percent_acc': 0.024, 'valid_acc': 1.0}
Epoch: 40	Batch time (1.469398)	Data time (0.022606)	Cuda time (0.000003)	Loss (133.918100)	Accuracy (0.885898)
EVALUATING
{'loss': 139.04100036621094, 'accuracy': 0.9195987504720687, 'perfect_match_accuracy': 0.001, 'cost_ratio_suggested_true': 1.3144664359092713, 'below_10.0_percent_acc': 0.503, 'below_1.0_percent_acc': 0.043, 'below_0.1_percent_acc': 0.031, 'below_0.01_percent_acc': 0.031, 'below_0.001_percent_acc': 0.031, 'below_0.0001_percent_acc': 0.031, 'valid_acc': 1.0}
Epoch: 41	Batch time (1.449146)	Data time (0.020145)	Cuda time (0.000003)	Loss (133.694301)	Accuracy (0.885377)
EVALUATING
{'loss': 137.86400115966796, 'accuracy': 0.920179004073143, 'perfect_match_accuracy': 0.001, 'cost_ratio_suggested_true': 1.3082185220718383, 'below_10.0_percent_acc': 0.502, 'below_1.0_percent_acc': 0.044, 'below_0.1_percent_acc': 0.032, 'below_0.01_percent_acc': 0.032, 'below_0.001_percent_acc': 0.032, 'below_0.0001_percent_acc': 0.032, 'valid_acc': 1.0}
Epoch: 42	Batch time (1.434768)	Data time (0.019609)	Cuda time (0.000002)	Loss (133.573000)	Accuracy (0.885650)
EVALUATING
{'loss': 138.3500016784668, 'accuracy': 0.9199506151676178, 'perfect_match_accuracy': 0.001, 'cost_ratio_suggested_true': 1.3077106535434724, 'below_10.0_percent_acc': 0.504, 'below_1.0_percent_acc': 0.043, 'below_0.1_percent_acc': 0.032, 'below_0.01_percent_acc': 0.032, 'below_0.001_percent_acc': 0.032, 'below_0.0001_percent_acc': 0.032, 'valid_acc': 1.0}
Epoch: 43	Batch time (1.428860)	Data time (0.021237)	Cuda time (0.000002)	Loss (133.727201)	Accuracy (0.885086)
EVALUATING
{'loss': 139.17800048828124, 'accuracy': 0.92000925719738, 'perfect_match_accuracy': 0.001, 'cost_ratio_suggested_true': 1.3130337178707123, 'below_10.0_percent_acc': 0.508, 'below_1.0_percent_acc': 0.042, 'below_0.1_percent_acc': 0.03, 'below_0.01_percent_acc': 0.03, 'below_0.001_percent_acc': 0.03, 'below_0.0001_percent_acc': 0.03, 'valid_acc': 1.0}
Epoch: 44	Batch time (1.427785)	Data time (0.019884)	Cuda time (0.000002)	Loss (133.574902)	Accuracy (0.885643)
EVALUATING
{'loss': 138.88100219726562, 'accuracy': 0.9202006125450134, 'perfect_match_accuracy': 0.001, 'cost_ratio_suggested_true': 1.3082628810405732, 'below_10.0_percent_acc': 0.51, 'below_1.0_percent_acc': 0.043, 'below_0.1_percent_acc': 0.031, 'below_0.01_percent_acc': 0.031, 'below_0.001_percent_acc': 0.031, 'below_0.0001_percent_acc': 0.031, 'valid_acc': 1.0}
Epoch: 45	Batch time (1.422916)	Data time (0.019633)	Cuda time (0.000002)	Loss (133.593501)	Accuracy (0.885827)
EVALUATING
{'loss': 137.73999984741212, 'accuracy': 0.9200185036659241, 'perfect_match_accuracy': 0.001, 'cost_ratio_suggested_true': 1.3075161242485047, 'below_10.0_percent_acc': 0.497, 'below_1.0_percent_acc': 0.041, 'below_0.1_percent_acc': 0.031, 'below_0.01_percent_acc': 0.031, 'below_0.001_percent_acc': 0.031, 'below_0.0001_percent_acc': 0.031, 'valid_acc': 1.0}
Epoch: 46	Batch time (1.572576)	Data time (0.020745)	Cuda time (0.000003)	Loss (133.836401)	Accuracy (0.885680)
EVALUATING
{'loss': 138.38000106811523, 'accuracy': 0.9199444311857223, 'perfect_match_accuracy': 0.001, 'cost_ratio_suggested_true': 1.313559410572052, 'below_10.0_percent_acc': 0.507, 'below_1.0_percent_acc': 0.046, 'below_0.1_percent_acc': 0.033, 'below_0.01_percent_acc': 0.033, 'below_0.001_percent_acc': 0.033, 'below_0.0001_percent_acc': 0.033, 'valid_acc': 1.0}
Epoch: 47	Batch time (1.634996)	Data time (0.033815)	Cuda time (0.000003)	Loss (133.168001)	Accuracy (0.885177)
EVALUATING
{'loss': 137.79399993896484, 'accuracy': 0.9198302346467971, 'perfect_match_accuracy': 0.001, 'cost_ratio_suggested_true': 1.3108613967895508, 'below_10.0_percent_acc': 0.508, 'below_1.0_percent_acc': 0.046, 'below_0.1_percent_acc': 0.034, 'below_0.01_percent_acc': 0.034, 'below_0.001_percent_acc': 0.034, 'below_0.0001_percent_acc': 0.034, 'valid_acc': 1.0}
Epoch: 48	Batch time (1.606985)	Data time (0.020577)	Cuda time (0.000002)	Loss (132.927300)	Accuracy (0.885386)
EVALUATING
{'loss': 138.36300064086913, 'accuracy': 0.9200061565637588, 'perfect_match_accuracy': 0.001, 'cost_ratio_suggested_true': 1.3104185545444489, 'below_10.0_percent_acc': 0.51, 'below_1.0_percent_acc': 0.047, 'below_0.1_percent_acc': 0.035, 'below_0.01_percent_acc': 0.035, 'below_0.001_percent_acc': 0.035, 'below_0.0001_percent_acc': 0.035, 'valid_acc': 1.0}
Epoch: 49	Batch time (1.601589)	Data time (0.018746)	Cuda time (0.000002)	Loss (133.007500)	Accuracy (0.885447)
EVALUATING
{'loss': 136.73200302124025, 'accuracy': 0.9197715848684311, 'perfect_match_accuracy': 0.001, 'cost_ratio_suggested_true': 1.3107002341747285, 'below_10.0_percent_acc': 0.505, 'below_1.0_percent_acc': 0.044, 'below_0.1_percent_acc': 0.032, 'below_0.01_percent_acc': 0.032, 'below_0.001_percent_acc': 0.032, 'below_0.0001_percent_acc': 0.032, 'valid_acc': 1.0}
Epoch: 50	Batch time (1.588985)	Data time (0.018580)	Cuda time (0.000003)	Loss (133.207101)	Accuracy (0.885049)
EVALUATING
{'loss': 136.15900085449218, 'accuracy': 0.919703688621521, 'perfect_match_accuracy': 0.001, 'cost_ratio_suggested_true': 1.3112395823001861, 'below_10.0_percent_acc': 0.507, 'below_1.0_percent_acc': 0.044, 'below_0.1_percent_acc': 0.032, 'below_0.01_percent_acc': 0.032, 'below_0.001_percent_acc': 0.032, 'below_0.0001_percent_acc': 0.032, 'valid_acc': 1.0}
