No existing entry for trainer_params.mode.type
{}[type] = <class 'int'>(5)
No existing entry for trainer_params.mode.objective_type
{'type': 5}[objective_type] = <class 'str'>(normal)
No existing entry for trainer_params.mode.use_marginal
{'type': 5, 'objective_type': 'normal'}[use_marginal] = <class 'bool'>(True)
No existing entry for trainer_params.mode.nb_samples
{'type': 5, 'objective_type': 'normal', 'use_marginal': True}[nb_samples] = <class 'int'>(1)
No existing entry for trainer_params.mode.temperature
{'type': 5, 'objective_type': 'normal', 'use_marginal': True, 'nb_samples': 1}[temperature] = <class 'float'>(0.2)
No existing entry for trainer_params.mode.use_gamma
{'type': 5, 'objective_type': 'normal', 'use_marginal': True, 'nb_samples': 1, 'temperature': 0.2}[use_gamma] = <class 'bool'>(False)
No existing entry for trainer_params.mode.loss_type
{'type': 5, 'objective_type': 'normal', 'use_marginal': True, 'nb_samples': 1, 'temperature': 0.2, 'use_gamma': False}[loss_type] = <class 'str'>(fy)
No existing entry for trainer_params.mode.perturb_w
{'type': 5, 'objective_type': 'normal', 'use_marginal': True, 'nb_samples': 1, 'temperature': 0.2, 'use_gamma': False, 'loss_type': 'fy'}[perturb_w] = <class 'bool'>(False)
No existing entry for trainer_params.mode.perturb_w_prime
{'type': 5, 'objective_type': 'normal', 'use_marginal': True, 'nb_samples': 1, 'temperature': 0.2, 'use_gamma': False, 'loss_type': 'fy', 'perturb_w': False}[perturb_w_prime] = <class 'bool'>(False)
{'batch_size': 70, 'l1_regconst': 0.0, 'lambda_val': 20.0, 'lr_milestone_1': 30, 'lr_milestone_2': 40, 'model_params': {'arch_params': {}, 'model_name': 'CombResnet18'}, 'neighbourhood_fn': '8-grid', 'optimizer_name': 'Adam', 'optimizer_params': {'lr': 0.0005}, 'preload_batch': True, 'use_cuda': True, 'use_lr_scheduling': True, 'mode': {'type': 5, 'objective_type': 'normal', 'use_marginal': True, 'nb_samples': 1, 'temperature': 0.2, 'use_gamma': False, 'loss_type': 'fy', 'perturb_w': False, 'perturb_w_prime': False}}[lambda_val] = <class 'float'>(0.0)
{'data_dir': 'data/warcraft_shortest_path/12x12', 'evaluate_with_extra': False, 'normalize': True, 'use_local_path': False, 'use_test_set': True}[data_dir] = <class 'str'>(data/warcraft_shortest_path/24x24)
{'evaluate_every': 5, 'loader_params': {'data_dir': 'data/warcraft_shortest_path/24x24', 'evaluate_with_extra': False, 'normalize': True, 'use_local_path': False, 'use_test_set': True}, 'model_dir': 'results/warcraft_shortest_path_combresnet', 'num_cpus': 24, 'num_epochs': 50, 'problem_type': 'warcraft_shortest_path', 'ray_params': {}, 'save_visualizations': False, 'seed': 1, 'trainer_name': 'DijkstraMAP', 'trainer_params': {'batch_size': 70, 'l1_regconst': 0.0, 'lambda_val': 0.0, 'lr_milestone_1': 30, 'lr_milestone_2': 40, 'model_params': {'arch_params': {}, 'model_name': 'CombResnet18'}, 'neighbourhood_fn': '8-grid', 'optimizer_name': 'Adam', 'optimizer_params': {'lr': 0.0005}, 'preload_batch': True, 'use_cuda': True, 'use_lr_scheduling': True, 'mode': {'type': 5, 'objective_type': 'normal', 'use_marginal': True, 'nb_samples': 1, 'temperature': 0.2, 'use_gamma': False, 'loss_type': 'fy', 'perturb_w': False, 'perturb_w_prime': False}}, 'use_ray': True}[seed] = <class 'int'>(2)
{'evaluate_every': 5, 'loader_params': {'data_dir': 'data/warcraft_shortest_path/24x24', 'evaluate_with_extra': False, 'normalize': True, 'use_local_path': False, 'use_test_set': True}, 'model_dir': 'results/warcraft_shortest_path_combresnet', 'num_cpus': 24, 'num_epochs': 50, 'problem_type': 'warcraft_shortest_path', 'ray_params': {}, 'save_visualizations': False, 'seed': 2, 'trainer_name': 'DijkstraMAP', 'trainer_params': {'batch_size': 70, 'l1_regconst': 0.0, 'lambda_val': 0.0, 'lr_milestone_1': 30, 'lr_milestone_2': 40, 'model_params': {'arch_params': {}, 'model_name': 'CombResnet18'}, 'neighbourhood_fn': '8-grid', 'optimizer_name': 'Adam', 'optimizer_params': {'lr': 0.0005}, 'preload_batch': True, 'use_cuda': True, 'use_lr_scheduling': True, 'mode': {'type': 5, 'objective_type': 'normal', 'use_marginal': True, 'nb_samples': 1, 'temperature': 0.2, 'use_gamma': False, 'loss_type': 'fy', 'perturb_w': False, 'perturb_w_prime': False}}, 'use_ray': True}[evaluate_every] = <class 'int'>(1)
{'evaluate_every': 1, 'loader_params': {'data_dir': 'data/warcraft_shortest_path/24x24', 'evaluate_with_extra': False, 'normalize': True, 'use_local_path': False, 'use_test_set': True}, 'model_dir': 'results/warcraft_shortest_path_combresnet', 'num_cpus': 24, 'num_epochs': 50, 'problem_type': 'warcraft_shortest_path', 'ray_params': {}, 'save_visualizations': False, 'seed': 2, 'trainer_name': 'DijkstraMAP', 'trainer_params': {'batch_size': 70, 'l1_regconst': 0.0, 'lambda_val': 0.0, 'lr_milestone_1': 30, 'lr_milestone_2': 40, 'model_params': {'arch_params': {}, 'model_name': 'CombResnet18'}, 'neighbourhood_fn': '8-grid', 'optimizer_name': 'Adam', 'optimizer_params': {'lr': 0.0005}, 'preload_batch': True, 'use_cuda': True, 'use_lr_scheduling': True, 'mode': {'type': 5, 'objective_type': 'normal', 'use_marginal': True, 'nb_samples': 1, 'temperature': 0.2, 'use_gamma': False, 'loss_type': 'fy', 'perturb_w': False, 'perturb_w_prime': False}}, 'use_ray': True}[use_ray] = <class 'bool'>(False)
No existing entry for trainer_params.mode.type
{}[type] = <class 'int'>(5)
No existing entry for trainer_params.mode.objective_type
{'type': 5}[objective_type] = <class 'str'>(normal)
No existing entry for trainer_params.mode.use_marginal
{'type': 5, 'objective_type': 'normal'}[use_marginal] = <class 'bool'>(True)
No existing entry for trainer_params.mode.nb_samples
{'type': 5, 'objective_type': 'normal', 'use_marginal': True}[nb_samples] = <class 'int'>(1)
No existing entry for trainer_params.mode.temperature
{'type': 5, 'objective_type': 'normal', 'use_marginal': True, 'nb_samples': 1}[temperature] = <class 'float'>(0.2)
No existing entry for trainer_params.mode.use_gamma
{'type': 5, 'objective_type': 'normal', 'use_marginal': True, 'nb_samples': 1, 'temperature': 0.2}[use_gamma] = <class 'bool'>(False)
No existing entry for trainer_params.mode.loss_type
{'type': 5, 'objective_type': 'normal', 'use_marginal': True, 'nb_samples': 1, 'temperature': 0.2, 'use_gamma': False}[loss_type] = <class 'str'>(fy)
No existing entry for trainer_params.mode.perturb_w
{'type': 5, 'objective_type': 'normal', 'use_marginal': True, 'nb_samples': 1, 'temperature': 0.2, 'use_gamma': False, 'loss_type': 'fy'}[perturb_w] = <class 'bool'>(False)
No existing entry for trainer_params.mode.perturb_w_prime
{'type': 5, 'objective_type': 'normal', 'use_marginal': True, 'nb_samples': 1, 'temperature': 0.2, 'use_gamma': False, 'loss_type': 'fy', 'perturb_w': False}[perturb_w_prime] = <class 'bool'>(False)
{'batch_size': 70, 'l1_regconst': 0.0, 'lambda_val': 20.0, 'lr_milestone_1': 30, 'lr_milestone_2': 40, 'model_params': {'arch_params': {}, 'model_name': 'CombResnet18'}, 'neighbourhood_fn': '8-grid', 'optimizer_name': 'Adam', 'optimizer_params': {'lr': 0.0005}, 'preload_batch': True, 'use_cuda': True, 'use_lr_scheduling': True, 'mode': {'type': 5, 'objective_type': 'normal', 'use_marginal': True, 'nb_samples': 1, 'temperature': 0.2, 'use_gamma': False, 'loss_type': 'fy', 'perturb_w': False, 'perturb_w_prime': False}}[lambda_val] = <class 'float'>(0.0)
{'data_dir': 'data/warcraft_shortest_path/12x12', 'evaluate_with_extra': False, 'normalize': True, 'use_local_path': False, 'use_test_set': True}[data_dir] = <class 'str'>(data/warcraft_shortest_path/24x24)
{'evaluate_every': 5, 'loader_params': {'data_dir': 'data/warcraft_shortest_path/24x24', 'evaluate_with_extra': False, 'normalize': True, 'use_local_path': False, 'use_test_set': True}, 'model_dir': 'results/warcraft_shortest_path_combresnet', 'num_cpus': 24, 'num_epochs': 50, 'problem_type': 'warcraft_shortest_path', 'ray_params': {}, 'save_visualizations': False, 'seed': 1, 'trainer_name': 'DijkstraMAP', 'trainer_params': {'batch_size': 70, 'l1_regconst': 0.0, 'lambda_val': 0.0, 'lr_milestone_1': 30, 'lr_milestone_2': 40, 'model_params': {'arch_params': {}, 'model_name': 'CombResnet18'}, 'neighbourhood_fn': '8-grid', 'optimizer_name': 'Adam', 'optimizer_params': {'lr': 0.0005}, 'preload_batch': True, 'use_cuda': True, 'use_lr_scheduling': True, 'mode': {'type': 5, 'objective_type': 'normal', 'use_marginal': True, 'nb_samples': 1, 'temperature': 0.2, 'use_gamma': False, 'loss_type': 'fy', 'perturb_w': False, 'perturb_w_prime': False}}, 'use_ray': True}[seed] = <class 'int'>(2)
{'evaluate_every': 5, 'loader_params': {'data_dir': 'data/warcraft_shortest_path/24x24', 'evaluate_with_extra': False, 'normalize': True, 'use_local_path': False, 'use_test_set': True}, 'model_dir': 'results/warcraft_shortest_path_combresnet', 'num_cpus': 24, 'num_epochs': 50, 'problem_type': 'warcraft_shortest_path', 'ray_params': {}, 'save_visualizations': False, 'seed': 2, 'trainer_name': 'DijkstraMAP', 'trainer_params': {'batch_size': 70, 'l1_regconst': 0.0, 'lambda_val': 0.0, 'lr_milestone_1': 30, 'lr_milestone_2': 40, 'model_params': {'arch_params': {}, 'model_name': 'CombResnet18'}, 'neighbourhood_fn': '8-grid', 'optimizer_name': 'Adam', 'optimizer_params': {'lr': 0.0005}, 'preload_batch': True, 'use_cuda': True, 'use_lr_scheduling': True, 'mode': {'type': 5, 'objective_type': 'normal', 'use_marginal': True, 'nb_samples': 1, 'temperature': 0.2, 'use_gamma': False, 'loss_type': 'fy', 'perturb_w': False, 'perturb_w_prime': False}}, 'use_ray': True}[evaluate_every] = <class 'int'>(1)
{'evaluate_every': 1, 'loader_params': {'data_dir': 'data/warcraft_shortest_path/24x24', 'evaluate_with_extra': False, 'normalize': True, 'use_local_path': False, 'use_test_set': True}, 'model_dir': 'results/warcraft_shortest_path_combresnet', 'num_cpus': 24, 'num_epochs': 50, 'problem_type': 'warcraft_shortest_path', 'ray_params': {}, 'save_visualizations': False, 'seed': 2, 'trainer_name': 'DijkstraMAP', 'trainer_params': {'batch_size': 70, 'l1_regconst': 0.0, 'lambda_val': 0.0, 'lr_milestone_1': 30, 'lr_milestone_2': 40, 'model_params': {'arch_params': {}, 'model_name': 'CombResnet18'}, 'neighbourhood_fn': '8-grid', 'optimizer_name': 'Adam', 'optimizer_params': {'lr': 0.0005}, 'preload_batch': True, 'use_cuda': True, 'use_lr_scheduling': True, 'mode': {'type': 5, 'objective_type': 'normal', 'use_marginal': True, 'nb_samples': 1, 'temperature': 0.2, 'use_gamma': False, 'loss_type': 'fy', 'perturb_w': False, 'perturb_w_prime': False}}, 'use_ray': True}[use_ray] = <class 'bool'>(False)
{
    "evaluate_every": 1,
    "loader_params": {
        "data_dir": "data/warcraft_shortest_path/24x24",
        "evaluate_with_extra": false,
        "normalize": true,
        "use_local_path": false,
        "use_test_set": true
    },
    "model_dir": "results/warcraft_shortest_path_combresnet",
    "num_cpus": 24,
    "num_epochs": 50,
    "problem_type": "warcraft_shortest_path",
    "ray_params": {},
    "save_visualizations": false,
    "seed": 2,
    "trainer_name": "DijkstraMAP",
    "trainer_params": {
        "batch_size": 70,
        "l1_regconst": 0.0,
        "lambda_val": 0.0,
        "lr_milestone_1": 30,
        "lr_milestone_2": 40,
        "mode": {
            "loss_type": "fy",
            "nb_samples": 1,
            "objective_type": "normal",
            "perturb_w": false,
            "perturb_w_prime": false,
            "temperature": 0.2,
            "type": 5,
            "use_gamma": false,
            "use_marginal": true
        },
        "model_params": {
            "arch_params": {},
            "model_name": "CombResnet18"
        },
        "neighbourhood_fn": "8-grid",
        "optimizer_name": "Adam",
        "optimizer_params": {
            "lr": 0.0005
        },
        "preload_batch": true,
        "use_cuda": true,
        "use_lr_scheduling": true
    },
    "use_ray": false
}
MAP-BACKPROP MODE: {
    "loss_type": "fy",
    "nb_samples": 1,
    "objective_type": "normal",
    "perturb_w": false,
    "perturb_w_prime": false,
    "temperature": 0.2,
    "type": 5,
    "use_gamma": false,
    "use_marginal": true
}
True
META: {'input_image_size': 192, 'output_features': 576, 'num_channels': 3, 'denormalize': <maprop.decorators.input_to_numpy object at 0x2ade0eba1f28>}
EVALUATING
{'loss': 252.7570007324219, 'accuracy': 0.9256007146835327, 'perfect_match_accuracy': 0.005, 'cost_ratio_suggested_true': 2.8464834785461424, 'below_10.0_percent_acc': 0.064, 'below_1.0_percent_acc': 0.013, 'below_0.1_percent_acc': 0.011, 'below_0.01_percent_acc': 0.011, 'below_0.001_percent_acc': 0.011, 'below_0.0001_percent_acc': 0.011, 'valid_acc': 1.0}
Epoch: 1	Batch time (2.382900)	Data time (0.035335)	Cuda time (0.000001)	Loss (248.313501)	Accuracy (0.917948)
EVALUATING
{'loss': 249.09099853515625, 'accuracy': 0.9198454988002777, 'perfect_match_accuracy': 0.001, 'cost_ratio_suggested_true': 2.946686747074127, 'below_10.0_percent_acc': 0.131, 'below_1.0_percent_acc': 0.009, 'below_0.1_percent_acc': 0.006, 'below_0.01_percent_acc': 0.005, 'below_0.001_percent_acc': 0.004, 'below_0.0001_percent_acc': 0.004, 'valid_acc': 1.0}
Epoch: 2	Batch time (2.428793)	Data time (0.038677)	Cuda time (0.000001)	Loss (248.922301)	Accuracy (0.919042)
EVALUATING
{'loss': 252.38099884033204, 'accuracy': 0.9263889014720916, 'perfect_match_accuracy': 0.002, 'cost_ratio_suggested_true': 2.3227302646636963, 'below_10.0_percent_acc': 0.179, 'below_1.0_percent_acc': 0.027, 'below_0.1_percent_acc': 0.02, 'below_0.01_percent_acc': 0.019, 'below_0.001_percent_acc': 0.017, 'below_0.0001_percent_acc': 0.017, 'valid_acc': 1.0}
Epoch: 3	Batch time (2.403493)	Data time (0.038931)	Cuda time (0.000001)	Loss (250.304001)	Accuracy (0.920806)
EVALUATING
{'loss': 251.042001953125, 'accuracy': 0.924578138589859, 'perfect_match_accuracy': 0.003, 'cost_ratio_suggested_true': 2.3314200019836426, 'below_10.0_percent_acc': 0.143, 'below_1.0_percent_acc': 0.012, 'below_0.1_percent_acc': 0.009, 'below_0.01_percent_acc': 0.008, 'below_0.001_percent_acc': 0.007, 'below_0.0001_percent_acc': 0.007, 'valid_acc': 1.0}
Epoch: 4	Batch time (2.412793)	Data time (0.038826)	Cuda time (0.000001)	Loss (248.743002)	Accuracy (0.919297)
EVALUATING
{'loss': 248.18500137329102, 'accuracy': 0.9209635543823242, 'perfect_match_accuracy': 0.0, 'cost_ratio_suggested_true': 1.926058872938156, 'below_10.0_percent_acc': 0.237, 'below_1.0_percent_acc': 0.019, 'below_0.1_percent_acc': 0.01, 'below_0.01_percent_acc': 0.01, 'below_0.001_percent_acc': 0.009, 'below_0.0001_percent_acc': 0.009, 'valid_acc': 1.0}
Epoch: 5	Batch time (2.428039)	Data time (0.038641)	Cuda time (0.000001)	Loss (248.046102)	Accuracy (0.919153)
EVALUATING
{'loss': 249.21100036621092, 'accuracy': 0.9222812587022782, 'perfect_match_accuracy': 0.0, 'cost_ratio_suggested_true': 2.5299365735054016, 'below_10.0_percent_acc': 0.124, 'below_1.0_percent_acc': 0.008, 'below_0.1_percent_acc': 0.003, 'below_0.01_percent_acc': 0.003, 'below_0.001_percent_acc': 0.003, 'below_0.0001_percent_acc': 0.003, 'valid_acc': 1.0}
Epoch: 6	Batch time (2.408819)	Data time (0.038430)	Cuda time (0.000001)	Loss (249.286601)	Accuracy (0.918319)
EVALUATING
{'loss': 247.87900039672851, 'accuracy': 0.916203134059906, 'perfect_match_accuracy': 0.001, 'cost_ratio_suggested_true': 3.3288638973236084, 'below_10.0_percent_acc': 0.051, 'below_1.0_percent_acc': 0.005, 'below_0.1_percent_acc': 0.003, 'below_0.01_percent_acc': 0.003, 'below_0.001_percent_acc': 0.003, 'below_0.0001_percent_acc': 0.003, 'valid_acc': 1.0}
Epoch: 7	Batch time (2.407776)	Data time (0.038408)	Cuda time (0.000001)	Loss (247.109502)	Accuracy (0.914323)
EVALUATING
{'loss': 249.57400268554687, 'accuracy': 0.9167135560512543, 'perfect_match_accuracy': 0.002, 'cost_ratio_suggested_true': 2.9801665568351745, 'below_10.0_percent_acc': 0.105, 'below_1.0_percent_acc': 0.01, 'below_0.1_percent_acc': 0.005, 'below_0.01_percent_acc': 0.005, 'below_0.001_percent_acc': 0.005, 'below_0.0001_percent_acc': 0.005, 'valid_acc': 1.0}
Epoch: 8	Batch time (2.384296)	Data time (0.038146)	Cuda time (0.000001)	Loss (247.882402)	Accuracy (0.915505)
EVALUATING
{'loss': 250.91000030517577, 'accuracy': 0.9226371651887894, 'perfect_match_accuracy': 0.004, 'cost_ratio_suggested_true': 3.367469239234924, 'below_10.0_percent_acc': 0.065, 'below_1.0_percent_acc': 0.012, 'below_0.1_percent_acc': 0.009, 'below_0.01_percent_acc': 0.008, 'below_0.001_percent_acc': 0.008, 'below_0.0001_percent_acc': 0.008, 'valid_acc': 1.0}
Epoch: 9	Batch time (2.381266)	Data time (0.038446)	Cuda time (0.000001)	Loss (249.339202)	Accuracy (0.918105)
EVALUATING
{'loss': 250.27400100708007, 'accuracy': 0.9223159915208816, 'perfect_match_accuracy': 0.003, 'cost_ratio_suggested_true': 3.3287670040130615, 'below_10.0_percent_acc': 0.036, 'below_1.0_percent_acc': 0.004, 'below_0.1_percent_acc': 0.003, 'below_0.01_percent_acc': 0.003, 'below_0.001_percent_acc': 0.003, 'below_0.0001_percent_acc': 0.003, 'valid_acc': 1.0}
Epoch: 10	Batch time (2.378019)	Data time (0.038081)	Cuda time (0.000001)	Loss (250.805502)	Accuracy (0.921130)
EVALUATING
{'loss': 250.23300048828125, 'accuracy': 0.9239722263813018, 'perfect_match_accuracy': 0.004, 'cost_ratio_suggested_true': 2.691327517032623, 'below_10.0_percent_acc': 0.113, 'below_1.0_percent_acc': 0.013, 'below_0.1_percent_acc': 0.009, 'below_0.01_percent_acc': 0.009, 'below_0.001_percent_acc': 0.009, 'below_0.0001_percent_acc': 0.009, 'valid_acc': 1.0}
Epoch: 11	Batch time (2.397414)	Data time (0.038498)	Cuda time (0.000001)	Loss (248.150701)	Accuracy (0.918577)
EVALUATING
{'loss': 249.83900299072266, 'accuracy': 0.9206041771173478, 'perfect_match_accuracy': 0.001, 'cost_ratio_suggested_true': 1.9227680838108063, 'below_10.0_percent_acc': 0.216, 'below_1.0_percent_acc': 0.011, 'below_0.1_percent_acc': 0.006, 'below_0.01_percent_acc': 0.006, 'below_0.001_percent_acc': 0.006, 'below_0.0001_percent_acc': 0.006, 'valid_acc': 1.0}
Epoch: 12	Batch time (2.424466)	Data time (0.038523)	Cuda time (0.000001)	Loss (245.886402)	Accuracy (0.912578)
EVALUATING
{'loss': 247.49700241088868, 'accuracy': 0.9157118147611618, 'perfect_match_accuracy': 0.0, 'cost_ratio_suggested_true': 2.9199660420417786, 'below_10.0_percent_acc': 0.077, 'below_1.0_percent_acc': 0.005, 'below_0.1_percent_acc': 0.003, 'below_0.01_percent_acc': 0.003, 'below_0.001_percent_acc': 0.003, 'below_0.0001_percent_acc': 0.003, 'valid_acc': 1.0}
Epoch: 13	Batch time (2.465839)	Data time (0.038804)	Cuda time (0.000001)	Loss (248.098501)	Accuracy (0.916332)
EVALUATING
{'loss': 251.45000122070311, 'accuracy': 0.925824665427208, 'perfect_match_accuracy': 0.004, 'cost_ratio_suggested_true': 2.6934182906150816, 'below_10.0_percent_acc': 0.115, 'below_1.0_percent_acc': 0.013, 'below_0.1_percent_acc': 0.009, 'below_0.01_percent_acc': 0.009, 'below_0.001_percent_acc': 0.009, 'below_0.0001_percent_acc': 0.009, 'valid_acc': 1.0}
Epoch: 14	Batch time (4.685636)	Data time (0.062844)	Cuda time (0.000002)	Loss (249.862401)	Accuracy (0.920317)
EVALUATING
{'loss': 252.38000015258788, 'accuracy': 0.924873270392418, 'perfect_match_accuracy': 0.003, 'cost_ratio_suggested_true': 3.0368353080749513, 'below_10.0_percent_acc': 0.055, 'below_1.0_percent_acc': 0.014, 'below_0.1_percent_acc': 0.009, 'below_0.01_percent_acc': 0.009, 'below_0.001_percent_acc': 0.009, 'below_0.0001_percent_acc': 0.009, 'valid_acc': 1.0}
Epoch: 15	Batch time (3.079395)	Data time (0.049182)	Cuda time (0.000002)	Loss (249.425101)	Accuracy (0.920677)
EVALUATING
{'loss': 252.25700088500977, 'accuracy': 0.9242899429798126, 'perfect_match_accuracy': 0.001, 'cost_ratio_suggested_true': 2.4368763875961306, 'below_10.0_percent_acc': 0.148, 'below_1.0_percent_acc': 0.025, 'below_0.1_percent_acc': 0.016, 'below_0.01_percent_acc': 0.016, 'below_0.001_percent_acc': 0.016, 'below_0.0001_percent_acc': 0.016, 'valid_acc': 1.0}
Epoch: 16	Batch time (4.085357)	Data time (0.053777)	Cuda time (0.000001)	Loss (245.150100)	Accuracy (0.906761)
EVALUATING
{'loss': 246.30600143432616, 'accuracy': 0.911491329073906, 'perfect_match_accuracy': 0.0, 'cost_ratio_suggested_true': 2.0736797499656676, 'below_10.0_percent_acc': 0.144, 'below_1.0_percent_acc': 0.006, 'below_0.1_percent_acc': 0.004, 'below_0.01_percent_acc': 0.004, 'below_0.001_percent_acc': 0.004, 'below_0.0001_percent_acc': 0.004, 'valid_acc': 1.0}
Epoch: 17	Batch time (5.115677)	Data time (0.083706)	Cuda time (0.000001)	Loss (237.079101)	Accuracy (0.886940)
EVALUATING
{'loss': 245.4179997253418, 'accuracy': 0.9168003648519516, 'perfect_match_accuracy': 0.0, 'cost_ratio_suggested_true': 1.6475905907154083, 'below_10.0_percent_acc': 0.21, 'below_1.0_percent_acc': 0.006, 'below_0.1_percent_acc': 0.003, 'below_0.01_percent_acc': 0.003, 'below_0.001_percent_acc': 0.003, 'below_0.0001_percent_acc': 0.003, 'valid_acc': 1.0}
Epoch: 18	Batch time (5.193589)	Data time (0.082748)	Cuda time (0.000002)	Loss (233.391501)	Accuracy (0.874730)
EVALUATING
{'loss': 246.0750018310547, 'accuracy': 0.9191024500131607, 'perfect_match_accuracy': 0.0, 'cost_ratio_suggested_true': 1.5230342864990234, 'below_10.0_percent_acc': 0.358, 'below_1.0_percent_acc': 0.02, 'below_0.1_percent_acc': 0.013, 'below_0.01_percent_acc': 0.013, 'below_0.001_percent_acc': 0.012, 'below_0.0001_percent_acc': 0.012, 'valid_acc': 1.0}
Epoch: 19	Batch time (5.456261)	Data time (0.086014)	Cuda time (0.000002)	Loss (222.200802)	Accuracy (0.841813)
EVALUATING
{'loss': 247.65100128173827, 'accuracy': 0.9159861266613006, 'perfect_match_accuracy': 0.0, 'cost_ratio_suggested_true': 1.6580893969535828, 'below_10.0_percent_acc': 0.265, 'below_1.0_percent_acc': 0.009, 'below_0.1_percent_acc': 0.004, 'below_0.01_percent_acc': 0.004, 'below_0.001_percent_acc': 0.004, 'below_0.0001_percent_acc': 0.004, 'valid_acc': 1.0}
Epoch: 20	Batch time (5.131975)	Data time (0.082917)	Cuda time (0.000002)	Loss (220.702501)	Accuracy (0.833955)
EVALUATING
{'loss': 243.34100326538086, 'accuracy': 0.9097621577978134, 'perfect_match_accuracy': 0.0, 'cost_ratio_suggested_true': 2.1696053385734557, 'below_10.0_percent_acc': 0.105, 'below_1.0_percent_acc': 0.002, 'below_0.1_percent_acc': 0.001, 'below_0.01_percent_acc': 0.001, 'below_0.001_percent_acc': 0.001, 'below_0.0001_percent_acc': 0.001, 'valid_acc': 1.0}
Epoch: 21	Batch time (3.546636)	Data time (0.055664)	Cuda time (0.000001)	Loss (221.959701)	Accuracy (0.839500)
EVALUATING
{'loss': 245.9460011291504, 'accuracy': 0.9111423832178116, 'perfect_match_accuracy': 0.0, 'cost_ratio_suggested_true': 2.2954854941368104, 'below_10.0_percent_acc': 0.092, 'below_1.0_percent_acc': 0.007, 'below_0.1_percent_acc': 0.005, 'below_0.01_percent_acc': 0.005, 'below_0.001_percent_acc': 0.005, 'below_0.0001_percent_acc': 0.005, 'valid_acc': 1.0}
Epoch: 22	Batch time (3.819812)	Data time (0.046094)	Cuda time (0.000001)	Loss (220.348002)	Accuracy (0.832996)
EVALUATING
{'loss': 246.0820018005371, 'accuracy': 0.9139114737510681, 'perfect_match_accuracy': 0.0, 'cost_ratio_suggested_true': 2.141731911897659, 'below_10.0_percent_acc': 0.105, 'below_1.0_percent_acc': 0.0, 'below_0.1_percent_acc': 0.0, 'below_0.01_percent_acc': 0.0, 'below_0.001_percent_acc': 0.0, 'below_0.0001_percent_acc': 0.0, 'valid_acc': 1.0}
Epoch: 23	Batch time (5.107564)	Data time (0.055825)	Cuda time (0.000002)	Loss (216.056002)	Accuracy (0.819372)
EVALUATING
{'loss': 246.45300033569336, 'accuracy': 0.9139288252592087, 'perfect_match_accuracy': 0.0, 'cost_ratio_suggested_true': 1.6111269807815551, 'below_10.0_percent_acc': 0.17, 'below_1.0_percent_acc': 0.0, 'below_0.1_percent_acc': 0.0, 'below_0.01_percent_acc': 0.0, 'below_0.001_percent_acc': 0.0, 'below_0.0001_percent_acc': 0.0, 'valid_acc': 1.0}
Epoch: 24	Batch time (3.283682)	Data time (0.047780)	Cuda time (0.000001)	Loss (218.115002)	Accuracy (0.824659)
EVALUATING
{'loss': 243.5990005493164, 'accuracy': 0.9157517486810685, 'perfect_match_accuracy': 0.0, 'cost_ratio_suggested_true': 1.6272399878501893, 'below_10.0_percent_acc': 0.166, 'below_1.0_percent_acc': 0.001, 'below_0.1_percent_acc': 0.0, 'below_0.01_percent_acc': 0.0, 'below_0.001_percent_acc': 0.0, 'below_0.0001_percent_acc': 0.0, 'valid_acc': 1.0}
Epoch: 25	Batch time (3.275694)	Data time (0.052788)	Cuda time (0.000001)	Loss (220.445601)	Accuracy (0.833621)
EVALUATING
{'loss': 246.8609994506836, 'accuracy': 0.9148246693611145, 'perfect_match_accuracy': 0.0, 'cost_ratio_suggested_true': 1.5838708400726318, 'below_10.0_percent_acc': 0.181, 'below_1.0_percent_acc': 0.0, 'below_0.1_percent_acc': 0.0, 'below_0.01_percent_acc': 0.0, 'below_0.001_percent_acc': 0.0, 'below_0.0001_percent_acc': 0.0, 'valid_acc': 1.0}
Epoch: 26	Batch time (3.297281)	Data time (0.049422)	Cuda time (0.000001)	Loss (218.823201)	Accuracy (0.826985)
EVALUATING
{'loss': 249.52000244140626, 'accuracy': 0.9174531370401382, 'perfect_match_accuracy': 0.0, 'cost_ratio_suggested_true': 1.7090638172626496, 'below_10.0_percent_acc': 0.19, 'below_1.0_percent_acc': 0.006, 'below_0.1_percent_acc': 0.004, 'below_0.01_percent_acc': 0.004, 'below_0.001_percent_acc': 0.004, 'below_0.0001_percent_acc': 0.004, 'valid_acc': 1.0}
Epoch: 27	Batch time (3.206366)	Data time (0.049410)	Cuda time (0.000001)	Loss (223.637902)	Accuracy (0.841737)
EVALUATING
{'loss': 245.85700256347656, 'accuracy': 0.9148489743471145, 'perfect_match_accuracy': 0.0, 'cost_ratio_suggested_true': 2.121958791017532, 'below_10.0_percent_acc': 0.098, 'below_1.0_percent_acc': 0.003, 'below_0.1_percent_acc': 0.003, 'below_0.01_percent_acc': 0.003, 'below_0.001_percent_acc': 0.003, 'below_0.0001_percent_acc': 0.003, 'valid_acc': 1.0}
Epoch: 28	Batch time (2.865849)	Data time (0.049365)	Cuda time (0.000001)	Loss (220.271802)	Accuracy (0.833227)
EVALUATING
{'loss': 248.55900314331055, 'accuracy': 0.9178055661916733, 'perfect_match_accuracy': 0.0, 'cost_ratio_suggested_true': 1.625411660671234, 'below_10.0_percent_acc': 0.215, 'below_1.0_percent_acc': 0.004, 'below_0.1_percent_acc': 0.002, 'below_0.01_percent_acc': 0.002, 'below_0.001_percent_acc': 0.002, 'below_0.0001_percent_acc': 0.002, 'valid_acc': 1.0}
Epoch: 29	Batch time (2.707356)	Data time (0.043867)	Cuda time (0.000001)	Loss (225.427502)	Accuracy (0.848813)
EVALUATING
{'loss': 246.19600189208984, 'accuracy': 0.9148871618509292, 'perfect_match_accuracy': 0.0, 'cost_ratio_suggested_true': 1.5895678532123565, 'below_10.0_percent_acc': 0.187, 'below_1.0_percent_acc': 0.004, 'below_0.1_percent_acc': 0.004, 'below_0.01_percent_acc': 0.004, 'below_0.001_percent_acc': 0.003, 'below_0.0001_percent_acc': 0.003, 'valid_acc': 1.0}
Epoch: 30	Batch time (2.769036)	Data time (0.039851)	Cuda time (0.000001)	Loss (221.696501)	Accuracy (0.837744)
EVALUATING
{'loss': 247.84800216674805, 'accuracy': 0.9212951529026031, 'perfect_match_accuracy': 0.0, 'cost_ratio_suggested_true': 1.574870718717575, 'below_10.0_percent_acc': 0.214, 'below_1.0_percent_acc': 0.002, 'below_0.1_percent_acc': 0.0, 'below_0.01_percent_acc': 0.0, 'below_0.001_percent_acc': 0.0, 'below_0.0001_percent_acc': 0.0, 'valid_acc': 1.0}
Epoch: 31	Batch time (2.780118)	Data time (0.039133)	Cuda time (0.000001)	Loss (215.196201)	Accuracy (0.816143)
EVALUATING
{'loss': 245.46400161743165, 'accuracy': 0.9214253526926041, 'perfect_match_accuracy': 0.0, 'cost_ratio_suggested_true': 1.5959253895282746, 'below_10.0_percent_acc': 0.193, 'below_1.0_percent_acc': 0.004, 'below_0.1_percent_acc': 0.002, 'below_0.01_percent_acc': 0.002, 'below_0.001_percent_acc': 0.002, 'below_0.0001_percent_acc': 0.002, 'valid_acc': 1.0}
Epoch: 32	Batch time (2.777271)	Data time (0.040223)	Cuda time (0.000001)	Loss (214.461502)	Accuracy (0.814247)
EVALUATING
{'loss': 249.00100326538086, 'accuracy': 0.9216840386390686, 'perfect_match_accuracy': 0.0, 'cost_ratio_suggested_true': 1.592588450908661, 'below_10.0_percent_acc': 0.194, 'below_1.0_percent_acc': 0.003, 'below_0.1_percent_acc': 0.002, 'below_0.01_percent_acc': 0.002, 'below_0.001_percent_acc': 0.002, 'below_0.0001_percent_acc': 0.002, 'valid_acc': 1.0}
Epoch: 33	Batch time (2.764792)	Data time (0.039695)	Cuda time (0.000001)	Loss (214.029101)	Accuracy (0.812412)
EVALUATING
{'loss': 247.54400390625, 'accuracy': 0.9224149417877198, 'perfect_match_accuracy': 0.0, 'cost_ratio_suggested_true': 1.5732884836196899, 'below_10.0_percent_acc': 0.202, 'below_1.0_percent_acc': 0.003, 'below_0.1_percent_acc': 0.002, 'below_0.01_percent_acc': 0.002, 'below_0.001_percent_acc': 0.002, 'below_0.0001_percent_acc': 0.002, 'valid_acc': 1.0}
Epoch: 34	Batch time (2.796733)	Data time (0.040625)	Cuda time (0.000001)	Loss (213.470702)	Accuracy (0.811841)
EVALUATING
{'loss': 248.06700057983397, 'accuracy': 0.9231805610656738, 'perfect_match_accuracy': 0.0, 'cost_ratio_suggested_true': 1.5627075505256653, 'below_10.0_percent_acc': 0.209, 'below_1.0_percent_acc': 0.005, 'below_0.1_percent_acc': 0.004, 'below_0.01_percent_acc': 0.004, 'below_0.001_percent_acc': 0.004, 'below_0.0001_percent_acc': 0.004, 'valid_acc': 1.0}
Epoch: 35	Batch time (2.777519)	Data time (0.039841)	Cuda time (0.000001)	Loss (214.217702)	Accuracy (0.812455)
EVALUATING
{'loss': 248.88400070190428, 'accuracy': 0.928196198940277, 'perfect_match_accuracy': 0.001, 'cost_ratio_suggested_true': 1.5281721997261046, 'below_10.0_percent_acc': 0.242, 'below_1.0_percent_acc': 0.006, 'below_0.1_percent_acc': 0.004, 'below_0.01_percent_acc': 0.004, 'below_0.001_percent_acc': 0.003, 'below_0.0001_percent_acc': 0.003, 'valid_acc': 1.0}
Epoch: 36	Batch time (2.783350)	Data time (0.039798)	Cuda time (0.000001)	Loss (213.865601)	Accuracy (0.812131)
EVALUATING
{'loss': 245.76500259399415, 'accuracy': 0.924407998919487, 'perfect_match_accuracy': 0.0, 'cost_ratio_suggested_true': 1.5675601363182068, 'below_10.0_percent_acc': 0.201, 'below_1.0_percent_acc': 0.004, 'below_0.1_percent_acc': 0.004, 'below_0.01_percent_acc': 0.004, 'below_0.001_percent_acc': 0.004, 'below_0.0001_percent_acc': 0.004, 'valid_acc': 1.0}
Epoch: 37	Batch time (2.796229)	Data time (0.047354)	Cuda time (0.000001)	Loss (213.850902)	Accuracy (0.811397)
EVALUATING
{'loss': 249.92400131225585, 'accuracy': 0.9249895918369293, 'perfect_match_accuracy': 0.0, 'cost_ratio_suggested_true': 1.5645535051822663, 'below_10.0_percent_acc': 0.209, 'below_1.0_percent_acc': 0.002, 'below_0.1_percent_acc': 0.002, 'below_0.01_percent_acc': 0.002, 'below_0.001_percent_acc': 0.002, 'below_0.0001_percent_acc': 0.002, 'valid_acc': 1.0}
Epoch: 38	Batch time (2.774483)	Data time (0.042768)	Cuda time (0.000001)	Loss (212.929802)	Accuracy (0.810952)
EVALUATING
{'loss': 249.69200057983397, 'accuracy': 0.9269930750131607, 'perfect_match_accuracy': 0.001, 'cost_ratio_suggested_true': 1.5704194712638855, 'below_10.0_percent_acc': 0.224, 'below_1.0_percent_acc': 0.006, 'below_0.1_percent_acc': 0.004, 'below_0.01_percent_acc': 0.004, 'below_0.001_percent_acc': 0.004, 'below_0.0001_percent_acc': 0.004, 'valid_acc': 1.0}
Epoch: 39	Batch time (2.748243)	Data time (0.047146)	Cuda time (0.000001)	Loss (213.212801)	Accuracy (0.810931)
EVALUATING
{'loss': 249.26299896240235, 'accuracy': 0.9249114680290222, 'perfect_match_accuracy': 0.0, 'cost_ratio_suggested_true': 1.5890628898143768, 'below_10.0_percent_acc': 0.194, 'below_1.0_percent_acc': 0.002, 'below_0.1_percent_acc': 0.002, 'below_0.01_percent_acc': 0.002, 'below_0.001_percent_acc': 0.002, 'below_0.0001_percent_acc': 0.002, 'valid_acc': 1.0}
Epoch: 40	Batch time (2.713672)	Data time (0.040415)	Cuda time (0.000001)	Loss (213.541101)	Accuracy (0.811962)
EVALUATING
{'loss': 246.90400177001953, 'accuracy': 0.9238142442703247, 'perfect_match_accuracy': 0.0, 'cost_ratio_suggested_true': 1.596965056657791, 'below_10.0_percent_acc': 0.189, 'below_1.0_percent_acc': 0.005, 'below_0.1_percent_acc': 0.004, 'below_0.01_percent_acc': 0.004, 'below_0.001_percent_acc': 0.004, 'below_0.0001_percent_acc': 0.004, 'valid_acc': 1.0}
Epoch: 41	Batch time (2.695407)	Data time (0.038822)	Cuda time (0.000001)	Loss (213.140601)	Accuracy (0.811605)
EVALUATING
{'loss': 247.20000045776368, 'accuracy': 0.9227743154764175, 'perfect_match_accuracy': 0.0, 'cost_ratio_suggested_true': 1.604541403055191, 'below_10.0_percent_acc': 0.193, 'below_1.0_percent_acc': 0.003, 'below_0.1_percent_acc': 0.002, 'below_0.01_percent_acc': 0.002, 'below_0.001_percent_acc': 0.002, 'below_0.0001_percent_acc': 0.002, 'valid_acc': 1.0}
Epoch: 42	Batch time (2.691736)	Data time (0.038506)	Cuda time (0.000001)	Loss (212.937301)	Accuracy (0.810879)
EVALUATING
{'loss': 245.7979997253418, 'accuracy': 0.9229010581970215, 'perfect_match_accuracy': 0.0, 'cost_ratio_suggested_true': 1.6025081014633178, 'below_10.0_percent_acc': 0.189, 'below_1.0_percent_acc': 0.003, 'below_0.1_percent_acc': 0.002, 'below_0.01_percent_acc': 0.002, 'below_0.001_percent_acc': 0.002, 'below_0.0001_percent_acc': 0.002, 'valid_acc': 1.0}
Epoch: 43	Batch time (2.715695)	Data time (0.038652)	Cuda time (0.000001)	Loss (213.757102)	Accuracy (0.812109)
EVALUATING
{'loss': 249.91500061035157, 'accuracy': 0.9221632063388825, 'perfect_match_accuracy': 0.0, 'cost_ratio_suggested_true': 1.614340695142746, 'below_10.0_percent_acc': 0.188, 'below_1.0_percent_acc': 0.003, 'below_0.1_percent_acc': 0.002, 'below_0.01_percent_acc': 0.002, 'below_0.001_percent_acc': 0.002, 'below_0.0001_percent_acc': 0.002, 'valid_acc': 1.0}
Epoch: 44	Batch time (2.712862)	Data time (0.038835)	Cuda time (0.000001)	Loss (213.380101)	Accuracy (0.812094)
EVALUATING
{'loss': 247.61700439453125, 'accuracy': 0.9236180686950684, 'perfect_match_accuracy': 0.0, 'cost_ratio_suggested_true': 1.5907158160209656, 'below_10.0_percent_acc': 0.194, 'below_1.0_percent_acc': 0.004, 'below_0.1_percent_acc': 0.003, 'below_0.01_percent_acc': 0.003, 'below_0.001_percent_acc': 0.003, 'below_0.0001_percent_acc': 0.003, 'valid_acc': 1.0}
Epoch: 45	Batch time (2.713804)	Data time (0.038512)	Cuda time (0.000001)	Loss (213.486402)	Accuracy (0.811271)
EVALUATING
{'loss': 247.41300201416016, 'accuracy': 0.9216527903079986, 'perfect_match_accuracy': 0.0, 'cost_ratio_suggested_true': 1.6141417634487152, 'below_10.0_percent_acc': 0.177, 'below_1.0_percent_acc': 0.003, 'below_0.1_percent_acc': 0.002, 'below_0.01_percent_acc': 0.002, 'below_0.001_percent_acc': 0.002, 'below_0.0001_percent_acc': 0.002, 'valid_acc': 1.0}
Epoch: 46	Batch time (2.712998)	Data time (0.038875)	Cuda time (0.000001)	Loss (213.567002)	Accuracy (0.811603)
EVALUATING
{'loss': 250.3510012817383, 'accuracy': 0.9234583508968354, 'perfect_match_accuracy': 0.0, 'cost_ratio_suggested_true': 1.5920060932636262, 'below_10.0_percent_acc': 0.191, 'below_1.0_percent_acc': 0.004, 'below_0.1_percent_acc': 0.003, 'below_0.01_percent_acc': 0.003, 'below_0.001_percent_acc': 0.003, 'below_0.0001_percent_acc': 0.003, 'valid_acc': 1.0}
Epoch: 47	Batch time (2.704803)	Data time (0.038663)	Cuda time (0.000001)	Loss (213.485702)	Accuracy (0.811314)
EVALUATING
{'loss': 248.30900115966796, 'accuracy': 0.9223263961076736, 'perfect_match_accuracy': 0.0, 'cost_ratio_suggested_true': 1.604389123916626, 'below_10.0_percent_acc': 0.188, 'below_1.0_percent_acc': 0.003, 'below_0.1_percent_acc': 0.002, 'below_0.01_percent_acc': 0.002, 'below_0.001_percent_acc': 0.002, 'below_0.0001_percent_acc': 0.002, 'valid_acc': 1.0}
Epoch: 48	Batch time (2.707091)	Data time (0.038655)	Cuda time (0.000001)	Loss (213.475201)	Accuracy (0.811251)
EVALUATING
{'loss': 247.98800003051758, 'accuracy': 0.9247361159324646, 'perfect_match_accuracy': 0.0, 'cost_ratio_suggested_true': 1.5798397612571717, 'below_10.0_percent_acc': 0.194, 'below_1.0_percent_acc': 0.004, 'below_0.1_percent_acc': 0.004, 'below_0.01_percent_acc': 0.004, 'below_0.001_percent_acc': 0.004, 'below_0.0001_percent_acc': 0.004, 'valid_acc': 1.0}
Epoch: 49	Batch time (2.714524)	Data time (0.038610)	Cuda time (0.000001)	Loss (213.643101)	Accuracy (0.811776)
EVALUATING
{'loss': 249.45399978637695, 'accuracy': 0.9246389073133469, 'perfect_match_accuracy': 0.0, 'cost_ratio_suggested_true': 1.5785206043720246, 'below_10.0_percent_acc': 0.192, 'below_1.0_percent_acc': 0.004, 'below_0.1_percent_acc': 0.004, 'below_0.01_percent_acc': 0.004, 'below_0.001_percent_acc': 0.004, 'below_0.0001_percent_acc': 0.004, 'valid_acc': 1.0}
Epoch: 50	Batch time (2.692857)	Data time (0.038868)	Cuda time (0.000001)	Loss (213.109001)	Accuracy (0.811432)
EVALUATING
{'loss': 247.7619985961914, 'accuracy': 0.9230295276641846, 'perfect_match_accuracy': 0.0, 'cost_ratio_suggested_true': 1.597062201499939, 'below_10.0_percent_acc': 0.19, 'below_1.0_percent_acc': 0.004, 'below_0.1_percent_acc': 0.003, 'below_0.01_percent_acc': 0.003, 'below_0.001_percent_acc': 0.003, 'below_0.0001_percent_acc': 0.003, 'valid_acc': 1.0}
