No existing entry for trainer_params.mode.type
{}[type] = <class 'int'>(5)
No existing entry for trainer_params.mode.objective_type
{'type': 5}[objective_type] = <class 'str'>(normal)
No existing entry for trainer_params.mode.use_marginal
{'type': 5, 'objective_type': 'normal'}[use_marginal] = <class 'bool'>(True)
No existing entry for trainer_params.mode.nb_samples
{'type': 5, 'objective_type': 'normal', 'use_marginal': True}[nb_samples] = <class 'int'>(1)
No existing entry for trainer_params.mode.temperature
{'type': 5, 'objective_type': 'normal', 'use_marginal': True, 'nb_samples': 1}[temperature] = <class 'float'>(1.0)
No existing entry for trainer_params.mode.use_gamma
{'type': 5, 'objective_type': 'normal', 'use_marginal': True, 'nb_samples': 1, 'temperature': 1.0}[use_gamma] = <class 'bool'>(False)
No existing entry for trainer_params.mode.loss_type
{'type': 5, 'objective_type': 'normal', 'use_marginal': True, 'nb_samples': 1, 'temperature': 1.0, 'use_gamma': False}[loss_type] = <class 'str'>(fy)
No existing entry for trainer_params.mode.perturb_w
{'type': 5, 'objective_type': 'normal', 'use_marginal': True, 'nb_samples': 1, 'temperature': 1.0, 'use_gamma': False, 'loss_type': 'fy'}[perturb_w] = <class 'bool'>(False)
No existing entry for trainer_params.mode.perturb_w_prime
{'type': 5, 'objective_type': 'normal', 'use_marginal': True, 'nb_samples': 1, 'temperature': 1.0, 'use_gamma': False, 'loss_type': 'fy', 'perturb_w': False}[perturb_w_prime] = <class 'bool'>(False)
{'batch_size': 70, 'l1_regconst': 0.0, 'lambda_val': 20.0, 'lr_milestone_1': 30, 'lr_milestone_2': 40, 'model_params': {'arch_params': {}, 'model_name': 'CombResnet18'}, 'neighbourhood_fn': '8-grid', 'optimizer_name': 'Adam', 'optimizer_params': {'lr': 0.0005}, 'preload_batch': True, 'use_cuda': True, 'use_lr_scheduling': True, 'mode': {'type': 5, 'objective_type': 'normal', 'use_marginal': True, 'nb_samples': 1, 'temperature': 1.0, 'use_gamma': False, 'loss_type': 'fy', 'perturb_w': False, 'perturb_w_prime': False}}[lambda_val] = <class 'float'>(0.0)
{'data_dir': 'data/warcraft_shortest_path/12x12', 'evaluate_with_extra': False, 'normalize': True, 'use_local_path': False, 'use_test_set': True}[data_dir] = <class 'str'>(data/warcraft_shortest_path/18x18)
{'evaluate_every': 5, 'loader_params': {'data_dir': 'data/warcraft_shortest_path/18x18', 'evaluate_with_extra': False, 'normalize': True, 'use_local_path': False, 'use_test_set': True}, 'model_dir': 'results/warcraft_shortest_path_combresnet', 'num_cpus': 32, 'num_epochs': 50, 'problem_type': 'warcraft_shortest_path', 'ray_params': {}, 'save_visualizations': False, 'seed': 1, 'trainer_name': 'DijkstraMAP', 'trainer_params': {'batch_size': 70, 'l1_regconst': 0.0, 'lambda_val': 0.0, 'lr_milestone_1': 30, 'lr_milestone_2': 40, 'model_params': {'arch_params': {}, 'model_name': 'CombResnet18'}, 'neighbourhood_fn': '8-grid', 'optimizer_name': 'Adam', 'optimizer_params': {'lr': 0.0005}, 'preload_batch': True, 'use_cuda': True, 'use_lr_scheduling': True, 'mode': {'type': 5, 'objective_type': 'normal', 'use_marginal': True, 'nb_samples': 1, 'temperature': 1.0, 'use_gamma': False, 'loss_type': 'fy', 'perturb_w': False, 'perturb_w_prime': False}}, 'use_ray': True}[seed] = <class 'int'>(4)
{'evaluate_every': 5, 'loader_params': {'data_dir': 'data/warcraft_shortest_path/18x18', 'evaluate_with_extra': False, 'normalize': True, 'use_local_path': False, 'use_test_set': True}, 'model_dir': 'results/warcraft_shortest_path_combresnet', 'num_cpus': 32, 'num_epochs': 50, 'problem_type': 'warcraft_shortest_path', 'ray_params': {}, 'save_visualizations': False, 'seed': 4, 'trainer_name': 'DijkstraMAP', 'trainer_params': {'batch_size': 70, 'l1_regconst': 0.0, 'lambda_val': 0.0, 'lr_milestone_1': 30, 'lr_milestone_2': 40, 'model_params': {'arch_params': {}, 'model_name': 'CombResnet18'}, 'neighbourhood_fn': '8-grid', 'optimizer_name': 'Adam', 'optimizer_params': {'lr': 0.0005}, 'preload_batch': True, 'use_cuda': True, 'use_lr_scheduling': True, 'mode': {'type': 5, 'objective_type': 'normal', 'use_marginal': True, 'nb_samples': 1, 'temperature': 1.0, 'use_gamma': False, 'loss_type': 'fy', 'perturb_w': False, 'perturb_w_prime': False}}, 'use_ray': True}[evaluate_every] = <class 'int'>(1)
{'evaluate_every': 1, 'loader_params': {'data_dir': 'data/warcraft_shortest_path/18x18', 'evaluate_with_extra': False, 'normalize': True, 'use_local_path': False, 'use_test_set': True}, 'model_dir': 'results/warcraft_shortest_path_combresnet', 'num_cpus': 32, 'num_epochs': 50, 'problem_type': 'warcraft_shortest_path', 'ray_params': {}, 'save_visualizations': False, 'seed': 4, 'trainer_name': 'DijkstraMAP', 'trainer_params': {'batch_size': 70, 'l1_regconst': 0.0, 'lambda_val': 0.0, 'lr_milestone_1': 30, 'lr_milestone_2': 40, 'model_params': {'arch_params': {}, 'model_name': 'CombResnet18'}, 'neighbourhood_fn': '8-grid', 'optimizer_name': 'Adam', 'optimizer_params': {'lr': 0.0005}, 'preload_batch': True, 'use_cuda': True, 'use_lr_scheduling': True, 'mode': {'type': 5, 'objective_type': 'normal', 'use_marginal': True, 'nb_samples': 1, 'temperature': 1.0, 'use_gamma': False, 'loss_type': 'fy', 'perturb_w': False, 'perturb_w_prime': False}}, 'use_ray': True}[use_ray] = <class 'bool'>(False)
No existing entry for trainer_params.mode.type
{}[type] = <class 'int'>(5)
No existing entry for trainer_params.mode.objective_type
{'type': 5}[objective_type] = <class 'str'>(normal)
No existing entry for trainer_params.mode.use_marginal
{'type': 5, 'objective_type': 'normal'}[use_marginal] = <class 'bool'>(True)
No existing entry for trainer_params.mode.nb_samples
{'type': 5, 'objective_type': 'normal', 'use_marginal': True}[nb_samples] = <class 'int'>(1)
No existing entry for trainer_params.mode.temperature
{'type': 5, 'objective_type': 'normal', 'use_marginal': True, 'nb_samples': 1}[temperature] = <class 'float'>(1.0)
No existing entry for trainer_params.mode.use_gamma
{'type': 5, 'objective_type': 'normal', 'use_marginal': True, 'nb_samples': 1, 'temperature': 1.0}[use_gamma] = <class 'bool'>(False)
No existing entry for trainer_params.mode.loss_type
{'type': 5, 'objective_type': 'normal', 'use_marginal': True, 'nb_samples': 1, 'temperature': 1.0, 'use_gamma': False}[loss_type] = <class 'str'>(fy)
No existing entry for trainer_params.mode.perturb_w
{'type': 5, 'objective_type': 'normal', 'use_marginal': True, 'nb_samples': 1, 'temperature': 1.0, 'use_gamma': False, 'loss_type': 'fy'}[perturb_w] = <class 'bool'>(False)
No existing entry for trainer_params.mode.perturb_w_prime
{'type': 5, 'objective_type': 'normal', 'use_marginal': True, 'nb_samples': 1, 'temperature': 1.0, 'use_gamma': False, 'loss_type': 'fy', 'perturb_w': False}[perturb_w_prime] = <class 'bool'>(False)
{'batch_size': 70, 'l1_regconst': 0.0, 'lambda_val': 20.0, 'lr_milestone_1': 30, 'lr_milestone_2': 40, 'model_params': {'arch_params': {}, 'model_name': 'CombResnet18'}, 'neighbourhood_fn': '8-grid', 'optimizer_name': 'Adam', 'optimizer_params': {'lr': 0.0005}, 'preload_batch': True, 'use_cuda': True, 'use_lr_scheduling': True, 'mode': {'type': 5, 'objective_type': 'normal', 'use_marginal': True, 'nb_samples': 1, 'temperature': 1.0, 'use_gamma': False, 'loss_type': 'fy', 'perturb_w': False, 'perturb_w_prime': False}}[lambda_val] = <class 'float'>(0.0)
{'data_dir': 'data/warcraft_shortest_path/12x12', 'evaluate_with_extra': False, 'normalize': True, 'use_local_path': False, 'use_test_set': True}[data_dir] = <class 'str'>(data/warcraft_shortest_path/18x18)
{'evaluate_every': 5, 'loader_params': {'data_dir': 'data/warcraft_shortest_path/18x18', 'evaluate_with_extra': False, 'normalize': True, 'use_local_path': False, 'use_test_set': True}, 'model_dir': 'results/warcraft_shortest_path_combresnet', 'num_cpus': 32, 'num_epochs': 50, 'problem_type': 'warcraft_shortest_path', 'ray_params': {}, 'save_visualizations': False, 'seed': 1, 'trainer_name': 'DijkstraMAP', 'trainer_params': {'batch_size': 70, 'l1_regconst': 0.0, 'lambda_val': 0.0, 'lr_milestone_1': 30, 'lr_milestone_2': 40, 'model_params': {'arch_params': {}, 'model_name': 'CombResnet18'}, 'neighbourhood_fn': '8-grid', 'optimizer_name': 'Adam', 'optimizer_params': {'lr': 0.0005}, 'preload_batch': True, 'use_cuda': True, 'use_lr_scheduling': True, 'mode': {'type': 5, 'objective_type': 'normal', 'use_marginal': True, 'nb_samples': 1, 'temperature': 1.0, 'use_gamma': False, 'loss_type': 'fy', 'perturb_w': False, 'perturb_w_prime': False}}, 'use_ray': True}[seed] = <class 'int'>(4)
{'evaluate_every': 5, 'loader_params': {'data_dir': 'data/warcraft_shortest_path/18x18', 'evaluate_with_extra': False, 'normalize': True, 'use_local_path': False, 'use_test_set': True}, 'model_dir': 'results/warcraft_shortest_path_combresnet', 'num_cpus': 32, 'num_epochs': 50, 'problem_type': 'warcraft_shortest_path', 'ray_params': {}, 'save_visualizations': False, 'seed': 4, 'trainer_name': 'DijkstraMAP', 'trainer_params': {'batch_size': 70, 'l1_regconst': 0.0, 'lambda_val': 0.0, 'lr_milestone_1': 30, 'lr_milestone_2': 40, 'model_params': {'arch_params': {}, 'model_name': 'CombResnet18'}, 'neighbourhood_fn': '8-grid', 'optimizer_name': 'Adam', 'optimizer_params': {'lr': 0.0005}, 'preload_batch': True, 'use_cuda': True, 'use_lr_scheduling': True, 'mode': {'type': 5, 'objective_type': 'normal', 'use_marginal': True, 'nb_samples': 1, 'temperature': 1.0, 'use_gamma': False, 'loss_type': 'fy', 'perturb_w': False, 'perturb_w_prime': False}}, 'use_ray': True}[evaluate_every] = <class 'int'>(1)
{'evaluate_every': 1, 'loader_params': {'data_dir': 'data/warcraft_shortest_path/18x18', 'evaluate_with_extra': False, 'normalize': True, 'use_local_path': False, 'use_test_set': True}, 'model_dir': 'results/warcraft_shortest_path_combresnet', 'num_cpus': 32, 'num_epochs': 50, 'problem_type': 'warcraft_shortest_path', 'ray_params': {}, 'save_visualizations': False, 'seed': 4, 'trainer_name': 'DijkstraMAP', 'trainer_params': {'batch_size': 70, 'l1_regconst': 0.0, 'lambda_val': 0.0, 'lr_milestone_1': 30, 'lr_milestone_2': 40, 'model_params': {'arch_params': {}, 'model_name': 'CombResnet18'}, 'neighbourhood_fn': '8-grid', 'optimizer_name': 'Adam', 'optimizer_params': {'lr': 0.0005}, 'preload_batch': True, 'use_cuda': True, 'use_lr_scheduling': True, 'mode': {'type': 5, 'objective_type': 'normal', 'use_marginal': True, 'nb_samples': 1, 'temperature': 1.0, 'use_gamma': False, 'loss_type': 'fy', 'perturb_w': False, 'perturb_w_prime': False}}, 'use_ray': True}[use_ray] = <class 'bool'>(False)
{
    "evaluate_every": 1,
    "loader_params": {
        "data_dir": "data/warcraft_shortest_path/18x18",
        "evaluate_with_extra": false,
        "normalize": true,
        "use_local_path": false,
        "use_test_set": true
    },
    "model_dir": "results/warcraft_shortest_path_combresnet",
    "num_cpus": 32,
    "num_epochs": 50,
    "problem_type": "warcraft_shortest_path",
    "ray_params": {},
    "save_visualizations": false,
    "seed": 4,
    "trainer_name": "DijkstraMAP",
    "trainer_params": {
        "batch_size": 70,
        "l1_regconst": 0.0,
        "lambda_val": 0.0,
        "lr_milestone_1": 30,
        "lr_milestone_2": 40,
        "mode": {
            "loss_type": "fy",
            "nb_samples": 1,
            "objective_type": "normal",
            "perturb_w": false,
            "perturb_w_prime": false,
            "temperature": 1.0,
            "type": 5,
            "use_gamma": false,
            "use_marginal": true
        },
        "model_params": {
            "arch_params": {},
            "model_name": "CombResnet18"
        },
        "neighbourhood_fn": "8-grid",
        "optimizer_name": "Adam",
        "optimizer_params": {
            "lr": 0.0005
        },
        "preload_batch": true,
        "use_cuda": true,
        "use_lr_scheduling": true
    },
    "use_ray": false
}
MAP-BACKPROP MODE: {
    "loss_type": "fy",
    "nb_samples": 1,
    "objective_type": "normal",
    "perturb_w": false,
    "perturb_w_prime": false,
    "temperature": 1.0,
    "type": 5,
    "use_gamma": false,
    "use_marginal": true
}
True
META: {'input_image_size': 144, 'output_features': 324, 'num_channels': 3, 'denormalize': <maprop.decorators.input_to_numpy object at 0x2adc2b965f28>}
EVALUATING
{'loss': 129.33200187683104, 'accuracy': 0.9076728332042694, 'perfect_match_accuracy': 0.008, 'cost_ratio_suggested_true': 2.7191303300857546, 'below_10.0_percent_acc': 0.072, 'below_1.0_percent_acc': 0.016, 'below_0.1_percent_acc': 0.013, 'below_0.01_percent_acc': 0.013, 'below_0.001_percent_acc': 0.011, 'below_0.0001_percent_acc': 0.011, 'valid_acc': 1.0}
Epoch: 1	Batch time (1.630060)	Data time (0.020729)	Cuda time (0.000003)	Loss (128.598401)	Accuracy (0.886491)
EVALUATING
{'loss': 130.00000114440917, 'accuracy': 0.9138086396455765, 'perfect_match_accuracy': 0.008, 'cost_ratio_suggested_true': 2.1229065299034118, 'below_10.0_percent_acc': 0.244, 'below_1.0_percent_acc': 0.064, 'below_0.1_percent_acc': 0.048, 'below_0.01_percent_acc': 0.048, 'below_0.001_percent_acc': 0.044, 'below_0.0001_percent_acc': 0.044, 'valid_acc': 1.0}
Epoch: 2	Batch time (1.650940)	Data time (0.020628)	Cuda time (0.000002)	Loss (127.970600)	Accuracy (0.883720)
EVALUATING
{'loss': 129.23599975585938, 'accuracy': 0.9223610985279084, 'perfect_match_accuracy': 0.002, 'cost_ratio_suggested_true': 1.3745849537849426, 'below_10.0_percent_acc': 0.506, 'below_1.0_percent_acc': 0.042, 'below_0.1_percent_acc': 0.029, 'below_0.01_percent_acc': 0.029, 'below_0.001_percent_acc': 0.026, 'below_0.0001_percent_acc': 0.026, 'valid_acc': 1.0}
Epoch: 3	Batch time (1.642603)	Data time (0.021031)	Cuda time (0.000002)	Loss (128.224101)	Accuracy (0.887598)
EVALUATING
{'loss': 129.56399925231935, 'accuracy': 0.9079907363653184, 'perfect_match_accuracy': 0.0, 'cost_ratio_suggested_true': 1.5896251714229583, 'below_10.0_percent_acc': 0.289, 'below_1.0_percent_acc': 0.014, 'below_0.1_percent_acc': 0.009, 'below_0.01_percent_acc': 0.009, 'below_0.001_percent_acc': 0.008, 'below_0.0001_percent_acc': 0.008, 'valid_acc': 1.0}
Epoch: 4	Batch time (1.646035)	Data time (0.020588)	Cuda time (0.000003)	Loss (128.488800)	Accuracy (0.884195)
EVALUATING
{'loss': 129.64000076293945, 'accuracy': 0.9176296108961105, 'perfect_match_accuracy': 0.008, 'cost_ratio_suggested_true': 1.680777838230133, 'below_10.0_percent_acc': 0.317, 'below_1.0_percent_acc': 0.056, 'below_0.1_percent_acc': 0.042, 'below_0.01_percent_acc': 0.042, 'below_0.001_percent_acc': 0.041, 'below_0.0001_percent_acc': 0.041, 'valid_acc': 1.0}
Epoch: 5	Batch time (1.635424)	Data time (0.020293)	Cuda time (0.000002)	Loss (128.383001)	Accuracy (0.889557)
EVALUATING
{'loss': 131.0099998474121, 'accuracy': 0.9284135735034943, 'perfect_match_accuracy': 0.018, 'cost_ratio_suggested_true': 1.4747839081287384, 'below_10.0_percent_acc': 0.378, 'below_1.0_percent_acc': 0.087, 'below_0.1_percent_acc': 0.063, 'below_0.01_percent_acc': 0.063, 'below_0.001_percent_acc': 0.061, 'below_0.0001_percent_acc': 0.061, 'valid_acc': 1.0}
Epoch: 6	Batch time (1.640015)	Data time (0.020449)	Cuda time (0.000002)	Loss (128.426301)	Accuracy (0.889719)
EVALUATING
{'loss': 132.55500053405763, 'accuracy': 0.9239845657348633, 'perfect_match_accuracy': 0.006, 'cost_ratio_suggested_true': 1.3728629565238952, 'below_10.0_percent_acc': 0.443, 'below_1.0_percent_acc': 0.049, 'below_0.1_percent_acc': 0.032, 'below_0.01_percent_acc': 0.032, 'below_0.001_percent_acc': 0.029, 'below_0.0001_percent_acc': 0.029, 'valid_acc': 1.0}
Epoch: 7	Batch time (1.648369)	Data time (0.020948)	Cuda time (0.000002)	Loss (128.550701)	Accuracy (0.894067)
EVALUATING
{'loss': 131.5860001373291, 'accuracy': 0.9266512161493301, 'perfect_match_accuracy': 0.01, 'cost_ratio_suggested_true': 1.3809511411190032, 'below_10.0_percent_acc': 0.515, 'below_1.0_percent_acc': 0.076, 'below_0.1_percent_acc': 0.048, 'below_0.01_percent_acc': 0.048, 'below_0.001_percent_acc': 0.045, 'below_0.0001_percent_acc': 0.045, 'valid_acc': 1.0}
Epoch: 8	Batch time (1.648783)	Data time (0.020488)	Cuda time (0.000002)	Loss (128.396001)	Accuracy (0.893555)
EVALUATING
{'loss': 131.9200001525879, 'accuracy': 0.925367266535759, 'perfect_match_accuracy': 0.004, 'cost_ratio_suggested_true': 1.301134796142578, 'below_10.0_percent_acc': 0.45, 'below_1.0_percent_acc': 0.046, 'below_0.1_percent_acc': 0.027, 'below_0.01_percent_acc': 0.027, 'below_0.001_percent_acc': 0.025, 'below_0.0001_percent_acc': 0.025, 'valid_acc': 1.0}
Epoch: 9	Batch time (1.646919)	Data time (0.020853)	Cuda time (0.000002)	Loss (128.720001)	Accuracy (0.892594)
EVALUATING
{'loss': 129.95500190734865, 'accuracy': 0.9165833151340484, 'perfect_match_accuracy': 0.004, 'cost_ratio_suggested_true': 1.4831069934368133, 'below_10.0_percent_acc': 0.338, 'below_1.0_percent_acc': 0.045, 'below_0.1_percent_acc': 0.039, 'below_0.01_percent_acc': 0.039, 'below_0.001_percent_acc': 0.039, 'below_0.0001_percent_acc': 0.039, 'valid_acc': 1.0}
Epoch: 10	Batch time (1.661777)	Data time (0.020810)	Cuda time (0.000003)	Loss (128.230700)	Accuracy (0.890842)
EVALUATING
{'loss': 130.96800247192382, 'accuracy': 0.9262253040075302, 'perfect_match_accuracy': 0.014, 'cost_ratio_suggested_true': 1.5372943937778474, 'below_10.0_percent_acc': 0.395, 'below_1.0_percent_acc': 0.078, 'below_0.1_percent_acc': 0.066, 'below_0.01_percent_acc': 0.066, 'below_0.001_percent_acc': 0.066, 'below_0.0001_percent_acc': 0.066, 'valid_acc': 1.0}
Epoch: 11	Batch time (1.656144)	Data time (0.020708)	Cuda time (0.000003)	Loss (128.758901)	Accuracy (0.893096)
EVALUATING
{'loss': 130.09900077819825, 'accuracy': 0.9236481386423111, 'perfect_match_accuracy': 0.014, 'cost_ratio_suggested_true': 1.6553485226631164, 'below_10.0_percent_acc': 0.301, 'below_1.0_percent_acc': 0.045, 'below_0.1_percent_acc': 0.035, 'below_0.01_percent_acc': 0.035, 'below_0.001_percent_acc': 0.035, 'below_0.0001_percent_acc': 0.035, 'valid_acc': 1.0}
Epoch: 12	Batch time (1.648254)	Data time (0.020234)	Cuda time (0.000002)	Loss (128.828600)	Accuracy (0.894923)
EVALUATING
{'loss': 131.50699951171876, 'accuracy': 0.9265246760845184, 'perfect_match_accuracy': 0.005, 'cost_ratio_suggested_true': 1.33866095662117, 'below_10.0_percent_acc': 0.539, 'below_1.0_percent_acc': 0.092, 'below_0.1_percent_acc': 0.069, 'below_0.01_percent_acc': 0.069, 'below_0.001_percent_acc': 0.068, 'below_0.0001_percent_acc': 0.068, 'valid_acc': 1.0}
Epoch: 13	Batch time (1.649362)	Data time (0.020493)	Cuda time (0.000003)	Loss (129.189201)	Accuracy (0.897281)
EVALUATING
{'loss': 132.88900207519532, 'accuracy': 0.9279289954900741, 'perfect_match_accuracy': 0.008, 'cost_ratio_suggested_true': 1.2731178426742553, 'below_10.0_percent_acc': 0.512, 'below_1.0_percent_acc': 0.066, 'below_0.1_percent_acc': 0.04, 'below_0.01_percent_acc': 0.04, 'below_0.001_percent_acc': 0.04, 'below_0.0001_percent_acc': 0.039, 'valid_acc': 1.0}
Epoch: 14	Batch time (1.637599)	Data time (0.020485)	Cuda time (0.000003)	Loss (129.522100)	Accuracy (0.898598)
EVALUATING
{'loss': 131.33000122070314, 'accuracy': 0.9171018350124359, 'perfect_match_accuracy': 0.001, 'cost_ratio_suggested_true': 1.6156486999988555, 'below_10.0_percent_acc': 0.281, 'below_1.0_percent_acc': 0.026, 'below_0.1_percent_acc': 0.014, 'below_0.01_percent_acc': 0.014, 'below_0.001_percent_acc': 0.014, 'below_0.0001_percent_acc': 0.014, 'valid_acc': 1.0}
Epoch: 15	Batch time (1.654322)	Data time (0.020379)	Cuda time (0.000002)	Loss (128.966101)	Accuracy (0.897951)
EVALUATING
{'loss': 132.7010001373291, 'accuracy': 0.9281481373310089, 'perfect_match_accuracy': 0.004, 'cost_ratio_suggested_true': 1.2770470786094665, 'below_10.0_percent_acc': 0.484, 'below_1.0_percent_acc': 0.047, 'below_0.1_percent_acc': 0.03, 'below_0.01_percent_acc': 0.03, 'below_0.001_percent_acc': 0.029, 'below_0.0001_percent_acc': 0.029, 'valid_acc': 1.0}
Epoch: 16	Batch time (1.681565)	Data time (0.020418)	Cuda time (0.000002)	Loss (128.643701)	Accuracy (0.890318)
EVALUATING
{'loss': 130.43199851989746, 'accuracy': 0.9233024537563324, 'perfect_match_accuracy': 0.003, 'cost_ratio_suggested_true': 1.4239696204662322, 'below_10.0_percent_acc': 0.457, 'below_1.0_percent_acc': 0.056, 'below_0.1_percent_acc': 0.04, 'below_0.01_percent_acc': 0.04, 'below_0.001_percent_acc': 0.04, 'below_0.0001_percent_acc': 0.04, 'valid_acc': 1.0}
Epoch: 17	Batch time (1.663403)	Data time (0.020552)	Cuda time (0.000002)	Loss (129.322700)	Accuracy (0.897104)
EVALUATING
{'loss': 134.88300064086914, 'accuracy': 0.9274907302856445, 'perfect_match_accuracy': 0.026, 'cost_ratio_suggested_true': 1.6431156229972839, 'below_10.0_percent_acc': 0.455, 'below_1.0_percent_acc': 0.108, 'below_0.1_percent_acc': 0.092, 'below_0.01_percent_acc': 0.092, 'below_0.001_percent_acc': 0.091, 'below_0.0001_percent_acc': 0.091, 'valid_acc': 1.0}
Epoch: 18	Batch time (1.651199)	Data time (0.020683)	Cuda time (0.000002)	Loss (129.343201)	Accuracy (0.898902)
EVALUATING
{'loss': 131.44400009155274, 'accuracy': 0.9251789975166321, 'perfect_match_accuracy': 0.005, 'cost_ratio_suggested_true': 1.2603946352005004, 'below_10.0_percent_acc': 0.536, 'below_1.0_percent_acc': 0.074, 'below_0.1_percent_acc': 0.05, 'below_0.01_percent_acc': 0.05, 'below_0.001_percent_acc': 0.05, 'below_0.0001_percent_acc': 0.05, 'valid_acc': 1.0}
Epoch: 19	Batch time (1.698768)	Data time (0.020491)	Cuda time (0.000003)	Loss (128.729501)	Accuracy (0.893877)
EVALUATING
{'loss': 130.19500106811523, 'accuracy': 0.9264753007888794, 'perfect_match_accuracy': 0.009, 'cost_ratio_suggested_true': 1.3554233086109162, 'below_10.0_percent_acc': 0.471, 'below_1.0_percent_acc': 0.068, 'below_0.1_percent_acc': 0.05, 'below_0.01_percent_acc': 0.05, 'below_0.001_percent_acc': 0.049, 'below_0.0001_percent_acc': 0.049, 'valid_acc': 1.0}
Epoch: 20	Batch time (1.681652)	Data time (0.020567)	Cuda time (0.000002)	Loss (128.824401)	Accuracy (0.894157)
EVALUATING
{'loss': 131.737000579834, 'accuracy': 0.9248580139875412, 'perfect_match_accuracy': 0.004, 'cost_ratio_suggested_true': 1.4252514708042145, 'below_10.0_percent_acc': 0.459, 'below_1.0_percent_acc': 0.045, 'below_0.1_percent_acc': 0.037, 'below_0.01_percent_acc': 0.037, 'below_0.001_percent_acc': 0.036, 'below_0.0001_percent_acc': 0.036, 'valid_acc': 1.0}
Epoch: 21	Batch time (1.669348)	Data time (0.021017)	Cuda time (0.000003)	Loss (128.886800)	Accuracy (0.898541)
EVALUATING
{'loss': 131.17300300598146, 'accuracy': 0.9166759133338929, 'perfect_match_accuracy': 0.004, 'cost_ratio_suggested_true': 1.659057356119156, 'below_10.0_percent_acc': 0.294, 'below_1.0_percent_acc': 0.037, 'below_0.1_percent_acc': 0.027, 'below_0.01_percent_acc': 0.027, 'below_0.001_percent_acc': 0.027, 'below_0.0001_percent_acc': 0.027, 'valid_acc': 1.0}
Epoch: 22	Batch time (1.659651)	Data time (0.020517)	Cuda time (0.000003)	Loss (129.487001)	Accuracy (0.901731)
EVALUATING
{'loss': 130.6390007019043, 'accuracy': 0.9214783865213394, 'perfect_match_accuracy': 0.005, 'cost_ratio_suggested_true': 1.3886661589145661, 'below_10.0_percent_acc': 0.38, 'below_1.0_percent_acc': 0.037, 'below_0.1_percent_acc': 0.028, 'below_0.01_percent_acc': 0.028, 'below_0.001_percent_acc': 0.028, 'below_0.0001_percent_acc': 0.028, 'valid_acc': 1.0}
Epoch: 23	Batch time (1.693140)	Data time (0.020610)	Cuda time (0.000003)	Loss (129.237001)	Accuracy (0.898911)
EVALUATING
{'loss': 131.1210011291504, 'accuracy': 0.9276820933818817, 'perfect_match_accuracy': 0.013, 'cost_ratio_suggested_true': 1.3098582494258881, 'below_10.0_percent_acc': 0.473, 'below_1.0_percent_acc': 0.078, 'below_0.1_percent_acc': 0.059, 'below_0.01_percent_acc': 0.059, 'below_0.001_percent_acc': 0.058, 'below_0.0001_percent_acc': 0.058, 'valid_acc': 1.0}
Epoch: 24	Batch time (1.634688)	Data time (0.021526)	Cuda time (0.000002)	Loss (129.939401)	Accuracy (0.901842)
EVALUATING
{'loss': 129.97600204467773, 'accuracy': 0.9187067770957946, 'perfect_match_accuracy': 0.007, 'cost_ratio_suggested_true': 1.64013507604599, 'below_10.0_percent_acc': 0.286, 'below_1.0_percent_acc': 0.039, 'below_0.1_percent_acc': 0.028, 'below_0.01_percent_acc': 0.028, 'below_0.001_percent_acc': 0.028, 'below_0.0001_percent_acc': 0.028, 'valid_acc': 1.0}
Epoch: 25	Batch time (1.655019)	Data time (0.020490)	Cuda time (0.000002)	Loss (129.427401)	Accuracy (0.903857)
EVALUATING
{'loss': 130.59400115966798, 'accuracy': 0.9229969114065171, 'perfect_match_accuracy': 0.003, 'cost_ratio_suggested_true': 1.4015792059898375, 'below_10.0_percent_acc': 0.349, 'below_1.0_percent_acc': 0.035, 'below_0.1_percent_acc': 0.025, 'below_0.01_percent_acc': 0.025, 'below_0.001_percent_acc': 0.025, 'below_0.0001_percent_acc': 0.025, 'valid_acc': 1.0}
Epoch: 26	Batch time (1.668163)	Data time (0.020746)	Cuda time (0.000002)	Loss (129.566300)	Accuracy (0.904171)
EVALUATING
{'loss': 129.93300018310546, 'accuracy': 0.9202962785959243, 'perfect_match_accuracy': 0.002, 'cost_ratio_suggested_true': 1.390474683046341, 'below_10.0_percent_acc': 0.342, 'below_1.0_percent_acc': 0.035, 'below_0.1_percent_acc': 0.021, 'below_0.01_percent_acc': 0.021, 'below_0.001_percent_acc': 0.02, 'below_0.0001_percent_acc': 0.02, 'valid_acc': 1.0}
Epoch: 27	Batch time (1.676916)	Data time (0.020691)	Cuda time (0.000002)	Loss (129.028200)	Accuracy (0.904388)
EVALUATING
{'loss': 131.41500213623047, 'accuracy': 0.9208827078342438, 'perfect_match_accuracy': 0.006, 'cost_ratio_suggested_true': 1.394530268907547, 'below_10.0_percent_acc': 0.361, 'below_1.0_percent_acc': 0.037, 'below_0.1_percent_acc': 0.026, 'below_0.01_percent_acc': 0.026, 'below_0.001_percent_acc': 0.026, 'below_0.0001_percent_acc': 0.026, 'valid_acc': 1.0}
Epoch: 28	Batch time (1.718268)	Data time (0.020525)	Cuda time (0.000003)	Loss (129.262100)	Accuracy (0.903215)
EVALUATING
{'loss': 131.0480005645752, 'accuracy': 0.923660489320755, 'perfect_match_accuracy': 0.004, 'cost_ratio_suggested_true': 1.3862945854663848, 'below_10.0_percent_acc': 0.378, 'below_1.0_percent_acc': 0.037, 'below_0.1_percent_acc': 0.027, 'below_0.01_percent_acc': 0.027, 'below_0.001_percent_acc': 0.027, 'below_0.0001_percent_acc': 0.027, 'valid_acc': 1.0}
Epoch: 29	Batch time (1.673891)	Data time (0.020662)	Cuda time (0.000003)	Loss (129.650601)	Accuracy (0.903174)
EVALUATING
{'loss': 130.66299995422364, 'accuracy': 0.923709859251976, 'perfect_match_accuracy': 0.003, 'cost_ratio_suggested_true': 1.3104750752449035, 'below_10.0_percent_acc': 0.46, 'below_1.0_percent_acc': 0.04, 'below_0.1_percent_acc': 0.028, 'below_0.01_percent_acc': 0.028, 'below_0.001_percent_acc': 0.028, 'below_0.0001_percent_acc': 0.027, 'valid_acc': 1.0}
Epoch: 30	Batch time (1.695340)	Data time (0.020348)	Cuda time (0.000002)	Loss (129.470600)	Accuracy (0.898286)
EVALUATING
{'loss': 131.80600074768066, 'accuracy': 0.9255493623018265, 'perfect_match_accuracy': 0.007, 'cost_ratio_suggested_true': 1.2976733469963073, 'below_10.0_percent_acc': 0.451, 'below_1.0_percent_acc': 0.05, 'below_0.1_percent_acc': 0.036, 'below_0.01_percent_acc': 0.036, 'below_0.001_percent_acc': 0.036, 'below_0.0001_percent_acc': 0.035, 'valid_acc': 1.0}
Epoch: 31	Batch time (1.687252)	Data time (0.020559)	Cuda time (0.000002)	Loss (129.007400)	Accuracy (0.904157)
EVALUATING
{'loss': 132.02500259399415, 'accuracy': 0.9260493731498718, 'perfect_match_accuracy': 0.008, 'cost_ratio_suggested_true': 1.274250977039337, 'below_10.0_percent_acc': 0.456, 'below_1.0_percent_acc': 0.055, 'below_0.1_percent_acc': 0.038, 'below_0.01_percent_acc': 0.038, 'below_0.001_percent_acc': 0.038, 'below_0.0001_percent_acc': 0.037, 'valid_acc': 1.0}
Epoch: 32	Batch time (1.683535)	Data time (0.021177)	Cuda time (0.000002)	Loss (129.381301)	Accuracy (0.904428)
EVALUATING
{'loss': 129.07, 'accuracy': 0.9262623357772827, 'perfect_match_accuracy': 0.007, 'cost_ratio_suggested_true': 1.269409672021866, 'below_10.0_percent_acc': 0.458, 'below_1.0_percent_acc': 0.051, 'below_0.1_percent_acc': 0.037, 'below_0.01_percent_acc': 0.037, 'below_0.001_percent_acc': 0.037, 'below_0.0001_percent_acc': 0.036, 'valid_acc': 1.0}
Epoch: 33	Batch time (1.477280)	Data time (0.019553)	Cuda time (0.000002)	Loss (129.791201)	Accuracy (0.904259)
EVALUATING
{'loss': 130.61299964904785, 'accuracy': 0.9268518364429474, 'perfect_match_accuracy': 0.007, 'cost_ratio_suggested_true': 1.2559417581558228, 'below_10.0_percent_acc': 0.478, 'below_1.0_percent_acc': 0.055, 'below_0.1_percent_acc': 0.038, 'below_0.01_percent_acc': 0.038, 'below_0.001_percent_acc': 0.038, 'below_0.0001_percent_acc': 0.037, 'valid_acc': 1.0}
Epoch: 34	Batch time (1.452887)	Data time (0.018813)	Cuda time (0.000002)	Loss (129.776901)	Accuracy (0.905016)
EVALUATING
{'loss': 133.01300086975098, 'accuracy': 0.9266820895671845, 'perfect_match_accuracy': 0.007, 'cost_ratio_suggested_true': 1.2506086575984954, 'below_10.0_percent_acc': 0.484, 'below_1.0_percent_acc': 0.052, 'below_0.1_percent_acc': 0.037, 'below_0.01_percent_acc': 0.037, 'below_0.001_percent_acc': 0.037, 'below_0.0001_percent_acc': 0.036, 'valid_acc': 1.0}
Epoch: 35	Batch time (1.466203)	Data time (0.019702)	Cuda time (0.000002)	Loss (129.817201)	Accuracy (0.904854)
EVALUATING
{'loss': 128.69200218200683, 'accuracy': 0.9274969065189361, 'perfect_match_accuracy': 0.007, 'cost_ratio_suggested_true': 1.252644386291504, 'below_10.0_percent_acc': 0.486, 'below_1.0_percent_acc': 0.052, 'below_0.1_percent_acc': 0.037, 'below_0.01_percent_acc': 0.037, 'below_0.001_percent_acc': 0.037, 'below_0.0001_percent_acc': 0.036, 'valid_acc': 1.0}
Epoch: 36	Batch time (1.469379)	Data time (0.018776)	Cuda time (0.000002)	Loss (129.719301)	Accuracy (0.906082)
EVALUATING
{'loss': 131.03199974060058, 'accuracy': 0.9288981360197067, 'perfect_match_accuracy': 0.009, 'cost_ratio_suggested_true': 1.2411859381198882, 'below_10.0_percent_acc': 0.514, 'below_1.0_percent_acc': 0.059, 'below_0.1_percent_acc': 0.044, 'below_0.01_percent_acc': 0.044, 'below_0.001_percent_acc': 0.044, 'below_0.0001_percent_acc': 0.043, 'valid_acc': 1.0}
Epoch: 37	Batch time (1.456123)	Data time (0.018658)	Cuda time (0.000002)	Loss (129.907701)	Accuracy (0.906184)
EVALUATING
{'loss': 131.31199913024903, 'accuracy': 0.9301357877254486, 'perfect_match_accuracy': 0.01, 'cost_ratio_suggested_true': 1.239426680803299, 'below_10.0_percent_acc': 0.529, 'below_1.0_percent_acc': 0.066, 'below_0.1_percent_acc': 0.05, 'below_0.01_percent_acc': 0.05, 'below_0.001_percent_acc': 0.05, 'below_0.0001_percent_acc': 0.049, 'valid_acc': 1.0}
Epoch: 38	Batch time (1.456591)	Data time (0.018779)	Cuda time (0.000002)	Loss (129.393701)	Accuracy (0.907399)
EVALUATING
{'loss': 131.87900077819825, 'accuracy': 0.9300648051500321, 'perfect_match_accuracy': 0.011, 'cost_ratio_suggested_true': 1.2397433185577393, 'below_10.0_percent_acc': 0.539, 'below_1.0_percent_acc': 0.066, 'below_0.1_percent_acc': 0.051, 'below_0.01_percent_acc': 0.051, 'below_0.001_percent_acc': 0.051, 'below_0.0001_percent_acc': 0.05, 'valid_acc': 1.0}
Epoch: 39	Batch time (1.446749)	Data time (0.018762)	Cuda time (0.000002)	Loss (130.188901)	Accuracy (0.907690)
EVALUATING
{'loss': 131.05600120544435, 'accuracy': 0.9299876433610916, 'perfect_match_accuracy': 0.013, 'cost_ratio_suggested_true': 1.2335047912597656, 'below_10.0_percent_acc': 0.529, 'below_1.0_percent_acc': 0.065, 'below_0.1_percent_acc': 0.047, 'below_0.01_percent_acc': 0.047, 'below_0.001_percent_acc': 0.047, 'below_0.0001_percent_acc': 0.046, 'valid_acc': 1.0}
Epoch: 40	Batch time (1.455264)	Data time (0.018820)	Cuda time (0.000002)	Loss (129.660601)	Accuracy (0.908534)
EVALUATING
{'loss': 131.22700187683105, 'accuracy': 0.9297654157876969, 'perfect_match_accuracy': 0.01, 'cost_ratio_suggested_true': 1.239572035074234, 'below_10.0_percent_acc': 0.517, 'below_1.0_percent_acc': 0.063, 'below_0.1_percent_acc': 0.049, 'below_0.01_percent_acc': 0.049, 'below_0.001_percent_acc': 0.049, 'below_0.0001_percent_acc': 0.048, 'valid_acc': 1.0}
Epoch: 41	Batch time (1.465903)	Data time (0.018939)	Cuda time (0.000002)	Loss (130.270001)	Accuracy (0.908344)
EVALUATING
{'loss': 129.2909991455078, 'accuracy': 0.9297808599472046, 'perfect_match_accuracy': 0.011, 'cost_ratio_suggested_true': 1.2410011780261994, 'below_10.0_percent_acc': 0.516, 'below_1.0_percent_acc': 0.061, 'below_0.1_percent_acc': 0.047, 'below_0.01_percent_acc': 0.047, 'below_0.001_percent_acc': 0.047, 'below_0.0001_percent_acc': 0.046, 'valid_acc': 1.0}
Epoch: 42	Batch time (1.457691)	Data time (0.019310)	Cuda time (0.000002)	Loss (129.827501)	Accuracy (0.908261)
EVALUATING
{'loss': 132.6900019836426, 'accuracy': 0.9295277667045593, 'perfect_match_accuracy': 0.01, 'cost_ratio_suggested_true': 1.2438394272327422, 'below_10.0_percent_acc': 0.514, 'below_1.0_percent_acc': 0.06, 'below_0.1_percent_acc': 0.047, 'below_0.01_percent_acc': 0.047, 'below_0.001_percent_acc': 0.047, 'below_0.0001_percent_acc': 0.046, 'valid_acc': 1.0}
Epoch: 43	Batch time (1.453689)	Data time (0.018627)	Cuda time (0.000002)	Loss (129.627001)	Accuracy (0.908413)
EVALUATING
{'loss': 130.25900093078613, 'accuracy': 0.9294259119033813, 'perfect_match_accuracy': 0.01, 'cost_ratio_suggested_true': 1.243786472082138, 'below_10.0_percent_acc': 0.516, 'below_1.0_percent_acc': 0.059, 'below_0.1_percent_acc': 0.045, 'below_0.01_percent_acc': 0.045, 'below_0.001_percent_acc': 0.045, 'below_0.0001_percent_acc': 0.044, 'valid_acc': 1.0}
Epoch: 44	Batch time (1.450457)	Data time (0.018958)	Cuda time (0.000002)	Loss (130.055501)	Accuracy (0.908428)
EVALUATING
{'loss': 131.76700119018554, 'accuracy': 0.9295308417081833, 'perfect_match_accuracy': 0.011, 'cost_ratio_suggested_true': 1.2426656937599183, 'below_10.0_percent_acc': 0.517, 'below_1.0_percent_acc': 0.06, 'below_0.1_percent_acc': 0.046, 'below_0.01_percent_acc': 0.046, 'below_0.001_percent_acc': 0.046, 'below_0.0001_percent_acc': 0.045, 'valid_acc': 1.0}
Epoch: 45	Batch time (1.458777)	Data time (0.018960)	Cuda time (0.000002)	Loss (130.238901)	Accuracy (0.908379)
EVALUATING
{'loss': 129.90500190734863, 'accuracy': 0.9294413453340531, 'perfect_match_accuracy': 0.011, 'cost_ratio_suggested_true': 1.2451010382175445, 'below_10.0_percent_acc': 0.513, 'below_1.0_percent_acc': 0.063, 'below_0.1_percent_acc': 0.049, 'below_0.01_percent_acc': 0.049, 'below_0.001_percent_acc': 0.049, 'below_0.0001_percent_acc': 0.048, 'valid_acc': 1.0}
Epoch: 46	Batch time (1.448517)	Data time (0.018846)	Cuda time (0.000002)	Loss (129.930101)	Accuracy (0.908929)
EVALUATING
{'loss': 131.69500289916994, 'accuracy': 0.9294259119033813, 'perfect_match_accuracy': 0.01, 'cost_ratio_suggested_true': 1.2439162480831145, 'below_10.0_percent_acc': 0.515, 'below_1.0_percent_acc': 0.061, 'below_0.1_percent_acc': 0.047, 'below_0.01_percent_acc': 0.047, 'below_0.001_percent_acc': 0.047, 'below_0.0001_percent_acc': 0.046, 'valid_acc': 1.0}
Epoch: 47	Batch time (1.444482)	Data time (0.018551)	Cuda time (0.000002)	Loss (129.740201)	Accuracy (0.908419)
EVALUATING
{'loss': 132.317001953125, 'accuracy': 0.9295833212137222, 'perfect_match_accuracy': 0.01, 'cost_ratio_suggested_true': 1.2409444594383239, 'below_10.0_percent_acc': 0.518, 'below_1.0_percent_acc': 0.061, 'below_0.1_percent_acc': 0.047, 'below_0.01_percent_acc': 0.047, 'below_0.001_percent_acc': 0.047, 'below_0.0001_percent_acc': 0.046, 'valid_acc': 1.0}
Epoch: 48	Batch time (1.449823)	Data time (0.018542)	Cuda time (0.000002)	Loss (129.880201)	Accuracy (0.908583)
EVALUATING
{'loss': 132.44399940490723, 'accuracy': 0.9296759074926376, 'perfect_match_accuracy': 0.01, 'cost_ratio_suggested_true': 1.239130048751831, 'below_10.0_percent_acc': 0.52, 'below_1.0_percent_acc': 0.058, 'below_0.1_percent_acc': 0.044, 'below_0.01_percent_acc': 0.044, 'below_0.001_percent_acc': 0.044, 'below_0.0001_percent_acc': 0.043, 'valid_acc': 1.0}
Epoch: 49	Batch time (1.451102)	Data time (0.018608)	Cuda time (0.000002)	Loss (129.934401)	Accuracy (0.908823)
EVALUATING
{'loss': 130.05300064086913, 'accuracy': 0.9297345572710037, 'perfect_match_accuracy': 0.01, 'cost_ratio_suggested_true': 1.2357372200489045, 'below_10.0_percent_acc': 0.525, 'below_1.0_percent_acc': 0.061, 'below_0.1_percent_acc': 0.047, 'below_0.01_percent_acc': 0.047, 'below_0.001_percent_acc': 0.047, 'below_0.0001_percent_acc': 0.046, 'valid_acc': 1.0}
Epoch: 50	Batch time (1.451900)	Data time (0.018899)	Cuda time (0.000002)	Loss (129.819601)	Accuracy (0.908489)
EVALUATING
{'loss': 132.64000328063966, 'accuracy': 0.9296080106496811, 'perfect_match_accuracy': 0.01, 'cost_ratio_suggested_true': 1.2368488776683808, 'below_10.0_percent_acc': 0.523, 'below_1.0_percent_acc': 0.06, 'below_0.1_percent_acc': 0.046, 'below_0.01_percent_acc': 0.046, 'below_0.001_percent_acc': 0.046, 'below_0.0001_percent_acc': 0.045, 'valid_acc': 1.0}
