No existing entry for trainer_params.mode.type
{}[type] = <class 'int'>(5)
No existing entry for trainer_params.mode.objective_type
{'type': 5}[objective_type] = <class 'str'>(normal)
No existing entry for trainer_params.mode.use_marginal
{'type': 5, 'objective_type': 'normal'}[use_marginal] = <class 'bool'>(True)
No existing entry for trainer_params.mode.nb_samples
{'type': 5, 'objective_type': 'normal', 'use_marginal': True}[nb_samples] = <class 'int'>(1)
No existing entry for trainer_params.mode.temperature
{'type': 5, 'objective_type': 'normal', 'use_marginal': True, 'nb_samples': 1}[temperature] = <class 'float'>(0.2)
No existing entry for trainer_params.mode.use_gamma
{'type': 5, 'objective_type': 'normal', 'use_marginal': True, 'nb_samples': 1, 'temperature': 0.2}[use_gamma] = <class 'bool'>(False)
No existing entry for trainer_params.mode.loss_type
{'type': 5, 'objective_type': 'normal', 'use_marginal': True, 'nb_samples': 1, 'temperature': 0.2, 'use_gamma': False}[loss_type] = <class 'str'>(fy)
No existing entry for trainer_params.mode.perturb_w
{'type': 5, 'objective_type': 'normal', 'use_marginal': True, 'nb_samples': 1, 'temperature': 0.2, 'use_gamma': False, 'loss_type': 'fy'}[perturb_w] = <class 'bool'>(False)
No existing entry for trainer_params.mode.perturb_w_prime
{'type': 5, 'objective_type': 'normal', 'use_marginal': True, 'nb_samples': 1, 'temperature': 0.2, 'use_gamma': False, 'loss_type': 'fy', 'perturb_w': False}[perturb_w_prime] = <class 'bool'>(False)
{'batch_size': 70, 'l1_regconst': 0.0, 'lambda_val': 20.0, 'lr_milestone_1': 30, 'lr_milestone_2': 40, 'model_params': {'arch_params': {}, 'model_name': 'CombResnet18'}, 'neighbourhood_fn': '8-grid', 'optimizer_name': 'Adam', 'optimizer_params': {'lr': 0.0005}, 'preload_batch': True, 'use_cuda': True, 'use_lr_scheduling': True, 'mode': {'type': 5, 'objective_type': 'normal', 'use_marginal': True, 'nb_samples': 1, 'temperature': 0.2, 'use_gamma': False, 'loss_type': 'fy', 'perturb_w': False, 'perturb_w_prime': False}}[lambda_val] = <class 'float'>(0.0)
{'data_dir': 'data/warcraft_shortest_path/12x12', 'evaluate_with_extra': False, 'normalize': True, 'use_local_path': False, 'use_test_set': True}[data_dir] = <class 'str'>(data/warcraft_shortest_path/12x12)
{'evaluate_every': 5, 'loader_params': {'data_dir': 'data/warcraft_shortest_path/12x12', 'evaluate_with_extra': False, 'normalize': True, 'use_local_path': False, 'use_test_set': True}, 'model_dir': 'results/warcraft_shortest_path_combresnet', 'num_cpus': 12, 'num_epochs': 50, 'problem_type': 'warcraft_shortest_path', 'ray_params': {}, 'save_visualizations': False, 'seed': 1, 'trainer_name': 'DijkstraMAP', 'trainer_params': {'batch_size': 70, 'l1_regconst': 0.0, 'lambda_val': 0.0, 'lr_milestone_1': 30, 'lr_milestone_2': 40, 'model_params': {'arch_params': {}, 'model_name': 'CombResnet18'}, 'neighbourhood_fn': '8-grid', 'optimizer_name': 'Adam', 'optimizer_params': {'lr': 0.0005}, 'preload_batch': True, 'use_cuda': True, 'use_lr_scheduling': True, 'mode': {'type': 5, 'objective_type': 'normal', 'use_marginal': True, 'nb_samples': 1, 'temperature': 0.2, 'use_gamma': False, 'loss_type': 'fy', 'perturb_w': False, 'perturb_w_prime': False}}, 'use_ray': True}[seed] = <class 'int'>(1)
{'evaluate_every': 5, 'loader_params': {'data_dir': 'data/warcraft_shortest_path/12x12', 'evaluate_with_extra': False, 'normalize': True, 'use_local_path': False, 'use_test_set': True}, 'model_dir': 'results/warcraft_shortest_path_combresnet', 'num_cpus': 12, 'num_epochs': 50, 'problem_type': 'warcraft_shortest_path', 'ray_params': {}, 'save_visualizations': False, 'seed': 1, 'trainer_name': 'DijkstraMAP', 'trainer_params': {'batch_size': 70, 'l1_regconst': 0.0, 'lambda_val': 0.0, 'lr_milestone_1': 30, 'lr_milestone_2': 40, 'model_params': {'arch_params': {}, 'model_name': 'CombResnet18'}, 'neighbourhood_fn': '8-grid', 'optimizer_name': 'Adam', 'optimizer_params': {'lr': 0.0005}, 'preload_batch': True, 'use_cuda': True, 'use_lr_scheduling': True, 'mode': {'type': 5, 'objective_type': 'normal', 'use_marginal': True, 'nb_samples': 1, 'temperature': 0.2, 'use_gamma': False, 'loss_type': 'fy', 'perturb_w': False, 'perturb_w_prime': False}}, 'use_ray': True}[evaluate_every] = <class 'int'>(1)
{'evaluate_every': 1, 'loader_params': {'data_dir': 'data/warcraft_shortest_path/12x12', 'evaluate_with_extra': False, 'normalize': True, 'use_local_path': False, 'use_test_set': True}, 'model_dir': 'results/warcraft_shortest_path_combresnet', 'num_cpus': 12, 'num_epochs': 50, 'problem_type': 'warcraft_shortest_path', 'ray_params': {}, 'save_visualizations': False, 'seed': 1, 'trainer_name': 'DijkstraMAP', 'trainer_params': {'batch_size': 70, 'l1_regconst': 0.0, 'lambda_val': 0.0, 'lr_milestone_1': 30, 'lr_milestone_2': 40, 'model_params': {'arch_params': {}, 'model_name': 'CombResnet18'}, 'neighbourhood_fn': '8-grid', 'optimizer_name': 'Adam', 'optimizer_params': {'lr': 0.0005}, 'preload_batch': True, 'use_cuda': True, 'use_lr_scheduling': True, 'mode': {'type': 5, 'objective_type': 'normal', 'use_marginal': True, 'nb_samples': 1, 'temperature': 0.2, 'use_gamma': False, 'loss_type': 'fy', 'perturb_w': False, 'perturb_w_prime': False}}, 'use_ray': True}[use_ray] = <class 'bool'>(False)
No existing entry for trainer_params.mode.type
{}[type] = <class 'int'>(5)
No existing entry for trainer_params.mode.objective_type
{'type': 5}[objective_type] = <class 'str'>(normal)
No existing entry for trainer_params.mode.use_marginal
{'type': 5, 'objective_type': 'normal'}[use_marginal] = <class 'bool'>(True)
No existing entry for trainer_params.mode.nb_samples
{'type': 5, 'objective_type': 'normal', 'use_marginal': True}[nb_samples] = <class 'int'>(1)
No existing entry for trainer_params.mode.temperature
{'type': 5, 'objective_type': 'normal', 'use_marginal': True, 'nb_samples': 1}[temperature] = <class 'float'>(0.2)
No existing entry for trainer_params.mode.use_gamma
{'type': 5, 'objective_type': 'normal', 'use_marginal': True, 'nb_samples': 1, 'temperature': 0.2}[use_gamma] = <class 'bool'>(False)
No existing entry for trainer_params.mode.loss_type
{'type': 5, 'objective_type': 'normal', 'use_marginal': True, 'nb_samples': 1, 'temperature': 0.2, 'use_gamma': False}[loss_type] = <class 'str'>(fy)
No existing entry for trainer_params.mode.perturb_w
{'type': 5, 'objective_type': 'normal', 'use_marginal': True, 'nb_samples': 1, 'temperature': 0.2, 'use_gamma': False, 'loss_type': 'fy'}[perturb_w] = <class 'bool'>(False)
No existing entry for trainer_params.mode.perturb_w_prime
{'type': 5, 'objective_type': 'normal', 'use_marginal': True, 'nb_samples': 1, 'temperature': 0.2, 'use_gamma': False, 'loss_type': 'fy', 'perturb_w': False}[perturb_w_prime] = <class 'bool'>(False)
{'batch_size': 70, 'l1_regconst': 0.0, 'lambda_val': 20.0, 'lr_milestone_1': 30, 'lr_milestone_2': 40, 'model_params': {'arch_params': {}, 'model_name': 'CombResnet18'}, 'neighbourhood_fn': '8-grid', 'optimizer_name': 'Adam', 'optimizer_params': {'lr': 0.0005}, 'preload_batch': True, 'use_cuda': True, 'use_lr_scheduling': True, 'mode': {'type': 5, 'objective_type': 'normal', 'use_marginal': True, 'nb_samples': 1, 'temperature': 0.2, 'use_gamma': False, 'loss_type': 'fy', 'perturb_w': False, 'perturb_w_prime': False}}[lambda_val] = <class 'float'>(0.0)
{'data_dir': 'data/warcraft_shortest_path/12x12', 'evaluate_with_extra': False, 'normalize': True, 'use_local_path': False, 'use_test_set': True}[data_dir] = <class 'str'>(data/warcraft_shortest_path/12x12)
{'evaluate_every': 5, 'loader_params': {'data_dir': 'data/warcraft_shortest_path/12x12', 'evaluate_with_extra': False, 'normalize': True, 'use_local_path': False, 'use_test_set': True}, 'model_dir': 'results/warcraft_shortest_path_combresnet', 'num_cpus': 12, 'num_epochs': 50, 'problem_type': 'warcraft_shortest_path', 'ray_params': {}, 'save_visualizations': False, 'seed': 1, 'trainer_name': 'DijkstraMAP', 'trainer_params': {'batch_size': 70, 'l1_regconst': 0.0, 'lambda_val': 0.0, 'lr_milestone_1': 30, 'lr_milestone_2': 40, 'model_params': {'arch_params': {}, 'model_name': 'CombResnet18'}, 'neighbourhood_fn': '8-grid', 'optimizer_name': 'Adam', 'optimizer_params': {'lr': 0.0005}, 'preload_batch': True, 'use_cuda': True, 'use_lr_scheduling': True, 'mode': {'type': 5, 'objective_type': 'normal', 'use_marginal': True, 'nb_samples': 1, 'temperature': 0.2, 'use_gamma': False, 'loss_type': 'fy', 'perturb_w': False, 'perturb_w_prime': False}}, 'use_ray': True}[seed] = <class 'int'>(1)
{'evaluate_every': 5, 'loader_params': {'data_dir': 'data/warcraft_shortest_path/12x12', 'evaluate_with_extra': False, 'normalize': True, 'use_local_path': False, 'use_test_set': True}, 'model_dir': 'results/warcraft_shortest_path_combresnet', 'num_cpus': 12, 'num_epochs': 50, 'problem_type': 'warcraft_shortest_path', 'ray_params': {}, 'save_visualizations': False, 'seed': 1, 'trainer_name': 'DijkstraMAP', 'trainer_params': {'batch_size': 70, 'l1_regconst': 0.0, 'lambda_val': 0.0, 'lr_milestone_1': 30, 'lr_milestone_2': 40, 'model_params': {'arch_params': {}, 'model_name': 'CombResnet18'}, 'neighbourhood_fn': '8-grid', 'optimizer_name': 'Adam', 'optimizer_params': {'lr': 0.0005}, 'preload_batch': True, 'use_cuda': True, 'use_lr_scheduling': True, 'mode': {'type': 5, 'objective_type': 'normal', 'use_marginal': True, 'nb_samples': 1, 'temperature': 0.2, 'use_gamma': False, 'loss_type': 'fy', 'perturb_w': False, 'perturb_w_prime': False}}, 'use_ray': True}[evaluate_every] = <class 'int'>(1)
{'evaluate_every': 1, 'loader_params': {'data_dir': 'data/warcraft_shortest_path/12x12', 'evaluate_with_extra': False, 'normalize': True, 'use_local_path': False, 'use_test_set': True}, 'model_dir': 'results/warcraft_shortest_path_combresnet', 'num_cpus': 12, 'num_epochs': 50, 'problem_type': 'warcraft_shortest_path', 'ray_params': {}, 'save_visualizations': False, 'seed': 1, 'trainer_name': 'DijkstraMAP', 'trainer_params': {'batch_size': 70, 'l1_regconst': 0.0, 'lambda_val': 0.0, 'lr_milestone_1': 30, 'lr_milestone_2': 40, 'model_params': {'arch_params': {}, 'model_name': 'CombResnet18'}, 'neighbourhood_fn': '8-grid', 'optimizer_name': 'Adam', 'optimizer_params': {'lr': 0.0005}, 'preload_batch': True, 'use_cuda': True, 'use_lr_scheduling': True, 'mode': {'type': 5, 'objective_type': 'normal', 'use_marginal': True, 'nb_samples': 1, 'temperature': 0.2, 'use_gamma': False, 'loss_type': 'fy', 'perturb_w': False, 'perturb_w_prime': False}}, 'use_ray': True}[use_ray] = <class 'bool'>(False)
{
    "evaluate_every": 1,
    "loader_params": {
        "data_dir": "data/warcraft_shortest_path/12x12",
        "evaluate_with_extra": false,
        "normalize": true,
        "use_local_path": false,
        "use_test_set": true
    },
    "model_dir": "results/warcraft_shortest_path_combresnet",
    "num_cpus": 12,
    "num_epochs": 50,
    "problem_type": "warcraft_shortest_path",
    "ray_params": {},
    "save_visualizations": false,
    "seed": 1,
    "trainer_name": "DijkstraMAP",
    "trainer_params": {
        "batch_size": 70,
        "l1_regconst": 0.0,
        "lambda_val": 0.0,
        "lr_milestone_1": 30,
        "lr_milestone_2": 40,
        "mode": {
            "loss_type": "fy",
            "nb_samples": 1,
            "objective_type": "normal",
            "perturb_w": false,
            "perturb_w_prime": false,
            "temperature": 0.2,
            "type": 5,
            "use_gamma": false,
            "use_marginal": true
        },
        "model_params": {
            "arch_params": {},
            "model_name": "CombResnet18"
        },
        "neighbourhood_fn": "8-grid",
        "optimizer_name": "Adam",
        "optimizer_params": {
            "lr": 0.0005
        },
        "preload_batch": true,
        "use_cuda": true,
        "use_lr_scheduling": true
    },
    "use_ray": false
}
MAP-BACKPROP MODE: {
    "loss_type": "fy",
    "nb_samples": 1,
    "objective_type": "normal",
    "perturb_w": false,
    "perturb_w_prime": false,
    "temperature": 0.2,
    "type": 5,
    "use_gamma": false,
    "use_marginal": true
}
True
META: {'input_image_size': 96, 'output_features': 144, 'num_channels': 3, 'denormalize': <maprop.decorators.input_to_numpy object at 0x2b55a8a26f28>}
EVALUATING
{'loss': 61.786000938415526, 'accuracy': 0.8786736279726028, 'perfect_match_accuracy': 0.032, 'cost_ratio_suggested_true': 2.4898578476905824, 'below_10.0_percent_acc': 0.128, 'below_1.0_percent_acc': 0.055, 'below_0.1_percent_acc': 0.053, 'below_0.01_percent_acc': 0.053, 'below_0.001_percent_acc': 0.038, 'below_0.0001_percent_acc': 0.038, 'valid_acc': 1.0}
Epoch: 1	Batch time (0.496136)	Data time (0.004179)	Cuda time (0.000002)	Loss (60.652500)	Accuracy (0.865147)
EVALUATING
{'loss': 60.716000900268554, 'accuracy': 0.8692430746555329, 'perfect_match_accuracy': 0.012, 'cost_ratio_suggested_true': 1.8813075840473175, 'below_10.0_percent_acc': 0.264, 'below_1.0_percent_acc': 0.041, 'below_0.1_percent_acc': 0.039, 'below_0.01_percent_acc': 0.039, 'below_0.001_percent_acc': 0.03, 'below_0.0001_percent_acc': 0.03, 'valid_acc': 1.0}
Epoch: 2	Batch time (0.496437)	Data time (0.004178)	Cuda time (0.000002)	Loss (60.634500)	Accuracy (0.867167)
EVALUATING
{'loss': 60.701000747680666, 'accuracy': 0.8729861211776734, 'perfect_match_accuracy': 0.011, 'cost_ratio_suggested_true': 1.646940486431122, 'below_10.0_percent_acc': 0.352, 'below_1.0_percent_acc': 0.056, 'below_0.1_percent_acc': 0.046, 'below_0.01_percent_acc': 0.046, 'below_0.001_percent_acc': 0.042, 'below_0.0001_percent_acc': 0.042, 'valid_acc': 1.0}
Epoch: 3	Batch time (0.499655)	Data time (0.004170)	Cuda time (0.000002)	Loss (59.902100)	Accuracy (0.863060)
EVALUATING
{'loss': 60.836000289916996, 'accuracy': 0.8684027975797654, 'perfect_match_accuracy': 0.008, 'cost_ratio_suggested_true': 1.6408782398700714, 'below_10.0_percent_acc': 0.332, 'below_1.0_percent_acc': 0.045, 'below_0.1_percent_acc': 0.04, 'below_0.01_percent_acc': 0.04, 'below_0.001_percent_acc': 0.036, 'below_0.0001_percent_acc': 0.036, 'valid_acc': 1.0}
Epoch: 4	Batch time (0.508475)	Data time (0.004168)	Cuda time (0.000002)	Loss (59.153900)	Accuracy (0.852150)
EVALUATING
{'loss': 60.254000129699705, 'accuracy': 0.8666458415985108, 'perfect_match_accuracy': 0.007, 'cost_ratio_suggested_true': 1.6851164376735688, 'below_10.0_percent_acc': 0.312, 'below_1.0_percent_acc': 0.042, 'below_0.1_percent_acc': 0.03, 'below_0.01_percent_acc': 0.03, 'below_0.001_percent_acc': 0.027, 'below_0.0001_percent_acc': 0.027, 'valid_acc': 1.0}
Epoch: 5	Batch time (0.517057)	Data time (0.004187)	Cuda time (0.000002)	Loss (58.689600)	Accuracy (0.849755)
EVALUATING
{'loss': 59.7590007019043, 'accuracy': 0.8670069670677185, 'perfect_match_accuracy': 0.005, 'cost_ratio_suggested_true': 1.5028874325752257, 'below_10.0_percent_acc': 0.313, 'below_1.0_percent_acc': 0.031, 'below_0.1_percent_acc': 0.026, 'below_0.01_percent_acc': 0.026, 'below_0.001_percent_acc': 0.023, 'below_0.0001_percent_acc': 0.023, 'valid_acc': 1.0}
Epoch: 6	Batch time (0.529609)	Data time (0.004183)	Cuda time (0.000002)	Loss (57.923100)	Accuracy (0.843233)
EVALUATING
{'loss': 59.329999923706055, 'accuracy': 0.8645833426713944, 'perfect_match_accuracy': 0.005, 'cost_ratio_suggested_true': 1.6097017753124236, 'below_10.0_percent_acc': 0.283, 'below_1.0_percent_acc': 0.03, 'below_0.1_percent_acc': 0.022, 'below_0.01_percent_acc': 0.022, 'below_0.001_percent_acc': 0.019, 'below_0.0001_percent_acc': 0.019, 'valid_acc': 1.0}
Epoch: 7	Batch time (0.530443)	Data time (0.004179)	Cuda time (0.000002)	Loss (57.964100)	Accuracy (0.843101)
EVALUATING
{'loss': 60.275000457763674, 'accuracy': 0.8608333504199982, 'perfect_match_accuracy': 0.003, 'cost_ratio_suggested_true': 1.5296230614185333, 'below_10.0_percent_acc': 0.266, 'below_1.0_percent_acc': 0.015, 'below_0.1_percent_acc': 0.013, 'below_0.01_percent_acc': 0.013, 'below_0.001_percent_acc': 0.009, 'below_0.0001_percent_acc': 0.009, 'valid_acc': 1.0}
Epoch: 8	Batch time (0.527115)	Data time (0.004181)	Cuda time (0.000002)	Loss (58.268800)	Accuracy (0.849669)
EVALUATING
{'loss': 60.09700008392334, 'accuracy': 0.8612847352027893, 'perfect_match_accuracy': 0.005, 'cost_ratio_suggested_true': 1.615445431470871, 'below_10.0_percent_acc': 0.296, 'below_1.0_percent_acc': 0.022, 'below_0.1_percent_acc': 0.016, 'below_0.01_percent_acc': 0.016, 'below_0.001_percent_acc': 0.015, 'below_0.0001_percent_acc': 0.015, 'valid_acc': 1.0}
Epoch: 9	Batch time (0.530320)	Data time (0.004185)	Cuda time (0.000002)	Loss (58.079100)	Accuracy (0.846421)
EVALUATING
{'loss': 58.92700035095215, 'accuracy': 0.8611527949571609, 'perfect_match_accuracy': 0.004, 'cost_ratio_suggested_true': 1.5839293825626373, 'below_10.0_percent_acc': 0.304, 'below_1.0_percent_acc': 0.018, 'below_0.1_percent_acc': 0.01, 'below_0.01_percent_acc': 0.01, 'below_0.001_percent_acc': 0.009, 'below_0.0001_percent_acc': 0.009, 'valid_acc': 1.0}
Epoch: 10	Batch time (0.533701)	Data time (0.004176)	Cuda time (0.000002)	Loss (57.971100)	Accuracy (0.843238)
EVALUATING
{'loss': 58.86700035095215, 'accuracy': 0.8593402796983719, 'perfect_match_accuracy': 0.004, 'cost_ratio_suggested_true': 1.5732301795482635, 'below_10.0_percent_acc': 0.284, 'below_1.0_percent_acc': 0.018, 'below_0.1_percent_acc': 0.01, 'below_0.01_percent_acc': 0.01, 'below_0.001_percent_acc': 0.008, 'below_0.0001_percent_acc': 0.008, 'valid_acc': 1.0}
Epoch: 11	Batch time (0.532949)	Data time (0.004178)	Cuda time (0.000002)	Loss (57.572800)	Accuracy (0.841747)
EVALUATING
{'loss': 59.96500038146973, 'accuracy': 0.8599514019489288, 'perfect_match_accuracy': 0.002, 'cost_ratio_suggested_true': 1.5449127972126007, 'below_10.0_percent_acc': 0.292, 'below_1.0_percent_acc': 0.016, 'below_0.1_percent_acc': 0.011, 'below_0.01_percent_acc': 0.011, 'below_0.001_percent_acc': 0.01, 'below_0.0001_percent_acc': 0.01, 'valid_acc': 1.0}
Epoch: 12	Batch time (0.539523)	Data time (0.004180)	Cuda time (0.000002)	Loss (57.084100)	Accuracy (0.835474)
EVALUATING
{'loss': 59.37800048828125, 'accuracy': 0.8640138989686966, 'perfect_match_accuracy': 0.002, 'cost_ratio_suggested_true': 1.4960697042942046, 'below_10.0_percent_acc': 0.362, 'below_1.0_percent_acc': 0.013, 'below_0.1_percent_acc': 0.008, 'below_0.01_percent_acc': 0.008, 'below_0.001_percent_acc': 0.008, 'below_0.0001_percent_acc': 0.008, 'valid_acc': 1.0}
Epoch: 13	Batch time (0.542940)	Data time (0.004200)	Cuda time (0.000002)	Loss (56.724100)	Accuracy (0.828027)
EVALUATING
{'loss': 60.83000011444092, 'accuracy': 0.8682569539546967, 'perfect_match_accuracy': 0.004, 'cost_ratio_suggested_true': 1.4609121143817902, 'below_10.0_percent_acc': 0.372, 'below_1.0_percent_acc': 0.017, 'below_0.1_percent_acc': 0.013, 'below_0.01_percent_acc': 0.013, 'below_0.001_percent_acc': 0.013, 'below_0.0001_percent_acc': 0.013, 'valid_acc': 1.0}
Epoch: 14	Batch time (0.550122)	Data time (0.004191)	Cuda time (0.000002)	Loss (55.867300)	Accuracy (0.819504)
EVALUATING
{'loss': 60.806000595092776, 'accuracy': 0.8718055689334869, 'perfect_match_accuracy': 0.007, 'cost_ratio_suggested_true': 1.6003900599479675, 'below_10.0_percent_acc': 0.345, 'below_1.0_percent_acc': 0.021, 'below_0.1_percent_acc': 0.018, 'below_0.01_percent_acc': 0.018, 'below_0.001_percent_acc': 0.016, 'below_0.0001_percent_acc': 0.016, 'valid_acc': 1.0}
Epoch: 15	Batch time (0.547935)	Data time (0.004184)	Cuda time (0.000002)	Loss (56.442700)	Accuracy (0.826106)
EVALUATING
{'loss': 59.82299976348877, 'accuracy': 0.8685833466053009, 'perfect_match_accuracy': 0.006, 'cost_ratio_suggested_true': 1.5796022486686707, 'below_10.0_percent_acc': 0.332, 'below_1.0_percent_acc': 0.015, 'below_0.1_percent_acc': 0.012, 'below_0.01_percent_acc': 0.012, 'below_0.001_percent_acc': 0.011, 'below_0.0001_percent_acc': 0.011, 'valid_acc': 1.0}
Epoch: 16	Batch time (0.547222)	Data time (0.004181)	Cuda time (0.000002)	Loss (55.985500)	Accuracy (0.822949)
EVALUATING
{'loss': 61.18700042724609, 'accuracy': 0.8796111226081849, 'perfect_match_accuracy': 0.011, 'cost_ratio_suggested_true': 1.5023908805847168, 'below_10.0_percent_acc': 0.456, 'below_1.0_percent_acc': 0.037, 'below_0.1_percent_acc': 0.028, 'below_0.01_percent_acc': 0.028, 'below_0.001_percent_acc': 0.025, 'below_0.0001_percent_acc': 0.025, 'valid_acc': 1.0}
Epoch: 17	Batch time (0.543543)	Data time (0.004156)	Cuda time (0.000002)	Loss (56.601200)	Accuracy (0.829092)
EVALUATING
{'loss': 59.1209997177124, 'accuracy': 0.8537847346067429, 'perfect_match_accuracy': 0.0, 'cost_ratio_suggested_true': 1.8669631373882294, 'below_10.0_percent_acc': 0.176, 'below_1.0_percent_acc': 0.003, 'below_0.1_percent_acc': 0.001, 'below_0.01_percent_acc': 0.001, 'below_0.001_percent_acc': 0.0, 'below_0.0001_percent_acc': 0.0, 'valid_acc': 1.0}
Epoch: 18	Batch time (0.537463)	Data time (0.004177)	Cuda time (0.000002)	Loss (57.172900)	Accuracy (0.831358)
EVALUATING
{'loss': 59.38300064086914, 'accuracy': 0.8608889067173005, 'perfect_match_accuracy': 0.007, 'cost_ratio_suggested_true': 1.562587766647339, 'below_10.0_percent_acc': 0.279, 'below_1.0_percent_acc': 0.025, 'below_0.1_percent_acc': 0.021, 'below_0.01_percent_acc': 0.021, 'below_0.001_percent_acc': 0.017, 'below_0.0001_percent_acc': 0.017, 'valid_acc': 1.0}
Epoch: 19	Batch time (0.532838)	Data time (0.004190)	Cuda time (0.000002)	Loss (57.539300)	Accuracy (0.836895)
EVALUATING
{'loss': 59.31799980163574, 'accuracy': 0.8618888974189758, 'perfect_match_accuracy': 0.003, 'cost_ratio_suggested_true': 1.5678874909877778, 'below_10.0_percent_acc': 0.264, 'below_1.0_percent_acc': 0.019, 'below_0.1_percent_acc': 0.016, 'below_0.01_percent_acc': 0.016, 'below_0.001_percent_acc': 0.013, 'below_0.0001_percent_acc': 0.013, 'valid_acc': 1.0}
Epoch: 20	Batch time (0.534226)	Data time (0.004200)	Cuda time (0.000002)	Loss (57.587700)	Accuracy (0.839707)
EVALUATING
{'loss': 59.78400058746338, 'accuracy': 0.8645069563388824, 'perfect_match_accuracy': 0.004, 'cost_ratio_suggested_true': 1.547462477684021, 'below_10.0_percent_acc': 0.279, 'below_1.0_percent_acc': 0.018, 'below_0.1_percent_acc': 0.015, 'below_0.01_percent_acc': 0.015, 'below_0.001_percent_acc': 0.011, 'below_0.0001_percent_acc': 0.011, 'valid_acc': 1.0}
Epoch: 21	Batch time (0.532522)	Data time (0.004185)	Cuda time (0.000002)	Loss (57.924200)	Accuracy (0.842917)
EVALUATING
{'loss': 59.94600063323975, 'accuracy': 0.8645625144243241, 'perfect_match_accuracy': 0.004, 'cost_ratio_suggested_true': 1.5068259298801423, 'below_10.0_percent_acc': 0.318, 'below_1.0_percent_acc': 0.024, 'below_0.1_percent_acc': 0.018, 'below_0.01_percent_acc': 0.018, 'below_0.001_percent_acc': 0.016, 'below_0.0001_percent_acc': 0.016, 'valid_acc': 1.0}
Epoch: 22	Batch time (0.538305)	Data time (0.004179)	Cuda time (0.000001)	Loss (57.417400)	Accuracy (0.836132)
EVALUATING
{'loss': 59.88000057220459, 'accuracy': 0.8653472375869751, 'perfect_match_accuracy': 0.005, 'cost_ratio_suggested_true': 1.5094154810905456, 'below_10.0_percent_acc': 0.308, 'below_1.0_percent_acc': 0.027, 'below_0.1_percent_acc': 0.02, 'below_0.01_percent_acc': 0.02, 'below_0.001_percent_acc': 0.017, 'below_0.0001_percent_acc': 0.017, 'valid_acc': 1.0}
Epoch: 23	Batch time (0.541955)	Data time (0.004183)	Cuda time (0.000002)	Loss (57.119300)	Accuracy (0.830807)
EVALUATING
{'loss': 59.39300033569336, 'accuracy': 0.863187519311905, 'perfect_match_accuracy': 0.004, 'cost_ratio_suggested_true': 1.5849566388130187, 'below_10.0_percent_acc': 0.245, 'below_1.0_percent_acc': 0.017, 'below_0.1_percent_acc': 0.014, 'below_0.01_percent_acc': 0.014, 'below_0.001_percent_acc': 0.013, 'below_0.0001_percent_acc': 0.013, 'valid_acc': 1.0}
Epoch: 24	Batch time (0.549849)	Data time (0.004190)	Cuda time (0.000001)	Loss (56.248800)	Accuracy (0.825108)
EVALUATING
{'loss': 59.18099987030029, 'accuracy': 0.8646250128746032, 'perfect_match_accuracy': 0.001, 'cost_ratio_suggested_true': 1.4301952171325683, 'below_10.0_percent_acc': 0.34, 'below_1.0_percent_acc': 0.017, 'below_0.1_percent_acc': 0.01, 'below_0.01_percent_acc': 0.01, 'below_0.001_percent_acc': 0.01, 'below_0.0001_percent_acc': 0.01, 'valid_acc': 1.0}
Epoch: 25	Batch time (0.556581)	Data time (0.004187)	Cuda time (0.000002)	Loss (54.856000)	Accuracy (0.807792)
EVALUATING
{'loss': 59.94600032806397, 'accuracy': 0.8638889050483703, 'perfect_match_accuracy': 0.002, 'cost_ratio_suggested_true': 1.469900336265564, 'below_10.0_percent_acc': 0.3, 'below_1.0_percent_acc': 0.013, 'below_0.1_percent_acc': 0.011, 'below_0.01_percent_acc': 0.011, 'below_0.001_percent_acc': 0.011, 'below_0.0001_percent_acc': 0.011, 'valid_acc': 1.0}
Epoch: 26	Batch time (0.561483)	Data time (0.004181)	Cuda time (0.000002)	Loss (53.584000)	Accuracy (0.794618)
EVALUATING
{'loss': 60.21700035095215, 'accuracy': 0.8715277868509292, 'perfect_match_accuracy': 0.006, 'cost_ratio_suggested_true': 1.4713012087345123, 'below_10.0_percent_acc': 0.381, 'below_1.0_percent_acc': 0.026, 'below_0.1_percent_acc': 0.019, 'below_0.01_percent_acc': 0.019, 'below_0.001_percent_acc': 0.018, 'below_0.0001_percent_acc': 0.018, 'valid_acc': 1.0}
Epoch: 27	Batch time (0.559875)	Data time (0.004188)	Cuda time (0.000002)	Loss (54.217300)	Accuracy (0.799140)
EVALUATING
{'loss': 60.105000228881835, 'accuracy': 0.8675625157356263, 'perfect_match_accuracy': 0.0, 'cost_ratio_suggested_true': 1.436232773065567, 'below_10.0_percent_acc': 0.335, 'below_1.0_percent_acc': 0.017, 'below_0.1_percent_acc': 0.012, 'below_0.01_percent_acc': 0.012, 'below_0.001_percent_acc': 0.012, 'below_0.0001_percent_acc': 0.012, 'valid_acc': 1.0}
Epoch: 28	Batch time (0.561353)	Data time (0.004178)	Cuda time (0.000011)	Loss (54.043000)	Accuracy (0.798447)
EVALUATING
{'loss': 60.89600028991699, 'accuracy': 0.8749930715560913, 'perfect_match_accuracy': 0.003, 'cost_ratio_suggested_true': 1.4008047103881835, 'below_10.0_percent_acc': 0.396, 'below_1.0_percent_acc': 0.018, 'below_0.1_percent_acc': 0.013, 'below_0.01_percent_acc': 0.013, 'below_0.001_percent_acc': 0.013, 'below_0.0001_percent_acc': 0.013, 'valid_acc': 1.0}
Epoch: 29	Batch time (0.559859)	Data time (0.004197)	Cuda time (0.000002)	Loss (54.225300)	Accuracy (0.799350)
EVALUATING
{'loss': 59.681000785827635, 'accuracy': 0.8622013986110687, 'perfect_match_accuracy': 0.001, 'cost_ratio_suggested_true': 1.4827811205387116, 'below_10.0_percent_acc': 0.278, 'below_1.0_percent_acc': 0.011, 'below_0.1_percent_acc': 0.009, 'below_0.01_percent_acc': 0.009, 'below_0.001_percent_acc': 0.009, 'below_0.0001_percent_acc': 0.009, 'valid_acc': 1.0}
Epoch: 30	Batch time (0.559240)	Data time (0.004206)	Cuda time (0.000002)	Loss (54.082100)	Accuracy (0.797015)
EVALUATING
{'loss': 59.91799987792969, 'accuracy': 0.866166679263115, 'perfect_match_accuracy': 0.003, 'cost_ratio_suggested_true': 1.4873805153369903, 'below_10.0_percent_acc': 0.322, 'below_1.0_percent_acc': 0.017, 'below_0.1_percent_acc': 0.014, 'below_0.01_percent_acc': 0.014, 'below_0.001_percent_acc': 0.013, 'below_0.0001_percent_acc': 0.013, 'valid_acc': 1.0}
Epoch: 31	Batch time (0.560213)	Data time (0.004202)	Cuda time (0.000002)	Loss (54.019100)	Accuracy (0.796894)
EVALUATING
{'loss': 60.11200023651123, 'accuracy': 0.865284731388092, 'perfect_match_accuracy': 0.002, 'cost_ratio_suggested_true': 1.4785342705249787, 'below_10.0_percent_acc': 0.318, 'below_1.0_percent_acc': 0.014, 'below_0.1_percent_acc': 0.01, 'below_0.01_percent_acc': 0.01, 'below_0.001_percent_acc': 0.01, 'below_0.0001_percent_acc': 0.01, 'valid_acc': 1.0}
Epoch: 32	Batch time (0.561682)	Data time (0.004202)	Cuda time (0.000002)	Loss (53.891900)	Accuracy (0.795770)
EVALUATING
{'loss': 60.70899978637695, 'accuracy': 0.8665208405256272, 'perfect_match_accuracy': 0.003, 'cost_ratio_suggested_true': 1.4784948563575744, 'below_10.0_percent_acc': 0.332, 'below_1.0_percent_acc': 0.015, 'below_0.1_percent_acc': 0.014, 'below_0.01_percent_acc': 0.014, 'below_0.001_percent_acc': 0.013, 'below_0.0001_percent_acc': 0.013, 'valid_acc': 1.0}
Epoch: 33	Batch time (0.560610)	Data time (0.004203)	Cuda time (0.000002)	Loss (54.267000)	Accuracy (0.796375)
EVALUATING
{'loss': 60.47300022125244, 'accuracy': 0.8656319510936737, 'perfect_match_accuracy': 0.003, 'cost_ratio_suggested_true': 1.4784848833084105, 'below_10.0_percent_acc': 0.321, 'below_1.0_percent_acc': 0.015, 'below_0.1_percent_acc': 0.013, 'below_0.01_percent_acc': 0.013, 'below_0.001_percent_acc': 0.012, 'below_0.0001_percent_acc': 0.012, 'valid_acc': 1.0}
Epoch: 34	Batch time (0.560022)	Data time (0.004180)	Cuda time (0.000002)	Loss (53.898500)	Accuracy (0.795604)
EVALUATING
{'loss': 60.270999908447266, 'accuracy': 0.8672013926506043, 'perfect_match_accuracy': 0.003, 'cost_ratio_suggested_true': 1.473614169359207, 'below_10.0_percent_acc': 0.336, 'below_1.0_percent_acc': 0.016, 'below_0.1_percent_acc': 0.014, 'below_0.01_percent_acc': 0.014, 'below_0.001_percent_acc': 0.013, 'below_0.0001_percent_acc': 0.013, 'valid_acc': 1.0}
Epoch: 35	Batch time (0.560726)	Data time (0.004180)	Cuda time (0.000002)	Loss (54.081200)	Accuracy (0.795862)
EVALUATING
{'loss': 59.91600063323975, 'accuracy': 0.8683680659532547, 'perfect_match_accuracy': 0.003, 'cost_ratio_suggested_true': 1.4593177354335785, 'below_10.0_percent_acc': 0.345, 'below_1.0_percent_acc': 0.016, 'below_0.1_percent_acc': 0.015, 'below_0.01_percent_acc': 0.015, 'below_0.001_percent_acc': 0.014, 'below_0.0001_percent_acc': 0.014, 'valid_acc': 1.0}
Epoch: 36	Batch time (0.560091)	Data time (0.004192)	Cuda time (0.000002)	Loss (54.105100)	Accuracy (0.796122)
EVALUATING
{'loss': 60.5970000076294, 'accuracy': 0.8680902862548828, 'perfect_match_accuracy': 0.003, 'cost_ratio_suggested_true': 1.457213362455368, 'below_10.0_percent_acc': 0.353, 'below_1.0_percent_acc': 0.019, 'below_0.1_percent_acc': 0.018, 'below_0.01_percent_acc': 0.018, 'below_0.001_percent_acc': 0.017, 'below_0.0001_percent_acc': 0.017, 'valid_acc': 1.0}
Epoch: 37	Batch time (0.560568)	Data time (0.004185)	Cuda time (0.000002)	Loss (54.327300)	Accuracy (0.796954)
EVALUATING
{'loss': 60.06900047302246, 'accuracy': 0.8683611226081848, 'perfect_match_accuracy': 0.003, 'cost_ratio_suggested_true': 1.4611032795906067, 'below_10.0_percent_acc': 0.349, 'below_1.0_percent_acc': 0.019, 'below_0.1_percent_acc': 0.017, 'below_0.01_percent_acc': 0.017, 'below_0.001_percent_acc': 0.016, 'below_0.0001_percent_acc': 0.016, 'valid_acc': 1.0}
Epoch: 38	Batch time (0.559782)	Data time (0.004188)	Cuda time (0.000002)	Loss (54.163400)	Accuracy (0.797927)
EVALUATING
{'loss': 60.161000442504886, 'accuracy': 0.8691597300767898, 'perfect_match_accuracy': 0.003, 'cost_ratio_suggested_true': 1.457709583044052, 'below_10.0_percent_acc': 0.358, 'below_1.0_percent_acc': 0.02, 'below_0.1_percent_acc': 0.018, 'below_0.01_percent_acc': 0.018, 'below_0.001_percent_acc': 0.017, 'below_0.0001_percent_acc': 0.017, 'valid_acc': 1.0}
Epoch: 39	Batch time (0.560736)	Data time (0.004186)	Cuda time (0.000002)	Loss (54.229300)	Accuracy (0.798524)
EVALUATING
{'loss': 60.33900001525879, 'accuracy': 0.870541678071022, 'perfect_match_accuracy': 0.004, 'cost_ratio_suggested_true': 1.4574782371520996, 'below_10.0_percent_acc': 0.361, 'below_1.0_percent_acc': 0.024, 'below_0.1_percent_acc': 0.022, 'below_0.01_percent_acc': 0.022, 'below_0.001_percent_acc': 0.021, 'below_0.0001_percent_acc': 0.021, 'valid_acc': 1.0}
Epoch: 40	Batch time (0.559801)	Data time (0.004194)	Cuda time (0.000002)	Loss (54.366000)	Accuracy (0.800406)
EVALUATING
{'loss': 60.26800003051758, 'accuracy': 0.8692708522081375, 'perfect_match_accuracy': 0.004, 'cost_ratio_suggested_true': 1.449016798734665, 'below_10.0_percent_acc': 0.362, 'below_1.0_percent_acc': 0.024, 'below_0.1_percent_acc': 0.021, 'below_0.01_percent_acc': 0.021, 'below_0.001_percent_acc': 0.02, 'below_0.0001_percent_acc': 0.02, 'valid_acc': 1.0}
Epoch: 41	Batch time (0.561697)	Data time (0.004184)	Cuda time (0.000002)	Loss (54.407200)	Accuracy (0.799559)
EVALUATING
{'loss': 60.36400058746338, 'accuracy': 0.8704305613040924, 'perfect_match_accuracy': 0.004, 'cost_ratio_suggested_true': 1.4479691505432128, 'below_10.0_percent_acc': 0.359, 'below_1.0_percent_acc': 0.023, 'below_0.1_percent_acc': 0.021, 'below_0.01_percent_acc': 0.021, 'below_0.001_percent_acc': 0.02, 'below_0.0001_percent_acc': 0.02, 'valid_acc': 1.0}
Epoch: 42	Batch time (0.558581)	Data time (0.004155)	Cuda time (0.000002)	Loss (54.265700)	Accuracy (0.799979)
EVALUATING
{'loss': 60.141000022888186, 'accuracy': 0.8709791666269302, 'perfect_match_accuracy': 0.004, 'cost_ratio_suggested_true': 1.4474416828155519, 'below_10.0_percent_acc': 0.366, 'below_1.0_percent_acc': 0.022, 'below_0.1_percent_acc': 0.018, 'below_0.01_percent_acc': 0.018, 'below_0.001_percent_acc': 0.017, 'below_0.0001_percent_acc': 0.017, 'valid_acc': 1.0}
Epoch: 43	Batch time (0.560038)	Data time (0.004181)	Cuda time (0.000002)	Loss (54.386300)	Accuracy (0.799812)
EVALUATING
{'loss': 60.09200019836426, 'accuracy': 0.8697152972221375, 'perfect_match_accuracy': 0.004, 'cost_ratio_suggested_true': 1.44517355799675, 'below_10.0_percent_acc': 0.366, 'below_1.0_percent_acc': 0.025, 'below_0.1_percent_acc': 0.021, 'below_0.01_percent_acc': 0.021, 'below_0.001_percent_acc': 0.02, 'below_0.0001_percent_acc': 0.02, 'valid_acc': 1.0}
Epoch: 44	Batch time (0.559588)	Data time (0.004180)	Cuda time (0.000002)	Loss (54.222600)	Accuracy (0.800206)
EVALUATING
{'loss': 59.98600067138672, 'accuracy': 0.8698611223697662, 'perfect_match_accuracy': 0.004, 'cost_ratio_suggested_true': 1.4448508822917938, 'below_10.0_percent_acc': 0.366, 'below_1.0_percent_acc': 0.023, 'below_0.1_percent_acc': 0.021, 'below_0.01_percent_acc': 0.021, 'below_0.001_percent_acc': 0.02, 'below_0.0001_percent_acc': 0.02, 'valid_acc': 1.0}
Epoch: 45	Batch time (0.559392)	Data time (0.004176)	Cuda time (0.000002)	Loss (54.319900)	Accuracy (0.800922)
EVALUATING
{'loss': 60.45000015258789, 'accuracy': 0.8703472399711609, 'perfect_match_accuracy': 0.004, 'cost_ratio_suggested_true': 1.4431727290153504, 'below_10.0_percent_acc': 0.37, 'below_1.0_percent_acc': 0.024, 'below_0.1_percent_acc': 0.021, 'below_0.01_percent_acc': 0.021, 'below_0.001_percent_acc': 0.02, 'below_0.0001_percent_acc': 0.02, 'valid_acc': 1.0}
Epoch: 46	Batch time (0.557694)	Data time (0.004137)	Cuda time (0.000002)	Loss (54.544000)	Accuracy (0.800557)
EVALUATING
{'loss': 60.21700065612793, 'accuracy': 0.8697013992071152, 'perfect_match_accuracy': 0.004, 'cost_ratio_suggested_true': 1.4461200368404388, 'below_10.0_percent_acc': 0.361, 'below_1.0_percent_acc': 0.024, 'below_0.1_percent_acc': 0.022, 'below_0.01_percent_acc': 0.022, 'below_0.001_percent_acc': 0.021, 'below_0.0001_percent_acc': 0.021, 'valid_acc': 1.0}
Epoch: 47	Batch time (0.557485)	Data time (0.004143)	Cuda time (0.000002)	Loss (54.310300)	Accuracy (0.800812)
EVALUATING
{'loss': 60.718000679016114, 'accuracy': 0.8694583487510681, 'perfect_match_accuracy': 0.004, 'cost_ratio_suggested_true': 1.4474948561191558, 'below_10.0_percent_acc': 0.359, 'below_1.0_percent_acc': 0.024, 'below_0.1_percent_acc': 0.022, 'below_0.01_percent_acc': 0.022, 'below_0.001_percent_acc': 0.021, 'below_0.0001_percent_acc': 0.021, 'valid_acc': 1.0}
Epoch: 48	Batch time (0.557771)	Data time (0.004154)	Cuda time (0.000002)	Loss (54.243400)	Accuracy (0.800267)
EVALUATING
{'loss': 60.3390007019043, 'accuracy': 0.8721041768789292, 'perfect_match_accuracy': 0.004, 'cost_ratio_suggested_true': 1.4407977485656738, 'below_10.0_percent_acc': 0.376, 'below_1.0_percent_acc': 0.026, 'below_0.1_percent_acc': 0.022, 'below_0.01_percent_acc': 0.022, 'below_0.001_percent_acc': 0.021, 'below_0.0001_percent_acc': 0.021, 'valid_acc': 1.0}
Epoch: 49	Batch time (0.558194)	Data time (0.004138)	Cuda time (0.000002)	Loss (54.228800)	Accuracy (0.799009)
EVALUATING
{'loss': 60.294000244140626, 'accuracy': 0.8717986297607422, 'perfect_match_accuracy': 0.004, 'cost_ratio_suggested_true': 1.4413456284999848, 'below_10.0_percent_acc': 0.376, 'below_1.0_percent_acc': 0.024, 'below_0.1_percent_acc': 0.021, 'below_0.01_percent_acc': 0.021, 'below_0.001_percent_acc': 0.02, 'below_0.0001_percent_acc': 0.02, 'valid_acc': 1.0}
Epoch: 50	Batch time (0.556985)	Data time (0.004139)	Cuda time (0.000002)	Loss (54.382300)	Accuracy (0.799774)
EVALUATING
{'loss': 61.3390002822876, 'accuracy': 0.8714097440242767, 'perfect_match_accuracy': 0.004, 'cost_ratio_suggested_true': 1.4417621970176697, 'below_10.0_percent_acc': 0.382, 'below_1.0_percent_acc': 0.025, 'below_0.1_percent_acc': 0.022, 'below_0.01_percent_acc': 0.022, 'below_0.001_percent_acc': 0.021, 'below_0.0001_percent_acc': 0.021, 'valid_acc': 1.0}
