No existing entry for trainer_params.mode.type
{}[type] = <class 'int'>(5)
No existing entry for trainer_params.mode.objective_type
{'type': 5}[objective_type] = <class 'str'>(normal)
No existing entry for trainer_params.mode.use_marginal
{'type': 5, 'objective_type': 'normal'}[use_marginal] = <class 'bool'>(True)
No existing entry for trainer_params.mode.nb_samples
{'type': 5, 'objective_type': 'normal', 'use_marginal': True}[nb_samples] = <class 'int'>(1)
No existing entry for trainer_params.mode.temperature
{'type': 5, 'objective_type': 'normal', 'use_marginal': True, 'nb_samples': 1}[temperature] = <class 'float'>(0.1)
No existing entry for trainer_params.mode.use_gamma
{'type': 5, 'objective_type': 'normal', 'use_marginal': True, 'nb_samples': 1, 'temperature': 0.1}[use_gamma] = <class 'bool'>(False)
No existing entry for trainer_params.mode.loss_type
{'type': 5, 'objective_type': 'normal', 'use_marginal': True, 'nb_samples': 1, 'temperature': 0.1, 'use_gamma': False}[loss_type] = <class 'str'>(fy)
No existing entry for trainer_params.mode.perturb_w
{'type': 5, 'objective_type': 'normal', 'use_marginal': True, 'nb_samples': 1, 'temperature': 0.1, 'use_gamma': False, 'loss_type': 'fy'}[perturb_w] = <class 'bool'>(False)
No existing entry for trainer_params.mode.perturb_w_prime
{'type': 5, 'objective_type': 'normal', 'use_marginal': True, 'nb_samples': 1, 'temperature': 0.1, 'use_gamma': False, 'loss_type': 'fy', 'perturb_w': False}[perturb_w_prime] = <class 'bool'>(False)
{'batch_size': 70, 'l1_regconst': 0.0, 'lambda_val': 20.0, 'lr_milestone_1': 30, 'lr_milestone_2': 40, 'model_params': {'arch_params': {}, 'model_name': 'CombResnet18'}, 'neighbourhood_fn': '8-grid', 'optimizer_name': 'Adam', 'optimizer_params': {'lr': 0.0005}, 'preload_batch': True, 'use_cuda': True, 'use_lr_scheduling': True, 'mode': {'type': 5, 'objective_type': 'normal', 'use_marginal': True, 'nb_samples': 1, 'temperature': 0.1, 'use_gamma': False, 'loss_type': 'fy', 'perturb_w': False, 'perturb_w_prime': False}}[lambda_val] = <class 'float'>(0.0)
{'data_dir': 'data/warcraft_shortest_path/12x12', 'evaluate_with_extra': False, 'normalize': True, 'use_local_path': False, 'use_test_set': True}[data_dir] = <class 'str'>(data/warcraft_shortest_path/18x18)
{'evaluate_every': 5, 'loader_params': {'data_dir': 'data/warcraft_shortest_path/18x18', 'evaluate_with_extra': False, 'normalize': True, 'use_local_path': False, 'use_test_set': True}, 'model_dir': 'results/warcraft_shortest_path_combresnet', 'num_cpus': 24, 'num_epochs': 50, 'problem_type': 'warcraft_shortest_path', 'ray_params': {}, 'save_visualizations': False, 'seed': 1, 'trainer_name': 'DijkstraMAP', 'trainer_params': {'batch_size': 70, 'l1_regconst': 0.0, 'lambda_val': 0.0, 'lr_milestone_1': 30, 'lr_milestone_2': 40, 'model_params': {'arch_params': {}, 'model_name': 'CombResnet18'}, 'neighbourhood_fn': '8-grid', 'optimizer_name': 'Adam', 'optimizer_params': {'lr': 0.0005}, 'preload_batch': True, 'use_cuda': True, 'use_lr_scheduling': True, 'mode': {'type': 5, 'objective_type': 'normal', 'use_marginal': True, 'nb_samples': 1, 'temperature': 0.1, 'use_gamma': False, 'loss_type': 'fy', 'perturb_w': False, 'perturb_w_prime': False}}, 'use_ray': True}[seed] = <class 'int'>(3)
{'evaluate_every': 5, 'loader_params': {'data_dir': 'data/warcraft_shortest_path/18x18', 'evaluate_with_extra': False, 'normalize': True, 'use_local_path': False, 'use_test_set': True}, 'model_dir': 'results/warcraft_shortest_path_combresnet', 'num_cpus': 24, 'num_epochs': 50, 'problem_type': 'warcraft_shortest_path', 'ray_params': {}, 'save_visualizations': False, 'seed': 3, 'trainer_name': 'DijkstraMAP', 'trainer_params': {'batch_size': 70, 'l1_regconst': 0.0, 'lambda_val': 0.0, 'lr_milestone_1': 30, 'lr_milestone_2': 40, 'model_params': {'arch_params': {}, 'model_name': 'CombResnet18'}, 'neighbourhood_fn': '8-grid', 'optimizer_name': 'Adam', 'optimizer_params': {'lr': 0.0005}, 'preload_batch': True, 'use_cuda': True, 'use_lr_scheduling': True, 'mode': {'type': 5, 'objective_type': 'normal', 'use_marginal': True, 'nb_samples': 1, 'temperature': 0.1, 'use_gamma': False, 'loss_type': 'fy', 'perturb_w': False, 'perturb_w_prime': False}}, 'use_ray': True}[evaluate_every] = <class 'int'>(1)
{'evaluate_every': 1, 'loader_params': {'data_dir': 'data/warcraft_shortest_path/18x18', 'evaluate_with_extra': False, 'normalize': True, 'use_local_path': False, 'use_test_set': True}, 'model_dir': 'results/warcraft_shortest_path_combresnet', 'num_cpus': 24, 'num_epochs': 50, 'problem_type': 'warcraft_shortest_path', 'ray_params': {}, 'save_visualizations': False, 'seed': 3, 'trainer_name': 'DijkstraMAP', 'trainer_params': {'batch_size': 70, 'l1_regconst': 0.0, 'lambda_val': 0.0, 'lr_milestone_1': 30, 'lr_milestone_2': 40, 'model_params': {'arch_params': {}, 'model_name': 'CombResnet18'}, 'neighbourhood_fn': '8-grid', 'optimizer_name': 'Adam', 'optimizer_params': {'lr': 0.0005}, 'preload_batch': True, 'use_cuda': True, 'use_lr_scheduling': True, 'mode': {'type': 5, 'objective_type': 'normal', 'use_marginal': True, 'nb_samples': 1, 'temperature': 0.1, 'use_gamma': False, 'loss_type': 'fy', 'perturb_w': False, 'perturb_w_prime': False}}, 'use_ray': True}[use_ray] = <class 'bool'>(False)
No existing entry for trainer_params.mode.type
{}[type] = <class 'int'>(5)
No existing entry for trainer_params.mode.objective_type
{'type': 5}[objective_type] = <class 'str'>(normal)
No existing entry for trainer_params.mode.use_marginal
{'type': 5, 'objective_type': 'normal'}[use_marginal] = <class 'bool'>(True)
No existing entry for trainer_params.mode.nb_samples
{'type': 5, 'objective_type': 'normal', 'use_marginal': True}[nb_samples] = <class 'int'>(1)
No existing entry for trainer_params.mode.temperature
{'type': 5, 'objective_type': 'normal', 'use_marginal': True, 'nb_samples': 1}[temperature] = <class 'float'>(0.1)
No existing entry for trainer_params.mode.use_gamma
{'type': 5, 'objective_type': 'normal', 'use_marginal': True, 'nb_samples': 1, 'temperature': 0.1}[use_gamma] = <class 'bool'>(False)
No existing entry for trainer_params.mode.loss_type
{'type': 5, 'objective_type': 'normal', 'use_marginal': True, 'nb_samples': 1, 'temperature': 0.1, 'use_gamma': False}[loss_type] = <class 'str'>(fy)
No existing entry for trainer_params.mode.perturb_w
{'type': 5, 'objective_type': 'normal', 'use_marginal': True, 'nb_samples': 1, 'temperature': 0.1, 'use_gamma': False, 'loss_type': 'fy'}[perturb_w] = <class 'bool'>(False)
No existing entry for trainer_params.mode.perturb_w_prime
{'type': 5, 'objective_type': 'normal', 'use_marginal': True, 'nb_samples': 1, 'temperature': 0.1, 'use_gamma': False, 'loss_type': 'fy', 'perturb_w': False}[perturb_w_prime] = <class 'bool'>(False)
{'batch_size': 70, 'l1_regconst': 0.0, 'lambda_val': 20.0, 'lr_milestone_1': 30, 'lr_milestone_2': 40, 'model_params': {'arch_params': {}, 'model_name': 'CombResnet18'}, 'neighbourhood_fn': '8-grid', 'optimizer_name': 'Adam', 'optimizer_params': {'lr': 0.0005}, 'preload_batch': True, 'use_cuda': True, 'use_lr_scheduling': True, 'mode': {'type': 5, 'objective_type': 'normal', 'use_marginal': True, 'nb_samples': 1, 'temperature': 0.1, 'use_gamma': False, 'loss_type': 'fy', 'perturb_w': False, 'perturb_w_prime': False}}[lambda_val] = <class 'float'>(0.0)
{'data_dir': 'data/warcraft_shortest_path/12x12', 'evaluate_with_extra': False, 'normalize': True, 'use_local_path': False, 'use_test_set': True}[data_dir] = <class 'str'>(data/warcraft_shortest_path/18x18)
{'evaluate_every': 5, 'loader_params': {'data_dir': 'data/warcraft_shortest_path/18x18', 'evaluate_with_extra': False, 'normalize': True, 'use_local_path': False, 'use_test_set': True}, 'model_dir': 'results/warcraft_shortest_path_combresnet', 'num_cpus': 24, 'num_epochs': 50, 'problem_type': 'warcraft_shortest_path', 'ray_params': {}, 'save_visualizations': False, 'seed': 1, 'trainer_name': 'DijkstraMAP', 'trainer_params': {'batch_size': 70, 'l1_regconst': 0.0, 'lambda_val': 0.0, 'lr_milestone_1': 30, 'lr_milestone_2': 40, 'model_params': {'arch_params': {}, 'model_name': 'CombResnet18'}, 'neighbourhood_fn': '8-grid', 'optimizer_name': 'Adam', 'optimizer_params': {'lr': 0.0005}, 'preload_batch': True, 'use_cuda': True, 'use_lr_scheduling': True, 'mode': {'type': 5, 'objective_type': 'normal', 'use_marginal': True, 'nb_samples': 1, 'temperature': 0.1, 'use_gamma': False, 'loss_type': 'fy', 'perturb_w': False, 'perturb_w_prime': False}}, 'use_ray': True}[seed] = <class 'int'>(3)
{'evaluate_every': 5, 'loader_params': {'data_dir': 'data/warcraft_shortest_path/18x18', 'evaluate_with_extra': False, 'normalize': True, 'use_local_path': False, 'use_test_set': True}, 'model_dir': 'results/warcraft_shortest_path_combresnet', 'num_cpus': 24, 'num_epochs': 50, 'problem_type': 'warcraft_shortest_path', 'ray_params': {}, 'save_visualizations': False, 'seed': 3, 'trainer_name': 'DijkstraMAP', 'trainer_params': {'batch_size': 70, 'l1_regconst': 0.0, 'lambda_val': 0.0, 'lr_milestone_1': 30, 'lr_milestone_2': 40, 'model_params': {'arch_params': {}, 'model_name': 'CombResnet18'}, 'neighbourhood_fn': '8-grid', 'optimizer_name': 'Adam', 'optimizer_params': {'lr': 0.0005}, 'preload_batch': True, 'use_cuda': True, 'use_lr_scheduling': True, 'mode': {'type': 5, 'objective_type': 'normal', 'use_marginal': True, 'nb_samples': 1, 'temperature': 0.1, 'use_gamma': False, 'loss_type': 'fy', 'perturb_w': False, 'perturb_w_prime': False}}, 'use_ray': True}[evaluate_every] = <class 'int'>(1)
{'evaluate_every': 1, 'loader_params': {'data_dir': 'data/warcraft_shortest_path/18x18', 'evaluate_with_extra': False, 'normalize': True, 'use_local_path': False, 'use_test_set': True}, 'model_dir': 'results/warcraft_shortest_path_combresnet', 'num_cpus': 24, 'num_epochs': 50, 'problem_type': 'warcraft_shortest_path', 'ray_params': {}, 'save_visualizations': False, 'seed': 3, 'trainer_name': 'DijkstraMAP', 'trainer_params': {'batch_size': 70, 'l1_regconst': 0.0, 'lambda_val': 0.0, 'lr_milestone_1': 30, 'lr_milestone_2': 40, 'model_params': {'arch_params': {}, 'model_name': 'CombResnet18'}, 'neighbourhood_fn': '8-grid', 'optimizer_name': 'Adam', 'optimizer_params': {'lr': 0.0005}, 'preload_batch': True, 'use_cuda': True, 'use_lr_scheduling': True, 'mode': {'type': 5, 'objective_type': 'normal', 'use_marginal': True, 'nb_samples': 1, 'temperature': 0.1, 'use_gamma': False, 'loss_type': 'fy', 'perturb_w': False, 'perturb_w_prime': False}}, 'use_ray': True}[use_ray] = <class 'bool'>(False)
{
    "evaluate_every": 1,
    "loader_params": {
        "data_dir": "data/warcraft_shortest_path/18x18",
        "evaluate_with_extra": false,
        "normalize": true,
        "use_local_path": false,
        "use_test_set": true
    },
    "model_dir": "results/warcraft_shortest_path_combresnet",
    "num_cpus": 24,
    "num_epochs": 50,
    "problem_type": "warcraft_shortest_path",
    "ray_params": {},
    "save_visualizations": false,
    "seed": 3,
    "trainer_name": "DijkstraMAP",
    "trainer_params": {
        "batch_size": 70,
        "l1_regconst": 0.0,
        "lambda_val": 0.0,
        "lr_milestone_1": 30,
        "lr_milestone_2": 40,
        "mode": {
            "loss_type": "fy",
            "nb_samples": 1,
            "objective_type": "normal",
            "perturb_w": false,
            "perturb_w_prime": false,
            "temperature": 0.1,
            "type": 5,
            "use_gamma": false,
            "use_marginal": true
        },
        "model_params": {
            "arch_params": {},
            "model_name": "CombResnet18"
        },
        "neighbourhood_fn": "8-grid",
        "optimizer_name": "Adam",
        "optimizer_params": {
            "lr": 0.0005
        },
        "preload_batch": true,
        "use_cuda": true,
        "use_lr_scheduling": true
    },
    "use_ray": false
}
MAP-BACKPROP MODE: {
    "loss_type": "fy",
    "nb_samples": 1,
    "objective_type": "normal",
    "perturb_w": false,
    "perturb_w_prime": false,
    "temperature": 0.1,
    "type": 5,
    "use_gamma": false,
    "use_marginal": true
}
True
META: {'input_image_size': 144, 'output_features': 324, 'num_channels': 3, 'denormalize': <maprop.decorators.input_to_numpy object at 0x2ad68cf5ce48>}
EVALUATING
{'loss': 136.02100074768066, 'accuracy': 0.9082222139835358, 'perfect_match_accuracy': 0.008, 'cost_ratio_suggested_true': 2.685205645561218, 'below_10.0_percent_acc': 0.076, 'below_1.0_percent_acc': 0.019, 'below_0.1_percent_acc': 0.016, 'below_0.01_percent_acc': 0.016, 'below_0.001_percent_acc': 0.014, 'below_0.0001_percent_acc': 0.014, 'valid_acc': 1.0}
Epoch: 1	Batch time (2.346631)	Data time (0.042422)	Cuda time (0.000001)	Loss (133.452901)	Accuracy (0.895749)
EVALUATING
{'loss': 135.4400015258789, 'accuracy': 0.9010771411657333, 'perfect_match_accuracy': 0.003, 'cost_ratio_suggested_true': 2.7186072754859922, 'below_10.0_percent_acc': 0.078, 'below_1.0_percent_acc': 0.011, 'below_0.1_percent_acc': 0.007, 'below_0.01_percent_acc': 0.007, 'below_0.001_percent_acc': 0.006, 'below_0.0001_percent_acc': 0.006, 'valid_acc': 1.0}
Epoch: 2	Batch time (2.719338)	Data time (0.034836)	Cuda time (0.000001)	Loss (134.390901)	Accuracy (0.901602)
EVALUATING
{'loss': 134.13200271606445, 'accuracy': 0.9071882557868958, 'perfect_match_accuracy': 0.004, 'cost_ratio_suggested_true': 2.116892635822296, 'below_10.0_percent_acc': 0.179, 'below_1.0_percent_acc': 0.023, 'below_0.1_percent_acc': 0.015, 'below_0.01_percent_acc': 0.015, 'below_0.001_percent_acc': 0.015, 'below_0.0001_percent_acc': 0.015, 'valid_acc': 1.0}
Epoch: 3	Batch time (2.219163)	Data time (0.042513)	Cuda time (0.000001)	Loss (134.144900)	Accuracy (0.903689)
EVALUATING
{'loss': 132.218999710083, 'accuracy': 0.8995432013273239, 'perfect_match_accuracy': 0.0, 'cost_ratio_suggested_true': 2.034480803012848, 'below_10.0_percent_acc': 0.215, 'below_1.0_percent_acc': 0.017, 'below_0.1_percent_acc': 0.008, 'below_0.01_percent_acc': 0.008, 'below_0.001_percent_acc': 0.007, 'below_0.0001_percent_acc': 0.007, 'valid_acc': 1.0}
Epoch: 4	Batch time (1.881714)	Data time (0.026189)	Cuda time (0.000001)	Loss (132.983401)	Accuracy (0.902018)
EVALUATING
{'loss': 134.1269989013672, 'accuracy': 0.9090956735610962, 'perfect_match_accuracy': 0.001, 'cost_ratio_suggested_true': 1.7658058941364287, 'below_10.0_percent_acc': 0.388, 'below_1.0_percent_acc': 0.054, 'below_0.1_percent_acc': 0.039, 'below_0.01_percent_acc': 0.039, 'below_0.001_percent_acc': 0.038, 'below_0.0001_percent_acc': 0.038, 'valid_acc': 1.0}
Epoch: 5	Batch time (2.733906)	Data time (0.049148)	Cuda time (0.000001)	Loss (132.426701)	Accuracy (0.896754)
EVALUATING
{'loss': 132.03300102233888, 'accuracy': 0.8941944342851639, 'perfect_match_accuracy': 0.002, 'cost_ratio_suggested_true': 3.6353367614746093, 'below_10.0_percent_acc': 0.019, 'below_1.0_percent_acc': 0.004, 'below_0.1_percent_acc': 0.004, 'below_0.01_percent_acc': 0.004, 'below_0.001_percent_acc': 0.004, 'below_0.0001_percent_acc': 0.004, 'valid_acc': 1.0}
Epoch: 6	Batch time (2.671377)	Data time (0.047033)	Cuda time (0.000001)	Loss (132.843900)	Accuracy (0.895204)
EVALUATING
{'loss': 133.28000061035155, 'accuracy': 0.8980339449644089, 'perfect_match_accuracy': 0.003, 'cost_ratio_suggested_true': 3.2063030791282654, 'below_10.0_percent_acc': 0.039, 'below_1.0_percent_acc': 0.006, 'below_0.1_percent_acc': 0.005, 'below_0.01_percent_acc': 0.005, 'below_0.001_percent_acc': 0.005, 'below_0.0001_percent_acc': 0.005, 'valid_acc': 1.0}
Epoch: 7	Batch time (2.593863)	Data time (0.031577)	Cuda time (0.000001)	Loss (133.055401)	Accuracy (0.898153)
EVALUATING
{'loss': 132.9030012512207, 'accuracy': 0.899913564324379, 'perfect_match_accuracy': 0.002, 'cost_ratio_suggested_true': 1.8759779632091522, 'below_10.0_percent_acc': 0.205, 'below_1.0_percent_acc': 0.013, 'below_0.1_percent_acc': 0.008, 'below_0.01_percent_acc': 0.008, 'below_0.001_percent_acc': 0.008, 'below_0.0001_percent_acc': 0.007, 'valid_acc': 1.0}
Epoch: 8	Batch time (2.519096)	Data time (0.049100)	Cuda time (0.000001)	Loss (132.930801)	Accuracy (0.898236)
EVALUATING
{'loss': 132.8020004272461, 'accuracy': 0.8989567810297012, 'perfect_match_accuracy': 0.0, 'cost_ratio_suggested_true': 1.7636491882801055, 'below_10.0_percent_acc': 0.205, 'below_1.0_percent_acc': 0.01, 'below_0.1_percent_acc': 0.002, 'below_0.01_percent_acc': 0.002, 'below_0.001_percent_acc': 0.002, 'below_0.0001_percent_acc': 0.002, 'valid_acc': 1.0}
Epoch: 9	Batch time (2.613788)	Data time (0.049566)	Cuda time (0.000001)	Loss (132.841801)	Accuracy (0.900211)
EVALUATING
{'loss': 134.70400146484374, 'accuracy': 0.907669746875763, 'perfect_match_accuracy': 0.003, 'cost_ratio_suggested_true': 1.7252274894714354, 'below_10.0_percent_acc': 0.296, 'below_1.0_percent_acc': 0.027, 'below_0.1_percent_acc': 0.016, 'below_0.01_percent_acc': 0.016, 'below_0.001_percent_acc': 0.016, 'below_0.0001_percent_acc': 0.015, 'valid_acc': 1.0}
Epoch: 10	Batch time (2.786700)	Data time (0.052382)	Cuda time (0.000001)	Loss (133.964400)	Accuracy (0.903921)
EVALUATING
{'loss': 133.2559977722168, 'accuracy': 0.9075524711608887, 'perfect_match_accuracy': 0.001, 'cost_ratio_suggested_true': 2.1864470267295837, 'below_10.0_percent_acc': 0.199, 'below_1.0_percent_acc': 0.035, 'below_0.1_percent_acc': 0.024, 'below_0.01_percent_acc': 0.024, 'below_0.001_percent_acc': 0.023, 'below_0.0001_percent_acc': 0.023, 'valid_acc': 1.0}
Epoch: 11	Batch time (2.958198)	Data time (0.034881)	Cuda time (0.000001)	Loss (134.014901)	Accuracy (0.906386)
EVALUATING
{'loss': 135.66500106811523, 'accuracy': 0.9142160415649414, 'perfect_match_accuracy': 0.005, 'cost_ratio_suggested_true': 1.8611682081222534, 'below_10.0_percent_acc': 0.305, 'below_1.0_percent_acc': 0.064, 'below_0.1_percent_acc': 0.047, 'below_0.01_percent_acc': 0.047, 'below_0.001_percent_acc': 0.044, 'below_0.0001_percent_acc': 0.044, 'valid_acc': 1.0}
Epoch: 12	Batch time (2.479540)	Data time (0.034057)	Cuda time (0.000001)	Loss (133.614101)	Accuracy (0.904610)
EVALUATING
{'loss': 134.09600128173827, 'accuracy': 0.9127839398384094, 'perfect_match_accuracy': 0.004, 'cost_ratio_suggested_true': 1.8753032600879669, 'below_10.0_percent_acc': 0.286, 'below_1.0_percent_acc': 0.033, 'below_0.1_percent_acc': 0.023, 'below_0.01_percent_acc': 0.023, 'below_0.001_percent_acc': 0.022, 'below_0.0001_percent_acc': 0.022, 'valid_acc': 1.0}
Epoch: 13	Batch time (2.404441)	Data time (0.063123)	Cuda time (0.000002)	Loss (133.886001)	Accuracy (0.904835)
EVALUATING
{'loss': 135.30300155639648, 'accuracy': 0.9157993668317794, 'perfect_match_accuracy': 0.003, 'cost_ratio_suggested_true': 1.7727094602584839, 'below_10.0_percent_acc': 0.339, 'below_1.0_percent_acc': 0.031, 'below_0.1_percent_acc': 0.015, 'below_0.01_percent_acc': 0.015, 'below_0.001_percent_acc': 0.014, 'below_0.0001_percent_acc': 0.014, 'valid_acc': 1.0}
Epoch: 14	Batch time (2.037470)	Data time (0.052782)	Cuda time (0.000001)	Loss (134.820002)	Accuracy (0.909782)
EVALUATING
{'loss': 134.5219982147217, 'accuracy': 0.9134783786535263, 'perfect_match_accuracy': 0.002, 'cost_ratio_suggested_true': 1.8494229912757874, 'below_10.0_percent_acc': 0.321, 'below_1.0_percent_acc': 0.038, 'below_0.1_percent_acc': 0.02, 'below_0.01_percent_acc': 0.02, 'below_0.001_percent_acc': 0.017, 'below_0.0001_percent_acc': 0.017, 'valid_acc': 1.0}
Epoch: 15	Batch time (1.352134)	Data time (0.022958)	Cuda time (0.000001)	Loss (134.939500)	Accuracy (0.908923)
EVALUATING
{'loss': 135.52299911499023, 'accuracy': 0.9153271561861038, 'perfect_match_accuracy': 0.002, 'cost_ratio_suggested_true': 1.7642569243907928, 'below_10.0_percent_acc': 0.372, 'below_1.0_percent_acc': 0.04, 'below_0.1_percent_acc': 0.022, 'below_0.01_percent_acc': 0.022, 'below_0.001_percent_acc': 0.019, 'below_0.0001_percent_acc': 0.019, 'valid_acc': 1.0}
Epoch: 16	Batch time (1.346203)	Data time (0.023349)	Cuda time (0.000001)	Loss (135.038101)	Accuracy (0.910149)
EVALUATING
{'loss': 135.94099990844725, 'accuracy': 0.9167715954780579, 'perfect_match_accuracy': 0.005, 'cost_ratio_suggested_true': 1.7911708533763886, 'below_10.0_percent_acc': 0.32, 'below_1.0_percent_acc': 0.038, 'below_0.1_percent_acc': 0.023, 'below_0.01_percent_acc': 0.023, 'below_0.001_percent_acc': 0.021, 'below_0.0001_percent_acc': 0.021, 'valid_acc': 1.0}
Epoch: 17	Batch time (1.339279)	Data time (0.023289)	Cuda time (0.000001)	Loss (134.018301)	Accuracy (0.905452)
EVALUATING
{'loss': 136.1990019226074, 'accuracy': 0.9132222098112106, 'perfect_match_accuracy': 0.003, 'cost_ratio_suggested_true': 1.9565953421592712, 'below_10.0_percent_acc': 0.24, 'below_1.0_percent_acc': 0.03, 'below_0.1_percent_acc': 0.02, 'below_0.01_percent_acc': 0.02, 'below_0.001_percent_acc': 0.018, 'below_0.0001_percent_acc': 0.018, 'valid_acc': 1.0}
Epoch: 18	Batch time (1.341909)	Data time (0.022666)	Cuda time (0.000001)	Loss (133.641301)	Accuracy (0.901930)
EVALUATING
{'loss': 133.17200172424316, 'accuracy': 0.9108209711313248, 'perfect_match_accuracy': 0.005, 'cost_ratio_suggested_true': 1.8919243609905243, 'below_10.0_percent_acc': 0.269, 'below_1.0_percent_acc': 0.027, 'below_0.1_percent_acc': 0.017, 'below_0.01_percent_acc': 0.017, 'below_0.001_percent_acc': 0.016, 'below_0.0001_percent_acc': 0.016, 'valid_acc': 1.0}
Epoch: 19	Batch time (1.358532)	Data time (0.023038)	Cuda time (0.000001)	Loss (134.047100)	Accuracy (0.904885)
EVALUATING
{'loss': 135.982001953125, 'accuracy': 0.9085802292823791, 'perfect_match_accuracy': 0.001, 'cost_ratio_suggested_true': 1.4479978728294371, 'below_10.0_percent_acc': 0.367, 'below_1.0_percent_acc': 0.014, 'below_0.1_percent_acc': 0.006, 'below_0.01_percent_acc': 0.006, 'below_0.001_percent_acc': 0.006, 'below_0.0001_percent_acc': 0.006, 'valid_acc': 1.0}
Epoch: 20	Batch time (1.387026)	Data time (0.022693)	Cuda time (0.000001)	Loss (131.451201)	Accuracy (0.895741)
EVALUATING
{'loss': 135.08400131225585, 'accuracy': 0.9105061614513397, 'perfect_match_accuracy': 0.001, 'cost_ratio_suggested_true': 1.5668994534015654, 'below_10.0_percent_acc': 0.429, 'below_1.0_percent_acc': 0.05, 'below_0.1_percent_acc': 0.04, 'below_0.01_percent_acc': 0.04, 'below_0.001_percent_acc': 0.04, 'below_0.0001_percent_acc': 0.04, 'valid_acc': 1.0}
Epoch: 21	Batch time (1.382301)	Data time (0.022871)	Cuda time (0.000001)	Loss (132.333701)	Accuracy (0.899307)
EVALUATING
{'loss': 134.2700016784668, 'accuracy': 0.9148981362581253, 'perfect_match_accuracy': 0.001, 'cost_ratio_suggested_true': 1.3209533643722535, 'below_10.0_percent_acc': 0.672, 'below_1.0_percent_acc': 0.078, 'below_0.1_percent_acc': 0.048, 'below_0.01_percent_acc': 0.048, 'below_0.001_percent_acc': 0.047, 'below_0.0001_percent_acc': 0.047, 'valid_acc': 1.0}
Epoch: 22	Batch time (1.364428)	Data time (0.022709)	Cuda time (0.000001)	Loss (133.835701)	Accuracy (0.906775)
EVALUATING
{'loss': 135.31100143432616, 'accuracy': 0.9151944363117218, 'perfect_match_accuracy': 0.002, 'cost_ratio_suggested_true': 1.3966553223133087, 'below_10.0_percent_acc': 0.653, 'below_1.0_percent_acc': 0.085, 'below_0.1_percent_acc': 0.05, 'below_0.01_percent_acc': 0.05, 'below_0.001_percent_acc': 0.046, 'below_0.0001_percent_acc': 0.046, 'valid_acc': 1.0}
Epoch: 23	Batch time (1.365624)	Data time (0.022546)	Cuda time (0.000001)	Loss (133.095501)	Accuracy (0.906420)
EVALUATING
{'loss': 135.61100341796876, 'accuracy': 0.9171666538715363, 'perfect_match_accuracy': 0.002, 'cost_ratio_suggested_true': 1.3679412531852722, 'below_10.0_percent_acc': 0.637, 'below_1.0_percent_acc': 0.078, 'below_0.1_percent_acc': 0.052, 'below_0.01_percent_acc': 0.052, 'below_0.001_percent_acc': 0.051, 'below_0.0001_percent_acc': 0.051, 'valid_acc': 1.0}
Epoch: 24	Batch time (1.361381)	Data time (0.022978)	Cuda time (0.000001)	Loss (134.297701)	Accuracy (0.908295)
EVALUATING
{'loss': 136.9830012512207, 'accuracy': 0.926083310842514, 'perfect_match_accuracy': 0.008, 'cost_ratio_suggested_true': 1.451500828266144, 'below_10.0_percent_acc': 0.57, 'below_1.0_percent_acc': 0.147, 'below_0.1_percent_acc': 0.112, 'below_0.01_percent_acc': 0.112, 'below_0.001_percent_acc': 0.105, 'below_0.0001_percent_acc': 0.104, 'valid_acc': 1.0}
Epoch: 25	Batch time (1.362923)	Data time (0.022791)	Cuda time (0.000001)	Loss (135.134801)	Accuracy (0.911295)
EVALUATING
{'loss': 134.9549990081787, 'accuracy': 0.9128333216905594, 'perfect_match_accuracy': 0.004, 'cost_ratio_suggested_true': 1.7251564729213715, 'below_10.0_percent_acc': 0.394, 'below_1.0_percent_acc': 0.048, 'below_0.1_percent_acc': 0.027, 'below_0.01_percent_acc': 0.027, 'below_0.001_percent_acc': 0.025, 'below_0.0001_percent_acc': 0.025, 'valid_acc': 1.0}
Epoch: 26	Batch time (1.360587)	Data time (0.022685)	Cuda time (0.000001)	Loss (133.855500)	Accuracy (0.906340)
EVALUATING
{'loss': 135.37900177001953, 'accuracy': 0.9153271555900574, 'perfect_match_accuracy': 0.004, 'cost_ratio_suggested_true': 2.0126055884361267, 'below_10.0_percent_acc': 0.35, 'below_1.0_percent_acc': 0.065, 'below_0.1_percent_acc': 0.048, 'below_0.01_percent_acc': 0.048, 'below_0.001_percent_acc': 0.043, 'below_0.0001_percent_acc': 0.043, 'valid_acc': 1.0}
Epoch: 27	Batch time (1.359616)	Data time (0.022502)	Cuda time (0.000001)	Loss (134.665101)	Accuracy (0.908314)
EVALUATING
{'loss': 135.73199981689453, 'accuracy': 0.9156944322586059, 'perfect_match_accuracy': 0.005, 'cost_ratio_suggested_true': 1.666655969619751, 'below_10.0_percent_acc': 0.471, 'below_1.0_percent_acc': 0.07, 'below_0.1_percent_acc': 0.044, 'below_0.01_percent_acc': 0.044, 'below_0.001_percent_acc': 0.041, 'below_0.0001_percent_acc': 0.041, 'valid_acc': 1.0}
Epoch: 28	Batch time (1.360706)	Data time (0.023072)	Cuda time (0.000001)	Loss (133.975402)	Accuracy (0.908832)
EVALUATING
{'loss': 135.9130012512207, 'accuracy': 0.9185802394151688, 'perfect_match_accuracy': 0.007, 'cost_ratio_suggested_true': 1.4842626500129699, 'below_10.0_percent_acc': 0.489, 'below_1.0_percent_acc': 0.104, 'below_0.1_percent_acc': 0.076, 'below_0.01_percent_acc': 0.076, 'below_0.001_percent_acc': 0.076, 'below_0.0001_percent_acc': 0.076, 'valid_acc': 1.0}
Epoch: 29	Batch time (1.364282)	Data time (0.022792)	Cuda time (0.000001)	Loss (133.675601)	Accuracy (0.907787)
EVALUATING
{'loss': 134.13700256347656, 'accuracy': 0.9089043068885804, 'perfect_match_accuracy': 0.003, 'cost_ratio_suggested_true': 1.7367565178871154, 'below_10.0_percent_acc': 0.304, 'below_1.0_percent_acc': 0.043, 'below_0.1_percent_acc': 0.029, 'below_0.01_percent_acc': 0.029, 'below_0.001_percent_acc': 0.029, 'below_0.0001_percent_acc': 0.029, 'valid_acc': 1.0}
Epoch: 30	Batch time (1.399874)	Data time (0.022652)	Cuda time (0.000001)	Loss (131.830700)	Accuracy (0.896269)
EVALUATING
{'loss': 133.6240018463135, 'accuracy': 0.907493816614151, 'perfect_match_accuracy': 0.0, 'cost_ratio_suggested_true': 1.4338893020153045, 'below_10.0_percent_acc': 0.48, 'below_1.0_percent_acc': 0.027, 'below_0.1_percent_acc': 0.018, 'below_0.01_percent_acc': 0.018, 'below_0.001_percent_acc': 0.018, 'below_0.0001_percent_acc': 0.018, 'valid_acc': 1.0}
Epoch: 31	Batch time (1.407857)	Data time (0.022756)	Cuda time (0.000001)	Loss (131.420801)	Accuracy (0.896643)
EVALUATING
{'loss': 133.0760011291504, 'accuracy': 0.9077160352468491, 'perfect_match_accuracy': 0.001, 'cost_ratio_suggested_true': 1.4020980322360992, 'below_10.0_percent_acc': 0.479, 'below_1.0_percent_acc': 0.026, 'below_0.1_percent_acc': 0.019, 'below_0.01_percent_acc': 0.019, 'below_0.001_percent_acc': 0.018, 'below_0.0001_percent_acc': 0.018, 'valid_acc': 1.0}
Epoch: 32	Batch time (1.404920)	Data time (0.022729)	Cuda time (0.000001)	Loss (131.224501)	Accuracy (0.896235)
EVALUATING
{'loss': 132.01100204467772, 'accuracy': 0.9091820907592774, 'perfect_match_accuracy': 0.0, 'cost_ratio_suggested_true': 1.4045194697380066, 'below_10.0_percent_acc': 0.469, 'below_1.0_percent_acc': 0.025, 'below_0.1_percent_acc': 0.016, 'below_0.01_percent_acc': 0.016, 'below_0.001_percent_acc': 0.015, 'below_0.0001_percent_acc': 0.015, 'valid_acc': 1.0}
Epoch: 33	Batch time (1.404988)	Data time (0.022706)	Cuda time (0.000001)	Loss (131.058002)	Accuracy (0.895563)
EVALUATING
{'loss': 133.55300117492675, 'accuracy': 0.9114320862293244, 'perfect_match_accuracy': 0.001, 'cost_ratio_suggested_true': 1.4164271295070647, 'below_10.0_percent_acc': 0.447, 'below_1.0_percent_acc': 0.031, 'below_0.1_percent_acc': 0.021, 'below_0.01_percent_acc': 0.021, 'below_0.001_percent_acc': 0.02, 'below_0.0001_percent_acc': 0.02, 'valid_acc': 1.0}
Epoch: 34	Batch time (1.417354)	Data time (0.022724)	Cuda time (0.000001)	Loss (130.785601)	Accuracy (0.893885)
EVALUATING
{'loss': 135.75500244140625, 'accuracy': 0.9118549293279647, 'perfect_match_accuracy': 0.001, 'cost_ratio_suggested_true': 1.4067424285411834, 'below_10.0_percent_acc': 0.446, 'below_1.0_percent_acc': 0.026, 'below_0.1_percent_acc': 0.013, 'below_0.01_percent_acc': 0.013, 'below_0.001_percent_acc': 0.012, 'below_0.0001_percent_acc': 0.012, 'valid_acc': 1.0}
Epoch: 35	Batch time (1.417799)	Data time (0.022728)	Cuda time (0.000001)	Loss (130.162301)	Accuracy (0.893364)
EVALUATING
{'loss': 132.29400146484375, 'accuracy': 0.9119783824682236, 'perfect_match_accuracy': 0.001, 'cost_ratio_suggested_true': 1.3970762979984284, 'below_10.0_percent_acc': 0.449, 'below_1.0_percent_acc': 0.027, 'below_0.1_percent_acc': 0.015, 'below_0.01_percent_acc': 0.015, 'below_0.001_percent_acc': 0.014, 'below_0.0001_percent_acc': 0.014, 'valid_acc': 1.0}
Epoch: 36	Batch time (1.411137)	Data time (0.022735)	Cuda time (0.000001)	Loss (130.246101)	Accuracy (0.893768)
EVALUATING
{'loss': 133.39200027465822, 'accuracy': 0.9106203591823578, 'perfect_match_accuracy': 0.001, 'cost_ratio_suggested_true': 1.4140472841262817, 'below_10.0_percent_acc': 0.43, 'below_1.0_percent_acc': 0.026, 'below_0.1_percent_acc': 0.018, 'below_0.01_percent_acc': 0.018, 'below_0.001_percent_acc': 0.017, 'below_0.0001_percent_acc': 0.017, 'valid_acc': 1.0}
Epoch: 37	Batch time (1.392039)	Data time (0.022905)	Cuda time (0.000001)	Loss (129.943701)	Accuracy (0.893960)
EVALUATING
{'loss': 133.3590001678467, 'accuracy': 0.9134938055276871, 'perfect_match_accuracy': 0.001, 'cost_ratio_suggested_true': 1.3911602902412414, 'below_10.0_percent_acc': 0.457, 'below_1.0_percent_acc': 0.031, 'below_0.1_percent_acc': 0.016, 'below_0.01_percent_acc': 0.016, 'below_0.001_percent_acc': 0.015, 'below_0.0001_percent_acc': 0.015, 'valid_acc': 1.0}
Epoch: 38	Batch time (1.393468)	Data time (0.022913)	Cuda time (0.000001)	Loss (130.383301)	Accuracy (0.894597)
EVALUATING
{'loss': 133.77900009155275, 'accuracy': 0.9127901047468185, 'perfect_match_accuracy': 0.002, 'cost_ratio_suggested_true': 1.3796465718746185, 'below_10.0_percent_acc': 0.465, 'below_1.0_percent_acc': 0.037, 'below_0.1_percent_acc': 0.02, 'below_0.01_percent_acc': 0.02, 'below_0.001_percent_acc': 0.019, 'below_0.0001_percent_acc': 0.019, 'valid_acc': 1.0}
Epoch: 39	Batch time (1.401723)	Data time (0.022917)	Cuda time (0.000001)	Loss (130.138401)	Accuracy (0.893041)
EVALUATING
{'loss': 133.61300033569336, 'accuracy': 0.913990724682808, 'perfect_match_accuracy': 0.002, 'cost_ratio_suggested_true': 1.334404170513153, 'below_10.0_percent_acc': 0.498, 'below_1.0_percent_acc': 0.045, 'below_0.1_percent_acc': 0.028, 'below_0.01_percent_acc': 0.028, 'below_0.001_percent_acc': 0.027, 'below_0.0001_percent_acc': 0.027, 'valid_acc': 1.0}
Epoch: 40	Batch time (1.397676)	Data time (0.022890)	Cuda time (0.000001)	Loss (130.237101)	Accuracy (0.891667)
EVALUATING
{'loss': 134.97500106811523, 'accuracy': 0.9142623281478882, 'perfect_match_accuracy': 0.002, 'cost_ratio_suggested_true': 1.3508986282348632, 'below_10.0_percent_acc': 0.491, 'below_1.0_percent_acc': 0.037, 'below_0.1_percent_acc': 0.024, 'below_0.01_percent_acc': 0.024, 'below_0.001_percent_acc': 0.023, 'below_0.0001_percent_acc': 0.023, 'valid_acc': 1.0}
Epoch: 41	Batch time (1.405242)	Data time (0.023026)	Cuda time (0.000001)	Loss (130.147901)	Accuracy (0.891509)
EVALUATING
{'loss': 133.60300094604492, 'accuracy': 0.9145925825834275, 'perfect_match_accuracy': 0.003, 'cost_ratio_suggested_true': 1.3498819398880004, 'below_10.0_percent_acc': 0.493, 'below_1.0_percent_acc': 0.038, 'below_0.1_percent_acc': 0.026, 'below_0.01_percent_acc': 0.026, 'below_0.001_percent_acc': 0.025, 'below_0.0001_percent_acc': 0.025, 'valid_acc': 1.0}
Epoch: 42	Batch time (1.397960)	Data time (0.022932)	Cuda time (0.000001)	Loss (129.858801)	Accuracy (0.891584)
EVALUATING
{'loss': 134.77000122070314, 'accuracy': 0.9143950510025024, 'perfect_match_accuracy': 0.003, 'cost_ratio_suggested_true': 1.35059264421463, 'below_10.0_percent_acc': 0.49, 'below_1.0_percent_acc': 0.038, 'below_0.1_percent_acc': 0.026, 'below_0.01_percent_acc': 0.026, 'below_0.001_percent_acc': 0.025, 'below_0.0001_percent_acc': 0.025, 'valid_acc': 1.0}
Epoch: 43	Batch time (1.398307)	Data time (0.023043)	Cuda time (0.000001)	Loss (130.272901)	Accuracy (0.891011)
EVALUATING
{'loss': 134.2160023498535, 'accuracy': 0.9137561666965485, 'perfect_match_accuracy': 0.003, 'cost_ratio_suggested_true': 1.3544412291049956, 'below_10.0_percent_acc': 0.481, 'below_1.0_percent_acc': 0.038, 'below_0.1_percent_acc': 0.027, 'below_0.01_percent_acc': 0.027, 'below_0.001_percent_acc': 0.026, 'below_0.0001_percent_acc': 0.026, 'valid_acc': 1.0}
Epoch: 44	Batch time (1.402043)	Data time (0.023093)	Cuda time (0.000001)	Loss (130.072801)	Accuracy (0.891514)
EVALUATING
{'loss': 134.04000106811523, 'accuracy': 0.9140092521905899, 'perfect_match_accuracy': 0.003, 'cost_ratio_suggested_true': 1.3525182056427, 'below_10.0_percent_acc': 0.485, 'below_1.0_percent_acc': 0.04, 'below_0.1_percent_acc': 0.027, 'below_0.01_percent_acc': 0.027, 'below_0.001_percent_acc': 0.026, 'below_0.0001_percent_acc': 0.026, 'valid_acc': 1.0}
Epoch: 45	Batch time (1.401627)	Data time (0.022922)	Cuda time (0.000001)	Loss (130.091700)	Accuracy (0.891304)
EVALUATING
{'loss': 133.50900161743164, 'accuracy': 0.9150864094495773, 'perfect_match_accuracy': 0.003, 'cost_ratio_suggested_true': 1.3507657551765442, 'below_10.0_percent_acc': 0.492, 'below_1.0_percent_acc': 0.035, 'below_0.1_percent_acc': 0.022, 'below_0.01_percent_acc': 0.022, 'below_0.001_percent_acc': 0.021, 'below_0.0001_percent_acc': 0.021, 'valid_acc': 1.0}
Epoch: 46	Batch time (1.417827)	Data time (0.023098)	Cuda time (0.000001)	Loss (130.107901)	Accuracy (0.891221)
EVALUATING
{'loss': 135.77500366210938, 'accuracy': 0.9138672715425491, 'perfect_match_accuracy': 0.002, 'cost_ratio_suggested_true': 1.3522135603427887, 'below_10.0_percent_acc': 0.487, 'below_1.0_percent_acc': 0.035, 'below_0.1_percent_acc': 0.023, 'below_0.01_percent_acc': 0.023, 'below_0.001_percent_acc': 0.023, 'below_0.0001_percent_acc': 0.023, 'valid_acc': 1.0}
Epoch: 47	Batch time (1.420764)	Data time (0.023018)	Cuda time (0.000001)	Loss (130.400101)	Accuracy (0.891102)
EVALUATING
{'loss': 133.2930010986328, 'accuracy': 0.9138055378198624, 'perfect_match_accuracy': 0.002, 'cost_ratio_suggested_true': 1.3569196271896362, 'below_10.0_percent_acc': 0.486, 'below_1.0_percent_acc': 0.033, 'below_0.1_percent_acc': 0.022, 'below_0.01_percent_acc': 0.022, 'below_0.001_percent_acc': 0.022, 'below_0.0001_percent_acc': 0.022, 'valid_acc': 1.0}
Epoch: 48	Batch time (1.412371)	Data time (0.022918)	Cuda time (0.000001)	Loss (129.381600)	Accuracy (0.891200)
EVALUATING
{'loss': 133.7920001220703, 'accuracy': 0.913700595498085, 'perfect_match_accuracy': 0.002, 'cost_ratio_suggested_true': 1.3568570232391357, 'below_10.0_percent_acc': 0.482, 'below_1.0_percent_acc': 0.034, 'below_0.1_percent_acc': 0.023, 'below_0.01_percent_acc': 0.023, 'below_0.001_percent_acc': 0.023, 'below_0.0001_percent_acc': 0.023, 'valid_acc': 1.0}
Epoch: 49	Batch time (1.420615)	Data time (0.023240)	Cuda time (0.000001)	Loss (129.556401)	Accuracy (0.890883)
EVALUATING
{'loss': 134.93200149536133, 'accuracy': 0.914382706284523, 'perfect_match_accuracy': 0.003, 'cost_ratio_suggested_true': 1.3542316448688507, 'below_10.0_percent_acc': 0.483, 'below_1.0_percent_acc': 0.036, 'below_0.1_percent_acc': 0.024, 'below_0.01_percent_acc': 0.024, 'below_0.001_percent_acc': 0.023, 'below_0.0001_percent_acc': 0.023, 'valid_acc': 1.0}
Epoch: 50	Batch time (1.419498)	Data time (0.022919)	Cuda time (0.000001)	Loss (129.364001)	Accuracy (0.891150)
EVALUATING
{'loss': 133.78600189208984, 'accuracy': 0.914253072142601, 'perfect_match_accuracy': 0.003, 'cost_ratio_suggested_true': 1.353616819381714, 'below_10.0_percent_acc': 0.485, 'below_1.0_percent_acc': 0.036, 'below_0.1_percent_acc': 0.024, 'below_0.01_percent_acc': 0.024, 'below_0.001_percent_acc': 0.023, 'below_0.0001_percent_acc': 0.023, 'valid_acc': 1.0}
