No existing entry for trainer_params.mode.type
{}[type] = <class 'int'>(5)
No existing entry for trainer_params.mode.objective_type
{'type': 5}[objective_type] = <class 'str'>(normal)
No existing entry for trainer_params.mode.use_marginal
{'type': 5, 'objective_type': 'normal'}[use_marginal] = <class 'bool'>(True)
No existing entry for trainer_params.mode.nb_samples
{'type': 5, 'objective_type': 'normal', 'use_marginal': True}[nb_samples] = <class 'int'>(1)
No existing entry for trainer_params.mode.temperature
{'type': 5, 'objective_type': 'normal', 'use_marginal': True, 'nb_samples': 1}[temperature] = <class 'float'>(0.1)
No existing entry for trainer_params.mode.use_gamma
{'type': 5, 'objective_type': 'normal', 'use_marginal': True, 'nb_samples': 1, 'temperature': 0.1}[use_gamma] = <class 'bool'>(False)
No existing entry for trainer_params.mode.loss_type
{'type': 5, 'objective_type': 'normal', 'use_marginal': True, 'nb_samples': 1, 'temperature': 0.1, 'use_gamma': False}[loss_type] = <class 'str'>(fy)
No existing entry for trainer_params.mode.perturb_w
{'type': 5, 'objective_type': 'normal', 'use_marginal': True, 'nb_samples': 1, 'temperature': 0.1, 'use_gamma': False, 'loss_type': 'fy'}[perturb_w] = <class 'bool'>(False)
No existing entry for trainer_params.mode.perturb_w_prime
{'type': 5, 'objective_type': 'normal', 'use_marginal': True, 'nb_samples': 1, 'temperature': 0.1, 'use_gamma': False, 'loss_type': 'fy', 'perturb_w': False}[perturb_w_prime] = <class 'bool'>(False)
{'batch_size': 70, 'l1_regconst': 0.0, 'lambda_val': 20.0, 'lr_milestone_1': 30, 'lr_milestone_2': 40, 'model_params': {'arch_params': {}, 'model_name': 'CombResnet18'}, 'neighbourhood_fn': '8-grid', 'optimizer_name': 'Adam', 'optimizer_params': {'lr': 0.0005}, 'preload_batch': True, 'use_cuda': True, 'use_lr_scheduling': True, 'mode': {'type': 5, 'objective_type': 'normal', 'use_marginal': True, 'nb_samples': 1, 'temperature': 0.1, 'use_gamma': False, 'loss_type': 'fy', 'perturb_w': False, 'perturb_w_prime': False}}[lambda_val] = <class 'float'>(0.0)
{'data_dir': 'data/warcraft_shortest_path/12x12', 'evaluate_with_extra': False, 'normalize': True, 'use_local_path': False, 'use_test_set': True}[data_dir] = <class 'str'>(data/warcraft_shortest_path/18x18)
{'evaluate_every': 5, 'loader_params': {'data_dir': 'data/warcraft_shortest_path/18x18', 'evaluate_with_extra': False, 'normalize': True, 'use_local_path': False, 'use_test_set': True}, 'model_dir': 'results/warcraft_shortest_path_combresnet', 'num_cpus': 24, 'num_epochs': 50, 'problem_type': 'warcraft_shortest_path', 'ray_params': {}, 'save_visualizations': False, 'seed': 1, 'trainer_name': 'DijkstraMAP', 'trainer_params': {'batch_size': 70, 'l1_regconst': 0.0, 'lambda_val': 0.0, 'lr_milestone_1': 30, 'lr_milestone_2': 40, 'model_params': {'arch_params': {}, 'model_name': 'CombResnet18'}, 'neighbourhood_fn': '8-grid', 'optimizer_name': 'Adam', 'optimizer_params': {'lr': 0.0005}, 'preload_batch': True, 'use_cuda': True, 'use_lr_scheduling': True, 'mode': {'type': 5, 'objective_type': 'normal', 'use_marginal': True, 'nb_samples': 1, 'temperature': 0.1, 'use_gamma': False, 'loss_type': 'fy', 'perturb_w': False, 'perturb_w_prime': False}}, 'use_ray': True}[seed] = <class 'int'>(1)
{'evaluate_every': 5, 'loader_params': {'data_dir': 'data/warcraft_shortest_path/18x18', 'evaluate_with_extra': False, 'normalize': True, 'use_local_path': False, 'use_test_set': True}, 'model_dir': 'results/warcraft_shortest_path_combresnet', 'num_cpus': 24, 'num_epochs': 50, 'problem_type': 'warcraft_shortest_path', 'ray_params': {}, 'save_visualizations': False, 'seed': 1, 'trainer_name': 'DijkstraMAP', 'trainer_params': {'batch_size': 70, 'l1_regconst': 0.0, 'lambda_val': 0.0, 'lr_milestone_1': 30, 'lr_milestone_2': 40, 'model_params': {'arch_params': {}, 'model_name': 'CombResnet18'}, 'neighbourhood_fn': '8-grid', 'optimizer_name': 'Adam', 'optimizer_params': {'lr': 0.0005}, 'preload_batch': True, 'use_cuda': True, 'use_lr_scheduling': True, 'mode': {'type': 5, 'objective_type': 'normal', 'use_marginal': True, 'nb_samples': 1, 'temperature': 0.1, 'use_gamma': False, 'loss_type': 'fy', 'perturb_w': False, 'perturb_w_prime': False}}, 'use_ray': True}[evaluate_every] = <class 'int'>(1)
{'evaluate_every': 1, 'loader_params': {'data_dir': 'data/warcraft_shortest_path/18x18', 'evaluate_with_extra': False, 'normalize': True, 'use_local_path': False, 'use_test_set': True}, 'model_dir': 'results/warcraft_shortest_path_combresnet', 'num_cpus': 24, 'num_epochs': 50, 'problem_type': 'warcraft_shortest_path', 'ray_params': {}, 'save_visualizations': False, 'seed': 1, 'trainer_name': 'DijkstraMAP', 'trainer_params': {'batch_size': 70, 'l1_regconst': 0.0, 'lambda_val': 0.0, 'lr_milestone_1': 30, 'lr_milestone_2': 40, 'model_params': {'arch_params': {}, 'model_name': 'CombResnet18'}, 'neighbourhood_fn': '8-grid', 'optimizer_name': 'Adam', 'optimizer_params': {'lr': 0.0005}, 'preload_batch': True, 'use_cuda': True, 'use_lr_scheduling': True, 'mode': {'type': 5, 'objective_type': 'normal', 'use_marginal': True, 'nb_samples': 1, 'temperature': 0.1, 'use_gamma': False, 'loss_type': 'fy', 'perturb_w': False, 'perturb_w_prime': False}}, 'use_ray': True}[use_ray] = <class 'bool'>(False)
No existing entry for trainer_params.mode.type
{}[type] = <class 'int'>(5)
No existing entry for trainer_params.mode.objective_type
{'type': 5}[objective_type] = <class 'str'>(normal)
No existing entry for trainer_params.mode.use_marginal
{'type': 5, 'objective_type': 'normal'}[use_marginal] = <class 'bool'>(True)
No existing entry for trainer_params.mode.nb_samples
{'type': 5, 'objective_type': 'normal', 'use_marginal': True}[nb_samples] = <class 'int'>(1)
No existing entry for trainer_params.mode.temperature
{'type': 5, 'objective_type': 'normal', 'use_marginal': True, 'nb_samples': 1}[temperature] = <class 'float'>(0.1)
No existing entry for trainer_params.mode.use_gamma
{'type': 5, 'objective_type': 'normal', 'use_marginal': True, 'nb_samples': 1, 'temperature': 0.1}[use_gamma] = <class 'bool'>(False)
No existing entry for trainer_params.mode.loss_type
{'type': 5, 'objective_type': 'normal', 'use_marginal': True, 'nb_samples': 1, 'temperature': 0.1, 'use_gamma': False}[loss_type] = <class 'str'>(fy)
No existing entry for trainer_params.mode.perturb_w
{'type': 5, 'objective_type': 'normal', 'use_marginal': True, 'nb_samples': 1, 'temperature': 0.1, 'use_gamma': False, 'loss_type': 'fy'}[perturb_w] = <class 'bool'>(False)
No existing entry for trainer_params.mode.perturb_w_prime
{'type': 5, 'objective_type': 'normal', 'use_marginal': True, 'nb_samples': 1, 'temperature': 0.1, 'use_gamma': False, 'loss_type': 'fy', 'perturb_w': False}[perturb_w_prime] = <class 'bool'>(False)
{'batch_size': 70, 'l1_regconst': 0.0, 'lambda_val': 20.0, 'lr_milestone_1': 30, 'lr_milestone_2': 40, 'model_params': {'arch_params': {}, 'model_name': 'CombResnet18'}, 'neighbourhood_fn': '8-grid', 'optimizer_name': 'Adam', 'optimizer_params': {'lr': 0.0005}, 'preload_batch': True, 'use_cuda': True, 'use_lr_scheduling': True, 'mode': {'type': 5, 'objective_type': 'normal', 'use_marginal': True, 'nb_samples': 1, 'temperature': 0.1, 'use_gamma': False, 'loss_type': 'fy', 'perturb_w': False, 'perturb_w_prime': False}}[lambda_val] = <class 'float'>(0.0)
{'data_dir': 'data/warcraft_shortest_path/12x12', 'evaluate_with_extra': False, 'normalize': True, 'use_local_path': False, 'use_test_set': True}[data_dir] = <class 'str'>(data/warcraft_shortest_path/18x18)
{'evaluate_every': 5, 'loader_params': {'data_dir': 'data/warcraft_shortest_path/18x18', 'evaluate_with_extra': False, 'normalize': True, 'use_local_path': False, 'use_test_set': True}, 'model_dir': 'results/warcraft_shortest_path_combresnet', 'num_cpus': 24, 'num_epochs': 50, 'problem_type': 'warcraft_shortest_path', 'ray_params': {}, 'save_visualizations': False, 'seed': 1, 'trainer_name': 'DijkstraMAP', 'trainer_params': {'batch_size': 70, 'l1_regconst': 0.0, 'lambda_val': 0.0, 'lr_milestone_1': 30, 'lr_milestone_2': 40, 'model_params': {'arch_params': {}, 'model_name': 'CombResnet18'}, 'neighbourhood_fn': '8-grid', 'optimizer_name': 'Adam', 'optimizer_params': {'lr': 0.0005}, 'preload_batch': True, 'use_cuda': True, 'use_lr_scheduling': True, 'mode': {'type': 5, 'objective_type': 'normal', 'use_marginal': True, 'nb_samples': 1, 'temperature': 0.1, 'use_gamma': False, 'loss_type': 'fy', 'perturb_w': False, 'perturb_w_prime': False}}, 'use_ray': True}[seed] = <class 'int'>(1)
{'evaluate_every': 5, 'loader_params': {'data_dir': 'data/warcraft_shortest_path/18x18', 'evaluate_with_extra': False, 'normalize': True, 'use_local_path': False, 'use_test_set': True}, 'model_dir': 'results/warcraft_shortest_path_combresnet', 'num_cpus': 24, 'num_epochs': 50, 'problem_type': 'warcraft_shortest_path', 'ray_params': {}, 'save_visualizations': False, 'seed': 1, 'trainer_name': 'DijkstraMAP', 'trainer_params': {'batch_size': 70, 'l1_regconst': 0.0, 'lambda_val': 0.0, 'lr_milestone_1': 30, 'lr_milestone_2': 40, 'model_params': {'arch_params': {}, 'model_name': 'CombResnet18'}, 'neighbourhood_fn': '8-grid', 'optimizer_name': 'Adam', 'optimizer_params': {'lr': 0.0005}, 'preload_batch': True, 'use_cuda': True, 'use_lr_scheduling': True, 'mode': {'type': 5, 'objective_type': 'normal', 'use_marginal': True, 'nb_samples': 1, 'temperature': 0.1, 'use_gamma': False, 'loss_type': 'fy', 'perturb_w': False, 'perturb_w_prime': False}}, 'use_ray': True}[evaluate_every] = <class 'int'>(1)
{'evaluate_every': 1, 'loader_params': {'data_dir': 'data/warcraft_shortest_path/18x18', 'evaluate_with_extra': False, 'normalize': True, 'use_local_path': False, 'use_test_set': True}, 'model_dir': 'results/warcraft_shortest_path_combresnet', 'num_cpus': 24, 'num_epochs': 50, 'problem_type': 'warcraft_shortest_path', 'ray_params': {}, 'save_visualizations': False, 'seed': 1, 'trainer_name': 'DijkstraMAP', 'trainer_params': {'batch_size': 70, 'l1_regconst': 0.0, 'lambda_val': 0.0, 'lr_milestone_1': 30, 'lr_milestone_2': 40, 'model_params': {'arch_params': {}, 'model_name': 'CombResnet18'}, 'neighbourhood_fn': '8-grid', 'optimizer_name': 'Adam', 'optimizer_params': {'lr': 0.0005}, 'preload_batch': True, 'use_cuda': True, 'use_lr_scheduling': True, 'mode': {'type': 5, 'objective_type': 'normal', 'use_marginal': True, 'nb_samples': 1, 'temperature': 0.1, 'use_gamma': False, 'loss_type': 'fy', 'perturb_w': False, 'perturb_w_prime': False}}, 'use_ray': True}[use_ray] = <class 'bool'>(False)
{
    "evaluate_every": 1,
    "loader_params": {
        "data_dir": "data/warcraft_shortest_path/18x18",
        "evaluate_with_extra": false,
        "normalize": true,
        "use_local_path": false,
        "use_test_set": true
    },
    "model_dir": "results/warcraft_shortest_path_combresnet",
    "num_cpus": 24,
    "num_epochs": 50,
    "problem_type": "warcraft_shortest_path",
    "ray_params": {},
    "save_visualizations": false,
    "seed": 1,
    "trainer_name": "DijkstraMAP",
    "trainer_params": {
        "batch_size": 70,
        "l1_regconst": 0.0,
        "lambda_val": 0.0,
        "lr_milestone_1": 30,
        "lr_milestone_2": 40,
        "mode": {
            "loss_type": "fy",
            "nb_samples": 1,
            "objective_type": "normal",
            "perturb_w": false,
            "perturb_w_prime": false,
            "temperature": 0.1,
            "type": 5,
            "use_gamma": false,
            "use_marginal": true
        },
        "model_params": {
            "arch_params": {},
            "model_name": "CombResnet18"
        },
        "neighbourhood_fn": "8-grid",
        "optimizer_name": "Adam",
        "optimizer_params": {
            "lr": 0.0005
        },
        "preload_batch": true,
        "use_cuda": true,
        "use_lr_scheduling": true
    },
    "use_ray": false
}
MAP-BACKPROP MODE: {
    "loss_type": "fy",
    "nb_samples": 1,
    "objective_type": "normal",
    "perturb_w": false,
    "perturb_w_prime": false,
    "temperature": 0.1,
    "type": 5,
    "use_gamma": false,
    "use_marginal": true
}
True
META: {'input_image_size': 144, 'output_features': 324, 'num_channels': 3, 'denormalize': <maprop.decorators.input_to_numpy object at 0x2b3f08e47e48>}
EVALUATING
{'loss': 136.87400039672852, 'accuracy': 0.9069752943515778, 'perfect_match_accuracy': 0.007, 'cost_ratio_suggested_true': 2.698470640182495, 'below_10.0_percent_acc': 0.071, 'below_1.0_percent_acc': 0.015, 'below_0.1_percent_acc': 0.012, 'below_0.01_percent_acc': 0.012, 'below_0.001_percent_acc': 0.01, 'below_0.0001_percent_acc': 0.01, 'valid_acc': 1.0}
Epoch: 1	Batch time (1.310611)	Data time (0.023300)	Cuda time (0.000001)	Loss (132.277501)	Accuracy (0.894731)
EVALUATING
{'loss': 130.71200035095214, 'accuracy': 0.8934506022930145, 'perfect_match_accuracy': 0.001, 'cost_ratio_suggested_true': 2.631451370716095, 'below_10.0_percent_acc': 0.118, 'below_1.0_percent_acc': 0.006, 'below_0.1_percent_acc': 0.002, 'below_0.01_percent_acc': 0.002, 'below_0.001_percent_acc': 0.002, 'below_0.0001_percent_acc': 0.002, 'valid_acc': 1.0}
Epoch: 2	Batch time (1.300934)	Data time (0.023261)	Cuda time (0.000001)	Loss (130.728501)	Accuracy (0.889478)
EVALUATING
{'loss': 129.74700004577636, 'accuracy': 0.8809043103456498, 'perfect_match_accuracy': 0.0, 'cost_ratio_suggested_true': 3.737412214279175, 'below_10.0_percent_acc': 0.026, 'below_1.0_percent_acc': 0.002, 'below_0.1_percent_acc': 0.001, 'below_0.01_percent_acc': 0.001, 'below_0.001_percent_acc': 0.001, 'below_0.0001_percent_acc': 0.001, 'valid_acc': 1.0}
Epoch: 3	Batch time (1.295110)	Data time (0.022758)	Cuda time (0.000001)	Loss (131.144601)	Accuracy (0.889393)
EVALUATING
{'loss': 132.91200256347656, 'accuracy': 0.9004999887943268, 'perfect_match_accuracy': 0.002, 'cost_ratio_suggested_true': 2.4549462747573854, 'below_10.0_percent_acc': 0.158, 'below_1.0_percent_acc': 0.02, 'below_0.1_percent_acc': 0.012, 'below_0.01_percent_acc': 0.012, 'below_0.001_percent_acc': 0.011, 'below_0.0001_percent_acc': 0.011, 'valid_acc': 1.0}
Epoch: 4	Batch time (1.317929)	Data time (0.023073)	Cuda time (0.000001)	Loss (132.157700)	Accuracy (0.895397)
EVALUATING
{'loss': 132.18000289916992, 'accuracy': 0.8961388778686523, 'perfect_match_accuracy': 0.001, 'cost_ratio_suggested_true': 2.6166956710815428, 'below_10.0_percent_acc': 0.107, 'below_1.0_percent_acc': 0.015, 'below_0.1_percent_acc': 0.01, 'below_0.01_percent_acc': 0.01, 'below_0.001_percent_acc': 0.008, 'below_0.0001_percent_acc': 0.008, 'valid_acc': 1.0}
Epoch: 5	Batch time (1.376857)	Data time (0.023727)	Cuda time (0.000001)	Loss (131.896201)	Accuracy (0.892240)
EVALUATING
{'loss': 131.77500228881837, 'accuracy': 0.8910154241323471, 'perfect_match_accuracy': 0.0, 'cost_ratio_suggested_true': 3.2371425652503967, 'below_10.0_percent_acc': 0.049, 'below_1.0_percent_acc': 0.007, 'below_0.1_percent_acc': 0.002, 'below_0.01_percent_acc': 0.002, 'below_0.001_percent_acc': 0.002, 'below_0.0001_percent_acc': 0.002, 'valid_acc': 1.0}
Epoch: 6	Batch time (1.374721)	Data time (0.023781)	Cuda time (0.000001)	Loss (130.330901)	Accuracy (0.884756)
EVALUATING
{'loss': 130.79999977111817, 'accuracy': 0.8930740618705749, 'perfect_match_accuracy': 0.0, 'cost_ratio_suggested_true': 3.179053542613983, 'below_10.0_percent_acc': 0.052, 'below_1.0_percent_acc': 0.008, 'below_0.1_percent_acc': 0.005, 'below_0.01_percent_acc': 0.005, 'below_0.001_percent_acc': 0.005, 'below_0.0001_percent_acc': 0.005, 'valid_acc': 1.0}
Epoch: 7	Batch time (1.325597)	Data time (0.023402)	Cuda time (0.000001)	Loss (131.668901)	Accuracy (0.892231)
EVALUATING
{'loss': 132.12900146484375, 'accuracy': 0.8929351747035981, 'perfect_match_accuracy': 0.001, 'cost_ratio_suggested_true': 3.2014190626144408, 'below_10.0_percent_acc': 0.035, 'below_1.0_percent_acc': 0.006, 'below_0.1_percent_acc': 0.005, 'below_0.01_percent_acc': 0.005, 'below_0.001_percent_acc': 0.005, 'below_0.0001_percent_acc': 0.005, 'valid_acc': 1.0}
Epoch: 8	Batch time (1.325181)	Data time (0.023748)	Cuda time (0.000001)	Loss (132.174001)	Accuracy (0.892001)
EVALUATING
{'loss': 133.14300155639648, 'accuracy': 0.8942438113689423, 'perfect_match_accuracy': 0.0, 'cost_ratio_suggested_true': 2.882440824508667, 'below_10.0_percent_acc': 0.059, 'below_1.0_percent_acc': 0.009, 'below_0.1_percent_acc': 0.005, 'below_0.01_percent_acc': 0.005, 'below_0.001_percent_acc': 0.005, 'below_0.0001_percent_acc': 0.005, 'valid_acc': 1.0}
Epoch: 9	Batch time (1.330578)	Data time (0.023749)	Cuda time (0.000001)	Loss (133.332201)	Accuracy (0.897121)
EVALUATING
{'loss': 133.18200241088869, 'accuracy': 0.8969968980550767, 'perfect_match_accuracy': 0.0, 'cost_ratio_suggested_true': 2.429338564872742, 'below_10.0_percent_acc': 0.108, 'below_1.0_percent_acc': 0.016, 'below_0.1_percent_acc': 0.011, 'below_0.01_percent_acc': 0.011, 'below_0.001_percent_acc': 0.011, 'below_0.0001_percent_acc': 0.011, 'valid_acc': 1.0}
Epoch: 10	Batch time (1.337324)	Data time (0.023930)	Cuda time (0.000001)	Loss (132.602601)	Accuracy (0.895137)
EVALUATING
{'loss': 134.11800064086913, 'accuracy': 0.901731470823288, 'perfect_match_accuracy': 0.0, 'cost_ratio_suggested_true': 2.310861735343933, 'below_10.0_percent_acc': 0.12, 'below_1.0_percent_acc': 0.017, 'below_0.1_percent_acc': 0.011, 'below_0.01_percent_acc': 0.011, 'below_0.001_percent_acc': 0.011, 'below_0.0001_percent_acc': 0.011, 'valid_acc': 1.0}
Epoch: 11	Batch time (1.326393)	Data time (0.024084)	Cuda time (0.000001)	Loss (133.100001)	Accuracy (0.900023)
EVALUATING
{'loss': 133.49099884033203, 'accuracy': 0.905296288728714, 'perfect_match_accuracy': 0.002, 'cost_ratio_suggested_true': 2.0648225486278533, 'below_10.0_percent_acc': 0.194, 'below_1.0_percent_acc': 0.032, 'below_0.1_percent_acc': 0.022, 'below_0.01_percent_acc': 0.022, 'below_0.001_percent_acc': 0.019, 'below_0.0001_percent_acc': 0.019, 'valid_acc': 1.0}
Epoch: 12	Batch time (1.328322)	Data time (0.023117)	Cuda time (0.000001)	Loss (133.866002)	Accuracy (0.902789)
EVALUATING
{'loss': 135.19300048828126, 'accuracy': 0.9119691222906112, 'perfect_match_accuracy': 0.002, 'cost_ratio_suggested_true': 1.773738397359848, 'below_10.0_percent_acc': 0.295, 'below_1.0_percent_acc': 0.059, 'below_0.1_percent_acc': 0.044, 'below_0.01_percent_acc': 0.044, 'below_0.001_percent_acc': 0.042, 'below_0.0001_percent_acc': 0.042, 'valid_acc': 1.0}
Epoch: 13	Batch time (1.346440)	Data time (0.023508)	Cuda time (0.000001)	Loss (133.911302)	Accuracy (0.905160)
EVALUATING
{'loss': 136.40300186157228, 'accuracy': 0.9085154211521149, 'perfect_match_accuracy': 0.001, 'cost_ratio_suggested_true': 1.8199514830112458, 'below_10.0_percent_acc': 0.312, 'below_1.0_percent_acc': 0.032, 'below_0.1_percent_acc': 0.02, 'below_0.01_percent_acc': 0.02, 'below_0.001_percent_acc': 0.019, 'below_0.0001_percent_acc': 0.019, 'valid_acc': 1.0}
Epoch: 14	Batch time (1.347030)	Data time (0.023548)	Cuda time (0.000001)	Loss (134.555801)	Accuracy (0.908974)
EVALUATING
{'loss': 135.69299987792968, 'accuracy': 0.9174907368421554, 'perfect_match_accuracy': 0.004, 'cost_ratio_suggested_true': 1.6554323184490203, 'below_10.0_percent_acc': 0.415, 'below_1.0_percent_acc': 0.043, 'below_0.1_percent_acc': 0.024, 'below_0.01_percent_acc': 0.024, 'below_0.001_percent_acc': 0.022, 'below_0.0001_percent_acc': 0.022, 'valid_acc': 1.0}
Epoch: 15	Batch time (1.325368)	Data time (0.022966)	Cuda time (0.000001)	Loss (134.701001)	Accuracy (0.910475)
EVALUATING
{'loss': 135.91599990844728, 'accuracy': 0.9144475185871124, 'perfect_match_accuracy': 0.002, 'cost_ratio_suggested_true': 1.5775346302986144, 'below_10.0_percent_acc': 0.418, 'below_1.0_percent_acc': 0.033, 'below_0.1_percent_acc': 0.013, 'below_0.01_percent_acc': 0.013, 'below_0.001_percent_acc': 0.012, 'below_0.0001_percent_acc': 0.012, 'valid_acc': 1.0}
Epoch: 16	Batch time (1.318462)	Data time (0.023366)	Cuda time (0.000001)	Loss (134.947801)	Accuracy (0.912292)
EVALUATING
{'loss': 137.18300186157228, 'accuracy': 0.9227746838331222, 'perfect_match_accuracy': 0.01, 'cost_ratio_suggested_true': 1.5804031050205232, 'below_10.0_percent_acc': 0.496, 'below_1.0_percent_acc': 0.096, 'below_0.1_percent_acc': 0.065, 'below_0.01_percent_acc': 0.065, 'below_0.001_percent_acc': 0.063, 'below_0.0001_percent_acc': 0.063, 'valid_acc': 1.0}
Epoch: 17	Batch time (1.335272)	Data time (0.023490)	Cuda time (0.000001)	Loss (135.328401)	Accuracy (0.915096)
EVALUATING
{'loss': 137.21000061035156, 'accuracy': 0.9258981376886368, 'perfect_match_accuracy': 0.008, 'cost_ratio_suggested_true': 1.4937539076805115, 'below_10.0_percent_acc': 0.538, 'below_1.0_percent_acc': 0.153, 'below_0.1_percent_acc': 0.115, 'below_0.01_percent_acc': 0.115, 'below_0.001_percent_acc': 0.109, 'below_0.0001_percent_acc': 0.109, 'valid_acc': 1.0}
Epoch: 18	Batch time (1.323047)	Data time (0.023519)	Cuda time (0.000001)	Loss (134.742501)	Accuracy (0.913182)
EVALUATING
{'loss': 133.1510029602051, 'accuracy': 0.9113919585943222, 'perfect_match_accuracy': 0.004, 'cost_ratio_suggested_true': 1.5581557202339171, 'below_10.0_percent_acc': 0.403, 'below_1.0_percent_acc': 0.036, 'below_0.1_percent_acc': 0.024, 'below_0.01_percent_acc': 0.024, 'below_0.001_percent_acc': 0.023, 'below_0.0001_percent_acc': 0.023, 'valid_acc': 1.0}
Epoch: 19	Batch time (1.315098)	Data time (0.023096)	Cuda time (0.000001)	Loss (134.491301)	Accuracy (0.910234)
EVALUATING
{'loss': 136.22400009155274, 'accuracy': 0.923549366593361, 'perfect_match_accuracy': 0.015, 'cost_ratio_suggested_true': 1.660209197998047, 'below_10.0_percent_acc': 0.41, 'below_1.0_percent_acc': 0.075, 'below_0.1_percent_acc': 0.049, 'below_0.01_percent_acc': 0.049, 'below_0.001_percent_acc': 0.046, 'below_0.0001_percent_acc': 0.046, 'valid_acc': 1.0}
Epoch: 20	Batch time (1.315868)	Data time (0.023282)	Cuda time (0.000001)	Loss (135.380500)	Accuracy (0.913519)
EVALUATING
{'loss': 135.74600158691408, 'accuracy': 0.9149012249708176, 'perfect_match_accuracy': 0.006, 'cost_ratio_suggested_true': 1.7061483144760132, 'below_10.0_percent_acc': 0.358, 'below_1.0_percent_acc': 0.044, 'below_0.1_percent_acc': 0.026, 'below_0.01_percent_acc': 0.026, 'below_0.001_percent_acc': 0.025, 'below_0.0001_percent_acc': 0.025, 'valid_acc': 1.0}
Epoch: 21	Batch time (1.322412)	Data time (0.023631)	Cuda time (0.000001)	Loss (135.070001)	Accuracy (0.912512)
EVALUATING
{'loss': 135.9290008544922, 'accuracy': 0.9243178898096085, 'perfect_match_accuracy': 0.014, 'cost_ratio_suggested_true': 1.6253249478340148, 'below_10.0_percent_acc': 0.443, 'below_1.0_percent_acc': 0.121, 'below_0.1_percent_acc': 0.087, 'below_0.01_percent_acc': 0.087, 'below_0.001_percent_acc': 0.083, 'below_0.0001_percent_acc': 0.083, 'valid_acc': 1.0}
Epoch: 22	Batch time (1.345117)	Data time (0.022968)	Cuda time (0.000001)	Loss (134.112502)	Accuracy (0.912027)
EVALUATING
{'loss': 133.36100128173828, 'accuracy': 0.9150740665197372, 'perfect_match_accuracy': 0.003, 'cost_ratio_suggested_true': 1.3451937210559846, 'below_10.0_percent_acc': 0.501, 'below_1.0_percent_acc': 0.073, 'below_0.1_percent_acc': 0.044, 'below_0.01_percent_acc': 0.044, 'below_0.001_percent_acc': 0.043, 'below_0.0001_percent_acc': 0.043, 'valid_acc': 1.0}
Epoch: 23	Batch time (1.341657)	Data time (0.023769)	Cuda time (0.000001)	Loss (132.415301)	Accuracy (0.904356)
EVALUATING
{'loss': 132.19200119018555, 'accuracy': 0.9032468998432159, 'perfect_match_accuracy': 0.001, 'cost_ratio_suggested_true': 1.3959025299549104, 'below_10.0_percent_acc': 0.402, 'below_1.0_percent_acc': 0.042, 'below_0.1_percent_acc': 0.027, 'below_0.01_percent_acc': 0.027, 'below_0.001_percent_acc': 0.027, 'below_0.0001_percent_acc': 0.027, 'valid_acc': 1.0}
Epoch: 24	Batch time (1.326840)	Data time (0.023049)	Cuda time (0.000001)	Loss (132.476300)	Accuracy (0.900969)
EVALUATING
{'loss': 133.50900009155274, 'accuracy': 0.9013364064693451, 'perfect_match_accuracy': 0.001, 'cost_ratio_suggested_true': 1.7842188370227814, 'below_10.0_percent_acc': 0.272, 'below_1.0_percent_acc': 0.037, 'below_0.1_percent_acc': 0.029, 'below_0.01_percent_acc': 0.029, 'below_0.001_percent_acc': 0.029, 'below_0.0001_percent_acc': 0.029, 'valid_acc': 1.0}
Epoch: 25	Batch time (1.328587)	Data time (0.023124)	Cuda time (0.000001)	Loss (131.253101)	Accuracy (0.893759)
EVALUATING
{'loss': 131.47900077819824, 'accuracy': 0.8954290044307709, 'perfect_match_accuracy': 0.001, 'cost_ratio_suggested_true': 2.4330725479125976, 'below_10.0_percent_acc': 0.159, 'below_1.0_percent_acc': 0.021, 'below_0.1_percent_acc': 0.017, 'below_0.01_percent_acc': 0.017, 'below_0.001_percent_acc': 0.017, 'below_0.0001_percent_acc': 0.017, 'valid_acc': 1.0}
Epoch: 26	Batch time (1.331736)	Data time (0.023296)	Cuda time (0.000001)	Loss (130.836301)	Accuracy (0.892686)
EVALUATING
{'loss': 131.88199897766114, 'accuracy': 0.8959691172838211, 'perfect_match_accuracy': 0.0, 'cost_ratio_suggested_true': 2.2255782043933867, 'below_10.0_percent_acc': 0.188, 'below_1.0_percent_acc': 0.027, 'below_0.1_percent_acc': 0.022, 'below_0.01_percent_acc': 0.022, 'below_0.001_percent_acc': 0.022, 'below_0.0001_percent_acc': 0.022, 'valid_acc': 1.0}
Epoch: 27	Batch time (1.342809)	Data time (0.023294)	Cuda time (0.000001)	Loss (131.220301)	Accuracy (0.892854)
EVALUATING
{'loss': 131.98600120544432, 'accuracy': 0.8984999907016754, 'perfect_match_accuracy': 0.001, 'cost_ratio_suggested_true': 2.248190551996231, 'below_10.0_percent_acc': 0.203, 'below_1.0_percent_acc': 0.026, 'below_0.1_percent_acc': 0.021, 'below_0.01_percent_acc': 0.021, 'below_0.001_percent_acc': 0.021, 'below_0.0001_percent_acc': 0.021, 'valid_acc': 1.0}
Epoch: 28	Batch time (1.345803)	Data time (0.023710)	Cuda time (0.000001)	Loss (131.115600)	Accuracy (0.893047)
EVALUATING
{'loss': 133.42300018310547, 'accuracy': 0.8988117229938507, 'perfect_match_accuracy': 0.0, 'cost_ratio_suggested_true': 2.2757994496822356, 'below_10.0_percent_acc': 0.204, 'below_1.0_percent_acc': 0.027, 'below_0.1_percent_acc': 0.021, 'below_0.01_percent_acc': 0.021, 'below_0.001_percent_acc': 0.021, 'below_0.0001_percent_acc': 0.021, 'valid_acc': 1.0}
Epoch: 29	Batch time (1.350229)	Data time (0.023345)	Cuda time (0.000001)	Loss (131.705401)	Accuracy (0.894883)
EVALUATING
{'loss': 134.52800048828124, 'accuracy': 0.9018703603744507, 'perfect_match_accuracy': 0.0, 'cost_ratio_suggested_true': 2.140546110868454, 'below_10.0_percent_acc': 0.229, 'below_1.0_percent_acc': 0.026, 'below_0.1_percent_acc': 0.022, 'below_0.01_percent_acc': 0.022, 'below_0.001_percent_acc': 0.022, 'below_0.0001_percent_acc': 0.022, 'valid_acc': 1.0}
Epoch: 30	Batch time (1.335036)	Data time (0.023559)	Cuda time (0.000001)	Loss (132.925102)	Accuracy (0.901047)
EVALUATING
{'loss': 133.86099967956542, 'accuracy': 0.9063580060005187, 'perfect_match_accuracy': 0.002, 'cost_ratio_suggested_true': 1.8833899402618408, 'below_10.0_percent_acc': 0.279, 'below_1.0_percent_acc': 0.043, 'below_0.1_percent_acc': 0.037, 'below_0.01_percent_acc': 0.037, 'below_0.001_percent_acc': 0.037, 'below_0.0001_percent_acc': 0.037, 'valid_acc': 1.0}
Epoch: 31	Batch time (1.332987)	Data time (0.023387)	Cuda time (0.000001)	Loss (132.376301)	Accuracy (0.899583)
EVALUATING
{'loss': 131.82300086975098, 'accuracy': 0.9065092498064041, 'perfect_match_accuracy': 0.002, 'cost_ratio_suggested_true': 1.8718820333480835, 'below_10.0_percent_acc': 0.282, 'below_1.0_percent_acc': 0.042, 'below_0.1_percent_acc': 0.037, 'below_0.01_percent_acc': 0.037, 'below_0.001_percent_acc': 0.037, 'below_0.0001_percent_acc': 0.037, 'valid_acc': 1.0}
Epoch: 32	Batch time (1.333249)	Data time (0.023163)	Cuda time (0.000001)	Loss (132.168901)	Accuracy (0.900213)
EVALUATING
{'loss': 131.74600059509277, 'accuracy': 0.9068734556436538, 'perfect_match_accuracy': 0.001, 'cost_ratio_suggested_true': 1.8484852612018585, 'below_10.0_percent_acc': 0.289, 'below_1.0_percent_acc': 0.043, 'below_0.1_percent_acc': 0.037, 'below_0.01_percent_acc': 0.037, 'below_0.001_percent_acc': 0.037, 'below_0.0001_percent_acc': 0.037, 'valid_acc': 1.0}
Epoch: 33	Batch time (1.328842)	Data time (0.023310)	Cuda time (0.000001)	Loss (132.414401)	Accuracy (0.900753)
EVALUATING
{'loss': 134.34500228881836, 'accuracy': 0.9080586326122284, 'perfect_match_accuracy': 0.002, 'cost_ratio_suggested_true': 1.8226516270637512, 'below_10.0_percent_acc': 0.302, 'below_1.0_percent_acc': 0.049, 'below_0.1_percent_acc': 0.041, 'below_0.01_percent_acc': 0.041, 'below_0.001_percent_acc': 0.041, 'below_0.0001_percent_acc': 0.041, 'valid_acc': 1.0}
Epoch: 34	Batch time (1.351721)	Data time (0.023659)	Cuda time (0.000001)	Loss (132.488301)	Accuracy (0.901639)
EVALUATING
{'loss': 132.0790022277832, 'accuracy': 0.9087746900320053, 'perfect_match_accuracy': 0.002, 'cost_ratio_suggested_true': 1.79972975730896, 'below_10.0_percent_acc': 0.306, 'below_1.0_percent_acc': 0.049, 'below_0.1_percent_acc': 0.041, 'below_0.01_percent_acc': 0.041, 'below_0.001_percent_acc': 0.041, 'below_0.0001_percent_acc': 0.041, 'valid_acc': 1.0}
Epoch: 35	Batch time (1.344303)	Data time (0.023727)	Cuda time (0.000001)	Loss (132.616600)	Accuracy (0.900889)
EVALUATING
{'loss': 133.87200210571288, 'accuracy': 0.9074073916673661, 'perfect_match_accuracy': 0.001, 'cost_ratio_suggested_true': 1.8127320158481597, 'below_10.0_percent_acc': 0.296, 'below_1.0_percent_acc': 0.042, 'below_0.1_percent_acc': 0.037, 'below_0.01_percent_acc': 0.037, 'below_0.001_percent_acc': 0.037, 'below_0.0001_percent_acc': 0.037, 'valid_acc': 1.0}
Epoch: 36	Batch time (1.349683)	Data time (0.023030)	Cuda time (0.000001)	Loss (132.756300)	Accuracy (0.900747)
EVALUATING
{'loss': 133.102001953125, 'accuracy': 0.9076604825258255, 'perfect_match_accuracy': 0.002, 'cost_ratio_suggested_true': 1.8488662576675414, 'below_10.0_percent_acc': 0.293, 'below_1.0_percent_acc': 0.045, 'below_0.1_percent_acc': 0.039, 'below_0.01_percent_acc': 0.039, 'below_0.001_percent_acc': 0.039, 'below_0.0001_percent_acc': 0.039, 'valid_acc': 1.0}
Epoch: 37	Batch time (1.345114)	Data time (0.024165)	Cuda time (0.000001)	Loss (132.716101)	Accuracy (0.901334)
EVALUATING
{'loss': 132.51900192260743, 'accuracy': 0.9073425847291946, 'perfect_match_accuracy': 0.002, 'cost_ratio_suggested_true': 1.8660665404796601, 'below_10.0_percent_acc': 0.291, 'below_1.0_percent_acc': 0.043, 'below_0.1_percent_acc': 0.038, 'below_0.01_percent_acc': 0.038, 'below_0.001_percent_acc': 0.038, 'below_0.0001_percent_acc': 0.038, 'valid_acc': 1.0}
Epoch: 38	Batch time (1.362925)	Data time (0.023146)	Cuda time (0.000001)	Loss (132.431900)	Accuracy (0.900962)
EVALUATING
{'loss': 132.8020039367676, 'accuracy': 0.9076604843139648, 'perfect_match_accuracy': 0.002, 'cost_ratio_suggested_true': 1.8518184840679168, 'below_10.0_percent_acc': 0.291, 'below_1.0_percent_acc': 0.043, 'below_0.1_percent_acc': 0.038, 'below_0.01_percent_acc': 0.038, 'below_0.001_percent_acc': 0.038, 'below_0.0001_percent_acc': 0.038, 'valid_acc': 1.0}
Epoch: 39	Batch time (1.361449)	Data time (0.022963)	Cuda time (0.000001)	Loss (132.487501)	Accuracy (0.901428)
EVALUATING
{'loss': 134.987001953125, 'accuracy': 0.9090678858757019, 'perfect_match_accuracy': 0.001, 'cost_ratio_suggested_true': 1.8004119002819061, 'below_10.0_percent_acc': 0.297, 'below_1.0_percent_acc': 0.048, 'below_0.1_percent_acc': 0.041, 'below_0.01_percent_acc': 0.041, 'below_0.001_percent_acc': 0.041, 'below_0.0001_percent_acc': 0.041, 'valid_acc': 1.0}
Epoch: 40	Batch time (1.358861)	Data time (0.023504)	Cuda time (0.000001)	Loss (132.701601)	Accuracy (0.902255)
EVALUATING
{'loss': 133.38899948120118, 'accuracy': 0.9081419634819031, 'perfect_match_accuracy': 0.001, 'cost_ratio_suggested_true': 1.8082431375980377, 'below_10.0_percent_acc': 0.292, 'below_1.0_percent_acc': 0.045, 'below_0.1_percent_acc': 0.039, 'below_0.01_percent_acc': 0.039, 'below_0.001_percent_acc': 0.039, 'below_0.0001_percent_acc': 0.039, 'valid_acc': 1.0}
Epoch: 41	Batch time (1.360825)	Data time (0.023346)	Cuda time (0.000001)	Loss (132.986501)	Accuracy (0.902078)
EVALUATING
{'loss': 134.13300247192382, 'accuracy': 0.908240732550621, 'perfect_match_accuracy': 0.001, 'cost_ratio_suggested_true': 1.7996958017349243, 'below_10.0_percent_acc': 0.295, 'below_1.0_percent_acc': 0.045, 'below_0.1_percent_acc': 0.038, 'below_0.01_percent_acc': 0.038, 'below_0.001_percent_acc': 0.038, 'below_0.0001_percent_acc': 0.038, 'valid_acc': 1.0}
Epoch: 42	Batch time (1.348681)	Data time (0.023229)	Cuda time (0.000001)	Loss (132.779302)	Accuracy (0.902281)
EVALUATING
{'loss': 133.98100158691406, 'accuracy': 0.9080308544635772, 'perfect_match_accuracy': 0.001, 'cost_ratio_suggested_true': 1.8014829218387605, 'below_10.0_percent_acc': 0.292, 'below_1.0_percent_acc': 0.043, 'below_0.1_percent_acc': 0.037, 'below_0.01_percent_acc': 0.037, 'below_0.001_percent_acc': 0.037, 'below_0.0001_percent_acc': 0.037, 'valid_acc': 1.0}
Epoch: 43	Batch time (1.330529)	Data time (0.023501)	Cuda time (0.000001)	Loss (133.069901)	Accuracy (0.902027)
EVALUATING
{'loss': 132.62800132751465, 'accuracy': 0.9083148109912872, 'perfect_match_accuracy': 0.001, 'cost_ratio_suggested_true': 1.7957971107959747, 'below_10.0_percent_acc': 0.296, 'below_1.0_percent_acc': 0.046, 'below_0.1_percent_acc': 0.039, 'below_0.01_percent_acc': 0.039, 'below_0.001_percent_acc': 0.039, 'below_0.0001_percent_acc': 0.039, 'valid_acc': 1.0}
Epoch: 44	Batch time (1.333467)	Data time (0.023168)	Cuda time (0.000001)	Loss (132.985101)	Accuracy (0.902199)
EVALUATING
{'loss': 133.3950001525879, 'accuracy': 0.9085956627130508, 'perfect_match_accuracy': 0.001, 'cost_ratio_suggested_true': 1.7873439800739288, 'below_10.0_percent_acc': 0.297, 'below_1.0_percent_acc': 0.046, 'below_0.1_percent_acc': 0.039, 'below_0.01_percent_acc': 0.039, 'below_0.001_percent_acc': 0.039, 'below_0.0001_percent_acc': 0.039, 'valid_acc': 1.0}
Epoch: 45	Batch time (1.333387)	Data time (0.023859)	Cuda time (0.000001)	Loss (133.089901)	Accuracy (0.902228)
EVALUATING
{'loss': 133.95600143432617, 'accuracy': 0.9086419624090195, 'perfect_match_accuracy': 0.001, 'cost_ratio_suggested_true': 1.7722678339481355, 'below_10.0_percent_acc': 0.308, 'below_1.0_percent_acc': 0.05, 'below_0.1_percent_acc': 0.042, 'below_0.01_percent_acc': 0.042, 'below_0.001_percent_acc': 0.042, 'below_0.0001_percent_acc': 0.042, 'valid_acc': 1.0}
Epoch: 46	Batch time (1.322584)	Data time (0.022968)	Cuda time (0.000001)	Loss (132.646101)	Accuracy (0.902301)
EVALUATING
{'loss': 133.8860009765625, 'accuracy': 0.9082438188791275, 'perfect_match_accuracy': 0.001, 'cost_ratio_suggested_true': 1.7865684032440186, 'below_10.0_percent_acc': 0.299, 'below_1.0_percent_acc': 0.045, 'below_0.1_percent_acc': 0.038, 'below_0.01_percent_acc': 0.038, 'below_0.001_percent_acc': 0.038, 'below_0.0001_percent_acc': 0.038, 'valid_acc': 1.0}
Epoch: 47	Batch time (1.319562)	Data time (0.023207)	Cuda time (0.000001)	Loss (132.862400)	Accuracy (0.902627)
EVALUATING
{'loss': 135.08700088500976, 'accuracy': 0.9083919656276703, 'perfect_match_accuracy': 0.001, 'cost_ratio_suggested_true': 1.780384166240692, 'below_10.0_percent_acc': 0.305, 'below_1.0_percent_acc': 0.047, 'below_0.1_percent_acc': 0.04, 'below_0.01_percent_acc': 0.04, 'below_0.001_percent_acc': 0.04, 'below_0.0001_percent_acc': 0.04, 'valid_acc': 1.0}
Epoch: 48	Batch time (1.338733)	Data time (0.022951)	Cuda time (0.000001)	Loss (132.796100)	Accuracy (0.902255)
EVALUATING
{'loss': 133.40199951171874, 'accuracy': 0.9085555374622345, 'perfect_match_accuracy': 0.001, 'cost_ratio_suggested_true': 1.7823970127105713, 'below_10.0_percent_acc': 0.301, 'below_1.0_percent_acc': 0.046, 'below_0.1_percent_acc': 0.039, 'below_0.01_percent_acc': 0.039, 'below_0.001_percent_acc': 0.039, 'below_0.0001_percent_acc': 0.039, 'valid_acc': 1.0}
Epoch: 49	Batch time (1.339416)	Data time (0.023206)	Cuda time (0.000001)	Loss (132.838202)	Accuracy (0.902731)
EVALUATING
{'loss': 132.9279998779297, 'accuracy': 0.9081141859292984, 'perfect_match_accuracy': 0.001, 'cost_ratio_suggested_true': 1.7767962563037871, 'below_10.0_percent_acc': 0.305, 'below_1.0_percent_acc': 0.046, 'below_0.1_percent_acc': 0.038, 'below_0.01_percent_acc': 0.038, 'below_0.001_percent_acc': 0.038, 'below_0.0001_percent_acc': 0.038, 'valid_acc': 1.0}
Epoch: 50	Batch time (1.337665)	Data time (0.022972)	Cuda time (0.000001)	Loss (132.885901)	Accuracy (0.902678)
EVALUATING
{'loss': 133.46800025939942, 'accuracy': 0.9086975210905075, 'perfect_match_accuracy': 0.001, 'cost_ratio_suggested_true': 1.7710014247894288, 'below_10.0_percent_acc': 0.311, 'below_1.0_percent_acc': 0.05, 'below_0.1_percent_acc': 0.042, 'below_0.01_percent_acc': 0.042, 'below_0.001_percent_acc': 0.042, 'below_0.0001_percent_acc': 0.042, 'valid_acc': 1.0}
