No existing entry for trainer_params.mode.type
{}[type] = <class 'int'>(5)
No existing entry for trainer_params.mode.objective_type
{'type': 5}[objective_type] = <class 'str'>(normal)
No existing entry for trainer_params.mode.use_marginal
{'type': 5, 'objective_type': 'normal'}[use_marginal] = <class 'bool'>(True)
No existing entry for trainer_params.mode.nb_samples
{'type': 5, 'objective_type': 'normal', 'use_marginal': True}[nb_samples] = <class 'int'>(1)
No existing entry for trainer_params.mode.temperature
{'type': 5, 'objective_type': 'normal', 'use_marginal': True, 'nb_samples': 1}[temperature] = <class 'float'>(0.5)
No existing entry for trainer_params.mode.use_gamma
{'type': 5, 'objective_type': 'normal', 'use_marginal': True, 'nb_samples': 1, 'temperature': 0.5}[use_gamma] = <class 'bool'>(False)
No existing entry for trainer_params.mode.loss_type
{'type': 5, 'objective_type': 'normal', 'use_marginal': True, 'nb_samples': 1, 'temperature': 0.5, 'use_gamma': False}[loss_type] = <class 'str'>(normal)
No existing entry for trainer_params.mode.perturb_w
{'type': 5, 'objective_type': 'normal', 'use_marginal': True, 'nb_samples': 1, 'temperature': 0.5, 'use_gamma': False, 'loss_type': 'normal'}[perturb_w] = <class 'bool'>(False)
No existing entry for trainer_params.mode.perturb_w_prime
{'type': 5, 'objective_type': 'normal', 'use_marginal': True, 'nb_samples': 1, 'temperature': 0.5, 'use_gamma': False, 'loss_type': 'normal', 'perturb_w': False}[perturb_w_prime] = <class 'bool'>(False)
{'batch_size': 70, 'l1_regconst': 0.0, 'lambda_val': 20.0, 'lr_milestone_1': 30, 'lr_milestone_2': 40, 'model_params': {'arch_params': {}, 'model_name': 'CombResnet18'}, 'neighbourhood_fn': '8-grid', 'optimizer_name': 'Adam', 'optimizer_params': {'lr': 0.0005}, 'preload_batch': True, 'use_cuda': True, 'use_lr_scheduling': True, 'mode': {'type': 5, 'objective_type': 'normal', 'use_marginal': True, 'nb_samples': 1, 'temperature': 0.5, 'use_gamma': False, 'loss_type': 'normal', 'perturb_w': False, 'perturb_w_prime': False}}[lambda_val] = <class 'float'>(0.0)
{'data_dir': 'data/warcraft_shortest_path/12x12', 'evaluate_with_extra': False, 'normalize': True, 'use_local_path': False, 'use_test_set': True}[data_dir] = <class 'str'>(data/warcraft_shortest_path/18x18)
{'evaluate_every': 5, 'loader_params': {'data_dir': 'data/warcraft_shortest_path/18x18', 'evaluate_with_extra': False, 'normalize': True, 'use_local_path': False, 'use_test_set': True}, 'model_dir': 'results/warcraft_shortest_path_combresnet', 'num_cpus': 20, 'num_epochs': 50, 'problem_type': 'warcraft_shortest_path', 'ray_params': {}, 'save_visualizations': False, 'seed': 1, 'trainer_name': 'DijkstraMAP', 'trainer_params': {'batch_size': 70, 'l1_regconst': 0.0, 'lambda_val': 0.0, 'lr_milestone_1': 30, 'lr_milestone_2': 40, 'model_params': {'arch_params': {}, 'model_name': 'CombResnet18'}, 'neighbourhood_fn': '8-grid', 'optimizer_name': 'Adam', 'optimizer_params': {'lr': 0.0005}, 'preload_batch': True, 'use_cuda': True, 'use_lr_scheduling': True, 'mode': {'type': 5, 'objective_type': 'normal', 'use_marginal': True, 'nb_samples': 1, 'temperature': 0.5, 'use_gamma': False, 'loss_type': 'normal', 'perturb_w': False, 'perturb_w_prime': False}}, 'use_ray': True}[seed] = <class 'int'>(4)
{'evaluate_every': 5, 'loader_params': {'data_dir': 'data/warcraft_shortest_path/18x18', 'evaluate_with_extra': False, 'normalize': True, 'use_local_path': False, 'use_test_set': True}, 'model_dir': 'results/warcraft_shortest_path_combresnet', 'num_cpus': 20, 'num_epochs': 50, 'problem_type': 'warcraft_shortest_path', 'ray_params': {}, 'save_visualizations': False, 'seed': 4, 'trainer_name': 'DijkstraMAP', 'trainer_params': {'batch_size': 70, 'l1_regconst': 0.0, 'lambda_val': 0.0, 'lr_milestone_1': 30, 'lr_milestone_2': 40, 'model_params': {'arch_params': {}, 'model_name': 'CombResnet18'}, 'neighbourhood_fn': '8-grid', 'optimizer_name': 'Adam', 'optimizer_params': {'lr': 0.0005}, 'preload_batch': True, 'use_cuda': True, 'use_lr_scheduling': True, 'mode': {'type': 5, 'objective_type': 'normal', 'use_marginal': True, 'nb_samples': 1, 'temperature': 0.5, 'use_gamma': False, 'loss_type': 'normal', 'perturb_w': False, 'perturb_w_prime': False}}, 'use_ray': True}[evaluate_every] = <class 'int'>(1)
{'evaluate_every': 1, 'loader_params': {'data_dir': 'data/warcraft_shortest_path/18x18', 'evaluate_with_extra': False, 'normalize': True, 'use_local_path': False, 'use_test_set': True}, 'model_dir': 'results/warcraft_shortest_path_combresnet', 'num_cpus': 20, 'num_epochs': 50, 'problem_type': 'warcraft_shortest_path', 'ray_params': {}, 'save_visualizations': False, 'seed': 4, 'trainer_name': 'DijkstraMAP', 'trainer_params': {'batch_size': 70, 'l1_regconst': 0.0, 'lambda_val': 0.0, 'lr_milestone_1': 30, 'lr_milestone_2': 40, 'model_params': {'arch_params': {}, 'model_name': 'CombResnet18'}, 'neighbourhood_fn': '8-grid', 'optimizer_name': 'Adam', 'optimizer_params': {'lr': 0.0005}, 'preload_batch': True, 'use_cuda': True, 'use_lr_scheduling': True, 'mode': {'type': 5, 'objective_type': 'normal', 'use_marginal': True, 'nb_samples': 1, 'temperature': 0.5, 'use_gamma': False, 'loss_type': 'normal', 'perturb_w': False, 'perturb_w_prime': False}}, 'use_ray': True}[use_ray] = <class 'bool'>(False)
No existing entry for trainer_params.mode.type
{}[type] = <class 'int'>(5)
No existing entry for trainer_params.mode.objective_type
{'type': 5}[objective_type] = <class 'str'>(normal)
No existing entry for trainer_params.mode.use_marginal
{'type': 5, 'objective_type': 'normal'}[use_marginal] = <class 'bool'>(True)
No existing entry for trainer_params.mode.nb_samples
{'type': 5, 'objective_type': 'normal', 'use_marginal': True}[nb_samples] = <class 'int'>(1)
No existing entry for trainer_params.mode.temperature
{'type': 5, 'objective_type': 'normal', 'use_marginal': True, 'nb_samples': 1}[temperature] = <class 'float'>(0.5)
No existing entry for trainer_params.mode.use_gamma
{'type': 5, 'objective_type': 'normal', 'use_marginal': True, 'nb_samples': 1, 'temperature': 0.5}[use_gamma] = <class 'bool'>(False)
No existing entry for trainer_params.mode.loss_type
{'type': 5, 'objective_type': 'normal', 'use_marginal': True, 'nb_samples': 1, 'temperature': 0.5, 'use_gamma': False}[loss_type] = <class 'str'>(normal)
No existing entry for trainer_params.mode.perturb_w
{'type': 5, 'objective_type': 'normal', 'use_marginal': True, 'nb_samples': 1, 'temperature': 0.5, 'use_gamma': False, 'loss_type': 'normal'}[perturb_w] = <class 'bool'>(False)
No existing entry for trainer_params.mode.perturb_w_prime
{'type': 5, 'objective_type': 'normal', 'use_marginal': True, 'nb_samples': 1, 'temperature': 0.5, 'use_gamma': False, 'loss_type': 'normal', 'perturb_w': False}[perturb_w_prime] = <class 'bool'>(False)
{'batch_size': 70, 'l1_regconst': 0.0, 'lambda_val': 20.0, 'lr_milestone_1': 30, 'lr_milestone_2': 40, 'model_params': {'arch_params': {}, 'model_name': 'CombResnet18'}, 'neighbourhood_fn': '8-grid', 'optimizer_name': 'Adam', 'optimizer_params': {'lr': 0.0005}, 'preload_batch': True, 'use_cuda': True, 'use_lr_scheduling': True, 'mode': {'type': 5, 'objective_type': 'normal', 'use_marginal': True, 'nb_samples': 1, 'temperature': 0.5, 'use_gamma': False, 'loss_type': 'normal', 'perturb_w': False, 'perturb_w_prime': False}}[lambda_val] = <class 'float'>(0.0)
{'data_dir': 'data/warcraft_shortest_path/12x12', 'evaluate_with_extra': False, 'normalize': True, 'use_local_path': False, 'use_test_set': True}[data_dir] = <class 'str'>(data/warcraft_shortest_path/18x18)
{'evaluate_every': 5, 'loader_params': {'data_dir': 'data/warcraft_shortest_path/18x18', 'evaluate_with_extra': False, 'normalize': True, 'use_local_path': False, 'use_test_set': True}, 'model_dir': 'results/warcraft_shortest_path_combresnet', 'num_cpus': 20, 'num_epochs': 50, 'problem_type': 'warcraft_shortest_path', 'ray_params': {}, 'save_visualizations': False, 'seed': 1, 'trainer_name': 'DijkstraMAP', 'trainer_params': {'batch_size': 70, 'l1_regconst': 0.0, 'lambda_val': 0.0, 'lr_milestone_1': 30, 'lr_milestone_2': 40, 'model_params': {'arch_params': {}, 'model_name': 'CombResnet18'}, 'neighbourhood_fn': '8-grid', 'optimizer_name': 'Adam', 'optimizer_params': {'lr': 0.0005}, 'preload_batch': True, 'use_cuda': True, 'use_lr_scheduling': True, 'mode': {'type': 5, 'objective_type': 'normal', 'use_marginal': True, 'nb_samples': 1, 'temperature': 0.5, 'use_gamma': False, 'loss_type': 'normal', 'perturb_w': False, 'perturb_w_prime': False}}, 'use_ray': True}[seed] = <class 'int'>(4)
{'evaluate_every': 5, 'loader_params': {'data_dir': 'data/warcraft_shortest_path/18x18', 'evaluate_with_extra': False, 'normalize': True, 'use_local_path': False, 'use_test_set': True}, 'model_dir': 'results/warcraft_shortest_path_combresnet', 'num_cpus': 20, 'num_epochs': 50, 'problem_type': 'warcraft_shortest_path', 'ray_params': {}, 'save_visualizations': False, 'seed': 4, 'trainer_name': 'DijkstraMAP', 'trainer_params': {'batch_size': 70, 'l1_regconst': 0.0, 'lambda_val': 0.0, 'lr_milestone_1': 30, 'lr_milestone_2': 40, 'model_params': {'arch_params': {}, 'model_name': 'CombResnet18'}, 'neighbourhood_fn': '8-grid', 'optimizer_name': 'Adam', 'optimizer_params': {'lr': 0.0005}, 'preload_batch': True, 'use_cuda': True, 'use_lr_scheduling': True, 'mode': {'type': 5, 'objective_type': 'normal', 'use_marginal': True, 'nb_samples': 1, 'temperature': 0.5, 'use_gamma': False, 'loss_type': 'normal', 'perturb_w': False, 'perturb_w_prime': False}}, 'use_ray': True}[evaluate_every] = <class 'int'>(1)
{'evaluate_every': 1, 'loader_params': {'data_dir': 'data/warcraft_shortest_path/18x18', 'evaluate_with_extra': False, 'normalize': True, 'use_local_path': False, 'use_test_set': True}, 'model_dir': 'results/warcraft_shortest_path_combresnet', 'num_cpus': 20, 'num_epochs': 50, 'problem_type': 'warcraft_shortest_path', 'ray_params': {}, 'save_visualizations': False, 'seed': 4, 'trainer_name': 'DijkstraMAP', 'trainer_params': {'batch_size': 70, 'l1_regconst': 0.0, 'lambda_val': 0.0, 'lr_milestone_1': 30, 'lr_milestone_2': 40, 'model_params': {'arch_params': {}, 'model_name': 'CombResnet18'}, 'neighbourhood_fn': '8-grid', 'optimizer_name': 'Adam', 'optimizer_params': {'lr': 0.0005}, 'preload_batch': True, 'use_cuda': True, 'use_lr_scheduling': True, 'mode': {'type': 5, 'objective_type': 'normal', 'use_marginal': True, 'nb_samples': 1, 'temperature': 0.5, 'use_gamma': False, 'loss_type': 'normal', 'perturb_w': False, 'perturb_w_prime': False}}, 'use_ray': True}[use_ray] = <class 'bool'>(False)
{
    "evaluate_every": 1,
    "loader_params": {
        "data_dir": "data/warcraft_shortest_path/18x18",
        "evaluate_with_extra": false,
        "normalize": true,
        "use_local_path": false,
        "use_test_set": true
    },
    "model_dir": "results/warcraft_shortest_path_combresnet",
    "num_cpus": 20,
    "num_epochs": 50,
    "problem_type": "warcraft_shortest_path",
    "ray_params": {},
    "save_visualizations": false,
    "seed": 4,
    "trainer_name": "DijkstraMAP",
    "trainer_params": {
        "batch_size": 70,
        "l1_regconst": 0.0,
        "lambda_val": 0.0,
        "lr_milestone_1": 30,
        "lr_milestone_2": 40,
        "mode": {
            "loss_type": "normal",
            "nb_samples": 1,
            "objective_type": "normal",
            "perturb_w": false,
            "perturb_w_prime": false,
            "temperature": 0.5,
            "type": 5,
            "use_gamma": false,
            "use_marginal": true
        },
        "model_params": {
            "arch_params": {},
            "model_name": "CombResnet18"
        },
        "neighbourhood_fn": "8-grid",
        "optimizer_name": "Adam",
        "optimizer_params": {
            "lr": 0.0005
        },
        "preload_batch": true,
        "use_cuda": true,
        "use_lr_scheduling": true
    },
    "use_ray": false
}
MAP-BACKPROP MODE: {
    "loss_type": "normal",
    "nb_samples": 1,
    "objective_type": "normal",
    "perturb_w": false,
    "perturb_w_prime": false,
    "temperature": 0.5,
    "type": 5,
    "use_gamma": false,
    "use_marginal": true
}
True
META: {'input_image_size': 144, 'output_features': 324, 'num_channels': 3, 'denormalize': <maprop.decorators.input_to_numpy object at 0x2ab0918dac18>}
EVALUATING
{'loss': 29.914000911712648, 'accuracy': 0.9076728332042694, 'perfect_match_accuracy': 0.008, 'cost_ratio_suggested_true': 2.7191303300857546, 'below_10.0_percent_acc': 0.072, 'below_1.0_percent_acc': 0.016, 'below_0.1_percent_acc': 0.013, 'below_0.01_percent_acc': 0.013, 'below_0.001_percent_acc': 0.011, 'below_0.0001_percent_acc': 0.011, 'valid_acc': 1.0}
Epoch: 1	Batch time (0.727119)	Data time (0.018724)	Cuda time (0.000003)	Loss (33.014401)	Accuracy (0.898104)
EVALUATING
{'loss': 28.898000888824463, 'accuracy': 0.9108086234331131, 'perfect_match_accuracy': 0.008, 'cost_ratio_suggested_true': 2.537101163864136, 'below_10.0_percent_acc': 0.101, 'below_1.0_percent_acc': 0.028, 'below_0.1_percent_acc': 0.022, 'below_0.01_percent_acc': 0.022, 'below_0.001_percent_acc': 0.019, 'below_0.0001_percent_acc': 0.019, 'valid_acc': 1.0}
Epoch: 2	Batch time (0.711906)	Data time (0.020102)	Cuda time (0.000003)	Loss (33.739701)	Accuracy (0.895865)
EVALUATING
{'loss': 29.182000942230225, 'accuracy': 0.9099320906400681, 'perfect_match_accuracy': 0.009, 'cost_ratio_suggested_true': 2.621783580780029, 'below_10.0_percent_acc': 0.082, 'below_1.0_percent_acc': 0.018, 'below_0.1_percent_acc': 0.015, 'below_0.01_percent_acc': 0.015, 'below_0.001_percent_acc': 0.012, 'below_0.0001_percent_acc': 0.012, 'valid_acc': 1.0}
Epoch: 3	Batch time (0.708988)	Data time (0.019725)	Cuda time (0.000003)	Loss (33.200001)	Accuracy (0.897531)
EVALUATING
{'loss': 29.216001052856445, 'accuracy': 0.9098271548748016, 'perfect_match_accuracy': 0.007, 'cost_ratio_suggested_true': 1.8809155297279359, 'below_10.0_percent_acc': 0.306, 'below_1.0_percent_acc': 0.03, 'below_0.1_percent_acc': 0.021, 'below_0.01_percent_acc': 0.021, 'below_0.001_percent_acc': 0.02, 'below_0.0001_percent_acc': 0.02, 'valid_acc': 1.0}
Epoch: 4	Batch time (0.707527)	Data time (0.020242)	Cuda time (0.000003)	Loss (32.667801)	Accuracy (0.899173)
EVALUATING
{'loss': 27.117000770568847, 'accuracy': 0.9163055449724198, 'perfect_match_accuracy': 0.006, 'cost_ratio_suggested_true': 1.818387931585312, 'below_10.0_percent_acc': 0.354, 'below_1.0_percent_acc': 0.041, 'below_0.1_percent_acc': 0.027, 'below_0.01_percent_acc': 0.027, 'below_0.001_percent_acc': 0.025, 'below_0.0001_percent_acc': 0.025, 'valid_acc': 1.0}
Epoch: 5	Batch time (0.715379)	Data time (0.019463)	Cuda time (0.000003)	Loss (33.604901)	Accuracy (0.896281)
EVALUATING
{'loss': 31.467000789642334, 'accuracy': 0.9028796219825744, 'perfect_match_accuracy': 0.005, 'cost_ratio_suggested_true': 2.194963080883026, 'below_10.0_percent_acc': 0.176, 'below_1.0_percent_acc': 0.018, 'below_0.1_percent_acc': 0.015, 'below_0.01_percent_acc': 0.015, 'below_0.001_percent_acc': 0.014, 'below_0.0001_percent_acc': 0.014, 'valid_acc': 1.0}
Epoch: 6	Batch time (0.708559)	Data time (0.020199)	Cuda time (0.000003)	Loss (34.203401)	Accuracy (0.894434)
EVALUATING
{'loss': 30.338000965118407, 'accuracy': 0.9063641840219497, 'perfect_match_accuracy': 0.003, 'cost_ratio_suggested_true': 1.6735475325584412, 'below_10.0_percent_acc': 0.34, 'below_1.0_percent_acc': 0.042, 'below_0.1_percent_acc': 0.03, 'below_0.01_percent_acc': 0.03, 'below_0.001_percent_acc': 0.028, 'below_0.0001_percent_acc': 0.028, 'valid_acc': 1.0}
Epoch: 7	Batch time (0.705520)	Data time (0.019766)	Cuda time (0.000003)	Loss (33.553601)	Accuracy (0.896439)
EVALUATING
{'loss': 28.957000675201417, 'accuracy': 0.9106265300512314, 'perfect_match_accuracy': 0.002, 'cost_ratio_suggested_true': 1.9833422350883483, 'below_10.0_percent_acc': 0.22, 'below_1.0_percent_acc': 0.064, 'below_0.1_percent_acc': 0.05, 'below_0.01_percent_acc': 0.05, 'below_0.001_percent_acc': 0.047, 'below_0.0001_percent_acc': 0.047, 'valid_acc': 1.0}
Epoch: 8	Batch time (0.695130)	Data time (0.019620)	Cuda time (0.000003)	Loss (33.302701)	Accuracy (0.897214)
EVALUATING
{'loss': 28.11200080871582, 'accuracy': 0.9132345563173294, 'perfect_match_accuracy': 0.008, 'cost_ratio_suggested_true': 2.0559382581710817, 'below_10.0_percent_acc': 0.195, 'below_1.0_percent_acc': 0.047, 'below_0.1_percent_acc': 0.032, 'below_0.01_percent_acc': 0.032, 'below_0.001_percent_acc': 0.03, 'below_0.0001_percent_acc': 0.03, 'valid_acc': 1.0}
Epoch: 9	Batch time (0.710835)	Data time (0.019686)	Cuda time (0.000003)	Loss (32.797101)	Accuracy (0.898774)
EVALUATING
{'loss': 28.305001106262207, 'accuracy': 0.9126388794183731, 'perfect_match_accuracy': 0.005, 'cost_ratio_suggested_true': 2.058786563873291, 'below_10.0_percent_acc': 0.2, 'below_1.0_percent_acc': 0.045, 'below_0.1_percent_acc': 0.033, 'below_0.01_percent_acc': 0.033, 'below_0.001_percent_acc': 0.03, 'below_0.0001_percent_acc': 0.03, 'valid_acc': 1.0}
Epoch: 10	Batch time (0.722749)	Data time (0.020020)	Cuda time (0.000003)	Loss (33.562601)	Accuracy (0.896412)
EVALUATING
{'loss': 26.342000751495362, 'accuracy': 0.9186975204944611, 'perfect_match_accuracy': 0.007, 'cost_ratio_suggested_true': 1.5122296249866485, 'below_10.0_percent_acc': 0.442, 'below_1.0_percent_acc': 0.063, 'below_0.1_percent_acc': 0.043, 'below_0.01_percent_acc': 0.043, 'below_0.001_percent_acc': 0.04, 'below_0.0001_percent_acc': 0.04, 'valid_acc': 1.0}
Epoch: 11	Batch time (0.713558)	Data time (0.020049)	Cuda time (0.000003)	Loss (32.386301)	Accuracy (0.900042)
EVALUATING
{'loss': 25.314001026153566, 'accuracy': 0.921870356798172, 'perfect_match_accuracy': 0.01, 'cost_ratio_suggested_true': 1.7015038013458252, 'below_10.0_percent_acc': 0.362, 'below_1.0_percent_acc': 0.064, 'below_0.1_percent_acc': 0.047, 'below_0.01_percent_acc': 0.047, 'below_0.001_percent_acc': 0.044, 'below_0.0001_percent_acc': 0.044, 'valid_acc': 1.0}
Epoch: 12	Batch time (0.705890)	Data time (0.020142)	Cuda time (0.000003)	Loss (31.215701)	Accuracy (0.903655)
EVALUATING
{'loss': 28.367000942230224, 'accuracy': 0.9124475258588791, 'perfect_match_accuracy': 0.002, 'cost_ratio_suggested_true': 1.9888453876972199, 'below_10.0_percent_acc': 0.211, 'below_1.0_percent_acc': 0.041, 'below_0.1_percent_acc': 0.032, 'below_0.01_percent_acc': 0.032, 'below_0.001_percent_acc': 0.03, 'below_0.0001_percent_acc': 0.03, 'valid_acc': 1.0}
Epoch: 13	Batch time (0.704593)	Data time (0.019647)	Cuda time (0.000003)	Loss (31.077601)	Accuracy (0.904081)
EVALUATING
{'loss': 27.340001010894774, 'accuracy': 0.9156172680854797, 'perfect_match_accuracy': 0.006, 'cost_ratio_suggested_true': 1.6589061868190766, 'below_10.0_percent_acc': 0.344, 'below_1.0_percent_acc': 0.031, 'below_0.1_percent_acc': 0.023, 'below_0.01_percent_acc': 0.023, 'below_0.001_percent_acc': 0.022, 'below_0.0001_percent_acc': 0.022, 'valid_acc': 1.0}
Epoch: 14	Batch time (0.693713)	Data time (0.019541)	Cuda time (0.000003)	Loss (32.775201)	Accuracy (0.898842)
EVALUATING
{'loss': 30.638000869750975, 'accuracy': 0.9054382634162903, 'perfect_match_accuracy': 0.007, 'cost_ratio_suggested_true': 3.113387267589569, 'below_10.0_percent_acc': 0.079, 'below_1.0_percent_acc': 0.017, 'below_0.1_percent_acc': 0.012, 'below_0.01_percent_acc': 0.012, 'below_0.001_percent_acc': 0.012, 'below_0.0001_percent_acc': 0.012, 'valid_acc': 1.0}
Epoch: 15	Batch time (0.722784)	Data time (0.019440)	Cuda time (0.000003)	Loss (31.927801)	Accuracy (0.901457)
EVALUATING
{'loss': 26.13300127029419, 'accuracy': 0.9193425822257996, 'perfect_match_accuracy': 0.014, 'cost_ratio_suggested_true': 2.082994303703308, 'below_10.0_percent_acc': 0.258, 'below_1.0_percent_acc': 0.067, 'below_0.1_percent_acc': 0.052, 'below_0.01_percent_acc': 0.052, 'below_0.001_percent_acc': 0.049, 'below_0.0001_percent_acc': 0.049, 'valid_acc': 1.0}
Epoch: 16	Batch time (0.715650)	Data time (0.020128)	Cuda time (0.000003)	Loss (31.335801)	Accuracy (0.903285)
EVALUATING
{'loss': 28.147001209259034, 'accuracy': 0.9131265360116959, 'perfect_match_accuracy': 0.012, 'cost_ratio_suggested_true': 2.3676387643814087, 'below_10.0_percent_acc': 0.182, 'below_1.0_percent_acc': 0.036, 'below_0.1_percent_acc': 0.032, 'below_0.01_percent_acc': 0.032, 'below_0.001_percent_acc': 0.03, 'below_0.0001_percent_acc': 0.03, 'valid_acc': 1.0}
Epoch: 17	Batch time (0.723787)	Data time (0.019974)	Cuda time (0.000003)	Loss (31.099901)	Accuracy (0.904013)
EVALUATING
{'loss': 24.52300094604492, 'accuracy': 0.9243117117881775, 'perfect_match_accuracy': 0.015, 'cost_ratio_suggested_true': 1.6792565500736236, 'below_10.0_percent_acc': 0.438, 'below_1.0_percent_acc': 0.124, 'below_0.1_percent_acc': 0.096, 'below_0.01_percent_acc': 0.096, 'below_0.001_percent_acc': 0.094, 'below_0.0001_percent_acc': 0.094, 'valid_acc': 1.0}
Epoch: 18	Batch time (0.703407)	Data time (0.019664)	Cuda time (0.000003)	Loss (31.215501)	Accuracy (0.903656)
EVALUATING
{'loss': 25.887000522613526, 'accuracy': 0.9201018410921097, 'perfect_match_accuracy': 0.009, 'cost_ratio_suggested_true': 1.6393469548225403, 'below_10.0_percent_acc': 0.379, 'below_1.0_percent_acc': 0.06, 'below_0.1_percent_acc': 0.038, 'below_0.01_percent_acc': 0.038, 'below_0.001_percent_acc': 0.037, 'below_0.0001_percent_acc': 0.037, 'valid_acc': 1.0}
Epoch: 19	Batch time (0.724747)	Data time (0.019974)	Cuda time (0.000003)	Loss (31.896801)	Accuracy (0.901553)
EVALUATING
{'loss': 22.562000465393066, 'accuracy': 0.9303641784191131, 'perfect_match_accuracy': 0.015, 'cost_ratio_suggested_true': 1.4500414168834685, 'below_10.0_percent_acc': 0.513, 'below_1.0_percent_acc': 0.102, 'below_0.1_percent_acc': 0.073, 'below_0.01_percent_acc': 0.073, 'below_0.001_percent_acc': 0.07, 'below_0.0001_percent_acc': 0.07, 'valid_acc': 1.0}
Epoch: 20	Batch time (0.713753)	Data time (0.020616)	Cuda time (0.000003)	Loss (29.840801)	Accuracy (0.907899)
EVALUATING
{'loss': 23.571000690460206, 'accuracy': 0.9272499912977219, 'perfect_match_accuracy': 0.011, 'cost_ratio_suggested_true': 1.5788438963890075, 'below_10.0_percent_acc': 0.447, 'below_1.0_percent_acc': 0.067, 'below_0.1_percent_acc': 0.043, 'below_0.01_percent_acc': 0.043, 'below_0.001_percent_acc': 0.042, 'below_0.0001_percent_acc': 0.042, 'valid_acc': 1.0}
Epoch: 21	Batch time (0.736552)	Data time (0.019536)	Cuda time (0.000003)	Loss (29.911401)	Accuracy (0.907681)
EVALUATING
{'loss': 26.83200080871582, 'accuracy': 0.9171851670742035, 'perfect_match_accuracy': 0.007, 'cost_ratio_suggested_true': 1.9550364744663238, 'below_10.0_percent_acc': 0.212, 'below_1.0_percent_acc': 0.036, 'below_0.1_percent_acc': 0.027, 'below_0.01_percent_acc': 0.027, 'below_0.001_percent_acc': 0.027, 'below_0.0001_percent_acc': 0.027, 'valid_acc': 1.0}
Epoch: 22	Batch time (0.716266)	Data time (0.020121)	Cuda time (0.000003)	Loss (31.481201)	Accuracy (0.902836)
EVALUATING
{'loss': 27.835001201629638, 'accuracy': 0.914089499115944, 'perfect_match_accuracy': 0.008, 'cost_ratio_suggested_true': 2.26630585193634, 'below_10.0_percent_acc': 0.236, 'below_1.0_percent_acc': 0.031, 'below_0.1_percent_acc': 0.018, 'below_0.01_percent_acc': 0.018, 'below_0.001_percent_acc': 0.017, 'below_0.0001_percent_acc': 0.017, 'valid_acc': 1.0}
Epoch: 23	Batch time (0.714387)	Data time (0.020645)	Cuda time (0.000003)	Loss (31.471701)	Accuracy (0.902865)
EVALUATING
{'loss': 26.03300121307373, 'accuracy': 0.9196512192487717, 'perfect_match_accuracy': 0.014, 'cost_ratio_suggested_true': 2.1813051462173463, 'below_10.0_percent_acc': 0.221, 'below_1.0_percent_acc': 0.085, 'below_0.1_percent_acc': 0.061, 'below_0.01_percent_acc': 0.061, 'below_0.001_percent_acc': 0.061, 'below_0.0001_percent_acc': 0.061, 'valid_acc': 1.0}
Epoch: 24	Batch time (0.699713)	Data time (0.019318)	Cuda time (0.000003)	Loss (29.724701)	Accuracy (0.908257)
EVALUATING
{'loss': 23.211001148223875, 'accuracy': 0.9283610999584198, 'perfect_match_accuracy': 0.023, 'cost_ratio_suggested_true': 1.8674671065807342, 'below_10.0_percent_acc': 0.305, 'below_1.0_percent_acc': 0.089, 'below_0.1_percent_acc': 0.076, 'below_0.01_percent_acc': 0.076, 'below_0.001_percent_acc': 0.071, 'below_0.0001_percent_acc': 0.071, 'valid_acc': 1.0}
Epoch: 25	Batch time (0.707011)	Data time (0.019971)	Cuda time (0.000003)	Loss (29.090301)	Accuracy (0.910215)
EVALUATING
{'loss': 22.8820011138916, 'accuracy': 0.929376528263092, 'perfect_match_accuracy': 0.023, 'cost_ratio_suggested_true': 1.7306115710735321, 'below_10.0_percent_acc': 0.379, 'below_1.0_percent_acc': 0.097, 'below_0.1_percent_acc': 0.074, 'below_0.01_percent_acc': 0.074, 'below_0.001_percent_acc': 0.069, 'below_0.0001_percent_acc': 0.069, 'valid_acc': 1.0}
Epoch: 26	Batch time (0.702973)	Data time (0.019935)	Cuda time (0.000003)	Loss (28.893501)	Accuracy (0.910823)
EVALUATING
{'loss': 22.089000720977783, 'accuracy': 0.931824067234993, 'perfect_match_accuracy': 0.017, 'cost_ratio_suggested_true': 1.5223198652267456, 'below_10.0_percent_acc': 0.503, 'below_1.0_percent_acc': 0.105, 'below_0.1_percent_acc': 0.076, 'below_0.01_percent_acc': 0.076, 'below_0.001_percent_acc': 0.072, 'below_0.0001_percent_acc': 0.072, 'valid_acc': 1.0}
Epoch: 27	Batch time (0.711108)	Data time (0.019593)	Cuda time (0.000003)	Loss (27.321501)	Accuracy (0.915674)
EVALUATING
{'loss': 19.508000392913818, 'accuracy': 0.9397901171445846, 'perfect_match_accuracy': 0.025, 'cost_ratio_suggested_true': 1.310884130001068, 'below_10.0_percent_acc': 0.657, 'below_1.0_percent_acc': 0.183, 'below_0.1_percent_acc': 0.141, 'below_0.01_percent_acc': 0.141, 'below_0.001_percent_acc': 0.134, 'below_0.0001_percent_acc': 0.134, 'valid_acc': 1.0}
Epoch: 28	Batch time (0.723239)	Data time (0.020087)	Cuda time (0.000003)	Loss (27.961801)	Accuracy (0.913698)
EVALUATING
{'loss': 22.99800090789795, 'accuracy': 0.9290185093879699, 'perfect_match_accuracy': 0.016, 'cost_ratio_suggested_true': 1.5116234743595123, 'below_10.0_percent_acc': 0.415, 'below_1.0_percent_acc': 0.115, 'below_0.1_percent_acc': 0.096, 'below_0.01_percent_acc': 0.096, 'below_0.001_percent_acc': 0.096, 'below_0.0001_percent_acc': 0.096, 'valid_acc': 1.0}
Epoch: 29	Batch time (0.725323)	Data time (0.019965)	Cuda time (0.000003)	Loss (28.120901)	Accuracy (0.913207)
EVALUATING
{'loss': 20.37300094604492, 'accuracy': 0.9371203601360321, 'perfect_match_accuracy': 0.026, 'cost_ratio_suggested_true': 1.3526216626167298, 'below_10.0_percent_acc': 0.527, 'below_1.0_percent_acc': 0.151, 'below_0.1_percent_acc': 0.12, 'below_0.01_percent_acc': 0.12, 'below_0.001_percent_acc': 0.116, 'below_0.0001_percent_acc': 0.116, 'valid_acc': 1.0}
Epoch: 30	Batch time (0.706057)	Data time (0.019673)	Cuda time (0.000003)	Loss (28.795201)	Accuracy (0.911126)
EVALUATING
{'loss': 22.44000099182129, 'accuracy': 0.9307407277822495, 'perfect_match_accuracy': 0.029, 'cost_ratio_suggested_true': 1.4744666314125061, 'below_10.0_percent_acc': 0.46, 'below_1.0_percent_acc': 0.098, 'below_0.1_percent_acc': 0.076, 'below_0.01_percent_acc': 0.076, 'below_0.001_percent_acc': 0.07, 'below_0.0001_percent_acc': 0.07, 'valid_acc': 1.0}
Epoch: 31	Batch time (0.708651)	Data time (0.019557)	Cuda time (0.000003)	Loss (28.232101)	Accuracy (0.912864)
EVALUATING
{'loss': 22.246000785827636, 'accuracy': 0.931339493393898, 'perfect_match_accuracy': 0.031, 'cost_ratio_suggested_true': 1.4800430977344512, 'below_10.0_percent_acc': 0.456, 'below_1.0_percent_acc': 0.096, 'below_0.1_percent_acc': 0.08, 'below_0.01_percent_acc': 0.08, 'below_0.001_percent_acc': 0.073, 'below_0.0001_percent_acc': 0.073, 'valid_acc': 1.0}
Epoch: 32	Batch time (0.704767)	Data time (0.019872)	Cuda time (0.000003)	Loss (27.991201)	Accuracy (0.913607)
EVALUATING
{'loss': 21.770000743865968, 'accuracy': 0.932808632850647, 'perfect_match_accuracy': 0.028, 'cost_ratio_suggested_true': 1.4340842020511628, 'below_10.0_percent_acc': 0.499, 'below_1.0_percent_acc': 0.107, 'below_0.1_percent_acc': 0.086, 'below_0.01_percent_acc': 0.086, 'below_0.001_percent_acc': 0.08, 'below_0.0001_percent_acc': 0.08, 'valid_acc': 1.0}
Epoch: 33	Batch time (0.708918)	Data time (0.020787)	Cuda time (0.000003)	Loss (27.565001)	Accuracy (0.914923)
EVALUATING
{'loss': 20.068000469207764, 'accuracy': 0.9380617183446884, 'perfect_match_accuracy': 0.045, 'cost_ratio_suggested_true': 1.3423868107795716, 'below_10.0_percent_acc': 0.592, 'below_1.0_percent_acc': 0.149, 'below_0.1_percent_acc': 0.123, 'below_0.01_percent_acc': 0.123, 'below_0.001_percent_acc': 0.115, 'below_0.0001_percent_acc': 0.115, 'valid_acc': 1.0}
Epoch: 34	Batch time (0.716701)	Data time (0.020108)	Cuda time (0.000003)	Loss (27.114501)	Accuracy (0.916313)
EVALUATING
{'loss': 19.763000621795655, 'accuracy': 0.9390030729770661, 'perfect_match_accuracy': 0.049, 'cost_ratio_suggested_true': 1.336410460472107, 'below_10.0_percent_acc': 0.587, 'below_1.0_percent_acc': 0.168, 'below_0.1_percent_acc': 0.139, 'below_0.01_percent_acc': 0.139, 'below_0.001_percent_acc': 0.13, 'below_0.0001_percent_acc': 0.13, 'valid_acc': 1.0}
Epoch: 35	Batch time (0.713714)	Data time (0.020095)	Cuda time (0.000003)	Loss (26.736201)	Accuracy (0.917481)
EVALUATING
{'loss': 19.577000427246094, 'accuracy': 0.9395771527290344, 'perfect_match_accuracy': 0.044, 'cost_ratio_suggested_true': 1.3291300737857819, 'below_10.0_percent_acc': 0.59, 'below_1.0_percent_acc': 0.175, 'below_0.1_percent_acc': 0.148, 'below_0.01_percent_acc': 0.148, 'below_0.001_percent_acc': 0.14, 'below_0.0001_percent_acc': 0.14, 'valid_acc': 1.0}
Epoch: 36	Batch time (0.718012)	Data time (0.020144)	Cuda time (0.000003)	Loss (26.579701)	Accuracy (0.917964)
EVALUATING
{'loss': 18.996000366210936, 'accuracy': 0.9413703536987305, 'perfect_match_accuracy': 0.039, 'cost_ratio_suggested_true': 1.2873451256752013, 'below_10.0_percent_acc': 0.647, 'below_1.0_percent_acc': 0.185, 'below_0.1_percent_acc': 0.154, 'below_0.01_percent_acc': 0.154, 'below_0.001_percent_acc': 0.146, 'below_0.0001_percent_acc': 0.146, 'valid_acc': 1.0}
Epoch: 37	Batch time (0.715568)	Data time (0.020018)	Cuda time (0.000003)	Loss (26.138001)	Accuracy (0.919327)
EVALUATING
{'loss': 18.75100067138672, 'accuracy': 0.942126532793045, 'perfect_match_accuracy': 0.039, 'cost_ratio_suggested_true': 1.2774874532222749, 'below_10.0_percent_acc': 0.665, 'below_1.0_percent_acc': 0.179, 'below_0.1_percent_acc': 0.151, 'below_0.01_percent_acc': 0.151, 'below_0.001_percent_acc': 0.144, 'below_0.0001_percent_acc': 0.144, 'valid_acc': 1.0}
Epoch: 38	Batch time (0.705863)	Data time (0.020146)	Cuda time (0.000003)	Loss (25.812801)	Accuracy (0.920331)
EVALUATING
{'loss': 18.183000745773317, 'accuracy': 0.9438796174526215, 'perfect_match_accuracy': 0.046, 'cost_ratio_suggested_true': 1.2650837993621826, 'below_10.0_percent_acc': 0.676, 'below_1.0_percent_acc': 0.209, 'below_0.1_percent_acc': 0.171, 'below_0.01_percent_acc': 0.171, 'below_0.001_percent_acc': 0.164, 'below_0.0001_percent_acc': 0.164, 'valid_acc': 1.0}
Epoch: 39	Batch time (0.707663)	Data time (0.019167)	Cuda time (0.000003)	Loss (25.774501)	Accuracy (0.920449)
EVALUATING
{'loss': 18.458000831604004, 'accuracy': 0.943030851483345, 'perfect_match_accuracy': 0.045, 'cost_ratio_suggested_true': 1.2857662403583527, 'below_10.0_percent_acc': 0.652, 'below_1.0_percent_acc': 0.191, 'below_0.1_percent_acc': 0.16, 'below_0.01_percent_acc': 0.16, 'below_0.001_percent_acc': 0.153, 'below_0.0001_percent_acc': 0.153, 'valid_acc': 1.0}
Epoch: 40	Batch time (0.719784)	Data time (0.020000)	Cuda time (0.000003)	Loss (25.716901)	Accuracy (0.920627)
EVALUATING
{'loss': 18.003000602722167, 'accuracy': 0.944435168504715, 'perfect_match_accuracy': 0.051, 'cost_ratio_suggested_true': 1.2754557847976684, 'below_10.0_percent_acc': 0.664, 'below_1.0_percent_acc': 0.214, 'below_0.1_percent_acc': 0.177, 'below_0.01_percent_acc': 0.177, 'below_0.001_percent_acc': 0.17, 'below_0.0001_percent_acc': 0.17, 'valid_acc': 1.0}
Epoch: 41	Batch time (0.706840)	Data time (0.020813)	Cuda time (0.000003)	Loss (25.566101)	Accuracy (0.921092)
EVALUATING
{'loss': 17.921000413894653, 'accuracy': 0.9446882581710816, 'perfect_match_accuracy': 0.053, 'cost_ratio_suggested_true': 1.2742613315582276, 'below_10.0_percent_acc': 0.664, 'below_1.0_percent_acc': 0.219, 'below_0.1_percent_acc': 0.181, 'below_0.01_percent_acc': 0.181, 'below_0.001_percent_acc': 0.174, 'below_0.0001_percent_acc': 0.174, 'valid_acc': 1.0}
Epoch: 42	Batch time (0.709401)	Data time (0.019368)	Cuda time (0.000003)	Loss (25.542801)	Accuracy (0.921164)
EVALUATING
{'loss': 17.95500084877014, 'accuracy': 0.9445833200216294, 'perfect_match_accuracy': 0.052, 'cost_ratio_suggested_true': 1.2701927280426026, 'below_10.0_percent_acc': 0.669, 'below_1.0_percent_acc': 0.218, 'below_0.1_percent_acc': 0.179, 'below_0.01_percent_acc': 0.179, 'below_0.001_percent_acc': 0.172, 'below_0.0001_percent_acc': 0.172, 'valid_acc': 1.0}
Epoch: 43	Batch time (0.710924)	Data time (0.019997)	Cuda time (0.000003)	Loss (25.531801)	Accuracy (0.921198)
EVALUATING
{'loss': 17.923000936508178, 'accuracy': 0.9446820932626724, 'perfect_match_accuracy': 0.048, 'cost_ratio_suggested_true': 1.2677837586402894, 'below_10.0_percent_acc': 0.677, 'below_1.0_percent_acc': 0.219, 'below_0.1_percent_acc': 0.177, 'below_0.01_percent_acc': 0.177, 'below_0.001_percent_acc': 0.17, 'below_0.0001_percent_acc': 0.17, 'valid_acc': 1.0}
Epoch: 44	Batch time (0.728731)	Data time (0.020523)	Cuda time (0.000003)	Loss (25.444401)	Accuracy (0.921468)
EVALUATING
{'loss': 17.92500093460083, 'accuracy': 0.9446759188175201, 'perfect_match_accuracy': 0.052, 'cost_ratio_suggested_true': 1.269833903312683, 'below_10.0_percent_acc': 0.675, 'below_1.0_percent_acc': 0.221, 'below_0.1_percent_acc': 0.18, 'below_0.01_percent_acc': 0.18, 'below_0.001_percent_acc': 0.173, 'below_0.0001_percent_acc': 0.173, 'valid_acc': 1.0}
Epoch: 45	Batch time (0.704644)	Data time (0.019671)	Cuda time (0.000003)	Loss (25.349601)	Accuracy (0.921760)
EVALUATING
{'loss': 18.076000509262084, 'accuracy': 0.9442098653316497, 'perfect_match_accuracy': 0.051, 'cost_ratio_suggested_true': 1.2784440422058105, 'below_10.0_percent_acc': 0.66, 'below_1.0_percent_acc': 0.217, 'below_0.1_percent_acc': 0.179, 'below_0.01_percent_acc': 0.179, 'below_0.001_percent_acc': 0.172, 'below_0.0001_percent_acc': 0.172, 'valid_acc': 1.0}
Epoch: 46	Batch time (0.717879)	Data time (0.020364)	Cuda time (0.000003)	Loss (25.454101)	Accuracy (0.921438)
EVALUATING
{'loss': 18.140000305175782, 'accuracy': 0.9440123319625855, 'perfect_match_accuracy': 0.048, 'cost_ratio_suggested_true': 1.2743571650981904, 'below_10.0_percent_acc': 0.669, 'below_1.0_percent_acc': 0.216, 'below_0.1_percent_acc': 0.177, 'below_0.01_percent_acc': 0.177, 'below_0.001_percent_acc': 0.17, 'below_0.0001_percent_acc': 0.17, 'valid_acc': 1.0}
Epoch: 47	Batch time (0.712254)	Data time (0.020771)	Cuda time (0.000003)	Loss (25.610101)	Accuracy (0.920956)
EVALUATING
{'loss': 18.09100079536438, 'accuracy': 0.9441635710000992, 'perfect_match_accuracy': 0.048, 'cost_ratio_suggested_true': 1.2726560842990875, 'below_10.0_percent_acc': 0.669, 'below_1.0_percent_acc': 0.217, 'below_0.1_percent_acc': 0.177, 'below_0.01_percent_acc': 0.177, 'below_0.001_percent_acc': 0.17, 'below_0.0001_percent_acc': 0.17, 'valid_acc': 1.0}
Epoch: 48	Batch time (0.711498)	Data time (0.020499)	Cuda time (0.000003)	Loss (25.372901)	Accuracy (0.921689)
EVALUATING
{'loss': 18.162000751495363, 'accuracy': 0.9439444279670716, 'perfect_match_accuracy': 0.045, 'cost_ratio_suggested_true': 1.2734258449077607, 'below_10.0_percent_acc': 0.668, 'below_1.0_percent_acc': 0.216, 'below_0.1_percent_acc': 0.176, 'below_0.01_percent_acc': 0.176, 'below_0.001_percent_acc': 0.169, 'below_0.0001_percent_acc': 0.169, 'valid_acc': 1.0}
Epoch: 49	Batch time (0.720027)	Data time (0.020093)	Cuda time (0.000003)	Loss (25.463201)	Accuracy (0.921410)
EVALUATING
{'loss': 18.223000745773316, 'accuracy': 0.9437561643123626, 'perfect_match_accuracy': 0.047, 'cost_ratio_suggested_true': 1.2705846667289733, 'below_10.0_percent_acc': 0.672, 'below_1.0_percent_acc': 0.216, 'below_0.1_percent_acc': 0.177, 'below_0.01_percent_acc': 0.177, 'below_0.001_percent_acc': 0.17, 'below_0.0001_percent_acc': 0.17, 'valid_acc': 1.0}
Epoch: 50	Batch time (0.746503)	Data time (0.022914)	Cuda time (0.000003)	Loss (25.367501)	Accuracy (0.921705)
EVALUATING
{'loss': 18.238000621795653, 'accuracy': 0.9437098640203476, 'perfect_match_accuracy': 0.046, 'cost_ratio_suggested_true': 1.2743087959289552, 'below_10.0_percent_acc': 0.668, 'below_1.0_percent_acc': 0.213, 'below_0.1_percent_acc': 0.174, 'below_0.01_percent_acc': 0.174, 'below_0.001_percent_acc': 0.167, 'below_0.0001_percent_acc': 0.167, 'valid_acc': 1.0}
