No existing entry for trainer_params.mode.type
{}[type] = <class 'int'>(5)
No existing entry for trainer_params.mode.objective_type
{'type': 5}[objective_type] = <class 'str'>(normal)
No existing entry for trainer_params.mode.use_marginal
{'type': 5, 'objective_type': 'normal'}[use_marginal] = <class 'bool'>(True)
No existing entry for trainer_params.mode.nb_samples
{'type': 5, 'objective_type': 'normal', 'use_marginal': True}[nb_samples] = <class 'int'>(1)
No existing entry for trainer_params.mode.temperature
{'type': 5, 'objective_type': 'normal', 'use_marginal': True, 'nb_samples': 1}[temperature] = <class 'float'>(0.01)
No existing entry for trainer_params.mode.use_gamma
{'type': 5, 'objective_type': 'normal', 'use_marginal': True, 'nb_samples': 1, 'temperature': 0.01}[use_gamma] = <class 'bool'>(False)
No existing entry for trainer_params.mode.loss_type
{'type': 5, 'objective_type': 'normal', 'use_marginal': True, 'nb_samples': 1, 'temperature': 0.01, 'use_gamma': False}[loss_type] = <class 'str'>(normal)
No existing entry for trainer_params.mode.perturb_w
{'type': 5, 'objective_type': 'normal', 'use_marginal': True, 'nb_samples': 1, 'temperature': 0.01, 'use_gamma': False, 'loss_type': 'normal'}[perturb_w] = <class 'bool'>(False)
No existing entry for trainer_params.mode.perturb_w_prime
{'type': 5, 'objective_type': 'normal', 'use_marginal': True, 'nb_samples': 1, 'temperature': 0.01, 'use_gamma': False, 'loss_type': 'normal', 'perturb_w': False}[perturb_w_prime] = <class 'bool'>(False)
{'batch_size': 70, 'l1_regconst': 0.0, 'lambda_val': 20.0, 'lr_milestone_1': 30, 'lr_milestone_2': 40, 'model_params': {'arch_params': {}, 'model_name': 'CombResnet18'}, 'neighbourhood_fn': '8-grid', 'optimizer_name': 'Adam', 'optimizer_params': {'lr': 0.0005}, 'preload_batch': True, 'use_cuda': True, 'use_lr_scheduling': True, 'mode': {'type': 5, 'objective_type': 'normal', 'use_marginal': True, 'nb_samples': 1, 'temperature': 0.01, 'use_gamma': False, 'loss_type': 'normal', 'perturb_w': False, 'perturb_w_prime': False}}[lambda_val] = <class 'float'>(0.0)
{'data_dir': 'data/warcraft_shortest_path/12x12', 'evaluate_with_extra': False, 'normalize': True, 'use_local_path': False, 'use_test_set': True}[data_dir] = <class 'str'>(data/warcraft_shortest_path/24x24)
{'evaluate_every': 5, 'loader_params': {'data_dir': 'data/warcraft_shortest_path/24x24', 'evaluate_with_extra': False, 'normalize': True, 'use_local_path': False, 'use_test_set': True}, 'model_dir': 'results/warcraft_shortest_path_combresnet', 'num_cpus': 24, 'num_epochs': 50, 'problem_type': 'warcraft_shortest_path', 'ray_params': {}, 'save_visualizations': False, 'seed': 1, 'trainer_name': 'DijkstraMAP', 'trainer_params': {'batch_size': 70, 'l1_regconst': 0.0, 'lambda_val': 0.0, 'lr_milestone_1': 30, 'lr_milestone_2': 40, 'model_params': {'arch_params': {}, 'model_name': 'CombResnet18'}, 'neighbourhood_fn': '8-grid', 'optimizer_name': 'Adam', 'optimizer_params': {'lr': 0.0005}, 'preload_batch': True, 'use_cuda': True, 'use_lr_scheduling': True, 'mode': {'type': 5, 'objective_type': 'normal', 'use_marginal': True, 'nb_samples': 1, 'temperature': 0.01, 'use_gamma': False, 'loss_type': 'normal', 'perturb_w': False, 'perturb_w_prime': False}}, 'use_ray': True}[seed] = <class 'int'>(2)
{'evaluate_every': 5, 'loader_params': {'data_dir': 'data/warcraft_shortest_path/24x24', 'evaluate_with_extra': False, 'normalize': True, 'use_local_path': False, 'use_test_set': True}, 'model_dir': 'results/warcraft_shortest_path_combresnet', 'num_cpus': 24, 'num_epochs': 50, 'problem_type': 'warcraft_shortest_path', 'ray_params': {}, 'save_visualizations': False, 'seed': 2, 'trainer_name': 'DijkstraMAP', 'trainer_params': {'batch_size': 70, 'l1_regconst': 0.0, 'lambda_val': 0.0, 'lr_milestone_1': 30, 'lr_milestone_2': 40, 'model_params': {'arch_params': {}, 'model_name': 'CombResnet18'}, 'neighbourhood_fn': '8-grid', 'optimizer_name': 'Adam', 'optimizer_params': {'lr': 0.0005}, 'preload_batch': True, 'use_cuda': True, 'use_lr_scheduling': True, 'mode': {'type': 5, 'objective_type': 'normal', 'use_marginal': True, 'nb_samples': 1, 'temperature': 0.01, 'use_gamma': False, 'loss_type': 'normal', 'perturb_w': False, 'perturb_w_prime': False}}, 'use_ray': True}[evaluate_every] = <class 'int'>(1)
{'evaluate_every': 1, 'loader_params': {'data_dir': 'data/warcraft_shortest_path/24x24', 'evaluate_with_extra': False, 'normalize': True, 'use_local_path': False, 'use_test_set': True}, 'model_dir': 'results/warcraft_shortest_path_combresnet', 'num_cpus': 24, 'num_epochs': 50, 'problem_type': 'warcraft_shortest_path', 'ray_params': {}, 'save_visualizations': False, 'seed': 2, 'trainer_name': 'DijkstraMAP', 'trainer_params': {'batch_size': 70, 'l1_regconst': 0.0, 'lambda_val': 0.0, 'lr_milestone_1': 30, 'lr_milestone_2': 40, 'model_params': {'arch_params': {}, 'model_name': 'CombResnet18'}, 'neighbourhood_fn': '8-grid', 'optimizer_name': 'Adam', 'optimizer_params': {'lr': 0.0005}, 'preload_batch': True, 'use_cuda': True, 'use_lr_scheduling': True, 'mode': {'type': 5, 'objective_type': 'normal', 'use_marginal': True, 'nb_samples': 1, 'temperature': 0.01, 'use_gamma': False, 'loss_type': 'normal', 'perturb_w': False, 'perturb_w_prime': False}}, 'use_ray': True}[use_ray] = <class 'bool'>(False)
No existing entry for trainer_params.mode.type
{}[type] = <class 'int'>(5)
No existing entry for trainer_params.mode.objective_type
{'type': 5}[objective_type] = <class 'str'>(normal)
No existing entry for trainer_params.mode.use_marginal
{'type': 5, 'objective_type': 'normal'}[use_marginal] = <class 'bool'>(True)
No existing entry for trainer_params.mode.nb_samples
{'type': 5, 'objective_type': 'normal', 'use_marginal': True}[nb_samples] = <class 'int'>(1)
No existing entry for trainer_params.mode.temperature
{'type': 5, 'objective_type': 'normal', 'use_marginal': True, 'nb_samples': 1}[temperature] = <class 'float'>(0.01)
No existing entry for trainer_params.mode.use_gamma
{'type': 5, 'objective_type': 'normal', 'use_marginal': True, 'nb_samples': 1, 'temperature': 0.01}[use_gamma] = <class 'bool'>(False)
No existing entry for trainer_params.mode.loss_type
{'type': 5, 'objective_type': 'normal', 'use_marginal': True, 'nb_samples': 1, 'temperature': 0.01, 'use_gamma': False}[loss_type] = <class 'str'>(normal)
No existing entry for trainer_params.mode.perturb_w
{'type': 5, 'objective_type': 'normal', 'use_marginal': True, 'nb_samples': 1, 'temperature': 0.01, 'use_gamma': False, 'loss_type': 'normal'}[perturb_w] = <class 'bool'>(False)
No existing entry for trainer_params.mode.perturb_w_prime
{'type': 5, 'objective_type': 'normal', 'use_marginal': True, 'nb_samples': 1, 'temperature': 0.01, 'use_gamma': False, 'loss_type': 'normal', 'perturb_w': False}[perturb_w_prime] = <class 'bool'>(False)
{'batch_size': 70, 'l1_regconst': 0.0, 'lambda_val': 20.0, 'lr_milestone_1': 30, 'lr_milestone_2': 40, 'model_params': {'arch_params': {}, 'model_name': 'CombResnet18'}, 'neighbourhood_fn': '8-grid', 'optimizer_name': 'Adam', 'optimizer_params': {'lr': 0.0005}, 'preload_batch': True, 'use_cuda': True, 'use_lr_scheduling': True, 'mode': {'type': 5, 'objective_type': 'normal', 'use_marginal': True, 'nb_samples': 1, 'temperature': 0.01, 'use_gamma': False, 'loss_type': 'normal', 'perturb_w': False, 'perturb_w_prime': False}}[lambda_val] = <class 'float'>(0.0)
{'data_dir': 'data/warcraft_shortest_path/12x12', 'evaluate_with_extra': False, 'normalize': True, 'use_local_path': False, 'use_test_set': True}[data_dir] = <class 'str'>(data/warcraft_shortest_path/24x24)
{'evaluate_every': 5, 'loader_params': {'data_dir': 'data/warcraft_shortest_path/24x24', 'evaluate_with_extra': False, 'normalize': True, 'use_local_path': False, 'use_test_set': True}, 'model_dir': 'results/warcraft_shortest_path_combresnet', 'num_cpus': 24, 'num_epochs': 50, 'problem_type': 'warcraft_shortest_path', 'ray_params': {}, 'save_visualizations': False, 'seed': 1, 'trainer_name': 'DijkstraMAP', 'trainer_params': {'batch_size': 70, 'l1_regconst': 0.0, 'lambda_val': 0.0, 'lr_milestone_1': 30, 'lr_milestone_2': 40, 'model_params': {'arch_params': {}, 'model_name': 'CombResnet18'}, 'neighbourhood_fn': '8-grid', 'optimizer_name': 'Adam', 'optimizer_params': {'lr': 0.0005}, 'preload_batch': True, 'use_cuda': True, 'use_lr_scheduling': True, 'mode': {'type': 5, 'objective_type': 'normal', 'use_marginal': True, 'nb_samples': 1, 'temperature': 0.01, 'use_gamma': False, 'loss_type': 'normal', 'perturb_w': False, 'perturb_w_prime': False}}, 'use_ray': True}[seed] = <class 'int'>(2)
{'evaluate_every': 5, 'loader_params': {'data_dir': 'data/warcraft_shortest_path/24x24', 'evaluate_with_extra': False, 'normalize': True, 'use_local_path': False, 'use_test_set': True}, 'model_dir': 'results/warcraft_shortest_path_combresnet', 'num_cpus': 24, 'num_epochs': 50, 'problem_type': 'warcraft_shortest_path', 'ray_params': {}, 'save_visualizations': False, 'seed': 2, 'trainer_name': 'DijkstraMAP', 'trainer_params': {'batch_size': 70, 'l1_regconst': 0.0, 'lambda_val': 0.0, 'lr_milestone_1': 30, 'lr_milestone_2': 40, 'model_params': {'arch_params': {}, 'model_name': 'CombResnet18'}, 'neighbourhood_fn': '8-grid', 'optimizer_name': 'Adam', 'optimizer_params': {'lr': 0.0005}, 'preload_batch': True, 'use_cuda': True, 'use_lr_scheduling': True, 'mode': {'type': 5, 'objective_type': 'normal', 'use_marginal': True, 'nb_samples': 1, 'temperature': 0.01, 'use_gamma': False, 'loss_type': 'normal', 'perturb_w': False, 'perturb_w_prime': False}}, 'use_ray': True}[evaluate_every] = <class 'int'>(1)
{'evaluate_every': 1, 'loader_params': {'data_dir': 'data/warcraft_shortest_path/24x24', 'evaluate_with_extra': False, 'normalize': True, 'use_local_path': False, 'use_test_set': True}, 'model_dir': 'results/warcraft_shortest_path_combresnet', 'num_cpus': 24, 'num_epochs': 50, 'problem_type': 'warcraft_shortest_path', 'ray_params': {}, 'save_visualizations': False, 'seed': 2, 'trainer_name': 'DijkstraMAP', 'trainer_params': {'batch_size': 70, 'l1_regconst': 0.0, 'lambda_val': 0.0, 'lr_milestone_1': 30, 'lr_milestone_2': 40, 'model_params': {'arch_params': {}, 'model_name': 'CombResnet18'}, 'neighbourhood_fn': '8-grid', 'optimizer_name': 'Adam', 'optimizer_params': {'lr': 0.0005}, 'preload_batch': True, 'use_cuda': True, 'use_lr_scheduling': True, 'mode': {'type': 5, 'objective_type': 'normal', 'use_marginal': True, 'nb_samples': 1, 'temperature': 0.01, 'use_gamma': False, 'loss_type': 'normal', 'perturb_w': False, 'perturb_w_prime': False}}, 'use_ray': True}[use_ray] = <class 'bool'>(False)
{
    "evaluate_every": 1,
    "loader_params": {
        "data_dir": "data/warcraft_shortest_path/24x24",
        "evaluate_with_extra": false,
        "normalize": true,
        "use_local_path": false,
        "use_test_set": true
    },
    "model_dir": "results/warcraft_shortest_path_combresnet",
    "num_cpus": 24,
    "num_epochs": 50,
    "problem_type": "warcraft_shortest_path",
    "ray_params": {},
    "save_visualizations": false,
    "seed": 2,
    "trainer_name": "DijkstraMAP",
    "trainer_params": {
        "batch_size": 70,
        "l1_regconst": 0.0,
        "lambda_val": 0.0,
        "lr_milestone_1": 30,
        "lr_milestone_2": 40,
        "mode": {
            "loss_type": "normal",
            "nb_samples": 1,
            "objective_type": "normal",
            "perturb_w": false,
            "perturb_w_prime": false,
            "temperature": 0.01,
            "type": 5,
            "use_gamma": false,
            "use_marginal": true
        },
        "model_params": {
            "arch_params": {},
            "model_name": "CombResnet18"
        },
        "neighbourhood_fn": "8-grid",
        "optimizer_name": "Adam",
        "optimizer_params": {
            "lr": 0.0005
        },
        "preload_batch": true,
        "use_cuda": true,
        "use_lr_scheduling": true
    },
    "use_ray": false
}
MAP-BACKPROP MODE: {
    "loss_type": "normal",
    "nb_samples": 1,
    "objective_type": "normal",
    "perturb_w": false,
    "perturb_w_prime": false,
    "temperature": 0.01,
    "type": 5,
    "use_gamma": false,
    "use_marginal": true
}
True
META: {'input_image_size': 192, 'output_features': 576, 'num_channels': 3, 'denormalize': <maprop.decorators.input_to_numpy object at 0x2b597fa42c88>}
EVALUATING
{'loss': 42.854000663757326, 'accuracy': 0.9256007146835327, 'perfect_match_accuracy': 0.005, 'cost_ratio_suggested_true': 2.8464834785461424, 'below_10.0_percent_acc': 0.064, 'below_1.0_percent_acc': 0.013, 'below_0.1_percent_acc': 0.011, 'below_0.01_percent_acc': 0.011, 'below_0.001_percent_acc': 0.011, 'below_0.0001_percent_acc': 0.011, 'valid_acc': 1.0}
Epoch: 1	Batch time (1.486528)	Data time (0.051029)	Cuda time (0.000002)	Loss (45.987102)	Accuracy (0.920161)
EVALUATING
{'loss': 44.01100173950195, 'accuracy': 0.9235920250415802, 'perfect_match_accuracy': 0.003, 'cost_ratio_suggested_true': 1.9203779554367066, 'below_10.0_percent_acc': 0.245, 'below_1.0_percent_acc': 0.021, 'below_0.1_percent_acc': 0.014, 'below_0.01_percent_acc': 0.014, 'below_0.001_percent_acc': 0.014, 'below_0.0001_percent_acc': 0.013, 'valid_acc': 1.0}
Epoch: 2	Batch time (1.479168)	Data time (0.046407)	Cuda time (0.000002)	Loss (46.674301)	Accuracy (0.918968)
EVALUATING
{'loss': 47.889001541137695, 'accuracy': 0.9168593919277191, 'perfect_match_accuracy': 0.0, 'cost_ratio_suggested_true': 1.7220288407802582, 'below_10.0_percent_acc': 0.317, 'below_1.0_percent_acc': 0.014, 'below_0.1_percent_acc': 0.006, 'below_0.01_percent_acc': 0.006, 'below_0.001_percent_acc': 0.006, 'below_0.0001_percent_acc': 0.006, 'valid_acc': 1.0}
Epoch: 3	Batch time (1.478540)	Data time (0.044835)	Cuda time (0.000002)	Loss (46.591502)	Accuracy (0.919112)
EVALUATING
{'loss': 46.72600059509277, 'accuracy': 0.9188784921169281, 'perfect_match_accuracy': 0.0, 'cost_ratio_suggested_true': 1.7069466042518615, 'below_10.0_percent_acc': 0.364, 'below_1.0_percent_acc': 0.017, 'below_0.1_percent_acc': 0.006, 'below_0.01_percent_acc': 0.006, 'below_0.001_percent_acc': 0.006, 'below_0.0001_percent_acc': 0.006, 'valid_acc': 1.0}
Epoch: 4	Batch time (1.485342)	Data time (0.044783)	Cuda time (0.000002)	Loss (47.758501)	Accuracy (0.917086)
EVALUATING
{'loss': 46.207001495361325, 'accuracy': 0.919779525399208, 'perfect_match_accuracy': 0.001, 'cost_ratio_suggested_true': 1.926454235315323, 'below_10.0_percent_acc': 0.281, 'below_1.0_percent_acc': 0.02, 'below_0.1_percent_acc': 0.011, 'below_0.01_percent_acc': 0.011, 'below_0.001_percent_acc': 0.011, 'below_0.0001_percent_acc': 0.011, 'valid_acc': 1.0}
Epoch: 5	Batch time (1.473805)	Data time (0.045249)	Cuda time (0.000002)	Loss (45.901401)	Accuracy (0.920310)
EVALUATING
{'loss': 46.47500129699707, 'accuracy': 0.9193142503499985, 'perfect_match_accuracy': 0.003, 'cost_ratio_suggested_true': 1.8855911707878112, 'below_10.0_percent_acc': 0.295, 'below_1.0_percent_acc': 0.025, 'below_0.1_percent_acc': 0.012, 'below_0.01_percent_acc': 0.012, 'below_0.001_percent_acc': 0.012, 'below_0.0001_percent_acc': 0.012, 'valid_acc': 1.0}
Epoch: 6	Batch time (1.463358)	Data time (0.044866)	Cuda time (0.000002)	Loss (47.069202)	Accuracy (0.918283)
EVALUATING
{'loss': 47.90400104522705, 'accuracy': 0.9168333500623703, 'perfect_match_accuracy': 0.001, 'cost_ratio_suggested_true': 1.9847551310062408, 'below_10.0_percent_acc': 0.257, 'below_1.0_percent_acc': 0.018, 'below_0.1_percent_acc': 0.011, 'below_0.01_percent_acc': 0.011, 'below_0.001_percent_acc': 0.011, 'below_0.0001_percent_acc': 0.011, 'valid_acc': 1.0}
Epoch: 7	Batch time (1.474348)	Data time (0.045474)	Cuda time (0.000002)	Loss (46.680402)	Accuracy (0.918958)
EVALUATING
{'loss': 47.02100143432617, 'accuracy': 0.9183663374185562, 'perfect_match_accuracy': 0.0, 'cost_ratio_suggested_true': 1.5800022673606873, 'below_10.0_percent_acc': 0.303, 'below_1.0_percent_acc': 0.01, 'below_0.1_percent_acc': 0.005, 'below_0.01_percent_acc': 0.005, 'below_0.001_percent_acc': 0.005, 'below_0.0001_percent_acc': 0.005, 'valid_acc': 1.0}
Epoch: 8	Batch time (1.479007)	Data time (0.044992)	Cuda time (0.000002)	Loss (46.053201)	Accuracy (0.920047)
EVALUATING
{'loss': 45.89400089263916, 'accuracy': 0.9203229314088821, 'perfect_match_accuracy': 0.0, 'cost_ratio_suggested_true': 1.653812792301178, 'below_10.0_percent_acc': 0.248, 'below_1.0_percent_acc': 0.004, 'below_0.1_percent_acc': 0.002, 'below_0.01_percent_acc': 0.002, 'below_0.001_percent_acc': 0.002, 'below_0.0001_percent_acc': 0.002, 'valid_acc': 1.0}
Epoch: 9	Batch time (1.487277)	Data time (0.044448)	Cuda time (0.000002)	Loss (45.386901)	Accuracy (0.921203)
EVALUATING
{'loss': 44.928000907897946, 'accuracy': 0.9220000141859055, 'perfect_match_accuracy': 0.0, 'cost_ratio_suggested_true': 1.7272430670261383, 'below_10.0_percent_acc': 0.307, 'below_1.0_percent_acc': 0.017, 'below_0.1_percent_acc': 0.007, 'below_0.01_percent_acc': 0.007, 'below_0.001_percent_acc': 0.007, 'below_0.0001_percent_acc': 0.007, 'valid_acc': 1.0}
Epoch: 10	Batch time (1.470813)	Data time (0.044865)	Cuda time (0.000002)	Loss (45.811001)	Accuracy (0.920467)
EVALUATING
{'loss': 46.12100105285644, 'accuracy': 0.9199288332462311, 'perfect_match_accuracy': 0.001, 'cost_ratio_suggested_true': 1.8565803575515747, 'below_10.0_percent_acc': 0.287, 'below_1.0_percent_acc': 0.021, 'below_0.1_percent_acc': 0.012, 'below_0.01_percent_acc': 0.012, 'below_0.001_percent_acc': 0.012, 'below_0.0001_percent_acc': 0.012, 'valid_acc': 1.0}
Epoch: 11	Batch time (1.478947)	Data time (0.044969)	Cuda time (0.000002)	Loss (46.614501)	Accuracy (0.919072)
EVALUATING
{'loss': 45.806001625061036, 'accuracy': 0.9204757052659989, 'perfect_match_accuracy': 0.002, 'cost_ratio_suggested_true': 1.9152798342704773, 'below_10.0_percent_acc': 0.257, 'below_1.0_percent_acc': 0.047, 'below_0.1_percent_acc': 0.031, 'below_0.01_percent_acc': 0.031, 'below_0.001_percent_acc': 0.03, 'below_0.0001_percent_acc': 0.03, 'valid_acc': 1.0}
Epoch: 12	Batch time (1.468583)	Data time (0.045084)	Cuda time (0.000002)	Loss (45.638002)	Accuracy (0.920767)
EVALUATING
{'loss': 46.415000953674316, 'accuracy': 0.9194184184074402, 'perfect_match_accuracy': 0.002, 'cost_ratio_suggested_true': 2.612891442775726, 'below_10.0_percent_acc': 0.089, 'below_1.0_percent_acc': 0.019, 'below_0.1_percent_acc': 0.016, 'below_0.01_percent_acc': 0.016, 'below_0.001_percent_acc': 0.016, 'below_0.0001_percent_acc': 0.016, 'valid_acc': 1.0}
Epoch: 13	Batch time (1.474542)	Data time (0.043757)	Cuda time (0.000002)	Loss (44.748601)	Accuracy (0.922311)
EVALUATING
{'loss': 45.07100036621094, 'accuracy': 0.9217517518997193, 'perfect_match_accuracy': 0.003, 'cost_ratio_suggested_true': 2.580550479888916, 'below_10.0_percent_acc': 0.11, 'below_1.0_percent_acc': 0.018, 'below_0.1_percent_acc': 0.013, 'below_0.01_percent_acc': 0.013, 'below_0.001_percent_acc': 0.012, 'below_0.0001_percent_acc': 0.012, 'valid_acc': 1.0}
Epoch: 14	Batch time (1.449657)	Data time (0.044534)	Cuda time (0.000002)	Loss (45.431101)	Accuracy (0.921127)
EVALUATING
{'loss': 45.43900089263916, 'accuracy': 0.9211128634214402, 'perfect_match_accuracy': 0.003, 'cost_ratio_suggested_true': 3.055255799293518, 'below_10.0_percent_acc': 0.043, 'below_1.0_percent_acc': 0.009, 'below_0.1_percent_acc': 0.005, 'below_0.01_percent_acc': 0.005, 'below_0.001_percent_acc': 0.005, 'below_0.0001_percent_acc': 0.005, 'valid_acc': 1.0}
Epoch: 15	Batch time (1.446210)	Data time (0.044427)	Cuda time (0.000002)	Loss (44.304001)	Accuracy (0.923083)
EVALUATING
{'loss': 43.60200092315674, 'accuracy': 0.9243020975589752, 'perfect_match_accuracy': 0.003, 'cost_ratio_suggested_true': 2.2773095655441282, 'below_10.0_percent_acc': 0.172, 'below_1.0_percent_acc': 0.022, 'below_0.1_percent_acc': 0.018, 'below_0.01_percent_acc': 0.017, 'below_0.001_percent_acc': 0.015, 'below_0.0001_percent_acc': 0.015, 'valid_acc': 1.0}
Epoch: 16	Batch time (1.433305)	Data time (0.044903)	Cuda time (0.000002)	Loss (44.350601)	Accuracy (0.923002)
EVALUATING
{'loss': 45.188000984191895, 'accuracy': 0.9215486228466034, 'perfect_match_accuracy': 0.003, 'cost_ratio_suggested_true': 2.109234812259674, 'below_10.0_percent_acc': 0.203, 'below_1.0_percent_acc': 0.023, 'below_0.1_percent_acc': 0.015, 'below_0.01_percent_acc': 0.014, 'below_0.001_percent_acc': 0.012, 'below_0.0001_percent_acc': 0.012, 'valid_acc': 1.0}
Epoch: 17	Batch time (1.449068)	Data time (0.044985)	Cuda time (0.000002)	Loss (45.228902)	Accuracy (0.921478)
EVALUATING
{'loss': 45.63000141143799, 'accuracy': 0.9207812535762787, 'perfect_match_accuracy': 0.003, 'cost_ratio_suggested_true': 1.9631385147571563, 'below_10.0_percent_acc': 0.193, 'below_1.0_percent_acc': 0.005, 'below_0.1_percent_acc': 0.005, 'below_0.01_percent_acc': 0.005, 'below_0.001_percent_acc': 0.005, 'below_0.0001_percent_acc': 0.005, 'valid_acc': 1.0}
Epoch: 18	Batch time (1.462250)	Data time (0.044910)	Cuda time (0.000002)	Loss (45.572202)	Accuracy (0.920882)
EVALUATING
{'loss': 48.02500217437744, 'accuracy': 0.9166232734918595, 'perfect_match_accuracy': 0.003, 'cost_ratio_suggested_true': 3.467463159561157, 'below_10.0_percent_acc': 0.027, 'below_1.0_percent_acc': 0.003, 'below_0.1_percent_acc': 0.003, 'below_0.01_percent_acc': 0.003, 'below_0.001_percent_acc': 0.003, 'below_0.0001_percent_acc': 0.003, 'valid_acc': 1.0}
Epoch: 19	Batch time (1.446248)	Data time (0.044937)	Cuda time (0.000002)	Loss (46.992001)	Accuracy (0.918417)
EVALUATING
{'loss': 46.88400150299072, 'accuracy': 0.9186041867733001, 'perfect_match_accuracy': 0.0, 'cost_ratio_suggested_true': 3.359797978401184, 'below_10.0_percent_acc': 0.014, 'below_1.0_percent_acc': 0.001, 'below_0.1_percent_acc': 0.0, 'below_0.01_percent_acc': 0.0, 'below_0.001_percent_acc': 0.0, 'below_0.0001_percent_acc': 0.0, 'valid_acc': 1.0}
Epoch: 20	Batch time (1.461724)	Data time (0.044617)	Cuda time (0.000002)	Loss (49.469402)	Accuracy (0.914116)
EVALUATING
{'loss': 49.58300148010254, 'accuracy': 0.9139184141159058, 'perfect_match_accuracy': 0.0, 'cost_ratio_suggested_true': 2.500263466835022, 'below_10.0_percent_acc': 0.06, 'below_1.0_percent_acc': 0.002, 'below_0.1_percent_acc': 0.002, 'below_0.01_percent_acc': 0.002, 'below_0.001_percent_acc': 0.002, 'below_0.0001_percent_acc': 0.002, 'valid_acc': 1.0}
Epoch: 21	Batch time (1.486481)	Data time (0.044978)	Cuda time (0.000002)	Loss (47.965102)	Accuracy (0.916727)
EVALUATING
{'loss': 48.436001777648926, 'accuracy': 0.9159097331762314, 'perfect_match_accuracy': 0.0, 'cost_ratio_suggested_true': 2.132411756515503, 'below_10.0_percent_acc': 0.116, 'below_1.0_percent_acc': 0.002, 'below_0.1_percent_acc': 0.001, 'below_0.01_percent_acc': 0.001, 'below_0.001_percent_acc': 0.001, 'below_0.0001_percent_acc': 0.001, 'valid_acc': 1.0}
Epoch: 22	Batch time (1.483550)	Data time (0.044304)	Cuda time (0.000002)	Loss (48.218602)	Accuracy (0.916287)
EVALUATING
{'loss': 47.381002311706546, 'accuracy': 0.9177413386106491, 'perfect_match_accuracy': 0.0, 'cost_ratio_suggested_true': 1.818699609041214, 'below_10.0_percent_acc': 0.173, 'below_1.0_percent_acc': 0.004, 'below_0.1_percent_acc': 0.001, 'below_0.01_percent_acc': 0.001, 'below_0.001_percent_acc': 0.001, 'below_0.0001_percent_acc': 0.001, 'valid_acc': 1.0}
Epoch: 23	Batch time (1.496073)	Data time (0.044605)	Cuda time (0.000002)	Loss (49.665102)	Accuracy (0.913776)
EVALUATING
{'loss': 50.969001350402834, 'accuracy': 0.9115121698379517, 'perfect_match_accuracy': 0.0, 'cost_ratio_suggested_true': 1.7855752038955688, 'below_10.0_percent_acc': 0.104, 'below_1.0_percent_acc': 0.003, 'below_0.1_percent_acc': 0.001, 'below_0.01_percent_acc': 0.001, 'below_0.001_percent_acc': 0.001, 'below_0.0001_percent_acc': 0.001, 'valid_acc': 1.0}
Epoch: 24	Batch time (1.505499)	Data time (0.043807)	Cuda time (0.000002)	Loss (51.865802)	Accuracy (0.909955)
EVALUATING
{'loss': 49.66400146484375, 'accuracy': 0.9137777948379516, 'perfect_match_accuracy': 0.0, 'cost_ratio_suggested_true': 1.8121870684623718, 'below_10.0_percent_acc': 0.138, 'below_1.0_percent_acc': 0.004, 'below_0.1_percent_acc': 0.0, 'below_0.01_percent_acc': 0.0, 'below_0.001_percent_acc': 0.0, 'below_0.0001_percent_acc': 0.0, 'valid_acc': 1.0}
Epoch: 25	Batch time (1.491970)	Data time (0.045089)	Cuda time (0.000002)	Loss (50.816202)	Accuracy (0.911777)
EVALUATING
{'loss': 51.717001609802246, 'accuracy': 0.9102135539054871, 'perfect_match_accuracy': 0.0, 'cost_ratio_suggested_true': 1.646718808412552, 'below_10.0_percent_acc': 0.128, 'below_1.0_percent_acc': 0.002, 'below_0.1_percent_acc': 0.001, 'below_0.01_percent_acc': 0.001, 'below_0.001_percent_acc': 0.001, 'below_0.0001_percent_acc': 0.001, 'valid_acc': 1.0}
Epoch: 26	Batch time (1.522827)	Data time (0.044596)	Cuda time (0.000002)	Loss (53.862402)	Accuracy (0.906489)
EVALUATING
{'loss': 53.59300109863281, 'accuracy': 0.9069565981626511, 'perfect_match_accuracy': 0.0, 'cost_ratio_suggested_true': 1.823187221288681, 'below_10.0_percent_acc': 0.069, 'below_1.0_percent_acc': 0.001, 'below_0.1_percent_acc': 0.0, 'below_0.01_percent_acc': 0.0, 'below_0.001_percent_acc': 0.0, 'below_0.0001_percent_acc': 0.0, 'valid_acc': 1.0}
Epoch: 27	Batch time (1.512283)	Data time (0.044657)	Cuda time (0.000002)	Loss (55.463602)	Accuracy (0.903709)
EVALUATING
{'loss': 53.02500167846679, 'accuracy': 0.9079427272081375, 'perfect_match_accuracy': 0.0, 'cost_ratio_suggested_true': 1.7630932104587556, 'below_10.0_percent_acc': 0.081, 'below_1.0_percent_acc': 0.002, 'below_0.1_percent_acc': 0.002, 'below_0.01_percent_acc': 0.002, 'below_0.001_percent_acc': 0.002, 'below_0.0001_percent_acc': 0.002, 'valid_acc': 1.0}
Epoch: 28	Batch time (1.531244)	Data time (0.044651)	Cuda time (0.000002)	Loss (54.844002)	Accuracy (0.904785)
EVALUATING
{'loss': 51.98300239562988, 'accuracy': 0.9097517460584641, 'perfect_match_accuracy': 0.0, 'cost_ratio_suggested_true': 1.558946546316147, 'below_10.0_percent_acc': 0.209, 'below_1.0_percent_acc': 0.003, 'below_0.1_percent_acc': 0.002, 'below_0.01_percent_acc': 0.002, 'below_0.001_percent_acc': 0.002, 'below_0.0001_percent_acc': 0.002, 'valid_acc': 1.0}
Epoch: 29	Batch time (1.561843)	Data time (0.045000)	Cuda time (0.000002)	Loss (56.040102)	Accuracy (0.902708)
EVALUATING
{'loss': 53.88200126647949, 'accuracy': 0.9064548724889755, 'perfect_match_accuracy': 0.0, 'cost_ratio_suggested_true': 1.7332976818084718, 'below_10.0_percent_acc': 0.086, 'below_1.0_percent_acc': 0.004, 'below_0.1_percent_acc': 0.002, 'below_0.01_percent_acc': 0.002, 'below_0.001_percent_acc': 0.002, 'below_0.0001_percent_acc': 0.002, 'valid_acc': 1.0}
Epoch: 30	Batch time (1.550621)	Data time (0.045439)	Cuda time (0.000002)	Loss (54.862202)	Accuracy (0.904753)
EVALUATING
{'loss': 50.97900161743164, 'accuracy': 0.9114947986602783, 'perfect_match_accuracy': 0.0, 'cost_ratio_suggested_true': 1.4426061964035035, 'below_10.0_percent_acc': 0.322, 'below_1.0_percent_acc': 0.007, 'below_0.1_percent_acc': 0.002, 'below_0.01_percent_acc': 0.002, 'below_0.001_percent_acc': 0.002, 'below_0.0001_percent_acc': 0.002, 'valid_acc': 1.0}
Epoch: 31	Batch time (1.532278)	Data time (0.044465)	Cuda time (0.000002)	Loss (54.476601)	Accuracy (0.905423)
EVALUATING
{'loss': 50.40800186157227, 'accuracy': 0.9124861258268356, 'perfect_match_accuracy': 0.0, 'cost_ratio_suggested_true': 1.445007736682892, 'below_10.0_percent_acc': 0.329, 'below_1.0_percent_acc': 0.013, 'below_0.1_percent_acc': 0.006, 'below_0.01_percent_acc': 0.006, 'below_0.001_percent_acc': 0.005, 'below_0.0001_percent_acc': 0.005, 'valid_acc': 1.0}
Epoch: 32	Batch time (1.553362)	Data time (0.044579)	Cuda time (0.000002)	Loss (54.323502)	Accuracy (0.905688)
EVALUATING
{'loss': 50.965001525878904, 'accuracy': 0.9115191149711609, 'perfect_match_accuracy': 0.0, 'cost_ratio_suggested_true': 1.4413912534713744, 'below_10.0_percent_acc': 0.338, 'below_1.0_percent_acc': 0.007, 'below_0.1_percent_acc': 0.002, 'below_0.01_percent_acc': 0.002, 'below_0.001_percent_acc': 0.002, 'below_0.0001_percent_acc': 0.002, 'valid_acc': 1.0}
Epoch: 33	Batch time (1.558513)	Data time (0.044370)	Cuda time (0.000002)	Loss (54.691102)	Accuracy (0.905050)
EVALUATING
{'loss': 50.41100185394287, 'accuracy': 0.9124809110164642, 'perfect_match_accuracy': 0.0, 'cost_ratio_suggested_true': 1.4433491039276123, 'below_10.0_percent_acc': 0.341, 'below_1.0_percent_acc': 0.011, 'below_0.1_percent_acc': 0.003, 'below_0.01_percent_acc': 0.003, 'below_0.001_percent_acc': 0.003, 'below_0.0001_percent_acc': 0.003, 'valid_acc': 1.0}
Epoch: 34	Batch time (1.548127)	Data time (0.045207)	Cuda time (0.000002)	Loss (54.129602)	Accuracy (0.906025)
EVALUATING
{'loss': 50.216001968383786, 'accuracy': 0.9128194558620453, 'perfect_match_accuracy': 0.0, 'cost_ratio_suggested_true': 1.4386625325679778, 'below_10.0_percent_acc': 0.333, 'below_1.0_percent_acc': 0.012, 'below_0.1_percent_acc': 0.004, 'below_0.01_percent_acc': 0.004, 'below_0.001_percent_acc': 0.004, 'below_0.0001_percent_acc': 0.004, 'valid_acc': 1.0}
Epoch: 35	Batch time (1.549689)	Data time (0.044844)	Cuda time (0.000002)	Loss (53.274601)	Accuracy (0.907509)
EVALUATING
{'loss': 49.6750008392334, 'accuracy': 0.9137586981058121, 'perfect_match_accuracy': 0.0, 'cost_ratio_suggested_true': 1.4596822273731231, 'below_10.0_percent_acc': 0.28, 'below_1.0_percent_acc': 0.007, 'below_0.1_percent_acc': 0.002, 'below_0.01_percent_acc': 0.002, 'below_0.001_percent_acc': 0.002, 'below_0.0001_percent_acc': 0.002, 'valid_acc': 1.0}
Epoch: 36	Batch time (1.528049)	Data time (0.045006)	Cuda time (0.000002)	Loss (53.109301)	Accuracy (0.907796)
EVALUATING
{'loss': 49.998002166748044, 'accuracy': 0.9131979328393937, 'perfect_match_accuracy': 0.0, 'cost_ratio_suggested_true': 1.4518797039985656, 'below_10.0_percent_acc': 0.286, 'below_1.0_percent_acc': 0.006, 'below_0.1_percent_acc': 0.002, 'below_0.01_percent_acc': 0.002, 'below_0.001_percent_acc': 0.002, 'below_0.0001_percent_acc': 0.002, 'valid_acc': 1.0}
Epoch: 37	Batch time (1.521198)	Data time (0.044779)	Cuda time (0.000002)	Loss (53.238802)	Accuracy (0.907572)
EVALUATING
{'loss': 49.874001045227054, 'accuracy': 0.913413205742836, 'perfect_match_accuracy': 0.0, 'cost_ratio_suggested_true': 1.4513777601718902, 'below_10.0_percent_acc': 0.287, 'below_1.0_percent_acc': 0.009, 'below_0.1_percent_acc': 0.004, 'below_0.01_percent_acc': 0.004, 'below_0.001_percent_acc': 0.004, 'below_0.0001_percent_acc': 0.004, 'valid_acc': 1.0}
Epoch: 38	Batch time (1.531575)	Data time (0.043713)	Cuda time (0.000001)	Loss (53.081802)	Accuracy (0.907844)
EVALUATING
{'loss': 49.759001922607425, 'accuracy': 0.9136128610372544, 'perfect_match_accuracy': 0.0, 'cost_ratio_suggested_true': 1.4459751570224761, 'below_10.0_percent_acc': 0.298, 'below_1.0_percent_acc': 0.008, 'below_0.1_percent_acc': 0.004, 'below_0.01_percent_acc': 0.004, 'below_0.001_percent_acc': 0.004, 'below_0.0001_percent_acc': 0.004, 'valid_acc': 1.0}
Epoch: 39	Batch time (1.530122)	Data time (0.043409)	Cuda time (0.000001)	Loss (52.916102)	Accuracy (0.908132)
EVALUATING
{'loss': 49.992002182006836, 'accuracy': 0.9132083457708359, 'perfect_match_accuracy': 0.0, 'cost_ratio_suggested_true': 1.4569712746143342, 'below_10.0_percent_acc': 0.285, 'below_1.0_percent_acc': 0.008, 'below_0.1_percent_acc': 0.005, 'below_0.01_percent_acc': 0.005, 'below_0.001_percent_acc': 0.005, 'below_0.0001_percent_acc': 0.005, 'valid_acc': 1.0}
Epoch: 40	Batch time (1.534091)	Data time (0.044052)	Cuda time (0.000002)	Loss (52.746702)	Accuracy (0.908426)
EVALUATING
{'loss': 49.630001602172854, 'accuracy': 0.9138368147611619, 'perfect_match_accuracy': 0.0, 'cost_ratio_suggested_true': 1.447876020669937, 'below_10.0_percent_acc': 0.292, 'below_1.0_percent_acc': 0.008, 'below_0.1_percent_acc': 0.003, 'below_0.01_percent_acc': 0.003, 'below_0.001_percent_acc': 0.003, 'below_0.0001_percent_acc': 0.003, 'valid_acc': 1.0}
Epoch: 41	Batch time (1.510461)	Data time (0.043709)	Cuda time (0.000002)	Loss (52.660802)	Accuracy (0.908575)
EVALUATING
{'loss': 49.707001190185544, 'accuracy': 0.9137031334638596, 'perfect_match_accuracy': 0.0, 'cost_ratio_suggested_true': 1.4469800007343292, 'below_10.0_percent_acc': 0.302, 'below_1.0_percent_acc': 0.008, 'below_0.1_percent_acc': 0.004, 'below_0.01_percent_acc': 0.004, 'below_0.001_percent_acc': 0.004, 'below_0.0001_percent_acc': 0.004, 'valid_acc': 1.0}
Epoch: 42	Batch time (1.400464)	Data time (0.042626)	Cuda time (0.000002)	Loss (52.622002)	Accuracy (0.908642)
EVALUATING
{'loss': 49.672002716064455, 'accuracy': 0.9137639015913009, 'perfect_match_accuracy': 0.0, 'cost_ratio_suggested_true': 1.447512686252594, 'below_10.0_percent_acc': 0.295, 'below_1.0_percent_acc': 0.008, 'below_0.1_percent_acc': 0.004, 'below_0.01_percent_acc': 0.004, 'below_0.001_percent_acc': 0.004, 'below_0.0001_percent_acc': 0.004, 'valid_acc': 1.0}
Epoch: 43	Batch time (1.403522)	Data time (0.042196)	Cuda time (0.000002)	Loss (52.617302)	Accuracy (0.908651)
EVALUATING
{'loss': 49.76400089263916, 'accuracy': 0.9136041730642319, 'perfect_match_accuracy': 0.0, 'cost_ratio_suggested_true': 1.4454061079025269, 'below_10.0_percent_acc': 0.305, 'below_1.0_percent_acc': 0.008, 'below_0.1_percent_acc': 0.004, 'below_0.01_percent_acc': 0.004, 'below_0.001_percent_acc': 0.004, 'below_0.0001_percent_acc': 0.004, 'valid_acc': 1.0}
Epoch: 44	Batch time (1.407548)	Data time (0.044234)	Cuda time (0.000002)	Loss (52.536102)	Accuracy (0.908792)
EVALUATING
{'loss': 49.87100185394287, 'accuracy': 0.9134184098243714, 'perfect_match_accuracy': 0.0, 'cost_ratio_suggested_true': 1.4456844019889832, 'below_10.0_percent_acc': 0.299, 'below_1.0_percent_acc': 0.008, 'below_0.1_percent_acc': 0.004, 'below_0.01_percent_acc': 0.004, 'below_0.001_percent_acc': 0.004, 'below_0.0001_percent_acc': 0.004, 'valid_acc': 1.0}
Epoch: 45	Batch time (1.357456)	Data time (0.041845)	Cuda time (0.000001)	Loss (52.593101)	Accuracy (0.908693)
EVALUATING
{'loss': 49.79600131988526, 'accuracy': 0.9135486257076263, 'perfect_match_accuracy': 0.0, 'cost_ratio_suggested_true': 1.4451981377601624, 'below_10.0_percent_acc': 0.304, 'below_1.0_percent_acc': 0.008, 'below_0.1_percent_acc': 0.004, 'below_0.01_percent_acc': 0.004, 'below_0.001_percent_acc': 0.004, 'below_0.0001_percent_acc': 0.004, 'valid_acc': 1.0}
Epoch: 46	Batch time (1.446373)	Data time (0.044007)	Cuda time (0.000002)	Loss (52.543502)	Accuracy (0.908779)
EVALUATING
{'loss': 49.784001197814945, 'accuracy': 0.9135694569349289, 'perfect_match_accuracy': 0.0, 'cost_ratio_suggested_true': 1.4436267483234406, 'below_10.0_percent_acc': 0.307, 'below_1.0_percent_acc': 0.008, 'below_0.1_percent_acc': 0.004, 'below_0.01_percent_acc': 0.004, 'below_0.001_percent_acc': 0.004, 'below_0.0001_percent_acc': 0.004, 'valid_acc': 1.0}
Epoch: 47	Batch time (1.688946)	Data time (0.063161)	Cuda time (0.000002)	Loss (52.462502)	Accuracy (0.908919)
EVALUATING
{'loss': 49.722001495361326, 'accuracy': 0.9136770886182785, 'perfect_match_accuracy': 0.0, 'cost_ratio_suggested_true': 1.4398868882656097, 'below_10.0_percent_acc': 0.31, 'below_1.0_percent_acc': 0.008, 'below_0.1_percent_acc': 0.004, 'below_0.01_percent_acc': 0.004, 'below_0.001_percent_acc': 0.004, 'below_0.0001_percent_acc': 0.004, 'valid_acc': 1.0}
Epoch: 48	Batch time (1.740714)	Data time (0.054406)	Cuda time (0.000002)	Loss (52.616601)	Accuracy (0.908652)
EVALUATING
{'loss': 49.67800201416016, 'accuracy': 0.9137534826993943, 'perfect_match_accuracy': 0.0, 'cost_ratio_suggested_true': 1.4456275761127473, 'below_10.0_percent_acc': 0.3, 'below_1.0_percent_acc': 0.008, 'below_0.1_percent_acc': 0.004, 'below_0.01_percent_acc': 0.004, 'below_0.001_percent_acc': 0.004, 'below_0.0001_percent_acc': 0.004, 'valid_acc': 1.0}
Epoch: 49	Batch time (1.741860)	Data time (0.051263)	Cuda time (0.000002)	Loss (52.601601)	Accuracy (0.908678)
EVALUATING
{'loss': 49.638001441955566, 'accuracy': 0.9138229280710221, 'perfect_match_accuracy': 0.0, 'cost_ratio_suggested_true': 1.442827092409134, 'below_10.0_percent_acc': 0.309, 'below_1.0_percent_acc': 0.008, 'below_0.1_percent_acc': 0.004, 'below_0.01_percent_acc': 0.004, 'below_0.001_percent_acc': 0.004, 'below_0.0001_percent_acc': 0.004, 'valid_acc': 1.0}
Epoch: 50	Batch time (1.749472)	Data time (0.052353)	Cuda time (0.000031)	Loss (52.499902)	Accuracy (0.908854)
EVALUATING
{'loss': 49.671001777648925, 'accuracy': 0.9137656390666962, 'perfect_match_accuracy': 0.0, 'cost_ratio_suggested_true': 1.4395861577987672, 'below_10.0_percent_acc': 0.311, 'below_1.0_percent_acc': 0.008, 'below_0.1_percent_acc': 0.004, 'below_0.01_percent_acc': 0.004, 'below_0.001_percent_acc': 0.004, 'below_0.0001_percent_acc': 0.004, 'valid_acc': 1.0}
