No existing entry for trainer_params.mode.type
{}[type] = <class 'int'>(5)
No existing entry for trainer_params.mode.objective_type
{'type': 5}[objective_type] = <class 'str'>(normal)
No existing entry for trainer_params.mode.use_marginal
{'type': 5, 'objective_type': 'normal'}[use_marginal] = <class 'bool'>(True)
No existing entry for trainer_params.mode.nb_samples
{'type': 5, 'objective_type': 'normal', 'use_marginal': True}[nb_samples] = <class 'int'>(1)
No existing entry for trainer_params.mode.temperature
{'type': 5, 'objective_type': 'normal', 'use_marginal': True, 'nb_samples': 1}[temperature] = <class 'float'>(0.5)
No existing entry for trainer_params.mode.use_gamma
{'type': 5, 'objective_type': 'normal', 'use_marginal': True, 'nb_samples': 1, 'temperature': 0.5}[use_gamma] = <class 'bool'>(False)
No existing entry for trainer_params.mode.loss_type
{'type': 5, 'objective_type': 'normal', 'use_marginal': True, 'nb_samples': 1, 'temperature': 0.5, 'use_gamma': False}[loss_type] = <class 'str'>(normal)
No existing entry for trainer_params.mode.perturb_w
{'type': 5, 'objective_type': 'normal', 'use_marginal': True, 'nb_samples': 1, 'temperature': 0.5, 'use_gamma': False, 'loss_type': 'normal'}[perturb_w] = <class 'bool'>(False)
No existing entry for trainer_params.mode.perturb_w_prime
{'type': 5, 'objective_type': 'normal', 'use_marginal': True, 'nb_samples': 1, 'temperature': 0.5, 'use_gamma': False, 'loss_type': 'normal', 'perturb_w': False}[perturb_w_prime] = <class 'bool'>(False)
{'batch_size': 70, 'l1_regconst': 0.0, 'lambda_val': 20.0, 'lr_milestone_1': 30, 'lr_milestone_2': 40, 'model_params': {'arch_params': {}, 'model_name': 'CombResnet18'}, 'neighbourhood_fn': '8-grid', 'optimizer_name': 'Adam', 'optimizer_params': {'lr': 0.0005}, 'preload_batch': True, 'use_cuda': True, 'use_lr_scheduling': True, 'mode': {'type': 5, 'objective_type': 'normal', 'use_marginal': True, 'nb_samples': 1, 'temperature': 0.5, 'use_gamma': False, 'loss_type': 'normal', 'perturb_w': False, 'perturb_w_prime': False}}[lambda_val] = <class 'float'>(0.0)
{'data_dir': 'data/warcraft_shortest_path/12x12', 'evaluate_with_extra': False, 'normalize': True, 'use_local_path': False, 'use_test_set': True}[data_dir] = <class 'str'>(data/warcraft_shortest_path/30x30)
{'evaluate_every': 5, 'loader_params': {'data_dir': 'data/warcraft_shortest_path/30x30', 'evaluate_with_extra': False, 'normalize': True, 'use_local_path': False, 'use_test_set': True}, 'model_dir': 'results/warcraft_shortest_path_combresnet', 'num_cpus': 24, 'num_epochs': 50, 'problem_type': 'warcraft_shortest_path', 'ray_params': {}, 'save_visualizations': False, 'seed': 1, 'trainer_name': 'DijkstraMAP', 'trainer_params': {'batch_size': 70, 'l1_regconst': 0.0, 'lambda_val': 0.0, 'lr_milestone_1': 30, 'lr_milestone_2': 40, 'model_params': {'arch_params': {}, 'model_name': 'CombResnet18'}, 'neighbourhood_fn': '8-grid', 'optimizer_name': 'Adam', 'optimizer_params': {'lr': 0.0005}, 'preload_batch': True, 'use_cuda': True, 'use_lr_scheduling': True, 'mode': {'type': 5, 'objective_type': 'normal', 'use_marginal': True, 'nb_samples': 1, 'temperature': 0.5, 'use_gamma': False, 'loss_type': 'normal', 'perturb_w': False, 'perturb_w_prime': False}}, 'use_ray': True}[seed] = <class 'int'>(0)
{'evaluate_every': 5, 'loader_params': {'data_dir': 'data/warcraft_shortest_path/30x30', 'evaluate_with_extra': False, 'normalize': True, 'use_local_path': False, 'use_test_set': True}, 'model_dir': 'results/warcraft_shortest_path_combresnet', 'num_cpus': 24, 'num_epochs': 50, 'problem_type': 'warcraft_shortest_path', 'ray_params': {}, 'save_visualizations': False, 'seed': 0, 'trainer_name': 'DijkstraMAP', 'trainer_params': {'batch_size': 70, 'l1_regconst': 0.0, 'lambda_val': 0.0, 'lr_milestone_1': 30, 'lr_milestone_2': 40, 'model_params': {'arch_params': {}, 'model_name': 'CombResnet18'}, 'neighbourhood_fn': '8-grid', 'optimizer_name': 'Adam', 'optimizer_params': {'lr': 0.0005}, 'preload_batch': True, 'use_cuda': True, 'use_lr_scheduling': True, 'mode': {'type': 5, 'objective_type': 'normal', 'use_marginal': True, 'nb_samples': 1, 'temperature': 0.5, 'use_gamma': False, 'loss_type': 'normal', 'perturb_w': False, 'perturb_w_prime': False}}, 'use_ray': True}[evaluate_every] = <class 'int'>(1)
{'evaluate_every': 1, 'loader_params': {'data_dir': 'data/warcraft_shortest_path/30x30', 'evaluate_with_extra': False, 'normalize': True, 'use_local_path': False, 'use_test_set': True}, 'model_dir': 'results/warcraft_shortest_path_combresnet', 'num_cpus': 24, 'num_epochs': 50, 'problem_type': 'warcraft_shortest_path', 'ray_params': {}, 'save_visualizations': False, 'seed': 0, 'trainer_name': 'DijkstraMAP', 'trainer_params': {'batch_size': 70, 'l1_regconst': 0.0, 'lambda_val': 0.0, 'lr_milestone_1': 30, 'lr_milestone_2': 40, 'model_params': {'arch_params': {}, 'model_name': 'CombResnet18'}, 'neighbourhood_fn': '8-grid', 'optimizer_name': 'Adam', 'optimizer_params': {'lr': 0.0005}, 'preload_batch': True, 'use_cuda': True, 'use_lr_scheduling': True, 'mode': {'type': 5, 'objective_type': 'normal', 'use_marginal': True, 'nb_samples': 1, 'temperature': 0.5, 'use_gamma': False, 'loss_type': 'normal', 'perturb_w': False, 'perturb_w_prime': False}}, 'use_ray': True}[use_ray] = <class 'bool'>(False)
No existing entry for trainer_params.mode.type
{}[type] = <class 'int'>(5)
No existing entry for trainer_params.mode.objective_type
{'type': 5}[objective_type] = <class 'str'>(normal)
No existing entry for trainer_params.mode.use_marginal
{'type': 5, 'objective_type': 'normal'}[use_marginal] = <class 'bool'>(True)
No existing entry for trainer_params.mode.nb_samples
{'type': 5, 'objective_type': 'normal', 'use_marginal': True}[nb_samples] = <class 'int'>(1)
No existing entry for trainer_params.mode.temperature
{'type': 5, 'objective_type': 'normal', 'use_marginal': True, 'nb_samples': 1}[temperature] = <class 'float'>(0.5)
No existing entry for trainer_params.mode.use_gamma
{'type': 5, 'objective_type': 'normal', 'use_marginal': True, 'nb_samples': 1, 'temperature': 0.5}[use_gamma] = <class 'bool'>(False)
No existing entry for trainer_params.mode.loss_type
{'type': 5, 'objective_type': 'normal', 'use_marginal': True, 'nb_samples': 1, 'temperature': 0.5, 'use_gamma': False}[loss_type] = <class 'str'>(normal)
No existing entry for trainer_params.mode.perturb_w
{'type': 5, 'objective_type': 'normal', 'use_marginal': True, 'nb_samples': 1, 'temperature': 0.5, 'use_gamma': False, 'loss_type': 'normal'}[perturb_w] = <class 'bool'>(False)
No existing entry for trainer_params.mode.perturb_w_prime
{'type': 5, 'objective_type': 'normal', 'use_marginal': True, 'nb_samples': 1, 'temperature': 0.5, 'use_gamma': False, 'loss_type': 'normal', 'perturb_w': False}[perturb_w_prime] = <class 'bool'>(False)
{'batch_size': 70, 'l1_regconst': 0.0, 'lambda_val': 20.0, 'lr_milestone_1': 30, 'lr_milestone_2': 40, 'model_params': {'arch_params': {}, 'model_name': 'CombResnet18'}, 'neighbourhood_fn': '8-grid', 'optimizer_name': 'Adam', 'optimizer_params': {'lr': 0.0005}, 'preload_batch': True, 'use_cuda': True, 'use_lr_scheduling': True, 'mode': {'type': 5, 'objective_type': 'normal', 'use_marginal': True, 'nb_samples': 1, 'temperature': 0.5, 'use_gamma': False, 'loss_type': 'normal', 'perturb_w': False, 'perturb_w_prime': False}}[lambda_val] = <class 'float'>(0.0)
{'data_dir': 'data/warcraft_shortest_path/12x12', 'evaluate_with_extra': False, 'normalize': True, 'use_local_path': False, 'use_test_set': True}[data_dir] = <class 'str'>(data/warcraft_shortest_path/30x30)
{'evaluate_every': 5, 'loader_params': {'data_dir': 'data/warcraft_shortest_path/30x30', 'evaluate_with_extra': False, 'normalize': True, 'use_local_path': False, 'use_test_set': True}, 'model_dir': 'results/warcraft_shortest_path_combresnet', 'num_cpus': 24, 'num_epochs': 50, 'problem_type': 'warcraft_shortest_path', 'ray_params': {}, 'save_visualizations': False, 'seed': 1, 'trainer_name': 'DijkstraMAP', 'trainer_params': {'batch_size': 70, 'l1_regconst': 0.0, 'lambda_val': 0.0, 'lr_milestone_1': 30, 'lr_milestone_2': 40, 'model_params': {'arch_params': {}, 'model_name': 'CombResnet18'}, 'neighbourhood_fn': '8-grid', 'optimizer_name': 'Adam', 'optimizer_params': {'lr': 0.0005}, 'preload_batch': True, 'use_cuda': True, 'use_lr_scheduling': True, 'mode': {'type': 5, 'objective_type': 'normal', 'use_marginal': True, 'nb_samples': 1, 'temperature': 0.5, 'use_gamma': False, 'loss_type': 'normal', 'perturb_w': False, 'perturb_w_prime': False}}, 'use_ray': True}[seed] = <class 'int'>(0)
{'evaluate_every': 5, 'loader_params': {'data_dir': 'data/warcraft_shortest_path/30x30', 'evaluate_with_extra': False, 'normalize': True, 'use_local_path': False, 'use_test_set': True}, 'model_dir': 'results/warcraft_shortest_path_combresnet', 'num_cpus': 24, 'num_epochs': 50, 'problem_type': 'warcraft_shortest_path', 'ray_params': {}, 'save_visualizations': False, 'seed': 0, 'trainer_name': 'DijkstraMAP', 'trainer_params': {'batch_size': 70, 'l1_regconst': 0.0, 'lambda_val': 0.0, 'lr_milestone_1': 30, 'lr_milestone_2': 40, 'model_params': {'arch_params': {}, 'model_name': 'CombResnet18'}, 'neighbourhood_fn': '8-grid', 'optimizer_name': 'Adam', 'optimizer_params': {'lr': 0.0005}, 'preload_batch': True, 'use_cuda': True, 'use_lr_scheduling': True, 'mode': {'type': 5, 'objective_type': 'normal', 'use_marginal': True, 'nb_samples': 1, 'temperature': 0.5, 'use_gamma': False, 'loss_type': 'normal', 'perturb_w': False, 'perturb_w_prime': False}}, 'use_ray': True}[evaluate_every] = <class 'int'>(1)
{'evaluate_every': 1, 'loader_params': {'data_dir': 'data/warcraft_shortest_path/30x30', 'evaluate_with_extra': False, 'normalize': True, 'use_local_path': False, 'use_test_set': True}, 'model_dir': 'results/warcraft_shortest_path_combresnet', 'num_cpus': 24, 'num_epochs': 50, 'problem_type': 'warcraft_shortest_path', 'ray_params': {}, 'save_visualizations': False, 'seed': 0, 'trainer_name': 'DijkstraMAP', 'trainer_params': {'batch_size': 70, 'l1_regconst': 0.0, 'lambda_val': 0.0, 'lr_milestone_1': 30, 'lr_milestone_2': 40, 'model_params': {'arch_params': {}, 'model_name': 'CombResnet18'}, 'neighbourhood_fn': '8-grid', 'optimizer_name': 'Adam', 'optimizer_params': {'lr': 0.0005}, 'preload_batch': True, 'use_cuda': True, 'use_lr_scheduling': True, 'mode': {'type': 5, 'objective_type': 'normal', 'use_marginal': True, 'nb_samples': 1, 'temperature': 0.5, 'use_gamma': False, 'loss_type': 'normal', 'perturb_w': False, 'perturb_w_prime': False}}, 'use_ray': True}[use_ray] = <class 'bool'>(False)
{
    "evaluate_every": 1,
    "loader_params": {
        "data_dir": "data/warcraft_shortest_path/30x30",
        "evaluate_with_extra": false,
        "normalize": true,
        "use_local_path": false,
        "use_test_set": true
    },
    "model_dir": "results/warcraft_shortest_path_combresnet",
    "num_cpus": 24,
    "num_epochs": 50,
    "problem_type": "warcraft_shortest_path",
    "ray_params": {},
    "save_visualizations": false,
    "seed": 0,
    "trainer_name": "DijkstraMAP",
    "trainer_params": {
        "batch_size": 70,
        "l1_regconst": 0.0,
        "lambda_val": 0.0,
        "lr_milestone_1": 30,
        "lr_milestone_2": 40,
        "mode": {
            "loss_type": "normal",
            "nb_samples": 1,
            "objective_type": "normal",
            "perturb_w": false,
            "perturb_w_prime": false,
            "temperature": 0.5,
            "type": 5,
            "use_gamma": false,
            "use_marginal": true
        },
        "model_params": {
            "arch_params": {},
            "model_name": "CombResnet18"
        },
        "neighbourhood_fn": "8-grid",
        "optimizer_name": "Adam",
        "optimizer_params": {
            "lr": 0.0005
        },
        "preload_batch": true,
        "use_cuda": true,
        "use_lr_scheduling": true
    },
    "use_ray": false
}
MAP-BACKPROP MODE: {
    "loss_type": "normal",
    "nb_samples": 1,
    "objective_type": "normal",
    "perturb_w": false,
    "perturb_w_prime": false,
    "temperature": 0.5,
    "type": 5,
    "use_gamma": false,
    "use_marginal": true
}
True
META: {'input_image_size': 240, 'output_features': 900, 'num_channels': 3, 'denormalize': <maprop.decorators.input_to_numpy object at 0x2b4a73969c88>}
EVALUATING
{'loss': 53.266001777648924, 'accuracy': 0.940815589427948, 'perfect_match_accuracy': 0.001, 'cost_ratio_suggested_true': 2.4416196060180666, 'below_10.0_percent_acc': 0.143, 'below_1.0_percent_acc': 0.018, 'below_0.1_percent_acc': 0.015, 'below_0.01_percent_acc': 0.015, 'below_0.001_percent_acc': 0.012, 'below_0.0001_percent_acc': 0.012, 'valid_acc': 1.0}
Epoch: 1	Batch time (2.124137)	Data time (0.096829)	Cuda time (0.000003)	Loss (67.334302)	Accuracy (0.925184)
EVALUATING
{'loss': 55.26200180053711, 'accuracy': 0.9385978043079376, 'perfect_match_accuracy': 0.001, 'cost_ratio_suggested_true': 2.790851080417633, 'below_10.0_percent_acc': 0.092, 'below_1.0_percent_acc': 0.009, 'below_0.1_percent_acc': 0.008, 'below_0.01_percent_acc': 0.008, 'below_0.001_percent_acc': 0.007, 'below_0.0001_percent_acc': 0.007, 'valid_acc': 1.0}
Epoch: 2	Batch time (2.123424)	Data time (0.093490)	Cuda time (0.000002)	Loss (69.624002)	Accuracy (0.922640)
EVALUATING
{'loss': 59.65800224304199, 'accuracy': 0.9337133628129959, 'perfect_match_accuracy': 0.001, 'cost_ratio_suggested_true': 4.00877379655838, 'below_10.0_percent_acc': 0.006, 'below_1.0_percent_acc': 0.001, 'below_0.1_percent_acc': 0.001, 'below_0.01_percent_acc': 0.001, 'below_0.001_percent_acc': 0.001, 'below_0.0001_percent_acc': 0.001, 'valid_acc': 1.0}
Epoch: 3	Batch time (2.167180)	Data time (0.090562)	Cuda time (0.000002)	Loss (73.296502)	Accuracy (0.918559)
EVALUATING
{'loss': 56.45800174713135, 'accuracy': 0.9372689133882522, 'perfect_match_accuracy': 0.001, 'cost_ratio_suggested_true': 2.101637662649155, 'below_10.0_percent_acc': 0.205, 'below_1.0_percent_acc': 0.032, 'below_0.1_percent_acc': 0.024, 'below_0.01_percent_acc': 0.024, 'below_0.001_percent_acc': 0.024, 'below_0.0001_percent_acc': 0.024, 'valid_acc': 1.0}
Epoch: 4	Batch time (2.082764)	Data time (0.090493)	Cuda time (0.000003)	Loss (64.440502)	Accuracy (0.928399)
EVALUATING
{'loss': 52.898001441955564, 'accuracy': 0.9412244713306427, 'perfect_match_accuracy': 0.001, 'cost_ratio_suggested_true': 2.2276610255241396, 'below_10.0_percent_acc': 0.182, 'below_1.0_percent_acc': 0.038, 'below_0.1_percent_acc': 0.023, 'below_0.01_percent_acc': 0.023, 'below_0.001_percent_acc': 0.021, 'below_0.0001_percent_acc': 0.021, 'valid_acc': 1.0}
Epoch: 5	Batch time (2.108048)	Data time (0.090011)	Cuda time (0.000003)	Loss (63.628802)	Accuracy (0.929301)
EVALUATING
{'loss': 54.76600196838379, 'accuracy': 0.9391489160060883, 'perfect_match_accuracy': 0.001, 'cost_ratio_suggested_true': 2.301199598312378, 'below_10.0_percent_acc': 0.165, 'below_1.0_percent_acc': 0.018, 'below_0.1_percent_acc': 0.008, 'below_0.01_percent_acc': 0.008, 'below_0.001_percent_acc': 0.007, 'below_0.0001_percent_acc': 0.007, 'valid_acc': 1.0}
Epoch: 6	Batch time (2.072915)	Data time (0.090313)	Cuda time (0.000003)	Loss (63.684602)	Accuracy (0.929239)
EVALUATING
{'loss': 54.82400211334229, 'accuracy': 0.9390844649076462, 'perfect_match_accuracy': 0.001, 'cost_ratio_suggested_true': 2.9130466890335085, 'below_10.0_percent_acc': 0.059, 'below_1.0_percent_acc': 0.015, 'below_0.1_percent_acc': 0.013, 'below_0.01_percent_acc': 0.013, 'below_0.001_percent_acc': 0.012, 'below_0.0001_percent_acc': 0.012, 'valid_acc': 1.0}
Epoch: 7	Batch time (2.051306)	Data time (0.090600)	Cuda time (0.000002)	Loss (62.906002)	Accuracy (0.930104)
EVALUATING
{'loss': 53.24600200653076, 'accuracy': 0.9408378010988235, 'perfect_match_accuracy': 0.001, 'cost_ratio_suggested_true': 2.8665020656585694, 'below_10.0_percent_acc': 0.056, 'below_1.0_percent_acc': 0.015, 'below_0.1_percent_acc': 0.013, 'below_0.01_percent_acc': 0.013, 'below_0.001_percent_acc': 0.013, 'below_0.0001_percent_acc': 0.013, 'valid_acc': 1.0}
Epoch: 8	Batch time (2.101649)	Data time (0.091784)	Cuda time (0.000003)	Loss (62.589002)	Accuracy (0.930457)
EVALUATING
{'loss': 53.3580020904541, 'accuracy': 0.9407133489847184, 'perfect_match_accuracy': 0.001, 'cost_ratio_suggested_true': 2.5367191338539126, 'below_10.0_percent_acc': 0.103, 'below_1.0_percent_acc': 0.013, 'below_0.1_percent_acc': 0.006, 'below_0.01_percent_acc': 0.006, 'below_0.001_percent_acc': 0.005, 'below_0.0001_percent_acc': 0.005, 'valid_acc': 1.0}
Epoch: 9	Batch time (2.075378)	Data time (0.091157)	Cuda time (0.000002)	Loss (62.417902)	Accuracy (0.930647)
EVALUATING
{'loss': 55.19200160980225, 'accuracy': 0.9386755853891373, 'perfect_match_accuracy': 0.001, 'cost_ratio_suggested_true': 2.8675093603134156, 'below_10.0_percent_acc': 0.045, 'below_1.0_percent_acc': 0.006, 'below_0.1_percent_acc': 0.002, 'below_0.01_percent_acc': 0.002, 'below_0.001_percent_acc': 0.002, 'below_0.0001_percent_acc': 0.002, 'valid_acc': 1.0}
Epoch: 10	Batch time (2.073056)	Data time (0.089961)	Cuda time (0.000002)	Loss (61.671402)	Accuracy (0.931476)
EVALUATING
{'loss': 52.433001022338864, 'accuracy': 0.9417411351203918, 'perfect_match_accuracy': 0.001, 'cost_ratio_suggested_true': 2.2026332783699036, 'below_10.0_percent_acc': 0.157, 'below_1.0_percent_acc': 0.017, 'below_0.1_percent_acc': 0.011, 'below_0.01_percent_acc': 0.011, 'below_0.001_percent_acc': 0.01, 'below_0.0001_percent_acc': 0.01, 'valid_acc': 1.0}
Epoch: 11	Batch time (2.079502)	Data time (0.090532)	Cuda time (0.000002)	Loss (61.774302)	Accuracy (0.931362)
EVALUATING
{'loss': 49.565002555847165, 'accuracy': 0.9449278032779693, 'perfect_match_accuracy': 0.001, 'cost_ratio_suggested_true': 1.9349717974662781, 'below_10.0_percent_acc': 0.232, 'below_1.0_percent_acc': 0.045, 'below_0.1_percent_acc': 0.032, 'below_0.01_percent_acc': 0.032, 'below_0.001_percent_acc': 0.03, 'below_0.0001_percent_acc': 0.03, 'valid_acc': 1.0}
Epoch: 12	Batch time (2.113165)	Data time (0.091338)	Cuda time (0.000003)	Loss (60.769902)	Accuracy (0.932478)
EVALUATING
{'loss': 50.065002250671384, 'accuracy': 0.9443722409009934, 'perfect_match_accuracy': 0.001, 'cost_ratio_suggested_true': 1.9152911841869353, 'below_10.0_percent_acc': 0.253, 'below_1.0_percent_acc': 0.033, 'below_0.1_percent_acc': 0.019, 'below_0.01_percent_acc': 0.019, 'below_0.001_percent_acc': 0.017, 'below_0.0001_percent_acc': 0.017, 'valid_acc': 1.0}
Epoch: 13	Batch time (2.098405)	Data time (0.089875)	Cuda time (0.000003)	Loss (61.535802)	Accuracy (0.931627)
EVALUATING
{'loss': 51.359001655578616, 'accuracy': 0.9429344695806503, 'perfect_match_accuracy': 0.001, 'cost_ratio_suggested_true': 2.272056903839111, 'below_10.0_percent_acc': 0.148, 'below_1.0_percent_acc': 0.038, 'below_0.1_percent_acc': 0.024, 'below_0.01_percent_acc': 0.024, 'below_0.001_percent_acc': 0.022, 'below_0.0001_percent_acc': 0.022, 'valid_acc': 1.0}
Epoch: 14	Batch time (2.079025)	Data time (0.089883)	Cuda time (0.000002)	Loss (61.054302)	Accuracy (0.932162)
EVALUATING
{'loss': 51.98300121307373, 'accuracy': 0.9422411274909973, 'perfect_match_accuracy': 0.002, 'cost_ratio_suggested_true': 2.1905144000053407, 'below_10.0_percent_acc': 0.159, 'below_1.0_percent_acc': 0.026, 'below_0.1_percent_acc': 0.019, 'below_0.01_percent_acc': 0.019, 'below_0.001_percent_acc': 0.018, 'below_0.0001_percent_acc': 0.018, 'valid_acc': 1.0}
Epoch: 15	Batch time (2.052128)	Data time (0.089358)	Cuda time (0.000002)	Loss (60.214302)	Accuracy (0.933095)
EVALUATING
{'loss': 49.42700191497803, 'accuracy': 0.9450811350345611, 'perfect_match_accuracy': 0.003, 'cost_ratio_suggested_true': 2.2538161635398866, 'below_10.0_percent_acc': 0.17, 'below_1.0_percent_acc': 0.048, 'below_0.1_percent_acc': 0.038, 'below_0.01_percent_acc': 0.038, 'below_0.001_percent_acc': 0.034, 'below_0.0001_percent_acc': 0.034, 'valid_acc': 1.0}
Epoch: 16	Batch time (2.041719)	Data time (0.089910)	Cuda time (0.000002)	Loss (59.515202)	Accuracy (0.933872)
EVALUATING
{'loss': 51.66400188446045, 'accuracy': 0.9425955843925476, 'perfect_match_accuracy': 0.001, 'cost_ratio_suggested_true': 1.787947952747345, 'below_10.0_percent_acc': 0.304, 'below_1.0_percent_acc': 0.023, 'below_0.1_percent_acc': 0.012, 'below_0.01_percent_acc': 0.012, 'below_0.001_percent_acc': 0.012, 'below_0.0001_percent_acc': 0.012, 'valid_acc': 1.0}
Epoch: 17	Batch time (2.090749)	Data time (0.090242)	Cuda time (0.000002)	Loss (61.157402)	Accuracy (0.932047)
EVALUATING
{'loss': 51.67100208282471, 'accuracy': 0.9425878000259399, 'perfect_match_accuracy': 0.001, 'cost_ratio_suggested_true': 2.7399197793006898, 'below_10.0_percent_acc': 0.086, 'below_1.0_percent_acc': 0.028, 'below_0.1_percent_acc': 0.025, 'below_0.01_percent_acc': 0.025, 'below_0.001_percent_acc': 0.025, 'below_0.0001_percent_acc': 0.025, 'valid_acc': 1.0}
Epoch: 18	Batch time (2.043396)	Data time (0.089431)	Cuda time (0.000002)	Loss (60.910302)	Accuracy (0.932322)
EVALUATING
{'loss': 52.26100177764893, 'accuracy': 0.9419322448968888, 'perfect_match_accuracy': 0.001, 'cost_ratio_suggested_true': 2.728059766292572, 'below_10.0_percent_acc': 0.104, 'below_1.0_percent_acc': 0.028, 'below_0.1_percent_acc': 0.022, 'below_0.01_percent_acc': 0.022, 'below_0.001_percent_acc': 0.022, 'below_0.0001_percent_acc': 0.022, 'valid_acc': 1.0}
Epoch: 19	Batch time (2.052200)	Data time (0.088234)	Cuda time (0.000003)	Loss (60.527502)	Accuracy (0.932747)
EVALUATING
{'loss': 51.996001625061034, 'accuracy': 0.9422266888618469, 'perfect_match_accuracy': 0.001, 'cost_ratio_suggested_true': 2.626107439994812, 'below_10.0_percent_acc': 0.108, 'below_1.0_percent_acc': 0.035, 'below_0.1_percent_acc': 0.031, 'below_0.01_percent_acc': 0.031, 'below_0.001_percent_acc': 0.031, 'below_0.0001_percent_acc': 0.031, 'valid_acc': 1.0}
Epoch: 20	Batch time (2.024793)	Data time (0.089079)	Cuda time (0.000002)	Loss (60.461502)	Accuracy (0.932821)
EVALUATING
{'loss': 51.37900241851807, 'accuracy': 0.9429122465848923, 'perfect_match_accuracy': 0.001, 'cost_ratio_suggested_true': 2.160725098848343, 'below_10.0_percent_acc': 0.209, 'below_1.0_percent_acc': 0.023, 'below_0.1_percent_acc': 0.015, 'below_0.01_percent_acc': 0.015, 'below_0.001_percent_acc': 0.01, 'below_0.0001_percent_acc': 0.01, 'valid_acc': 1.0}
Epoch: 21	Batch time (2.058776)	Data time (0.088411)	Cuda time (0.000003)	Loss (60.346002)	Accuracy (0.932949)
EVALUATING
{'loss': 51.31600158691406, 'accuracy': 0.9429822397232056, 'perfect_match_accuracy': 0.001, 'cost_ratio_suggested_true': 1.543742802143097, 'below_10.0_percent_acc': 0.415, 'below_1.0_percent_acc': 0.028, 'below_0.1_percent_acc': 0.011, 'below_0.01_percent_acc': 0.011, 'below_0.001_percent_acc': 0.009, 'below_0.0001_percent_acc': 0.009, 'valid_acc': 1.0}
Epoch: 22	Batch time (2.040467)	Data time (0.090234)	Cuda time (0.000002)	Loss (59.873002)	Accuracy (0.933474)
EVALUATING
{'loss': 51.58100227355957, 'accuracy': 0.9426877999305725, 'perfect_match_accuracy': 0.001, 'cost_ratio_suggested_true': 2.725517737865448, 'below_10.0_percent_acc': 0.104, 'below_1.0_percent_acc': 0.013, 'below_0.1_percent_acc': 0.009, 'below_0.01_percent_acc': 0.009, 'below_0.001_percent_acc': 0.007, 'below_0.0001_percent_acc': 0.007, 'valid_acc': 1.0}
Epoch: 23	Batch time (2.052842)	Data time (0.087457)	Cuda time (0.000003)	Loss (58.794202)	Accuracy (0.934673)
EVALUATING
{'loss': 50.43100193023682, 'accuracy': 0.9439655822515488, 'perfect_match_accuracy': 0.001, 'cost_ratio_suggested_true': 2.262070128917694, 'below_10.0_percent_acc': 0.205, 'below_1.0_percent_acc': 0.029, 'below_0.1_percent_acc': 0.018, 'below_0.01_percent_acc': 0.018, 'below_0.001_percent_acc': 0.014, 'below_0.0001_percent_acc': 0.014, 'valid_acc': 1.0}
Epoch: 24	Batch time (2.038186)	Data time (0.089241)	Cuda time (0.000002)	Loss (58.450302)	Accuracy (0.935055)
EVALUATING
{'loss': 48.379001693725584, 'accuracy': 0.9462455850839615, 'perfect_match_accuracy': 0.002, 'cost_ratio_suggested_true': 2.1661272585391997, 'below_10.0_percent_acc': 0.23, 'below_1.0_percent_acc': 0.052, 'below_0.1_percent_acc': 0.032, 'below_0.01_percent_acc': 0.032, 'below_0.001_percent_acc': 0.026, 'below_0.0001_percent_acc': 0.026, 'valid_acc': 1.0}
Epoch: 25	Batch time (2.034901)	Data time (0.087129)	Cuda time (0.000002)	Loss (58.759102)	Accuracy (0.934712)
EVALUATING
{'loss': 48.77200065612793, 'accuracy': 0.9458089154958725, 'perfect_match_accuracy': 0.001, 'cost_ratio_suggested_true': 1.9699686348438263, 'below_10.0_percent_acc': 0.28, 'below_1.0_percent_acc': 0.081, 'below_0.1_percent_acc': 0.067, 'below_0.01_percent_acc': 0.067, 'below_0.001_percent_acc': 0.059, 'below_0.0001_percent_acc': 0.059, 'valid_acc': 1.0}
Epoch: 26	Batch time (2.036195)	Data time (0.088538)	Cuda time (0.000003)	Loss (59.210202)	Accuracy (0.934211)
EVALUATING
{'loss': 52.44800189971924, 'accuracy': 0.9417244702577591, 'perfect_match_accuracy': 0.002, 'cost_ratio_suggested_true': 2.747860240936279, 'below_10.0_percent_acc': 0.044, 'below_1.0_percent_acc': 0.005, 'below_0.1_percent_acc': 0.002, 'below_0.01_percent_acc': 0.002, 'below_0.001_percent_acc': 0.002, 'below_0.0001_percent_acc': 0.002, 'valid_acc': 1.0}
Epoch: 27	Batch time (1.927892)	Data time (0.075168)	Cuda time (0.000002)	Loss (60.939402)	Accuracy (0.932290)
EVALUATING
{'loss': 51.948002395629885, 'accuracy': 0.9422800236940384, 'perfect_match_accuracy': 0.001, 'cost_ratio_suggested_true': 2.6577406835556032, 'below_10.0_percent_acc': 0.07, 'below_1.0_percent_acc': 0.008, 'below_0.1_percent_acc': 0.005, 'below_0.01_percent_acc': 0.005, 'below_0.001_percent_acc': 0.004, 'below_0.0001_percent_acc': 0.004, 'valid_acc': 1.0}
Epoch: 28	Batch time (1.852641)	Data time (0.068140)	Cuda time (0.000002)	Loss (60.636102)	Accuracy (0.932627)
EVALUATING
{'loss': 52.16600154876709, 'accuracy': 0.9420378005504608, 'perfect_match_accuracy': 0.001, 'cost_ratio_suggested_true': 2.9700084686279298, 'below_10.0_percent_acc': 0.032, 'below_1.0_percent_acc': 0.006, 'below_0.1_percent_acc': 0.004, 'below_0.01_percent_acc': 0.004, 'below_0.001_percent_acc': 0.004, 'below_0.0001_percent_acc': 0.004, 'valid_acc': 1.0}
Epoch: 29	Batch time (1.860188)	Data time (0.067575)	Cuda time (0.000002)	Loss (61.127602)	Accuracy (0.932080)
EVALUATING
{'loss': 51.54800159454346, 'accuracy': 0.9427244746685028, 'perfect_match_accuracy': 0.0, 'cost_ratio_suggested_true': 2.2833758068084715, 'below_10.0_percent_acc': 0.151, 'below_1.0_percent_acc': 0.012, 'below_0.1_percent_acc': 0.005, 'below_0.01_percent_acc': 0.005, 'below_0.001_percent_acc': 0.003, 'below_0.0001_percent_acc': 0.003, 'valid_acc': 1.0}
Epoch: 30	Batch time (1.875368)	Data time (0.068258)	Cuda time (0.000002)	Loss (61.697402)	Accuracy (0.931447)
EVALUATING
{'loss': 51.665001983642576, 'accuracy': 0.9425944644212723, 'perfect_match_accuracy': 0.0, 'cost_ratio_suggested_true': 2.214167239665985, 'below_10.0_percent_acc': 0.173, 'below_1.0_percent_acc': 0.013, 'below_0.1_percent_acc': 0.008, 'below_0.01_percent_acc': 0.008, 'below_0.001_percent_acc': 0.007, 'below_0.0001_percent_acc': 0.007, 'valid_acc': 1.0}
Epoch: 31	Batch time (1.900108)	Data time (0.068503)	Cuda time (0.000002)	Loss (62.539703)	Accuracy (0.930511)
EVALUATING
{'loss': 51.42900218963623, 'accuracy': 0.9428566908836364, 'perfect_match_accuracy': 0.0, 'cost_ratio_suggested_true': 2.2168168222904203, 'below_10.0_percent_acc': 0.171, 'below_1.0_percent_acc': 0.014, 'below_0.1_percent_acc': 0.008, 'below_0.01_percent_acc': 0.008, 'below_0.001_percent_acc': 0.007, 'below_0.0001_percent_acc': 0.007, 'valid_acc': 1.0}
Epoch: 32	Batch time (1.895997)	Data time (0.069349)	Cuda time (0.000002)	Loss (62.217203)	Accuracy (0.930870)
EVALUATING
{'loss': 50.645001335144045, 'accuracy': 0.9437278032302856, 'perfect_match_accuracy': 0.0, 'cost_ratio_suggested_true': 2.1877628540992737, 'below_10.0_percent_acc': 0.183, 'below_1.0_percent_acc': 0.02, 'below_0.1_percent_acc': 0.013, 'below_0.01_percent_acc': 0.013, 'below_0.001_percent_acc': 0.01, 'below_0.0001_percent_acc': 0.01, 'valid_acc': 1.0}
Epoch: 33	Batch time (1.909214)	Data time (0.069254)	Cuda time (0.000002)	Loss (61.467102)	Accuracy (0.931703)
EVALUATING
{'loss': 49.82900203704834, 'accuracy': 0.9446344667673111, 'perfect_match_accuracy': 0.0, 'cost_ratio_suggested_true': 2.1369216537475584, 'below_10.0_percent_acc': 0.197, 'below_1.0_percent_acc': 0.023, 'below_0.1_percent_acc': 0.015, 'below_0.01_percent_acc': 0.015, 'below_0.001_percent_acc': 0.012, 'below_0.0001_percent_acc': 0.012, 'valid_acc': 1.0}
Epoch: 34	Batch time (1.889489)	Data time (0.068959)	Cuda time (0.000002)	Loss (60.756302)	Accuracy (0.932493)
EVALUATING
{'loss': 49.42000144958496, 'accuracy': 0.9450889134407043, 'perfect_match_accuracy': 0.0, 'cost_ratio_suggested_true': 2.1271131098270417, 'below_10.0_percent_acc': 0.211, 'below_1.0_percent_acc': 0.026, 'below_0.1_percent_acc': 0.018, 'below_0.01_percent_acc': 0.018, 'below_0.001_percent_acc': 0.015, 'below_0.0001_percent_acc': 0.015, 'valid_acc': 1.0}
Epoch: 35	Batch time (1.888497)	Data time (0.069090)	Cuda time (0.000002)	Loss (60.447302)	Accuracy (0.932836)
EVALUATING
{'loss': 49.05600177764892, 'accuracy': 0.9454933589696884, 'perfect_match_accuracy': 0.0, 'cost_ratio_suggested_true': 2.1012549948692323, 'below_10.0_percent_acc': 0.222, 'below_1.0_percent_acc': 0.029, 'below_0.1_percent_acc': 0.02, 'below_0.01_percent_acc': 0.02, 'below_0.001_percent_acc': 0.017, 'below_0.0001_percent_acc': 0.017, 'valid_acc': 1.0}
Epoch: 36	Batch time (1.889589)	Data time (0.069026)	Cuda time (0.000002)	Loss (60.080602)	Accuracy (0.933244)
EVALUATING
{'loss': 48.754001960754394, 'accuracy': 0.9458289170265197, 'perfect_match_accuracy': 0.0, 'cost_ratio_suggested_true': 2.0920604920387267, 'below_10.0_percent_acc': 0.223, 'below_1.0_percent_acc': 0.033, 'below_0.1_percent_acc': 0.021, 'below_0.01_percent_acc': 0.021, 'below_0.001_percent_acc': 0.018, 'below_0.0001_percent_acc': 0.018, 'valid_acc': 1.0}
Epoch: 37	Batch time (1.889293)	Data time (0.078075)	Cuda time (0.000002)	Loss (59.778802)	Accuracy (0.933579)
EVALUATING
{'loss': 48.13800128936768, 'accuracy': 0.9465133517980575, 'perfect_match_accuracy': 0.0, 'cost_ratio_suggested_true': 2.080664578676224, 'below_10.0_percent_acc': 0.224, 'below_1.0_percent_acc': 0.036, 'below_0.1_percent_acc': 0.022, 'below_0.01_percent_acc': 0.022, 'below_0.001_percent_acc': 0.02, 'below_0.0001_percent_acc': 0.02, 'valid_acc': 1.0}
Epoch: 38	Batch time (1.931604)	Data time (0.085221)	Cuda time (0.000002)	Loss (59.505902)	Accuracy (0.933882)
EVALUATING
{'loss': 48.17600196838379, 'accuracy': 0.9464711302518845, 'perfect_match_accuracy': 0.0, 'cost_ratio_suggested_true': 2.0754088449478147, 'below_10.0_percent_acc': 0.23, 'below_1.0_percent_acc': 0.038, 'below_0.1_percent_acc': 0.024, 'below_0.01_percent_acc': 0.024, 'below_0.001_percent_acc': 0.022, 'below_0.0001_percent_acc': 0.022, 'valid_acc': 1.0}
Epoch: 39	Batch time (1.899692)	Data time (0.084161)	Cuda time (0.000002)	Loss (59.636402)	Accuracy (0.933737)
EVALUATING
{'loss': 47.81800178527832, 'accuracy': 0.9468689155578613, 'perfect_match_accuracy': 0.0, 'cost_ratio_suggested_true': 2.073681926727295, 'below_10.0_percent_acc': 0.232, 'below_1.0_percent_acc': 0.035, 'below_0.1_percent_acc': 0.024, 'below_0.01_percent_acc': 0.024, 'below_0.001_percent_acc': 0.021, 'below_0.0001_percent_acc': 0.021, 'valid_acc': 1.0}
Epoch: 40	Batch time (1.900138)	Data time (0.084706)	Cuda time (0.000002)	Loss (59.188002)	Accuracy (0.934236)
EVALUATING
{'loss': 47.09100189208984, 'accuracy': 0.9476766937971115, 'perfect_match_accuracy': 0.0, 'cost_ratio_suggested_true': 2.049350348711014, 'below_10.0_percent_acc': 0.246, 'below_1.0_percent_acc': 0.042, 'below_0.1_percent_acc': 0.03, 'below_0.01_percent_acc': 0.03, 'below_0.001_percent_acc': 0.026, 'below_0.0001_percent_acc': 0.026, 'valid_acc': 1.0}
Epoch: 41	Batch time (1.901055)	Data time (0.084530)	Cuda time (0.000002)	Loss (58.989702)	Accuracy (0.934456)
EVALUATING
{'loss': 47.05600227355957, 'accuracy': 0.9477155792713166, 'perfect_match_accuracy': 0.0, 'cost_ratio_suggested_true': 2.053814653158188, 'below_10.0_percent_acc': 0.24, 'below_1.0_percent_acc': 0.041, 'below_0.1_percent_acc': 0.03, 'below_0.01_percent_acc': 0.03, 'below_0.001_percent_acc': 0.027, 'below_0.0001_percent_acc': 0.027, 'valid_acc': 1.0}
Epoch: 42	Batch time (1.887510)	Data time (0.084973)	Cuda time (0.000002)	Loss (58.963002)	Accuracy (0.934486)
EVALUATING
{'loss': 46.95100135803223, 'accuracy': 0.9478322464227676, 'perfect_match_accuracy': 0.001, 'cost_ratio_suggested_true': 2.056901353597641, 'below_10.0_percent_acc': 0.238, 'below_1.0_percent_acc': 0.048, 'below_0.1_percent_acc': 0.034, 'below_0.01_percent_acc': 0.034, 'below_0.001_percent_acc': 0.029, 'below_0.0001_percent_acc': 0.029, 'valid_acc': 1.0}
Epoch: 43	Batch time (1.883307)	Data time (0.084739)	Cuda time (0.000002)	Loss (58.977402)	Accuracy (0.934470)
EVALUATING
{'loss': 46.89900234222412, 'accuracy': 0.9478900241851806, 'perfect_match_accuracy': 0.002, 'cost_ratio_suggested_true': 2.0446325981616975, 'below_10.0_percent_acc': 0.242, 'below_1.0_percent_acc': 0.053, 'below_0.1_percent_acc': 0.039, 'below_0.01_percent_acc': 0.039, 'below_0.001_percent_acc': 0.033, 'below_0.0001_percent_acc': 0.033, 'valid_acc': 1.0}
Epoch: 44	Batch time (1.879207)	Data time (0.083566)	Cuda time (0.000002)	Loss (59.006302)	Accuracy (0.934437)
EVALUATING
{'loss': 46.84900093078613, 'accuracy': 0.9479455745220184, 'perfect_match_accuracy': 0.001, 'cost_ratio_suggested_true': 2.0412874281406403, 'below_10.0_percent_acc': 0.244, 'below_1.0_percent_acc': 0.052, 'below_0.1_percent_acc': 0.036, 'below_0.01_percent_acc': 0.036, 'below_0.001_percent_acc': 0.031, 'below_0.0001_percent_acc': 0.031, 'valid_acc': 1.0}
Epoch: 45	Batch time (1.883969)	Data time (0.083671)	Cuda time (0.000002)	Loss (58.785902)	Accuracy (0.934682)
EVALUATING
{'loss': 46.84100112915039, 'accuracy': 0.9479544711112976, 'perfect_match_accuracy': 0.001, 'cost_ratio_suggested_true': 2.035852699279785, 'below_10.0_percent_acc': 0.247, 'below_1.0_percent_acc': 0.052, 'below_0.1_percent_acc': 0.036, 'below_0.01_percent_acc': 0.036, 'below_0.001_percent_acc': 0.031, 'below_0.0001_percent_acc': 0.031, 'valid_acc': 1.0}
Epoch: 46	Batch time (1.880840)	Data time (0.083507)	Cuda time (0.000002)	Loss (58.923702)	Accuracy (0.934529)
EVALUATING
{'loss': 46.45300155639649, 'accuracy': 0.94838558614254, 'perfect_match_accuracy': 0.001, 'cost_ratio_suggested_true': 2.007861610651016, 'below_10.0_percent_acc': 0.257, 'below_1.0_percent_acc': 0.06, 'below_0.1_percent_acc': 0.044, 'below_0.01_percent_acc': 0.044, 'below_0.001_percent_acc': 0.035, 'below_0.0001_percent_acc': 0.035, 'valid_acc': 1.0}
Epoch: 47	Batch time (1.878754)	Data time (0.083269)	Cuda time (0.000002)	Loss (58.741202)	Accuracy (0.934732)
EVALUATING
{'loss': 46.46900207519531, 'accuracy': 0.9483678078651429, 'perfect_match_accuracy': 0.002, 'cost_ratio_suggested_true': 2.0099586129188536, 'below_10.0_percent_acc': 0.256, 'below_1.0_percent_acc': 0.059, 'below_0.1_percent_acc': 0.043, 'below_0.01_percent_acc': 0.043, 'below_0.001_percent_acc': 0.034, 'below_0.0001_percent_acc': 0.034, 'valid_acc': 1.0}
Epoch: 48	Batch time (1.878303)	Data time (0.083648)	Cuda time (0.000002)	Loss (58.659002)	Accuracy (0.934823)
EVALUATING
{'loss': 46.32800136566162, 'accuracy': 0.9485244768857956, 'perfect_match_accuracy': 0.001, 'cost_ratio_suggested_true': 2.0024005341529847, 'below_10.0_percent_acc': 0.259, 'below_1.0_percent_acc': 0.063, 'below_0.1_percent_acc': 0.046, 'below_0.01_percent_acc': 0.046, 'below_0.001_percent_acc': 0.036, 'below_0.0001_percent_acc': 0.036, 'valid_acc': 1.0}
Epoch: 49	Batch time (1.882526)	Data time (0.083605)	Cuda time (0.000002)	Loss (58.701802)	Accuracy (0.934776)
EVALUATING
{'loss': 46.30000186920166, 'accuracy': 0.9485555797815323, 'perfect_match_accuracy': 0.001, 'cost_ratio_suggested_true': 2.005159592628479, 'below_10.0_percent_acc': 0.258, 'below_1.0_percent_acc': 0.06, 'below_0.1_percent_acc': 0.044, 'below_0.01_percent_acc': 0.044, 'below_0.001_percent_acc': 0.035, 'below_0.0001_percent_acc': 0.035, 'valid_acc': 1.0}
Epoch: 50	Batch time (1.878811)	Data time (0.083299)	Cuda time (0.000002)	Loss (58.553002)	Accuracy (0.934941)
EVALUATING
{'loss': 46.0760018157959, 'accuracy': 0.9488044667243958, 'perfect_match_accuracy': 0.001, 'cost_ratio_suggested_true': 1.984840477705002, 'below_10.0_percent_acc': 0.263, 'below_1.0_percent_acc': 0.062, 'below_0.1_percent_acc': 0.046, 'below_0.01_percent_acc': 0.046, 'below_0.001_percent_acc': 0.036, 'below_0.0001_percent_acc': 0.036, 'valid_acc': 1.0}
