No existing entry for trainer_params.mode.type
{}[type] = <class 'int'>(5)
No existing entry for trainer_params.mode.objective_type
{'type': 5}[objective_type] = <class 'str'>(normal)
No existing entry for trainer_params.mode.use_marginal
{'type': 5, 'objective_type': 'normal'}[use_marginal] = <class 'bool'>(True)
No existing entry for trainer_params.mode.nb_samples
{'type': 5, 'objective_type': 'normal', 'use_marginal': True}[nb_samples] = <class 'int'>(1)
No existing entry for trainer_params.mode.temperature
{'type': 5, 'objective_type': 'normal', 'use_marginal': True, 'nb_samples': 1}[temperature] = <class 'float'>(0.2)
No existing entry for trainer_params.mode.use_gamma
{'type': 5, 'objective_type': 'normal', 'use_marginal': True, 'nb_samples': 1, 'temperature': 0.2}[use_gamma] = <class 'bool'>(False)
No existing entry for trainer_params.mode.loss_type
{'type': 5, 'objective_type': 'normal', 'use_marginal': True, 'nb_samples': 1, 'temperature': 0.2, 'use_gamma': False}[loss_type] = <class 'str'>(normal)
No existing entry for trainer_params.mode.perturb_w
{'type': 5, 'objective_type': 'normal', 'use_marginal': True, 'nb_samples': 1, 'temperature': 0.2, 'use_gamma': False, 'loss_type': 'normal'}[perturb_w] = <class 'bool'>(False)
No existing entry for trainer_params.mode.perturb_w_prime
{'type': 5, 'objective_type': 'normal', 'use_marginal': True, 'nb_samples': 1, 'temperature': 0.2, 'use_gamma': False, 'loss_type': 'normal', 'perturb_w': False}[perturb_w_prime] = <class 'bool'>(False)
{'batch_size': 70, 'l1_regconst': 0.0, 'lambda_val': 20.0, 'lr_milestone_1': 30, 'lr_milestone_2': 40, 'model_params': {'arch_params': {}, 'model_name': 'CombResnet18'}, 'neighbourhood_fn': '8-grid', 'optimizer_name': 'Adam', 'optimizer_params': {'lr': 0.0005}, 'preload_batch': True, 'use_cuda': True, 'use_lr_scheduling': True, 'mode': {'type': 5, 'objective_type': 'normal', 'use_marginal': True, 'nb_samples': 1, 'temperature': 0.2, 'use_gamma': False, 'loss_type': 'normal', 'perturb_w': False, 'perturb_w_prime': False}}[lambda_val] = <class 'float'>(0.0)
{'data_dir': 'data/warcraft_shortest_path/12x12', 'evaluate_with_extra': False, 'normalize': True, 'use_local_path': False, 'use_test_set': True}[data_dir] = <class 'str'>(data/warcraft_shortest_path/30x30)
{'evaluate_every': 5, 'loader_params': {'data_dir': 'data/warcraft_shortest_path/30x30', 'evaluate_with_extra': False, 'normalize': True, 'use_local_path': False, 'use_test_set': True}, 'model_dir': 'results/warcraft_shortest_path_combresnet', 'num_cpus': 40, 'num_epochs': 50, 'problem_type': 'warcraft_shortest_path', 'ray_params': {}, 'save_visualizations': False, 'seed': 1, 'trainer_name': 'DijkstraMAP', 'trainer_params': {'batch_size': 70, 'l1_regconst': 0.0, 'lambda_val': 0.0, 'lr_milestone_1': 30, 'lr_milestone_2': 40, 'model_params': {'arch_params': {}, 'model_name': 'CombResnet18'}, 'neighbourhood_fn': '8-grid', 'optimizer_name': 'Adam', 'optimizer_params': {'lr': 0.0005}, 'preload_batch': True, 'use_cuda': True, 'use_lr_scheduling': True, 'mode': {'type': 5, 'objective_type': 'normal', 'use_marginal': True, 'nb_samples': 1, 'temperature': 0.2, 'use_gamma': False, 'loss_type': 'normal', 'perturb_w': False, 'perturb_w_prime': False}}, 'use_ray': True}[seed] = <class 'int'>(2)
{'evaluate_every': 5, 'loader_params': {'data_dir': 'data/warcraft_shortest_path/30x30', 'evaluate_with_extra': False, 'normalize': True, 'use_local_path': False, 'use_test_set': True}, 'model_dir': 'results/warcraft_shortest_path_combresnet', 'num_cpus': 40, 'num_epochs': 50, 'problem_type': 'warcraft_shortest_path', 'ray_params': {}, 'save_visualizations': False, 'seed': 2, 'trainer_name': 'DijkstraMAP', 'trainer_params': {'batch_size': 70, 'l1_regconst': 0.0, 'lambda_val': 0.0, 'lr_milestone_1': 30, 'lr_milestone_2': 40, 'model_params': {'arch_params': {}, 'model_name': 'CombResnet18'}, 'neighbourhood_fn': '8-grid', 'optimizer_name': 'Adam', 'optimizer_params': {'lr': 0.0005}, 'preload_batch': True, 'use_cuda': True, 'use_lr_scheduling': True, 'mode': {'type': 5, 'objective_type': 'normal', 'use_marginal': True, 'nb_samples': 1, 'temperature': 0.2, 'use_gamma': False, 'loss_type': 'normal', 'perturb_w': False, 'perturb_w_prime': False}}, 'use_ray': True}[evaluate_every] = <class 'int'>(1)
{'evaluate_every': 1, 'loader_params': {'data_dir': 'data/warcraft_shortest_path/30x30', 'evaluate_with_extra': False, 'normalize': True, 'use_local_path': False, 'use_test_set': True}, 'model_dir': 'results/warcraft_shortest_path_combresnet', 'num_cpus': 40, 'num_epochs': 50, 'problem_type': 'warcraft_shortest_path', 'ray_params': {}, 'save_visualizations': False, 'seed': 2, 'trainer_name': 'DijkstraMAP', 'trainer_params': {'batch_size': 70, 'l1_regconst': 0.0, 'lambda_val': 0.0, 'lr_milestone_1': 30, 'lr_milestone_2': 40, 'model_params': {'arch_params': {}, 'model_name': 'CombResnet18'}, 'neighbourhood_fn': '8-grid', 'optimizer_name': 'Adam', 'optimizer_params': {'lr': 0.0005}, 'preload_batch': True, 'use_cuda': True, 'use_lr_scheduling': True, 'mode': {'type': 5, 'objective_type': 'normal', 'use_marginal': True, 'nb_samples': 1, 'temperature': 0.2, 'use_gamma': False, 'loss_type': 'normal', 'perturb_w': False, 'perturb_w_prime': False}}, 'use_ray': True}[use_ray] = <class 'bool'>(False)
No existing entry for trainer_params.mode.type
{}[type] = <class 'int'>(5)
No existing entry for trainer_params.mode.objective_type
{'type': 5}[objective_type] = <class 'str'>(normal)
No existing entry for trainer_params.mode.use_marginal
{'type': 5, 'objective_type': 'normal'}[use_marginal] = <class 'bool'>(True)
No existing entry for trainer_params.mode.nb_samples
{'type': 5, 'objective_type': 'normal', 'use_marginal': True}[nb_samples] = <class 'int'>(1)
No existing entry for trainer_params.mode.temperature
{'type': 5, 'objective_type': 'normal', 'use_marginal': True, 'nb_samples': 1}[temperature] = <class 'float'>(0.2)
No existing entry for trainer_params.mode.use_gamma
{'type': 5, 'objective_type': 'normal', 'use_marginal': True, 'nb_samples': 1, 'temperature': 0.2}[use_gamma] = <class 'bool'>(False)
No existing entry for trainer_params.mode.loss_type
{'type': 5, 'objective_type': 'normal', 'use_marginal': True, 'nb_samples': 1, 'temperature': 0.2, 'use_gamma': False}[loss_type] = <class 'str'>(normal)
No existing entry for trainer_params.mode.perturb_w
{'type': 5, 'objective_type': 'normal', 'use_marginal': True, 'nb_samples': 1, 'temperature': 0.2, 'use_gamma': False, 'loss_type': 'normal'}[perturb_w] = <class 'bool'>(False)
No existing entry for trainer_params.mode.perturb_w_prime
{'type': 5, 'objective_type': 'normal', 'use_marginal': True, 'nb_samples': 1, 'temperature': 0.2, 'use_gamma': False, 'loss_type': 'normal', 'perturb_w': False}[perturb_w_prime] = <class 'bool'>(False)
{'batch_size': 70, 'l1_regconst': 0.0, 'lambda_val': 20.0, 'lr_milestone_1': 30, 'lr_milestone_2': 40, 'model_params': {'arch_params': {}, 'model_name': 'CombResnet18'}, 'neighbourhood_fn': '8-grid', 'optimizer_name': 'Adam', 'optimizer_params': {'lr': 0.0005}, 'preload_batch': True, 'use_cuda': True, 'use_lr_scheduling': True, 'mode': {'type': 5, 'objective_type': 'normal', 'use_marginal': True, 'nb_samples': 1, 'temperature': 0.2, 'use_gamma': False, 'loss_type': 'normal', 'perturb_w': False, 'perturb_w_prime': False}}[lambda_val] = <class 'float'>(0.0)
{'data_dir': 'data/warcraft_shortest_path/12x12', 'evaluate_with_extra': False, 'normalize': True, 'use_local_path': False, 'use_test_set': True}[data_dir] = <class 'str'>(data/warcraft_shortest_path/30x30)
{'evaluate_every': 5, 'loader_params': {'data_dir': 'data/warcraft_shortest_path/30x30', 'evaluate_with_extra': False, 'normalize': True, 'use_local_path': False, 'use_test_set': True}, 'model_dir': 'results/warcraft_shortest_path_combresnet', 'num_cpus': 40, 'num_epochs': 50, 'problem_type': 'warcraft_shortest_path', 'ray_params': {}, 'save_visualizations': False, 'seed': 1, 'trainer_name': 'DijkstraMAP', 'trainer_params': {'batch_size': 70, 'l1_regconst': 0.0, 'lambda_val': 0.0, 'lr_milestone_1': 30, 'lr_milestone_2': 40, 'model_params': {'arch_params': {}, 'model_name': 'CombResnet18'}, 'neighbourhood_fn': '8-grid', 'optimizer_name': 'Adam', 'optimizer_params': {'lr': 0.0005}, 'preload_batch': True, 'use_cuda': True, 'use_lr_scheduling': True, 'mode': {'type': 5, 'objective_type': 'normal', 'use_marginal': True, 'nb_samples': 1, 'temperature': 0.2, 'use_gamma': False, 'loss_type': 'normal', 'perturb_w': False, 'perturb_w_prime': False}}, 'use_ray': True}[seed] = <class 'int'>(2)
{'evaluate_every': 5, 'loader_params': {'data_dir': 'data/warcraft_shortest_path/30x30', 'evaluate_with_extra': False, 'normalize': True, 'use_local_path': False, 'use_test_set': True}, 'model_dir': 'results/warcraft_shortest_path_combresnet', 'num_cpus': 40, 'num_epochs': 50, 'problem_type': 'warcraft_shortest_path', 'ray_params': {}, 'save_visualizations': False, 'seed': 2, 'trainer_name': 'DijkstraMAP', 'trainer_params': {'batch_size': 70, 'l1_regconst': 0.0, 'lambda_val': 0.0, 'lr_milestone_1': 30, 'lr_milestone_2': 40, 'model_params': {'arch_params': {}, 'model_name': 'CombResnet18'}, 'neighbourhood_fn': '8-grid', 'optimizer_name': 'Adam', 'optimizer_params': {'lr': 0.0005}, 'preload_batch': True, 'use_cuda': True, 'use_lr_scheduling': True, 'mode': {'type': 5, 'objective_type': 'normal', 'use_marginal': True, 'nb_samples': 1, 'temperature': 0.2, 'use_gamma': False, 'loss_type': 'normal', 'perturb_w': False, 'perturb_w_prime': False}}, 'use_ray': True}[evaluate_every] = <class 'int'>(1)
{'evaluate_every': 1, 'loader_params': {'data_dir': 'data/warcraft_shortest_path/30x30', 'evaluate_with_extra': False, 'normalize': True, 'use_local_path': False, 'use_test_set': True}, 'model_dir': 'results/warcraft_shortest_path_combresnet', 'num_cpus': 40, 'num_epochs': 50, 'problem_type': 'warcraft_shortest_path', 'ray_params': {}, 'save_visualizations': False, 'seed': 2, 'trainer_name': 'DijkstraMAP', 'trainer_params': {'batch_size': 70, 'l1_regconst': 0.0, 'lambda_val': 0.0, 'lr_milestone_1': 30, 'lr_milestone_2': 40, 'model_params': {'arch_params': {}, 'model_name': 'CombResnet18'}, 'neighbourhood_fn': '8-grid', 'optimizer_name': 'Adam', 'optimizer_params': {'lr': 0.0005}, 'preload_batch': True, 'use_cuda': True, 'use_lr_scheduling': True, 'mode': {'type': 5, 'objective_type': 'normal', 'use_marginal': True, 'nb_samples': 1, 'temperature': 0.2, 'use_gamma': False, 'loss_type': 'normal', 'perturb_w': False, 'perturb_w_prime': False}}, 'use_ray': True}[use_ray] = <class 'bool'>(False)
{
    "evaluate_every": 1,
    "loader_params": {
        "data_dir": "data/warcraft_shortest_path/30x30",
        "evaluate_with_extra": false,
        "normalize": true,
        "use_local_path": false,
        "use_test_set": true
    },
    "model_dir": "results/warcraft_shortest_path_combresnet",
    "num_cpus": 40,
    "num_epochs": 50,
    "problem_type": "warcraft_shortest_path",
    "ray_params": {},
    "save_visualizations": false,
    "seed": 2,
    "trainer_name": "DijkstraMAP",
    "trainer_params": {
        "batch_size": 70,
        "l1_regconst": 0.0,
        "lambda_val": 0.0,
        "lr_milestone_1": 30,
        "lr_milestone_2": 40,
        "mode": {
            "loss_type": "normal",
            "nb_samples": 1,
            "objective_type": "normal",
            "perturb_w": false,
            "perturb_w_prime": false,
            "temperature": 0.2,
            "type": 5,
            "use_gamma": false,
            "use_marginal": true
        },
        "model_params": {
            "arch_params": {},
            "model_name": "CombResnet18"
        },
        "neighbourhood_fn": "8-grid",
        "optimizer_name": "Adam",
        "optimizer_params": {
            "lr": 0.0005
        },
        "preload_batch": true,
        "use_cuda": true,
        "use_lr_scheduling": true
    },
    "use_ray": false
}
MAP-BACKPROP MODE: {
    "loss_type": "normal",
    "nb_samples": 1,
    "objective_type": "normal",
    "perturb_w": false,
    "perturb_w_prime": false,
    "temperature": 0.2,
    "type": 5,
    "use_gamma": false,
    "use_marginal": true
}
True
META: {'input_image_size': 240, 'output_features': 900, 'num_channels': 3, 'denormalize': <maprop.decorators.input_to_numpy object at 0x2b4330faac88>}
EVALUATING
{'loss': 54.06100116729736, 'accuracy': 0.9399322521686554, 'perfect_match_accuracy': 0.001, 'cost_ratio_suggested_true': 2.430697991847992, 'below_10.0_percent_acc': 0.125, 'below_1.0_percent_acc': 0.009, 'below_0.1_percent_acc': 0.009, 'below_0.01_percent_acc': 0.009, 'below_0.001_percent_acc': 0.008, 'below_0.0001_percent_acc': 0.008, 'valid_acc': 1.0}
Epoch: 1	Batch time (3.016977)	Data time (0.087025)	Cuda time (0.000003)	Loss (67.418502)	Accuracy (0.925091)
EVALUATING
{'loss': 66.21800094604492, 'accuracy': 0.9264244699478149, 'perfect_match_accuracy': 0.001, 'cost_ratio_suggested_true': 2.4138646006584166, 'below_10.0_percent_acc': 0.124, 'below_1.0_percent_acc': 0.003, 'below_0.1_percent_acc': 0.001, 'below_0.01_percent_acc': 0.001, 'below_0.001_percent_acc': 0.001, 'below_0.0001_percent_acc': 0.001, 'valid_acc': 1.0}
Epoch: 2	Batch time (3.054578)	Data time (0.077174)	Cuda time (0.000003)	Loss (65.317902)	Accuracy (0.927425)
EVALUATING
{'loss': 60.060001907348635, 'accuracy': 0.9332666963338851, 'perfect_match_accuracy': 0.0, 'cost_ratio_suggested_true': 2.1446481382846834, 'below_10.0_percent_acc': 0.106, 'below_1.0_percent_acc': 0.002, 'below_0.1_percent_acc': 0.0, 'below_0.01_percent_acc': 0.0, 'below_0.001_percent_acc': 0.0, 'below_0.0001_percent_acc': 0.0, 'valid_acc': 1.0}
Epoch: 3	Batch time (3.188367)	Data time (0.077193)	Cuda time (0.000003)	Loss (62.502802)	Accuracy (0.930552)
EVALUATING
{'loss': 59.194002075195314, 'accuracy': 0.9342289131879806, 'perfect_match_accuracy': 0.001, 'cost_ratio_suggested_true': 1.7992373526096344, 'below_10.0_percent_acc': 0.24, 'below_1.0_percent_acc': 0.007, 'below_0.1_percent_acc': 0.004, 'below_0.01_percent_acc': 0.004, 'below_0.001_percent_acc': 0.004, 'below_0.0001_percent_acc': 0.004, 'valid_acc': 1.0}
Epoch: 4	Batch time (3.295052)	Data time (0.081081)	Cuda time (0.000003)	Loss (63.124302)	Accuracy (0.929862)
EVALUATING
{'loss': 57.6750016784668, 'accuracy': 0.9359166973829269, 'perfect_match_accuracy': 0.0, 'cost_ratio_suggested_true': 1.703174055814743, 'below_10.0_percent_acc': 0.191, 'below_1.0_percent_acc': 0.004, 'below_0.1_percent_acc': 0.001, 'below_0.01_percent_acc': 0.001, 'below_0.001_percent_acc': 0.0, 'below_0.0001_percent_acc': 0.0, 'valid_acc': 1.0}
Epoch: 5	Batch time (3.017386)	Data time (0.075345)	Cuda time (0.000003)	Loss (60.641202)	Accuracy (0.932621)
EVALUATING
{'loss': 55.72700157165527, 'accuracy': 0.9380811417102813, 'perfect_match_accuracy': 0.001, 'cost_ratio_suggested_true': 3.2141547298431394, 'below_10.0_percent_acc': 0.054, 'below_1.0_percent_acc': 0.005, 'below_0.1_percent_acc': 0.004, 'below_0.01_percent_acc': 0.004, 'below_0.001_percent_acc': 0.004, 'below_0.0001_percent_acc': 0.004, 'valid_acc': 1.0}
Epoch: 6	Batch time (2.526545)	Data time (0.078111)	Cuda time (0.000003)	Loss (60.096302)	Accuracy (0.933226)
EVALUATING
{'loss': 56.15800243377686, 'accuracy': 0.9376022410392761, 'perfect_match_accuracy': 0.001, 'cost_ratio_suggested_true': 1.8640732753276825, 'below_10.0_percent_acc': 0.212, 'below_1.0_percent_acc': 0.006, 'below_0.1_percent_acc': 0.004, 'below_0.01_percent_acc': 0.004, 'below_0.001_percent_acc': 0.003, 'below_0.0001_percent_acc': 0.003, 'valid_acc': 1.0}
Epoch: 7	Batch time (2.707011)	Data time (0.067172)	Cuda time (0.000003)	Loss (60.705902)	Accuracy (0.932549)
EVALUATING
{'loss': 56.52500190734863, 'accuracy': 0.9371944671869278, 'perfect_match_accuracy': 0.0, 'cost_ratio_suggested_true': 3.190133483409882, 'below_10.0_percent_acc': 0.014, 'below_1.0_percent_acc': 0.0, 'below_0.1_percent_acc': 0.0, 'below_0.01_percent_acc': 0.0, 'below_0.001_percent_acc': 0.0, 'below_0.0001_percent_acc': 0.0, 'valid_acc': 1.0}
Epoch: 8	Batch time (2.818543)	Data time (0.080867)	Cuda time (0.000002)	Loss (61.195402)	Accuracy (0.932005)
EVALUATING
{'loss': 58.849001502990724, 'accuracy': 0.9346122407913208, 'perfect_match_accuracy': 0.0, 'cost_ratio_suggested_true': 2.16458336353302, 'below_10.0_percent_acc': 0.132, 'below_1.0_percent_acc': 0.006, 'below_0.1_percent_acc': 0.002, 'below_0.01_percent_acc': 0.002, 'below_0.001_percent_acc': 0.001, 'below_0.0001_percent_acc': 0.001, 'valid_acc': 1.0}
Epoch: 9	Batch time (2.921685)	Data time (0.082732)	Cuda time (0.000002)	Loss (60.213802)	Accuracy (0.933096)
EVALUATING
{'loss': 54.7710018157959, 'accuracy': 0.9391433537006378, 'perfect_match_accuracy': 0.001, 'cost_ratio_suggested_true': 2.0610545694828035, 'below_10.0_percent_acc': 0.271, 'below_1.0_percent_acc': 0.024, 'below_0.1_percent_acc': 0.012, 'below_0.01_percent_acc': 0.012, 'below_0.001_percent_acc': 0.009, 'below_0.0001_percent_acc': 0.009, 'valid_acc': 1.0}
Epoch: 10	Batch time (2.819975)	Data time (0.080347)	Cuda time (0.000003)	Loss (59.144701)	Accuracy (0.934284)
EVALUATING
{'loss': 52.862002029418946, 'accuracy': 0.9412644797563553, 'perfect_match_accuracy': 0.001, 'cost_ratio_suggested_true': 2.0730126094818115, 'below_10.0_percent_acc': 0.313, 'below_1.0_percent_acc': 0.052, 'below_0.1_percent_acc': 0.036, 'below_0.01_percent_acc': 0.036, 'below_0.001_percent_acc': 0.03, 'below_0.0001_percent_acc': 0.03, 'valid_acc': 1.0}
Epoch: 11	Batch time (2.816024)	Data time (0.079358)	Cuda time (0.000002)	Loss (59.075902)	Accuracy (0.934360)
EVALUATING
{'loss': 55.54100128173828, 'accuracy': 0.938287798166275, 'perfect_match_accuracy': 0.001, 'cost_ratio_suggested_true': 1.6983615779876708, 'below_10.0_percent_acc': 0.373, 'below_1.0_percent_acc': 0.035, 'below_0.1_percent_acc': 0.018, 'below_0.01_percent_acc': 0.018, 'below_0.001_percent_acc': 0.016, 'below_0.0001_percent_acc': 0.016, 'valid_acc': 1.0}
Epoch: 12	Batch time (2.752594)	Data time (0.078822)	Cuda time (0.000003)	Loss (59.477202)	Accuracy (0.933914)
EVALUATING
{'loss': 54.85500240325928, 'accuracy': 0.9390500152111053, 'perfect_match_accuracy': 0.001, 'cost_ratio_suggested_true': 1.9061512160301208, 'below_10.0_percent_acc': 0.258, 'below_1.0_percent_acc': 0.051, 'below_0.1_percent_acc': 0.033, 'below_0.01_percent_acc': 0.033, 'below_0.001_percent_acc': 0.03, 'below_0.0001_percent_acc': 0.03, 'valid_acc': 1.0}
Epoch: 13	Batch time (2.472184)	Data time (0.077124)	Cuda time (0.000003)	Loss (58.698502)	Accuracy (0.934779)
EVALUATING
{'loss': 52.98400100708008, 'accuracy': 0.9411289167404174, 'perfect_match_accuracy': 0.001, 'cost_ratio_suggested_true': 1.7913464784622193, 'below_10.0_percent_acc': 0.328, 'below_1.0_percent_acc': 0.071, 'below_0.1_percent_acc': 0.047, 'below_0.01_percent_acc': 0.047, 'below_0.001_percent_acc': 0.042, 'below_0.0001_percent_acc': 0.042, 'valid_acc': 1.0}
Epoch: 14	Batch time (2.799429)	Data time (0.078274)	Cuda time (0.000003)	Loss (59.272602)	Accuracy (0.934142)
EVALUATING
{'loss': 54.91900245666504, 'accuracy': 0.9389789080619813, 'perfect_match_accuracy': 0.001, 'cost_ratio_suggested_true': 2.064524554014206, 'below_10.0_percent_acc': 0.192, 'below_1.0_percent_acc': 0.036, 'below_0.1_percent_acc': 0.027, 'below_0.01_percent_acc': 0.027, 'below_0.001_percent_acc': 0.024, 'below_0.0001_percent_acc': 0.024, 'valid_acc': 1.0}
Epoch: 15	Batch time (2.781078)	Data time (0.077694)	Cuda time (0.000003)	Loss (61.167202)	Accuracy (0.932036)
EVALUATING
{'loss': 56.611002922058105, 'accuracy': 0.9370989161729812, 'perfect_match_accuracy': 0.001, 'cost_ratio_suggested_true': 2.295642013549805, 'below_10.0_percent_acc': 0.12, 'below_1.0_percent_acc': 0.014, 'below_0.1_percent_acc': 0.009, 'below_0.01_percent_acc': 0.009, 'below_0.001_percent_acc': 0.008, 'below_0.0001_percent_acc': 0.008, 'valid_acc': 1.0}
Epoch: 16	Batch time (2.822666)	Data time (0.079156)	Cuda time (0.000003)	Loss (59.593902)	Accuracy (0.933785)
EVALUATING
{'loss': 52.6510022354126, 'accuracy': 0.9414989173412323, 'perfect_match_accuracy': 0.002, 'cost_ratio_suggested_true': 1.720914204120636, 'below_10.0_percent_acc': 0.348, 'below_1.0_percent_acc': 0.046, 'below_0.1_percent_acc': 0.026, 'below_0.01_percent_acc': 0.026, 'below_0.001_percent_acc': 0.023, 'below_0.0001_percent_acc': 0.023, 'valid_acc': 1.0}
Epoch: 17	Batch time (2.948177)	Data time (0.078062)	Cuda time (0.000003)	Loss (59.849702)	Accuracy (0.933500)
EVALUATING
{'loss': 47.20500186920166, 'accuracy': 0.9475500279664993, 'perfect_match_accuracy': 0.002, 'cost_ratio_suggested_true': 1.7908241379261016, 'below_10.0_percent_acc': 0.286, 'below_1.0_percent_acc': 0.027, 'below_0.1_percent_acc': 0.013, 'below_0.01_percent_acc': 0.013, 'below_0.001_percent_acc': 0.012, 'below_0.0001_percent_acc': 0.012, 'valid_acc': 1.0}
Epoch: 18	Batch time (2.834086)	Data time (0.079520)	Cuda time (0.000003)	Loss (59.239602)	Accuracy (0.934178)
EVALUATING
{'loss': 56.51000247955322, 'accuracy': 0.9372111350297928, 'perfect_match_accuracy': 0.001, 'cost_ratio_suggested_true': 1.914200211763382, 'below_10.0_percent_acc': 0.27, 'below_1.0_percent_acc': 0.038, 'below_0.1_percent_acc': 0.022, 'below_0.01_percent_acc': 0.022, 'below_0.001_percent_acc': 0.021, 'below_0.0001_percent_acc': 0.021, 'valid_acc': 1.0}
Epoch: 19	Batch time (2.841116)	Data time (0.078151)	Cuda time (0.000003)	Loss (60.033702)	Accuracy (0.933296)
EVALUATING
{'loss': 48.906002311706544, 'accuracy': 0.9456600254774093, 'perfect_match_accuracy': 0.001, 'cost_ratio_suggested_true': 1.5269430577754974, 'below_10.0_percent_acc': 0.524, 'below_1.0_percent_acc': 0.064, 'below_0.1_percent_acc': 0.041, 'below_0.01_percent_acc': 0.041, 'below_0.001_percent_acc': 0.038, 'below_0.0001_percent_acc': 0.037, 'valid_acc': 1.0}
Epoch: 20	Batch time (2.633706)	Data time (0.077025)	Cuda time (0.000003)	Loss (57.473102)	Accuracy (0.936141)
EVALUATING
{'loss': 47.53600112915039, 'accuracy': 0.9471822464466095, 'perfect_match_accuracy': 0.001, 'cost_ratio_suggested_true': 1.6870703959465028, 'below_10.0_percent_acc': 0.339, 'below_1.0_percent_acc': 0.02, 'below_0.1_percent_acc': 0.007, 'below_0.01_percent_acc': 0.007, 'below_0.001_percent_acc': 0.006, 'below_0.0001_percent_acc': 0.005, 'valid_acc': 1.0}
Epoch: 21	Batch time (2.754673)	Data time (0.077719)	Cuda time (0.000003)	Loss (59.730502)	Accuracy (0.933633)
EVALUATING
{'loss': 52.078001480102536, 'accuracy': 0.9421355789899826, 'perfect_match_accuracy': 0.0, 'cost_ratio_suggested_true': 1.708380880355835, 'below_10.0_percent_acc': 0.293, 'below_1.0_percent_acc': 0.007, 'below_0.1_percent_acc': 0.004, 'below_0.01_percent_acc': 0.004, 'below_0.001_percent_acc': 0.004, 'below_0.0001_percent_acc': 0.003, 'valid_acc': 1.0}
Epoch: 22	Batch time (2.820466)	Data time (0.079341)	Cuda time (0.000003)	Loss (59.293802)	Accuracy (0.934118)
EVALUATING
{'loss': 49.229001159667966, 'accuracy': 0.9453011345863342, 'perfect_match_accuracy': 0.0, 'cost_ratio_suggested_true': 1.7917418766021729, 'below_10.0_percent_acc': 0.279, 'below_1.0_percent_acc': 0.015, 'below_0.1_percent_acc': 0.008, 'below_0.01_percent_acc': 0.008, 'below_0.001_percent_acc': 0.007, 'below_0.0001_percent_acc': 0.006, 'valid_acc': 1.0}
Epoch: 23	Batch time (2.754473)	Data time (0.084461)	Cuda time (0.000003)	Loss (57.814802)	Accuracy (0.935761)
EVALUATING
{'loss': 52.484001350402835, 'accuracy': 0.9416844689846039, 'perfect_match_accuracy': 0.001, 'cost_ratio_suggested_true': 1.6596674478054048, 'below_10.0_percent_acc': 0.384, 'below_1.0_percent_acc': 0.039, 'below_0.1_percent_acc': 0.021, 'below_0.01_percent_acc': 0.021, 'below_0.001_percent_acc': 0.019, 'below_0.0001_percent_acc': 0.018, 'valid_acc': 1.0}
Epoch: 24	Batch time (2.726001)	Data time (0.083690)	Cuda time (0.000003)	Loss (56.497002)	Accuracy (0.937226)
EVALUATING
{'loss': 44.111000595092776, 'accuracy': 0.9509878033399581, 'perfect_match_accuracy': 0.006, 'cost_ratio_suggested_true': 1.6220496273040772, 'below_10.0_percent_acc': 0.464, 'below_1.0_percent_acc': 0.089, 'below_0.1_percent_acc': 0.049, 'below_0.01_percent_acc': 0.049, 'below_0.001_percent_acc': 0.044, 'below_0.0001_percent_acc': 0.044, 'valid_acc': 1.0}
Epoch: 25	Batch time (2.746186)	Data time (0.084364)	Cuda time (0.000002)	Loss (54.218202)	Accuracy (0.939758)
EVALUATING
{'loss': 43.116001472473144, 'accuracy': 0.9520933640003204, 'perfect_match_accuracy': 0.006, 'cost_ratio_suggested_true': 1.7350152695178986, 'below_10.0_percent_acc': 0.372, 'below_1.0_percent_acc': 0.09, 'below_0.1_percent_acc': 0.06, 'below_0.01_percent_acc': 0.06, 'below_0.001_percent_acc': 0.055, 'below_0.0001_percent_acc': 0.055, 'valid_acc': 1.0}
Epoch: 26	Batch time (2.665621)	Data time (0.084188)	Cuda time (0.000003)	Loss (53.311202)	Accuracy (0.940765)
EVALUATING
{'loss': 40.51300075531006, 'accuracy': 0.9549855899810791, 'perfect_match_accuracy': 0.007, 'cost_ratio_suggested_true': 1.574684761762619, 'below_10.0_percent_acc': 0.453, 'below_1.0_percent_acc': 0.071, 'below_0.1_percent_acc': 0.039, 'below_0.01_percent_acc': 0.039, 'below_0.001_percent_acc': 0.035, 'below_0.0001_percent_acc': 0.035, 'valid_acc': 1.0}
Epoch: 27	Batch time (2.757780)	Data time (0.083804)	Cuda time (0.000002)	Loss (54.007102)	Accuracy (0.939992)
EVALUATING
{'loss': 43.505001831054685, 'accuracy': 0.9516611385345459, 'perfect_match_accuracy': 0.005, 'cost_ratio_suggested_true': 1.6393796265125276, 'below_10.0_percent_acc': 0.404, 'below_1.0_percent_acc': 0.053, 'below_0.1_percent_acc': 0.029, 'below_0.01_percent_acc': 0.029, 'below_0.001_percent_acc': 0.027, 'below_0.0001_percent_acc': 0.026, 'valid_acc': 1.0}
Epoch: 28	Batch time (2.416585)	Data time (0.074810)	Cuda time (0.000003)	Loss (54.235302)	Accuracy (0.939739)
EVALUATING
{'loss': 43.57800159454346, 'accuracy': 0.9515800231695175, 'perfect_match_accuracy': 0.002, 'cost_ratio_suggested_true': 1.66199516415596, 'below_10.0_percent_acc': 0.387, 'below_1.0_percent_acc': 0.105, 'below_0.1_percent_acc': 0.069, 'below_0.01_percent_acc': 0.069, 'below_0.001_percent_acc': 0.063, 'below_0.0001_percent_acc': 0.062, 'valid_acc': 1.0}
Epoch: 29	Batch time (2.138405)	Data time (0.055636)	Cuda time (0.000003)	Loss (54.302702)	Accuracy (0.939664)
EVALUATING
{'loss': 43.36200138092041, 'accuracy': 0.9518200230598449, 'perfect_match_accuracy': 0.003, 'cost_ratio_suggested_true': 1.6988462328910827, 'below_10.0_percent_acc': 0.357, 'below_1.0_percent_acc': 0.098, 'below_0.1_percent_acc': 0.071, 'below_0.01_percent_acc': 0.07, 'below_0.001_percent_acc': 0.065, 'below_0.0001_percent_acc': 0.064, 'valid_acc': 1.0}
Epoch: 30	Batch time (2.144545)	Data time (0.055970)	Cuda time (0.000002)	Loss (55.864402)	Accuracy (0.937928)
EVALUATING
{'loss': 45.75200134277344, 'accuracy': 0.9491644757986069, 'perfect_match_accuracy': 0.002, 'cost_ratio_suggested_true': 1.6018648314476014, 'below_10.0_percent_acc': 0.411, 'below_1.0_percent_acc': 0.124, 'below_0.1_percent_acc': 0.079, 'below_0.01_percent_acc': 0.079, 'below_0.001_percent_acc': 0.075, 'below_0.0001_percent_acc': 0.074, 'valid_acc': 1.0}
Epoch: 31	Batch time (2.184994)	Data time (0.057012)	Cuda time (0.000002)	Loss (56.503902)	Accuracy (0.937218)
EVALUATING
{'loss': 44.114001502990725, 'accuracy': 0.9509844648838043, 'perfect_match_accuracy': 0.002, 'cost_ratio_suggested_true': 1.6021750032901765, 'below_10.0_percent_acc': 0.408, 'below_1.0_percent_acc': 0.125, 'below_0.1_percent_acc': 0.082, 'below_0.01_percent_acc': 0.082, 'below_0.001_percent_acc': 0.076, 'below_0.0001_percent_acc': 0.075, 'valid_acc': 1.0}
Epoch: 32	Batch time (2.184483)	Data time (0.058558)	Cuda time (0.000003)	Loss (55.629402)	Accuracy (0.938190)
EVALUATING
{'loss': 41.95900135040283, 'accuracy': 0.9533789032697677, 'perfect_match_accuracy': 0.005, 'cost_ratio_suggested_true': 1.5801926922798157, 'below_10.0_percent_acc': 0.439, 'below_1.0_percent_acc': 0.131, 'below_0.1_percent_acc': 0.084, 'below_0.01_percent_acc': 0.084, 'below_0.001_percent_acc': 0.077, 'below_0.0001_percent_acc': 0.076, 'valid_acc': 1.0}
Epoch: 33	Batch time (2.209807)	Data time (0.057569)	Cuda time (0.000003)	Loss (54.705602)	Accuracy (0.939216)
EVALUATING
{'loss': 40.806001625061036, 'accuracy': 0.954660022854805, 'perfect_match_accuracy': 0.006, 'cost_ratio_suggested_true': 1.5814568161964417, 'below_10.0_percent_acc': 0.444, 'below_1.0_percent_acc': 0.123, 'below_0.1_percent_acc': 0.073, 'below_0.01_percent_acc': 0.073, 'below_0.001_percent_acc': 0.067, 'below_0.0001_percent_acc': 0.066, 'valid_acc': 1.0}
Epoch: 34	Batch time (2.185715)	Data time (0.056412)	Cuda time (0.000002)	Loss (54.226002)	Accuracy (0.939749)
EVALUATING
{'loss': 40.35300109863281, 'accuracy': 0.9551633560657501, 'perfect_match_accuracy': 0.006, 'cost_ratio_suggested_true': 1.5705431199073792, 'below_10.0_percent_acc': 0.452, 'below_1.0_percent_acc': 0.126, 'below_0.1_percent_acc': 0.075, 'below_0.01_percent_acc': 0.075, 'below_0.001_percent_acc': 0.07, 'below_0.0001_percent_acc': 0.069, 'valid_acc': 1.0}
Epoch: 35	Batch time (2.171352)	Data time (0.056177)	Cuda time (0.000002)	Loss (53.710102)	Accuracy (0.940322)
EVALUATING
{'loss': 39.95700187683106, 'accuracy': 0.9556033498048783, 'perfect_match_accuracy': 0.007, 'cost_ratio_suggested_true': 1.5746782088279725, 'below_10.0_percent_acc': 0.441, 'below_1.0_percent_acc': 0.128, 'below_0.1_percent_acc': 0.076, 'below_0.01_percent_acc': 0.076, 'below_0.001_percent_acc': 0.07, 'below_0.0001_percent_acc': 0.069, 'valid_acc': 1.0}
Epoch: 36	Batch time (2.151585)	Data time (0.055460)	Cuda time (0.000003)	Loss (54.120202)	Accuracy (0.939866)
EVALUATING
{'loss': 40.233001136779784, 'accuracy': 0.9552966946363449, 'perfect_match_accuracy': 0.006, 'cost_ratio_suggested_true': 1.5749161541461945, 'below_10.0_percent_acc': 0.445, 'below_1.0_percent_acc': 0.13, 'below_0.1_percent_acc': 0.077, 'below_0.01_percent_acc': 0.077, 'below_0.001_percent_acc': 0.069, 'below_0.0001_percent_acc': 0.068, 'valid_acc': 1.0}
Epoch: 37	Batch time (2.167712)	Data time (0.056405)	Cuda time (0.000002)	Loss (53.778602)	Accuracy (0.940246)
EVALUATING
{'loss': 40.11900150299072, 'accuracy': 0.9554233568906784, 'perfect_match_accuracy': 0.004, 'cost_ratio_suggested_true': 1.5561833703517913, 'below_10.0_percent_acc': 0.456, 'below_1.0_percent_acc': 0.136, 'below_0.1_percent_acc': 0.082, 'below_0.01_percent_acc': 0.082, 'below_0.001_percent_acc': 0.074, 'below_0.0001_percent_acc': 0.073, 'valid_acc': 1.0}
Epoch: 38	Batch time (2.155630)	Data time (0.056901)	Cuda time (0.000003)	Loss (54.085402)	Accuracy (0.939905)
EVALUATING
{'loss': 39.5530016708374, 'accuracy': 0.9560522443056106, 'perfect_match_accuracy': 0.008, 'cost_ratio_suggested_true': 1.5437578225135804, 'below_10.0_percent_acc': 0.479, 'below_1.0_percent_acc': 0.147, 'below_0.1_percent_acc': 0.098, 'below_0.01_percent_acc': 0.098, 'below_0.001_percent_acc': 0.089, 'below_0.0001_percent_acc': 0.088, 'valid_acc': 1.0}
Epoch: 39	Batch time (2.137217)	Data time (0.055537)	Cuda time (0.000002)	Loss (53.681602)	Accuracy (0.940354)
EVALUATING
{'loss': 39.24400184631347, 'accuracy': 0.9563955783843994, 'perfect_match_accuracy': 0.009, 'cost_ratio_suggested_true': 1.5663063395023347, 'below_10.0_percent_acc': 0.461, 'below_1.0_percent_acc': 0.112, 'below_0.1_percent_acc': 0.07, 'below_0.01_percent_acc': 0.07, 'below_0.001_percent_acc': 0.061, 'below_0.0001_percent_acc': 0.06, 'valid_acc': 1.0}
Epoch: 40	Batch time (2.109754)	Data time (0.056013)	Cuda time (0.000002)	Loss (53.073402)	Accuracy (0.941030)
EVALUATING
{'loss': 39.16500156402588, 'accuracy': 0.9564833682775498, 'perfect_match_accuracy': 0.008, 'cost_ratio_suggested_true': 1.5512393462657927, 'below_10.0_percent_acc': 0.476, 'below_1.0_percent_acc': 0.117, 'below_0.1_percent_acc': 0.071, 'below_0.01_percent_acc': 0.071, 'below_0.001_percent_acc': 0.064, 'below_0.0001_percent_acc': 0.063, 'valid_acc': 1.0}
Epoch: 41	Batch time (2.142814)	Data time (0.056814)	Cuda time (0.000002)	Loss (52.775302)	Accuracy (0.941361)
EVALUATING
{'loss': 39.15400119781494, 'accuracy': 0.9564955830574036, 'perfect_match_accuracy': 0.008, 'cost_ratio_suggested_true': 1.5520541155338288, 'below_10.0_percent_acc': 0.477, 'below_1.0_percent_acc': 0.115, 'below_0.1_percent_acc': 0.071, 'below_0.01_percent_acc': 0.071, 'below_0.001_percent_acc': 0.064, 'below_0.0001_percent_acc': 0.063, 'valid_acc': 1.0}
Epoch: 42	Batch time (2.153157)	Data time (0.058028)	Cuda time (0.000002)	Loss (52.786802)	Accuracy (0.941348)
EVALUATING
{'loss': 39.144001197814944, 'accuracy': 0.9565066987276077, 'perfect_match_accuracy': 0.008, 'cost_ratio_suggested_true': 1.5505411303043366, 'below_10.0_percent_acc': 0.478, 'below_1.0_percent_acc': 0.116, 'below_0.1_percent_acc': 0.073, 'below_0.01_percent_acc': 0.073, 'below_0.001_percent_acc': 0.066, 'below_0.0001_percent_acc': 0.065, 'valid_acc': 1.0}
Epoch: 43	Batch time (2.141695)	Data time (0.058256)	Cuda time (0.000003)	Loss (52.776202)	Accuracy (0.941360)
EVALUATING
{'loss': 39.11900074005127, 'accuracy': 0.9565344673395156, 'perfect_match_accuracy': 0.008, 'cost_ratio_suggested_true': 1.5490227901935578, 'below_10.0_percent_acc': 0.479, 'below_1.0_percent_acc': 0.112, 'below_0.1_percent_acc': 0.07, 'below_0.01_percent_acc': 0.07, 'below_0.001_percent_acc': 0.063, 'below_0.0001_percent_acc': 0.062, 'valid_acc': 1.0}
Epoch: 44	Batch time (2.035994)	Data time (0.054528)	Cuda time (0.000002)	Loss (52.814902)	Accuracy (0.941317)
EVALUATING
{'loss': 38.91000118255615, 'accuracy': 0.9567666846513748, 'perfect_match_accuracy': 0.008, 'cost_ratio_suggested_true': 1.5424395596981049, 'below_10.0_percent_acc': 0.481, 'below_1.0_percent_acc': 0.116, 'below_0.1_percent_acc': 0.071, 'below_0.01_percent_acc': 0.071, 'below_0.001_percent_acc': 0.064, 'below_0.0001_percent_acc': 0.063, 'valid_acc': 1.0}
Epoch: 45	Batch time (1.996477)	Data time (0.052547)	Cuda time (0.000002)	Loss (52.723902)	Accuracy (0.941418)
EVALUATING
{'loss': 38.97800113677979, 'accuracy': 0.9566911280155181, 'perfect_match_accuracy': 0.009, 'cost_ratio_suggested_true': 1.5421637606620788, 'below_10.0_percent_acc': 0.481, 'below_1.0_percent_acc': 0.115, 'below_0.1_percent_acc': 0.072, 'below_0.01_percent_acc': 0.072, 'below_0.001_percent_acc': 0.065, 'below_0.0001_percent_acc': 0.064, 'valid_acc': 1.0}
Epoch: 46	Batch time (2.012083)	Data time (0.052895)	Cuda time (0.000003)	Loss (52.604602)	Accuracy (0.941550)
EVALUATING
{'loss': 38.941001091003415, 'accuracy': 0.9567322504520416, 'perfect_match_accuracy': 0.01, 'cost_ratio_suggested_true': 1.5420945799350738, 'below_10.0_percent_acc': 0.484, 'below_1.0_percent_acc': 0.11, 'below_0.1_percent_acc': 0.066, 'below_0.01_percent_acc': 0.066, 'below_0.001_percent_acc': 0.059, 'below_0.0001_percent_acc': 0.058, 'valid_acc': 1.0}
Epoch: 47	Batch time (2.046053)	Data time (0.054163)	Cuda time (0.000002)	Loss (52.556902)	Accuracy (0.941603)
EVALUATING
{'loss': 38.93300155639648, 'accuracy': 0.956741139292717, 'perfect_match_accuracy': 0.01, 'cost_ratio_suggested_true': 1.5439296746253968, 'below_10.0_percent_acc': 0.479, 'below_1.0_percent_acc': 0.11, 'below_0.1_percent_acc': 0.068, 'below_0.01_percent_acc': 0.068, 'below_0.001_percent_acc': 0.061, 'below_0.0001_percent_acc': 0.06, 'valid_acc': 1.0}
Epoch: 48	Batch time (2.010950)	Data time (0.053515)	Cuda time (0.000003)	Loss (52.335301)	Accuracy (0.941850)
EVALUATING
{'loss': 38.9110009765625, 'accuracy': 0.9567655825614929, 'perfect_match_accuracy': 0.009, 'cost_ratio_suggested_true': 1.5427601611614228, 'below_10.0_percent_acc': 0.479, 'below_1.0_percent_acc': 0.107, 'below_0.1_percent_acc': 0.067, 'below_0.01_percent_acc': 0.067, 'below_0.001_percent_acc': 0.06, 'below_0.0001_percent_acc': 0.059, 'valid_acc': 1.0}
Epoch: 49	Batch time (2.007244)	Data time (0.053663)	Cuda time (0.000002)	Loss (52.343002)	Accuracy (0.941841)
EVALUATING
{'loss': 39.03500118255615, 'accuracy': 0.9566278028488159, 'perfect_match_accuracy': 0.009, 'cost_ratio_suggested_true': 1.5446707642078399, 'below_10.0_percent_acc': 0.474, 'below_1.0_percent_acc': 0.105, 'below_0.1_percent_acc': 0.062, 'below_0.01_percent_acc': 0.062, 'below_0.001_percent_acc': 0.056, 'below_0.0001_percent_acc': 0.055, 'valid_acc': 1.0}
Epoch: 50	Batch time (2.008384)	Data time (0.053706)	Cuda time (0.000002)	Loss (52.287102)	Accuracy (0.941903)
EVALUATING
{'loss': 39.286001930236814, 'accuracy': 0.9563489121198654, 'perfect_match_accuracy': 0.009, 'cost_ratio_suggested_true': 1.5459674310684204, 'below_10.0_percent_acc': 0.474, 'below_1.0_percent_acc': 0.105, 'below_0.1_percent_acc': 0.063, 'below_0.01_percent_acc': 0.063, 'below_0.001_percent_acc': 0.056, 'below_0.0001_percent_acc': 0.055, 'valid_acc': 1.0}
