No existing entry for trainer_params.mode.type
{}[type] = <class 'int'>(5)
No existing entry for trainer_params.mode.objective_type
{'type': 5}[objective_type] = <class 'str'>(normal)
No existing entry for trainer_params.mode.use_marginal
{'type': 5, 'objective_type': 'normal'}[use_marginal] = <class 'bool'>(True)
No existing entry for trainer_params.mode.nb_samples
{'type': 5, 'objective_type': 'normal', 'use_marginal': True}[nb_samples] = <class 'int'>(1)
No existing entry for trainer_params.mode.temperature
{'type': 5, 'objective_type': 'normal', 'use_marginal': True, 'nb_samples': 1}[temperature] = <class 'float'>(1.0)
No existing entry for trainer_params.mode.use_gamma
{'type': 5, 'objective_type': 'normal', 'use_marginal': True, 'nb_samples': 1, 'temperature': 1.0}[use_gamma] = <class 'bool'>(False)
No existing entry for trainer_params.mode.loss_type
{'type': 5, 'objective_type': 'normal', 'use_marginal': True, 'nb_samples': 1, 'temperature': 1.0, 'use_gamma': False}[loss_type] = <class 'str'>(normal)
No existing entry for trainer_params.mode.perturb_w
{'type': 5, 'objective_type': 'normal', 'use_marginal': True, 'nb_samples': 1, 'temperature': 1.0, 'use_gamma': False, 'loss_type': 'normal'}[perturb_w] = <class 'bool'>(False)
No existing entry for trainer_params.mode.perturb_w_prime
{'type': 5, 'objective_type': 'normal', 'use_marginal': True, 'nb_samples': 1, 'temperature': 1.0, 'use_gamma': False, 'loss_type': 'normal', 'perturb_w': False}[perturb_w_prime] = <class 'bool'>(False)
{'batch_size': 70, 'l1_regconst': 0.0, 'lambda_val': 20.0, 'lr_milestone_1': 30, 'lr_milestone_2': 40, 'model_params': {'arch_params': {}, 'model_name': 'CombResnet18'}, 'neighbourhood_fn': '8-grid', 'optimizer_name': 'Adam', 'optimizer_params': {'lr': 0.0005}, 'preload_batch': True, 'use_cuda': True, 'use_lr_scheduling': True, 'mode': {'type': 5, 'objective_type': 'normal', 'use_marginal': True, 'nb_samples': 1, 'temperature': 1.0, 'use_gamma': False, 'loss_type': 'normal', 'perturb_w': False, 'perturb_w_prime': False}}[lambda_val] = <class 'float'>(0.0)
{'data_dir': 'data/warcraft_shortest_path/12x12', 'evaluate_with_extra': False, 'normalize': True, 'use_local_path': False, 'use_test_set': True}[data_dir] = <class 'str'>(data/warcraft_shortest_path/12x12)
{'evaluate_every': 5, 'loader_params': {'data_dir': 'data/warcraft_shortest_path/12x12', 'evaluate_with_extra': False, 'normalize': True, 'use_local_path': False, 'use_test_set': True}, 'model_dir': 'results/warcraft_shortest_path_combresnet', 'num_cpus': 40, 'num_epochs': 50, 'problem_type': 'warcraft_shortest_path', 'ray_params': {}, 'save_visualizations': False, 'seed': 1, 'trainer_name': 'DijkstraMAP', 'trainer_params': {'batch_size': 70, 'l1_regconst': 0.0, 'lambda_val': 0.0, 'lr_milestone_1': 30, 'lr_milestone_2': 40, 'model_params': {'arch_params': {}, 'model_name': 'CombResnet18'}, 'neighbourhood_fn': '8-grid', 'optimizer_name': 'Adam', 'optimizer_params': {'lr': 0.0005}, 'preload_batch': True, 'use_cuda': True, 'use_lr_scheduling': True, 'mode': {'type': 5, 'objective_type': 'normal', 'use_marginal': True, 'nb_samples': 1, 'temperature': 1.0, 'use_gamma': False, 'loss_type': 'normal', 'perturb_w': False, 'perturb_w_prime': False}}, 'use_ray': True}[seed] = <class 'int'>(1)
{'evaluate_every': 5, 'loader_params': {'data_dir': 'data/warcraft_shortest_path/12x12', 'evaluate_with_extra': False, 'normalize': True, 'use_local_path': False, 'use_test_set': True}, 'model_dir': 'results/warcraft_shortest_path_combresnet', 'num_cpus': 40, 'num_epochs': 50, 'problem_type': 'warcraft_shortest_path', 'ray_params': {}, 'save_visualizations': False, 'seed': 1, 'trainer_name': 'DijkstraMAP', 'trainer_params': {'batch_size': 70, 'l1_regconst': 0.0, 'lambda_val': 0.0, 'lr_milestone_1': 30, 'lr_milestone_2': 40, 'model_params': {'arch_params': {}, 'model_name': 'CombResnet18'}, 'neighbourhood_fn': '8-grid', 'optimizer_name': 'Adam', 'optimizer_params': {'lr': 0.0005}, 'preload_batch': True, 'use_cuda': True, 'use_lr_scheduling': True, 'mode': {'type': 5, 'objective_type': 'normal', 'use_marginal': True, 'nb_samples': 1, 'temperature': 1.0, 'use_gamma': False, 'loss_type': 'normal', 'perturb_w': False, 'perturb_w_prime': False}}, 'use_ray': True}[evaluate_every] = <class 'int'>(1)
{'evaluate_every': 1, 'loader_params': {'data_dir': 'data/warcraft_shortest_path/12x12', 'evaluate_with_extra': False, 'normalize': True, 'use_local_path': False, 'use_test_set': True}, 'model_dir': 'results/warcraft_shortest_path_combresnet', 'num_cpus': 40, 'num_epochs': 50, 'problem_type': 'warcraft_shortest_path', 'ray_params': {}, 'save_visualizations': False, 'seed': 1, 'trainer_name': 'DijkstraMAP', 'trainer_params': {'batch_size': 70, 'l1_regconst': 0.0, 'lambda_val': 0.0, 'lr_milestone_1': 30, 'lr_milestone_2': 40, 'model_params': {'arch_params': {}, 'model_name': 'CombResnet18'}, 'neighbourhood_fn': '8-grid', 'optimizer_name': 'Adam', 'optimizer_params': {'lr': 0.0005}, 'preload_batch': True, 'use_cuda': True, 'use_lr_scheduling': True, 'mode': {'type': 5, 'objective_type': 'normal', 'use_marginal': True, 'nb_samples': 1, 'temperature': 1.0, 'use_gamma': False, 'loss_type': 'normal', 'perturb_w': False, 'perturb_w_prime': False}}, 'use_ray': True}[use_ray] = <class 'bool'>(False)
No existing entry for trainer_params.mode.type
{}[type] = <class 'int'>(5)
No existing entry for trainer_params.mode.objective_type
{'type': 5}[objective_type] = <class 'str'>(normal)
No existing entry for trainer_params.mode.use_marginal
{'type': 5, 'objective_type': 'normal'}[use_marginal] = <class 'bool'>(True)
No existing entry for trainer_params.mode.nb_samples
{'type': 5, 'objective_type': 'normal', 'use_marginal': True}[nb_samples] = <class 'int'>(1)
No existing entry for trainer_params.mode.temperature
{'type': 5, 'objective_type': 'normal', 'use_marginal': True, 'nb_samples': 1}[temperature] = <class 'float'>(1.0)
No existing entry for trainer_params.mode.use_gamma
{'type': 5, 'objective_type': 'normal', 'use_marginal': True, 'nb_samples': 1, 'temperature': 1.0}[use_gamma] = <class 'bool'>(False)
No existing entry for trainer_params.mode.loss_type
{'type': 5, 'objective_type': 'normal', 'use_marginal': True, 'nb_samples': 1, 'temperature': 1.0, 'use_gamma': False}[loss_type] = <class 'str'>(normal)
No existing entry for trainer_params.mode.perturb_w
{'type': 5, 'objective_type': 'normal', 'use_marginal': True, 'nb_samples': 1, 'temperature': 1.0, 'use_gamma': False, 'loss_type': 'normal'}[perturb_w] = <class 'bool'>(False)
No existing entry for trainer_params.mode.perturb_w_prime
{'type': 5, 'objective_type': 'normal', 'use_marginal': True, 'nb_samples': 1, 'temperature': 1.0, 'use_gamma': False, 'loss_type': 'normal', 'perturb_w': False}[perturb_w_prime] = <class 'bool'>(False)
{'batch_size': 70, 'l1_regconst': 0.0, 'lambda_val': 20.0, 'lr_milestone_1': 30, 'lr_milestone_2': 40, 'model_params': {'arch_params': {}, 'model_name': 'CombResnet18'}, 'neighbourhood_fn': '8-grid', 'optimizer_name': 'Adam', 'optimizer_params': {'lr': 0.0005}, 'preload_batch': True, 'use_cuda': True, 'use_lr_scheduling': True, 'mode': {'type': 5, 'objective_type': 'normal', 'use_marginal': True, 'nb_samples': 1, 'temperature': 1.0, 'use_gamma': False, 'loss_type': 'normal', 'perturb_w': False, 'perturb_w_prime': False}}[lambda_val] = <class 'float'>(0.0)
{'data_dir': 'data/warcraft_shortest_path/12x12', 'evaluate_with_extra': False, 'normalize': True, 'use_local_path': False, 'use_test_set': True}[data_dir] = <class 'str'>(data/warcraft_shortest_path/12x12)
{'evaluate_every': 5, 'loader_params': {'data_dir': 'data/warcraft_shortest_path/12x12', 'evaluate_with_extra': False, 'normalize': True, 'use_local_path': False, 'use_test_set': True}, 'model_dir': 'results/warcraft_shortest_path_combresnet', 'num_cpus': 40, 'num_epochs': 50, 'problem_type': 'warcraft_shortest_path', 'ray_params': {}, 'save_visualizations': False, 'seed': 1, 'trainer_name': 'DijkstraMAP', 'trainer_params': {'batch_size': 70, 'l1_regconst': 0.0, 'lambda_val': 0.0, 'lr_milestone_1': 30, 'lr_milestone_2': 40, 'model_params': {'arch_params': {}, 'model_name': 'CombResnet18'}, 'neighbourhood_fn': '8-grid', 'optimizer_name': 'Adam', 'optimizer_params': {'lr': 0.0005}, 'preload_batch': True, 'use_cuda': True, 'use_lr_scheduling': True, 'mode': {'type': 5, 'objective_type': 'normal', 'use_marginal': True, 'nb_samples': 1, 'temperature': 1.0, 'use_gamma': False, 'loss_type': 'normal', 'perturb_w': False, 'perturb_w_prime': False}}, 'use_ray': True}[seed] = <class 'int'>(1)
{'evaluate_every': 5, 'loader_params': {'data_dir': 'data/warcraft_shortest_path/12x12', 'evaluate_with_extra': False, 'normalize': True, 'use_local_path': False, 'use_test_set': True}, 'model_dir': 'results/warcraft_shortest_path_combresnet', 'num_cpus': 40, 'num_epochs': 50, 'problem_type': 'warcraft_shortest_path', 'ray_params': {}, 'save_visualizations': False, 'seed': 1, 'trainer_name': 'DijkstraMAP', 'trainer_params': {'batch_size': 70, 'l1_regconst': 0.0, 'lambda_val': 0.0, 'lr_milestone_1': 30, 'lr_milestone_2': 40, 'model_params': {'arch_params': {}, 'model_name': 'CombResnet18'}, 'neighbourhood_fn': '8-grid', 'optimizer_name': 'Adam', 'optimizer_params': {'lr': 0.0005}, 'preload_batch': True, 'use_cuda': True, 'use_lr_scheduling': True, 'mode': {'type': 5, 'objective_type': 'normal', 'use_marginal': True, 'nb_samples': 1, 'temperature': 1.0, 'use_gamma': False, 'loss_type': 'normal', 'perturb_w': False, 'perturb_w_prime': False}}, 'use_ray': True}[evaluate_every] = <class 'int'>(1)
{'evaluate_every': 1, 'loader_params': {'data_dir': 'data/warcraft_shortest_path/12x12', 'evaluate_with_extra': False, 'normalize': True, 'use_local_path': False, 'use_test_set': True}, 'model_dir': 'results/warcraft_shortest_path_combresnet', 'num_cpus': 40, 'num_epochs': 50, 'problem_type': 'warcraft_shortest_path', 'ray_params': {}, 'save_visualizations': False, 'seed': 1, 'trainer_name': 'DijkstraMAP', 'trainer_params': {'batch_size': 70, 'l1_regconst': 0.0, 'lambda_val': 0.0, 'lr_milestone_1': 30, 'lr_milestone_2': 40, 'model_params': {'arch_params': {}, 'model_name': 'CombResnet18'}, 'neighbourhood_fn': '8-grid', 'optimizer_name': 'Adam', 'optimizer_params': {'lr': 0.0005}, 'preload_batch': True, 'use_cuda': True, 'use_lr_scheduling': True, 'mode': {'type': 5, 'objective_type': 'normal', 'use_marginal': True, 'nb_samples': 1, 'temperature': 1.0, 'use_gamma': False, 'loss_type': 'normal', 'perturb_w': False, 'perturb_w_prime': False}}, 'use_ray': True}[use_ray] = <class 'bool'>(False)
{
    "evaluate_every": 1,
    "loader_params": {
        "data_dir": "data/warcraft_shortest_path/12x12",
        "evaluate_with_extra": false,
        "normalize": true,
        "use_local_path": false,
        "use_test_set": true
    },
    "model_dir": "results/warcraft_shortest_path_combresnet",
    "num_cpus": 40,
    "num_epochs": 50,
    "problem_type": "warcraft_shortest_path",
    "ray_params": {},
    "save_visualizations": false,
    "seed": 1,
    "trainer_name": "DijkstraMAP",
    "trainer_params": {
        "batch_size": 70,
        "l1_regconst": 0.0,
        "lambda_val": 0.0,
        "lr_milestone_1": 30,
        "lr_milestone_2": 40,
        "mode": {
            "loss_type": "normal",
            "nb_samples": 1,
            "objective_type": "normal",
            "perturb_w": false,
            "perturb_w_prime": false,
            "temperature": 1.0,
            "type": 5,
            "use_gamma": false,
            "use_marginal": true
        },
        "model_params": {
            "arch_params": {},
            "model_name": "CombResnet18"
        },
        "neighbourhood_fn": "8-grid",
        "optimizer_name": "Adam",
        "optimizer_params": {
            "lr": 0.0005
        },
        "preload_batch": true,
        "use_cuda": true,
        "use_lr_scheduling": true
    },
    "use_ray": false
}
MAP-BACKPROP MODE: {
    "loss_type": "normal",
    "nb_samples": 1,
    "objective_type": "normal",
    "perturb_w": false,
    "perturb_w_prime": false,
    "temperature": 1.0,
    "type": 5,
    "use_gamma": false,
    "use_marginal": true
}
True
META: {'input_image_size': 96, 'output_features': 144, 'num_channels': 3, 'denormalize': <maprop.decorators.input_to_numpy object at 0x2adb19b49c88>}
EVALUATING
{'loss': 17.47100054740906, 'accuracy': 0.8786736279726028, 'perfect_match_accuracy': 0.032, 'cost_ratio_suggested_true': 2.4898578476905824, 'below_10.0_percent_acc': 0.128, 'below_1.0_percent_acc': 0.055, 'below_0.1_percent_acc': 0.053, 'below_0.01_percent_acc': 0.053, 'below_0.001_percent_acc': 0.038, 'below_0.0001_percent_acc': 0.038, 'valid_acc': 1.0}
Epoch: 1	Batch time (0.331964)	Data time (0.006885)	Cuda time (0.000001)	Loss (20.661401)	Accuracy (0.856518)
EVALUATING
{'loss': 16.01300075531006, 'accuracy': 0.88879862844944, 'perfect_match_accuracy': 0.035, 'cost_ratio_suggested_true': 2.1387593817710875, 'below_10.0_percent_acc': 0.291, 'below_1.0_percent_acc': 0.108, 'below_0.1_percent_acc': 0.09, 'below_0.01_percent_acc': 0.09, 'below_0.001_percent_acc': 0.072, 'below_0.0001_percent_acc': 0.072, 'valid_acc': 1.0}
Epoch: 2	Batch time (0.427393)	Data time (0.008145)	Cuda time (0.000001)	Loss (20.140001)	Accuracy (0.860139)
EVALUATING
{'loss': 14.76600061416626, 'accuracy': 0.8974583476781846, 'perfect_match_accuracy': 0.058, 'cost_ratio_suggested_true': 1.9148617160320283, 'below_10.0_percent_acc': 0.396, 'below_1.0_percent_acc': 0.187, 'below_0.1_percent_acc': 0.163, 'below_0.01_percent_acc': 0.163, 'below_0.001_percent_acc': 0.145, 'below_0.0001_percent_acc': 0.145, 'valid_acc': 1.0}
Epoch: 3	Batch time (0.390678)	Data time (0.007614)	Cuda time (0.000001)	Loss (19.522801)	Accuracy (0.864425)
EVALUATING
{'loss': 14.845000467300416, 'accuracy': 0.8969097375869751, 'perfect_match_accuracy': 0.041, 'cost_ratio_suggested_true': 1.5010928547382354, 'below_10.0_percent_acc': 0.557, 'below_1.0_percent_acc': 0.145, 'below_0.1_percent_acc': 0.123, 'below_0.01_percent_acc': 0.123, 'below_0.001_percent_acc': 0.106, 'below_0.0001_percent_acc': 0.106, 'valid_acc': 1.0}
Epoch: 4	Batch time (0.389395)	Data time (0.007713)	Cuda time (0.000001)	Loss (18.855201)	Accuracy (0.869061)
EVALUATING
{'loss': 14.700000486373902, 'accuracy': 0.8979166793823242, 'perfect_match_accuracy': 0.048, 'cost_ratio_suggested_true': 1.7788968431949614, 'below_10.0_percent_acc': 0.305, 'below_1.0_percent_acc': 0.143, 'below_0.1_percent_acc': 0.127, 'below_0.01_percent_acc': 0.127, 'below_0.001_percent_acc': 0.119, 'below_0.0001_percent_acc': 0.119, 'valid_acc': 1.0}
Epoch: 5	Batch time (0.433195)	Data time (0.007796)	Cuda time (0.000001)	Loss (18.507901)	Accuracy (0.871473)
EVALUATING
{'loss': 12.849000654220582, 'accuracy': 0.910770851969719, 'perfect_match_accuracy': 0.067, 'cost_ratio_suggested_true': 1.4674228012561799, 'below_10.0_percent_acc': 0.607, 'below_1.0_percent_acc': 0.223, 'below_0.1_percent_acc': 0.196, 'below_0.01_percent_acc': 0.196, 'below_0.001_percent_acc': 0.187, 'below_0.0001_percent_acc': 0.187, 'valid_acc': 1.0}
Epoch: 6	Batch time (0.345121)	Data time (0.007236)	Cuda time (0.000001)	Loss (17.912900)	Accuracy (0.875605)
EVALUATING
{'loss': 12.42000066757202, 'accuracy': 0.913750017285347, 'perfect_match_accuracy': 0.079, 'cost_ratio_suggested_true': 1.4524233770370483, 'below_10.0_percent_acc': 0.632, 'below_1.0_percent_acc': 0.226, 'below_0.1_percent_acc': 0.201, 'below_0.01_percent_acc': 0.201, 'below_0.001_percent_acc': 0.193, 'below_0.0001_percent_acc': 0.193, 'valid_acc': 1.0}
Epoch: 7	Batch time (0.442036)	Data time (0.007938)	Cuda time (0.000001)	Loss (17.389501)	Accuracy (0.879240)
EVALUATING
{'loss': 12.491000499725342, 'accuracy': 0.9132569539546966, 'perfect_match_accuracy': 0.072, 'cost_ratio_suggested_true': 1.3439512157440185, 'below_10.0_percent_acc': 0.66, 'below_1.0_percent_acc': 0.226, 'below_0.1_percent_acc': 0.2, 'below_0.01_percent_acc': 0.2, 'below_0.001_percent_acc': 0.194, 'below_0.0001_percent_acc': 0.194, 'valid_acc': 1.0}
Epoch: 8	Batch time (0.384197)	Data time (0.007532)	Cuda time (0.000001)	Loss (18.247701)	Accuracy (0.873280)
EVALUATING
{'loss': 10.262000560760498, 'accuracy': 0.9287361222505569, 'perfect_match_accuracy': 0.124, 'cost_ratio_suggested_true': 1.3047287058830261, 'below_10.0_percent_acc': 0.736, 'below_1.0_percent_acc': 0.352, 'below_0.1_percent_acc': 0.324, 'below_0.01_percent_acc': 0.324, 'below_0.001_percent_acc': 0.316, 'below_0.0001_percent_acc': 0.316, 'valid_acc': 1.0}
Epoch: 9	Batch time (0.411908)	Data time (0.008211)	Cuda time (0.000001)	Loss (16.734500)	Accuracy (0.883788)
EVALUATING
{'loss': 11.349000301361084, 'accuracy': 0.921187509894371, 'perfect_match_accuracy': 0.076, 'cost_ratio_suggested_true': 1.286569346189499, 'below_10.0_percent_acc': 0.783, 'below_1.0_percent_acc': 0.298, 'below_0.1_percent_acc': 0.274, 'below_0.01_percent_acc': 0.274, 'below_0.001_percent_acc': 0.268, 'below_0.0001_percent_acc': 0.268, 'valid_acc': 1.0}
Epoch: 10	Batch time (0.429224)	Data time (0.007930)	Cuda time (0.000001)	Loss (16.626901)	Accuracy (0.884535)
EVALUATING
{'loss': 12.117000312805176, 'accuracy': 0.9158541828393936, 'perfect_match_accuracy': 0.059, 'cost_ratio_suggested_true': 1.3465487158298493, 'below_10.0_percent_acc': 0.759, 'below_1.0_percent_acc': 0.261, 'below_0.1_percent_acc': 0.221, 'below_0.01_percent_acc': 0.221, 'below_0.001_percent_acc': 0.206, 'below_0.0001_percent_acc': 0.206, 'valid_acc': 1.0}
Epoch: 11	Batch time (0.319786)	Data time (0.006871)	Cuda time (0.000001)	Loss (16.218200)	Accuracy (0.887374)
EVALUATING
{'loss': 11.095000371932983, 'accuracy': 0.9229514044523239, 'perfect_match_accuracy': 0.083, 'cost_ratio_suggested_true': 1.2369529700279236, 'below_10.0_percent_acc': 0.81, 'below_1.0_percent_acc': 0.325, 'below_0.1_percent_acc': 0.297, 'below_0.01_percent_acc': 0.297, 'below_0.001_percent_acc': 0.291, 'below_0.0001_percent_acc': 0.291, 'valid_acc': 1.0}
Epoch: 12	Batch time (0.425843)	Data time (0.007945)	Cuda time (0.000001)	Loss (15.740801)	Accuracy (0.890689)
EVALUATING
{'loss': 10.58700044631958, 'accuracy': 0.9264791756868362, 'perfect_match_accuracy': 0.076, 'cost_ratio_suggested_true': 1.2378981912136078, 'below_10.0_percent_acc': 0.834, 'below_1.0_percent_acc': 0.289, 'below_0.1_percent_acc': 0.264, 'below_0.01_percent_acc': 0.264, 'below_0.001_percent_acc': 0.26, 'below_0.0001_percent_acc': 0.26, 'valid_acc': 1.0}
Epoch: 13	Batch time (0.398234)	Data time (0.007763)	Cuda time (0.000001)	Loss (16.330300)	Accuracy (0.886595)
EVALUATING
{'loss': 10.631000471115112, 'accuracy': 0.9261736166477204, 'perfect_match_accuracy': 0.091, 'cost_ratio_suggested_true': 1.238574138879776, 'below_10.0_percent_acc': 0.815, 'below_1.0_percent_acc': 0.297, 'below_0.1_percent_acc': 0.27, 'below_0.01_percent_acc': 0.27, 'below_0.001_percent_acc': 0.254, 'below_0.0001_percent_acc': 0.254, 'valid_acc': 1.0}
Epoch: 14	Batch time (0.406090)	Data time (0.007741)	Cuda time (0.000001)	Loss (15.707800)	Accuracy (0.890918)
EVALUATING
{'loss': 9.334000225067138, 'accuracy': 0.9351805657148361, 'perfect_match_accuracy': 0.118, 'cost_ratio_suggested_true': 1.235135062932968, 'below_10.0_percent_acc': 0.858, 'below_1.0_percent_acc': 0.406, 'below_0.1_percent_acc': 0.375, 'below_0.01_percent_acc': 0.375, 'below_0.001_percent_acc': 0.366, 'below_0.0001_percent_acc': 0.366, 'valid_acc': 1.0}
Epoch: 15	Batch time (0.430124)	Data time (0.007807)	Cuda time (0.000001)	Loss (15.112601)	Accuracy (0.895051)
EVALUATING
{'loss': 10.426000328063965, 'accuracy': 0.9275972282886505, 'perfect_match_accuracy': 0.1, 'cost_ratio_suggested_true': 1.2441458642482757, 'below_10.0_percent_acc': 0.811, 'below_1.0_percent_acc': 0.37, 'below_0.1_percent_acc': 0.348, 'below_0.01_percent_acc': 0.348, 'below_0.001_percent_acc': 0.336, 'below_0.0001_percent_acc': 0.336, 'valid_acc': 1.0}
Epoch: 16	Batch time (0.348911)	Data time (0.007761)	Cuda time (0.000001)	Loss (15.244501)	Accuracy (0.894135)
EVALUATING
{'loss': 10.608000297546386, 'accuracy': 0.9263333475589752, 'perfect_match_accuracy': 0.086, 'cost_ratio_suggested_true': 1.2437963390350342, 'below_10.0_percent_acc': 0.809, 'below_1.0_percent_acc': 0.315, 'below_0.1_percent_acc': 0.284, 'below_0.01_percent_acc': 0.284, 'below_0.001_percent_acc': 0.282, 'below_0.0001_percent_acc': 0.282, 'valid_acc': 1.0}
Epoch: 17	Batch time (0.426337)	Data time (0.008057)	Cuda time (0.000001)	Loss (14.939700)	Accuracy (0.896252)
EVALUATING
{'loss': 10.27000036239624, 'accuracy': 0.9286805683374405, 'perfect_match_accuracy': 0.086, 'cost_ratio_suggested_true': 1.1963582468032836, 'below_10.0_percent_acc': 0.835, 'below_1.0_percent_acc': 0.323, 'below_0.1_percent_acc': 0.291, 'below_0.01_percent_acc': 0.291, 'below_0.001_percent_acc': 0.284, 'below_0.0001_percent_acc': 0.284, 'valid_acc': 1.0}
Epoch: 18	Batch time (0.382748)	Data time (0.007552)	Cuda time (0.000001)	Loss (14.846200)	Accuracy (0.896901)
EVALUATING
{'loss': 12.08000054359436, 'accuracy': 0.9161111277341842, 'perfect_match_accuracy': 0.086, 'cost_ratio_suggested_true': 1.5235016536712647, 'below_10.0_percent_acc': 0.597, 'below_1.0_percent_acc': 0.224, 'below_0.1_percent_acc': 0.198, 'below_0.01_percent_acc': 0.198, 'below_0.001_percent_acc': 0.195, 'below_0.0001_percent_acc': 0.195, 'valid_acc': 1.0}
Epoch: 19	Batch time (0.411772)	Data time (0.007885)	Cuda time (0.000001)	Loss (14.993800)	Accuracy (0.895876)
EVALUATING
{'loss': 9.675000114440918, 'accuracy': 0.9328125113248825, 'perfect_match_accuracy': 0.132, 'cost_ratio_suggested_true': 1.2419393622875214, 'below_10.0_percent_acc': 0.818, 'below_1.0_percent_acc': 0.345, 'below_0.1_percent_acc': 0.317, 'below_0.01_percent_acc': 0.317, 'below_0.001_percent_acc': 0.313, 'below_0.0001_percent_acc': 0.313, 'valid_acc': 1.0}
Epoch: 20	Batch time (0.424527)	Data time (0.007843)	Cuda time (0.000001)	Loss (14.712601)	Accuracy (0.897829)
EVALUATING
{'loss': 10.368000297546386, 'accuracy': 0.9280000072717667, 'perfect_match_accuracy': 0.085, 'cost_ratio_suggested_true': 1.2070161950588227, 'below_10.0_percent_acc': 0.809, 'below_1.0_percent_acc': 0.304, 'below_0.1_percent_acc': 0.276, 'below_0.01_percent_acc': 0.276, 'below_0.001_percent_acc': 0.272, 'below_0.0001_percent_acc': 0.272, 'valid_acc': 1.0}
Epoch: 21	Batch time (0.356053)	Data time (0.006743)	Cuda time (0.000001)	Loss (14.655400)	Accuracy (0.898226)
EVALUATING
{'loss': 11.485000257492066, 'accuracy': 0.9202430611848831, 'perfect_match_accuracy': 0.081, 'cost_ratio_suggested_true': 1.2603771328926086, 'below_10.0_percent_acc': 0.749, 'below_1.0_percent_acc': 0.25, 'below_0.1_percent_acc': 0.231, 'below_0.01_percent_acc': 0.231, 'below_0.001_percent_acc': 0.23, 'below_0.0001_percent_acc': 0.23, 'valid_acc': 1.0}
Epoch: 22	Batch time (0.431222)	Data time (0.007889)	Cuda time (0.000002)	Loss (14.960700)	Accuracy (0.896106)
EVALUATING
{'loss': 10.74200047492981, 'accuracy': 0.925402797460556, 'perfect_match_accuracy': 0.103, 'cost_ratio_suggested_true': 1.3344492101669312, 'below_10.0_percent_acc': 0.768, 'below_1.0_percent_acc': 0.319, 'below_0.1_percent_acc': 0.296, 'below_0.01_percent_acc': 0.296, 'below_0.001_percent_acc': 0.289, 'below_0.0001_percent_acc': 0.289, 'valid_acc': 1.0}
Epoch: 23	Batch time (0.356005)	Data time (0.007581)	Cuda time (0.000001)	Loss (14.576901)	Accuracy (0.898772)
EVALUATING
{'loss': 10.285000438690185, 'accuracy': 0.9285763961076736, 'perfect_match_accuracy': 0.1, 'cost_ratio_suggested_true': 1.2504843294620513, 'below_10.0_percent_acc': 0.803, 'below_1.0_percent_acc': 0.347, 'below_0.1_percent_acc': 0.315, 'below_0.01_percent_acc': 0.315, 'below_0.001_percent_acc': 0.312, 'below_0.0001_percent_acc': 0.312, 'valid_acc': 1.0}
Epoch: 24	Batch time (0.430615)	Data time (0.008182)	Cuda time (0.000001)	Loss (14.331001)	Accuracy (0.900479)
EVALUATING
{'loss': 10.225000305175781, 'accuracy': 0.9289930653572083, 'perfect_match_accuracy': 0.111, 'cost_ratio_suggested_true': 1.2359381794929505, 'below_10.0_percent_acc': 0.807, 'below_1.0_percent_acc': 0.294, 'below_0.1_percent_acc': 0.261, 'below_0.01_percent_acc': 0.261, 'below_0.001_percent_acc': 0.252, 'below_0.0001_percent_acc': 0.252, 'valid_acc': 1.0}
Epoch: 25	Batch time (0.422222)	Data time (0.007872)	Cuda time (0.000001)	Loss (14.369400)	Accuracy (0.900213)
EVALUATING
{'loss': 10.446000108718872, 'accuracy': 0.927458347082138, 'perfect_match_accuracy': 0.108, 'cost_ratio_suggested_true': 1.2555189979076387, 'below_10.0_percent_acc': 0.776, 'below_1.0_percent_acc': 0.313, 'below_0.1_percent_acc': 0.289, 'below_0.01_percent_acc': 0.289, 'below_0.001_percent_acc': 0.282, 'below_0.0001_percent_acc': 0.282, 'valid_acc': 1.0}
Epoch: 26	Batch time (0.366289)	Data time (0.007010)	Cuda time (0.000001)	Loss (14.555401)	Accuracy (0.898921)
EVALUATING
{'loss': 10.338000450134277, 'accuracy': 0.9282083481550216, 'perfect_match_accuracy': 0.113, 'cost_ratio_suggested_true': 1.3000735926628113, 'below_10.0_percent_acc': 0.748, 'below_1.0_percent_acc': 0.286, 'below_0.1_percent_acc': 0.26, 'below_0.01_percent_acc': 0.26, 'below_0.001_percent_acc': 0.252, 'below_0.0001_percent_acc': 0.252, 'valid_acc': 1.0}
Epoch: 27	Batch time (0.417413)	Data time (0.007125)	Cuda time (0.000001)	Loss (14.356200)	Accuracy (0.900304)
EVALUATING
{'loss': 11.37500033378601, 'accuracy': 0.9210069620609284, 'perfect_match_accuracy': 0.088, 'cost_ratio_suggested_true': 1.3482325756549836, 'below_10.0_percent_acc': 0.702, 'below_1.0_percent_acc': 0.247, 'below_0.1_percent_acc': 0.228, 'below_0.01_percent_acc': 0.228, 'below_0.001_percent_acc': 0.225, 'below_0.0001_percent_acc': 0.225, 'valid_acc': 1.0}
Epoch: 28	Batch time (0.343686)	Data time (0.007386)	Cuda time (0.000001)	Loss (14.623601)	Accuracy (0.898447)
EVALUATING
{'loss': 12.526000118255615, 'accuracy': 0.9130139058828354, 'perfect_match_accuracy': 0.078, 'cost_ratio_suggested_true': 1.56759441614151, 'below_10.0_percent_acc': 0.471, 'below_1.0_percent_acc': 0.155, 'below_0.1_percent_acc': 0.142, 'below_0.01_percent_acc': 0.142, 'below_0.001_percent_acc': 0.142, 'below_0.0001_percent_acc': 0.142, 'valid_acc': 1.0}
Epoch: 29	Batch time (0.422378)	Data time (0.007347)	Cuda time (0.000001)	Loss (14.527400)	Accuracy (0.899115)
EVALUATING
{'loss': 10.95200017929077, 'accuracy': 0.9239444577693939, 'perfect_match_accuracy': 0.121, 'cost_ratio_suggested_true': 1.3170240831375122, 'below_10.0_percent_acc': 0.724, 'below_1.0_percent_acc': 0.269, 'below_0.1_percent_acc': 0.246, 'below_0.01_percent_acc': 0.246, 'below_0.001_percent_acc': 0.24, 'below_0.0001_percent_acc': 0.24, 'valid_acc': 1.0}
Epoch: 30	Batch time (0.421484)	Data time (0.007735)	Cuda time (0.000001)	Loss (14.490901)	Accuracy (0.899369)
EVALUATING
{'loss': 13.074000568389893, 'accuracy': 0.9092083525657654, 'perfect_match_accuracy': 0.066, 'cost_ratio_suggested_true': 1.6450672793388366, 'below_10.0_percent_acc': 0.44, 'below_1.0_percent_acc': 0.149, 'below_0.1_percent_acc': 0.134, 'below_0.01_percent_acc': 0.134, 'below_0.001_percent_acc': 0.13, 'below_0.0001_percent_acc': 0.13, 'valid_acc': 1.0}
Epoch: 31	Batch time (0.296103)	Data time (0.006103)	Cuda time (0.000001)	Loss (15.550501)	Accuracy (0.892010)
EVALUATING
{'loss': 11.661000394821167, 'accuracy': 0.9190208524465561, 'perfect_match_accuracy': 0.094, 'cost_ratio_suggested_true': 1.4134850370883942, 'below_10.0_percent_acc': 0.59, 'below_1.0_percent_acc': 0.21, 'below_0.1_percent_acc': 0.187, 'below_0.01_percent_acc': 0.187, 'below_0.001_percent_acc': 0.183, 'below_0.0001_percent_acc': 0.183, 'valid_acc': 1.0}
Epoch: 32	Batch time (0.294589)	Data time (0.005888)	Cuda time (0.000001)	Loss (14.481200)	Accuracy (0.899436)
EVALUATING
{'loss': 10.903000450134277, 'accuracy': 0.924284735918045, 'perfect_match_accuracy': 0.101, 'cost_ratio_suggested_true': 1.3053264796733857, 'below_10.0_percent_acc': 0.673, 'below_1.0_percent_acc': 0.241, 'below_0.1_percent_acc': 0.211, 'below_0.01_percent_acc': 0.211, 'below_0.001_percent_acc': 0.206, 'below_0.0001_percent_acc': 0.206, 'valid_acc': 1.0}
Epoch: 33	Batch time (0.297554)	Data time (0.006288)	Cuda time (0.000001)	Loss (13.916100)	Accuracy (0.903360)
EVALUATING
{'loss': 10.300000371932983, 'accuracy': 0.9284722328186035, 'perfect_match_accuracy': 0.113, 'cost_ratio_suggested_true': 1.2613972783088685, 'below_10.0_percent_acc': 0.733, 'below_1.0_percent_acc': 0.261, 'below_0.1_percent_acc': 0.235, 'below_0.01_percent_acc': 0.235, 'below_0.001_percent_acc': 0.229, 'below_0.0001_percent_acc': 0.229, 'valid_acc': 1.0}
Epoch: 34	Batch time (0.443302)	Data time (0.007828)	Cuda time (0.000002)	Loss (13.478501)	Accuracy (0.906399)
EVALUATING
{'loss': 10.052000303268432, 'accuracy': 0.9301944589614868, 'perfect_match_accuracy': 0.135, 'cost_ratio_suggested_true': 1.2267926859855651, 'below_10.0_percent_acc': 0.773, 'below_1.0_percent_acc': 0.294, 'below_0.1_percent_acc': 0.266, 'below_0.01_percent_acc': 0.266, 'below_0.001_percent_acc': 0.26, 'below_0.0001_percent_acc': 0.26, 'valid_acc': 1.0}
Epoch: 35	Batch time (0.425581)	Data time (0.008051)	Cuda time (0.000002)	Loss (13.197800)	Accuracy (0.908349)
EVALUATING
{'loss': 9.820000343322754, 'accuracy': 0.931805568933487, 'perfect_match_accuracy': 0.142, 'cost_ratio_suggested_true': 1.2124406290054321, 'below_10.0_percent_acc': 0.788, 'below_1.0_percent_acc': 0.31, 'below_0.1_percent_acc': 0.283, 'below_0.01_percent_acc': 0.283, 'below_0.001_percent_acc': 0.278, 'below_0.0001_percent_acc': 0.278, 'valid_acc': 1.0}
Epoch: 36	Batch time (0.446342)	Data time (0.008279)	Cuda time (0.000002)	Loss (13.216601)	Accuracy (0.908218)
EVALUATING
{'loss': 9.850000219345093, 'accuracy': 0.9315972381830215, 'perfect_match_accuracy': 0.143, 'cost_ratio_suggested_true': 1.226379154920578, 'below_10.0_percent_acc': 0.79, 'below_1.0_percent_acc': 0.305, 'below_0.1_percent_acc': 0.277, 'below_0.01_percent_acc': 0.277, 'below_0.001_percent_acc': 0.272, 'below_0.0001_percent_acc': 0.272, 'valid_acc': 1.0}
Epoch: 37	Batch time (0.385565)	Data time (0.007921)	Cuda time (0.000002)	Loss (13.244400)	Accuracy (0.908025)
EVALUATING
{'loss': 9.832000293731689, 'accuracy': 0.9317222285270691, 'perfect_match_accuracy': 0.147, 'cost_ratio_suggested_true': 1.2244965529441834, 'below_10.0_percent_acc': 0.782, 'below_1.0_percent_acc': 0.305, 'below_0.1_percent_acc': 0.278, 'below_0.01_percent_acc': 0.278, 'below_0.001_percent_acc': 0.272, 'below_0.0001_percent_acc': 0.272, 'valid_acc': 1.0}
Epoch: 38	Batch time (0.433837)	Data time (0.007491)	Cuda time (0.000002)	Loss (13.151401)	Accuracy (0.908671)
EVALUATING
{'loss': 9.83000032901764, 'accuracy': 0.9317361199855805, 'perfect_match_accuracy': 0.14, 'cost_ratio_suggested_true': 1.2162542009353638, 'below_10.0_percent_acc': 0.796, 'below_1.0_percent_acc': 0.302, 'below_0.1_percent_acc': 0.274, 'below_0.01_percent_acc': 0.274, 'below_0.001_percent_acc': 0.268, 'below_0.0001_percent_acc': 0.268, 'valid_acc': 1.0}
Epoch: 39	Batch time (0.394447)	Data time (0.008162)	Cuda time (0.000002)	Loss (13.025500)	Accuracy (0.909545)
EVALUATING
{'loss': 9.794000368118287, 'accuracy': 0.9319861328601837, 'perfect_match_accuracy': 0.147, 'cost_ratio_suggested_true': 1.221989961862564, 'below_10.0_percent_acc': 0.802, 'below_1.0_percent_acc': 0.308, 'below_0.1_percent_acc': 0.283, 'below_0.01_percent_acc': 0.283, 'below_0.001_percent_acc': 0.278, 'below_0.0001_percent_acc': 0.278, 'valid_acc': 1.0}
Epoch: 40	Batch time (0.437882)	Data time (0.007956)	Cuda time (0.000002)	Loss (13.021400)	Accuracy (0.909574)
EVALUATING
{'loss': 9.50900032043457, 'accuracy': 0.9339652961492538, 'perfect_match_accuracy': 0.147, 'cost_ratio_suggested_true': 1.186400352716446, 'below_10.0_percent_acc': 0.824, 'below_1.0_percent_acc': 0.331, 'below_0.1_percent_acc': 0.303, 'below_0.01_percent_acc': 0.303, 'below_0.001_percent_acc': 0.299, 'below_0.0001_percent_acc': 0.299, 'valid_acc': 1.0}
Epoch: 41	Batch time (0.387241)	Data time (0.008417)	Cuda time (0.000002)	Loss (12.990400)	Accuracy (0.909789)
EVALUATING
{'loss': 9.549000444412231, 'accuracy': 0.9336875075101853, 'perfect_match_accuracy': 0.149, 'cost_ratio_suggested_true': 1.1885365080833434, 'below_10.0_percent_acc': 0.819, 'below_1.0_percent_acc': 0.328, 'below_0.1_percent_acc': 0.301, 'below_0.01_percent_acc': 0.301, 'below_0.001_percent_acc': 0.297, 'below_0.0001_percent_acc': 0.297, 'valid_acc': 1.0}
Epoch: 42	Batch time (0.452726)	Data time (0.008763)	Cuda time (0.000002)	Loss (12.898200)	Accuracy (0.910429)
EVALUATING
{'loss': 9.572000303268432, 'accuracy': 0.9335277909040451, 'perfect_match_accuracy': 0.146, 'cost_ratio_suggested_true': 1.189533727169037, 'below_10.0_percent_acc': 0.818, 'below_1.0_percent_acc': 0.324, 'below_0.1_percent_acc': 0.298, 'below_0.01_percent_acc': 0.298, 'below_0.001_percent_acc': 0.294, 'below_0.0001_percent_acc': 0.294, 'valid_acc': 1.0}
Epoch: 43	Batch time (0.378042)	Data time (0.008201)	Cuda time (0.000002)	Loss (12.878400)	Accuracy (0.910567)
EVALUATING
{'loss': 9.553000235557557, 'accuracy': 0.9336597406864167, 'perfect_match_accuracy': 0.149, 'cost_ratio_suggested_true': 1.1874899137020112, 'below_10.0_percent_acc': 0.819, 'below_1.0_percent_acc': 0.325, 'below_0.1_percent_acc': 0.297, 'below_0.01_percent_acc': 0.297, 'below_0.001_percent_acc': 0.293, 'below_0.0001_percent_acc': 0.293, 'valid_acc': 1.0}
Epoch: 44	Batch time (0.437446)	Data time (0.008649)	Cuda time (0.000002)	Loss (12.896300)	Accuracy (0.910442)
EVALUATING
{'loss': 9.529000477790833, 'accuracy': 0.9338263994455338, 'perfect_match_accuracy': 0.149, 'cost_ratio_suggested_true': 1.1881952702999115, 'below_10.0_percent_acc': 0.821, 'below_1.0_percent_acc': 0.328, 'below_0.1_percent_acc': 0.299, 'below_0.01_percent_acc': 0.299, 'below_0.001_percent_acc': 0.295, 'below_0.0001_percent_acc': 0.295, 'valid_acc': 1.0}
Epoch: 45	Batch time (0.413560)	Data time (0.008233)	Cuda time (0.000002)	Loss (12.859600)	Accuracy (0.910697)
EVALUATING
{'loss': 9.519000391960144, 'accuracy': 0.9338958525657653, 'perfect_match_accuracy': 0.145, 'cost_ratio_suggested_true': 1.1877091610431671, 'below_10.0_percent_acc': 0.823, 'below_1.0_percent_acc': 0.325, 'below_0.1_percent_acc': 0.299, 'below_0.01_percent_acc': 0.299, 'below_0.001_percent_acc': 0.295, 'below_0.0001_percent_acc': 0.295, 'valid_acc': 1.0}
Epoch: 46	Batch time (0.414411)	Data time (0.007837)	Cuda time (0.000002)	Loss (12.780500)	Accuracy (0.911247)
EVALUATING
{'loss': 9.553000211715698, 'accuracy': 0.9336597436666488, 'perfect_match_accuracy': 0.145, 'cost_ratio_suggested_true': 1.1880596339702607, 'below_10.0_percent_acc': 0.82, 'below_1.0_percent_acc': 0.326, 'below_0.1_percent_acc': 0.297, 'below_0.01_percent_acc': 0.297, 'below_0.001_percent_acc': 0.293, 'below_0.0001_percent_acc': 0.293, 'valid_acc': 1.0}
Epoch: 47	Batch time (0.443780)	Data time (0.015675)	Cuda time (0.000002)	Loss (12.807200)	Accuracy (0.911061)
EVALUATING
{'loss': 9.49700044631958, 'accuracy': 0.9340486258268357, 'perfect_match_accuracy': 0.149, 'cost_ratio_suggested_true': 1.1832529592514038, 'below_10.0_percent_acc': 0.821, 'below_1.0_percent_acc': 0.329, 'below_0.1_percent_acc': 0.301, 'below_0.01_percent_acc': 0.301, 'below_0.001_percent_acc': 0.297, 'below_0.0001_percent_acc': 0.297, 'valid_acc': 1.0}
Epoch: 48	Batch time (0.432023)	Data time (0.008911)	Cuda time (0.000002)	Loss (12.898800)	Accuracy (0.910425)
EVALUATING
{'loss': 9.528000497817994, 'accuracy': 0.9338333541154862, 'perfect_match_accuracy': 0.149, 'cost_ratio_suggested_true': 1.185727549791336, 'below_10.0_percent_acc': 0.819, 'below_1.0_percent_acc': 0.327, 'below_0.1_percent_acc': 0.299, 'below_0.01_percent_acc': 0.299, 'below_0.001_percent_acc': 0.295, 'below_0.0001_percent_acc': 0.295, 'valid_acc': 1.0}
Epoch: 49	Batch time (0.436662)	Data time (0.007989)	Cuda time (0.000002)	Loss (12.858600)	Accuracy (0.910704)
EVALUATING
{'loss': 9.443000302314758, 'accuracy': 0.934423616528511, 'perfect_match_accuracy': 0.147, 'cost_ratio_suggested_true': 1.183636234998703, 'below_10.0_percent_acc': 0.826, 'below_1.0_percent_acc': 0.329, 'below_0.1_percent_acc': 0.302, 'below_0.01_percent_acc': 0.302, 'below_0.001_percent_acc': 0.298, 'below_0.0001_percent_acc': 0.298, 'valid_acc': 1.0}
Epoch: 50	Batch time (0.426048)	Data time (0.009704)	Cuda time (0.000002)	Loss (12.848600)	Accuracy (0.910774)
EVALUATING
{'loss': 9.398000383377076, 'accuracy': 0.9347361302375794, 'perfect_match_accuracy': 0.147, 'cost_ratio_suggested_true': 1.1836465418338775, 'below_10.0_percent_acc': 0.826, 'below_1.0_percent_acc': 0.332, 'below_0.1_percent_acc': 0.305, 'below_0.01_percent_acc': 0.305, 'below_0.001_percent_acc': 0.301, 'below_0.0001_percent_acc': 0.301, 'valid_acc': 1.0}
