No existing entry for trainer_params.mode.type
{}[type] = <class 'int'>(5)
No existing entry for trainer_params.mode.objective_type
{'type': 5}[objective_type] = <class 'str'>(normal)
No existing entry for trainer_params.mode.use_marginal
{'type': 5, 'objective_type': 'normal'}[use_marginal] = <class 'bool'>(True)
No existing entry for trainer_params.mode.nb_samples
{'type': 5, 'objective_type': 'normal', 'use_marginal': True}[nb_samples] = <class 'int'>(1)
No existing entry for trainer_params.mode.temperature
{'type': 5, 'objective_type': 'normal', 'use_marginal': True, 'nb_samples': 1}[temperature] = <class 'float'>(0.5)
No existing entry for trainer_params.mode.use_gamma
{'type': 5, 'objective_type': 'normal', 'use_marginal': True, 'nb_samples': 1, 'temperature': 0.5}[use_gamma] = <class 'bool'>(False)
No existing entry for trainer_params.mode.loss_type
{'type': 5, 'objective_type': 'normal', 'use_marginal': True, 'nb_samples': 1, 'temperature': 0.5, 'use_gamma': False}[loss_type] = <class 'str'>(normal)
No existing entry for trainer_params.mode.perturb_w
{'type': 5, 'objective_type': 'normal', 'use_marginal': True, 'nb_samples': 1, 'temperature': 0.5, 'use_gamma': False, 'loss_type': 'normal'}[perturb_w] = <class 'bool'>(False)
No existing entry for trainer_params.mode.perturb_w_prime
{'type': 5, 'objective_type': 'normal', 'use_marginal': True, 'nb_samples': 1, 'temperature': 0.5, 'use_gamma': False, 'loss_type': 'normal', 'perturb_w': False}[perturb_w_prime] = <class 'bool'>(False)
{'batch_size': 70, 'l1_regconst': 0.0, 'lambda_val': 20.0, 'lr_milestone_1': 30, 'lr_milestone_2': 40, 'model_params': {'arch_params': {}, 'model_name': 'CombResnet18'}, 'neighbourhood_fn': '8-grid', 'optimizer_name': 'Adam', 'optimizer_params': {'lr': 0.0005}, 'preload_batch': True, 'use_cuda': True, 'use_lr_scheduling': True, 'mode': {'type': 5, 'objective_type': 'normal', 'use_marginal': True, 'nb_samples': 1, 'temperature': 0.5, 'use_gamma': False, 'loss_type': 'normal', 'perturb_w': False, 'perturb_w_prime': False}}[lambda_val] = <class 'float'>(0.0)
{'data_dir': 'data/warcraft_shortest_path/12x12', 'evaluate_with_extra': False, 'normalize': True, 'use_local_path': False, 'use_test_set': True}[data_dir] = <class 'str'>(data/warcraft_shortest_path/12x12)
{'evaluate_every': 5, 'loader_params': {'data_dir': 'data/warcraft_shortest_path/12x12', 'evaluate_with_extra': False, 'normalize': True, 'use_local_path': False, 'use_test_set': True}, 'model_dir': 'results/warcraft_shortest_path_combresnet', 'num_cpus': 32, 'num_epochs': 50, 'problem_type': 'warcraft_shortest_path', 'ray_params': {}, 'save_visualizations': False, 'seed': 1, 'trainer_name': 'DijkstraMAP', 'trainer_params': {'batch_size': 70, 'l1_regconst': 0.0, 'lambda_val': 0.0, 'lr_milestone_1': 30, 'lr_milestone_2': 40, 'model_params': {'arch_params': {}, 'model_name': 'CombResnet18'}, 'neighbourhood_fn': '8-grid', 'optimizer_name': 'Adam', 'optimizer_params': {'lr': 0.0005}, 'preload_batch': True, 'use_cuda': True, 'use_lr_scheduling': True, 'mode': {'type': 5, 'objective_type': 'normal', 'use_marginal': True, 'nb_samples': 1, 'temperature': 0.5, 'use_gamma': False, 'loss_type': 'normal', 'perturb_w': False, 'perturb_w_prime': False}}, 'use_ray': True}[seed] = <class 'int'>(4)
{'evaluate_every': 5, 'loader_params': {'data_dir': 'data/warcraft_shortest_path/12x12', 'evaluate_with_extra': False, 'normalize': True, 'use_local_path': False, 'use_test_set': True}, 'model_dir': 'results/warcraft_shortest_path_combresnet', 'num_cpus': 32, 'num_epochs': 50, 'problem_type': 'warcraft_shortest_path', 'ray_params': {}, 'save_visualizations': False, 'seed': 4, 'trainer_name': 'DijkstraMAP', 'trainer_params': {'batch_size': 70, 'l1_regconst': 0.0, 'lambda_val': 0.0, 'lr_milestone_1': 30, 'lr_milestone_2': 40, 'model_params': {'arch_params': {}, 'model_name': 'CombResnet18'}, 'neighbourhood_fn': '8-grid', 'optimizer_name': 'Adam', 'optimizer_params': {'lr': 0.0005}, 'preload_batch': True, 'use_cuda': True, 'use_lr_scheduling': True, 'mode': {'type': 5, 'objective_type': 'normal', 'use_marginal': True, 'nb_samples': 1, 'temperature': 0.5, 'use_gamma': False, 'loss_type': 'normal', 'perturb_w': False, 'perturb_w_prime': False}}, 'use_ray': True}[evaluate_every] = <class 'int'>(1)
{'evaluate_every': 1, 'loader_params': {'data_dir': 'data/warcraft_shortest_path/12x12', 'evaluate_with_extra': False, 'normalize': True, 'use_local_path': False, 'use_test_set': True}, 'model_dir': 'results/warcraft_shortest_path_combresnet', 'num_cpus': 32, 'num_epochs': 50, 'problem_type': 'warcraft_shortest_path', 'ray_params': {}, 'save_visualizations': False, 'seed': 4, 'trainer_name': 'DijkstraMAP', 'trainer_params': {'batch_size': 70, 'l1_regconst': 0.0, 'lambda_val': 0.0, 'lr_milestone_1': 30, 'lr_milestone_2': 40, 'model_params': {'arch_params': {}, 'model_name': 'CombResnet18'}, 'neighbourhood_fn': '8-grid', 'optimizer_name': 'Adam', 'optimizer_params': {'lr': 0.0005}, 'preload_batch': True, 'use_cuda': True, 'use_lr_scheduling': True, 'mode': {'type': 5, 'objective_type': 'normal', 'use_marginal': True, 'nb_samples': 1, 'temperature': 0.5, 'use_gamma': False, 'loss_type': 'normal', 'perturb_w': False, 'perturb_w_prime': False}}, 'use_ray': True}[use_ray] = <class 'bool'>(False)
No existing entry for trainer_params.mode.type
{}[type] = <class 'int'>(5)
No existing entry for trainer_params.mode.objective_type
{'type': 5}[objective_type] = <class 'str'>(normal)
No existing entry for trainer_params.mode.use_marginal
{'type': 5, 'objective_type': 'normal'}[use_marginal] = <class 'bool'>(True)
No existing entry for trainer_params.mode.nb_samples
{'type': 5, 'objective_type': 'normal', 'use_marginal': True}[nb_samples] = <class 'int'>(1)
No existing entry for trainer_params.mode.temperature
{'type': 5, 'objective_type': 'normal', 'use_marginal': True, 'nb_samples': 1}[temperature] = <class 'float'>(0.5)
No existing entry for trainer_params.mode.use_gamma
{'type': 5, 'objective_type': 'normal', 'use_marginal': True, 'nb_samples': 1, 'temperature': 0.5}[use_gamma] = <class 'bool'>(False)
No existing entry for trainer_params.mode.loss_type
{'type': 5, 'objective_type': 'normal', 'use_marginal': True, 'nb_samples': 1, 'temperature': 0.5, 'use_gamma': False}[loss_type] = <class 'str'>(normal)
No existing entry for trainer_params.mode.perturb_w
{'type': 5, 'objective_type': 'normal', 'use_marginal': True, 'nb_samples': 1, 'temperature': 0.5, 'use_gamma': False, 'loss_type': 'normal'}[perturb_w] = <class 'bool'>(False)
No existing entry for trainer_params.mode.perturb_w_prime
{'type': 5, 'objective_type': 'normal', 'use_marginal': True, 'nb_samples': 1, 'temperature': 0.5, 'use_gamma': False, 'loss_type': 'normal', 'perturb_w': False}[perturb_w_prime] = <class 'bool'>(False)
{'batch_size': 70, 'l1_regconst': 0.0, 'lambda_val': 20.0, 'lr_milestone_1': 30, 'lr_milestone_2': 40, 'model_params': {'arch_params': {}, 'model_name': 'CombResnet18'}, 'neighbourhood_fn': '8-grid', 'optimizer_name': 'Adam', 'optimizer_params': {'lr': 0.0005}, 'preload_batch': True, 'use_cuda': True, 'use_lr_scheduling': True, 'mode': {'type': 5, 'objective_type': 'normal', 'use_marginal': True, 'nb_samples': 1, 'temperature': 0.5, 'use_gamma': False, 'loss_type': 'normal', 'perturb_w': False, 'perturb_w_prime': False}}[lambda_val] = <class 'float'>(0.0)
{'data_dir': 'data/warcraft_shortest_path/12x12', 'evaluate_with_extra': False, 'normalize': True, 'use_local_path': False, 'use_test_set': True}[data_dir] = <class 'str'>(data/warcraft_shortest_path/12x12)
{'evaluate_every': 5, 'loader_params': {'data_dir': 'data/warcraft_shortest_path/12x12', 'evaluate_with_extra': False, 'normalize': True, 'use_local_path': False, 'use_test_set': True}, 'model_dir': 'results/warcraft_shortest_path_combresnet', 'num_cpus': 32, 'num_epochs': 50, 'problem_type': 'warcraft_shortest_path', 'ray_params': {}, 'save_visualizations': False, 'seed': 1, 'trainer_name': 'DijkstraMAP', 'trainer_params': {'batch_size': 70, 'l1_regconst': 0.0, 'lambda_val': 0.0, 'lr_milestone_1': 30, 'lr_milestone_2': 40, 'model_params': {'arch_params': {}, 'model_name': 'CombResnet18'}, 'neighbourhood_fn': '8-grid', 'optimizer_name': 'Adam', 'optimizer_params': {'lr': 0.0005}, 'preload_batch': True, 'use_cuda': True, 'use_lr_scheduling': True, 'mode': {'type': 5, 'objective_type': 'normal', 'use_marginal': True, 'nb_samples': 1, 'temperature': 0.5, 'use_gamma': False, 'loss_type': 'normal', 'perturb_w': False, 'perturb_w_prime': False}}, 'use_ray': True}[seed] = <class 'int'>(4)
{'evaluate_every': 5, 'loader_params': {'data_dir': 'data/warcraft_shortest_path/12x12', 'evaluate_with_extra': False, 'normalize': True, 'use_local_path': False, 'use_test_set': True}, 'model_dir': 'results/warcraft_shortest_path_combresnet', 'num_cpus': 32, 'num_epochs': 50, 'problem_type': 'warcraft_shortest_path', 'ray_params': {}, 'save_visualizations': False, 'seed': 4, 'trainer_name': 'DijkstraMAP', 'trainer_params': {'batch_size': 70, 'l1_regconst': 0.0, 'lambda_val': 0.0, 'lr_milestone_1': 30, 'lr_milestone_2': 40, 'model_params': {'arch_params': {}, 'model_name': 'CombResnet18'}, 'neighbourhood_fn': '8-grid', 'optimizer_name': 'Adam', 'optimizer_params': {'lr': 0.0005}, 'preload_batch': True, 'use_cuda': True, 'use_lr_scheduling': True, 'mode': {'type': 5, 'objective_type': 'normal', 'use_marginal': True, 'nb_samples': 1, 'temperature': 0.5, 'use_gamma': False, 'loss_type': 'normal', 'perturb_w': False, 'perturb_w_prime': False}}, 'use_ray': True}[evaluate_every] = <class 'int'>(1)
{'evaluate_every': 1, 'loader_params': {'data_dir': 'data/warcraft_shortest_path/12x12', 'evaluate_with_extra': False, 'normalize': True, 'use_local_path': False, 'use_test_set': True}, 'model_dir': 'results/warcraft_shortest_path_combresnet', 'num_cpus': 32, 'num_epochs': 50, 'problem_type': 'warcraft_shortest_path', 'ray_params': {}, 'save_visualizations': False, 'seed': 4, 'trainer_name': 'DijkstraMAP', 'trainer_params': {'batch_size': 70, 'l1_regconst': 0.0, 'lambda_val': 0.0, 'lr_milestone_1': 30, 'lr_milestone_2': 40, 'model_params': {'arch_params': {}, 'model_name': 'CombResnet18'}, 'neighbourhood_fn': '8-grid', 'optimizer_name': 'Adam', 'optimizer_params': {'lr': 0.0005}, 'preload_batch': True, 'use_cuda': True, 'use_lr_scheduling': True, 'mode': {'type': 5, 'objective_type': 'normal', 'use_marginal': True, 'nb_samples': 1, 'temperature': 0.5, 'use_gamma': False, 'loss_type': 'normal', 'perturb_w': False, 'perturb_w_prime': False}}, 'use_ray': True}[use_ray] = <class 'bool'>(False)
{
    "evaluate_every": 1,
    "loader_params": {
        "data_dir": "data/warcraft_shortest_path/12x12",
        "evaluate_with_extra": false,
        "normalize": true,
        "use_local_path": false,
        "use_test_set": true
    },
    "model_dir": "results/warcraft_shortest_path_combresnet",
    "num_cpus": 32,
    "num_epochs": 50,
    "problem_type": "warcraft_shortest_path",
    "ray_params": {},
    "save_visualizations": false,
    "seed": 4,
    "trainer_name": "DijkstraMAP",
    "trainer_params": {
        "batch_size": 70,
        "l1_regconst": 0.0,
        "lambda_val": 0.0,
        "lr_milestone_1": 30,
        "lr_milestone_2": 40,
        "mode": {
            "loss_type": "normal",
            "nb_samples": 1,
            "objective_type": "normal",
            "perturb_w": false,
            "perturb_w_prime": false,
            "temperature": 0.5,
            "type": 5,
            "use_gamma": false,
            "use_marginal": true
        },
        "model_params": {
            "arch_params": {},
            "model_name": "CombResnet18"
        },
        "neighbourhood_fn": "8-grid",
        "optimizer_name": "Adam",
        "optimizer_params": {
            "lr": 0.0005
        },
        "preload_batch": true,
        "use_cuda": true,
        "use_lr_scheduling": true
    },
    "use_ray": false
}
MAP-BACKPROP MODE: {
    "loss_type": "normal",
    "nb_samples": 1,
    "objective_type": "normal",
    "perturb_w": false,
    "perturb_w_prime": false,
    "temperature": 0.5,
    "type": 5,
    "use_gamma": false,
    "use_marginal": true
}
True
META: {'input_image_size': 96, 'output_features': 144, 'num_channels': 3, 'denormalize': <maprop.decorators.input_to_numpy object at 0x2abe9496fc18>}
EVALUATING
{'loss': 17.520000133514404, 'accuracy': 0.8783333414793014, 'perfect_match_accuracy': 0.031, 'cost_ratio_suggested_true': 2.547342324256897, 'below_10.0_percent_acc': 0.108, 'below_1.0_percent_acc': 0.049, 'below_0.1_percent_acc': 0.047, 'below_0.01_percent_acc': 0.047, 'below_0.001_percent_acc': 0.031, 'below_0.0001_percent_acc': 0.031, 'valid_acc': 1.0}
Epoch: 1	Batch time (0.385962)	Data time (0.009190)	Cuda time (0.000002)	Loss (19.005301)	Accuracy (0.868019)
EVALUATING
{'loss': 16.11400071144104, 'accuracy': 0.8880972331762313, 'perfect_match_accuracy': 0.034, 'cost_ratio_suggested_true': 1.9108478379249574, 'below_10.0_percent_acc': 0.374, 'below_1.0_percent_acc': 0.086, 'below_0.1_percent_acc': 0.072, 'below_0.01_percent_acc': 0.072, 'below_0.001_percent_acc': 0.059, 'below_0.0001_percent_acc': 0.059, 'valid_acc': 1.0}
Epoch: 2	Batch time (0.369793)	Data time (0.008171)	Cuda time (0.000002)	Loss (17.752801)	Accuracy (0.876717)
EVALUATING
{'loss': 12.968000535964967, 'accuracy': 0.9099444538354874, 'perfect_match_accuracy': 0.056, 'cost_ratio_suggested_true': 1.6606301486492157, 'below_10.0_percent_acc': 0.526, 'below_1.0_percent_acc': 0.271, 'below_0.1_percent_acc': 0.243, 'below_0.01_percent_acc': 0.243, 'below_0.001_percent_acc': 0.218, 'below_0.0001_percent_acc': 0.218, 'valid_acc': 1.0}
Epoch: 3	Batch time (0.370213)	Data time (0.008830)	Cuda time (0.000002)	Loss (17.075601)	Accuracy (0.881419)
EVALUATING
{'loss': 13.526000356674194, 'accuracy': 0.9060694581270218, 'perfect_match_accuracy': 0.083, 'cost_ratio_suggested_true': 1.777955629825592, 'below_10.0_percent_acc': 0.461, 'below_1.0_percent_acc': 0.208, 'below_0.1_percent_acc': 0.188, 'below_0.01_percent_acc': 0.188, 'below_0.001_percent_acc': 0.17, 'below_0.0001_percent_acc': 0.17, 'valid_acc': 1.0}
Epoch: 4	Batch time (0.372546)	Data time (0.008866)	Cuda time (0.000002)	Loss (16.542001)	Accuracy (0.885125)
EVALUATING
{'loss': 13.265000581741333, 'accuracy': 0.9078819561004638, 'perfect_match_accuracy': 0.07, 'cost_ratio_suggested_true': 1.5789644825458526, 'below_10.0_percent_acc': 0.607, 'below_1.0_percent_acc': 0.185, 'below_0.1_percent_acc': 0.16, 'below_0.01_percent_acc': 0.16, 'below_0.001_percent_acc': 0.146, 'below_0.0001_percent_acc': 0.146, 'valid_acc': 1.0}
Epoch: 5	Batch time (0.353708)	Data time (0.008213)	Cuda time (0.000002)	Loss (16.584101)	Accuracy (0.884833)
EVALUATING
{'loss': 12.046000337600708, 'accuracy': 0.916347234249115, 'perfect_match_accuracy': 0.089, 'cost_ratio_suggested_true': 1.5155745100975038, 'below_10.0_percent_acc': 0.579, 'below_1.0_percent_acc': 0.291, 'below_0.1_percent_acc': 0.267, 'below_0.01_percent_acc': 0.267, 'below_0.001_percent_acc': 0.257, 'below_0.0001_percent_acc': 0.257, 'valid_acc': 1.0}
Epoch: 6	Batch time (0.365363)	Data time (0.008088)	Cuda time (0.000002)	Loss (16.224301)	Accuracy (0.887331)
EVALUATING
{'loss': 12.021000480651855, 'accuracy': 0.9165208458900451, 'perfect_match_accuracy': 0.096, 'cost_ratio_suggested_true': 1.6053397047519684, 'below_10.0_percent_acc': 0.562, 'below_1.0_percent_acc': 0.277, 'below_0.1_percent_acc': 0.251, 'below_0.01_percent_acc': 0.251, 'below_0.001_percent_acc': 0.242, 'below_0.0001_percent_acc': 0.242, 'valid_acc': 1.0}
Epoch: 7	Batch time (0.363994)	Data time (0.008208)	Cuda time (0.000002)	Loss (16.333601)	Accuracy (0.886572)
EVALUATING
{'loss': 12.411000299453736, 'accuracy': 0.9138125109672547, 'perfect_match_accuracy': 0.081, 'cost_ratio_suggested_true': 1.4010053288936615, 'below_10.0_percent_acc': 0.674, 'below_1.0_percent_acc': 0.209, 'below_0.1_percent_acc': 0.186, 'below_0.01_percent_acc': 0.186, 'below_0.001_percent_acc': 0.178, 'below_0.0001_percent_acc': 0.178, 'valid_acc': 1.0}
Epoch: 8	Batch time (0.366266)	Data time (0.007717)	Cuda time (0.000002)	Loss (15.811300)	Accuracy (0.890199)
EVALUATING
{'loss': 11.854000463485718, 'accuracy': 0.9176805639266967, 'perfect_match_accuracy': 0.072, 'cost_ratio_suggested_true': 1.2880664157867432, 'below_10.0_percent_acc': 0.761, 'below_1.0_percent_acc': 0.238, 'below_0.1_percent_acc': 0.202, 'below_0.01_percent_acc': 0.202, 'below_0.001_percent_acc': 0.196, 'below_0.0001_percent_acc': 0.196, 'valid_acc': 1.0}
Epoch: 9	Batch time (0.359607)	Data time (0.007983)	Cuda time (0.000002)	Loss (14.974501)	Accuracy (0.896010)
EVALUATING
{'loss': 12.112000265121459, 'accuracy': 0.9158889067173004, 'perfect_match_accuracy': 0.083, 'cost_ratio_suggested_true': 1.410622729063034, 'below_10.0_percent_acc': 0.7, 'below_1.0_percent_acc': 0.238, 'below_0.1_percent_acc': 0.215, 'below_0.01_percent_acc': 0.215, 'below_0.001_percent_acc': 0.204, 'below_0.0001_percent_acc': 0.204, 'valid_acc': 1.0}
Epoch: 10	Batch time (0.345066)	Data time (0.007444)	Cuda time (0.000002)	Loss (15.302601)	Accuracy (0.893732)
EVALUATING
{'loss': 12.337000246047973, 'accuracy': 0.9143264085054398, 'perfect_match_accuracy': 0.092, 'cost_ratio_suggested_true': 1.4615563344955445, 'below_10.0_percent_acc': 0.674, 'below_1.0_percent_acc': 0.215, 'below_0.1_percent_acc': 0.191, 'below_0.01_percent_acc': 0.191, 'below_0.001_percent_acc': 0.179, 'below_0.0001_percent_acc': 0.179, 'valid_acc': 1.0}
Epoch: 11	Batch time (0.366793)	Data time (0.007470)	Cuda time (0.000002)	Loss (14.971200)	Accuracy (0.896033)
EVALUATING
{'loss': 14.64900044441223, 'accuracy': 0.8982708472013473, 'perfect_match_accuracy': 0.042, 'cost_ratio_suggested_true': 1.8005193376541138, 'below_10.0_percent_acc': 0.326, 'below_1.0_percent_acc': 0.134, 'below_0.1_percent_acc': 0.12, 'below_0.01_percent_acc': 0.12, 'below_0.001_percent_acc': 0.114, 'below_0.0001_percent_acc': 0.114, 'valid_acc': 1.0}
Epoch: 12	Batch time (0.365349)	Data time (0.007775)	Cuda time (0.000002)	Loss (15.243200)	Accuracy (0.894144)
EVALUATING
{'loss': 12.652000589370727, 'accuracy': 0.9121388953924179, 'perfect_match_accuracy': 0.079, 'cost_ratio_suggested_true': 1.5365956509113312, 'below_10.0_percent_acc': 0.55, 'below_1.0_percent_acc': 0.208, 'below_0.1_percent_acc': 0.184, 'below_0.01_percent_acc': 0.184, 'below_0.001_percent_acc': 0.176, 'below_0.0001_percent_acc': 0.176, 'valid_acc': 1.0}
Epoch: 13	Batch time (0.362784)	Data time (0.007829)	Cuda time (0.000002)	Loss (15.216201)	Accuracy (0.894332)
EVALUATING
{'loss': 12.731000337600708, 'accuracy': 0.911590291261673, 'perfect_match_accuracy': 0.068, 'cost_ratio_suggested_true': 1.3675926768779754, 'below_10.0_percent_acc': 0.702, 'below_1.0_percent_acc': 0.198, 'below_0.1_percent_acc': 0.17, 'below_0.01_percent_acc': 0.17, 'below_0.001_percent_acc': 0.16, 'below_0.0001_percent_acc': 0.16, 'valid_acc': 1.0}
Epoch: 14	Batch time (0.369579)	Data time (0.008572)	Cuda time (0.000002)	Loss (15.285001)	Accuracy (0.893854)
EVALUATING
{'loss': 10.734000310897827, 'accuracy': 0.9254583394527436, 'perfect_match_accuracy': 0.115, 'cost_ratio_suggested_true': 1.319967737197876, 'below_10.0_percent_acc': 0.798, 'below_1.0_percent_acc': 0.384, 'below_0.1_percent_acc': 0.355, 'below_0.01_percent_acc': 0.355, 'below_0.001_percent_acc': 0.344, 'below_0.0001_percent_acc': 0.344, 'valid_acc': 1.0}
Epoch: 15	Batch time (0.375021)	Data time (0.008234)	Cuda time (0.000002)	Loss (15.041900)	Accuracy (0.895542)
EVALUATING
{'loss': 12.737000322341919, 'accuracy': 0.9115486204624176, 'perfect_match_accuracy': 0.094, 'cost_ratio_suggested_true': 1.4442258501052856, 'below_10.0_percent_acc': 0.653, 'below_1.0_percent_acc': 0.247, 'below_0.1_percent_acc': 0.226, 'below_0.01_percent_acc': 0.226, 'below_0.001_percent_acc': 0.213, 'below_0.0001_percent_acc': 0.213, 'valid_acc': 1.0}
Epoch: 16	Batch time (0.369645)	Data time (0.007880)	Cuda time (0.000002)	Loss (15.162500)	Accuracy (0.894705)
EVALUATING
{'loss': 10.38300033569336, 'accuracy': 0.9278958493471146, 'perfect_match_accuracy': 0.11, 'cost_ratio_suggested_true': 1.327249994277954, 'below_10.0_percent_acc': 0.683, 'below_1.0_percent_acc': 0.35, 'below_0.1_percent_acc': 0.313, 'below_0.01_percent_acc': 0.313, 'below_0.001_percent_acc': 0.304, 'below_0.0001_percent_acc': 0.304, 'valid_acc': 1.0}
Epoch: 17	Batch time (0.367797)	Data time (0.007911)	Cuda time (0.000002)	Loss (14.737901)	Accuracy (0.897653)
EVALUATING
{'loss': 11.710000581741333, 'accuracy': 0.9186805605888366, 'perfect_match_accuracy': 0.097, 'cost_ratio_suggested_true': 1.5291338551044464, 'below_10.0_percent_acc': 0.555, 'below_1.0_percent_acc': 0.281, 'below_0.1_percent_acc': 0.256, 'below_0.01_percent_acc': 0.256, 'below_0.001_percent_acc': 0.246, 'below_0.0001_percent_acc': 0.246, 'valid_acc': 1.0}
Epoch: 18	Batch time (0.368768)	Data time (0.007788)	Cuda time (0.000002)	Loss (14.128400)	Accuracy (0.901886)
EVALUATING
{'loss': 10.845000467300416, 'accuracy': 0.9246875131130219, 'perfect_match_accuracy': 0.125, 'cost_ratio_suggested_true': 1.313433963060379, 'below_10.0_percent_acc': 0.757, 'below_1.0_percent_acc': 0.347, 'below_0.1_percent_acc': 0.316, 'below_0.01_percent_acc': 0.316, 'below_0.001_percent_acc': 0.309, 'below_0.0001_percent_acc': 0.309, 'valid_acc': 1.0}
Epoch: 19	Batch time (0.374956)	Data time (0.007796)	Cuda time (0.000002)	Loss (14.186101)	Accuracy (0.901485)
EVALUATING
{'loss': 9.140000438690185, 'accuracy': 0.9365277886390686, 'perfect_match_accuracy': 0.146, 'cost_ratio_suggested_true': 1.1956859397888184, 'below_10.0_percent_acc': 0.872, 'below_1.0_percent_acc': 0.444, 'below_0.1_percent_acc': 0.411, 'below_0.01_percent_acc': 0.411, 'below_0.001_percent_acc': 0.403, 'below_0.0001_percent_acc': 0.403, 'valid_acc': 1.0}
Epoch: 20	Batch time (0.365095)	Data time (0.007806)	Cuda time (0.000002)	Loss (13.783400)	Accuracy (0.904282)
EVALUATING
{'loss': 9.39200038909912, 'accuracy': 0.9347777843475342, 'perfect_match_accuracy': 0.125, 'cost_ratio_suggested_true': 1.2072176718711853, 'below_10.0_percent_acc': 0.888, 'below_1.0_percent_acc': 0.434, 'below_0.1_percent_acc': 0.391, 'below_0.01_percent_acc': 0.391, 'below_0.001_percent_acc': 0.38, 'below_0.0001_percent_acc': 0.38, 'valid_acc': 1.0}
Epoch: 21	Batch time (0.368584)	Data time (0.007689)	Cuda time (0.000002)	Loss (14.085500)	Accuracy (0.902184)
EVALUATING
{'loss': 11.881000461578369, 'accuracy': 0.9174930608272552, 'perfect_match_accuracy': 0.128, 'cost_ratio_suggested_true': 1.474080605506897, 'below_10.0_percent_acc': 0.622, 'below_1.0_percent_acc': 0.243, 'below_0.1_percent_acc': 0.218, 'below_0.01_percent_acc': 0.218, 'below_0.001_percent_acc': 0.209, 'below_0.0001_percent_acc': 0.209, 'valid_acc': 1.0}
Epoch: 22	Batch time (0.369475)	Data time (0.007809)	Cuda time (0.000002)	Loss (13.923900)	Accuracy (0.903306)
EVALUATING
{'loss': 12.098000450134277, 'accuracy': 0.9159861248731613, 'perfect_match_accuracy': 0.097, 'cost_ratio_suggested_true': 1.4055815529823303, 'below_10.0_percent_acc': 0.671, 'below_1.0_percent_acc': 0.228, 'below_0.1_percent_acc': 0.203, 'below_0.01_percent_acc': 0.203, 'below_0.001_percent_acc': 0.192, 'below_0.0001_percent_acc': 0.192, 'valid_acc': 1.0}
Epoch: 23	Batch time (0.364533)	Data time (0.008759)	Cuda time (0.000002)	Loss (14.025301)	Accuracy (0.902602)
EVALUATING
{'loss': 11.618000431060791, 'accuracy': 0.9193194621801376, 'perfect_match_accuracy': 0.097, 'cost_ratio_suggested_true': 1.4222532284259797, 'below_10.0_percent_acc': 0.712, 'below_1.0_percent_acc': 0.257, 'below_0.1_percent_acc': 0.23, 'below_0.01_percent_acc': 0.23, 'below_0.001_percent_acc': 0.221, 'below_0.0001_percent_acc': 0.221, 'valid_acc': 1.0}
Epoch: 24	Batch time (0.351649)	Data time (0.007934)	Cuda time (0.000002)	Loss (13.785900)	Accuracy (0.904265)
EVALUATING
{'loss': 9.698000354766846, 'accuracy': 0.9326527976989746, 'perfect_match_accuracy': 0.138, 'cost_ratio_suggested_true': 1.2853988480567933, 'below_10.0_percent_acc': 0.81, 'below_1.0_percent_acc': 0.399, 'below_0.1_percent_acc': 0.368, 'below_0.01_percent_acc': 0.368, 'below_0.001_percent_acc': 0.356, 'below_0.0001_percent_acc': 0.356, 'valid_acc': 1.0}
Epoch: 25	Batch time (0.356952)	Data time (0.007538)	Cuda time (0.000002)	Loss (13.179500)	Accuracy (0.908476)
EVALUATING
{'loss': 10.48700041770935, 'accuracy': 0.9271736174821854, 'perfect_match_accuracy': 0.115, 'cost_ratio_suggested_true': 1.293031666278839, 'below_10.0_percent_acc': 0.755, 'below_1.0_percent_acc': 0.319, 'below_0.1_percent_acc': 0.283, 'below_0.01_percent_acc': 0.283, 'below_0.001_percent_acc': 0.273, 'below_0.0001_percent_acc': 0.273, 'valid_acc': 1.0}
Epoch: 26	Batch time (0.363079)	Data time (0.007430)	Cuda time (0.000002)	Loss (13.654800)	Accuracy (0.905175)
EVALUATING
{'loss': 10.641000280380249, 'accuracy': 0.9261041766405106, 'perfect_match_accuracy': 0.112, 'cost_ratio_suggested_true': 1.337167091369629, 'below_10.0_percent_acc': 0.753, 'below_1.0_percent_acc': 0.294, 'below_0.1_percent_acc': 0.255, 'below_0.01_percent_acc': 0.255, 'below_0.001_percent_acc': 0.246, 'below_0.0001_percent_acc': 0.246, 'valid_acc': 1.0}
Epoch: 27	Batch time (0.372153)	Data time (0.007685)	Cuda time (0.000002)	Loss (14.007900)	Accuracy (0.902723)
EVALUATING
{'loss': 11.607000436782837, 'accuracy': 0.9193958514928817, 'perfect_match_accuracy': 0.102, 'cost_ratio_suggested_true': 1.3988107919692994, 'below_10.0_percent_acc': 0.695, 'below_1.0_percent_acc': 0.25, 'below_0.1_percent_acc': 0.227, 'below_0.01_percent_acc': 0.227, 'below_0.001_percent_acc': 0.224, 'below_0.0001_percent_acc': 0.224, 'valid_acc': 1.0}
Epoch: 28	Batch time (0.374922)	Data time (0.008764)	Cuda time (0.000002)	Loss (13.576700)	Accuracy (0.905717)
EVALUATING
{'loss': 11.675000467300414, 'accuracy': 0.9189236229658126, 'perfect_match_accuracy': 0.097, 'cost_ratio_suggested_true': 1.341088948249817, 'below_10.0_percent_acc': 0.711, 'below_1.0_percent_acc': 0.274, 'below_0.1_percent_acc': 0.243, 'below_0.01_percent_acc': 0.243, 'below_0.001_percent_acc': 0.238, 'below_0.0001_percent_acc': 0.238, 'valid_acc': 1.0}
Epoch: 29	Batch time (0.370392)	Data time (0.008321)	Cuda time (0.000002)	Loss (14.166500)	Accuracy (0.901622)
EVALUATING
{'loss': 11.054000186920167, 'accuracy': 0.9232361209392548, 'perfect_match_accuracy': 0.111, 'cost_ratio_suggested_true': 1.358484342098236, 'below_10.0_percent_acc': 0.723, 'below_1.0_percent_acc': 0.299, 'below_0.1_percent_acc': 0.265, 'below_0.01_percent_acc': 0.265, 'below_0.001_percent_acc': 0.258, 'below_0.0001_percent_acc': 0.258, 'valid_acc': 1.0}
Epoch: 30	Batch time (0.368078)	Data time (0.007516)	Cuda time (0.000002)	Loss (13.408500)	Accuracy (0.906885)
EVALUATING
{'loss': 10.061000394821168, 'accuracy': 0.9301319587230682, 'perfect_match_accuracy': 0.127, 'cost_ratio_suggested_true': 1.262231525182724, 'below_10.0_percent_acc': 0.803, 'below_1.0_percent_acc': 0.339, 'below_0.1_percent_acc': 0.305, 'below_0.01_percent_acc': 0.305, 'below_0.001_percent_acc': 0.298, 'below_0.0001_percent_acc': 0.298, 'valid_acc': 1.0}
Epoch: 31	Batch time (0.367863)	Data time (0.007925)	Cuda time (0.000002)	Loss (13.549600)	Accuracy (0.905906)
EVALUATING
{'loss': 10.327000350952149, 'accuracy': 0.9282847416400909, 'perfect_match_accuracy': 0.132, 'cost_ratio_suggested_true': 1.2761904466152192, 'below_10.0_percent_acc': 0.775, 'below_1.0_percent_acc': 0.324, 'below_0.1_percent_acc': 0.29, 'below_0.01_percent_acc': 0.29, 'below_0.001_percent_acc': 0.284, 'below_0.0001_percent_acc': 0.284, 'valid_acc': 1.0}
Epoch: 32	Batch time (0.370779)	Data time (0.008549)	Cuda time (0.000002)	Loss (13.403800)	Accuracy (0.906918)
EVALUATING
{'loss': 10.105000553131104, 'accuracy': 0.9298263990879059, 'perfect_match_accuracy': 0.136, 'cost_ratio_suggested_true': 1.2556830585002898, 'below_10.0_percent_acc': 0.81, 'below_1.0_percent_acc': 0.337, 'below_0.1_percent_acc': 0.301, 'below_0.01_percent_acc': 0.301, 'below_0.001_percent_acc': 0.294, 'below_0.0001_percent_acc': 0.294, 'valid_acc': 1.0}
Epoch: 33	Batch time (0.374116)	Data time (0.007531)	Cuda time (0.000002)	Loss (12.985300)	Accuracy (0.909824)
EVALUATING
{'loss': 9.841000204086304, 'accuracy': 0.9316597348451614, 'perfect_match_accuracy': 0.139, 'cost_ratio_suggested_true': 1.236416721343994, 'below_10.0_percent_acc': 0.831, 'below_1.0_percent_acc': 0.352, 'below_0.1_percent_acc': 0.312, 'below_0.01_percent_acc': 0.312, 'below_0.001_percent_acc': 0.304, 'below_0.0001_percent_acc': 0.304, 'valid_acc': 1.0}
Epoch: 34	Batch time (0.369127)	Data time (0.007987)	Cuda time (0.000002)	Loss (12.926200)	Accuracy (0.910235)
EVALUATING
{'loss': 9.75500027179718, 'accuracy': 0.9322569531202316, 'perfect_match_accuracy': 0.13, 'cost_ratio_suggested_true': 1.2279104602336883, 'below_10.0_percent_acc': 0.845, 'below_1.0_percent_acc': 0.347, 'below_0.1_percent_acc': 0.304, 'below_0.01_percent_acc': 0.304, 'below_0.001_percent_acc': 0.297, 'below_0.0001_percent_acc': 0.297, 'valid_acc': 1.0}
Epoch: 35	Batch time (0.374127)	Data time (0.008342)	Cuda time (0.000002)	Loss (12.621200)	Accuracy (0.912353)
EVALUATING
{'loss': 9.367000546455383, 'accuracy': 0.9349514001607895, 'perfect_match_accuracy': 0.143, 'cost_ratio_suggested_true': 1.2080878841876983, 'below_10.0_percent_acc': 0.863, 'below_1.0_percent_acc': 0.372, 'below_0.1_percent_acc': 0.326, 'below_0.01_percent_acc': 0.326, 'below_0.001_percent_acc': 0.316, 'below_0.0001_percent_acc': 0.316, 'valid_acc': 1.0}
Epoch: 36	Batch time (0.373907)	Data time (0.007641)	Cuda time (0.000002)	Loss (12.706100)	Accuracy (0.911763)
EVALUATING
{'loss': 9.250000262260437, 'accuracy': 0.9357639044523239, 'perfect_match_accuracy': 0.151, 'cost_ratio_suggested_true': 1.2067141330242157, 'below_10.0_percent_acc': 0.859, 'below_1.0_percent_acc': 0.369, 'below_0.1_percent_acc': 0.323, 'below_0.01_percent_acc': 0.323, 'below_0.001_percent_acc': 0.315, 'below_0.0001_percent_acc': 0.315, 'valid_acc': 1.0}
Epoch: 37	Batch time (0.372455)	Data time (0.008117)	Cuda time (0.000002)	Loss (12.516600)	Accuracy (0.913079)
EVALUATING
{'loss': 9.206000204086303, 'accuracy': 0.9360694628953934, 'perfect_match_accuracy': 0.148, 'cost_ratio_suggested_true': 1.1947621846199035, 'below_10.0_percent_acc': 0.88, 'below_1.0_percent_acc': 0.38, 'below_0.1_percent_acc': 0.335, 'below_0.01_percent_acc': 0.335, 'below_0.001_percent_acc': 0.326, 'below_0.0001_percent_acc': 0.326, 'valid_acc': 1.0}
Epoch: 38	Batch time (0.371547)	Data time (0.007686)	Cuda time (0.000002)	Loss (12.429900)	Accuracy (0.913681)
EVALUATING
{'loss': 9.209000282287597, 'accuracy': 0.9360486257076264, 'perfect_match_accuracy': 0.144, 'cost_ratio_suggested_true': 1.1941918337345123, 'below_10.0_percent_acc': 0.879, 'below_1.0_percent_acc': 0.377, 'below_0.1_percent_acc': 0.327, 'below_0.01_percent_acc': 0.327, 'below_0.001_percent_acc': 0.317, 'below_0.0001_percent_acc': 0.317, 'valid_acc': 1.0}
Epoch: 39	Batch time (0.370748)	Data time (0.007481)	Cuda time (0.000002)	Loss (12.359900)	Accuracy (0.914167)
EVALUATING
{'loss': 9.125000052452087, 'accuracy': 0.9366319549083709, 'perfect_match_accuracy': 0.147, 'cost_ratio_suggested_true': 1.191098574399948, 'below_10.0_percent_acc': 0.887, 'below_1.0_percent_acc': 0.385, 'below_0.1_percent_acc': 0.339, 'below_0.01_percent_acc': 0.339, 'below_0.001_percent_acc': 0.329, 'below_0.0001_percent_acc': 0.329, 'valid_acc': 1.0}
Epoch: 40	Batch time (0.378207)	Data time (0.008228)	Cuda time (0.000002)	Loss (12.374400)	Accuracy (0.914067)
EVALUATING
{'loss': 9.16300045967102, 'accuracy': 0.9363680756092072, 'perfect_match_accuracy': 0.143, 'cost_ratio_suggested_true': 1.1991854572296143, 'below_10.0_percent_acc': 0.886, 'below_1.0_percent_acc': 0.388, 'below_0.1_percent_acc': 0.346, 'below_0.01_percent_acc': 0.346, 'below_0.001_percent_acc': 0.337, 'below_0.0001_percent_acc': 0.337, 'valid_acc': 1.0}
Epoch: 41	Batch time (0.373200)	Data time (0.007460)	Cuda time (0.000002)	Loss (12.285200)	Accuracy (0.914686)
EVALUATING
{'loss': 9.155000376701356, 'accuracy': 0.9364236259460449, 'perfect_match_accuracy': 0.144, 'cost_ratio_suggested_true': 1.199080216884613, 'below_10.0_percent_acc': 0.888, 'below_1.0_percent_acc': 0.389, 'below_0.1_percent_acc': 0.347, 'below_0.01_percent_acc': 0.347, 'below_0.001_percent_acc': 0.338, 'below_0.0001_percent_acc': 0.338, 'valid_acc': 1.0}
Epoch: 42	Batch time (0.365471)	Data time (0.007914)	Cuda time (0.000002)	Loss (12.333200)	Accuracy (0.914353)
EVALUATING
{'loss': 9.135000305175781, 'accuracy': 0.936562511920929, 'perfect_match_accuracy': 0.144, 'cost_ratio_suggested_true': 1.1998633098602296, 'below_10.0_percent_acc': 0.888, 'below_1.0_percent_acc': 0.389, 'below_0.1_percent_acc': 0.347, 'below_0.01_percent_acc': 0.347, 'below_0.001_percent_acc': 0.338, 'below_0.0001_percent_acc': 0.338, 'valid_acc': 1.0}
Epoch: 43	Batch time (0.362900)	Data time (0.007779)	Cuda time (0.000002)	Loss (12.329600)	Accuracy (0.914378)
EVALUATING
{'loss': 9.173000144958497, 'accuracy': 0.9362986308336257, 'perfect_match_accuracy': 0.144, 'cost_ratio_suggested_true': 1.2017803359031678, 'below_10.0_percent_acc': 0.885, 'below_1.0_percent_acc': 0.388, 'below_0.1_percent_acc': 0.346, 'below_0.01_percent_acc': 0.346, 'below_0.001_percent_acc': 0.337, 'below_0.0001_percent_acc': 0.337, 'valid_acc': 1.0}
Epoch: 44	Batch time (0.368851)	Data time (0.007511)	Cuda time (0.000002)	Loss (12.248600)	Accuracy (0.914940)
EVALUATING
{'loss': 9.106000208854676, 'accuracy': 0.93676389336586, 'perfect_match_accuracy': 0.146, 'cost_ratio_suggested_true': 1.200243934392929, 'below_10.0_percent_acc': 0.889, 'below_1.0_percent_acc': 0.39, 'below_0.1_percent_acc': 0.348, 'below_0.01_percent_acc': 0.348, 'below_0.001_percent_acc': 0.339, 'below_0.0001_percent_acc': 0.339, 'valid_acc': 1.0}
Epoch: 45	Batch time (0.354531)	Data time (0.007634)	Cuda time (0.000002)	Loss (12.264300)	Accuracy (0.914831)
EVALUATING
{'loss': 9.097000179290772, 'accuracy': 0.936826404929161, 'perfect_match_accuracy': 0.144, 'cost_ratio_suggested_true': 1.1993892514705657, 'below_10.0_percent_acc': 0.888, 'below_1.0_percent_acc': 0.389, 'below_0.1_percent_acc': 0.347, 'below_0.01_percent_acc': 0.347, 'below_0.001_percent_acc': 0.338, 'below_0.0001_percent_acc': 0.338, 'valid_acc': 1.0}
Epoch: 46	Batch time (0.360470)	Data time (0.007650)	Cuda time (0.000002)	Loss (12.344900)	Accuracy (0.914272)
EVALUATING
{'loss': 9.113000168800355, 'accuracy': 0.9367152857780456, 'perfect_match_accuracy': 0.146, 'cost_ratio_suggested_true': 1.2002841973304748, 'below_10.0_percent_acc': 0.888, 'below_1.0_percent_acc': 0.39, 'below_0.1_percent_acc': 0.347, 'below_0.01_percent_acc': 0.347, 'below_0.001_percent_acc': 0.338, 'below_0.0001_percent_acc': 0.338, 'valid_acc': 1.0}
Epoch: 47	Batch time (0.359549)	Data time (0.007298)	Cuda time (0.000002)	Loss (12.114000)	Accuracy (0.915875)
EVALUATING
{'loss': 9.119000225067138, 'accuracy': 0.9366736274957657, 'perfect_match_accuracy': 0.146, 'cost_ratio_suggested_true': 1.1971022713184356, 'below_10.0_percent_acc': 0.891, 'below_1.0_percent_acc': 0.388, 'below_0.1_percent_acc': 0.344, 'below_0.01_percent_acc': 0.344, 'below_0.001_percent_acc': 0.335, 'below_0.0001_percent_acc': 0.335, 'valid_acc': 1.0}
Epoch: 48	Batch time (0.353983)	Data time (0.007606)	Cuda time (0.000002)	Loss (12.201700)	Accuracy (0.915266)
EVALUATING
{'loss': 9.093000197410584, 'accuracy': 0.9368541848659515, 'perfect_match_accuracy': 0.145, 'cost_ratio_suggested_true': 1.198401449918747, 'below_10.0_percent_acc': 0.89, 'below_1.0_percent_acc': 0.386, 'below_0.1_percent_acc': 0.343, 'below_0.01_percent_acc': 0.343, 'below_0.001_percent_acc': 0.334, 'below_0.0001_percent_acc': 0.334, 'valid_acc': 1.0}
Epoch: 49	Batch time (0.359454)	Data time (0.007583)	Cuda time (0.000002)	Loss (12.305301)	Accuracy (0.914547)
EVALUATING
{'loss': 9.098000211715698, 'accuracy': 0.9368194597959518, 'perfect_match_accuracy': 0.146, 'cost_ratio_suggested_true': 1.1994174778461457, 'below_10.0_percent_acc': 0.888, 'below_1.0_percent_acc': 0.384, 'below_0.1_percent_acc': 0.343, 'below_0.01_percent_acc': 0.343, 'below_0.001_percent_acc': 0.334, 'below_0.0001_percent_acc': 0.334, 'valid_acc': 1.0}
Epoch: 50	Batch time (0.358871)	Data time (0.007195)	Cuda time (0.000002)	Loss (12.276600)	Accuracy (0.914746)
EVALUATING
{'loss': 9.120000128746033, 'accuracy': 0.9366666781902313, 'perfect_match_accuracy': 0.146, 'cost_ratio_suggested_true': 1.1994414031505585, 'below_10.0_percent_acc': 0.89, 'below_1.0_percent_acc': 0.385, 'below_0.1_percent_acc': 0.344, 'below_0.01_percent_acc': 0.344, 'below_0.001_percent_acc': 0.336, 'below_0.0001_percent_acc': 0.336, 'valid_acc': 1.0}
