No existing entry for trainer_params.mode.type
{}[type] = <class 'int'>(5)
No existing entry for trainer_params.mode.objective_type
{'type': 5}[objective_type] = <class 'str'>(normal)
No existing entry for trainer_params.mode.use_marginal
{'type': 5, 'objective_type': 'normal'}[use_marginal] = <class 'bool'>(True)
No existing entry for trainer_params.mode.nb_samples
{'type': 5, 'objective_type': 'normal', 'use_marginal': True}[nb_samples] = <class 'int'>(1)
No existing entry for trainer_params.mode.temperature
{'type': 5, 'objective_type': 'normal', 'use_marginal': True, 'nb_samples': 1}[temperature] = <class 'float'>(0.2)
No existing entry for trainer_params.mode.use_gamma
{'type': 5, 'objective_type': 'normal', 'use_marginal': True, 'nb_samples': 1, 'temperature': 0.2}[use_gamma] = <class 'bool'>(False)
No existing entry for trainer_params.mode.loss_type
{'type': 5, 'objective_type': 'normal', 'use_marginal': True, 'nb_samples': 1, 'temperature': 0.2, 'use_gamma': False}[loss_type] = <class 'str'>(normal)
No existing entry for trainer_params.mode.perturb_w
{'type': 5, 'objective_type': 'normal', 'use_marginal': True, 'nb_samples': 1, 'temperature': 0.2, 'use_gamma': False, 'loss_type': 'normal'}[perturb_w] = <class 'bool'>(False)
No existing entry for trainer_params.mode.perturb_w_prime
{'type': 5, 'objective_type': 'normal', 'use_marginal': True, 'nb_samples': 1, 'temperature': 0.2, 'use_gamma': False, 'loss_type': 'normal', 'perturb_w': False}[perturb_w_prime] = <class 'bool'>(False)
{'batch_size': 70, 'l1_regconst': 0.0, 'lambda_val': 20.0, 'lr_milestone_1': 30, 'lr_milestone_2': 40, 'model_params': {'arch_params': {}, 'model_name': 'CombResnet18'}, 'neighbourhood_fn': '8-grid', 'optimizer_name': 'Adam', 'optimizer_params': {'lr': 0.0005}, 'preload_batch': True, 'use_cuda': True, 'use_lr_scheduling': True, 'mode': {'type': 5, 'objective_type': 'normal', 'use_marginal': True, 'nb_samples': 1, 'temperature': 0.2, 'use_gamma': False, 'loss_type': 'normal', 'perturb_w': False, 'perturb_w_prime': False}}[lambda_val] = <class 'float'>(0.0)
{'data_dir': 'data/warcraft_shortest_path/12x12', 'evaluate_with_extra': False, 'normalize': True, 'use_local_path': False, 'use_test_set': True}[data_dir] = <class 'str'>(data/warcraft_shortest_path/18x18)
{'evaluate_every': 5, 'loader_params': {'data_dir': 'data/warcraft_shortest_path/18x18', 'evaluate_with_extra': False, 'normalize': True, 'use_local_path': False, 'use_test_set': True}, 'model_dir': 'results/warcraft_shortest_path_combresnet', 'num_cpus': 40, 'num_epochs': 50, 'problem_type': 'warcraft_shortest_path', 'ray_params': {}, 'save_visualizations': False, 'seed': 1, 'trainer_name': 'DijkstraMAP', 'trainer_params': {'batch_size': 70, 'l1_regconst': 0.0, 'lambda_val': 0.0, 'lr_milestone_1': 30, 'lr_milestone_2': 40, 'model_params': {'arch_params': {}, 'model_name': 'CombResnet18'}, 'neighbourhood_fn': '8-grid', 'optimizer_name': 'Adam', 'optimizer_params': {'lr': 0.0005}, 'preload_batch': True, 'use_cuda': True, 'use_lr_scheduling': True, 'mode': {'type': 5, 'objective_type': 'normal', 'use_marginal': True, 'nb_samples': 1, 'temperature': 0.2, 'use_gamma': False, 'loss_type': 'normal', 'perturb_w': False, 'perturb_w_prime': False}}, 'use_ray': True}[seed] = <class 'int'>(1)
{'evaluate_every': 5, 'loader_params': {'data_dir': 'data/warcraft_shortest_path/18x18', 'evaluate_with_extra': False, 'normalize': True, 'use_local_path': False, 'use_test_set': True}, 'model_dir': 'results/warcraft_shortest_path_combresnet', 'num_cpus': 40, 'num_epochs': 50, 'problem_type': 'warcraft_shortest_path', 'ray_params': {}, 'save_visualizations': False, 'seed': 1, 'trainer_name': 'DijkstraMAP', 'trainer_params': {'batch_size': 70, 'l1_regconst': 0.0, 'lambda_val': 0.0, 'lr_milestone_1': 30, 'lr_milestone_2': 40, 'model_params': {'arch_params': {}, 'model_name': 'CombResnet18'}, 'neighbourhood_fn': '8-grid', 'optimizer_name': 'Adam', 'optimizer_params': {'lr': 0.0005}, 'preload_batch': True, 'use_cuda': True, 'use_lr_scheduling': True, 'mode': {'type': 5, 'objective_type': 'normal', 'use_marginal': True, 'nb_samples': 1, 'temperature': 0.2, 'use_gamma': False, 'loss_type': 'normal', 'perturb_w': False, 'perturb_w_prime': False}}, 'use_ray': True}[evaluate_every] = <class 'int'>(1)
{'evaluate_every': 1, 'loader_params': {'data_dir': 'data/warcraft_shortest_path/18x18', 'evaluate_with_extra': False, 'normalize': True, 'use_local_path': False, 'use_test_set': True}, 'model_dir': 'results/warcraft_shortest_path_combresnet', 'num_cpus': 40, 'num_epochs': 50, 'problem_type': 'warcraft_shortest_path', 'ray_params': {}, 'save_visualizations': False, 'seed': 1, 'trainer_name': 'DijkstraMAP', 'trainer_params': {'batch_size': 70, 'l1_regconst': 0.0, 'lambda_val': 0.0, 'lr_milestone_1': 30, 'lr_milestone_2': 40, 'model_params': {'arch_params': {}, 'model_name': 'CombResnet18'}, 'neighbourhood_fn': '8-grid', 'optimizer_name': 'Adam', 'optimizer_params': {'lr': 0.0005}, 'preload_batch': True, 'use_cuda': True, 'use_lr_scheduling': True, 'mode': {'type': 5, 'objective_type': 'normal', 'use_marginal': True, 'nb_samples': 1, 'temperature': 0.2, 'use_gamma': False, 'loss_type': 'normal', 'perturb_w': False, 'perturb_w_prime': False}}, 'use_ray': True}[use_ray] = <class 'bool'>(False)
No existing entry for trainer_params.mode.type
{}[type] = <class 'int'>(5)
No existing entry for trainer_params.mode.objective_type
{'type': 5}[objective_type] = <class 'str'>(normal)
No existing entry for trainer_params.mode.use_marginal
{'type': 5, 'objective_type': 'normal'}[use_marginal] = <class 'bool'>(True)
No existing entry for trainer_params.mode.nb_samples
{'type': 5, 'objective_type': 'normal', 'use_marginal': True}[nb_samples] = <class 'int'>(1)
No existing entry for trainer_params.mode.temperature
{'type': 5, 'objective_type': 'normal', 'use_marginal': True, 'nb_samples': 1}[temperature] = <class 'float'>(0.2)
No existing entry for trainer_params.mode.use_gamma
{'type': 5, 'objective_type': 'normal', 'use_marginal': True, 'nb_samples': 1, 'temperature': 0.2}[use_gamma] = <class 'bool'>(False)
No existing entry for trainer_params.mode.loss_type
{'type': 5, 'objective_type': 'normal', 'use_marginal': True, 'nb_samples': 1, 'temperature': 0.2, 'use_gamma': False}[loss_type] = <class 'str'>(normal)
No existing entry for trainer_params.mode.perturb_w
{'type': 5, 'objective_type': 'normal', 'use_marginal': True, 'nb_samples': 1, 'temperature': 0.2, 'use_gamma': False, 'loss_type': 'normal'}[perturb_w] = <class 'bool'>(False)
No existing entry for trainer_params.mode.perturb_w_prime
{'type': 5, 'objective_type': 'normal', 'use_marginal': True, 'nb_samples': 1, 'temperature': 0.2, 'use_gamma': False, 'loss_type': 'normal', 'perturb_w': False}[perturb_w_prime] = <class 'bool'>(False)
{'batch_size': 70, 'l1_regconst': 0.0, 'lambda_val': 20.0, 'lr_milestone_1': 30, 'lr_milestone_2': 40, 'model_params': {'arch_params': {}, 'model_name': 'CombResnet18'}, 'neighbourhood_fn': '8-grid', 'optimizer_name': 'Adam', 'optimizer_params': {'lr': 0.0005}, 'preload_batch': True, 'use_cuda': True, 'use_lr_scheduling': True, 'mode': {'type': 5, 'objective_type': 'normal', 'use_marginal': True, 'nb_samples': 1, 'temperature': 0.2, 'use_gamma': False, 'loss_type': 'normal', 'perturb_w': False, 'perturb_w_prime': False}}[lambda_val] = <class 'float'>(0.0)
{'data_dir': 'data/warcraft_shortest_path/12x12', 'evaluate_with_extra': False, 'normalize': True, 'use_local_path': False, 'use_test_set': True}[data_dir] = <class 'str'>(data/warcraft_shortest_path/18x18)
{'evaluate_every': 5, 'loader_params': {'data_dir': 'data/warcraft_shortest_path/18x18', 'evaluate_with_extra': False, 'normalize': True, 'use_local_path': False, 'use_test_set': True}, 'model_dir': 'results/warcraft_shortest_path_combresnet', 'num_cpus': 40, 'num_epochs': 50, 'problem_type': 'warcraft_shortest_path', 'ray_params': {}, 'save_visualizations': False, 'seed': 1, 'trainer_name': 'DijkstraMAP', 'trainer_params': {'batch_size': 70, 'l1_regconst': 0.0, 'lambda_val': 0.0, 'lr_milestone_1': 30, 'lr_milestone_2': 40, 'model_params': {'arch_params': {}, 'model_name': 'CombResnet18'}, 'neighbourhood_fn': '8-grid', 'optimizer_name': 'Adam', 'optimizer_params': {'lr': 0.0005}, 'preload_batch': True, 'use_cuda': True, 'use_lr_scheduling': True, 'mode': {'type': 5, 'objective_type': 'normal', 'use_marginal': True, 'nb_samples': 1, 'temperature': 0.2, 'use_gamma': False, 'loss_type': 'normal', 'perturb_w': False, 'perturb_w_prime': False}}, 'use_ray': True}[seed] = <class 'int'>(1)
{'evaluate_every': 5, 'loader_params': {'data_dir': 'data/warcraft_shortest_path/18x18', 'evaluate_with_extra': False, 'normalize': True, 'use_local_path': False, 'use_test_set': True}, 'model_dir': 'results/warcraft_shortest_path_combresnet', 'num_cpus': 40, 'num_epochs': 50, 'problem_type': 'warcraft_shortest_path', 'ray_params': {}, 'save_visualizations': False, 'seed': 1, 'trainer_name': 'DijkstraMAP', 'trainer_params': {'batch_size': 70, 'l1_regconst': 0.0, 'lambda_val': 0.0, 'lr_milestone_1': 30, 'lr_milestone_2': 40, 'model_params': {'arch_params': {}, 'model_name': 'CombResnet18'}, 'neighbourhood_fn': '8-grid', 'optimizer_name': 'Adam', 'optimizer_params': {'lr': 0.0005}, 'preload_batch': True, 'use_cuda': True, 'use_lr_scheduling': True, 'mode': {'type': 5, 'objective_type': 'normal', 'use_marginal': True, 'nb_samples': 1, 'temperature': 0.2, 'use_gamma': False, 'loss_type': 'normal', 'perturb_w': False, 'perturb_w_prime': False}}, 'use_ray': True}[evaluate_every] = <class 'int'>(1)
{'evaluate_every': 1, 'loader_params': {'data_dir': 'data/warcraft_shortest_path/18x18', 'evaluate_with_extra': False, 'normalize': True, 'use_local_path': False, 'use_test_set': True}, 'model_dir': 'results/warcraft_shortest_path_combresnet', 'num_cpus': 40, 'num_epochs': 50, 'problem_type': 'warcraft_shortest_path', 'ray_params': {}, 'save_visualizations': False, 'seed': 1, 'trainer_name': 'DijkstraMAP', 'trainer_params': {'batch_size': 70, 'l1_regconst': 0.0, 'lambda_val': 0.0, 'lr_milestone_1': 30, 'lr_milestone_2': 40, 'model_params': {'arch_params': {}, 'model_name': 'CombResnet18'}, 'neighbourhood_fn': '8-grid', 'optimizer_name': 'Adam', 'optimizer_params': {'lr': 0.0005}, 'preload_batch': True, 'use_cuda': True, 'use_lr_scheduling': True, 'mode': {'type': 5, 'objective_type': 'normal', 'use_marginal': True, 'nb_samples': 1, 'temperature': 0.2, 'use_gamma': False, 'loss_type': 'normal', 'perturb_w': False, 'perturb_w_prime': False}}, 'use_ray': True}[use_ray] = <class 'bool'>(False)
{
    "evaluate_every": 1,
    "loader_params": {
        "data_dir": "data/warcraft_shortest_path/18x18",
        "evaluate_with_extra": false,
        "normalize": true,
        "use_local_path": false,
        "use_test_set": true
    },
    "model_dir": "results/warcraft_shortest_path_combresnet",
    "num_cpus": 40,
    "num_epochs": 50,
    "problem_type": "warcraft_shortest_path",
    "ray_params": {},
    "save_visualizations": false,
    "seed": 1,
    "trainer_name": "DijkstraMAP",
    "trainer_params": {
        "batch_size": 70,
        "l1_regconst": 0.0,
        "lambda_val": 0.0,
        "lr_milestone_1": 30,
        "lr_milestone_2": 40,
        "mode": {
            "loss_type": "normal",
            "nb_samples": 1,
            "objective_type": "normal",
            "perturb_w": false,
            "perturb_w_prime": false,
            "temperature": 0.2,
            "type": 5,
            "use_gamma": false,
            "use_marginal": true
        },
        "model_params": {
            "arch_params": {},
            "model_name": "CombResnet18"
        },
        "neighbourhood_fn": "8-grid",
        "optimizer_name": "Adam",
        "optimizer_params": {
            "lr": 0.0005
        },
        "preload_batch": true,
        "use_cuda": true,
        "use_lr_scheduling": true
    },
    "use_ray": false
}
MAP-BACKPROP MODE: {
    "loss_type": "normal",
    "nb_samples": 1,
    "objective_type": "normal",
    "perturb_w": false,
    "perturb_w_prime": false,
    "temperature": 0.2,
    "type": 5,
    "use_gamma": false,
    "use_marginal": true
}
True
META: {'input_image_size': 144, 'output_features': 324, 'num_channels': 3, 'denormalize': <maprop.decorators.input_to_numpy object at 0x2ace00603c88>}
EVALUATING
{'loss': 30.140000858306884, 'accuracy': 0.9069752943515778, 'perfect_match_accuracy': 0.007, 'cost_ratio_suggested_true': 2.698470640182495, 'below_10.0_percent_acc': 0.071, 'below_1.0_percent_acc': 0.015, 'below_0.1_percent_acc': 0.012, 'below_0.01_percent_acc': 0.012, 'below_0.001_percent_acc': 0.01, 'below_0.0001_percent_acc': 0.01, 'valid_acc': 1.0}
Epoch: 1	Batch time (0.735286)	Data time (0.016410)	Cuda time (0.000003)	Loss (32.285101)	Accuracy (0.900355)
EVALUATING
{'loss': 30.124001140594483, 'accuracy': 0.9070246690511703, 'perfect_match_accuracy': 0.007, 'cost_ratio_suggested_true': 2.74571724653244, 'below_10.0_percent_acc': 0.081, 'below_1.0_percent_acc': 0.028, 'below_0.1_percent_acc': 0.021, 'below_0.01_percent_acc': 0.021, 'below_0.001_percent_acc': 0.019, 'below_0.0001_percent_acc': 0.019, 'valid_acc': 1.0}
Epoch: 2	Batch time (0.727043)	Data time (0.018866)	Cuda time (0.000003)	Loss (31.090501)	Accuracy (0.904042)
EVALUATING
{'loss': 28.72000093460083, 'accuracy': 0.9113580149412155, 'perfect_match_accuracy': 0.006, 'cost_ratio_suggested_true': 1.9302065527439118, 'below_10.0_percent_acc': 0.33, 'below_1.0_percent_acc': 0.076, 'below_0.1_percent_acc': 0.053, 'below_0.01_percent_acc': 0.053, 'below_0.001_percent_acc': 0.05, 'below_0.0001_percent_acc': 0.05, 'valid_acc': 1.0}
Epoch: 3	Batch time (0.915708)	Data time (0.018647)	Cuda time (0.000003)	Loss (30.698401)	Accuracy (0.905252)
EVALUATING
{'loss': 29.14700107574463, 'accuracy': 0.910040118098259, 'perfect_match_accuracy': 0.003, 'cost_ratio_suggested_true': 1.8599917829036712, 'below_10.0_percent_acc': 0.308, 'below_1.0_percent_acc': 0.079, 'below_0.1_percent_acc': 0.055, 'below_0.01_percent_acc': 0.055, 'below_0.001_percent_acc': 0.053, 'below_0.0001_percent_acc': 0.053, 'valid_acc': 1.0}
Epoch: 4	Batch time (0.755234)	Data time (0.019345)	Cuda time (0.000003)	Loss (32.474001)	Accuracy (0.899772)
EVALUATING
{'loss': 30.2140012550354, 'accuracy': 0.9067469048500061, 'perfect_match_accuracy': 0.004, 'cost_ratio_suggested_true': 1.952757842540741, 'below_10.0_percent_acc': 0.264, 'below_1.0_percent_acc': 0.032, 'below_0.1_percent_acc': 0.016, 'below_0.01_percent_acc': 0.016, 'below_0.001_percent_acc': 0.015, 'below_0.0001_percent_acc': 0.015, 'valid_acc': 1.0}
Epoch: 5	Batch time (0.740542)	Data time (0.018293)	Cuda time (0.000003)	Loss (32.220701)	Accuracy (0.900553)
EVALUATING
{'loss': 34.607000579833986, 'accuracy': 0.893188259601593, 'perfect_match_accuracy': 0.0, 'cost_ratio_suggested_true': 2.4228902149200437, 'below_10.0_percent_acc': 0.1, 'below_1.0_percent_acc': 0.006, 'below_0.1_percent_acc': 0.004, 'below_0.01_percent_acc': 0.004, 'below_0.001_percent_acc': 0.004, 'below_0.0001_percent_acc': 0.004, 'valid_acc': 1.0}
Epoch: 6	Batch time (0.762349)	Data time (0.018768)	Cuda time (0.000003)	Loss (37.416701)	Accuracy (0.884516)
EVALUATING
{'loss': 32.65800081253052, 'accuracy': 0.899203690290451, 'perfect_match_accuracy': 0.0, 'cost_ratio_suggested_true': 2.1986041080951693, 'below_10.0_percent_acc': 0.151, 'below_1.0_percent_acc': 0.025, 'below_0.1_percent_acc': 0.02, 'below_0.01_percent_acc': 0.02, 'below_0.001_percent_acc': 0.02, 'below_0.0001_percent_acc': 0.02, 'valid_acc': 1.0}
Epoch: 7	Batch time (0.744649)	Data time (0.018690)	Cuda time (0.000003)	Loss (34.737801)	Accuracy (0.892785)
EVALUATING
{'loss': 31.944000701904297, 'accuracy': 0.9014073956012726, 'perfect_match_accuracy': 0.002, 'cost_ratio_suggested_true': 1.8556240594387055, 'below_10.0_percent_acc': 0.217, 'below_1.0_percent_acc': 0.006, 'below_0.1_percent_acc': 0.005, 'below_0.01_percent_acc': 0.005, 'below_0.001_percent_acc': 0.004, 'below_0.0001_percent_acc': 0.004, 'valid_acc': 1.0}
Epoch: 8	Batch time (0.915576)	Data time (0.019199)	Cuda time (0.000003)	Loss (34.254601)	Accuracy (0.894276)
EVALUATING
{'loss': 31.59600175857544, 'accuracy': 0.9024814671278, 'perfect_match_accuracy': 0.003, 'cost_ratio_suggested_true': 2.96408597946167, 'below_10.0_percent_acc': 0.111, 'below_1.0_percent_acc': 0.013, 'below_0.1_percent_acc': 0.009, 'below_0.01_percent_acc': 0.009, 'below_0.001_percent_acc': 0.008, 'below_0.0001_percent_acc': 0.008, 'valid_acc': 1.0}
Epoch: 9	Batch time (0.747945)	Data time (0.019504)	Cuda time (0.000003)	Loss (33.647501)	Accuracy (0.896150)
EVALUATING
{'loss': 31.580000782012938, 'accuracy': 0.9025308537483215, 'perfect_match_accuracy': 0.003, 'cost_ratio_suggested_true': 2.8014771699905396, 'below_10.0_percent_acc': 0.089, 'below_1.0_percent_acc': 0.013, 'below_0.1_percent_acc': 0.007, 'below_0.01_percent_acc': 0.007, 'below_0.001_percent_acc': 0.005, 'below_0.0001_percent_acc': 0.005, 'valid_acc': 1.0}
Epoch: 10	Batch time (0.709682)	Data time (0.018026)	Cuda time (0.000003)	Loss (34.027701)	Accuracy (0.894976)
EVALUATING
{'loss': 32.60600078582764, 'accuracy': 0.8993641906976699, 'perfect_match_accuracy': 0.0, 'cost_ratio_suggested_true': 2.974364573955536, 'below_10.0_percent_acc': 0.06, 'below_1.0_percent_acc': 0.014, 'below_0.1_percent_acc': 0.013, 'below_0.01_percent_acc': 0.013, 'below_0.001_percent_acc': 0.012, 'below_0.0001_percent_acc': 0.012, 'valid_acc': 1.0}
Epoch: 11	Batch time (0.721430)	Data time (0.020511)	Cuda time (0.000003)	Loss (33.140301)	Accuracy (0.897715)
EVALUATING
{'loss': 29.310001220703125, 'accuracy': 0.9095370203256607, 'perfect_match_accuracy': 0.002, 'cost_ratio_suggested_true': 2.222421443462372, 'below_10.0_percent_acc': 0.188, 'below_1.0_percent_acc': 0.053, 'below_0.1_percent_acc': 0.043, 'below_0.01_percent_acc': 0.043, 'below_0.001_percent_acc': 0.039, 'below_0.0001_percent_acc': 0.039, 'valid_acc': 1.0}
Epoch: 12	Batch time (0.718821)	Data time (0.018903)	Cuda time (0.000003)	Loss (32.204101)	Accuracy (0.900605)
EVALUATING
{'loss': 29.74400053024292, 'accuracy': 0.9081975156068802, 'perfect_match_accuracy': 0.004, 'cost_ratio_suggested_true': 2.3531014370918273, 'below_10.0_percent_acc': 0.159, 'below_1.0_percent_acc': 0.043, 'below_0.1_percent_acc': 0.038, 'below_0.01_percent_acc': 0.038, 'below_0.001_percent_acc': 0.036, 'below_0.0001_percent_acc': 0.036, 'valid_acc': 1.0}
Epoch: 13	Batch time (0.711786)	Data time (0.018280)	Cuda time (0.000003)	Loss (31.633401)	Accuracy (0.902366)
EVALUATING
{'loss': 29.070000953674317, 'accuracy': 0.9102777642011642, 'perfect_match_accuracy': 0.004, 'cost_ratio_suggested_true': 2.0584461736679076, 'below_10.0_percent_acc': 0.216, 'below_1.0_percent_acc': 0.043, 'below_0.1_percent_acc': 0.031, 'below_0.01_percent_acc': 0.031, 'below_0.001_percent_acc': 0.029, 'below_0.0001_percent_acc': 0.029, 'valid_acc': 1.0}
Epoch: 14	Batch time (0.877524)	Data time (0.020882)	Cuda time (0.000003)	Loss (32.647801)	Accuracy (0.899235)
EVALUATING
{'loss': 28.3830006980896, 'accuracy': 0.912398134469986, 'perfect_match_accuracy': 0.001, 'cost_ratio_suggested_true': 1.450187278985977, 'below_10.0_percent_acc': 0.395, 'below_1.0_percent_acc': 0.032, 'below_0.1_percent_acc': 0.015, 'below_0.01_percent_acc': 0.015, 'below_0.001_percent_acc': 0.014, 'below_0.0001_percent_acc': 0.014, 'valid_acc': 1.0}
Epoch: 15	Batch time (0.760399)	Data time (0.019016)	Cuda time (0.000003)	Loss (32.989301)	Accuracy (0.898181)
EVALUATING
{'loss': 27.609000511169434, 'accuracy': 0.914787022471428, 'perfect_match_accuracy': 0.004, 'cost_ratio_suggested_true': 1.5877580416202546, 'below_10.0_percent_acc': 0.381, 'below_1.0_percent_acc': 0.025, 'below_0.1_percent_acc': 0.014, 'below_0.01_percent_acc': 0.014, 'below_0.001_percent_acc': 0.013, 'below_0.0001_percent_acc': 0.013, 'valid_acc': 1.0}
Epoch: 16	Batch time (0.714902)	Data time (0.018371)	Cuda time (0.000002)	Loss (32.794601)	Accuracy (0.898782)
EVALUATING
{'loss': 30.344001083374025, 'accuracy': 0.9063456684350968, 'perfect_match_accuracy': 0.004, 'cost_ratio_suggested_true': 1.6190771496295928, 'below_10.0_percent_acc': 0.32, 'below_1.0_percent_acc': 0.031, 'below_0.1_percent_acc': 0.022, 'below_0.01_percent_acc': 0.022, 'below_0.001_percent_acc': 0.019, 'below_0.0001_percent_acc': 0.019, 'valid_acc': 1.0}
Epoch: 17	Batch time (0.721387)	Data time (0.018095)	Cuda time (0.000003)	Loss (30.238101)	Accuracy (0.906673)
EVALUATING
{'loss': 23.297000827789308, 'accuracy': 0.9280956608057022, 'perfect_match_accuracy': 0.013, 'cost_ratio_suggested_true': 1.602950508594513, 'below_10.0_percent_acc': 0.474, 'below_1.0_percent_acc': 0.14, 'below_0.1_percent_acc': 0.11, 'below_0.01_percent_acc': 0.11, 'below_0.001_percent_acc': 0.102, 'below_0.0001_percent_acc': 0.102, 'valid_acc': 1.0}
Epoch: 18	Batch time (0.713899)	Data time (0.018181)	Cuda time (0.000003)	Loss (29.696501)	Accuracy (0.908344)
EVALUATING
{'loss': 23.692000675201417, 'accuracy': 0.9268765330314637, 'perfect_match_accuracy': 0.013, 'cost_ratio_suggested_true': 1.5761613047122955, 'below_10.0_percent_acc': 0.47, 'below_1.0_percent_acc': 0.131, 'below_0.1_percent_acc': 0.103, 'below_0.01_percent_acc': 0.103, 'below_0.001_percent_acc': 0.097, 'below_0.0001_percent_acc': 0.097, 'valid_acc': 1.0}
Epoch: 19	Batch time (0.711076)	Data time (0.018376)	Cuda time (0.000003)	Loss (30.283201)	Accuracy (0.906533)
EVALUATING
{'loss': 24.035000686645507, 'accuracy': 0.9258178895711899, 'perfect_match_accuracy': 0.017, 'cost_ratio_suggested_true': 1.9181434726715088, 'below_10.0_percent_acc': 0.371, 'below_1.0_percent_acc': 0.126, 'below_0.1_percent_acc': 0.1, 'below_0.01_percent_acc': 0.1, 'below_0.001_percent_acc': 0.09, 'below_0.0001_percent_acc': 0.09, 'valid_acc': 1.0}
Epoch: 20	Batch time (0.903564)	Data time (0.019151)	Cuda time (0.000003)	Loss (30.540601)	Accuracy (0.905739)
EVALUATING
{'loss': 21.629000873565673, 'accuracy': 0.9332438093423844, 'perfect_match_accuracy': 0.02, 'cost_ratio_suggested_true': 1.4753437185287475, 'below_10.0_percent_acc': 0.528, 'below_1.0_percent_acc': 0.178, 'below_0.1_percent_acc': 0.137, 'below_0.01_percent_acc': 0.137, 'below_0.001_percent_acc': 0.127, 'below_0.0001_percent_acc': 0.127, 'valid_acc': 1.0}
Epoch: 21	Batch time (0.756345)	Data time (0.019250)	Cuda time (0.000003)	Loss (30.110901)	Accuracy (0.907065)
EVALUATING
{'loss': 25.36900110244751, 'accuracy': 0.9217006021738052, 'perfect_match_accuracy': 0.012, 'cost_ratio_suggested_true': 2.09940452337265, 'below_10.0_percent_acc': 0.345, 'below_1.0_percent_acc': 0.066, 'below_0.1_percent_acc': 0.044, 'below_0.01_percent_acc': 0.044, 'below_0.001_percent_acc': 0.04, 'below_0.0001_percent_acc': 0.04, 'valid_acc': 1.0}
Epoch: 22	Batch time (0.725715)	Data time (0.018739)	Cuda time (0.000003)	Loss (29.188401)	Accuracy (0.909912)
EVALUATING
{'loss': 21.5820009803772, 'accuracy': 0.9333888691663742, 'perfect_match_accuracy': 0.032, 'cost_ratio_suggested_true': 1.6076777791976928, 'below_10.0_percent_acc': 0.528, 'below_1.0_percent_acc': 0.182, 'below_0.1_percent_acc': 0.15, 'below_0.01_percent_acc': 0.149, 'below_0.001_percent_acc': 0.135, 'below_0.0001_percent_acc': 0.135, 'valid_acc': 1.0}
Epoch: 23	Batch time (0.698799)	Data time (0.020371)	Cuda time (0.000003)	Loss (28.466601)	Accuracy (0.912140)
EVALUATING
{'loss': 22.518000659942626, 'accuracy': 0.9304999929666519, 'perfect_match_accuracy': 0.022, 'cost_ratio_suggested_true': 1.449556301832199, 'below_10.0_percent_acc': 0.622, 'below_1.0_percent_acc': 0.14, 'below_0.1_percent_acc': 0.104, 'below_0.01_percent_acc': 0.104, 'below_0.001_percent_acc': 0.097, 'below_0.0001_percent_acc': 0.097, 'valid_acc': 1.0}
Epoch: 24	Batch time (0.711713)	Data time (0.018787)	Cuda time (0.000003)	Loss (27.589401)	Accuracy (0.914848)
EVALUATING
{'loss': 21.779000663757323, 'accuracy': 0.9327808552980423, 'perfect_match_accuracy': 0.027, 'cost_ratio_suggested_true': 1.464807047843933, 'below_10.0_percent_acc': 0.63, 'below_1.0_percent_acc': 0.18, 'below_0.1_percent_acc': 0.14, 'below_0.01_percent_acc': 0.14, 'below_0.001_percent_acc': 0.134, 'below_0.0001_percent_acc': 0.134, 'valid_acc': 1.0}
Epoch: 25	Batch time (0.719187)	Data time (0.018666)	Cuda time (0.000003)	Loss (29.634601)	Accuracy (0.908535)
EVALUATING
{'loss': 24.28600091934204, 'accuracy': 0.9250431942939759, 'perfect_match_accuracy': 0.012, 'cost_ratio_suggested_true': 1.40077046751976, 'below_10.0_percent_acc': 0.588, 'below_1.0_percent_acc': 0.105, 'below_0.1_percent_acc': 0.073, 'below_0.01_percent_acc': 0.073, 'below_0.001_percent_acc': 0.071, 'below_0.0001_percent_acc': 0.071, 'valid_acc': 1.0}
Epoch: 26	Batch time (0.835843)	Data time (0.018368)	Cuda time (0.000003)	Loss (28.332101)	Accuracy (0.912555)
EVALUATING
{'loss': 20.9510005569458, 'accuracy': 0.9353364044427872, 'perfect_match_accuracy': 0.016, 'cost_ratio_suggested_true': 1.2149680483341216, 'below_10.0_percent_acc': 0.784, 'below_1.0_percent_acc': 0.156, 'below_0.1_percent_acc': 0.116, 'below_0.01_percent_acc': 0.116, 'below_0.001_percent_acc': 0.11, 'below_0.0001_percent_acc': 0.11, 'valid_acc': 1.0}
Epoch: 27	Batch time (0.786123)	Data time (0.019416)	Cuda time (0.000003)	Loss (28.073301)	Accuracy (0.913354)
EVALUATING
{'loss': 19.976000328063964, 'accuracy': 0.9383456671237945, 'perfect_match_accuracy': 0.028, 'cost_ratio_suggested_true': 1.3099633705615998, 'below_10.0_percent_acc': 0.711, 'below_1.0_percent_acc': 0.191, 'below_0.1_percent_acc': 0.146, 'below_0.01_percent_acc': 0.146, 'below_0.001_percent_acc': 0.139, 'below_0.0001_percent_acc': 0.139, 'valid_acc': 1.0}
Epoch: 28	Batch time (0.710995)	Data time (0.018032)	Cuda time (0.000003)	Loss (27.903201)	Accuracy (0.913879)
EVALUATING
{'loss': 25.637000789642332, 'accuracy': 0.9208734452724456, 'perfect_match_accuracy': 0.007, 'cost_ratio_suggested_true': 1.5327748894691466, 'below_10.0_percent_acc': 0.474, 'below_1.0_percent_acc': 0.074, 'below_0.1_percent_acc': 0.047, 'below_0.01_percent_acc': 0.047, 'below_0.001_percent_acc': 0.044, 'below_0.0001_percent_acc': 0.044, 'valid_acc': 1.0}
Epoch: 29	Batch time (0.733417)	Data time (0.019965)	Cuda time (0.000003)	Loss (29.683301)	Accuracy (0.908385)
EVALUATING
{'loss': 26.573000659942625, 'accuracy': 0.9179845607280731, 'perfect_match_accuracy': 0.007, 'cost_ratio_suggested_true': 1.4537834358215331, 'below_10.0_percent_acc': 0.508, 'below_1.0_percent_acc': 0.071, 'below_0.1_percent_acc': 0.048, 'below_0.01_percent_acc': 0.048, 'below_0.001_percent_acc': 0.046, 'below_0.0001_percent_acc': 0.046, 'valid_acc': 1.0}
Epoch: 30	Batch time (0.731490)	Data time (0.018458)	Cuda time (0.000003)	Loss (28.711901)	Accuracy (0.911383)
EVALUATING
{'loss': 24.03000047683716, 'accuracy': 0.9258333188295365, 'perfect_match_accuracy': 0.007, 'cost_ratio_suggested_true': 1.3351993906497954, 'below_10.0_percent_acc': 0.645, 'below_1.0_percent_acc': 0.065, 'below_0.1_percent_acc': 0.045, 'below_0.01_percent_acc': 0.045, 'below_0.001_percent_acc': 0.043, 'below_0.0001_percent_acc': 0.043, 'valid_acc': 1.0}
Epoch: 31	Batch time (0.738225)	Data time (0.019394)	Cuda time (0.000003)	Loss (27.972301)	Accuracy (0.913666)
EVALUATING
{'loss': 24.12600082397461, 'accuracy': 0.9255370265245437, 'perfect_match_accuracy': 0.006, 'cost_ratio_suggested_true': 1.3143650412559509, 'below_10.0_percent_acc': 0.644, 'below_1.0_percent_acc': 0.056, 'below_0.1_percent_acc': 0.039, 'below_0.01_percent_acc': 0.039, 'below_0.001_percent_acc': 0.037, 'below_0.0001_percent_acc': 0.037, 'valid_acc': 1.0}
Epoch: 32	Batch time (0.846179)	Data time (0.018879)	Cuda time (0.000003)	Loss (27.509601)	Accuracy (0.915094)
EVALUATING
{'loss': 23.109000720977782, 'accuracy': 0.9286759078502655, 'perfect_match_accuracy': 0.009, 'cost_ratio_suggested_true': 1.2888731610774995, 'below_10.0_percent_acc': 0.679, 'below_1.0_percent_acc': 0.075, 'below_0.1_percent_acc': 0.052, 'below_0.01_percent_acc': 0.052, 'below_0.001_percent_acc': 0.049, 'below_0.0001_percent_acc': 0.049, 'valid_acc': 1.0}
Epoch: 33	Batch time (0.811519)	Data time (0.019800)	Cuda time (0.000003)	Loss (27.038501)	Accuracy (0.916548)
EVALUATING
{'loss': 22.848000621795656, 'accuracy': 0.9294814598560334, 'perfect_match_accuracy': 0.014, 'cost_ratio_suggested_true': 1.3105702769756318, 'below_10.0_percent_acc': 0.672, 'below_1.0_percent_acc': 0.089, 'below_0.1_percent_acc': 0.06, 'below_0.01_percent_acc': 0.06, 'below_0.001_percent_acc': 0.057, 'below_0.0001_percent_acc': 0.057, 'valid_acc': 1.0}
Epoch: 34	Batch time (0.726311)	Data time (0.018968)	Cuda time (0.000003)	Loss (26.895201)	Accuracy (0.916990)
EVALUATING
{'loss': 22.732000713348388, 'accuracy': 0.9298394989967346, 'perfect_match_accuracy': 0.016, 'cost_ratio_suggested_true': 1.3143778371810912, 'below_10.0_percent_acc': 0.683, 'below_1.0_percent_acc': 0.097, 'below_0.1_percent_acc': 0.063, 'below_0.01_percent_acc': 0.063, 'below_0.001_percent_acc': 0.06, 'below_0.0001_percent_acc': 0.06, 'valid_acc': 1.0}
Epoch: 35	Batch time (0.717778)	Data time (0.018325)	Cuda time (0.000003)	Loss (26.561101)	Accuracy (0.918021)
EVALUATING
{'loss': 21.88800079345703, 'accuracy': 0.9324444317817688, 'perfect_match_accuracy': 0.02, 'cost_ratio_suggested_true': 1.3080889940261842, 'below_10.0_percent_acc': 0.715, 'below_1.0_percent_acc': 0.123, 'below_0.1_percent_acc': 0.09, 'below_0.01_percent_acc': 0.09, 'below_0.001_percent_acc': 0.087, 'below_0.0001_percent_acc': 0.087, 'valid_acc': 1.0}
Epoch: 36	Batch time (0.731093)	Data time (0.018833)	Cuda time (0.000003)	Loss (26.543701)	Accuracy (0.918075)
EVALUATING
{'loss': 21.879000606536867, 'accuracy': 0.9324722135066986, 'perfect_match_accuracy': 0.02, 'cost_ratio_suggested_true': 1.3261142039299012, 'below_10.0_percent_acc': 0.688, 'below_1.0_percent_acc': 0.114, 'below_0.1_percent_acc': 0.082, 'below_0.01_percent_acc': 0.082, 'below_0.001_percent_acc': 0.08, 'below_0.0001_percent_acc': 0.08, 'valid_acc': 1.0}
Epoch: 37	Batch time (0.713117)	Data time (0.018129)	Cuda time (0.000003)	Loss (26.401801)	Accuracy (0.918513)
EVALUATING
{'loss': 21.524000759124757, 'accuracy': 0.9335678869485855, 'perfect_match_accuracy': 0.024, 'cost_ratio_suggested_true': 1.3476774573326111, 'below_10.0_percent_acc': 0.671, 'below_1.0_percent_acc': 0.129, 'below_0.1_percent_acc': 0.094, 'below_0.01_percent_acc': 0.094, 'below_0.001_percent_acc': 0.091, 'below_0.0001_percent_acc': 0.091, 'valid_acc': 1.0}
Epoch: 38	Batch time (0.837817)	Data time (0.018816)	Cuda time (0.000003)	Loss (26.129701)	Accuracy (0.919353)
EVALUATING
{'loss': 21.690000743865966, 'accuracy': 0.9330555421113967, 'perfect_match_accuracy': 0.021, 'cost_ratio_suggested_true': 1.350563290119171, 'below_10.0_percent_acc': 0.669, 'below_1.0_percent_acc': 0.113, 'below_0.1_percent_acc': 0.084, 'below_0.01_percent_acc': 0.084, 'below_0.001_percent_acc': 0.082, 'below_0.0001_percent_acc': 0.082, 'valid_acc': 1.0}
Epoch: 39	Batch time (0.829441)	Data time (0.019634)	Cuda time (0.000003)	Loss (26.156901)	Accuracy (0.919269)
EVALUATING
{'loss': 22.35700090408325, 'accuracy': 0.9309969037771225, 'perfect_match_accuracy': 0.019, 'cost_ratio_suggested_true': 1.3910936999320984, 'below_10.0_percent_acc': 0.634, 'below_1.0_percent_acc': 0.108, 'below_0.1_percent_acc': 0.074, 'below_0.01_percent_acc': 0.074, 'below_0.001_percent_acc': 0.072, 'below_0.0001_percent_acc': 0.072, 'valid_acc': 1.0}
Epoch: 40	Batch time (0.727826)	Data time (0.022318)	Cuda time (0.000003)	Loss (25.915701)	Accuracy (0.920013)
EVALUATING
{'loss': 21.562000885009766, 'accuracy': 0.9334506064653396, 'perfect_match_accuracy': 0.027, 'cost_ratio_suggested_true': 1.380825673341751, 'below_10.0_percent_acc': 0.649, 'below_1.0_percent_acc': 0.127, 'below_0.1_percent_acc': 0.094, 'below_0.01_percent_acc': 0.094, 'below_0.001_percent_acc': 0.092, 'below_0.0001_percent_acc': 0.092, 'valid_acc': 1.0}
Epoch: 41	Batch time (0.709187)	Data time (0.018356)	Cuda time (0.000003)	Loss (25.741101)	Accuracy (0.920552)
EVALUATING
{'loss': 21.70600034713745, 'accuracy': 0.9330061590671539, 'perfect_match_accuracy': 0.025, 'cost_ratio_suggested_true': 1.3723707854747773, 'below_10.0_percent_acc': 0.644, 'below_1.0_percent_acc': 0.117, 'below_0.1_percent_acc': 0.085, 'below_0.01_percent_acc': 0.085, 'below_0.001_percent_acc': 0.083, 'below_0.0001_percent_acc': 0.083, 'valid_acc': 1.0}
Epoch: 42	Batch time (0.720234)	Data time (0.018601)	Cuda time (0.000003)	Loss (25.751401)	Accuracy (0.920520)
EVALUATING
{'loss': 21.547000827789308, 'accuracy': 0.9334968954324723, 'perfect_match_accuracy': 0.026, 'cost_ratio_suggested_true': 1.369111831188202, 'below_10.0_percent_acc': 0.657, 'below_1.0_percent_acc': 0.124, 'below_0.1_percent_acc': 0.092, 'below_0.01_percent_acc': 0.092, 'below_0.001_percent_acc': 0.089, 'below_0.0001_percent_acc': 0.089, 'valid_acc': 1.0}
Epoch: 43	Batch time (0.720627)	Data time (0.018505)	Cuda time (0.000003)	Loss (25.700101)	Accuracy (0.920679)
EVALUATING
{'loss': 21.41400026321411, 'accuracy': 0.9339073884487152, 'perfect_match_accuracy': 0.028, 'cost_ratio_suggested_true': 1.3612834000587464, 'below_10.0_percent_acc': 0.66, 'below_1.0_percent_acc': 0.128, 'below_0.1_percent_acc': 0.096, 'below_0.01_percent_acc': 0.096, 'below_0.001_percent_acc': 0.093, 'below_0.0001_percent_acc': 0.093, 'valid_acc': 1.0}
Epoch: 44	Batch time (0.879827)	Data time (0.018827)	Cuda time (0.000003)	Loss (25.595401)	Accuracy (0.921002)
EVALUATING
{'loss': 21.47800064086914, 'accuracy': 0.9337098664045334, 'perfect_match_accuracy': 0.029, 'cost_ratio_suggested_true': 1.3613102006912232, 'below_10.0_percent_acc': 0.658, 'below_1.0_percent_acc': 0.126, 'below_0.1_percent_acc': 0.093, 'below_0.01_percent_acc': 0.093, 'below_0.001_percent_acc': 0.09, 'below_0.0001_percent_acc': 0.09, 'valid_acc': 1.0}
Epoch: 45	Batch time (0.774052)	Data time (0.019693)	Cuda time (0.000003)	Loss (25.633701)	Accuracy (0.920884)
EVALUATING
{'loss': 21.51100072860718, 'accuracy': 0.9336080157756805, 'perfect_match_accuracy': 0.025, 'cost_ratio_suggested_true': 1.3594981598854066, 'below_10.0_percent_acc': 0.659, 'below_1.0_percent_acc': 0.121, 'below_0.1_percent_acc': 0.088, 'below_0.01_percent_acc': 0.088, 'below_0.001_percent_acc': 0.085, 'below_0.0001_percent_acc': 0.085, 'valid_acc': 1.0}
Epoch: 46	Batch time (0.730648)	Data time (0.019018)	Cuda time (0.000003)	Loss (25.671501)	Accuracy (0.920767)
EVALUATING
{'loss': 21.353000564575197, 'accuracy': 0.9340956711769104, 'perfect_match_accuracy': 0.027, 'cost_ratio_suggested_true': 1.363908154964447, 'below_10.0_percent_acc': 0.657, 'below_1.0_percent_acc': 0.129, 'below_0.1_percent_acc': 0.096, 'below_0.01_percent_acc': 0.096, 'below_0.001_percent_acc': 0.093, 'below_0.0001_percent_acc': 0.093, 'valid_acc': 1.0}
Epoch: 47	Batch time (0.735013)	Data time (0.020442)	Cuda time (0.000003)	Loss (25.631501)	Accuracy (0.920890)
EVALUATING
{'loss': 21.42300106048584, 'accuracy': 0.9338796144723892, 'perfect_match_accuracy': 0.026, 'cost_ratio_suggested_true': 1.3616186559200287, 'below_10.0_percent_acc': 0.661, 'below_1.0_percent_acc': 0.127, 'below_0.1_percent_acc': 0.094, 'below_0.01_percent_acc': 0.094, 'below_0.001_percent_acc': 0.091, 'below_0.0001_percent_acc': 0.091, 'valid_acc': 1.0}
Epoch: 48	Batch time (0.716013)	Data time (0.018910)	Cuda time (0.000003)	Loss (25.700801)	Accuracy (0.920677)
EVALUATING
{'loss': 21.350000591278075, 'accuracy': 0.9341049283742905, 'perfect_match_accuracy': 0.028, 'cost_ratio_suggested_true': 1.3664842712879182, 'below_10.0_percent_acc': 0.654, 'below_1.0_percent_acc': 0.127, 'below_0.1_percent_acc': 0.094, 'below_0.01_percent_acc': 0.094, 'below_0.001_percent_acc': 0.091, 'below_0.0001_percent_acc': 0.091, 'valid_acc': 1.0}
Epoch: 49	Batch time (0.730629)	Data time (0.018758)	Cuda time (0.000003)	Loss (25.513001)	Accuracy (0.921256)
EVALUATING
{'loss': 21.312000579833985, 'accuracy': 0.9342222094535828, 'perfect_match_accuracy': 0.026, 'cost_ratio_suggested_true': 1.36572833776474, 'below_10.0_percent_acc': 0.659, 'below_1.0_percent_acc': 0.129, 'below_0.1_percent_acc': 0.096, 'below_0.01_percent_acc': 0.096, 'below_0.001_percent_acc': 0.093, 'below_0.0001_percent_acc': 0.093, 'valid_acc': 1.0}
Epoch: 50	Batch time (0.927446)	Data time (0.019667)	Cuda time (0.000003)	Loss (25.637601)	Accuracy (0.920872)
EVALUATING
{'loss': 21.52200092315674, 'accuracy': 0.9335740542411805, 'perfect_match_accuracy': 0.025, 'cost_ratio_suggested_true': 1.3727678775787353, 'below_10.0_percent_acc': 0.654, 'below_1.0_percent_acc': 0.126, 'below_0.1_percent_acc': 0.091, 'below_0.01_percent_acc': 0.091, 'below_0.001_percent_acc': 0.088, 'below_0.0001_percent_acc': 0.088, 'valid_acc': 1.0}
