No existing entry for trainer_params.mode.type
{}[type] = <class 'int'>(5)
No existing entry for trainer_params.mode.objective_type
{'type': 5}[objective_type] = <class 'str'>(normal)
No existing entry for trainer_params.mode.use_marginal
{'type': 5, 'objective_type': 'normal'}[use_marginal] = <class 'bool'>(True)
No existing entry for trainer_params.mode.nb_samples
{'type': 5, 'objective_type': 'normal', 'use_marginal': True}[nb_samples] = <class 'int'>(1)
No existing entry for trainer_params.mode.temperature
{'type': 5, 'objective_type': 'normal', 'use_marginal': True, 'nb_samples': 1}[temperature] = <class 'float'>(0.1)
No existing entry for trainer_params.mode.use_gamma
{'type': 5, 'objective_type': 'normal', 'use_marginal': True, 'nb_samples': 1, 'temperature': 0.1}[use_gamma] = <class 'bool'>(False)
No existing entry for trainer_params.mode.loss_type
{'type': 5, 'objective_type': 'normal', 'use_marginal': True, 'nb_samples': 1, 'temperature': 0.1, 'use_gamma': False}[loss_type] = <class 'str'>(normal)
No existing entry for trainer_params.mode.perturb_w
{'type': 5, 'objective_type': 'normal', 'use_marginal': True, 'nb_samples': 1, 'temperature': 0.1, 'use_gamma': False, 'loss_type': 'normal'}[perturb_w] = <class 'bool'>(False)
No existing entry for trainer_params.mode.perturb_w_prime
{'type': 5, 'objective_type': 'normal', 'use_marginal': True, 'nb_samples': 1, 'temperature': 0.1, 'use_gamma': False, 'loss_type': 'normal', 'perturb_w': False}[perturb_w_prime] = <class 'bool'>(False)
{'batch_size': 70, 'l1_regconst': 0.0, 'lambda_val': 20.0, 'lr_milestone_1': 30, 'lr_milestone_2': 40, 'model_params': {'arch_params': {}, 'model_name': 'CombResnet18'}, 'neighbourhood_fn': '8-grid', 'optimizer_name': 'Adam', 'optimizer_params': {'lr': 0.0005}, 'preload_batch': True, 'use_cuda': True, 'use_lr_scheduling': True, 'mode': {'type': 5, 'objective_type': 'normal', 'use_marginal': True, 'nb_samples': 1, 'temperature': 0.1, 'use_gamma': False, 'loss_type': 'normal', 'perturb_w': False, 'perturb_w_prime': False}}[lambda_val] = <class 'float'>(0.0)
{'data_dir': 'data/warcraft_shortest_path/12x12', 'evaluate_with_extra': False, 'normalize': True, 'use_local_path': False, 'use_test_set': True}[data_dir] = <class 'str'>(data/warcraft_shortest_path/18x18)
{'evaluate_every': 5, 'loader_params': {'data_dir': 'data/warcraft_shortest_path/18x18', 'evaluate_with_extra': False, 'normalize': True, 'use_local_path': False, 'use_test_set': True}, 'model_dir': 'results/warcraft_shortest_path_combresnet', 'num_cpus': 20, 'num_epochs': 50, 'problem_type': 'warcraft_shortest_path', 'ray_params': {}, 'save_visualizations': False, 'seed': 1, 'trainer_name': 'DijkstraMAP', 'trainer_params': {'batch_size': 70, 'l1_regconst': 0.0, 'lambda_val': 0.0, 'lr_milestone_1': 30, 'lr_milestone_2': 40, 'model_params': {'arch_params': {}, 'model_name': 'CombResnet18'}, 'neighbourhood_fn': '8-grid', 'optimizer_name': 'Adam', 'optimizer_params': {'lr': 0.0005}, 'preload_batch': True, 'use_cuda': True, 'use_lr_scheduling': True, 'mode': {'type': 5, 'objective_type': 'normal', 'use_marginal': True, 'nb_samples': 1, 'temperature': 0.1, 'use_gamma': False, 'loss_type': 'normal', 'perturb_w': False, 'perturb_w_prime': False}}, 'use_ray': True}[seed] = <class 'int'>(3)
{'evaluate_every': 5, 'loader_params': {'data_dir': 'data/warcraft_shortest_path/18x18', 'evaluate_with_extra': False, 'normalize': True, 'use_local_path': False, 'use_test_set': True}, 'model_dir': 'results/warcraft_shortest_path_combresnet', 'num_cpus': 20, 'num_epochs': 50, 'problem_type': 'warcraft_shortest_path', 'ray_params': {}, 'save_visualizations': False, 'seed': 3, 'trainer_name': 'DijkstraMAP', 'trainer_params': {'batch_size': 70, 'l1_regconst': 0.0, 'lambda_val': 0.0, 'lr_milestone_1': 30, 'lr_milestone_2': 40, 'model_params': {'arch_params': {}, 'model_name': 'CombResnet18'}, 'neighbourhood_fn': '8-grid', 'optimizer_name': 'Adam', 'optimizer_params': {'lr': 0.0005}, 'preload_batch': True, 'use_cuda': True, 'use_lr_scheduling': True, 'mode': {'type': 5, 'objective_type': 'normal', 'use_marginal': True, 'nb_samples': 1, 'temperature': 0.1, 'use_gamma': False, 'loss_type': 'normal', 'perturb_w': False, 'perturb_w_prime': False}}, 'use_ray': True}[evaluate_every] = <class 'int'>(1)
{'evaluate_every': 1, 'loader_params': {'data_dir': 'data/warcraft_shortest_path/18x18', 'evaluate_with_extra': False, 'normalize': True, 'use_local_path': False, 'use_test_set': True}, 'model_dir': 'results/warcraft_shortest_path_combresnet', 'num_cpus': 20, 'num_epochs': 50, 'problem_type': 'warcraft_shortest_path', 'ray_params': {}, 'save_visualizations': False, 'seed': 3, 'trainer_name': 'DijkstraMAP', 'trainer_params': {'batch_size': 70, 'l1_regconst': 0.0, 'lambda_val': 0.0, 'lr_milestone_1': 30, 'lr_milestone_2': 40, 'model_params': {'arch_params': {}, 'model_name': 'CombResnet18'}, 'neighbourhood_fn': '8-grid', 'optimizer_name': 'Adam', 'optimizer_params': {'lr': 0.0005}, 'preload_batch': True, 'use_cuda': True, 'use_lr_scheduling': True, 'mode': {'type': 5, 'objective_type': 'normal', 'use_marginal': True, 'nb_samples': 1, 'temperature': 0.1, 'use_gamma': False, 'loss_type': 'normal', 'perturb_w': False, 'perturb_w_prime': False}}, 'use_ray': True}[use_ray] = <class 'bool'>(False)
No existing entry for trainer_params.mode.type
{}[type] = <class 'int'>(5)
No existing entry for trainer_params.mode.objective_type
{'type': 5}[objective_type] = <class 'str'>(normal)
No existing entry for trainer_params.mode.use_marginal
{'type': 5, 'objective_type': 'normal'}[use_marginal] = <class 'bool'>(True)
No existing entry for trainer_params.mode.nb_samples
{'type': 5, 'objective_type': 'normal', 'use_marginal': True}[nb_samples] = <class 'int'>(1)
No existing entry for trainer_params.mode.temperature
{'type': 5, 'objective_type': 'normal', 'use_marginal': True, 'nb_samples': 1}[temperature] = <class 'float'>(0.1)
No existing entry for trainer_params.mode.use_gamma
{'type': 5, 'objective_type': 'normal', 'use_marginal': True, 'nb_samples': 1, 'temperature': 0.1}[use_gamma] = <class 'bool'>(False)
No existing entry for trainer_params.mode.loss_type
{'type': 5, 'objective_type': 'normal', 'use_marginal': True, 'nb_samples': 1, 'temperature': 0.1, 'use_gamma': False}[loss_type] = <class 'str'>(normal)
No existing entry for trainer_params.mode.perturb_w
{'type': 5, 'objective_type': 'normal', 'use_marginal': True, 'nb_samples': 1, 'temperature': 0.1, 'use_gamma': False, 'loss_type': 'normal'}[perturb_w] = <class 'bool'>(False)
No existing entry for trainer_params.mode.perturb_w_prime
{'type': 5, 'objective_type': 'normal', 'use_marginal': True, 'nb_samples': 1, 'temperature': 0.1, 'use_gamma': False, 'loss_type': 'normal', 'perturb_w': False}[perturb_w_prime] = <class 'bool'>(False)
{'batch_size': 70, 'l1_regconst': 0.0, 'lambda_val': 20.0, 'lr_milestone_1': 30, 'lr_milestone_2': 40, 'model_params': {'arch_params': {}, 'model_name': 'CombResnet18'}, 'neighbourhood_fn': '8-grid', 'optimizer_name': 'Adam', 'optimizer_params': {'lr': 0.0005}, 'preload_batch': True, 'use_cuda': True, 'use_lr_scheduling': True, 'mode': {'type': 5, 'objective_type': 'normal', 'use_marginal': True, 'nb_samples': 1, 'temperature': 0.1, 'use_gamma': False, 'loss_type': 'normal', 'perturb_w': False, 'perturb_w_prime': False}}[lambda_val] = <class 'float'>(0.0)
{'data_dir': 'data/warcraft_shortest_path/12x12', 'evaluate_with_extra': False, 'normalize': True, 'use_local_path': False, 'use_test_set': True}[data_dir] = <class 'str'>(data/warcraft_shortest_path/18x18)
{'evaluate_every': 5, 'loader_params': {'data_dir': 'data/warcraft_shortest_path/18x18', 'evaluate_with_extra': False, 'normalize': True, 'use_local_path': False, 'use_test_set': True}, 'model_dir': 'results/warcraft_shortest_path_combresnet', 'num_cpus': 20, 'num_epochs': 50, 'problem_type': 'warcraft_shortest_path', 'ray_params': {}, 'save_visualizations': False, 'seed': 1, 'trainer_name': 'DijkstraMAP', 'trainer_params': {'batch_size': 70, 'l1_regconst': 0.0, 'lambda_val': 0.0, 'lr_milestone_1': 30, 'lr_milestone_2': 40, 'model_params': {'arch_params': {}, 'model_name': 'CombResnet18'}, 'neighbourhood_fn': '8-grid', 'optimizer_name': 'Adam', 'optimizer_params': {'lr': 0.0005}, 'preload_batch': True, 'use_cuda': True, 'use_lr_scheduling': True, 'mode': {'type': 5, 'objective_type': 'normal', 'use_marginal': True, 'nb_samples': 1, 'temperature': 0.1, 'use_gamma': False, 'loss_type': 'normal', 'perturb_w': False, 'perturb_w_prime': False}}, 'use_ray': True}[seed] = <class 'int'>(3)
{'evaluate_every': 5, 'loader_params': {'data_dir': 'data/warcraft_shortest_path/18x18', 'evaluate_with_extra': False, 'normalize': True, 'use_local_path': False, 'use_test_set': True}, 'model_dir': 'results/warcraft_shortest_path_combresnet', 'num_cpus': 20, 'num_epochs': 50, 'problem_type': 'warcraft_shortest_path', 'ray_params': {}, 'save_visualizations': False, 'seed': 3, 'trainer_name': 'DijkstraMAP', 'trainer_params': {'batch_size': 70, 'l1_regconst': 0.0, 'lambda_val': 0.0, 'lr_milestone_1': 30, 'lr_milestone_2': 40, 'model_params': {'arch_params': {}, 'model_name': 'CombResnet18'}, 'neighbourhood_fn': '8-grid', 'optimizer_name': 'Adam', 'optimizer_params': {'lr': 0.0005}, 'preload_batch': True, 'use_cuda': True, 'use_lr_scheduling': True, 'mode': {'type': 5, 'objective_type': 'normal', 'use_marginal': True, 'nb_samples': 1, 'temperature': 0.1, 'use_gamma': False, 'loss_type': 'normal', 'perturb_w': False, 'perturb_w_prime': False}}, 'use_ray': True}[evaluate_every] = <class 'int'>(1)
{'evaluate_every': 1, 'loader_params': {'data_dir': 'data/warcraft_shortest_path/18x18', 'evaluate_with_extra': False, 'normalize': True, 'use_local_path': False, 'use_test_set': True}, 'model_dir': 'results/warcraft_shortest_path_combresnet', 'num_cpus': 20, 'num_epochs': 50, 'problem_type': 'warcraft_shortest_path', 'ray_params': {}, 'save_visualizations': False, 'seed': 3, 'trainer_name': 'DijkstraMAP', 'trainer_params': {'batch_size': 70, 'l1_regconst': 0.0, 'lambda_val': 0.0, 'lr_milestone_1': 30, 'lr_milestone_2': 40, 'model_params': {'arch_params': {}, 'model_name': 'CombResnet18'}, 'neighbourhood_fn': '8-grid', 'optimizer_name': 'Adam', 'optimizer_params': {'lr': 0.0005}, 'preload_batch': True, 'use_cuda': True, 'use_lr_scheduling': True, 'mode': {'type': 5, 'objective_type': 'normal', 'use_marginal': True, 'nb_samples': 1, 'temperature': 0.1, 'use_gamma': False, 'loss_type': 'normal', 'perturb_w': False, 'perturb_w_prime': False}}, 'use_ray': True}[use_ray] = <class 'bool'>(False)
{
    "evaluate_every": 1,
    "loader_params": {
        "data_dir": "data/warcraft_shortest_path/18x18",
        "evaluate_with_extra": false,
        "normalize": true,
        "use_local_path": false,
        "use_test_set": true
    },
    "model_dir": "results/warcraft_shortest_path_combresnet",
    "num_cpus": 20,
    "num_epochs": 50,
    "problem_type": "warcraft_shortest_path",
    "ray_params": {},
    "save_visualizations": false,
    "seed": 3,
    "trainer_name": "DijkstraMAP",
    "trainer_params": {
        "batch_size": 70,
        "l1_regconst": 0.0,
        "lambda_val": 0.0,
        "lr_milestone_1": 30,
        "lr_milestone_2": 40,
        "mode": {
            "loss_type": "normal",
            "nb_samples": 1,
            "objective_type": "normal",
            "perturb_w": false,
            "perturb_w_prime": false,
            "temperature": 0.1,
            "type": 5,
            "use_gamma": false,
            "use_marginal": true
        },
        "model_params": {
            "arch_params": {},
            "model_name": "CombResnet18"
        },
        "neighbourhood_fn": "8-grid",
        "optimizer_name": "Adam",
        "optimizer_params": {
            "lr": 0.0005
        },
        "preload_batch": true,
        "use_cuda": true,
        "use_lr_scheduling": true
    },
    "use_ray": false
}
MAP-BACKPROP MODE: {
    "loss_type": "normal",
    "nb_samples": 1,
    "objective_type": "normal",
    "perturb_w": false,
    "perturb_w_prime": false,
    "temperature": 0.1,
    "type": 5,
    "use_gamma": false,
    "use_marginal": true
}
True
META: {'input_image_size': 144, 'output_features': 324, 'num_channels': 3, 'denormalize': <maprop.decorators.input_to_numpy object at 0x2b7568846c88>}
EVALUATING
{'loss': 29.7360000038147, 'accuracy': 0.9082222139835358, 'perfect_match_accuracy': 0.008, 'cost_ratio_suggested_true': 2.685205645561218, 'below_10.0_percent_acc': 0.076, 'below_1.0_percent_acc': 0.019, 'below_0.1_percent_acc': 0.016, 'below_0.01_percent_acc': 0.016, 'below_0.001_percent_acc': 0.014, 'below_0.0001_percent_acc': 0.014, 'valid_acc': 1.0}
Epoch: 1	Batch time (0.930600)	Data time (0.020417)	Cuda time (0.000003)	Loss (31.527001)	Accuracy (0.902694)
EVALUATING
{'loss': 30.422001399993896, 'accuracy': 0.906104930639267, 'perfect_match_accuracy': 0.002, 'cost_ratio_suggested_true': 2.165366885662079, 'below_10.0_percent_acc': 0.173, 'below_1.0_percent_acc': 0.025, 'below_0.1_percent_acc': 0.016, 'below_0.01_percent_acc': 0.016, 'below_0.001_percent_acc': 0.015, 'below_0.0001_percent_acc': 0.015, 'valid_acc': 1.0}
Epoch: 2	Batch time (0.906733)	Data time (0.020524)	Cuda time (0.000003)	Loss (30.223501)	Accuracy (0.906718)
EVALUATING
{'loss': 29.146001167297364, 'accuracy': 0.9100432008504867, 'perfect_match_accuracy': 0.004, 'cost_ratio_suggested_true': 1.5452547991275787, 'below_10.0_percent_acc': 0.377, 'below_1.0_percent_acc': 0.031, 'below_0.1_percent_acc': 0.013, 'below_0.01_percent_acc': 0.013, 'below_0.001_percent_acc': 0.012, 'below_0.0001_percent_acc': 0.012, 'valid_acc': 1.0}
Epoch: 3	Batch time (0.882364)	Data time (0.023007)	Cuda time (0.000003)	Loss (30.362601)	Accuracy (0.906288)
EVALUATING
{'loss': 32.20500062942505, 'accuracy': 0.9006018388271332, 'perfect_match_accuracy': 0.002, 'cost_ratio_suggested_true': 2.5746055746078493, 'below_10.0_percent_acc': 0.093, 'below_1.0_percent_acc': 0.014, 'below_0.1_percent_acc': 0.011, 'below_0.01_percent_acc': 0.011, 'below_0.001_percent_acc': 0.01, 'below_0.0001_percent_acc': 0.01, 'valid_acc': 1.0}
Epoch: 4	Batch time (0.918959)	Data time (0.023964)	Cuda time (0.000003)	Loss (31.786401)	Accuracy (0.901894)
EVALUATING
{'loss': 30.972000904083252, 'accuracy': 0.9044073957204819, 'perfect_match_accuracy': 0.002, 'cost_ratio_suggested_true': 2.3816677355766296, 'below_10.0_percent_acc': 0.131, 'below_1.0_percent_acc': 0.028, 'below_0.1_percent_acc': 0.019, 'below_0.01_percent_acc': 0.019, 'below_0.001_percent_acc': 0.018, 'below_0.0001_percent_acc': 0.018, 'valid_acc': 1.0}
Epoch: 5	Batch time (0.883320)	Data time (0.023234)	Cuda time (0.000003)	Loss (32.244101)	Accuracy (0.900481)
EVALUATING
{'loss': 29.969000873565673, 'accuracy': 0.9075030738115311, 'perfect_match_accuracy': 0.005, 'cost_ratio_suggested_true': 2.440632164478302, 'below_10.0_percent_acc': 0.12, 'below_1.0_percent_acc': 0.026, 'below_0.1_percent_acc': 0.018, 'below_0.01_percent_acc': 0.018, 'below_0.001_percent_acc': 0.016, 'below_0.0001_percent_acc': 0.016, 'valid_acc': 1.0}
Epoch: 6	Batch time (0.902811)	Data time (0.023169)	Cuda time (0.000003)	Loss (30.436001)	Accuracy (0.906062)
EVALUATING
{'loss': 32.54300100326538, 'accuracy': 0.8995586347579956, 'perfect_match_accuracy': 0.0, 'cost_ratio_suggested_true': 2.6240851187705996, 'below_10.0_percent_acc': 0.088, 'below_1.0_percent_acc': 0.014, 'below_0.1_percent_acc': 0.012, 'below_0.01_percent_acc': 0.012, 'below_0.001_percent_acc': 0.012, 'below_0.0001_percent_acc': 0.012, 'valid_acc': 1.0}
Epoch: 7	Batch time (0.901506)	Data time (0.021149)	Cuda time (0.000003)	Loss (30.856601)	Accuracy (0.904764)
EVALUATING
{'loss': 28.91600070953369, 'accuracy': 0.9107530725002289, 'perfect_match_accuracy': 0.005, 'cost_ratio_suggested_true': 2.0964220762252808, 'below_10.0_percent_acc': 0.243, 'below_1.0_percent_acc': 0.06, 'below_0.1_percent_acc': 0.045, 'below_0.01_percent_acc': 0.045, 'below_0.001_percent_acc': 0.04, 'below_0.0001_percent_acc': 0.039, 'valid_acc': 1.0}
Epoch: 8	Batch time (0.918623)	Data time (0.029674)	Cuda time (0.000003)	Loss (31.582401)	Accuracy (0.902523)
EVALUATING
{'loss': 29.178001251220703, 'accuracy': 0.9099444317817688, 'perfect_match_accuracy': 0.001, 'cost_ratio_suggested_true': 1.7158965706825255, 'below_10.0_percent_acc': 0.379, 'below_1.0_percent_acc': 0.043, 'below_0.1_percent_acc': 0.027, 'below_0.01_percent_acc': 0.027, 'below_0.001_percent_acc': 0.026, 'below_0.0001_percent_acc': 0.026, 'valid_acc': 1.0}
Epoch: 9	Batch time (0.909792)	Data time (0.026087)	Cuda time (0.000003)	Loss (31.778901)	Accuracy (0.901917)
EVALUATING
{'loss': 29.847000846862795, 'accuracy': 0.9078796136379242, 'perfect_match_accuracy': 0.004, 'cost_ratio_suggested_true': 2.245528976917267, 'below_10.0_percent_acc': 0.19, 'below_1.0_percent_acc': 0.032, 'below_0.1_percent_acc': 0.023, 'below_0.01_percent_acc': 0.023, 'below_0.001_percent_acc': 0.022, 'below_0.0001_percent_acc': 0.022, 'valid_acc': 1.0}
Epoch: 10	Batch time (0.892928)	Data time (0.021305)	Cuda time (0.000003)	Loss (32.850401)	Accuracy (0.898610)
EVALUATING
{'loss': 31.557000942230225, 'accuracy': 0.9026018381118774, 'perfect_match_accuracy': 0.003, 'cost_ratio_suggested_true': 2.6720663928985595, 'below_10.0_percent_acc': 0.137, 'below_1.0_percent_acc': 0.024, 'below_0.1_percent_acc': 0.02, 'below_0.01_percent_acc': 0.02, 'below_0.001_percent_acc': 0.019, 'below_0.0001_percent_acc': 0.019, 'valid_acc': 1.0}
Epoch: 11	Batch time (0.888655)	Data time (0.022102)	Cuda time (0.000003)	Loss (33.444601)	Accuracy (0.896776)
EVALUATING
{'loss': 31.281001091003418, 'accuracy': 0.9034536898136138, 'perfect_match_accuracy': 0.002, 'cost_ratio_suggested_true': 2.6343903851509096, 'below_10.0_percent_acc': 0.141, 'below_1.0_percent_acc': 0.026, 'below_0.1_percent_acc': 0.021, 'below_0.01_percent_acc': 0.021, 'below_0.001_percent_acc': 0.019, 'below_0.0001_percent_acc': 0.019, 'valid_acc': 1.0}
Epoch: 12	Batch time (0.917210)	Data time (0.022062)	Cuda time (0.000003)	Loss (30.977001)	Accuracy (0.904392)
EVALUATING
{'loss': 24.29700048446655, 'accuracy': 0.9250092530250549, 'perfect_match_accuracy': 0.013, 'cost_ratio_suggested_true': 1.5107433474063874, 'below_10.0_percent_acc': 0.511, 'below_1.0_percent_acc': 0.113, 'below_0.1_percent_acc': 0.079, 'below_0.01_percent_acc': 0.079, 'below_0.001_percent_acc': 0.072, 'below_0.0001_percent_acc': 0.071, 'valid_acc': 1.0}
Epoch: 13	Batch time (0.894662)	Data time (0.021781)	Cuda time (0.000003)	Loss (27.605601)	Accuracy (0.914798)
EVALUATING
{'loss': 23.03500036239624, 'accuracy': 0.9289043062925338, 'perfect_match_accuracy': 0.018, 'cost_ratio_suggested_true': 1.593717873096466, 'below_10.0_percent_acc': 0.474, 'below_1.0_percent_acc': 0.205, 'below_0.1_percent_acc': 0.167, 'below_0.01_percent_acc': 0.167, 'below_0.001_percent_acc': 0.157, 'below_0.0001_percent_acc': 0.157, 'valid_acc': 1.0}
Epoch: 14	Batch time (0.943413)	Data time (0.025639)	Cuda time (0.000003)	Loss (29.627201)	Accuracy (0.908558)
EVALUATING
{'loss': 32.10200054168701, 'accuracy': 0.9009197407960892, 'perfect_match_accuracy': 0.004, 'cost_ratio_suggested_true': 2.030648354291916, 'below_10.0_percent_acc': 0.212, 'below_1.0_percent_acc': 0.02, 'below_0.1_percent_acc': 0.012, 'below_0.01_percent_acc': 0.012, 'below_0.001_percent_acc': 0.011, 'below_0.0001_percent_acc': 0.011, 'valid_acc': 1.0}
Epoch: 15	Batch time (0.942549)	Data time (0.022314)	Cuda time (0.000003)	Loss (35.540601)	Accuracy (0.890307)
EVALUATING
{'loss': 35.70800071716309, 'accuracy': 0.8897901153564454, 'perfect_match_accuracy': 0.001, 'cost_ratio_suggested_true': 3.0855480456352233, 'below_10.0_percent_acc': 0.022, 'below_1.0_percent_acc': 0.004, 'below_0.1_percent_acc': 0.002, 'below_0.01_percent_acc': 0.002, 'below_0.001_percent_acc': 0.002, 'below_0.0001_percent_acc': 0.002, 'valid_acc': 1.0}
Epoch: 16	Batch time (0.946711)	Data time (0.027623)	Cuda time (0.000003)	Loss (35.624401)	Accuracy (0.890048)
EVALUATING
{'loss': 34.53900098800659, 'accuracy': 0.8933981311321259, 'perfect_match_accuracy': 0.003, 'cost_ratio_suggested_true': 2.8040439248085023, 'below_10.0_percent_acc': 0.055, 'below_1.0_percent_acc': 0.008, 'below_0.1_percent_acc': 0.008, 'below_0.01_percent_acc': 0.008, 'below_0.001_percent_acc': 0.007, 'below_0.0001_percent_acc': 0.007, 'valid_acc': 1.0}
Epoch: 17	Batch time (0.925949)	Data time (0.026678)	Cuda time (0.000003)	Loss (34.552001)	Accuracy (0.893358)
EVALUATING
{'loss': 33.875001182556154, 'accuracy': 0.8954475152492524, 'perfect_match_accuracy': 0.002, 'cost_ratio_suggested_true': 2.298721284866333, 'below_10.0_percent_acc': 0.094, 'below_1.0_percent_acc': 0.011, 'below_0.1_percent_acc': 0.008, 'below_0.01_percent_acc': 0.008, 'below_0.001_percent_acc': 0.007, 'below_0.0001_percent_acc': 0.007, 'valid_acc': 1.0}
Epoch: 18	Batch time (0.924145)	Data time (0.020636)	Cuda time (0.000003)	Loss (33.978801)	Accuracy (0.895127)
EVALUATING
{'loss': 32.18400112152099, 'accuracy': 0.9006666570901871, 'perfect_match_accuracy': 0.0, 'cost_ratio_suggested_true': 1.6710251593589782, 'below_10.0_percent_acc': 0.27, 'below_1.0_percent_acc': 0.022, 'below_0.1_percent_acc': 0.008, 'below_0.01_percent_acc': 0.008, 'below_0.001_percent_acc': 0.007, 'below_0.0001_percent_acc': 0.007, 'valid_acc': 1.0}
Epoch: 19	Batch time (0.959427)	Data time (0.025083)	Cuda time (0.000003)	Loss (33.300501)	Accuracy (0.897221)
EVALUATING
{'loss': 34.54900081634521, 'accuracy': 0.8933672672510147, 'perfect_match_accuracy': 0.001, 'cost_ratio_suggested_true': 2.0985138773918153, 'below_10.0_percent_acc': 0.118, 'below_1.0_percent_acc': 0.013, 'below_0.1_percent_acc': 0.004, 'below_0.01_percent_acc': 0.004, 'below_0.001_percent_acc': 0.003, 'below_0.0001_percent_acc': 0.003, 'valid_acc': 1.0}
Epoch: 20	Batch time (0.949036)	Data time (0.029946)	Cuda time (0.000003)	Loss (33.192501)	Accuracy (0.897554)
EVALUATING
{'loss': 32.07400165557861, 'accuracy': 0.9010061579942703, 'perfect_match_accuracy': 0.002, 'cost_ratio_suggested_true': 1.7223408377170564, 'below_10.0_percent_acc': 0.26, 'below_1.0_percent_acc': 0.023, 'below_0.1_percent_acc': 0.012, 'below_0.01_percent_acc': 0.012, 'below_0.001_percent_acc': 0.01, 'below_0.0001_percent_acc': 0.01, 'valid_acc': 1.0}
Epoch: 21	Batch time (0.819041)	Data time (0.027110)	Cuda time (0.000003)	Loss (31.531901)	Accuracy (0.902679)
EVALUATING
{'loss': 29.238001155853272, 'accuracy': 0.9097592484951019, 'perfect_match_accuracy': 0.004, 'cost_ratio_suggested_true': 1.3803848123550415, 'below_10.0_percent_acc': 0.583, 'below_1.0_percent_acc': 0.088, 'below_0.1_percent_acc': 0.065, 'below_0.01_percent_acc': 0.065, 'below_0.001_percent_acc': 0.064, 'below_0.0001_percent_acc': 0.064, 'valid_acc': 1.0}
Epoch: 22	Batch time (0.846029)	Data time (0.024160)	Cuda time (0.000003)	Loss (29.930401)	Accuracy (0.907622)
EVALUATING
{'loss': 26.82900043487549, 'accuracy': 0.9171944344043732, 'perfect_match_accuracy': 0.004, 'cost_ratio_suggested_true': 1.3118976581096649, 'below_10.0_percent_acc': 0.689, 'below_1.0_percent_acc': 0.124, 'below_0.1_percent_acc': 0.084, 'below_0.01_percent_acc': 0.084, 'below_0.001_percent_acc': 0.08, 'below_0.0001_percent_acc': 0.079, 'valid_acc': 1.0}
Epoch: 23	Batch time (0.780088)	Data time (0.023040)	Cuda time (0.000003)	Loss (30.505101)	Accuracy (0.905848)
EVALUATING
{'loss': 28.1960009765625, 'accuracy': 0.9129752975702286, 'perfect_match_accuracy': 0.004, 'cost_ratio_suggested_true': 1.6775285351276397, 'below_10.0_percent_acc': 0.447, 'below_1.0_percent_acc': 0.084, 'below_0.1_percent_acc': 0.061, 'below_0.01_percent_acc': 0.061, 'below_0.001_percent_acc': 0.059, 'below_0.0001_percent_acc': 0.058, 'valid_acc': 1.0}
Epoch: 24	Batch time (0.743400)	Data time (0.023378)	Cuda time (0.000003)	Loss (30.472501)	Accuracy (0.905949)
EVALUATING
{'loss': 26.964000568389892, 'accuracy': 0.9167777669429779, 'perfect_match_accuracy': 0.004, 'cost_ratio_suggested_true': 1.577286353111267, 'below_10.0_percent_acc': 0.499, 'below_1.0_percent_acc': 0.111, 'below_0.1_percent_acc': 0.087, 'below_0.01_percent_acc': 0.087, 'below_0.001_percent_acc': 0.083, 'below_0.0001_percent_acc': 0.082, 'valid_acc': 1.0}
Epoch: 25	Batch time (0.763098)	Data time (0.022702)	Cuda time (0.000003)	Loss (30.183401)	Accuracy (0.906841)
EVALUATING
{'loss': 26.958001289367676, 'accuracy': 0.9167962801456452, 'perfect_match_accuracy': 0.008, 'cost_ratio_suggested_true': 1.613189846277237, 'below_10.0_percent_acc': 0.489, 'below_1.0_percent_acc': 0.114, 'below_0.1_percent_acc': 0.083, 'below_0.01_percent_acc': 0.083, 'below_0.001_percent_acc': 0.08, 'below_0.0001_percent_acc': 0.079, 'valid_acc': 1.0}
Epoch: 26	Batch time (0.758525)	Data time (0.026011)	Cuda time (0.000003)	Loss (30.210001)	Accuracy (0.906759)
EVALUATING
{'loss': 27.586001071929932, 'accuracy': 0.9148580139875412, 'perfect_match_accuracy': 0.006, 'cost_ratio_suggested_true': 1.5038284051418305, 'below_10.0_percent_acc': 0.484, 'below_1.0_percent_acc': 0.043, 'below_0.1_percent_acc': 0.026, 'below_0.01_percent_acc': 0.026, 'below_0.001_percent_acc': 0.025, 'below_0.0001_percent_acc': 0.025, 'valid_acc': 1.0}
Epoch: 27	Batch time (0.763171)	Data time (0.023795)	Cuda time (0.000003)	Loss (30.476401)	Accuracy (0.905937)
EVALUATING
{'loss': 26.748001251220703, 'accuracy': 0.9174444270133972, 'perfect_match_accuracy': 0.006, 'cost_ratio_suggested_true': 1.5702384543418884, 'below_10.0_percent_acc': 0.525, 'below_1.0_percent_acc': 0.093, 'below_0.1_percent_acc': 0.068, 'below_0.01_percent_acc': 0.068, 'below_0.001_percent_acc': 0.065, 'below_0.0001_percent_acc': 0.065, 'valid_acc': 1.0}
Epoch: 28	Batch time (0.749903)	Data time (0.023068)	Cuda time (0.000003)	Loss (29.988501)	Accuracy (0.907443)
EVALUATING
{'loss': 24.961000289916992, 'accuracy': 0.9229598605632782, 'perfect_match_accuracy': 0.008, 'cost_ratio_suggested_true': 1.3988702738285064, 'below_10.0_percent_acc': 0.637, 'below_1.0_percent_acc': 0.137, 'below_0.1_percent_acc': 0.101, 'below_0.01_percent_acc': 0.101, 'below_0.001_percent_acc': 0.096, 'below_0.0001_percent_acc': 0.095, 'valid_acc': 1.0}
Epoch: 29	Batch time (0.769679)	Data time (0.024951)	Cuda time (0.000003)	Loss (28.430301)	Accuracy (0.912252)
EVALUATING
{'loss': 22.79000045776367, 'accuracy': 0.9296604788303375, 'perfect_match_accuracy': 0.009, 'cost_ratio_suggested_true': 1.2383643233776092, 'below_10.0_percent_acc': 0.751, 'below_1.0_percent_acc': 0.2, 'below_0.1_percent_acc': 0.158, 'below_0.01_percent_acc': 0.157, 'below_0.001_percent_acc': 0.149, 'below_0.0001_percent_acc': 0.148, 'valid_acc': 1.0}
Epoch: 30	Batch time (0.742035)	Data time (0.027316)	Cuda time (0.000003)	Loss (31.715701)	Accuracy (0.902112)
EVALUATING
{'loss': 32.935000572204586, 'accuracy': 0.8983487570285797, 'perfect_match_accuracy': 0.002, 'cost_ratio_suggested_true': 2.513610165119171, 'below_10.0_percent_acc': 0.099, 'below_1.0_percent_acc': 0.012, 'below_0.1_percent_acc': 0.008, 'below_0.01_percent_acc': 0.008, 'below_0.001_percent_acc': 0.007, 'below_0.0001_percent_acc': 0.007, 'valid_acc': 1.0}
Epoch: 31	Batch time (0.701208)	Data time (0.020703)	Cuda time (0.000002)	Loss (34.049401)	Accuracy (0.894909)
EVALUATING
{'loss': 32.771000900268554, 'accuracy': 0.8988549208641052, 'perfect_match_accuracy': 0.003, 'cost_ratio_suggested_true': 2.519325842857361, 'below_10.0_percent_acc': 0.108, 'below_1.0_percent_acc': 0.013, 'below_0.1_percent_acc': 0.009, 'below_0.01_percent_acc': 0.009, 'below_0.001_percent_acc': 0.008, 'below_0.0001_percent_acc': 0.008, 'valid_acc': 1.0}
Epoch: 32	Batch time (0.693982)	Data time (0.019328)	Cuda time (0.000002)	Loss (33.907501)	Accuracy (0.895347)
EVALUATING
{'loss': 33.12100112915039, 'accuracy': 0.8977746772766113, 'perfect_match_accuracy': 0.002, 'cost_ratio_suggested_true': 2.4985849332809447, 'below_10.0_percent_acc': 0.099, 'below_1.0_percent_acc': 0.012, 'below_0.1_percent_acc': 0.007, 'below_0.01_percent_acc': 0.007, 'below_0.001_percent_acc': 0.006, 'below_0.0001_percent_acc': 0.006, 'valid_acc': 1.0}
Epoch: 33	Batch time (0.712101)	Data time (0.019351)	Cuda time (0.000003)	Loss (33.883201)	Accuracy (0.895422)
EVALUATING
{'loss': 33.085001144409176, 'accuracy': 0.8978858011960983, 'perfect_match_accuracy': 0.002, 'cost_ratio_suggested_true': 2.4475898122787476, 'below_10.0_percent_acc': 0.108, 'below_1.0_percent_acc': 0.012, 'below_0.1_percent_acc': 0.007, 'below_0.01_percent_acc': 0.007, 'below_0.001_percent_acc': 0.006, 'below_0.0001_percent_acc': 0.006, 'valid_acc': 1.0}
Epoch: 34	Batch time (0.725257)	Data time (0.019493)	Cuda time (0.000003)	Loss (33.735501)	Accuracy (0.895878)
EVALUATING
{'loss': 32.846000823974606, 'accuracy': 0.8986234480142593, 'perfect_match_accuracy': 0.002, 'cost_ratio_suggested_true': 2.4169345617294313, 'below_10.0_percent_acc': 0.119, 'below_1.0_percent_acc': 0.013, 'below_0.1_percent_acc': 0.007, 'below_0.01_percent_acc': 0.007, 'below_0.001_percent_acc': 0.006, 'below_0.0001_percent_acc': 0.006, 'valid_acc': 1.0}
Epoch: 35	Batch time (0.706484)	Data time (0.018694)	Cuda time (0.000003)	Loss (33.763201)	Accuracy (0.895793)
EVALUATING
{'loss': 32.76400094985962, 'accuracy': 0.898876524567604, 'perfect_match_accuracy': 0.002, 'cost_ratio_suggested_true': 2.4180224204063414, 'below_10.0_percent_acc': 0.12, 'below_1.0_percent_acc': 0.014, 'below_0.1_percent_acc': 0.008, 'below_0.01_percent_acc': 0.008, 'below_0.001_percent_acc': 0.007, 'below_0.0001_percent_acc': 0.007, 'valid_acc': 1.0}
Epoch: 36	Batch time (0.700924)	Data time (0.019674)	Cuda time (0.000003)	Loss (33.650601)	Accuracy (0.896140)
EVALUATING
{'loss': 32.69600160598755, 'accuracy': 0.8990864056348801, 'perfect_match_accuracy': 0.002, 'cost_ratio_suggested_true': 2.340302619934082, 'below_10.0_percent_acc': 0.13, 'below_1.0_percent_acc': 0.013, 'below_0.1_percent_acc': 0.008, 'below_0.01_percent_acc': 0.008, 'below_0.001_percent_acc': 0.007, 'below_0.0001_percent_acc': 0.007, 'valid_acc': 1.0}
Epoch: 37	Batch time (0.702395)	Data time (0.018723)	Cuda time (0.000003)	Loss (33.751601)	Accuracy (0.895828)
EVALUATING
{'loss': 32.99000078201294, 'accuracy': 0.8981790006160736, 'perfect_match_accuracy': 0.003, 'cost_ratio_suggested_true': 2.439169075489044, 'below_10.0_percent_acc': 0.112, 'below_1.0_percent_acc': 0.014, 'below_0.1_percent_acc': 0.009, 'below_0.01_percent_acc': 0.009, 'below_0.001_percent_acc': 0.008, 'below_0.0001_percent_acc': 0.008, 'valid_acc': 1.0}
Epoch: 38	Batch time (0.724586)	Data time (0.019442)	Cuda time (0.000003)	Loss (33.774801)	Accuracy (0.895757)
EVALUATING
{'loss': 32.90600116729736, 'accuracy': 0.8984382653236389, 'perfect_match_accuracy': 0.003, 'cost_ratio_suggested_true': 2.394404866695404, 'below_10.0_percent_acc': 0.118, 'below_1.0_percent_acc': 0.013, 'below_0.1_percent_acc': 0.008, 'below_0.01_percent_acc': 0.008, 'below_0.001_percent_acc': 0.007, 'below_0.0001_percent_acc': 0.007, 'valid_acc': 1.0}
Epoch: 39	Batch time (0.713235)	Data time (0.019151)	Cuda time (0.000003)	Loss (33.667801)	Accuracy (0.896087)
EVALUATING
{'loss': 32.912000770568845, 'accuracy': 0.898419748544693, 'perfect_match_accuracy': 0.003, 'cost_ratio_suggested_true': 2.405113785266876, 'below_10.0_percent_acc': 0.117, 'below_1.0_percent_acc': 0.013, 'below_0.1_percent_acc': 0.008, 'below_0.01_percent_acc': 0.008, 'below_0.001_percent_acc': 0.007, 'below_0.0001_percent_acc': 0.007, 'valid_acc': 1.0}
Epoch: 40	Batch time (0.703007)	Data time (0.019543)	Cuda time (0.000003)	Loss (33.447501)	Accuracy (0.896767)
EVALUATING
{'loss': 32.54500118255615, 'accuracy': 0.8995524561405182, 'perfect_match_accuracy': 0.004, 'cost_ratio_suggested_true': 2.2731447291374205, 'below_10.0_percent_acc': 0.138, 'below_1.0_percent_acc': 0.016, 'below_0.1_percent_acc': 0.009, 'below_0.01_percent_acc': 0.009, 'below_0.001_percent_acc': 0.008, 'below_0.0001_percent_acc': 0.008, 'valid_acc': 1.0}
Epoch: 41	Batch time (0.718067)	Data time (0.021298)	Cuda time (0.000003)	Loss (33.510501)	Accuracy (0.896573)
EVALUATING
{'loss': 32.65000114440918, 'accuracy': 0.8992283880710602, 'perfect_match_accuracy': 0.004, 'cost_ratio_suggested_true': 2.2823862481117247, 'below_10.0_percent_acc': 0.137, 'below_1.0_percent_acc': 0.015, 'below_0.1_percent_acc': 0.008, 'below_0.01_percent_acc': 0.008, 'below_0.001_percent_acc': 0.007, 'below_0.0001_percent_acc': 0.007, 'valid_acc': 1.0}
Epoch: 42	Batch time (0.751528)	Data time (0.020877)	Cuda time (0.000003)	Loss (33.450601)	Accuracy (0.896757)
EVALUATING
{'loss': 32.59100107192993, 'accuracy': 0.8994104784727096, 'perfect_match_accuracy': 0.004, 'cost_ratio_suggested_true': 2.260367064476013, 'below_10.0_percent_acc': 0.141, 'below_1.0_percent_acc': 0.015, 'below_0.1_percent_acc': 0.008, 'below_0.01_percent_acc': 0.008, 'below_0.001_percent_acc': 0.007, 'below_0.0001_percent_acc': 0.007, 'valid_acc': 1.0}
Epoch: 43	Batch time (0.721363)	Data time (0.020419)	Cuda time (0.000003)	Loss (33.567401)	Accuracy (0.896397)
EVALUATING
{'loss': 32.812000846862794, 'accuracy': 0.8987283819913864, 'perfect_match_accuracy': 0.004, 'cost_ratio_suggested_true': 2.2658970665931704, 'below_10.0_percent_acc': 0.131, 'below_1.0_percent_acc': 0.013, 'below_0.1_percent_acc': 0.007, 'below_0.01_percent_acc': 0.007, 'below_0.001_percent_acc': 0.006, 'below_0.0001_percent_acc': 0.006, 'valid_acc': 1.0}
Epoch: 44	Batch time (0.718308)	Data time (0.020283)	Cuda time (0.000003)	Loss (33.548401)	Accuracy (0.896456)
EVALUATING
{'loss': 32.76900079727173, 'accuracy': 0.8988611036539078, 'perfect_match_accuracy': 0.004, 'cost_ratio_suggested_true': 2.2709662246704103, 'below_10.0_percent_acc': 0.13, 'below_1.0_percent_acc': 0.013, 'below_0.1_percent_acc': 0.007, 'below_0.01_percent_acc': 0.007, 'below_0.001_percent_acc': 0.006, 'below_0.0001_percent_acc': 0.006, 'valid_acc': 1.0}
Epoch: 45	Batch time (0.720561)	Data time (0.020188)	Cuda time (0.000003)	Loss (33.683701)	Accuracy (0.896038)
EVALUATING
{'loss': 32.73400138854981, 'accuracy': 0.8989691191911697, 'perfect_match_accuracy': 0.003, 'cost_ratio_suggested_true': 2.3034284996986387, 'below_10.0_percent_acc': 0.132, 'below_1.0_percent_acc': 0.014, 'below_0.1_percent_acc': 0.008, 'below_0.01_percent_acc': 0.008, 'below_0.001_percent_acc': 0.007, 'below_0.0001_percent_acc': 0.007, 'valid_acc': 1.0}
Epoch: 46	Batch time (0.723558)	Data time (0.020760)	Cuda time (0.000003)	Loss (33.584701)	Accuracy (0.896344)
EVALUATING
{'loss': 32.74300060272217, 'accuracy': 0.8989413487911224, 'perfect_match_accuracy': 0.004, 'cost_ratio_suggested_true': 2.264496681690216, 'below_10.0_percent_acc': 0.133, 'below_1.0_percent_acc': 0.014, 'below_0.1_percent_acc': 0.007, 'below_0.01_percent_acc': 0.007, 'below_0.001_percent_acc': 0.006, 'below_0.0001_percent_acc': 0.006, 'valid_acc': 1.0}
Epoch: 47	Batch time (0.720468)	Data time (0.019912)	Cuda time (0.000003)	Loss (33.600301)	Accuracy (0.896295)
EVALUATING
{'loss': 32.49500164031983, 'accuracy': 0.8997067779302597, 'perfect_match_accuracy': 0.004, 'cost_ratio_suggested_true': 2.260567271709442, 'below_10.0_percent_acc': 0.141, 'below_1.0_percent_acc': 0.016, 'below_0.1_percent_acc': 0.009, 'below_0.01_percent_acc': 0.009, 'below_0.001_percent_acc': 0.008, 'below_0.0001_percent_acc': 0.008, 'valid_acc': 1.0}
Epoch: 48	Batch time (0.732909)	Data time (0.020696)	Cuda time (0.000003)	Loss (33.650801)	Accuracy (0.896139)
EVALUATING
{'loss': 32.58100124359131, 'accuracy': 0.8994413453340531, 'perfect_match_accuracy': 0.004, 'cost_ratio_suggested_true': 2.267677729129791, 'below_10.0_percent_acc': 0.139, 'below_1.0_percent_acc': 0.016, 'below_0.1_percent_acc': 0.009, 'below_0.01_percent_acc': 0.009, 'below_0.001_percent_acc': 0.008, 'below_0.0001_percent_acc': 0.008, 'valid_acc': 1.0}
Epoch: 49	Batch time (0.720600)	Data time (0.020586)	Cuda time (0.000003)	Loss (33.549801)	Accuracy (0.896451)
EVALUATING
{'loss': 32.66200120925903, 'accuracy': 0.8991913497447968, 'perfect_match_accuracy': 0.003, 'cost_ratio_suggested_true': 2.291383697986603, 'below_10.0_percent_acc': 0.132, 'below_1.0_percent_acc': 0.015, 'below_0.1_percent_acc': 0.009, 'below_0.01_percent_acc': 0.009, 'below_0.001_percent_acc': 0.008, 'below_0.0001_percent_acc': 0.008, 'valid_acc': 1.0}
Epoch: 50	Batch time (0.713753)	Data time (0.020198)	Cuda time (0.000003)	Loss (33.565501)	Accuracy (0.896403)
EVALUATING
{'loss': 32.729001407623294, 'accuracy': 0.8989845579862594, 'perfect_match_accuracy': 0.003, 'cost_ratio_suggested_true': 2.2930808877944946, 'below_10.0_percent_acc': 0.13, 'below_1.0_percent_acc': 0.013, 'below_0.1_percent_acc': 0.007, 'below_0.01_percent_acc': 0.007, 'below_0.001_percent_acc': 0.006, 'below_0.0001_percent_acc': 0.006, 'valid_acc': 1.0}
