No existing entry for trainer_params.mode.type
{}[type] = <class 'int'>(5)
No existing entry for trainer_params.mode.objective_type
{'type': 5}[objective_type] = <class 'str'>(normal)
No existing entry for trainer_params.mode.use_marginal
{'type': 5, 'objective_type': 'normal'}[use_marginal] = <class 'bool'>(True)
No existing entry for trainer_params.mode.nb_samples
{'type': 5, 'objective_type': 'normal', 'use_marginal': True}[nb_samples] = <class 'int'>(1)
No existing entry for trainer_params.mode.temperature
{'type': 5, 'objective_type': 'normal', 'use_marginal': True, 'nb_samples': 1}[temperature] = <class 'float'>(0.2)
No existing entry for trainer_params.mode.use_gamma
{'type': 5, 'objective_type': 'normal', 'use_marginal': True, 'nb_samples': 1, 'temperature': 0.2}[use_gamma] = <class 'bool'>(False)
No existing entry for trainer_params.mode.loss_type
{'type': 5, 'objective_type': 'normal', 'use_marginal': True, 'nb_samples': 1, 'temperature': 0.2, 'use_gamma': False}[loss_type] = <class 'str'>(normal)
No existing entry for trainer_params.mode.perturb_w
{'type': 5, 'objective_type': 'normal', 'use_marginal': True, 'nb_samples': 1, 'temperature': 0.2, 'use_gamma': False, 'loss_type': 'normal'}[perturb_w] = <class 'bool'>(False)
No existing entry for trainer_params.mode.perturb_w_prime
{'type': 5, 'objective_type': 'normal', 'use_marginal': True, 'nb_samples': 1, 'temperature': 0.2, 'use_gamma': False, 'loss_type': 'normal', 'perturb_w': False}[perturb_w_prime] = <class 'bool'>(False)
{'batch_size': 70, 'l1_regconst': 0.0, 'lambda_val': 20.0, 'lr_milestone_1': 30, 'lr_milestone_2': 40, 'model_params': {'arch_params': {}, 'model_name': 'CombResnet18'}, 'neighbourhood_fn': '8-grid', 'optimizer_name': 'Adam', 'optimizer_params': {'lr': 0.0005}, 'preload_batch': True, 'use_cuda': True, 'use_lr_scheduling': True, 'mode': {'type': 5, 'objective_type': 'normal', 'use_marginal': True, 'nb_samples': 1, 'temperature': 0.2, 'use_gamma': False, 'loss_type': 'normal', 'perturb_w': False, 'perturb_w_prime': False}}[lambda_val] = <class 'float'>(0.0)
{'data_dir': 'data/warcraft_shortest_path/12x12', 'evaluate_with_extra': False, 'normalize': True, 'use_local_path': False, 'use_test_set': True}[data_dir] = <class 'str'>(data/warcraft_shortest_path/18x18)
{'evaluate_every': 5, 'loader_params': {'data_dir': 'data/warcraft_shortest_path/18x18', 'evaluate_with_extra': False, 'normalize': True, 'use_local_path': False, 'use_test_set': True}, 'model_dir': 'results/warcraft_shortest_path_combresnet', 'num_cpus': 40, 'num_epochs': 50, 'problem_type': 'warcraft_shortest_path', 'ray_params': {}, 'save_visualizations': False, 'seed': 1, 'trainer_name': 'DijkstraMAP', 'trainer_params': {'batch_size': 70, 'l1_regconst': 0.0, 'lambda_val': 0.0, 'lr_milestone_1': 30, 'lr_milestone_2': 40, 'model_params': {'arch_params': {}, 'model_name': 'CombResnet18'}, 'neighbourhood_fn': '8-grid', 'optimizer_name': 'Adam', 'optimizer_params': {'lr': 0.0005}, 'preload_batch': True, 'use_cuda': True, 'use_lr_scheduling': True, 'mode': {'type': 5, 'objective_type': 'normal', 'use_marginal': True, 'nb_samples': 1, 'temperature': 0.2, 'use_gamma': False, 'loss_type': 'normal', 'perturb_w': False, 'perturb_w_prime': False}}, 'use_ray': True}[seed] = <class 'int'>(4)
{'evaluate_every': 5, 'loader_params': {'data_dir': 'data/warcraft_shortest_path/18x18', 'evaluate_with_extra': False, 'normalize': True, 'use_local_path': False, 'use_test_set': True}, 'model_dir': 'results/warcraft_shortest_path_combresnet', 'num_cpus': 40, 'num_epochs': 50, 'problem_type': 'warcraft_shortest_path', 'ray_params': {}, 'save_visualizations': False, 'seed': 4, 'trainer_name': 'DijkstraMAP', 'trainer_params': {'batch_size': 70, 'l1_regconst': 0.0, 'lambda_val': 0.0, 'lr_milestone_1': 30, 'lr_milestone_2': 40, 'model_params': {'arch_params': {}, 'model_name': 'CombResnet18'}, 'neighbourhood_fn': '8-grid', 'optimizer_name': 'Adam', 'optimizer_params': {'lr': 0.0005}, 'preload_batch': True, 'use_cuda': True, 'use_lr_scheduling': True, 'mode': {'type': 5, 'objective_type': 'normal', 'use_marginal': True, 'nb_samples': 1, 'temperature': 0.2, 'use_gamma': False, 'loss_type': 'normal', 'perturb_w': False, 'perturb_w_prime': False}}, 'use_ray': True}[evaluate_every] = <class 'int'>(1)
{'evaluate_every': 1, 'loader_params': {'data_dir': 'data/warcraft_shortest_path/18x18', 'evaluate_with_extra': False, 'normalize': True, 'use_local_path': False, 'use_test_set': True}, 'model_dir': 'results/warcraft_shortest_path_combresnet', 'num_cpus': 40, 'num_epochs': 50, 'problem_type': 'warcraft_shortest_path', 'ray_params': {}, 'save_visualizations': False, 'seed': 4, 'trainer_name': 'DijkstraMAP', 'trainer_params': {'batch_size': 70, 'l1_regconst': 0.0, 'lambda_val': 0.0, 'lr_milestone_1': 30, 'lr_milestone_2': 40, 'model_params': {'arch_params': {}, 'model_name': 'CombResnet18'}, 'neighbourhood_fn': '8-grid', 'optimizer_name': 'Adam', 'optimizer_params': {'lr': 0.0005}, 'preload_batch': True, 'use_cuda': True, 'use_lr_scheduling': True, 'mode': {'type': 5, 'objective_type': 'normal', 'use_marginal': True, 'nb_samples': 1, 'temperature': 0.2, 'use_gamma': False, 'loss_type': 'normal', 'perturb_w': False, 'perturb_w_prime': False}}, 'use_ray': True}[use_ray] = <class 'bool'>(False)
No existing entry for trainer_params.mode.type
{}[type] = <class 'int'>(5)
No existing entry for trainer_params.mode.objective_type
{'type': 5}[objective_type] = <class 'str'>(normal)
No existing entry for trainer_params.mode.use_marginal
{'type': 5, 'objective_type': 'normal'}[use_marginal] = <class 'bool'>(True)
No existing entry for trainer_params.mode.nb_samples
{'type': 5, 'objective_type': 'normal', 'use_marginal': True}[nb_samples] = <class 'int'>(1)
No existing entry for trainer_params.mode.temperature
{'type': 5, 'objective_type': 'normal', 'use_marginal': True, 'nb_samples': 1}[temperature] = <class 'float'>(0.2)
No existing entry for trainer_params.mode.use_gamma
{'type': 5, 'objective_type': 'normal', 'use_marginal': True, 'nb_samples': 1, 'temperature': 0.2}[use_gamma] = <class 'bool'>(False)
No existing entry for trainer_params.mode.loss_type
{'type': 5, 'objective_type': 'normal', 'use_marginal': True, 'nb_samples': 1, 'temperature': 0.2, 'use_gamma': False}[loss_type] = <class 'str'>(normal)
No existing entry for trainer_params.mode.perturb_w
{'type': 5, 'objective_type': 'normal', 'use_marginal': True, 'nb_samples': 1, 'temperature': 0.2, 'use_gamma': False, 'loss_type': 'normal'}[perturb_w] = <class 'bool'>(False)
No existing entry for trainer_params.mode.perturb_w_prime
{'type': 5, 'objective_type': 'normal', 'use_marginal': True, 'nb_samples': 1, 'temperature': 0.2, 'use_gamma': False, 'loss_type': 'normal', 'perturb_w': False}[perturb_w_prime] = <class 'bool'>(False)
{'batch_size': 70, 'l1_regconst': 0.0, 'lambda_val': 20.0, 'lr_milestone_1': 30, 'lr_milestone_2': 40, 'model_params': {'arch_params': {}, 'model_name': 'CombResnet18'}, 'neighbourhood_fn': '8-grid', 'optimizer_name': 'Adam', 'optimizer_params': {'lr': 0.0005}, 'preload_batch': True, 'use_cuda': True, 'use_lr_scheduling': True, 'mode': {'type': 5, 'objective_type': 'normal', 'use_marginal': True, 'nb_samples': 1, 'temperature': 0.2, 'use_gamma': False, 'loss_type': 'normal', 'perturb_w': False, 'perturb_w_prime': False}}[lambda_val] = <class 'float'>(0.0)
{'data_dir': 'data/warcraft_shortest_path/12x12', 'evaluate_with_extra': False, 'normalize': True, 'use_local_path': False, 'use_test_set': True}[data_dir] = <class 'str'>(data/warcraft_shortest_path/18x18)
{'evaluate_every': 5, 'loader_params': {'data_dir': 'data/warcraft_shortest_path/18x18', 'evaluate_with_extra': False, 'normalize': True, 'use_local_path': False, 'use_test_set': True}, 'model_dir': 'results/warcraft_shortest_path_combresnet', 'num_cpus': 40, 'num_epochs': 50, 'problem_type': 'warcraft_shortest_path', 'ray_params': {}, 'save_visualizations': False, 'seed': 1, 'trainer_name': 'DijkstraMAP', 'trainer_params': {'batch_size': 70, 'l1_regconst': 0.0, 'lambda_val': 0.0, 'lr_milestone_1': 30, 'lr_milestone_2': 40, 'model_params': {'arch_params': {}, 'model_name': 'CombResnet18'}, 'neighbourhood_fn': '8-grid', 'optimizer_name': 'Adam', 'optimizer_params': {'lr': 0.0005}, 'preload_batch': True, 'use_cuda': True, 'use_lr_scheduling': True, 'mode': {'type': 5, 'objective_type': 'normal', 'use_marginal': True, 'nb_samples': 1, 'temperature': 0.2, 'use_gamma': False, 'loss_type': 'normal', 'perturb_w': False, 'perturb_w_prime': False}}, 'use_ray': True}[seed] = <class 'int'>(4)
{'evaluate_every': 5, 'loader_params': {'data_dir': 'data/warcraft_shortest_path/18x18', 'evaluate_with_extra': False, 'normalize': True, 'use_local_path': False, 'use_test_set': True}, 'model_dir': 'results/warcraft_shortest_path_combresnet', 'num_cpus': 40, 'num_epochs': 50, 'problem_type': 'warcraft_shortest_path', 'ray_params': {}, 'save_visualizations': False, 'seed': 4, 'trainer_name': 'DijkstraMAP', 'trainer_params': {'batch_size': 70, 'l1_regconst': 0.0, 'lambda_val': 0.0, 'lr_milestone_1': 30, 'lr_milestone_2': 40, 'model_params': {'arch_params': {}, 'model_name': 'CombResnet18'}, 'neighbourhood_fn': '8-grid', 'optimizer_name': 'Adam', 'optimizer_params': {'lr': 0.0005}, 'preload_batch': True, 'use_cuda': True, 'use_lr_scheduling': True, 'mode': {'type': 5, 'objective_type': 'normal', 'use_marginal': True, 'nb_samples': 1, 'temperature': 0.2, 'use_gamma': False, 'loss_type': 'normal', 'perturb_w': False, 'perturb_w_prime': False}}, 'use_ray': True}[evaluate_every] = <class 'int'>(1)
{'evaluate_every': 1, 'loader_params': {'data_dir': 'data/warcraft_shortest_path/18x18', 'evaluate_with_extra': False, 'normalize': True, 'use_local_path': False, 'use_test_set': True}, 'model_dir': 'results/warcraft_shortest_path_combresnet', 'num_cpus': 40, 'num_epochs': 50, 'problem_type': 'warcraft_shortest_path', 'ray_params': {}, 'save_visualizations': False, 'seed': 4, 'trainer_name': 'DijkstraMAP', 'trainer_params': {'batch_size': 70, 'l1_regconst': 0.0, 'lambda_val': 0.0, 'lr_milestone_1': 30, 'lr_milestone_2': 40, 'model_params': {'arch_params': {}, 'model_name': 'CombResnet18'}, 'neighbourhood_fn': '8-grid', 'optimizer_name': 'Adam', 'optimizer_params': {'lr': 0.0005}, 'preload_batch': True, 'use_cuda': True, 'use_lr_scheduling': True, 'mode': {'type': 5, 'objective_type': 'normal', 'use_marginal': True, 'nb_samples': 1, 'temperature': 0.2, 'use_gamma': False, 'loss_type': 'normal', 'perturb_w': False, 'perturb_w_prime': False}}, 'use_ray': True}[use_ray] = <class 'bool'>(False)
{
    "evaluate_every": 1,
    "loader_params": {
        "data_dir": "data/warcraft_shortest_path/18x18",
        "evaluate_with_extra": false,
        "normalize": true,
        "use_local_path": false,
        "use_test_set": true
    },
    "model_dir": "results/warcraft_shortest_path_combresnet",
    "num_cpus": 40,
    "num_epochs": 50,
    "problem_type": "warcraft_shortest_path",
    "ray_params": {},
    "save_visualizations": false,
    "seed": 4,
    "trainer_name": "DijkstraMAP",
    "trainer_params": {
        "batch_size": 70,
        "l1_regconst": 0.0,
        "lambda_val": 0.0,
        "lr_milestone_1": 30,
        "lr_milestone_2": 40,
        "mode": {
            "loss_type": "normal",
            "nb_samples": 1,
            "objective_type": "normal",
            "perturb_w": false,
            "perturb_w_prime": false,
            "temperature": 0.2,
            "type": 5,
            "use_gamma": false,
            "use_marginal": true
        },
        "model_params": {
            "arch_params": {},
            "model_name": "CombResnet18"
        },
        "neighbourhood_fn": "8-grid",
        "optimizer_name": "Adam",
        "optimizer_params": {
            "lr": 0.0005
        },
        "preload_batch": true,
        "use_cuda": true,
        "use_lr_scheduling": true
    },
    "use_ray": false
}
MAP-BACKPROP MODE: {
    "loss_type": "normal",
    "nb_samples": 1,
    "objective_type": "normal",
    "perturb_w": false,
    "perturb_w_prime": false,
    "temperature": 0.2,
    "type": 5,
    "use_gamma": false,
    "use_marginal": true
}
True
META: {'input_image_size': 144, 'output_features': 324, 'num_channels': 3, 'denormalize': <maprop.decorators.input_to_numpy object at 0x2b390a5a3c88>}
EVALUATING
{'loss': 29.914000911712648, 'accuracy': 0.9076728332042694, 'perfect_match_accuracy': 0.008, 'cost_ratio_suggested_true': 2.7191303300857546, 'below_10.0_percent_acc': 0.072, 'below_1.0_percent_acc': 0.016, 'below_0.1_percent_acc': 0.013, 'below_0.01_percent_acc': 0.013, 'below_0.001_percent_acc': 0.011, 'below_0.0001_percent_acc': 0.011, 'valid_acc': 1.0}
Epoch: 1	Batch time (0.691358)	Data time (0.027260)	Cuda time (0.000002)	Loss (31.743101)	Accuracy (0.902027)
EVALUATING
{'loss': 30.81900115966797, 'accuracy': 0.9048796075582505, 'perfect_match_accuracy': 0.006, 'cost_ratio_suggested_true': 3.0052619051933287, 'below_10.0_percent_acc': 0.043, 'below_1.0_percent_acc': 0.012, 'below_0.1_percent_acc': 0.009, 'below_0.01_percent_acc': 0.009, 'below_0.001_percent_acc': 0.008, 'below_0.0001_percent_acc': 0.008, 'valid_acc': 1.0}
Epoch: 2	Batch time (0.662451)	Data time (0.018637)	Cuda time (0.000002)	Loss (32.909701)	Accuracy (0.898427)
EVALUATING
{'loss': 29.679000453948973, 'accuracy': 0.908398135304451, 'perfect_match_accuracy': 0.009, 'cost_ratio_suggested_true': 2.8066062808036802, 'below_10.0_percent_acc': 0.057, 'below_1.0_percent_acc': 0.015, 'below_0.1_percent_acc': 0.012, 'below_0.01_percent_acc': 0.012, 'below_0.001_percent_acc': 0.01, 'below_0.0001_percent_acc': 0.01, 'valid_acc': 1.0}
Epoch: 3	Batch time (0.697027)	Data time (0.019216)	Cuda time (0.000002)	Loss (32.088301)	Accuracy (0.900962)
EVALUATING
{'loss': 31.03600128173828, 'accuracy': 0.904209868311882, 'perfect_match_accuracy': 0.006, 'cost_ratio_suggested_true': 2.3429064345359802, 'below_10.0_percent_acc': 0.141, 'below_1.0_percent_acc': 0.015, 'below_0.1_percent_acc': 0.011, 'below_0.01_percent_acc': 0.011, 'below_0.001_percent_acc': 0.01, 'below_0.0001_percent_acc': 0.01, 'valid_acc': 1.0}
Epoch: 4	Batch time (0.687742)	Data time (0.019550)	Cuda time (0.000002)	Loss (31.921001)	Accuracy (0.901478)
EVALUATING
{'loss': 29.97100040435791, 'accuracy': 0.9074969059228897, 'perfect_match_accuracy': 0.007, 'cost_ratio_suggested_true': 2.372665059566498, 'below_10.0_percent_acc': 0.155, 'below_1.0_percent_acc': 0.021, 'below_0.1_percent_acc': 0.014, 'below_0.01_percent_acc': 0.014, 'below_0.001_percent_acc': 0.013, 'below_0.0001_percent_acc': 0.013, 'valid_acc': 1.0}
Epoch: 5	Batch time (0.680799)	Data time (0.018562)	Cuda time (0.000002)	Loss (32.899201)	Accuracy (0.898459)
EVALUATING
{'loss': 32.689000587463376, 'accuracy': 0.8991080230474472, 'perfect_match_accuracy': 0.002, 'cost_ratio_suggested_true': 2.143257769346237, 'below_10.0_percent_acc': 0.167, 'below_1.0_percent_acc': 0.013, 'below_0.1_percent_acc': 0.009, 'below_0.01_percent_acc': 0.009, 'below_0.001_percent_acc': 0.008, 'below_0.0001_percent_acc': 0.008, 'valid_acc': 1.0}
Epoch: 6	Batch time (0.680351)	Data time (0.019094)	Cuda time (0.000002)	Loss (34.478901)	Accuracy (0.893584)
EVALUATING
{'loss': 33.905000648498536, 'accuracy': 0.8953549259901047, 'perfect_match_accuracy': 0.001, 'cost_ratio_suggested_true': 1.9890351343154906, 'below_10.0_percent_acc': 0.148, 'below_1.0_percent_acc': 0.012, 'below_0.1_percent_acc': 0.007, 'below_0.01_percent_acc': 0.007, 'below_0.001_percent_acc': 0.006, 'below_0.0001_percent_acc': 0.006, 'valid_acc': 1.0}
Epoch: 7	Batch time (0.695154)	Data time (0.019364)	Cuda time (0.000002)	Loss (34.361101)	Accuracy (0.893947)
EVALUATING
{'loss': 30.921001148223876, 'accuracy': 0.9045648056268693, 'perfect_match_accuracy': 0.004, 'cost_ratio_suggested_true': 2.0263974905014037, 'below_10.0_percent_acc': 0.276, 'below_1.0_percent_acc': 0.036, 'below_0.1_percent_acc': 0.027, 'below_0.01_percent_acc': 0.027, 'below_0.001_percent_acc': 0.026, 'below_0.0001_percent_acc': 0.026, 'valid_acc': 1.0}
Epoch: 8	Batch time (0.668766)	Data time (0.018937)	Cuda time (0.000002)	Loss (32.031201)	Accuracy (0.901138)
EVALUATING
{'loss': 29.61100112915039, 'accuracy': 0.9086080121994019, 'perfect_match_accuracy': 0.006, 'cost_ratio_suggested_true': 2.6196105241775514, 'below_10.0_percent_acc': 0.082, 'below_1.0_percent_acc': 0.027, 'below_0.1_percent_acc': 0.023, 'below_0.01_percent_acc': 0.023, 'below_0.001_percent_acc': 0.021, 'below_0.0001_percent_acc': 0.021, 'valid_acc': 1.0}
Epoch: 9	Batch time (0.663561)	Data time (0.018658)	Cuda time (0.000002)	Loss (31.657401)	Accuracy (0.902292)
EVALUATING
{'loss': 30.842000827789306, 'accuracy': 0.904808627963066, 'perfect_match_accuracy': 0.003, 'cost_ratio_suggested_true': 2.439540243148804, 'below_10.0_percent_acc': 0.103, 'below_1.0_percent_acc': 0.021, 'below_0.1_percent_acc': 0.017, 'below_0.01_percent_acc': 0.017, 'below_0.001_percent_acc': 0.015, 'below_0.0001_percent_acc': 0.015, 'valid_acc': 1.0}
Epoch: 10	Batch time (0.672291)	Data time (0.018625)	Cuda time (0.000002)	Loss (32.969101)	Accuracy (0.898244)
EVALUATING
{'loss': 28.791000843048096, 'accuracy': 0.9111388778686523, 'perfect_match_accuracy': 0.001, 'cost_ratio_suggested_true': 1.4583076906204224, 'below_10.0_percent_acc': 0.48, 'below_1.0_percent_acc': 0.058, 'below_0.1_percent_acc': 0.036, 'below_0.01_percent_acc': 0.036, 'below_0.001_percent_acc': 0.034, 'below_0.0001_percent_acc': 0.034, 'valid_acc': 1.0}
Epoch: 11	Batch time (0.669713)	Data time (0.018703)	Cuda time (0.000002)	Loss (30.551201)	Accuracy (0.905706)
EVALUATING
{'loss': 27.33500024795532, 'accuracy': 0.9156326973438262, 'perfect_match_accuracy': 0.003, 'cost_ratio_suggested_true': 1.8107551741600036, 'below_10.0_percent_acc': 0.356, 'below_1.0_percent_acc': 0.083, 'below_0.1_percent_acc': 0.066, 'below_0.01_percent_acc': 0.066, 'below_0.001_percent_acc': 0.062, 'below_0.0001_percent_acc': 0.062, 'valid_acc': 1.0}
Epoch: 12	Batch time (0.670403)	Data time (0.018149)	Cuda time (0.000002)	Loss (30.345701)	Accuracy (0.906340)
EVALUATING
{'loss': 30.96100088119507, 'accuracy': 0.9044413453340531, 'perfect_match_accuracy': 0.0, 'cost_ratio_suggested_true': 2.116038111448288, 'below_10.0_percent_acc': 0.186, 'below_1.0_percent_acc': 0.036, 'below_0.1_percent_acc': 0.026, 'below_0.01_percent_acc': 0.026, 'below_0.001_percent_acc': 0.025, 'below_0.0001_percent_acc': 0.025, 'valid_acc': 1.0}
Epoch: 13	Batch time (0.725134)	Data time (0.019199)	Cuda time (0.000003)	Loss (29.667701)	Accuracy (0.908433)
EVALUATING
{'loss': 28.080001106262205, 'accuracy': 0.9133333134651184, 'perfect_match_accuracy': 0.002, 'cost_ratio_suggested_true': 1.5980785119533538, 'below_10.0_percent_acc': 0.416, 'below_1.0_percent_acc': 0.043, 'below_0.1_percent_acc': 0.021, 'below_0.01_percent_acc': 0.021, 'below_0.001_percent_acc': 0.021, 'below_0.0001_percent_acc': 0.021, 'valid_acc': 1.0}
Epoch: 14	Batch time (0.693931)	Data time (0.019453)	Cuda time (0.000002)	Loss (32.742701)	Accuracy (0.898942)
EVALUATING
{'loss': 34.43300037384033, 'accuracy': 0.8937252992391587, 'perfect_match_accuracy': 0.001, 'cost_ratio_suggested_true': 3.95524019241333, 'below_10.0_percent_acc': 0.037, 'below_1.0_percent_acc': 0.006, 'below_0.1_percent_acc': 0.005, 'below_0.01_percent_acc': 0.005, 'below_0.001_percent_acc': 0.005, 'below_0.0001_percent_acc': 0.005, 'valid_acc': 1.0}
Epoch: 15	Batch time (0.666213)	Data time (0.018744)	Cuda time (0.000002)	Loss (33.564101)	Accuracy (0.896407)
EVALUATING
{'loss': 31.548000831604003, 'accuracy': 0.9026296198368072, 'perfect_match_accuracy': 0.003, 'cost_ratio_suggested_true': 2.5204081773757934, 'below_10.0_percent_acc': 0.135, 'below_1.0_percent_acc': 0.027, 'below_0.1_percent_acc': 0.022, 'below_0.01_percent_acc': 0.022, 'below_0.001_percent_acc': 0.022, 'below_0.0001_percent_acc': 0.022, 'valid_acc': 1.0}
Epoch: 16	Batch time (0.666127)	Data time (0.018386)	Cuda time (0.000002)	Loss (33.395901)	Accuracy (0.896926)
EVALUATING
{'loss': 30.759000606536866, 'accuracy': 0.9050648015737534, 'perfect_match_accuracy': 0.008, 'cost_ratio_suggested_true': 3.11920848608017, 'below_10.0_percent_acc': 0.052, 'below_1.0_percent_acc': 0.013, 'below_0.1_percent_acc': 0.01, 'below_0.01_percent_acc': 0.01, 'below_0.001_percent_acc': 0.008, 'below_0.0001_percent_acc': 0.008, 'valid_acc': 1.0}
Epoch: 17	Batch time (0.656857)	Data time (0.018566)	Cuda time (0.000002)	Loss (32.517901)	Accuracy (0.899636)
EVALUATING
{'loss': 29.877000846862792, 'accuracy': 0.9077870255708694, 'perfect_match_accuracy': 0.009, 'cost_ratio_suggested_true': 2.749338014125824, 'below_10.0_percent_acc': 0.068, 'below_1.0_percent_acc': 0.016, 'below_0.1_percent_acc': 0.013, 'below_0.01_percent_acc': 0.013, 'below_0.001_percent_acc': 0.011, 'below_0.0001_percent_acc': 0.011, 'valid_acc': 1.0}
Epoch: 18	Batch time (0.660544)	Data time (0.017870)	Cuda time (0.000002)	Loss (31.236201)	Accuracy (0.903592)
EVALUATING
{'loss': 28.61400152206421, 'accuracy': 0.9116851705312728, 'perfect_match_accuracy': 0.008, 'cost_ratio_suggested_true': 2.270900318622589, 'below_10.0_percent_acc': 0.178, 'below_1.0_percent_acc': 0.041, 'below_0.1_percent_acc': 0.033, 'below_0.01_percent_acc': 0.033, 'below_0.001_percent_acc': 0.03, 'below_0.0001_percent_acc': 0.03, 'valid_acc': 1.0}
Epoch: 19	Batch time (0.669621)	Data time (0.018590)	Cuda time (0.000002)	Loss (30.018201)	Accuracy (0.907351)
EVALUATING
{'loss': 26.79700090408325, 'accuracy': 0.9172932016849518, 'perfect_match_accuracy': 0.005, 'cost_ratio_suggested_true': 1.7519206202030182, 'below_10.0_percent_acc': 0.373, 'below_1.0_percent_acc': 0.063, 'below_0.1_percent_acc': 0.046, 'below_0.01_percent_acc': 0.046, 'below_0.001_percent_acc': 0.044, 'below_0.0001_percent_acc': 0.044, 'valid_acc': 1.0}
Epoch: 20	Batch time (0.669335)	Data time (0.018533)	Cuda time (0.000002)	Loss (30.710001)	Accuracy (0.905216)
EVALUATING
{'loss': 28.149000625610352, 'accuracy': 0.9131203544139862, 'perfect_match_accuracy': 0.008, 'cost_ratio_suggested_true': 1.9691931068897248, 'below_10.0_percent_acc': 0.254, 'below_1.0_percent_acc': 0.031, 'below_0.1_percent_acc': 0.025, 'below_0.01_percent_acc': 0.025, 'below_0.001_percent_acc': 0.024, 'below_0.0001_percent_acc': 0.024, 'valid_acc': 1.0}
Epoch: 21	Batch time (0.676784)	Data time (0.018376)	Cuda time (0.000002)	Loss (30.174201)	Accuracy (0.906870)
EVALUATING
{'loss': 28.628000564575196, 'accuracy': 0.9116419714689254, 'perfect_match_accuracy': 0.01, 'cost_ratio_suggested_true': 2.6232126688957216, 'below_10.0_percent_acc': 0.099, 'below_1.0_percent_acc': 0.036, 'below_0.1_percent_acc': 0.03, 'below_0.01_percent_acc': 0.03, 'below_0.001_percent_acc': 0.027, 'below_0.0001_percent_acc': 0.027, 'valid_acc': 1.0}
Epoch: 22	Batch time (0.692736)	Data time (0.019063)	Cuda time (0.000002)	Loss (30.878501)	Accuracy (0.904696)
EVALUATING
{'loss': 29.88500129699707, 'accuracy': 0.9077623391151428, 'perfect_match_accuracy': 0.01, 'cost_ratio_suggested_true': 2.6904888701438905, 'below_10.0_percent_acc': 0.084, 'below_1.0_percent_acc': 0.02, 'below_0.1_percent_acc': 0.016, 'below_0.01_percent_acc': 0.016, 'below_0.001_percent_acc': 0.014, 'below_0.0001_percent_acc': 0.014, 'valid_acc': 1.0}
Epoch: 23	Batch time (0.669637)	Data time (0.020449)	Cuda time (0.000002)	Loss (32.894301)	Accuracy (0.898474)
EVALUATING
{'loss': 30.43300085067749, 'accuracy': 0.9060709714889527, 'perfect_match_accuracy': 0.005, 'cost_ratio_suggested_true': 2.638484456539154, 'below_10.0_percent_acc': 0.076, 'below_1.0_percent_acc': 0.011, 'below_0.1_percent_acc': 0.007, 'below_0.01_percent_acc': 0.007, 'below_0.001_percent_acc': 0.006, 'below_0.0001_percent_acc': 0.006, 'valid_acc': 1.0}
Epoch: 24	Batch time (0.664770)	Data time (0.018718)	Cuda time (0.000002)	Loss (31.744101)	Accuracy (0.902024)
EVALUATING
{'loss': 29.709001083374023, 'accuracy': 0.908305537700653, 'perfect_match_accuracy': 0.004, 'cost_ratio_suggested_true': 2.556008701324463, 'below_10.0_percent_acc': 0.104, 'below_1.0_percent_acc': 0.021, 'below_0.1_percent_acc': 0.013, 'below_0.01_percent_acc': 0.013, 'below_0.001_percent_acc': 0.011, 'below_0.0001_percent_acc': 0.011, 'valid_acc': 1.0}
Epoch: 25	Batch time (0.677532)	Data time (0.018971)	Cuda time (0.000002)	Loss (31.886001)	Accuracy (0.901586)
EVALUATING
{'loss': 32.01800086975098, 'accuracy': 0.9011790031194686, 'perfect_match_accuracy': 0.001, 'cost_ratio_suggested_true': 2.7916480183601378, 'below_10.0_percent_acc': 0.063, 'below_1.0_percent_acc': 0.013, 'below_0.1_percent_acc': 0.009, 'below_0.01_percent_acc': 0.009, 'below_0.001_percent_acc': 0.009, 'below_0.0001_percent_acc': 0.009, 'valid_acc': 1.0}
Epoch: 26	Batch time (0.673239)	Data time (0.018885)	Cuda time (0.000002)	Loss (31.847301)	Accuracy (0.901706)
EVALUATING
{'loss': 30.233000774383544, 'accuracy': 0.906688261628151, 'perfect_match_accuracy': 0.003, 'cost_ratio_suggested_true': 2.5456186652183534, 'below_10.0_percent_acc': 0.099, 'below_1.0_percent_acc': 0.019, 'below_0.1_percent_acc': 0.011, 'below_0.01_percent_acc': 0.011, 'below_0.001_percent_acc': 0.01, 'below_0.0001_percent_acc': 0.01, 'valid_acc': 1.0}
Epoch: 27	Batch time (0.691301)	Data time (0.020962)	Cuda time (0.000002)	Loss (30.584201)	Accuracy (0.905604)
EVALUATING
{'loss': 28.355000553131102, 'accuracy': 0.9124845641851426, 'perfect_match_accuracy': 0.005, 'cost_ratio_suggested_true': 2.1493981194496157, 'below_10.0_percent_acc': 0.229, 'below_1.0_percent_acc': 0.074, 'below_0.1_percent_acc': 0.063, 'below_0.01_percent_acc': 0.063, 'below_0.001_percent_acc': 0.058, 'below_0.0001_percent_acc': 0.058, 'valid_acc': 1.0}
Epoch: 28	Batch time (0.705013)	Data time (0.018871)	Cuda time (0.000003)	Loss (29.547701)	Accuracy (0.908803)
EVALUATING
{'loss': 26.42900079727173, 'accuracy': 0.9184290021657944, 'perfect_match_accuracy': 0.008, 'cost_ratio_suggested_true': 1.7756916117668151, 'below_10.0_percent_acc': 0.383, 'below_1.0_percent_acc': 0.131, 'below_0.1_percent_acc': 0.113, 'below_0.01_percent_acc': 0.113, 'below_0.001_percent_acc': 0.107, 'below_0.0001_percent_acc': 0.107, 'valid_acc': 1.0}
Epoch: 29	Batch time (0.696755)	Data time (0.018989)	Cuda time (0.000003)	Loss (28.625601)	Accuracy (0.911649)
EVALUATING
{'loss': 26.44200059890747, 'accuracy': 0.9183888787031174, 'perfect_match_accuracy': 0.011, 'cost_ratio_suggested_true': 1.9376399111747742, 'below_10.0_percent_acc': 0.273, 'below_1.0_percent_acc': 0.08, 'below_0.1_percent_acc': 0.061, 'below_0.01_percent_acc': 0.061, 'below_0.001_percent_acc': 0.056, 'below_0.0001_percent_acc': 0.056, 'valid_acc': 1.0}
Epoch: 30	Batch time (0.705152)	Data time (0.018818)	Cuda time (0.000002)	Loss (28.596101)	Accuracy (0.911740)
EVALUATING
{'loss': 26.06000068664551, 'accuracy': 0.9195678842067718, 'perfect_match_accuracy': 0.013, 'cost_ratio_suggested_true': 2.0351010036468504, 'below_10.0_percent_acc': 0.238, 'below_1.0_percent_acc': 0.089, 'below_0.1_percent_acc': 0.073, 'below_0.01_percent_acc': 0.073, 'below_0.001_percent_acc': 0.069, 'below_0.0001_percent_acc': 0.069, 'valid_acc': 1.0}
Epoch: 31	Batch time (0.695968)	Data time (0.019177)	Cuda time (0.000003)	Loss (28.727501)	Accuracy (0.911335)
EVALUATING
{'loss': 26.394001140594483, 'accuracy': 0.9185370284318924, 'perfect_match_accuracy': 0.011, 'cost_ratio_suggested_true': 1.9863540422916413, 'below_10.0_percent_acc': 0.264, 'below_1.0_percent_acc': 0.078, 'below_0.1_percent_acc': 0.063, 'below_0.01_percent_acc': 0.063, 'below_0.001_percent_acc': 0.06, 'below_0.0001_percent_acc': 0.06, 'valid_acc': 1.0}
Epoch: 32	Batch time (0.708229)	Data time (0.018566)	Cuda time (0.000003)	Loss (28.645601)	Accuracy (0.911588)
EVALUATING
{'loss': 26.234000549316406, 'accuracy': 0.9190308576822281, 'perfect_match_accuracy': 0.011, 'cost_ratio_suggested_true': 1.9519730532169342, 'below_10.0_percent_acc': 0.271, 'below_1.0_percent_acc': 0.081, 'below_0.1_percent_acc': 0.066, 'below_0.01_percent_acc': 0.066, 'below_0.001_percent_acc': 0.063, 'below_0.0001_percent_acc': 0.063, 'valid_acc': 1.0}
Epoch: 33	Batch time (0.678788)	Data time (0.018921)	Cuda time (0.000002)	Loss (28.554901)	Accuracy (0.911868)
EVALUATING
{'loss': 26.02300043106079, 'accuracy': 0.9196820884943009, 'perfect_match_accuracy': 0.011, 'cost_ratio_suggested_true': 1.935611037015915, 'below_10.0_percent_acc': 0.283, 'below_1.0_percent_acc': 0.091, 'below_0.1_percent_acc': 0.074, 'below_0.01_percent_acc': 0.074, 'below_0.001_percent_acc': 0.071, 'below_0.0001_percent_acc': 0.071, 'valid_acc': 1.0}
Epoch: 34	Batch time (0.664589)	Data time (0.018538)	Cuda time (0.000002)	Loss (28.394901)	Accuracy (0.912361)
EVALUATING
{'loss': 25.758000888824462, 'accuracy': 0.9204999893903733, 'perfect_match_accuracy': 0.012, 'cost_ratio_suggested_true': 1.867880574464798, 'below_10.0_percent_acc': 0.315, 'below_1.0_percent_acc': 0.105, 'below_0.1_percent_acc': 0.088, 'below_0.01_percent_acc': 0.088, 'below_0.001_percent_acc': 0.084, 'below_0.0001_percent_acc': 0.084, 'valid_acc': 1.0}
Epoch: 35	Batch time (0.674235)	Data time (0.018144)	Cuda time (0.000002)	Loss (28.113001)	Accuracy (0.913231)
EVALUATING
{'loss': 25.41000089645386, 'accuracy': 0.9215740597248078, 'perfect_match_accuracy': 0.011, 'cost_ratio_suggested_true': 1.8531424343585967, 'below_10.0_percent_acc': 0.322, 'below_1.0_percent_acc': 0.114, 'below_0.1_percent_acc': 0.099, 'below_0.01_percent_acc': 0.099, 'below_0.001_percent_acc': 0.094, 'below_0.0001_percent_acc': 0.094, 'valid_acc': 1.0}
Epoch: 36	Batch time (0.667528)	Data time (0.019089)	Cuda time (0.000002)	Loss (28.216601)	Accuracy (0.912912)
EVALUATING
{'loss': 25.642000370025634, 'accuracy': 0.9208580106496811, 'perfect_match_accuracy': 0.012, 'cost_ratio_suggested_true': 1.8973975467681885, 'below_10.0_percent_acc': 0.309, 'below_1.0_percent_acc': 0.111, 'below_0.1_percent_acc': 0.096, 'below_0.01_percent_acc': 0.096, 'below_0.001_percent_acc': 0.091, 'below_0.0001_percent_acc': 0.091, 'valid_acc': 1.0}
Epoch: 37	Batch time (0.663254)	Data time (0.018554)	Cuda time (0.000002)	Loss (28.151001)	Accuracy (0.913114)
EVALUATING
{'loss': 25.327001361846925, 'accuracy': 0.9218302339315414, 'perfect_match_accuracy': 0.014, 'cost_ratio_suggested_true': 1.8397242856025695, 'below_10.0_percent_acc': 0.333, 'below_1.0_percent_acc': 0.115, 'below_0.1_percent_acc': 0.099, 'below_0.01_percent_acc': 0.099, 'below_0.001_percent_acc': 0.094, 'below_0.0001_percent_acc': 0.094, 'valid_acc': 1.0}
Epoch: 38	Batch time (0.687217)	Data time (0.018994)	Cuda time (0.000003)	Loss (28.008001)	Accuracy (0.913556)
EVALUATING
{'loss': 24.915001010894777, 'accuracy': 0.9231018322706223, 'perfect_match_accuracy': 0.015, 'cost_ratio_suggested_true': 1.7872179555892944, 'below_10.0_percent_acc': 0.353, 'below_1.0_percent_acc': 0.129, 'below_0.1_percent_acc': 0.113, 'below_0.01_percent_acc': 0.113, 'below_0.001_percent_acc': 0.108, 'below_0.0001_percent_acc': 0.108, 'valid_acc': 1.0}
Epoch: 39	Batch time (0.681864)	Data time (0.019071)	Cuda time (0.000002)	Loss (27.879501)	Accuracy (0.913952)
EVALUATING
{'loss': 25.02100051879883, 'accuracy': 0.9227746731042862, 'perfect_match_accuracy': 0.015, 'cost_ratio_suggested_true': 1.7920310616493225, 'below_10.0_percent_acc': 0.35, 'below_1.0_percent_acc': 0.119, 'below_0.1_percent_acc': 0.102, 'below_0.01_percent_acc': 0.102, 'below_0.001_percent_acc': 0.097, 'below_0.0001_percent_acc': 0.097, 'valid_acc': 1.0}
Epoch: 40	Batch time (0.681131)	Data time (0.019068)	Cuda time (0.000003)	Loss (27.727001)	Accuracy (0.914423)
EVALUATING
{'loss': 24.67800130844116, 'accuracy': 0.9238333165645599, 'perfect_match_accuracy': 0.015, 'cost_ratio_suggested_true': 1.7246744906902314, 'below_10.0_percent_acc': 0.388, 'below_1.0_percent_acc': 0.132, 'below_0.1_percent_acc': 0.116, 'below_0.01_percent_acc': 0.116, 'below_0.001_percent_acc': 0.111, 'below_0.0001_percent_acc': 0.111, 'valid_acc': 1.0}
Epoch: 41	Batch time (0.673672)	Data time (0.019203)	Cuda time (0.000002)	Loss (27.762901)	Accuracy (0.914312)
EVALUATING
{'loss': 24.723001232147215, 'accuracy': 0.9236944347620011, 'perfect_match_accuracy': 0.014, 'cost_ratio_suggested_true': 1.7272625958919525, 'below_10.0_percent_acc': 0.387, 'below_1.0_percent_acc': 0.132, 'below_0.1_percent_acc': 0.115, 'below_0.01_percent_acc': 0.115, 'below_0.001_percent_acc': 0.11, 'below_0.0001_percent_acc': 0.11, 'valid_acc': 1.0}
Epoch: 42	Batch time (0.666883)	Data time (0.018906)	Cuda time (0.000002)	Loss (27.707601)	Accuracy (0.914483)
EVALUATING
{'loss': 24.598000717163085, 'accuracy': 0.9240802365541458, 'perfect_match_accuracy': 0.015, 'cost_ratio_suggested_true': 1.7132062339782714, 'below_10.0_percent_acc': 0.397, 'below_1.0_percent_acc': 0.134, 'below_0.1_percent_acc': 0.118, 'below_0.01_percent_acc': 0.118, 'below_0.001_percent_acc': 0.113, 'below_0.0001_percent_acc': 0.113, 'valid_acc': 1.0}
Epoch: 43	Batch time (0.669545)	Data time (0.018249)	Cuda time (0.000002)	Loss (27.658401)	Accuracy (0.914635)
EVALUATING
{'loss': 24.610000953674316, 'accuracy': 0.9240431934595108, 'perfect_match_accuracy': 0.015, 'cost_ratio_suggested_true': 1.7166387927532196, 'below_10.0_percent_acc': 0.394, 'below_1.0_percent_acc': 0.133, 'below_0.1_percent_acc': 0.117, 'below_0.01_percent_acc': 0.117, 'below_0.001_percent_acc': 0.112, 'below_0.0001_percent_acc': 0.112, 'valid_acc': 1.0}
Epoch: 44	Batch time (0.671966)	Data time (0.018588)	Cuda time (0.000002)	Loss (27.703101)	Accuracy (0.914497)
EVALUATING
{'loss': 24.52200107574463, 'accuracy': 0.9243148016929627, 'perfect_match_accuracy': 0.015, 'cost_ratio_suggested_true': 1.711592913866043, 'below_10.0_percent_acc': 0.394, 'below_1.0_percent_acc': 0.132, 'below_0.1_percent_acc': 0.115, 'below_0.01_percent_acc': 0.115, 'below_0.001_percent_acc': 0.11, 'below_0.0001_percent_acc': 0.11, 'valid_acc': 1.0}
Epoch: 45	Batch time (0.665636)	Data time (0.018598)	Cuda time (0.000002)	Loss (27.629801)	Accuracy (0.914723)
EVALUATING
{'loss': 24.5950009727478, 'accuracy': 0.9240894943475724, 'perfect_match_accuracy': 0.014, 'cost_ratio_suggested_true': 1.7181890738010406, 'below_10.0_percent_acc': 0.393, 'below_1.0_percent_acc': 0.134, 'below_0.1_percent_acc': 0.115, 'below_0.01_percent_acc': 0.115, 'below_0.001_percent_acc': 0.11, 'below_0.0001_percent_acc': 0.11, 'valid_acc': 1.0}
Epoch: 46	Batch time (0.686409)	Data time (0.018373)	Cuda time (0.000002)	Loss (27.660001)	Accuracy (0.914630)
EVALUATING
{'loss': 24.395000858306886, 'accuracy': 0.9247067737579345, 'perfect_match_accuracy': 0.014, 'cost_ratio_suggested_true': 1.7016856217384337, 'below_10.0_percent_acc': 0.403, 'below_1.0_percent_acc': 0.136, 'below_0.1_percent_acc': 0.116, 'below_0.01_percent_acc': 0.116, 'below_0.001_percent_acc': 0.111, 'below_0.0001_percent_acc': 0.111, 'valid_acc': 1.0}
Epoch: 47	Batch time (0.670249)	Data time (0.019075)	Cuda time (0.000002)	Loss (27.735901)	Accuracy (0.914395)
EVALUATING
{'loss': 24.520000762939453, 'accuracy': 0.9243209779262542, 'perfect_match_accuracy': 0.015, 'cost_ratio_suggested_true': 1.7222534489631653, 'below_10.0_percent_acc': 0.388, 'below_1.0_percent_acc': 0.133, 'below_0.1_percent_acc': 0.116, 'below_0.01_percent_acc': 0.116, 'below_0.001_percent_acc': 0.111, 'below_0.0001_percent_acc': 0.111, 'valid_acc': 1.0}
Epoch: 48	Batch time (0.665796)	Data time (0.018585)	Cuda time (0.000002)	Loss (27.640401)	Accuracy (0.914690)
EVALUATING
{'loss': 24.501000633239745, 'accuracy': 0.9243796145915986, 'perfect_match_accuracy': 0.015, 'cost_ratio_suggested_true': 1.7087816572189332, 'below_10.0_percent_acc': 0.396, 'below_1.0_percent_acc': 0.132, 'below_0.1_percent_acc': 0.115, 'below_0.01_percent_acc': 0.115, 'below_0.001_percent_acc': 0.11, 'below_0.0001_percent_acc': 0.11, 'valid_acc': 1.0}
Epoch: 49	Batch time (0.669231)	Data time (0.018454)	Cuda time (0.000002)	Loss (27.686101)	Accuracy (0.914549)
EVALUATING
{'loss': 24.3670005607605, 'accuracy': 0.9247931998968124, 'perfect_match_accuracy': 0.015, 'cost_ratio_suggested_true': 1.700571448802948, 'below_10.0_percent_acc': 0.4, 'below_1.0_percent_acc': 0.137, 'below_0.1_percent_acc': 0.117, 'below_0.01_percent_acc': 0.117, 'below_0.001_percent_acc': 0.112, 'below_0.0001_percent_acc': 0.112, 'valid_acc': 1.0}
Epoch: 50	Batch time (0.672910)	Data time (0.018428)	Cuda time (0.000002)	Loss (27.714201)	Accuracy (0.914462)
EVALUATING
{'loss': 24.51200063705444, 'accuracy': 0.9243456643819808, 'perfect_match_accuracy': 0.015, 'cost_ratio_suggested_true': 1.711800253391266, 'below_10.0_percent_acc': 0.392, 'below_1.0_percent_acc': 0.133, 'below_0.1_percent_acc': 0.115, 'below_0.01_percent_acc': 0.115, 'below_0.001_percent_acc': 0.11, 'below_0.0001_percent_acc': 0.11, 'valid_acc': 1.0}
