2021-01-30 12:54:38,371	WARNING import_thread.py:132 -- The remote function 'maprop.blackbox.dijkstra.solver' has been exported 100 times. It's possible that this warning is accidental, but this may indicate that the same remote function is being defined repeatedly from within many tasks and exported to all of the workers. This can be a performance issue and can be resolved by defining the remote function on the driver instead. See https://github.com/ray-project/ray/issues/6240 for more discussion.
No existing entry for trainer_params.mode.type
{}[type] = <class 'int'>(0)
No existing entry for trainer_params.mode.objective_type
{'type': 0}[objective_type] = <class 'str'>(normal)
No existing entry for trainer_params.mode.use_marginal
{'type': 0, 'objective_type': 'normal'}[use_marginal] = <class 'bool'>(True)
No existing entry for trainer_params.mode.nb_samples
{'type': 0, 'objective_type': 'normal', 'use_marginal': True}[nb_samples] = <class 'int'>(10)
No existing entry for trainer_params.mode.temperature
{'type': 0, 'objective_type': 'normal', 'use_marginal': True, 'nb_samples': 10}[temperature] = <class 'float'>(0.5)
No existing entry for trainer_params.mode.use_gamma
{'type': 0, 'objective_type': 'normal', 'use_marginal': True, 'nb_samples': 10, 'temperature': 0.5}[use_gamma] = <class 'bool'>(True)
No existing entry for trainer_params.mode.loss_type
{'type': 0, 'objective_type': 'normal', 'use_marginal': True, 'nb_samples': 10, 'temperature': 0.5, 'use_gamma': True}[loss_type] = <class 'str'>(normal)
No existing entry for trainer_params.mode.perturb_w
{'type': 0, 'objective_type': 'normal', 'use_marginal': True, 'nb_samples': 10, 'temperature': 0.5, 'use_gamma': True, 'loss_type': 'normal'}[perturb_w] = <class 'bool'>(False)
No existing entry for trainer_params.mode.perturb_w_prime
{'type': 0, 'objective_type': 'normal', 'use_marginal': True, 'nb_samples': 10, 'temperature': 0.5, 'use_gamma': True, 'loss_type': 'normal', 'perturb_w': False}[perturb_w_prime] = <class 'bool'>(False)
{'batch_size': 70, 'l1_regconst': 0.0, 'lambda_val': 20.0, 'lr_milestone_1': 30, 'lr_milestone_2': 40, 'model_params': {'arch_params': {}, 'model_name': 'CombResnet18'}, 'neighbourhood_fn': '8-grid', 'optimizer_name': 'Adam', 'optimizer_params': {'lr': 0.0005}, 'preload_batch': True, 'use_cuda': True, 'use_lr_scheduling': True, 'mode': {'type': 0, 'objective_type': 'normal', 'use_marginal': True, 'nb_samples': 10, 'temperature': 0.5, 'use_gamma': True, 'loss_type': 'normal', 'perturb_w': False, 'perturb_w_prime': False}}[lambda_val] = <class 'float'>(10.0)
{'data_dir': 'data/warcraft_shortest_path/12x12', 'evaluate_with_extra': False, 'normalize': True, 'use_local_path': False, 'use_test_set': True}[use_test_set] = <class 'bool'>(False)
No existing entry for trainer_params.mode.type
{}[type] = <class 'int'>(0)
No existing entry for trainer_params.mode.objective_type
{'type': 0}[objective_type] = <class 'str'>(normal)
No existing entry for trainer_params.mode.use_marginal
{'type': 0, 'objective_type': 'normal'}[use_marginal] = <class 'bool'>(True)
No existing entry for trainer_params.mode.nb_samples
{'type': 0, 'objective_type': 'normal', 'use_marginal': True}[nb_samples] = <class 'int'>(10)
No existing entry for trainer_params.mode.temperature
{'type': 0, 'objective_type': 'normal', 'use_marginal': True, 'nb_samples': 10}[temperature] = <class 'float'>(0.5)
No existing entry for trainer_params.mode.use_gamma
{'type': 0, 'objective_type': 'normal', 'use_marginal': True, 'nb_samples': 10, 'temperature': 0.5}[use_gamma] = <class 'bool'>(True)
No existing entry for trainer_params.mode.loss_type
{'type': 0, 'objective_type': 'normal', 'use_marginal': True, 'nb_samples': 10, 'temperature': 0.5, 'use_gamma': True}[loss_type] = <class 'str'>(normal)
No existing entry for trainer_params.mode.perturb_w
{'type': 0, 'objective_type': 'normal', 'use_marginal': True, 'nb_samples': 10, 'temperature': 0.5, 'use_gamma': True, 'loss_type': 'normal'}[perturb_w] = <class 'bool'>(False)
No existing entry for trainer_params.mode.perturb_w_prime
{'type': 0, 'objective_type': 'normal', 'use_marginal': True, 'nb_samples': 10, 'temperature': 0.5, 'use_gamma': True, 'loss_type': 'normal', 'perturb_w': False}[perturb_w_prime] = <class 'bool'>(False)
{'batch_size': 70, 'l1_regconst': 0.0, 'lambda_val': 20.0, 'lr_milestone_1': 30, 'lr_milestone_2': 40, 'model_params': {'arch_params': {}, 'model_name': 'CombResnet18'}, 'neighbourhood_fn': '8-grid', 'optimizer_name': 'Adam', 'optimizer_params': {'lr': 0.0005}, 'preload_batch': True, 'use_cuda': True, 'use_lr_scheduling': True, 'mode': {'type': 0, 'objective_type': 'normal', 'use_marginal': True, 'nb_samples': 10, 'temperature': 0.5, 'use_gamma': True, 'loss_type': 'normal', 'perturb_w': False, 'perturb_w_prime': False}}[lambda_val] = <class 'float'>(10.0)
{'data_dir': 'data/warcraft_shortest_path/12x12', 'evaluate_with_extra': False, 'normalize': True, 'use_local_path': False, 'use_test_set': True}[use_test_set] = <class 'bool'>(False)
{
    "evaluate_every": 5,
    "loader_params": {
        "data_dir": "data/warcraft_shortest_path/12x12",
        "evaluate_with_extra": false,
        "normalize": true,
        "use_local_path": false,
        "use_test_set": false
    },
    "model_dir": "results/warcraft_shortest_path_combresnet",
    "num_cpus": 12,
    "num_epochs": 50,
    "problem_type": "warcraft_shortest_path",
    "ray_params": {},
    "save_visualizations": false,
    "seed": 1,
    "trainer_name": "DijkstraMAP",
    "trainer_params": {
        "batch_size": 70,
        "l1_regconst": 0.0,
        "lambda_val": 10.0,
        "lr_milestone_1": 30,
        "lr_milestone_2": 40,
        "mode": {
            "loss_type": "normal",
            "nb_samples": 10,
            "objective_type": "normal",
            "perturb_w": false,
            "perturb_w_prime": false,
            "temperature": 0.5,
            "type": 0,
            "use_gamma": true,
            "use_marginal": true
        },
        "model_params": {
            "arch_params": {},
            "model_name": "CombResnet18"
        },
        "neighbourhood_fn": "8-grid",
        "optimizer_name": "Adam",
        "optimizer_params": {
            "lr": 0.0005
        },
        "preload_batch": true,
        "use_cuda": true,
        "use_lr_scheduling": true
    },
    "use_ray": true
}
MAP-BACKPROP MODE: {
    "loss_type": "normal",
    "nb_samples": 10,
    "objective_type": "normal",
    "perturb_w": false,
    "perturb_w_prime": false,
    "temperature": 0.5,
    "type": 0,
    "use_gamma": true,
    "use_marginal": true
}
True
META: {'input_image_size': 96, 'output_features': 144, 'num_channels': 3, 'denormalize': <maprop.decorators.input_to_numpy object at 0x2b2d7681a630>}
EVALUATING
{'loss': 17.57100051879883, 'accuracy': 0.8779791885614395, 'perfect_match_accuracy': 0.04, 'cost_ratio_suggested_true': 2.5584600496292116, 'below_10.0_percent_acc': 0.129, 'below_1.0_percent_acc': 0.054, 'below_0.1_percent_acc': 0.051, 'below_0.01_percent_acc': 0.051, 'below_0.001_percent_acc': 0.042, 'below_0.0001_percent_acc': 0.042, 'valid_acc': 1.0}
Epoch: 1	Batch time (0.317736)	Data time (0.006668)	Cuda time (0.000002)	Loss (6.475000)	Accuracy (0.955035)
Epoch: 2	Batch time (0.325434)	Data time (0.006319)	Cuda time (0.000002)	Loss (2.962700)	Accuracy (0.979426)
Epoch: 3	Batch time (0.314138)	Data time (0.006477)	Cuda time (0.000002)	Loss (2.432000)	Accuracy (0.983111)
Epoch: 4	Batch time (0.315928)	Data time (0.006752)	Cuda time (0.000002)	Loss (1.961400)	Accuracy (0.986379)
Epoch: 5	Batch time (0.314322)	Data time (0.007496)	Cuda time (0.000002)	Loss (1.966700)	Accuracy (0.986342)
EVALUATING
{'loss': 2.159000061750412, 'accuracy': 0.9850069546699524, 'perfect_match_accuracy': 0.763, 'cost_ratio_suggested_true': 1.0362505841255187, 'below_10.0_percent_acc': 1.0, 'below_1.0_percent_acc': 0.931, 'below_0.1_percent_acc': 0.92, 'below_0.01_percent_acc': 0.92, 'below_0.001_percent_acc': 0.91, 'below_0.0001_percent_acc': 0.91, 'valid_acc': 1.0}
Epoch: 6	Batch time (0.319770)	Data time (0.005641)	Cuda time (0.000002)	Loss (1.685000)	Accuracy (0.988299)
Epoch: 7	Batch time (0.318483)	Data time (0.005962)	Cuda time (0.000002)	Loss (1.475100)	Accuracy (0.989756)
Epoch: 8	Batch time (0.315848)	Data time (0.006499)	Cuda time (0.000002)	Loss (1.464100)	Accuracy (0.989833)
Epoch: 9	Batch time (0.310921)	Data time (0.005382)	Cuda time (0.000002)	Loss (1.323100)	Accuracy (0.990812)
Epoch: 10	Batch time (0.308820)	Data time (0.005133)	Cuda time (0.000002)	Loss (1.273300)	Accuracy (0.991158)
EVALUATING
{'loss': 1.789000084400177, 'accuracy': 0.9875764000415802, 'perfect_match_accuracy': 0.795, 'cost_ratio_suggested_true': 1.0219541358947755, 'below_10.0_percent_acc': 1.0, 'below_1.0_percent_acc': 0.963, 'below_0.1_percent_acc': 0.955, 'below_0.01_percent_acc': 0.955, 'below_0.001_percent_acc': 0.944, 'below_0.0001_percent_acc': 0.944, 'valid_acc': 1.0}
Epoch: 11	Batch time (0.322483)	Data time (0.008094)	Cuda time (0.000002)	Loss (1.213400)	Accuracy (0.991574)
Epoch: 12	Batch time (0.313317)	Data time (0.005997)	Cuda time (0.000002)	Loss (1.152100)	Accuracy (0.991999)
Epoch: 13	Batch time (0.313561)	Data time (0.005607)	Cuda time (0.000002)	Loss (1.094300)	Accuracy (0.992401)
Epoch: 14	Batch time (0.312236)	Data time (0.006251)	Cuda time (0.000002)	Loss (1.105900)	Accuracy (0.992320)
Epoch: 15	Batch time (0.314471)	Data time (0.005766)	Cuda time (0.000002)	Loss (0.998100)	Accuracy (0.993069)
EVALUATING
{'loss': 1.809000117778778, 'accuracy': 0.9874375057220459, 'perfect_match_accuracy': 0.803, 'cost_ratio_suggested_true': 1.0286923158168793, 'below_10.0_percent_acc': 1.0, 'below_1.0_percent_acc': 0.964, 'below_0.1_percent_acc': 0.955, 'below_0.01_percent_acc': 0.955, 'below_0.001_percent_acc': 0.94, 'below_0.0001_percent_acc': 0.94, 'valid_acc': 1.0}
Epoch: 16	Batch time (0.319832)	Data time (0.005687)	Cuda time (0.000002)	Loss (0.958200)	Accuracy (0.993346)
Epoch: 17	Batch time (0.316902)	Data time (0.005868)	Cuda time (0.000005)	Loss (1.155400)	Accuracy (0.991976)
Epoch: 18	Batch time (0.319507)	Data time (0.006818)	Cuda time (0.000002)	Loss (0.928200)	Accuracy (0.993554)
Epoch: 19	Batch time (0.310831)	Data time (0.005871)	Cuda time (0.000002)	Loss (1.096900)	Accuracy (0.992383)
Epoch: 20	Batch time (0.316714)	Data time (0.007302)	Cuda time (0.000002)	Loss (0.938000)	Accuracy (0.993486)
EVALUATING
{'loss': 1.667000088095665, 'accuracy': 0.9884236216545105, 'perfect_match_accuracy': 0.81, 'cost_ratio_suggested_true': 1.0199562060832976, 'below_10.0_percent_acc': 1.0, 'below_1.0_percent_acc': 0.97, 'below_0.1_percent_acc': 0.961, 'below_0.01_percent_acc': 0.961, 'below_0.001_percent_acc': 0.945, 'below_0.0001_percent_acc': 0.945, 'valid_acc': 1.0}
Epoch: 21	Batch time (0.316619)	Data time (0.005923)	Cuda time (0.000002)	Loss (0.904800)	Accuracy (0.993717)
Epoch: 22	Batch time (0.320958)	Data time (0.005826)	Cuda time (0.000002)	Loss (0.826500)	Accuracy (0.994260)
Epoch: 23	Batch time (0.320832)	Data time (0.005694)	Cuda time (0.000002)	Loss (0.768800)	Accuracy (0.994661)
Epoch: 24	Batch time (0.328427)	Data time (0.007382)	Cuda time (0.000002)	Loss (0.895100)	Accuracy (0.993784)
Epoch: 25	Batch time (0.320705)	Data time (0.007195)	Cuda time (0.000002)	Loss (0.835700)	Accuracy (0.994197)
EVALUATING
{'loss': 1.509000039100647, 'accuracy': 0.9895208501815795, 'perfect_match_accuracy': 0.832, 'cost_ratio_suggested_true': 1.0177779066562653, 'below_10.0_percent_acc': 1.0, 'below_1.0_percent_acc': 0.96, 'below_0.1_percent_acc': 0.954, 'below_0.01_percent_acc': 0.954, 'below_0.001_percent_acc': 0.941, 'below_0.0001_percent_acc': 0.941, 'valid_acc': 1.0}
Epoch: 26	Batch time (0.318402)	Data time (0.005583)	Cuda time (0.000002)	Loss (0.805400)	Accuracy (0.994407)
Epoch: 27	Batch time (0.321060)	Data time (0.006246)	Cuda time (0.000002)	Loss (0.856500)	Accuracy (0.994052)
Epoch: 28	Batch time (0.324471)	Data time (0.007639)	Cuda time (0.000002)	Loss (0.866300)	Accuracy (0.993984)
Epoch: 29	Batch time (0.316715)	Data time (0.005531)	Cuda time (0.000002)	Loss (0.858300)	Accuracy (0.994040)
Epoch: 30	Batch time (0.316412)	Data time (0.006385)	Cuda time (0.000002)	Loss (0.762400)	Accuracy (0.994706)
EVALUATING
{'loss': 1.640000091791153, 'accuracy': 0.9886111211776734, 'perfect_match_accuracy': 0.833, 'cost_ratio_suggested_true': 1.0244597804546356, 'below_10.0_percent_acc': 1.0, 'below_1.0_percent_acc': 0.971, 'below_0.1_percent_acc': 0.968, 'below_0.01_percent_acc': 0.968, 'below_0.001_percent_acc': 0.944, 'below_0.0001_percent_acc': 0.944, 'valid_acc': 1.0}
Epoch: 31	Batch time (0.312797)	Data time (0.006937)	Cuda time (0.000002)	Loss (0.403600)	Accuracy (0.997197)
Epoch: 32	Batch time (0.323835)	Data time (0.005646)	Cuda time (0.000002)	Loss (0.249600)	Accuracy (0.998267)
Epoch: 33	Batch time (0.317957)	Data time (0.006271)	Cuda time (0.000002)	Loss (0.197500)	Accuracy (0.998628)
Epoch: 34	Batch time (0.314545)	Data time (0.005359)	Cuda time (0.000002)	Loss (0.199900)	Accuracy (0.998612)
Epoch: 35	Batch time (0.312029)	Data time (0.005140)	Cuda time (0.000002)	Loss (0.175200)	Accuracy (0.998783)
EVALUATING
{'loss': 1.1820000573992728, 'accuracy': 0.991791684627533, 'perfect_match_accuracy': 0.874, 'cost_ratio_suggested_true': 1.0165633153915405, 'below_10.0_percent_acc': 1.0, 'below_1.0_percent_acc': 0.98, 'below_0.1_percent_acc': 0.974, 'below_0.01_percent_acc': 0.974, 'below_0.001_percent_acc': 0.96, 'below_0.0001_percent_acc': 0.96, 'valid_acc': 1.0}
Epoch: 36	Batch time (0.312927)	Data time (0.008462)	Cuda time (0.000002)	Loss (0.171100)	Accuracy (0.998812)
Epoch: 37	Batch time (0.315418)	Data time (0.006744)	Cuda time (0.000002)	Loss (0.170500)	Accuracy (0.998816)
Epoch: 38	Batch time (0.315699)	Data time (0.006278)	Cuda time (0.000002)	Loss (0.133200)	Accuracy (0.999075)
Epoch: 39	Batch time (0.319983)	Data time (0.006677)	Cuda time (0.000002)	Loss (0.135400)	Accuracy (0.999060)
Epoch: 40	Batch time (0.316662)	Data time (0.006379)	Cuda time (0.000002)	Loss (0.117000)	Accuracy (0.999188)
EVALUATING
{'loss': 1.156000048518181, 'accuracy': 0.9919722336530685, 'perfect_match_accuracy': 0.881, 'cost_ratio_suggested_true': 1.015547137260437, 'below_10.0_percent_acc': 1.0, 'below_1.0_percent_acc': 0.98, 'below_0.1_percent_acc': 0.977, 'below_0.01_percent_acc': 0.977, 'below_0.001_percent_acc': 0.961, 'below_0.0001_percent_acc': 0.961, 'valid_acc': 1.0}
Epoch: 41	Batch time (0.316852)	Data time (0.005879)	Cuda time (0.000003)	Loss (0.098500)	Accuracy (0.999316)
Epoch: 42	Batch time (0.317726)	Data time (0.005410)	Cuda time (0.000002)	Loss (0.100600)	Accuracy (0.999301)
Epoch: 43	Batch time (0.315159)	Data time (0.005370)	Cuda time (0.000002)	Loss (0.091900)	Accuracy (0.999362)
Epoch: 44	Batch time (0.319461)	Data time (0.005750)	Cuda time (0.000002)	Loss (0.085400)	Accuracy (0.999407)
Epoch: 45	Batch time (0.317048)	Data time (0.008360)	Cuda time (0.000002)	Loss (0.097400)	Accuracy (0.999324)
EVALUATING
{'loss': 1.105000064074993, 'accuracy': 0.9923263972997666, 'perfect_match_accuracy': 0.885, 'cost_ratio_suggested_true': 1.0158046782016754, 'below_10.0_percent_acc': 1.0, 'below_1.0_percent_acc': 0.98, 'below_0.1_percent_acc': 0.977, 'below_0.01_percent_acc': 0.977, 'below_0.001_percent_acc': 0.963, 'below_0.0001_percent_acc': 0.963, 'valid_acc': 1.0}
Epoch: 46	Batch time (0.315088)	Data time (0.005535)	Cuda time (0.000002)	Loss (0.107600)	Accuracy (0.999253)
Epoch: 47	Batch time (0.310391)	Data time (0.005784)	Cuda time (0.000002)	Loss (0.089000)	Accuracy (0.999382)
Epoch: 48	Batch time (0.319373)	Data time (0.005549)	Cuda time (0.000002)	Loss (0.096700)	Accuracy (0.999328)
Epoch: 49	Batch time (0.309494)	Data time (0.004856)	Cuda time (0.000002)	Loss (0.099000)	Accuracy (0.999313)
Epoch: 50	Batch time (0.318954)	Data time (0.005856)	Cuda time (0.000002)	Loss (0.063800)	Accuracy (0.999557)
EVALUATING
{'loss': 1.1310000395774842, 'accuracy': 0.9921458399295807, 'perfect_match_accuracy': 0.884, 'cost_ratio_suggested_true': 1.016218055486679, 'below_10.0_percent_acc': 1.0, 'below_1.0_percent_acc': 0.98, 'below_0.1_percent_acc': 0.977, 'below_0.01_percent_acc': 0.977, 'below_0.001_percent_acc': 0.961, 'below_0.0001_percent_acc': 0.961, 'valid_acc': 1.0}
