rowlf.local
declare -x ANT_HOME="/opt/rocks"
declare -x ARC="lx-amd64"
declare -x BASH_ENV="/usr/share/lmod/lmod/init/bash"
declare -x CONDA_DEFAULT_ENV="gpu"
declare -x CONDA_EXE="/cluster/project6/mr_corpora/pminervi/miniconda3/bin/conda"
declare -x CONDA_PREFIX="/cluster/project6/mr_corpora/pminervi/miniconda3/envs/gpu"
declare -x CONDA_PREFIX_1="/cluster/project6/mr_corpora/pminervi/miniconda3"
declare -x CONDA_PROMPT_MODIFIER="(gpu) "
declare -x CONDA_PYTHON_EXE="/cluster/project6/mr_corpora/pminervi/miniconda3/bin/python"
declare -x CONDA_SHLVL="2"
declare -x CUDA_VISIBLE_DEVICES="1"
declare -x ENVIRONMENT="BATCH"
declare -x HISTCONTROL="ignoredups"
declare -x HISTSIZE="1000"
declare -x HOME="/home/pminervi"
declare -x HOSTNAME="rowlf.local"
declare -x JAVA_HOME="/share/apps/mr/utils/jdk"
declare -x JOB_ID="3664444"
declare -x JOB_NAME="temperature_beaker_v10.bbp2.job"
declare -x JOB_SCRIPT="/opt/gridengine/default/spool/rowlf/job_scripts/3664444"
declare -x LANG="en_US.utf8"
declare -x LANGUAGE="en_US:en"
declare -x LD_LIBRARY_PATH="/share/apps/gcc-6.2.0/lib/:/share/apps/gcc-6.2.0/lib64/:/opt/gridengine/lib/lx-amd64"
declare -x LESSOPEN="||/usr/bin/lesspipe.sh %s"
declare -x LMOD_CMD="/usr/share/lmod/lmod/libexec/lmod"
declare -x LMOD_DIR="/usr/share/lmod/lmod/libexec"
declare -x LMOD_PKG="/usr/share/lmod/lmod"
declare -x LMOD_ROOT="/usr/share/lmod"
declare -x LMOD_SETTARG_FULL_SUPPORT="no"
declare -x LMOD_VERSION="8.2.7"
declare -x LMOD_sys="Linux"
declare -x LOADEDMODULES=""
declare -x LOGNAME="pminervi"
declare -x MAIL="/var/spool/mail/pminervi"
declare -x MANPATH="/usr/share/lmod/lmod/share/man:"
declare -x MODULEPATH="/share/apps/modulefiles/default"
declare -x MODULEPATH_ROOT="/usr/share/modulefiles"
declare -x MODULESHOME="/usr/share/lmod/lmod"
declare -x MPICH_PROCESS_GROUP="no"
declare -x NHOSTS="1"
declare -x NQUEUES="1"
declare -x NSLOTS="1"
declare -x OLDPWD="/home/pminervi/workspace/map-backprop"
declare -x PATH="/cluster/project6/mr_corpora/pminervi/miniconda3/envs/gpu/bin:/cluster/project6/mr_corpora/pminervi/miniconda3/condabin:/share/apps/binutils-2.27/bin:/share/apps/gcc-6.2.0/bin:/share/apps/mr/bin:/tmp/3664444.37.gpu.q:/usr/local/bin:/bin:/usr/bin:/usr/local/sbin:/usr/sbin:/opt/ganglia/bin:/opt/ganglia/sbin:/opt/rocks/bin:/opt/rocks/sbin:/opt/gridengine/bin/lx-amd64:/home/pminervi/bin"
declare -x PWD="/home/pminervi/workspace/map-backprop"
declare -x QUEUE="gpu.q"
declare -x REQNAME="temperature_beaker_v10.bbp2.job"
declare -x REQUEST="temperature_beaker_v10.bbp2.job"
declare -x RESTARTED="0"
declare -x ROCKSROOT="/opt/rocks/share/devel"
declare -x ROCKS_ROOT="/opt/rocks"
declare -x ROLLSROOT="/opt/rocks/share/devel/src/roll"
declare -x SGE_ACCOUNT="sge"
declare -x SGE_ARCH="lx-amd64"
declare -x SGE_BINARY_PATH="/opt/gridengine/bin/lx-amd64"
declare -x SGE_CELL="default"
declare -x SGE_CWD_PATH="/home/pminervi/workspace/map-backprop"
declare -x SGE_EXECD_PORT="537"
declare -x SGE_JOB_SPOOL_DIR="/opt/gridengine/default/spool/rowlf/active_jobs/3664444.37"
declare -x SGE_O_HOME="/home/pminervi"
declare -x SGE_O_HOST="beaker"
declare -x SGE_O_LOGNAME="pminervi"
declare -x SGE_O_MAIL="/var/spool/mail/pminervi"
declare -x SGE_O_PATH="/cluster/project6/mr_corpora/pminervi/miniconda3/envs/gpu/bin:/cluster/project6/mr_corpora/pminervi/miniconda3/condabin:/share/apps/binutils-2.27/bin:/share/apps/gcc-6.2.0/bin:/share/apps/mr/bin:/usr/local/bin:/usr/bin:/usr/local/sbin:/usr/sbin:/opt/ganglia/bin:/opt/ganglia/sbin:/opt/rocks/bin:/opt/rocks/sbin:/opt/gridengine/bin/lx-amd64:/home/pminervi/bin"
declare -x SGE_O_SHELL="/bin/bash"
declare -x SGE_O_WORKDIR="/home/pminervi/workspace/map-backprop"
declare -x SGE_QMASTER_PORT="536"
declare -x SGE_ROOT="/opt/gridengine"
declare -x SGE_STDERR_PATH="/home/pminervi/array.err"
declare -x SGE_STDIN_PATH="/dev/null"
declare -x SGE_STDOUT_PATH="/home/pminervi/array.out"
declare -x SGE_TASK_FIRST="1"
declare -x SGE_TASK_ID="37"
declare -x SGE_TASK_LAST="60"
declare -x SGE_TASK_STEPSIZE="1"
declare -x SHELL="/bin/bash"
declare -x SHLVL="2"
declare -x SSH_ASKPASS="/usr/libexec/openssh/gnome-ssh-askpass"
declare -x TERM=""
declare -x TMP="/tmp/3664444.37.gpu.q"
declare -x TMPDIR="/tmp/3664444.37.gpu.q"
declare -x USER="pminervi"
declare -x _CE_CONDA=""
declare -x _CE_M=""
Mon Aug  9 10:05:00 2021       
+-----------------------------------------------------------------------------+
| NVIDIA-SMI 470.42.01    Driver Version: 470.42.01    CUDA Version: 11.4     |
|-------------------------------+----------------------+----------------------+
| GPU  Name        Persistence-M| Bus-Id        Disp.A | Volatile Uncorr. ECC |
| Fan  Temp  Perf  Pwr:Usage/Cap|         Memory-Usage | GPU-Util  Compute M. |
|                               |                      |               MIG M. |
|===============================+======================+======================|
|   0  Tesla P100-PCIE...  On   | 00000000:14:00.0 Off |                    0 |
| N/A   29C    P0    33W / 250W |   2619MiB / 16280MiB |      0%   E. Process |
|                               |                      |                  N/A |
+-------------------------------+----------------------+----------------------+
|   1  Tesla P100-PCIE...  On   | 00000000:15:00.0 Off |                    0 |
| N/A   26C    P0    24W / 250W |      0MiB / 16280MiB |      0%   E. Process |
|                               |                      |                  N/A |
+-------------------------------+----------------------+----------------------+
|   2  Tesla P100-PCIE...  On   | 00000000:39:00.0 Off |                    0 |
| N/A   30C    P0    37W / 250W |   3559MiB / 16280MiB |      0%   E. Process |
|                               |                      |                  N/A |
+-------------------------------+----------------------+----------------------+
|   3  Tesla P100-PCIE...  On   | 00000000:3A:00.0 Off |                    0 |
| N/A   29C    P0    36W / 250W |   3559MiB / 16280MiB |      0%   E. Process |
|                               |                      |                  N/A |
+-------------------------------+----------------------+----------------------+
|   4  Tesla P100-PCIE...  On   | 00000000:88:00.0 Off |                    0 |
| N/A   27C    P0    26W / 250W |      0MiB / 16280MiB |      0%   E. Process |
|                               |                      |                  N/A |
+-------------------------------+----------------------+----------------------+
|   5  Tesla P100-PCIE...  On   | 00000000:89:00.0 Off |                    0 |
| N/A   30C    P0    36W / 250W |   3559MiB / 16280MiB |     41%   E. Process |
|                               |                      |                  N/A |
+-------------------------------+----------------------+----------------------+
|   6  Tesla P100-PCIE...  On   | 00000000:B1:00.0 Off |                    0 |
| N/A   30C    P0    32W / 250W |   1463MiB / 16280MiB |      0%   E. Process |
|                               |                      |                  N/A |
+-------------------------------+----------------------+----------------------+
|   7  Tesla P100-PCIE...  On   | 00000000:B2:00.0 Off |                    0 |
| N/A   34C    P0    38W / 250W |   3027MiB / 16280MiB |      1%   E. Process |
|                               |                      |                  N/A |
+-------------------------------+----------------------+----------------------+
                                                                               
+-----------------------------------------------------------------------------+
| Processes:                                                                  |
|  GPU   GI   CI        PID   Type   Process name                  GPU Memory |
|        ID   ID                                                   Usage      |
|=============================================================================|
|    0   N/A  N/A      4666      C   ...ate_every=1 use_ray=False     2617MiB |
|    2   N/A  N/A      4054      C   ...ate_every=1 use_ray=False     3557MiB |
|    3   N/A  N/A     30191      C   ...ate_every=1 use_ray=False     3557MiB |
|    5   N/A  N/A     29403      C   ...ate_every=1 use_ray=False     3557MiB |
|    6   N/A  N/A     31524      C   ...ate_every=1 use_ray=False     1461MiB |
|    7   N/A  N/A      3840      C   python3                          3025MiB |
+-----------------------------------------------------------------------------+
