sweetums-609-7.local
declare -x ANT_HOME="/opt/rocks"
declare -x ARC="lx-amd64"
declare -x BASH_ENV="/usr/share/lmod/lmod/init/bash"
declare -x CONDA_DEFAULT_ENV="gpu"
declare -x CONDA_EXE="/home/pminervi/anaconda3/bin/conda"
declare -x CONDA_PREFIX="/home/pminervi/anaconda3/envs/gpu"
declare -x CONDA_PREFIX_1="/home/pminervi/anaconda3/envs/cpu"
declare -x CONDA_PROMPT_MODIFIER="(gpu) "
declare -x CONDA_PYTHON_EXE="/home/pminervi/anaconda3/bin/python"
declare -x CONDA_SHLVL="2"
declare -x CUDA_VISIBLE_DEVICES="5"
declare -x ENVIRONMENT="BATCH"
declare -x HISTCONTROL="ignoredups"
declare -x HISTSIZE="1000"
declare -x HOME="/home/pminervi"
declare -x HOSTNAME="sweetums-609-7.local"
declare -x JAVA_HOME="/share/apps/mr/utils/jdk"
declare -x JOB_ID="2811022"
declare -x JOB_NAME="temperature_beaker_v10.job"
declare -x JOB_SCRIPT="/opt/gridengine/default/spool/sweetums-609-7/job_scripts/2811022"
declare -x LANG="en_US.utf8"
declare -x LANGUAGE="en_US:en"
declare -x LD_LIBRARY_PATH="/share/apps/gcc-6.2.0/lib/:/share/apps/gcc-6.2.0/lib64/:/opt/gridengine/lib/lx-amd64"
declare -x LESSOPEN="||/usr/bin/lesspipe.sh %s"
declare -x LMOD_CMD="/usr/share/lmod/lmod/libexec/lmod"
declare -x LMOD_DIR="/usr/share/lmod/lmod/libexec"
declare -x LMOD_PKG="/usr/share/lmod/lmod"
declare -x LMOD_ROOT="/usr/share/lmod"
declare -x LMOD_SETTARG_FULL_SUPPORT="no"
declare -x LMOD_VERSION="8.2.7"
declare -x LMOD_sys="Linux"
declare -x LOADEDMODULES=""
declare -x LOGNAME="pminervi"
declare -x MAIL="/var/spool/mail/pminervi"
declare -x MANPATH="/usr/share/lmod/lmod/share/man:"
declare -x MODULEPATH="/share/apps/modulefiles/default"
declare -x MODULEPATH_ROOT="/usr/share/modulefiles"
declare -x MODULESHOME="/usr/share/lmod/lmod"
declare -x MPICH_PROCESS_GROUP="no"
declare -x NHOSTS="1"
declare -x NQUEUES="1"
declare -x NSLOTS="1"
declare -x OLDPWD="/home/pminervi/workspace/map-backprop"
declare -x PATH="/home/pminervi/anaconda3/envs/gpu/bin:/home/pminervi/anaconda3/condabin:/home/pminervi/anaconda3/bin:/share/apps/binutils-2.27/bin/:/share/apps/gcc-6.2.0/bin/:/share/apps/mr/bin:/tmp/2811022.3.gpu.q:/usr/local/bin:/bin:/usr/bin:/usr/local/sbin:/usr/sbin:/opt/ganglia/bin:/opt/ganglia/sbin:/opt/rocks/bin:/opt/rocks/sbin:/opt/gridengine/bin/lx-amd64:/home/pminervi/bin"
declare -x PWD="/home/pminervi/workspace/map-backprop"
declare -x QUEUE="gpu.q"
declare -x REQNAME="temperature_beaker_v10.job"
declare -x REQUEST="temperature_beaker_v10.job"
declare -x RESTARTED="1"
declare -x ROCKSROOT="/opt/rocks/share/devel"
declare -x ROCKS_ROOT="/opt/rocks"
declare -x ROLLSROOT="/opt/rocks/share/devel/src/roll"
declare -x SGE_ACCOUNT="sge"
declare -x SGE_ARCH="lx-amd64"
declare -x SGE_BINARY_PATH="/opt/gridengine/bin/lx-amd64"
declare -x SGE_CELL="default"
declare -x SGE_CWD_PATH="/home/pminervi/workspace/map-backprop"
declare -x SGE_EXECD_PORT="537"
declare -x SGE_JOB_SPOOL_DIR="/opt/gridengine/default/spool/sweetums-609-7/active_jobs/2811022.3"
declare -x SGE_O_HOME="/home/pminervi"
declare -x SGE_O_HOST="beaker"
declare -x SGE_O_LOGNAME="pminervi"
declare -x SGE_O_MAIL="/var/spool/mail/pminervi"
declare -x SGE_O_PATH="/home/pminervi/anaconda3/envs/cpu/bin:/home/pminervi/anaconda3/condabin:/home/pminervi/anaconda3/bin:/share/apps/binutils-2.27/bin/:/share/apps/gcc-6.2.0/bin/:/share/apps/mr/bin:/usr/local/bin:/usr/bin:/usr/local/sbin:/usr/sbin:/opt/ganglia/bin:/opt/ganglia/sbin:/opt/rocks/bin:/opt/rocks/sbin:/opt/gridengine/bin/lx-amd64:/home/pminervi/bin"
declare -x SGE_O_SHELL="/bin/bash"
declare -x SGE_O_WORKDIR="/home/pminervi/workspace/map-backprop"
declare -x SGE_QMASTER_PORT="536"
declare -x SGE_ROOT="/opt/gridengine"
declare -x SGE_STDERR_PATH="/home/pminervi/array.err"
declare -x SGE_STDIN_PATH="/dev/null"
declare -x SGE_STDOUT_PATH="/home/pminervi/array.out"
declare -x SGE_TASK_FIRST="1"
declare -x SGE_TASK_ID="3"
declare -x SGE_TASK_LAST="20"
declare -x SGE_TASK_STEPSIZE="1"
declare -x SHELL="/bin/bash"
declare -x SHLVL="2"
declare -x SSH_ASKPASS="/usr/libexec/openssh/gnome-ssh-askpass"
declare -x TERM=""
declare -x TMP="/tmp/2811022.3.gpu.q"
declare -x TMPDIR="/tmp/2811022.3.gpu.q"
declare -x USER="pminervi"
Thu Feb  4 17:56:08 2021       
+-----------------------------------------------------------------------------+
| NVIDIA-SMI 450.51.05    Driver Version: 450.51.05    CUDA Version: 11.0     |
|-------------------------------+----------------------+----------------------+
| GPU  Name        Persistence-M| Bus-Id        Disp.A | Volatile Uncorr. ECC |
| Fan  Temp  Perf  Pwr:Usage/Cap|         Memory-Usage | GPU-Util  Compute M. |
|                               |                      |               MIG M. |
|===============================+======================+======================|
|   0  GeForce RTX 208...  On   | 00000000:3D:00.0 Off |                  N/A |
| 29%   48C    P2   234W / 250W |    510MiB / 11019MiB |     99%   E. Process |
|                               |                      |                  N/A |
+-------------------------------+----------------------+----------------------+
|   1  GeForce RTX 208...  On   | 00000000:3E:00.0 Off |                  N/A |
| 30%   44C    P8    20W / 250W |      0MiB / 11019MiB |      0%   E. Process |
|                               |                      |                  N/A |
+-------------------------------+----------------------+----------------------+
|   2  GeForce RTX 208...  On   | 00000000:60:00.0 Off |                  N/A |
| 34%   55C    P2   242W / 250W |    510MiB / 11019MiB |    100%   E. Process |
|                               |                      |                  N/A |
+-------------------------------+----------------------+----------------------+
|   3  GeForce RTX 208...  On   | 00000000:61:00.0 Off |                  N/A |
| 32%   51C    P2   226W / 250W |    510MiB / 11019MiB |    100%   E. Process |
|                               |                      |                  N/A |
+-------------------------------+----------------------+----------------------+
|   4  GeForce RTX 208...  On   | 00000000:B1:00.0 Off |                  N/A |
| 30%   25C    P8     1W / 250W |      0MiB / 11019MiB |      0%   E. Process |
|                               |                      |                  N/A |
+-------------------------------+----------------------+----------------------+
|   5  GeForce RTX 208...  On   | 00000000:B2:00.0 Off |                  N/A |
| 29%   26C    P8    19W / 250W |      0MiB / 11019MiB |      0%   E. Process |
|                               |                      |                  N/A |
+-------------------------------+----------------------+----------------------+
|   6  GeForce RTX 208...  On   | 00000000:DA:00.0 Off |                  N/A |
| 30%   24C    P8    21W / 250W |      0MiB / 11019MiB |      0%   E. Process |
|                               |                      |                  N/A |
+-------------------------------+----------------------+----------------------+
|   7  GeForce RTX 208...  On   | 00000000:DB:00.0 Off |                  N/A |
| 30%   25C    P8    14W / 250W |      0MiB / 11019MiB |      0%   E. Process |
|                               |                      |                  N/A |
+-------------------------------+----------------------+----------------------+
                                                                               
+-----------------------------------------------------------------------------+
| Processes:                                                                  |
|  GPU   GI   CI        PID   Type   Process name                  GPU Memory |
|        ID   ID                                                   Usage      |
|=============================================================================|
|    0   N/A  N/A    253774      C   ./kspaceFirstOrder3D-CUDA         507MiB |
|    2   N/A  N/A    253769      C   ./kspaceFirstOrder3D-CUDA         507MiB |
|    3   N/A  N/A    253772      C   ./kspaceFirstOrder3D-CUDA         507MiB |
+-----------------------------------------------------------------------------+
No existing entry for trainer_params.mode.type
{}[type] = <class 'int'>(1)
No existing entry for trainer_params.mode.objective_type
{'type': 1}[objective_type] = <class 'str'>(normal)
No existing entry for trainer_params.mode.use_marginal
{'type': 1, 'objective_type': 'normal'}[use_marginal] = <class 'bool'>(True)
No existing entry for trainer_params.mode.nb_samples
{'type': 1, 'objective_type': 'normal', 'use_marginal': True}[nb_samples] = <class 'int'>(1)
No existing entry for trainer_params.mode.temperature
{'type': 1, 'objective_type': 'normal', 'use_marginal': True, 'nb_samples': 1}[temperature] = <class 'int'>(1)
No existing entry for trainer_params.mode.use_gamma
{'type': 1, 'objective_type': 'normal', 'use_marginal': True, 'nb_samples': 1, 'temperature': 1}[use_gamma] = <class 'bool'>(True)
No existing entry for trainer_params.mode.loss_type
{'type': 1, 'objective_type': 'normal', 'use_marginal': True, 'nb_samples': 1, 'temperature': 1, 'use_gamma': True}[loss_type] = <class 'str'>(normal)
No existing entry for trainer_params.mode.perturb_w
{'type': 1, 'objective_type': 'normal', 'use_marginal': True, 'nb_samples': 1, 'temperature': 1, 'use_gamma': True, 'loss_type': 'normal'}[perturb_w] = <class 'bool'>(True)
No existing entry for trainer_params.mode.perturb_w_prime
{'type': 1, 'objective_type': 'normal', 'use_marginal': True, 'nb_samples': 1, 'temperature': 1, 'use_gamma': True, 'loss_type': 'normal', 'perturb_w': True}[perturb_w_prime] = <class 'bool'>(False)
{'batch_size': 70, 'l1_regconst': 0.0, 'lambda_val': 20.0, 'lr_milestone_1': 30, 'lr_milestone_2': 40, 'model_params': {'arch_params': {}, 'model_name': 'CombResnet18'}, 'neighbourhood_fn': '8-grid', 'optimizer_name': 'Adam', 'optimizer_params': {'lr': 0.0005}, 'preload_batch': True, 'use_cuda': True, 'use_lr_scheduling': True, 'mode': {'type': 1, 'objective_type': 'normal', 'use_marginal': True, 'nb_samples': 1, 'temperature': 1, 'use_gamma': True, 'loss_type': 'normal', 'perturb_w': True, 'perturb_w_prime': False}}[lambda_val] = <class 'float'>(10.0)
{'data_dir': 'data/warcraft_shortest_path/12x12', 'evaluate_with_extra': False, 'normalize': True, 'use_local_path': False, 'use_test_set': True}[data_dir] = <class 'str'>(data/warcraft_shortest_path/30x30)
{'evaluate_every': 5, 'loader_params': {'data_dir': 'data/warcraft_shortest_path/30x30', 'evaluate_with_extra': False, 'normalize': True, 'use_local_path': False, 'use_test_set': True}, 'model_dir': 'results/warcraft_shortest_path_combresnet', 'num_cpus': 24, 'num_epochs': 50, 'problem_type': 'warcraft_shortest_path', 'ray_params': {}, 'save_visualizations': False, 'seed': 1, 'trainer_name': 'DijkstraMAP', 'trainer_params': {'batch_size': 70, 'l1_regconst': 0.0, 'lambda_val': 10.0, 'lr_milestone_1': 30, 'lr_milestone_2': 40, 'model_params': {'arch_params': {}, 'model_name': 'CombResnet18'}, 'neighbourhood_fn': '8-grid', 'optimizer_name': 'Adam', 'optimizer_params': {'lr': 0.0005}, 'preload_batch': True, 'use_cuda': True, 'use_lr_scheduling': True, 'mode': {'type': 1, 'objective_type': 'normal', 'use_marginal': True, 'nb_samples': 1, 'temperature': 1, 'use_gamma': True, 'loss_type': 'normal', 'perturb_w': True, 'perturb_w_prime': False}}, 'use_ray': True}[seed] = <class 'int'>(1)
{'evaluate_every': 5, 'loader_params': {'data_dir': 'data/warcraft_shortest_path/30x30', 'evaluate_with_extra': False, 'normalize': True, 'use_local_path': False, 'use_test_set': True}, 'model_dir': 'results/warcraft_shortest_path_combresnet', 'num_cpus': 24, 'num_epochs': 50, 'problem_type': 'warcraft_shortest_path', 'ray_params': {}, 'save_visualizations': False, 'seed': 1, 'trainer_name': 'DijkstraMAP', 'trainer_params': {'batch_size': 70, 'l1_regconst': 0.0, 'lambda_val': 10.0, 'lr_milestone_1': 30, 'lr_milestone_2': 40, 'model_params': {'arch_params': {}, 'model_name': 'CombResnet18'}, 'neighbourhood_fn': '8-grid', 'optimizer_name': 'Adam', 'optimizer_params': {'lr': 0.0005}, 'preload_batch': True, 'use_cuda': True, 'use_lr_scheduling': True, 'mode': {'type': 1, 'objective_type': 'normal', 'use_marginal': True, 'nb_samples': 1, 'temperature': 1, 'use_gamma': True, 'loss_type': 'normal', 'perturb_w': True, 'perturb_w_prime': False}}, 'use_ray': True}[evaluate_every] = <class 'int'>(1)
{'evaluate_every': 1, 'loader_params': {'data_dir': 'data/warcraft_shortest_path/30x30', 'evaluate_with_extra': False, 'normalize': True, 'use_local_path': False, 'use_test_set': True}, 'model_dir': 'results/warcraft_shortest_path_combresnet', 'num_cpus': 24, 'num_epochs': 50, 'problem_type': 'warcraft_shortest_path', 'ray_params': {}, 'save_visualizations': False, 'seed': 1, 'trainer_name': 'DijkstraMAP', 'trainer_params': {'batch_size': 70, 'l1_regconst': 0.0, 'lambda_val': 10.0, 'lr_milestone_1': 30, 'lr_milestone_2': 40, 'model_params': {'arch_params': {}, 'model_name': 'CombResnet18'}, 'neighbourhood_fn': '8-grid', 'optimizer_name': 'Adam', 'optimizer_params': {'lr': 0.0005}, 'preload_batch': True, 'use_cuda': True, 'use_lr_scheduling': True, 'mode': {'type': 1, 'objective_type': 'normal', 'use_marginal': True, 'nb_samples': 1, 'temperature': 1, 'use_gamma': True, 'loss_type': 'normal', 'perturb_w': True, 'perturb_w_prime': False}}, 'use_ray': True}[use_ray] = <class 'bool'>(False)
No existing entry for trainer_params.mode.type
{}[type] = <class 'int'>(1)
No existing entry for trainer_params.mode.objective_type
{'type': 1}[objective_type] = <class 'str'>(normal)
No existing entry for trainer_params.mode.use_marginal
{'type': 1, 'objective_type': 'normal'}[use_marginal] = <class 'bool'>(True)
No existing entry for trainer_params.mode.nb_samples
{'type': 1, 'objective_type': 'normal', 'use_marginal': True}[nb_samples] = <class 'int'>(1)
No existing entry for trainer_params.mode.temperature
{'type': 1, 'objective_type': 'normal', 'use_marginal': True, 'nb_samples': 1}[temperature] = <class 'int'>(1)
No existing entry for trainer_params.mode.use_gamma
{'type': 1, 'objective_type': 'normal', 'use_marginal': True, 'nb_samples': 1, 'temperature': 1}[use_gamma] = <class 'bool'>(True)
No existing entry for trainer_params.mode.loss_type
{'type': 1, 'objective_type': 'normal', 'use_marginal': True, 'nb_samples': 1, 'temperature': 1, 'use_gamma': True}[loss_type] = <class 'str'>(normal)
No existing entry for trainer_params.mode.perturb_w
{'type': 1, 'objective_type': 'normal', 'use_marginal': True, 'nb_samples': 1, 'temperature': 1, 'use_gamma': True, 'loss_type': 'normal'}[perturb_w] = <class 'bool'>(True)
No existing entry for trainer_params.mode.perturb_w_prime
{'type': 1, 'objective_type': 'normal', 'use_marginal': True, 'nb_samples': 1, 'temperature': 1, 'use_gamma': True, 'loss_type': 'normal', 'perturb_w': True}[perturb_w_prime] = <class 'bool'>(False)
{'batch_size': 70, 'l1_regconst': 0.0, 'lambda_val': 20.0, 'lr_milestone_1': 30, 'lr_milestone_2': 40, 'model_params': {'arch_params': {}, 'model_name': 'CombResnet18'}, 'neighbourhood_fn': '8-grid', 'optimizer_name': 'Adam', 'optimizer_params': {'lr': 0.0005}, 'preload_batch': True, 'use_cuda': True, 'use_lr_scheduling': True, 'mode': {'type': 1, 'objective_type': 'normal', 'use_marginal': True, 'nb_samples': 1, 'temperature': 1, 'use_gamma': True, 'loss_type': 'normal', 'perturb_w': True, 'perturb_w_prime': False}}[lambda_val] = <class 'float'>(10.0)
{'data_dir': 'data/warcraft_shortest_path/12x12', 'evaluate_with_extra': False, 'normalize': True, 'use_local_path': False, 'use_test_set': True}[data_dir] = <class 'str'>(data/warcraft_shortest_path/30x30)
{'evaluate_every': 5, 'loader_params': {'data_dir': 'data/warcraft_shortest_path/30x30', 'evaluate_with_extra': False, 'normalize': True, 'use_local_path': False, 'use_test_set': True}, 'model_dir': 'results/warcraft_shortest_path_combresnet', 'num_cpus': 24, 'num_epochs': 50, 'problem_type': 'warcraft_shortest_path', 'ray_params': {}, 'save_visualizations': False, 'seed': 1, 'trainer_name': 'DijkstraMAP', 'trainer_params': {'batch_size': 70, 'l1_regconst': 0.0, 'lambda_val': 10.0, 'lr_milestone_1': 30, 'lr_milestone_2': 40, 'model_params': {'arch_params': {}, 'model_name': 'CombResnet18'}, 'neighbourhood_fn': '8-grid', 'optimizer_name': 'Adam', 'optimizer_params': {'lr': 0.0005}, 'preload_batch': True, 'use_cuda': True, 'use_lr_scheduling': True, 'mode': {'type': 1, 'objective_type': 'normal', 'use_marginal': True, 'nb_samples': 1, 'temperature': 1, 'use_gamma': True, 'loss_type': 'normal', 'perturb_w': True, 'perturb_w_prime': False}}, 'use_ray': True}[seed] = <class 'int'>(1)
{'evaluate_every': 5, 'loader_params': {'data_dir': 'data/warcraft_shortest_path/30x30', 'evaluate_with_extra': False, 'normalize': True, 'use_local_path': False, 'use_test_set': True}, 'model_dir': 'results/warcraft_shortest_path_combresnet', 'num_cpus': 24, 'num_epochs': 50, 'problem_type': 'warcraft_shortest_path', 'ray_params': {}, 'save_visualizations': False, 'seed': 1, 'trainer_name': 'DijkstraMAP', 'trainer_params': {'batch_size': 70, 'l1_regconst': 0.0, 'lambda_val': 10.0, 'lr_milestone_1': 30, 'lr_milestone_2': 40, 'model_params': {'arch_params': {}, 'model_name': 'CombResnet18'}, 'neighbourhood_fn': '8-grid', 'optimizer_name': 'Adam', 'optimizer_params': {'lr': 0.0005}, 'preload_batch': True, 'use_cuda': True, 'use_lr_scheduling': True, 'mode': {'type': 1, 'objective_type': 'normal', 'use_marginal': True, 'nb_samples': 1, 'temperature': 1, 'use_gamma': True, 'loss_type': 'normal', 'perturb_w': True, 'perturb_w_prime': False}}, 'use_ray': True}[evaluate_every] = <class 'int'>(1)
{'evaluate_every': 1, 'loader_params': {'data_dir': 'data/warcraft_shortest_path/30x30', 'evaluate_with_extra': False, 'normalize': True, 'use_local_path': False, 'use_test_set': True}, 'model_dir': 'results/warcraft_shortest_path_combresnet', 'num_cpus': 24, 'num_epochs': 50, 'problem_type': 'warcraft_shortest_path', 'ray_params': {}, 'save_visualizations': False, 'seed': 1, 'trainer_name': 'DijkstraMAP', 'trainer_params': {'batch_size': 70, 'l1_regconst': 0.0, 'lambda_val': 10.0, 'lr_milestone_1': 30, 'lr_milestone_2': 40, 'model_params': {'arch_params': {}, 'model_name': 'CombResnet18'}, 'neighbourhood_fn': '8-grid', 'optimizer_name': 'Adam', 'optimizer_params': {'lr': 0.0005}, 'preload_batch': True, 'use_cuda': True, 'use_lr_scheduling': True, 'mode': {'type': 1, 'objective_type': 'normal', 'use_marginal': True, 'nb_samples': 1, 'temperature': 1, 'use_gamma': True, 'loss_type': 'normal', 'perturb_w': True, 'perturb_w_prime': False}}, 'use_ray': True}[use_ray] = <class 'bool'>(False)
{
    "evaluate_every": 1,
    "loader_params": {
        "data_dir": "data/warcraft_shortest_path/30x30",
        "evaluate_with_extra": false,
        "normalize": true,
        "use_local_path": false,
        "use_test_set": true
    },
    "model_dir": "results/warcraft_shortest_path_combresnet",
    "num_cpus": 24,
    "num_epochs": 50,
    "problem_type": "warcraft_shortest_path",
    "ray_params": {},
    "save_visualizations": false,
    "seed": 1,
    "trainer_name": "DijkstraMAP",
    "trainer_params": {
        "batch_size": 70,
        "l1_regconst": 0.0,
        "lambda_val": 10.0,
        "lr_milestone_1": 30,
        "lr_milestone_2": 40,
        "mode": {
            "loss_type": "normal",
            "nb_samples": 1,
            "objective_type": "normal",
            "perturb_w": true,
            "perturb_w_prime": false,
            "temperature": 1,
            "type": 1,
            "use_gamma": true,
            "use_marginal": true
        },
        "model_params": {
            "arch_params": {},
            "model_name": "CombResnet18"
        },
        "neighbourhood_fn": "8-grid",
        "optimizer_name": "Adam",
        "optimizer_params": {
            "lr": 0.0005
        },
        "preload_batch": true,
        "use_cuda": true,
        "use_lr_scheduling": true
    },
    "use_ray": false
}
MAP-BACKPROP MODE: {
    "loss_type": "normal",
    "nb_samples": 1,
    "objective_type": "normal",
    "perturb_w": true,
    "perturb_w_prime": false,
    "temperature": 1,
    "type": 1,
    "use_gamma": true,
    "use_marginal": true
}
True
META: {'input_image_size': 240, 'output_features': 900, 'num_channels': 3, 'denormalize': <maprop.decorators.input_to_numpy object at 0x2b51f9eb0a90>}
EVALUATING
{'loss': 53.552001876831056, 'accuracy': 0.9404978048801422, 'perfect_match_accuracy': 0.001, 'cost_ratio_suggested_true': 2.4892180275917055, 'below_10.0_percent_acc': 0.122, 'below_1.0_percent_acc': 0.012, 'below_0.1_percent_acc': 0.012, 'below_0.01_percent_acc': 0.012, 'below_0.001_percent_acc': 0.011, 'below_0.0001_percent_acc': 0.011, 'valid_acc': 1.0}
Epoch: 1	Batch time (3.854858)	Data time (0.129371)	Cuda time (0.000003)	Loss (35.897001)	Accuracy (0.960114)
EVALUATING
{'loss': 16.957000160217284, 'accuracy': 0.98115891456604, 'perfect_match_accuracy': 0.312, 'cost_ratio_suggested_true': 1.1123223507404327, 'below_10.0_percent_acc': 0.953, 'below_1.0_percent_acc': 0.614, 'below_0.1_percent_acc': 0.525, 'below_0.01_percent_acc': 0.524, 'below_0.001_percent_acc': 0.511, 'below_0.0001_percent_acc': 0.511, 'valid_acc': 1.0}
Epoch: 2	Batch time (3.644458)	Data time (0.115732)	Cuda time (0.000003)	Loss (28.901101)	Accuracy (0.967888)
EVALUATING
{'loss': 15.175000286102295, 'accuracy': 0.983138918876648, 'perfect_match_accuracy': 0.343, 'cost_ratio_suggested_true': 1.0705920779705047, 'below_10.0_percent_acc': 0.982, 'below_1.0_percent_acc': 0.647, 'below_0.1_percent_acc': 0.562, 'below_0.01_percent_acc': 0.561, 'below_0.001_percent_acc': 0.54, 'below_0.0001_percent_acc': 0.54, 'valid_acc': 1.0}
Epoch: 3	Batch time (3.949099)	Data time (0.113985)	Cuda time (0.000003)	Loss (26.764701)	Accuracy (0.970261)
EVALUATING
{'loss': 12.800000476837159, 'accuracy': 0.9857778042554856, 'perfect_match_accuracy': 0.433, 'cost_ratio_suggested_true': 1.070409324169159, 'below_10.0_percent_acc': 0.979, 'below_1.0_percent_acc': 0.743, 'below_0.1_percent_acc': 0.666, 'below_0.01_percent_acc': 0.665, 'below_0.001_percent_acc': 0.648, 'below_0.0001_percent_acc': 0.648, 'valid_acc': 1.0}
Epoch: 4	Batch time (4.390550)	Data time (0.120540)	Cuda time (0.000002)	Loss (25.102401)	Accuracy (0.972108)
EVALUATING
{'loss': 13.367000303268433, 'accuracy': 0.9851478105783462, 'perfect_match_accuracy': 0.398, 'cost_ratio_suggested_true': 1.061052951812744, 'below_10.0_percent_acc': 0.987, 'below_1.0_percent_acc': 0.711, 'below_0.1_percent_acc': 0.615, 'below_0.01_percent_acc': 0.614, 'below_0.001_percent_acc': 0.597, 'below_0.0001_percent_acc': 0.597, 'valid_acc': 1.0}
Epoch: 5	Batch time (4.474754)	Data time (0.109457)	Cuda time (0.000003)	Loss (24.076701)	Accuracy (0.973248)
EVALUATING
{'loss': 12.904000520706177, 'accuracy': 0.9856622451543808, 'perfect_match_accuracy': 0.438, 'cost_ratio_suggested_true': 1.0747389113903045, 'below_10.0_percent_acc': 0.975, 'below_1.0_percent_acc': 0.756, 'below_0.1_percent_acc': 0.678, 'below_0.01_percent_acc': 0.677, 'below_0.001_percent_acc': 0.665, 'below_0.0001_percent_acc': 0.665, 'valid_acc': 1.0}
Epoch: 6	Batch time (5.655623)	Data time (0.147044)	Cuda time (0.000002)	Loss (22.904501)	Accuracy (0.974551)
EVALUATING
{'loss': 12.417000474929809, 'accuracy': 0.9862033671140671, 'perfect_match_accuracy': 0.438, 'cost_ratio_suggested_true': 1.0576466035842895, 'below_10.0_percent_acc': 0.991, 'below_1.0_percent_acc': 0.743, 'below_0.1_percent_acc': 0.643, 'below_0.01_percent_acc': 0.642, 'below_0.001_percent_acc': 0.632, 'below_0.0001_percent_acc': 0.632, 'valid_acc': 1.0}
Epoch: 7	Batch time (5.473945)	Data time (0.158586)	Cuda time (0.000003)	Loss (22.219901)	Accuracy (0.975311)
EVALUATING
{'loss': 12.592000703811646, 'accuracy': 0.9860089099407197, 'perfect_match_accuracy': 0.459, 'cost_ratio_suggested_true': 1.0728731882572173, 'below_10.0_percent_acc': 0.981, 'below_1.0_percent_acc': 0.764, 'below_0.1_percent_acc': 0.688, 'below_0.01_percent_acc': 0.687, 'below_0.001_percent_acc': 0.666, 'below_0.0001_percent_acc': 0.666, 'valid_acc': 1.0}
Epoch: 8	Batch time (4.596371)	Data time (0.136921)	Cuda time (0.000002)	Loss (21.810401)	Accuracy (0.975766)
EVALUATING
{'loss': 12.44900047302246, 'accuracy': 0.9861678147315979, 'perfect_match_accuracy': 0.446, 'cost_ratio_suggested_true': 1.0720231533050537, 'below_10.0_percent_acc': 0.98, 'below_1.0_percent_acc': 0.765, 'below_0.1_percent_acc': 0.692, 'below_0.01_percent_acc': 0.69, 'below_0.001_percent_acc': 0.669, 'below_0.0001_percent_acc': 0.669, 'valid_acc': 1.0}
Epoch: 9	Batch time (4.446468)	Data time (0.124107)	Cuda time (0.000003)	Loss (20.786601)	Accuracy (0.976904)
EVALUATING
{'loss': 11.729000492095947, 'accuracy': 0.9869678038358688, 'perfect_match_accuracy': 0.453, 'cost_ratio_suggested_true': 1.0491015017032623, 'below_10.0_percent_acc': 0.992, 'below_1.0_percent_acc': 0.787, 'below_0.1_percent_acc': 0.704, 'below_0.01_percent_acc': 0.704, 'below_0.001_percent_acc': 0.686, 'below_0.0001_percent_acc': 0.686, 'valid_acc': 1.0}
Epoch: 10	Batch time (4.323098)	Data time (0.117989)	Cuda time (0.000003)	Loss (20.183901)	Accuracy (0.977573)
EVALUATING
{'loss': 11.723000230789184, 'accuracy': 0.986974474787712, 'perfect_match_accuracy': 0.493, 'cost_ratio_suggested_true': 1.0676515865325928, 'below_10.0_percent_acc': 0.982, 'below_1.0_percent_acc': 0.778, 'below_0.1_percent_acc': 0.703, 'below_0.01_percent_acc': 0.701, 'below_0.001_percent_acc': 0.678, 'below_0.0001_percent_acc': 0.678, 'valid_acc': 1.0}
Epoch: 11	Batch time (4.410114)	Data time (0.123309)	Cuda time (0.000003)	Loss (19.607301)	Accuracy (0.978214)
EVALUATING
{'loss': 11.923000526428222, 'accuracy': 0.9867522531747818, 'perfect_match_accuracy': 0.492, 'cost_ratio_suggested_true': 1.0719452345371245, 'below_10.0_percent_acc': 0.98, 'below_1.0_percent_acc': 0.766, 'below_0.1_percent_acc': 0.691, 'below_0.01_percent_acc': 0.69, 'below_0.001_percent_acc': 0.678, 'below_0.0001_percent_acc': 0.678, 'valid_acc': 1.0}
Epoch: 12	Batch time (4.401873)	Data time (0.121344)	Cuda time (0.000003)	Loss (19.112301)	Accuracy (0.978764)
EVALUATING
{'loss': 11.520000534057617, 'accuracy': 0.9872000306844712, 'perfect_match_accuracy': 0.47, 'cost_ratio_suggested_true': 1.0549758636951447, 'below_10.0_percent_acc': 0.994, 'below_1.0_percent_acc': 0.797, 'below_0.1_percent_acc': 0.72, 'below_0.01_percent_acc': 0.718, 'below_0.001_percent_acc': 0.689, 'below_0.0001_percent_acc': 0.689, 'valid_acc': 1.0}
Epoch: 13	Batch time (4.246190)	Data time (0.120340)	Cuda time (0.000003)	Loss (18.673901)	Accuracy (0.979251)
EVALUATING
{'loss': 11.06600022315979, 'accuracy': 0.9877044707536697, 'perfect_match_accuracy': 0.494, 'cost_ratio_suggested_true': 1.051125328540802, 'below_10.0_percent_acc': 0.99, 'below_1.0_percent_acc': 0.812, 'below_0.1_percent_acc': 0.732, 'below_0.01_percent_acc': 0.731, 'below_0.001_percent_acc': 0.718, 'below_0.0001_percent_acc': 0.718, 'valid_acc': 1.0}
Epoch: 14	Batch time (4.338411)	Data time (0.128685)	Cuda time (0.000002)	Loss (18.287001)	Accuracy (0.979681)
EVALUATING
{'loss': 11.44000033378601, 'accuracy': 0.9872889083623886, 'perfect_match_accuracy': 0.46, 'cost_ratio_suggested_true': 1.0495579278469085, 'below_10.0_percent_acc': 0.994, 'below_1.0_percent_acc': 0.777, 'below_0.1_percent_acc': 0.683, 'below_0.01_percent_acc': 0.681, 'below_0.001_percent_acc': 0.651, 'below_0.0001_percent_acc': 0.651, 'valid_acc': 1.0}
Epoch: 15	Batch time (4.343697)	Data time (0.114627)	Cuda time (0.000003)	Loss (18.141001)	Accuracy (0.979843)
EVALUATING
{'loss': 10.118000249862671, 'accuracy': 0.988757808804512, 'perfect_match_accuracy': 0.517, 'cost_ratio_suggested_true': 1.0472196626663208, 'below_10.0_percent_acc': 0.989, 'below_1.0_percent_acc': 0.837, 'below_0.1_percent_acc': 0.772, 'below_0.01_percent_acc': 0.771, 'below_0.001_percent_acc': 0.754, 'below_0.0001_percent_acc': 0.754, 'valid_acc': 1.0}
Epoch: 16	Batch time (4.299785)	Data time (0.117053)	Cuda time (0.000003)	Loss (17.608701)	Accuracy (0.980435)
EVALUATING
{'loss': 10.544000415802001, 'accuracy': 0.9882844704389572, 'perfect_match_accuracy': 0.517, 'cost_ratio_suggested_true': 1.0559501481056213, 'below_10.0_percent_acc': 0.989, 'below_1.0_percent_acc': 0.826, 'below_0.1_percent_acc': 0.758, 'below_0.01_percent_acc': 0.757, 'below_0.001_percent_acc': 0.733, 'below_0.0001_percent_acc': 0.733, 'valid_acc': 1.0}
Epoch: 17	Batch time (4.442344)	Data time (0.128388)	Cuda time (0.000003)	Loss (17.115401)	Accuracy (0.980983)
EVALUATING
{'loss': 11.740000476837158, 'accuracy': 0.9869555813074112, 'perfect_match_accuracy': 0.457, 'cost_ratio_suggested_true': 1.0597786867618562, 'below_10.0_percent_acc': 0.988, 'below_1.0_percent_acc': 0.794, 'below_0.1_percent_acc': 0.705, 'below_0.01_percent_acc': 0.704, 'below_0.001_percent_acc': 0.681, 'below_0.0001_percent_acc': 0.681, 'valid_acc': 1.0}
Epoch: 18	Batch time (4.310337)	Data time (0.141274)	Cuda time (0.000002)	Loss (16.823801)	Accuracy (0.981307)
EVALUATING
{'loss': 10.739000291824341, 'accuracy': 0.9880678015947342, 'perfect_match_accuracy': 0.518, 'cost_ratio_suggested_true': 1.0556948328018187, 'below_10.0_percent_acc': 0.987, 'below_1.0_percent_acc': 0.815, 'below_0.1_percent_acc': 0.751, 'below_0.01_percent_acc': 0.749, 'below_0.001_percent_acc': 0.717, 'below_0.0001_percent_acc': 0.717, 'valid_acc': 1.0}
Epoch: 19	Batch time (4.395427)	Data time (0.129781)	Cuda time (0.000002)	Loss (16.611301)	Accuracy (0.981543)
EVALUATING
{'loss': 10.114000296592712, 'accuracy': 0.9887622582912445, 'perfect_match_accuracy': 0.526, 'cost_ratio_suggested_true': 1.0525350272655487, 'below_10.0_percent_acc': 0.988, 'below_1.0_percent_acc': 0.849, 'below_0.1_percent_acc': 0.772, 'below_0.01_percent_acc': 0.77, 'below_0.001_percent_acc': 0.753, 'below_0.0001_percent_acc': 0.753, 'valid_acc': 1.0}
Epoch: 20	Batch time (4.388020)	Data time (0.127010)	Cuda time (0.000003)	Loss (16.074801)	Accuracy (0.982139)
EVALUATING
{'loss': 9.724000549316406, 'accuracy': 0.9891955906152725, 'perfect_match_accuracy': 0.537, 'cost_ratio_suggested_true': 1.0463605165481566, 'below_10.0_percent_acc': 0.991, 'below_1.0_percent_acc': 0.843, 'below_0.1_percent_acc': 0.768, 'below_0.01_percent_acc': 0.767, 'below_0.001_percent_acc': 0.748, 'below_0.0001_percent_acc': 0.748, 'valid_acc': 1.0}
Epoch: 21	Batch time (4.170541)	Data time (0.107612)	Cuda time (0.000003)	Loss (15.836801)	Accuracy (0.982404)
EVALUATING
{'loss': 9.913000392913819, 'accuracy': 0.9889855843782425, 'perfect_match_accuracy': 0.539, 'cost_ratio_suggested_true': 1.049301379919052, 'below_10.0_percent_acc': 0.989, 'below_1.0_percent_acc': 0.851, 'below_0.1_percent_acc': 0.779, 'below_0.01_percent_acc': 0.777, 'below_0.001_percent_acc': 0.758, 'below_0.0001_percent_acc': 0.758, 'valid_acc': 1.0}
Epoch: 22	Batch time (4.270094)	Data time (0.110985)	Cuda time (0.000002)	Loss (15.415901)	Accuracy (0.982871)
EVALUATING
{'loss': 10.212000422477722, 'accuracy': 0.988653359413147, 'perfect_match_accuracy': 0.541, 'cost_ratio_suggested_true': 1.0484572088718414, 'below_10.0_percent_acc': 0.992, 'below_1.0_percent_acc': 0.826, 'below_0.1_percent_acc': 0.759, 'below_0.01_percent_acc': 0.758, 'below_0.001_percent_acc': 0.74, 'below_0.0001_percent_acc': 0.74, 'valid_acc': 1.0}
Epoch: 23	Batch time (4.145923)	Data time (0.116827)	Cuda time (0.000002)	Loss (15.301901)	Accuracy (0.982998)
EVALUATING
{'loss': 10.141000509262085, 'accuracy': 0.9887322449684143, 'perfect_match_accuracy': 0.535, 'cost_ratio_suggested_true': 1.0576819741725922, 'below_10.0_percent_acc': 0.98, 'below_1.0_percent_acc': 0.841, 'below_0.1_percent_acc': 0.779, 'below_0.01_percent_acc': 0.777, 'below_0.001_percent_acc': 0.753, 'below_0.0001_percent_acc': 0.753, 'valid_acc': 1.0}
Epoch: 24	Batch time (4.441793)	Data time (0.122268)	Cuda time (0.000003)	Loss (15.280501)	Accuracy (0.983022)
EVALUATING
{'loss': 11.025000524520873, 'accuracy': 0.9877500319480896, 'perfect_match_accuracy': 0.497, 'cost_ratio_suggested_true': 1.0523470664024352, 'below_10.0_percent_acc': 0.989, 'below_1.0_percent_acc': 0.805, 'below_0.1_percent_acc': 0.731, 'below_0.01_percent_acc': 0.729, 'below_0.001_percent_acc': 0.708, 'below_0.0001_percent_acc': 0.708, 'valid_acc': 1.0}
Epoch: 25	Batch time (4.891171)	Data time (0.142584)	Cuda time (0.000003)	Loss (15.052601)	Accuracy (0.983275)
EVALUATING
{'loss': 10.0500004196167, 'accuracy': 0.9888333588838577, 'perfect_match_accuracy': 0.521, 'cost_ratio_suggested_true': 1.0501378905773162, 'below_10.0_percent_acc': 0.993, 'below_1.0_percent_acc': 0.839, 'below_0.1_percent_acc': 0.756, 'below_0.01_percent_acc': 0.754, 'below_0.001_percent_acc': 0.729, 'below_0.0001_percent_acc': 0.729, 'valid_acc': 1.0}
Epoch: 26	Batch time (4.379169)	Data time (0.116574)	Cuda time (0.000002)	Loss (14.689300)	Accuracy (0.983679)
EVALUATING
{'loss': 9.851000213623047, 'accuracy': 0.9890544694662095, 'perfect_match_accuracy': 0.526, 'cost_ratio_suggested_true': 1.0399985313415527, 'below_10.0_percent_acc': 0.996, 'below_1.0_percent_acc': 0.834, 'below_0.1_percent_acc': 0.758, 'below_0.01_percent_acc': 0.756, 'below_0.001_percent_acc': 0.737, 'below_0.0001_percent_acc': 0.737, 'valid_acc': 1.0}
Epoch: 27	Batch time (5.058596)	Data time (0.139284)	Cuda time (0.000003)	Loss (14.257800)	Accuracy (0.984158)
EVALUATING
{'loss': 9.73500057220459, 'accuracy': 0.9891833633184433, 'perfect_match_accuracy': 0.527, 'cost_ratio_suggested_true': 1.0470936632156371, 'below_10.0_percent_acc': 0.994, 'below_1.0_percent_acc': 0.843, 'below_0.1_percent_acc': 0.769, 'below_0.01_percent_acc': 0.767, 'below_0.001_percent_acc': 0.736, 'below_0.0001_percent_acc': 0.736, 'valid_acc': 1.0}
Epoch: 28	Batch time (5.093305)	Data time (0.147251)	Cuda time (0.000003)	Loss (14.026201)	Accuracy (0.984415)
EVALUATING
{'loss': 10.084000673294067, 'accuracy': 0.9887955802679061, 'perfect_match_accuracy': 0.539, 'cost_ratio_suggested_true': 1.0470239877700807, 'below_10.0_percent_acc': 0.994, 'below_1.0_percent_acc': 0.838, 'below_0.1_percent_acc': 0.768, 'below_0.01_percent_acc': 0.766, 'below_0.001_percent_acc': 0.737, 'below_0.0001_percent_acc': 0.737, 'valid_acc': 1.0}
Epoch: 29	Batch time (4.962751)	Data time (0.128747)	Cuda time (0.000003)	Loss (13.960901)	Accuracy (0.984488)
EVALUATING
{'loss': 10.825000524520874, 'accuracy': 0.9879722452163696, 'perfect_match_accuracy': 0.534, 'cost_ratio_suggested_true': 1.058045597076416, 'below_10.0_percent_acc': 0.985, 'below_1.0_percent_acc': 0.831, 'below_0.1_percent_acc': 0.757, 'below_0.01_percent_acc': 0.755, 'below_0.001_percent_acc': 0.723, 'below_0.0001_percent_acc': 0.723, 'valid_acc': 1.0}
Epoch: 30	Batch time (5.269063)	Data time (0.123931)	Cuda time (0.000003)	Loss (13.999001)	Accuracy (0.984446)
EVALUATING
{'loss': 9.870000367164613, 'accuracy': 0.9890333586931228, 'perfect_match_accuracy': 0.532, 'cost_ratio_suggested_true': 1.0484260594844819, 'below_10.0_percent_acc': 0.992, 'below_1.0_percent_acc': 0.859, 'below_0.1_percent_acc': 0.792, 'below_0.01_percent_acc': 0.79, 'below_0.001_percent_acc': 0.766, 'below_0.0001_percent_acc': 0.766, 'valid_acc': 1.0}
Epoch: 31	Batch time (4.973556)	Data time (0.132652)	Cuda time (0.000003)	Loss (12.495800)	Accuracy (0.986116)
EVALUATING
{'loss': 8.821000318527222, 'accuracy': 0.9901989138126374, 'perfect_match_accuracy': 0.578, 'cost_ratio_suggested_true': 1.0438877975940704, 'below_10.0_percent_acc': 0.994, 'below_1.0_percent_acc': 0.87, 'below_0.1_percent_acc': 0.805, 'below_0.01_percent_acc': 0.803, 'below_0.001_percent_acc': 0.782, 'below_0.0001_percent_acc': 0.782, 'valid_acc': 1.0}
Epoch: 32	Batch time (5.077851)	Data time (0.116442)	Cuda time (0.000003)	Loss (12.007200)	Accuracy (0.986659)
EVALUATING
{'loss': 8.83000032901764, 'accuracy': 0.9901889109611511, 'perfect_match_accuracy': 0.579, 'cost_ratio_suggested_true': 1.0428965699672699, 'below_10.0_percent_acc': 0.994, 'below_1.0_percent_acc': 0.866, 'below_0.1_percent_acc': 0.804, 'below_0.01_percent_acc': 0.802, 'below_0.001_percent_acc': 0.78, 'below_0.0001_percent_acc': 0.78, 'valid_acc': 1.0}
Epoch: 33	Batch time (5.188858)	Data time (0.142907)	Cuda time (0.000003)	Loss (11.983100)	Accuracy (0.986685)
EVALUATING
{'loss': 8.771000304222106, 'accuracy': 0.9902544689178466, 'perfect_match_accuracy': 0.576, 'cost_ratio_suggested_true': 1.0414629244804383, 'below_10.0_percent_acc': 0.994, 'below_1.0_percent_acc': 0.868, 'below_0.1_percent_acc': 0.804, 'below_0.01_percent_acc': 0.802, 'below_0.001_percent_acc': 0.78, 'below_0.0001_percent_acc': 0.78, 'valid_acc': 1.0}
Epoch: 34	Batch time (5.041848)	Data time (0.120814)	Cuda time (0.000003)	Loss (11.739200)	Accuracy (0.986956)
EVALUATING
{'loss': 8.662000436782836, 'accuracy': 0.9903755831718445, 'perfect_match_accuracy': 0.576, 'cost_ratio_suggested_true': 1.0436158978939056, 'below_10.0_percent_acc': 0.994, 'below_1.0_percent_acc': 0.876, 'below_0.1_percent_acc': 0.813, 'below_0.01_percent_acc': 0.811, 'below_0.001_percent_acc': 0.784, 'below_0.0001_percent_acc': 0.784, 'valid_acc': 1.0}
Epoch: 35	Batch time (5.181245)	Data time (0.147827)	Cuda time (0.000003)	Loss (11.688700)	Accuracy (0.987013)
EVALUATING
{'loss': 8.674000396728516, 'accuracy': 0.9903622472286224, 'perfect_match_accuracy': 0.572, 'cost_ratio_suggested_true': 1.042757306098938, 'below_10.0_percent_acc': 0.994, 'below_1.0_percent_acc': 0.871, 'below_0.1_percent_acc': 0.809, 'below_0.01_percent_acc': 0.807, 'below_0.001_percent_acc': 0.778, 'below_0.0001_percent_acc': 0.778, 'valid_acc': 1.0}
Epoch: 36	Batch time (5.173360)	Data time (0.130459)	Cuda time (0.000003)	Loss (11.552700)	Accuracy (0.987164)
EVALUATING
{'loss': 8.81800048828125, 'accuracy': 0.9902022469043732, 'perfect_match_accuracy': 0.575, 'cost_ratio_suggested_true': 1.0429920554161072, 'below_10.0_percent_acc': 0.994, 'below_1.0_percent_acc': 0.866, 'below_0.1_percent_acc': 0.801, 'below_0.01_percent_acc': 0.799, 'below_0.001_percent_acc': 0.778, 'below_0.0001_percent_acc': 0.778, 'valid_acc': 1.0}
Epoch: 37	Batch time (5.241115)	Data time (0.124365)	Cuda time (0.000003)	Loss (11.601200)	Accuracy (0.987110)
EVALUATING
{'loss': 8.745000233650208, 'accuracy': 0.9902833580970765, 'perfect_match_accuracy': 0.573, 'cost_ratio_suggested_true': 1.0444649314880372, 'below_10.0_percent_acc': 0.991, 'below_1.0_percent_acc': 0.878, 'below_0.1_percent_acc': 0.819, 'below_0.01_percent_acc': 0.817, 'below_0.001_percent_acc': 0.798, 'below_0.0001_percent_acc': 0.798, 'valid_acc': 1.0}
Epoch: 38	Batch time (5.071894)	Data time (0.122943)	Cuda time (0.000003)	Loss (11.623700)	Accuracy (0.987085)
EVALUATING
{'loss': 8.679000401496888, 'accuracy': 0.990356691479683, 'perfect_match_accuracy': 0.578, 'cost_ratio_suggested_true': 1.0421296620368958, 'below_10.0_percent_acc': 0.994, 'below_1.0_percent_acc': 0.872, 'below_0.1_percent_acc': 0.803, 'below_0.01_percent_acc': 0.801, 'below_0.001_percent_acc': 0.779, 'below_0.0001_percent_acc': 0.779, 'valid_acc': 1.0}
Epoch: 39	Batch time (5.164648)	Data time (0.145185)	Cuda time (0.000003)	Loss (11.402700)	Accuracy (0.987330)
EVALUATING
{'loss': 8.66700038909912, 'accuracy': 0.990370026230812, 'perfect_match_accuracy': 0.575, 'cost_ratio_suggested_true': 1.0364462566375732, 'below_10.0_percent_acc': 0.996, 'below_1.0_percent_acc': 0.875, 'below_0.1_percent_acc': 0.81, 'below_0.01_percent_acc': 0.808, 'below_0.001_percent_acc': 0.786, 'below_0.0001_percent_acc': 0.786, 'valid_acc': 1.0}
Epoch: 40	Batch time (5.050594)	Data time (0.141673)	Cuda time (0.000003)	Loss (11.268100)	Accuracy (0.987480)
EVALUATING
{'loss': 8.887000303268433, 'accuracy': 0.9901255840063095, 'perfect_match_accuracy': 0.567, 'cost_ratio_suggested_true': 1.0426539814472198, 'below_10.0_percent_acc': 0.994, 'below_1.0_percent_acc': 0.867, 'below_0.1_percent_acc': 0.8, 'below_0.01_percent_acc': 0.798, 'below_0.001_percent_acc': 0.776, 'below_0.0001_percent_acc': 0.776, 'valid_acc': 1.0}
Epoch: 41	Batch time (5.056809)	Data time (0.144135)	Cuda time (0.000003)	Loss (11.182300)	Accuracy (0.987575)
EVALUATING
{'loss': 8.501000375747681, 'accuracy': 0.9905544763803482, 'perfect_match_accuracy': 0.578, 'cost_ratio_suggested_true': 1.0415641033649445, 'below_10.0_percent_acc': 0.994, 'below_1.0_percent_acc': 0.87, 'below_0.1_percent_acc': 0.809, 'below_0.01_percent_acc': 0.807, 'below_0.001_percent_acc': 0.786, 'below_0.0001_percent_acc': 0.786, 'valid_acc': 1.0}
Epoch: 42	Batch time (5.017271)	Data time (0.144391)	Cuda time (0.000003)	Loss (11.247500)	Accuracy (0.987503)
EVALUATING
{'loss': 8.603000373840333, 'accuracy': 0.9904411393404007, 'perfect_match_accuracy': 0.58, 'cost_ratio_suggested_true': 1.0428526425361633, 'below_10.0_percent_acc': 0.994, 'below_1.0_percent_acc': 0.87, 'below_0.1_percent_acc': 0.809, 'below_0.01_percent_acc': 0.807, 'below_0.001_percent_acc': 0.786, 'below_0.0001_percent_acc': 0.786, 'valid_acc': 1.0}
Epoch: 43	Batch time (5.051302)	Data time (0.154369)	Cuda time (0.000003)	Loss (11.681700)	Accuracy (0.987020)
EVALUATING
{'loss': 8.60100046157837, 'accuracy': 0.990443354845047, 'perfect_match_accuracy': 0.576, 'cost_ratio_suggested_true': 1.0428916203975678, 'below_10.0_percent_acc': 0.994, 'below_1.0_percent_acc': 0.867, 'below_0.1_percent_acc': 0.805, 'below_0.01_percent_acc': 0.803, 'below_0.001_percent_acc': 0.783, 'below_0.0001_percent_acc': 0.783, 'valid_acc': 1.0}
Epoch: 44	Batch time (4.710284)	Data time (0.128689)	Cuda time (0.000003)	Loss (11.153100)	Accuracy (0.987608)
EVALUATING
{'loss': 8.576000523567199, 'accuracy': 0.9904711425304413, 'perfect_match_accuracy': 0.579, 'cost_ratio_suggested_true': 1.043003054857254, 'below_10.0_percent_acc': 0.994, 'below_1.0_percent_acc': 0.872, 'below_0.1_percent_acc': 0.811, 'below_0.01_percent_acc': 0.809, 'below_0.001_percent_acc': 0.787, 'below_0.0001_percent_acc': 0.787, 'valid_acc': 1.0}
Epoch: 45	Batch time (4.790912)	Data time (0.133039)	Cuda time (0.000003)	Loss (11.224400)	Accuracy (0.987528)
EVALUATING
{'loss': 8.65700050830841, 'accuracy': 0.9903811454772949, 'perfect_match_accuracy': 0.577, 'cost_ratio_suggested_true': 1.0429191076755524, 'below_10.0_percent_acc': 0.994, 'below_1.0_percent_acc': 0.871, 'below_0.1_percent_acc': 0.809, 'below_0.01_percent_acc': 0.807, 'below_0.001_percent_acc': 0.785, 'below_0.0001_percent_acc': 0.785, 'valid_acc': 1.0}
Epoch: 46	Batch time (3.536095)	Data time (0.099968)	Cuda time (0.000003)	Loss (11.375100)	Accuracy (0.987361)
EVALUATING
{'loss': 8.621000351905822, 'accuracy': 0.9904211413860321, 'perfect_match_accuracy': 0.576, 'cost_ratio_suggested_true': 1.043123276233673, 'below_10.0_percent_acc': 0.994, 'below_1.0_percent_acc': 0.87, 'below_0.1_percent_acc': 0.807, 'below_0.01_percent_acc': 0.805, 'below_0.001_percent_acc': 0.782, 'below_0.0001_percent_acc': 0.782, 'valid_acc': 1.0}
Epoch: 47	Batch time (3.442481)	Data time (0.104097)	Cuda time (0.000002)	Loss (11.261100)	Accuracy (0.987488)
EVALUATING
{'loss': 8.677000398635863, 'accuracy': 0.9903589153289795, 'perfect_match_accuracy': 0.576, 'cost_ratio_suggested_true': 1.0430773973464966, 'below_10.0_percent_acc': 0.994, 'below_1.0_percent_acc': 0.867, 'below_0.1_percent_acc': 0.805, 'below_0.01_percent_acc': 0.803, 'below_0.001_percent_acc': 0.78, 'below_0.0001_percent_acc': 0.78, 'valid_acc': 1.0}
Epoch: 48	Batch time (3.429303)	Data time (0.101160)	Cuda time (0.000003)	Loss (11.246900)	Accuracy (0.987503)
EVALUATING
{'loss': 8.720000247955323, 'accuracy': 0.990311142206192, 'perfect_match_accuracy': 0.572, 'cost_ratio_suggested_true': 1.0434613597393037, 'below_10.0_percent_acc': 0.994, 'below_1.0_percent_acc': 0.863, 'below_0.1_percent_acc': 0.8, 'below_0.01_percent_acc': 0.798, 'below_0.001_percent_acc': 0.778, 'below_0.0001_percent_acc': 0.778, 'valid_acc': 1.0}
Epoch: 49	Batch time (3.411247)	Data time (0.102851)	Cuda time (0.000002)	Loss (11.213300)	Accuracy (0.987541)
EVALUATING
{'loss': 8.739000406265259, 'accuracy': 0.9902900213003158, 'perfect_match_accuracy': 0.574, 'cost_ratio_suggested_true': 1.0436625099182129, 'below_10.0_percent_acc': 0.994, 'below_1.0_percent_acc': 0.865, 'below_0.1_percent_acc': 0.804, 'below_0.01_percent_acc': 0.802, 'below_0.001_percent_acc': 0.78, 'below_0.0001_percent_acc': 0.78, 'valid_acc': 1.0}
Epoch: 50	Batch time (3.395050)	Data time (0.100411)	Cuda time (0.000003)	Loss (11.172500)	Accuracy (0.987586)
EVALUATING
{'loss': 8.688000450134277, 'accuracy': 0.9903466862440109, 'perfect_match_accuracy': 0.569, 'cost_ratio_suggested_true': 1.0432964277267456, 'below_10.0_percent_acc': 0.994, 'below_1.0_percent_acc': 0.867, 'below_0.1_percent_acc': 0.801, 'below_0.01_percent_acc': 0.799, 'below_0.001_percent_acc': 0.777, 'below_0.0001_percent_acc': 0.777, 'valid_acc': 1.0}
