gardner.local
declare -x ANT_HOME="/opt/rocks"
declare -x ARC="lx-amd64"
declare -x BASH_ENV="/usr/share/lmod/lmod/init/bash"
declare -x CONDA_DEFAULT_ENV="gpu"
declare -x CONDA_EXE="/home/pminervi/anaconda3/bin/conda"
declare -x CONDA_PREFIX="/home/pminervi/anaconda3/envs/gpu"
declare -x CONDA_PREFIX_1="/home/pminervi/anaconda3/envs/cpu"
declare -x CONDA_PROMPT_MODIFIER="(gpu) "
declare -x CONDA_PYTHON_EXE="/home/pminervi/anaconda3/bin/python"
declare -x CONDA_SHLVL="2"
declare -x CUDA_VISIBLE_DEVICES="1"
declare -x ENVIRONMENT="BATCH"
declare -x HISTCONTROL="ignoredups"
declare -x HISTSIZE="1000"
declare -x HOME="/home/pminervi"
declare -x HOSTNAME="gardner.local"
declare -x JAVA_HOME="/share/apps/mr/utils/jdk"
declare -x JOB_ID="2799085"
declare -x JOB_NAME="temperature_beaker_v10.job"
declare -x JOB_SCRIPT="/opt/gridengine/default/spool/gardner/job_scripts/2799085"
declare -x LANG="en_US.utf8"
declare -x LANGUAGE="en_US:en"
declare -x LD_LIBRARY_PATH="/share/apps/gcc-6.2.0/lib/:/share/apps/gcc-6.2.0/lib64/:/opt/gridengine/lib/lx-amd64"
declare -x LESSOPEN="||/usr/bin/lesspipe.sh %s"
declare -x LMOD_CMD="/usr/share/lmod/lmod/libexec/lmod"
declare -x LMOD_DIR="/usr/share/lmod/lmod/libexec"
declare -x LMOD_PKG="/usr/share/lmod/lmod"
declare -x LMOD_ROOT="/usr/share/lmod"
declare -x LMOD_SETTARG_FULL_SUPPORT="no"
declare -x LMOD_VERSION="8.2.7"
declare -x LMOD_sys="Linux"
declare -x LOADEDMODULES=""
declare -x LOGNAME="pminervi"
declare -x MAIL="/var/spool/mail/pminervi"
declare -x MANPATH="/usr/share/lmod/lmod/share/man:"
declare -x MODULEPATH="/share/apps/modulefiles/default"
declare -x MODULEPATH_ROOT="/usr/share/modulefiles"
declare -x MODULESHOME="/usr/share/lmod/lmod"
declare -x MPICH_PROCESS_GROUP="no"
declare -x NHOSTS="1"
declare -x NQUEUES="1"
declare -x NSLOTS="1"
declare -x OLDPWD="/home/pminervi/workspace/map-backprop"
declare -x PATH="/home/pminervi/anaconda3/envs/gpu/bin:/home/pminervi/anaconda3/condabin:/home/pminervi/anaconda3/bin:/share/apps/binutils-2.27/bin/:/share/apps/gcc-6.2.0/bin/:/share/apps/mr/bin:/tmp/2799085.44.gpu.q:/usr/local/bin:/bin:/usr/bin:/usr/local/sbin:/usr/sbin:/opt/ganglia/bin:/opt/ganglia/sbin:/opt/rocks/bin:/opt/rocks/sbin:/opt/gridengine/bin/lx-amd64:/home/pminervi/bin"
declare -x PWD="/home/pminervi/workspace/map-backprop"
declare -x QUEUE="gpu.q"
declare -x REQNAME="temperature_beaker_v10.job"
declare -x REQUEST="temperature_beaker_v10.job"
declare -x RESTARTED="0"
declare -x ROCKSROOT="/opt/rocks/share/devel"
declare -x ROCKS_ROOT="/opt/rocks"
declare -x ROLLSROOT="/opt/rocks/share/devel/src/roll"
declare -x SGE_ACCOUNT="sge"
declare -x SGE_ARCH="lx-amd64"
declare -x SGE_BINARY_PATH="/opt/gridengine/bin/lx-amd64"
declare -x SGE_CELL="default"
declare -x SGE_CWD_PATH="/home/pminervi/workspace/map-backprop"
declare -x SGE_EXECD_PORT="537"
declare -x SGE_JOB_SPOOL_DIR="/opt/gridengine/default/spool/gardner/active_jobs/2799085.44"
declare -x SGE_O_HOME="/home/pminervi"
declare -x SGE_O_HOST="beaker"
declare -x SGE_O_LOGNAME="pminervi"
declare -x SGE_O_MAIL="/var/spool/mail/pminervi"
declare -x SGE_O_PATH="/home/pminervi/anaconda3/envs/cpu/bin:/home/pminervi/anaconda3/condabin:/home/pminervi/anaconda3/bin:/share/apps/binutils-2.27/bin/:/share/apps/gcc-6.2.0/bin/:/share/apps/mr/bin:/usr/local/bin:/usr/bin:/usr/local/sbin:/usr/sbin:/opt/ganglia/bin:/opt/ganglia/sbin:/opt/rocks/bin:/opt/rocks/sbin:/opt/gridengine/bin/lx-amd64:/home/pminervi/bin"
declare -x SGE_O_SHELL="/bin/bash"
declare -x SGE_O_WORKDIR="/home/pminervi/workspace/map-backprop"
declare -x SGE_QMASTER_PORT="536"
declare -x SGE_ROOT="/opt/gridengine"
declare -x SGE_STDERR_PATH="/home/pminervi/array.err"
declare -x SGE_STDIN_PATH="/dev/null"
declare -x SGE_STDOUT_PATH="/home/pminervi/array.out"
declare -x SGE_TASK_FIRST="1"
declare -x SGE_TASK_ID="44"
declare -x SGE_TASK_LAST="60"
declare -x SGE_TASK_STEPSIZE="1"
declare -x SHELL="/bin/bash"
declare -x SHLVL="2"
declare -x SSH_ASKPASS="/usr/libexec/openssh/gnome-ssh-askpass"
declare -x TERM=""
declare -x TMP="/tmp/2799085.44.gpu.q"
declare -x TMPDIR="/tmp/2799085.44.gpu.q"
declare -x USER="pminervi"
Wed Feb  3 07:46:33 2021       
+-----------------------------------------------------------------------------+
| NVIDIA-SMI 450.51.05    Driver Version: 450.51.05    CUDA Version: 11.0     |
|-------------------------------+----------------------+----------------------+
| GPU  Name        Persistence-M| Bus-Id        Disp.A | Volatile Uncorr. ECC |
| Fan  Temp  Perf  Pwr:Usage/Cap|         Memory-Usage | GPU-Util  Compute M. |
|                               |                      |               MIG M. |
|===============================+======================+======================|
|   0  Tesla P100-PCIE...  On   | 00000000:02:00.0 Off |                    0 |
| N/A   29C    P0    27W / 250W |      0MiB / 16280MiB |      0%   E. Process |
|                               |                      |                  N/A |
+-------------------------------+----------------------+----------------------+
|   1  Tesla P100-PCIE...  On   | 00000000:81:00.0 Off |                    0 |
| N/A   29C    P0    26W / 250W |      0MiB / 12198MiB |      0%   E. Process |
|                               |                      |                  N/A |
+-------------------------------+----------------------+----------------------+
|   2  Tesla P100-PCIE...  On   | 00000000:82:00.0 Off |                    0 |
| N/A   37C    P0    56W / 250W |   4563MiB / 12198MiB |     63%   E. Process |
|                               |                      |                  N/A |
+-------------------------------+----------------------+----------------------+
                                                                               
+-----------------------------------------------------------------------------+
| Processes:                                                                  |
|  GPU   GI   CI        PID   Type   Process name                  GPU Memory |
|        ID   ID                                                   Usage      |
|=============================================================================|
|    2   N/A  N/A     39105      C   python                           4561MiB |
+-----------------------------------------------------------------------------+
No existing entry for trainer_params.mode.type
{}[type] = <class 'int'>(0)
No existing entry for trainer_params.mode.objective_type
{'type': 0}[objective_type] = <class 'str'>(normal)
No existing entry for trainer_params.mode.use_marginal
{'type': 0, 'objective_type': 'normal'}[use_marginal] = <class 'bool'>(True)
No existing entry for trainer_params.mode.nb_samples
{'type': 0, 'objective_type': 'normal', 'use_marginal': True}[nb_samples] = <class 'int'>(10)
No existing entry for trainer_params.mode.temperature
{'type': 0, 'objective_type': 'normal', 'use_marginal': True, 'nb_samples': 10}[temperature] = <class 'float'>(0.001)
No existing entry for trainer_params.mode.use_gamma
{'type': 0, 'objective_type': 'normal', 'use_marginal': True, 'nb_samples': 10, 'temperature': 0.001}[use_gamma] = <class 'bool'>(True)
No existing entry for trainer_params.mode.loss_type
{'type': 0, 'objective_type': 'normal', 'use_marginal': True, 'nb_samples': 10, 'temperature': 0.001, 'use_gamma': True}[loss_type] = <class 'str'>(normal)
No existing entry for trainer_params.mode.perturb_w
{'type': 0, 'objective_type': 'normal', 'use_marginal': True, 'nb_samples': 10, 'temperature': 0.001, 'use_gamma': True, 'loss_type': 'normal'}[perturb_w] = <class 'bool'>(False)
No existing entry for trainer_params.mode.perturb_w_prime
{'type': 0, 'objective_type': 'normal', 'use_marginal': True, 'nb_samples': 10, 'temperature': 0.001, 'use_gamma': True, 'loss_type': 'normal', 'perturb_w': False}[perturb_w_prime] = <class 'bool'>(False)
{'batch_size': 70, 'l1_regconst': 0.0, 'lambda_val': 20.0, 'lr_milestone_1': 30, 'lr_milestone_2': 40, 'model_params': {'arch_params': {}, 'model_name': 'CombResnet18'}, 'neighbourhood_fn': '8-grid', 'optimizer_name': 'Adam', 'optimizer_params': {'lr': 0.0005}, 'preload_batch': True, 'use_cuda': True, 'use_lr_scheduling': True, 'mode': {'type': 0, 'objective_type': 'normal', 'use_marginal': True, 'nb_samples': 10, 'temperature': 0.001, 'use_gamma': True, 'loss_type': 'normal', 'perturb_w': False, 'perturb_w_prime': False}}[lambda_val] = <class 'float'>(1.0)
{'data_dir': 'data/warcraft_shortest_path/12x12', 'evaluate_with_extra': False, 'normalize': True, 'use_local_path': False, 'use_test_set': True}[data_dir] = <class 'str'>(data/warcraft_shortest_path/18x18)
{'evaluate_every': 5, 'loader_params': {'data_dir': 'data/warcraft_shortest_path/18x18', 'evaluate_with_extra': False, 'normalize': True, 'use_local_path': False, 'use_test_set': True}, 'model_dir': 'results/warcraft_shortest_path_combresnet', 'num_cpus': 40, 'num_epochs': 50, 'problem_type': 'warcraft_shortest_path', 'ray_params': {}, 'save_visualizations': False, 'seed': 1, 'trainer_name': 'DijkstraMAP', 'trainer_params': {'batch_size': 70, 'l1_regconst': 0.0, 'lambda_val': 1.0, 'lr_milestone_1': 30, 'lr_milestone_2': 40, 'model_params': {'arch_params': {}, 'model_name': 'CombResnet18'}, 'neighbourhood_fn': '8-grid', 'optimizer_name': 'Adam', 'optimizer_params': {'lr': 0.0005}, 'preload_batch': True, 'use_cuda': True, 'use_lr_scheduling': True, 'mode': {'type': 0, 'objective_type': 'normal', 'use_marginal': True, 'nb_samples': 10, 'temperature': 0.001, 'use_gamma': True, 'loss_type': 'normal', 'perturb_w': False, 'perturb_w_prime': False}}, 'use_ray': True}[seed] = <class 'int'>(3)
{'evaluate_every': 5, 'loader_params': {'data_dir': 'data/warcraft_shortest_path/18x18', 'evaluate_with_extra': False, 'normalize': True, 'use_local_path': False, 'use_test_set': True}, 'model_dir': 'results/warcraft_shortest_path_combresnet', 'num_cpus': 40, 'num_epochs': 50, 'problem_type': 'warcraft_shortest_path', 'ray_params': {}, 'save_visualizations': False, 'seed': 3, 'trainer_name': 'DijkstraMAP', 'trainer_params': {'batch_size': 70, 'l1_regconst': 0.0, 'lambda_val': 1.0, 'lr_milestone_1': 30, 'lr_milestone_2': 40, 'model_params': {'arch_params': {}, 'model_name': 'CombResnet18'}, 'neighbourhood_fn': '8-grid', 'optimizer_name': 'Adam', 'optimizer_params': {'lr': 0.0005}, 'preload_batch': True, 'use_cuda': True, 'use_lr_scheduling': True, 'mode': {'type': 0, 'objective_type': 'normal', 'use_marginal': True, 'nb_samples': 10, 'temperature': 0.001, 'use_gamma': True, 'loss_type': 'normal', 'perturb_w': False, 'perturb_w_prime': False}}, 'use_ray': True}[evaluate_every] = <class 'int'>(1)
{'evaluate_every': 1, 'loader_params': {'data_dir': 'data/warcraft_shortest_path/18x18', 'evaluate_with_extra': False, 'normalize': True, 'use_local_path': False, 'use_test_set': True}, 'model_dir': 'results/warcraft_shortest_path_combresnet', 'num_cpus': 40, 'num_epochs': 50, 'problem_type': 'warcraft_shortest_path', 'ray_params': {}, 'save_visualizations': False, 'seed': 3, 'trainer_name': 'DijkstraMAP', 'trainer_params': {'batch_size': 70, 'l1_regconst': 0.0, 'lambda_val': 1.0, 'lr_milestone_1': 30, 'lr_milestone_2': 40, 'model_params': {'arch_params': {}, 'model_name': 'CombResnet18'}, 'neighbourhood_fn': '8-grid', 'optimizer_name': 'Adam', 'optimizer_params': {'lr': 0.0005}, 'preload_batch': True, 'use_cuda': True, 'use_lr_scheduling': True, 'mode': {'type': 0, 'objective_type': 'normal', 'use_marginal': True, 'nb_samples': 10, 'temperature': 0.001, 'use_gamma': True, 'loss_type': 'normal', 'perturb_w': False, 'perturb_w_prime': False}}, 'use_ray': True}[use_ray] = <class 'bool'>(False)
No existing entry for trainer_params.mode.type
{}[type] = <class 'int'>(0)
No existing entry for trainer_params.mode.objective_type
{'type': 0}[objective_type] = <class 'str'>(normal)
No existing entry for trainer_params.mode.use_marginal
{'type': 0, 'objective_type': 'normal'}[use_marginal] = <class 'bool'>(True)
No existing entry for trainer_params.mode.nb_samples
{'type': 0, 'objective_type': 'normal', 'use_marginal': True}[nb_samples] = <class 'int'>(10)
No existing entry for trainer_params.mode.temperature
{'type': 0, 'objective_type': 'normal', 'use_marginal': True, 'nb_samples': 10}[temperature] = <class 'float'>(0.001)
No existing entry for trainer_params.mode.use_gamma
{'type': 0, 'objective_type': 'normal', 'use_marginal': True, 'nb_samples': 10, 'temperature': 0.001}[use_gamma] = <class 'bool'>(True)
No existing entry for trainer_params.mode.loss_type
{'type': 0, 'objective_type': 'normal', 'use_marginal': True, 'nb_samples': 10, 'temperature': 0.001, 'use_gamma': True}[loss_type] = <class 'str'>(normal)
No existing entry for trainer_params.mode.perturb_w
{'type': 0, 'objective_type': 'normal', 'use_marginal': True, 'nb_samples': 10, 'temperature': 0.001, 'use_gamma': True, 'loss_type': 'normal'}[perturb_w] = <class 'bool'>(False)
No existing entry for trainer_params.mode.perturb_w_prime
{'type': 0, 'objective_type': 'normal', 'use_marginal': True, 'nb_samples': 10, 'temperature': 0.001, 'use_gamma': True, 'loss_type': 'normal', 'perturb_w': False}[perturb_w_prime] = <class 'bool'>(False)
{'batch_size': 70, 'l1_regconst': 0.0, 'lambda_val': 20.0, 'lr_milestone_1': 30, 'lr_milestone_2': 40, 'model_params': {'arch_params': {}, 'model_name': 'CombResnet18'}, 'neighbourhood_fn': '8-grid', 'optimizer_name': 'Adam', 'optimizer_params': {'lr': 0.0005}, 'preload_batch': True, 'use_cuda': True, 'use_lr_scheduling': True, 'mode': {'type': 0, 'objective_type': 'normal', 'use_marginal': True, 'nb_samples': 10, 'temperature': 0.001, 'use_gamma': True, 'loss_type': 'normal', 'perturb_w': False, 'perturb_w_prime': False}}[lambda_val] = <class 'float'>(1.0)
{'data_dir': 'data/warcraft_shortest_path/12x12', 'evaluate_with_extra': False, 'normalize': True, 'use_local_path': False, 'use_test_set': True}[data_dir] = <class 'str'>(data/warcraft_shortest_path/18x18)
{'evaluate_every': 5, 'loader_params': {'data_dir': 'data/warcraft_shortest_path/18x18', 'evaluate_with_extra': False, 'normalize': True, 'use_local_path': False, 'use_test_set': True}, 'model_dir': 'results/warcraft_shortest_path_combresnet', 'num_cpus': 40, 'num_epochs': 50, 'problem_type': 'warcraft_shortest_path', 'ray_params': {}, 'save_visualizations': False, 'seed': 1, 'trainer_name': 'DijkstraMAP', 'trainer_params': {'batch_size': 70, 'l1_regconst': 0.0, 'lambda_val': 1.0, 'lr_milestone_1': 30, 'lr_milestone_2': 40, 'model_params': {'arch_params': {}, 'model_name': 'CombResnet18'}, 'neighbourhood_fn': '8-grid', 'optimizer_name': 'Adam', 'optimizer_params': {'lr': 0.0005}, 'preload_batch': True, 'use_cuda': True, 'use_lr_scheduling': True, 'mode': {'type': 0, 'objective_type': 'normal', 'use_marginal': True, 'nb_samples': 10, 'temperature': 0.001, 'use_gamma': True, 'loss_type': 'normal', 'perturb_w': False, 'perturb_w_prime': False}}, 'use_ray': True}[seed] = <class 'int'>(3)
{'evaluate_every': 5, 'loader_params': {'data_dir': 'data/warcraft_shortest_path/18x18', 'evaluate_with_extra': False, 'normalize': True, 'use_local_path': False, 'use_test_set': True}, 'model_dir': 'results/warcraft_shortest_path_combresnet', 'num_cpus': 40, 'num_epochs': 50, 'problem_type': 'warcraft_shortest_path', 'ray_params': {}, 'save_visualizations': False, 'seed': 3, 'trainer_name': 'DijkstraMAP', 'trainer_params': {'batch_size': 70, 'l1_regconst': 0.0, 'lambda_val': 1.0, 'lr_milestone_1': 30, 'lr_milestone_2': 40, 'model_params': {'arch_params': {}, 'model_name': 'CombResnet18'}, 'neighbourhood_fn': '8-grid', 'optimizer_name': 'Adam', 'optimizer_params': {'lr': 0.0005}, 'preload_batch': True, 'use_cuda': True, 'use_lr_scheduling': True, 'mode': {'type': 0, 'objective_type': 'normal', 'use_marginal': True, 'nb_samples': 10, 'temperature': 0.001, 'use_gamma': True, 'loss_type': 'normal', 'perturb_w': False, 'perturb_w_prime': False}}, 'use_ray': True}[evaluate_every] = <class 'int'>(1)
{'evaluate_every': 1, 'loader_params': {'data_dir': 'data/warcraft_shortest_path/18x18', 'evaluate_with_extra': False, 'normalize': True, 'use_local_path': False, 'use_test_set': True}, 'model_dir': 'results/warcraft_shortest_path_combresnet', 'num_cpus': 40, 'num_epochs': 50, 'problem_type': 'warcraft_shortest_path', 'ray_params': {}, 'save_visualizations': False, 'seed': 3, 'trainer_name': 'DijkstraMAP', 'trainer_params': {'batch_size': 70, 'l1_regconst': 0.0, 'lambda_val': 1.0, 'lr_milestone_1': 30, 'lr_milestone_2': 40, 'model_params': {'arch_params': {}, 'model_name': 'CombResnet18'}, 'neighbourhood_fn': '8-grid', 'optimizer_name': 'Adam', 'optimizer_params': {'lr': 0.0005}, 'preload_batch': True, 'use_cuda': True, 'use_lr_scheduling': True, 'mode': {'type': 0, 'objective_type': 'normal', 'use_marginal': True, 'nb_samples': 10, 'temperature': 0.001, 'use_gamma': True, 'loss_type': 'normal', 'perturb_w': False, 'perturb_w_prime': False}}, 'use_ray': True}[use_ray] = <class 'bool'>(False)
{
    "evaluate_every": 1,
    "loader_params": {
        "data_dir": "data/warcraft_shortest_path/18x18",
        "evaluate_with_extra": false,
        "normalize": true,
        "use_local_path": false,
        "use_test_set": true
    },
    "model_dir": "results/warcraft_shortest_path_combresnet",
    "num_cpus": 40,
    "num_epochs": 50,
    "problem_type": "warcraft_shortest_path",
    "ray_params": {},
    "save_visualizations": false,
    "seed": 3,
    "trainer_name": "DijkstraMAP",
    "trainer_params": {
        "batch_size": 70,
        "l1_regconst": 0.0,
        "lambda_val": 1.0,
        "lr_milestone_1": 30,
        "lr_milestone_2": 40,
        "mode": {
            "loss_type": "normal",
            "nb_samples": 10,
            "objective_type": "normal",
            "perturb_w": false,
            "perturb_w_prime": false,
            "temperature": 0.001,
            "type": 0,
            "use_gamma": true,
            "use_marginal": true
        },
        "model_params": {
            "arch_params": {},
            "model_name": "CombResnet18"
        },
        "neighbourhood_fn": "8-grid",
        "optimizer_name": "Adam",
        "optimizer_params": {
            "lr": 0.0005
        },
        "preload_batch": true,
        "use_cuda": true,
        "use_lr_scheduling": true
    },
    "use_ray": false
}
MAP-BACKPROP MODE: {
    "loss_type": "normal",
    "nb_samples": 10,
    "objective_type": "normal",
    "perturb_w": false,
    "perturb_w_prime": false,
    "temperature": 0.001,
    "type": 0,
    "use_gamma": true,
    "use_marginal": true
}
True
META: {'input_image_size': 144, 'output_features': 324, 'num_channels': 3, 'denormalize': <maprop.decorators.input_to_numpy object at 0x2afc3821ba58>}
EVALUATING
{'loss': 29.7360000038147, 'accuracy': 0.9082222139835358, 'perfect_match_accuracy': 0.008, 'cost_ratio_suggested_true': 2.685205645561218, 'below_10.0_percent_acc': 0.076, 'below_1.0_percent_acc': 0.019, 'below_0.1_percent_acc': 0.016, 'below_0.01_percent_acc': 0.016, 'below_0.001_percent_acc': 0.014, 'below_0.0001_percent_acc': 0.014, 'valid_acc': 1.0}
Epoch: 1	Batch time (1.226497)	Data time (0.018718)	Cuda time (0.000003)	Loss (19.739601)	Accuracy (0.939075)
EVALUATING
{'loss': 10.045000228881836, 'accuracy': 0.9689968943595886, 'perfect_match_accuracy': 0.233, 'cost_ratio_suggested_true': 1.09346728682518, 'below_10.0_percent_acc': 0.932, 'below_1.0_percent_acc': 0.697, 'below_0.1_percent_acc': 0.651, 'below_0.01_percent_acc': 0.651, 'below_0.001_percent_acc': 0.633, 'below_0.0001_percent_acc': 0.633, 'valid_acc': 1.0}
Epoch: 2	Batch time (1.278434)	Data time (0.021554)	Cuda time (0.000003)	Loss (8.273800)	Accuracy (0.974464)
EVALUATING
{'loss': 5.731000232696533, 'accuracy': 0.9823117107152939, 'perfect_match_accuracy': 0.493, 'cost_ratio_suggested_true': 1.047286548614502, 'below_10.0_percent_acc': 0.986, 'below_1.0_percent_acc': 0.885, 'below_0.1_percent_acc': 0.853, 'below_0.01_percent_acc': 0.853, 'below_0.001_percent_acc': 0.815, 'below_0.0001_percent_acc': 0.815, 'valid_acc': 1.0}
Epoch: 3	Batch time (1.182104)	Data time (0.018069)	Cuda time (0.000002)	Loss (6.023600)	Accuracy (0.981409)
EVALUATING
{'loss': 4.7390001773834225, 'accuracy': 0.9853734523057938, 'perfect_match_accuracy': 0.572, 'cost_ratio_suggested_true': 1.034823784828186, 'below_10.0_percent_acc': 0.997, 'below_1.0_percent_acc': 0.918, 'below_0.1_percent_acc': 0.89, 'below_0.01_percent_acc': 0.89, 'below_0.001_percent_acc': 0.847, 'below_0.0001_percent_acc': 0.846, 'valid_acc': 1.0}
Epoch: 4	Batch time (1.275177)	Data time (0.021045)	Cuda time (0.000003)	Loss (4.980500)	Accuracy (0.984628)
EVALUATING
{'loss': 4.337000138759613, 'accuracy': 0.9866141891479492, 'perfect_match_accuracy': 0.618, 'cost_ratio_suggested_true': 1.0338875257968902, 'below_10.0_percent_acc': 0.999, 'below_1.0_percent_acc': 0.944, 'below_0.1_percent_acc': 0.92, 'below_0.01_percent_acc': 0.92, 'below_0.001_percent_acc': 0.895, 'below_0.0001_percent_acc': 0.895, 'valid_acc': 1.0}
Epoch: 5	Batch time (1.233783)	Data time (0.019359)	Cuda time (0.000003)	Loss (4.606700)	Accuracy (0.985782)
EVALUATING
{'loss': 4.344000160694122, 'accuracy': 0.9865925765037536, 'perfect_match_accuracy': 0.579, 'cost_ratio_suggested_true': 1.066777801513672, 'below_10.0_percent_acc': 0.999, 'below_1.0_percent_acc': 0.956, 'below_0.1_percent_acc': 0.937, 'below_0.01_percent_acc': 0.937, 'below_0.001_percent_acc': 0.902, 'below_0.0001_percent_acc': 0.902, 'valid_acc': 1.0}
Epoch: 6	Batch time (1.358353)	Data time (0.021327)	Cuda time (0.000003)	Loss (4.034300)	Accuracy (0.987548)
EVALUATING
{'loss': 3.938000166416168, 'accuracy': 0.987845669388771, 'perfect_match_accuracy': 0.632, 'cost_ratio_suggested_true': 1.0218072462081909, 'below_10.0_percent_acc': 0.999, 'below_1.0_percent_acc': 0.959, 'below_0.1_percent_acc': 0.94, 'below_0.01_percent_acc': 0.94, 'below_0.001_percent_acc': 0.912, 'below_0.0001_percent_acc': 0.912, 'valid_acc': 1.0}
Epoch: 7	Batch time (1.375273)	Data time (0.021039)	Cuda time (0.000003)	Loss (3.711700)	Accuracy (0.988544)
EVALUATING
{'loss': 4.349000170230865, 'accuracy': 0.9865771484375, 'perfect_match_accuracy': 0.61, 'cost_ratio_suggested_true': 1.0472699999809265, 'below_10.0_percent_acc': 1.0, 'below_1.0_percent_acc': 0.959, 'below_0.1_percent_acc': 0.937, 'below_0.01_percent_acc': 0.937, 'below_0.001_percent_acc': 0.903, 'below_0.0001_percent_acc': 0.902, 'valid_acc': 1.0}
Epoch: 8	Batch time (2.493018)	Data time (0.021801)	Cuda time (0.000003)	Loss (3.592900)	Accuracy (0.988911)
EVALUATING
{'loss': 3.694000165462494, 'accuracy': 0.9885987496376037, 'perfect_match_accuracy': 0.657, 'cost_ratio_suggested_true': 1.0276217710971833, 'below_10.0_percent_acc': 1.0, 'below_1.0_percent_acc': 0.965, 'below_0.1_percent_acc': 0.946, 'below_0.01_percent_acc': 0.946, 'below_0.001_percent_acc': 0.911, 'below_0.0001_percent_acc': 0.91, 'valid_acc': 1.0}
Epoch: 9	Batch time (1.189336)	Data time (0.019996)	Cuda time (0.000003)	Loss (3.347300)	Accuracy (0.989669)
EVALUATING
{'loss': 3.231000142097473, 'accuracy': 0.9900277638435364, 'perfect_match_accuracy': 0.694, 'cost_ratio_suggested_true': 1.0276858007907868, 'below_10.0_percent_acc': 1.0, 'below_1.0_percent_acc': 0.979, 'below_0.1_percent_acc': 0.962, 'below_0.01_percent_acc': 0.962, 'below_0.001_percent_acc': 0.919, 'below_0.0001_percent_acc': 0.918, 'valid_acc': 1.0}
Epoch: 10	Batch time (1.213659)	Data time (0.018955)	Cuda time (0.000003)	Loss (3.180400)	Accuracy (0.990184)
EVALUATING
{'loss': 3.3010001266002655, 'accuracy': 0.9898117226362229, 'perfect_match_accuracy': 0.671, 'cost_ratio_suggested_true': 1.0201709496974944, 'below_10.0_percent_acc': 1.0, 'below_1.0_percent_acc': 0.973, 'below_0.1_percent_acc': 0.958, 'below_0.01_percent_acc': 0.958, 'below_0.001_percent_acc': 0.904, 'below_0.0001_percent_acc': 0.903, 'valid_acc': 1.0}
Epoch: 11	Batch time (1.316668)	Data time (0.021559)	Cuda time (0.000003)	Loss (2.943100)	Accuracy (0.990916)
EVALUATING
{'loss': 3.1890001368522642, 'accuracy': 0.9901573973894119, 'perfect_match_accuracy': 0.683, 'cost_ratio_suggested_true': 1.021585943698883, 'below_10.0_percent_acc': 1.0, 'below_1.0_percent_acc': 0.976, 'below_0.1_percent_acc': 0.96, 'below_0.01_percent_acc': 0.96, 'below_0.001_percent_acc': 0.921, 'below_0.0001_percent_acc': 0.921, 'valid_acc': 1.0}
Epoch: 12	Batch time (1.224906)	Data time (0.020474)	Cuda time (0.000003)	Loss (2.924200)	Accuracy (0.990975)
EVALUATING
{'loss': 3.19000018119812, 'accuracy': 0.9901543134450912, 'perfect_match_accuracy': 0.689, 'cost_ratio_suggested_true': 1.0210698187351226, 'below_10.0_percent_acc': 1.0, 'below_1.0_percent_acc': 0.983, 'below_0.1_percent_acc': 0.975, 'below_0.01_percent_acc': 0.975, 'below_0.001_percent_acc': 0.928, 'below_0.0001_percent_acc': 0.927, 'valid_acc': 1.0}
Epoch: 13	Batch time (1.164808)	Data time (0.019665)	Cuda time (0.000003)	Loss (2.661500)	Accuracy (0.991785)
EVALUATING
{'loss': 3.2710000920295714, 'accuracy': 0.989904311299324, 'perfect_match_accuracy': 0.7, 'cost_ratio_suggested_true': 1.0150401079654694, 'below_10.0_percent_acc': 1.0, 'below_1.0_percent_acc': 0.981, 'below_0.1_percent_acc': 0.967, 'below_0.01_percent_acc': 0.967, 'below_0.001_percent_acc': 0.922, 'below_0.0001_percent_acc': 0.922, 'valid_acc': 1.0}
Epoch: 14	Batch time (1.196221)	Data time (0.019452)	Cuda time (0.000003)	Loss (2.678400)	Accuracy (0.991733)
EVALUATING
{'loss': 3.223000102043152, 'accuracy': 0.9900524657964707, 'perfect_match_accuracy': 0.69, 'cost_ratio_suggested_true': 1.018280588388443, 'below_10.0_percent_acc': 1.0, 'below_1.0_percent_acc': 0.982, 'below_0.1_percent_acc': 0.971, 'below_0.01_percent_acc': 0.971, 'below_0.001_percent_acc': 0.929, 'below_0.0001_percent_acc': 0.928, 'valid_acc': 1.0}
Epoch: 15	Batch time (1.127153)	Data time (0.018149)	Cuda time (0.000003)	Loss (2.384700)	Accuracy (0.992640)
EVALUATING
{'loss': 2.966000127792358, 'accuracy': 0.9908456617593765, 'perfect_match_accuracy': 0.719, 'cost_ratio_suggested_true': 1.0155047869682312, 'below_10.0_percent_acc': 1.0, 'below_1.0_percent_acc': 0.985, 'below_0.1_percent_acc': 0.972, 'below_0.01_percent_acc': 0.972, 'below_0.001_percent_acc': 0.945, 'below_0.0001_percent_acc': 0.945, 'valid_acc': 1.0}
Epoch: 16	Batch time (1.128010)	Data time (0.017642)	Cuda time (0.000002)	Loss (2.349800)	Accuracy (0.992748)
EVALUATING
{'loss': 2.882000091075897, 'accuracy': 0.9911049294471741, 'perfect_match_accuracy': 0.694, 'cost_ratio_suggested_true': 1.0115515208244323, 'below_10.0_percent_acc': 1.0, 'below_1.0_percent_acc': 0.992, 'below_0.1_percent_acc': 0.985, 'below_0.01_percent_acc': 0.985, 'below_0.001_percent_acc': 0.944, 'below_0.0001_percent_acc': 0.944, 'valid_acc': 1.0}
Epoch: 17	Batch time (1.208972)	Data time (0.019437)	Cuda time (0.000003)	Loss (2.359700)	Accuracy (0.992717)
EVALUATING
{'loss': 3.0260001254081725, 'accuracy': 0.9906604814529419, 'perfect_match_accuracy': 0.714, 'cost_ratio_suggested_true': 1.0155546033382417, 'below_10.0_percent_acc': 1.0, 'below_1.0_percent_acc': 0.977, 'below_0.1_percent_acc': 0.965, 'below_0.01_percent_acc': 0.965, 'below_0.001_percent_acc': 0.922, 'below_0.0001_percent_acc': 0.921, 'valid_acc': 1.0}
Epoch: 18	Batch time (1.148559)	Data time (0.018154)	Cuda time (0.000003)	Loss (2.065600)	Accuracy (0.993625)
EVALUATING
{'loss': 3.001000108718872, 'accuracy': 0.9907376378774643, 'perfect_match_accuracy': 0.712, 'cost_ratio_suggested_true': 1.016908003091812, 'below_10.0_percent_acc': 1.0, 'below_1.0_percent_acc': 0.982, 'below_0.1_percent_acc': 0.972, 'below_0.01_percent_acc': 0.972, 'below_0.001_percent_acc': 0.937, 'below_0.0001_percent_acc': 0.937, 'valid_acc': 1.0}
Epoch: 19	Batch time (1.093579)	Data time (0.016576)	Cuda time (0.000002)	Loss (2.255700)	Accuracy (0.993038)
EVALUATING
{'loss': 2.861000143289566, 'accuracy': 0.9911697417497635, 'perfect_match_accuracy': 0.706, 'cost_ratio_suggested_true': 1.0189659583568573, 'below_10.0_percent_acc': 1.0, 'below_1.0_percent_acc': 0.985, 'below_0.1_percent_acc': 0.977, 'below_0.01_percent_acc': 0.977, 'below_0.001_percent_acc': 0.926, 'below_0.0001_percent_acc': 0.926, 'valid_acc': 1.0}
Epoch: 20	Batch time (1.161460)	Data time (0.019253)	Cuda time (0.000003)	Loss (2.175300)	Accuracy (0.993286)
EVALUATING
{'loss': 2.7990000867843627, 'accuracy': 0.9913610941171647, 'perfect_match_accuracy': 0.733, 'cost_ratio_suggested_true': 1.0210321164131164, 'below_10.0_percent_acc': 1.0, 'below_1.0_percent_acc': 0.986, 'below_0.1_percent_acc': 0.971, 'below_0.01_percent_acc': 0.971, 'below_0.001_percent_acc': 0.918, 'below_0.0001_percent_acc': 0.917, 'valid_acc': 1.0}
Epoch: 21	Batch time (1.252456)	Data time (0.021204)	Cuda time (0.000003)	Loss (2.268700)	Accuracy (0.992998)
EVALUATING
{'loss': 3.1010000848770143, 'accuracy': 0.9904289901256561, 'perfect_match_accuracy': 0.712, 'cost_ratio_suggested_true': 1.0153062558174133, 'below_10.0_percent_acc': 1.0, 'below_1.0_percent_acc': 0.983, 'below_0.1_percent_acc': 0.968, 'below_0.01_percent_acc': 0.968, 'below_0.001_percent_acc': 0.929, 'below_0.0001_percent_acc': 0.928, 'valid_acc': 1.0}
Epoch: 22	Batch time (1.205841)	Data time (0.020332)	Cuda time (0.000003)	Loss (1.916000)	Accuracy (0.994086)
EVALUATING
{'loss': 2.9770001196861267, 'accuracy': 0.9908117192983628, 'perfect_match_accuracy': 0.73, 'cost_ratio_suggested_true': 1.015703489780426, 'below_10.0_percent_acc': 1.0, 'below_1.0_percent_acc': 0.983, 'below_0.1_percent_acc': 0.972, 'below_0.01_percent_acc': 0.972, 'below_0.001_percent_acc': 0.953, 'below_0.0001_percent_acc': 0.952, 'valid_acc': 1.0}
Epoch: 23	Batch time (1.058382)	Data time (0.016927)	Cuda time (0.000002)	Loss (2.054300)	Accuracy (0.993660)
EVALUATING
{'loss': 3.2200001645088197, 'accuracy': 0.9900617122650146, 'perfect_match_accuracy': 0.703, 'cost_ratio_suggested_true': 1.0182761669158935, 'below_10.0_percent_acc': 1.0, 'below_1.0_percent_acc': 0.985, 'below_0.1_percent_acc': 0.967, 'below_0.01_percent_acc': 0.967, 'below_0.001_percent_acc': 0.917, 'below_0.0001_percent_acc': 0.916, 'valid_acc': 1.0}
Epoch: 24	Batch time (1.058304)	Data time (0.016536)	Cuda time (0.000002)	Loss (1.992900)	Accuracy (0.993849)
EVALUATING
{'loss': 3.3370001482963563, 'accuracy': 0.989700608253479, 'perfect_match_accuracy': 0.674, 'cost_ratio_suggested_true': 1.0158620083332062, 'below_10.0_percent_acc': 1.0, 'below_1.0_percent_acc': 0.988, 'below_0.1_percent_acc': 0.971, 'below_0.01_percent_acc': 0.971, 'below_0.001_percent_acc': 0.937, 'below_0.0001_percent_acc': 0.937, 'valid_acc': 1.0}
Epoch: 25	Batch time (1.164624)	Data time (0.018893)	Cuda time (0.000003)	Loss (1.922700)	Accuracy (0.994066)
EVALUATING
{'loss': 2.9270000767707827, 'accuracy': 0.9909660410881043, 'perfect_match_accuracy': 0.727, 'cost_ratio_suggested_true': 1.0182843363285066, 'below_10.0_percent_acc': 1.0, 'below_1.0_percent_acc': 0.988, 'below_0.1_percent_acc': 0.975, 'below_0.01_percent_acc': 0.975, 'below_0.001_percent_acc': 0.94, 'below_0.0001_percent_acc': 0.939, 'valid_acc': 1.0}
Epoch: 26	Batch time (1.187073)	Data time (0.019291)	Cuda time (0.000003)	Loss (1.868000)	Accuracy (0.994235)
EVALUATING
{'loss': 2.7780001163482666, 'accuracy': 0.9914259093999863, 'perfect_match_accuracy': 0.727, 'cost_ratio_suggested_true': 1.0160595619678496, 'below_10.0_percent_acc': 1.0, 'below_1.0_percent_acc': 0.989, 'below_0.1_percent_acc': 0.974, 'below_0.01_percent_acc': 0.974, 'below_0.001_percent_acc': 0.93, 'below_0.0001_percent_acc': 0.93, 'valid_acc': 1.0}
Epoch: 27	Batch time (1.234751)	Data time (0.020864)	Cuda time (0.000003)	Loss (1.853300)	Accuracy (0.994280)
EVALUATING
{'loss': 3.0480001366138456, 'accuracy': 0.990592577457428, 'perfect_match_accuracy': 0.73, 'cost_ratio_suggested_true': 1.0178401958942414, 'below_10.0_percent_acc': 1.0, 'below_1.0_percent_acc': 0.991, 'below_0.1_percent_acc': 0.977, 'below_0.01_percent_acc': 0.977, 'below_0.001_percent_acc': 0.938, 'below_0.0001_percent_acc': 0.937, 'valid_acc': 1.0}
Epoch: 28	Batch time (1.202162)	Data time (0.019802)	Cuda time (0.000003)	Loss (1.808400)	Accuracy (0.994419)
EVALUATING
{'loss': 3.202000124454498, 'accuracy': 0.9901172745227814, 'perfect_match_accuracy': 0.716, 'cost_ratio_suggested_true': 1.0247846376895904, 'below_10.0_percent_acc': 1.0, 'below_1.0_percent_acc': 0.975, 'below_0.1_percent_acc': 0.96, 'below_0.01_percent_acc': 0.96, 'below_0.001_percent_acc': 0.902, 'below_0.0001_percent_acc': 0.901, 'valid_acc': 1.0}
Epoch: 29	Batch time (1.216497)	Data time (0.019373)	Cuda time (0.000003)	Loss (1.830700)	Accuracy (0.994350)
EVALUATING
{'loss': 2.726000076532364, 'accuracy': 0.9915864169597626, 'perfect_match_accuracy': 0.761, 'cost_ratio_suggested_true': 1.015270630121231, 'below_10.0_percent_acc': 1.0, 'below_1.0_percent_acc': 0.987, 'below_0.1_percent_acc': 0.973, 'below_0.01_percent_acc': 0.973, 'below_0.001_percent_acc': 0.932, 'below_0.0001_percent_acc': 0.932, 'valid_acc': 1.0}
Epoch: 30	Batch time (1.207088)	Data time (0.020119)	Cuda time (0.000003)	Loss (1.729400)	Accuracy (0.994662)
EVALUATING
{'loss': 2.7830001378059386, 'accuracy': 0.9914104861021041, 'perfect_match_accuracy': 0.744, 'cost_ratio_suggested_true': 1.0166608202457428, 'below_10.0_percent_acc': 1.0, 'below_1.0_percent_acc': 0.988, 'below_0.1_percent_acc': 0.978, 'below_0.01_percent_acc': 0.978, 'below_0.001_percent_acc': 0.942, 'below_0.0001_percent_acc': 0.942, 'valid_acc': 1.0}
Epoch: 31	Batch time (1.236560)	Data time (0.020653)	Cuda time (0.000003)	Loss (1.165100)	Accuracy (0.996404)
EVALUATING
{'loss': 2.4140000879764556, 'accuracy': 0.9925493770837783, 'perfect_match_accuracy': 0.756, 'cost_ratio_suggested_true': 1.014263105392456, 'below_10.0_percent_acc': 1.0, 'below_1.0_percent_acc': 0.995, 'below_0.1_percent_acc': 0.99, 'below_0.01_percent_acc': 0.99, 'below_0.001_percent_acc': 0.948, 'below_0.0001_percent_acc': 0.948, 'valid_acc': 1.0}
Epoch: 32	Batch time (1.154609)	Data time (0.017920)	Cuda time (0.000002)	Loss (0.904900)	Accuracy (0.997207)
EVALUATING
{'loss': 2.471000065803528, 'accuracy': 0.9923734468221664, 'perfect_match_accuracy': 0.758, 'cost_ratio_suggested_true': 1.0136261749267579, 'below_10.0_percent_acc': 1.0, 'below_1.0_percent_acc': 0.994, 'below_0.1_percent_acc': 0.988, 'below_0.01_percent_acc': 0.988, 'below_0.001_percent_acc': 0.948, 'below_0.0001_percent_acc': 0.948, 'valid_acc': 1.0}
Epoch: 33	Batch time (1.252768)	Data time (0.021212)	Cuda time (0.000003)	Loss (0.869200)	Accuracy (0.997317)
EVALUATING
{'loss': 2.5570000731945037, 'accuracy': 0.9921080082654953, 'perfect_match_accuracy': 0.758, 'cost_ratio_suggested_true': 1.013907083272934, 'below_10.0_percent_acc': 1.0, 'below_1.0_percent_acc': 0.996, 'below_0.1_percent_acc': 0.988, 'below_0.01_percent_acc': 0.988, 'below_0.001_percent_acc': 0.952, 'below_0.0001_percent_acc': 0.952, 'valid_acc': 1.0}
Epoch: 34	Batch time (1.257907)	Data time (0.021229)	Cuda time (0.000003)	Loss (0.823900)	Accuracy (0.997457)
EVALUATING
{'loss': 2.5160000836849212, 'accuracy': 0.9922345566749573, 'perfect_match_accuracy': 0.749, 'cost_ratio_suggested_true': 1.0136722207069397, 'below_10.0_percent_acc': 1.0, 'below_1.0_percent_acc': 0.997, 'below_0.1_percent_acc': 0.992, 'below_0.01_percent_acc': 0.992, 'below_0.001_percent_acc': 0.95, 'below_0.0001_percent_acc': 0.95, 'valid_acc': 1.0}
Epoch: 35	Batch time (1.192874)	Data time (0.019916)	Cuda time (0.000003)	Loss (0.799200)	Accuracy (0.997533)
EVALUATING
{'loss': 2.5330000829696657, 'accuracy': 0.9921820914745331, 'perfect_match_accuracy': 0.759, 'cost_ratio_suggested_true': 1.0145224738121033, 'below_10.0_percent_acc': 1.0, 'below_1.0_percent_acc': 0.994, 'below_0.1_percent_acc': 0.984, 'below_0.01_percent_acc': 0.984, 'below_0.001_percent_acc': 0.938, 'below_0.0001_percent_acc': 0.937, 'valid_acc': 1.0}
Epoch: 36	Batch time (1.185021)	Data time (0.019660)	Cuda time (0.000003)	Loss (0.773300)	Accuracy (0.997613)
EVALUATING
{'loss': 2.5290001332759857, 'accuracy': 0.9921944332122803, 'perfect_match_accuracy': 0.753, 'cost_ratio_suggested_true': 1.0135993552207947, 'below_10.0_percent_acc': 1.0, 'below_1.0_percent_acc': 0.995, 'below_0.1_percent_acc': 0.988, 'below_0.01_percent_acc': 0.988, 'below_0.001_percent_acc': 0.946, 'below_0.0001_percent_acc': 0.946, 'valid_acc': 1.0}
Epoch: 37	Batch time (1.114712)	Data time (0.018620)	Cuda time (0.000002)	Loss (0.748200)	Accuracy (0.997691)
EVALUATING
{'loss': 2.4660000479221345, 'accuracy': 0.992388882637024, 'perfect_match_accuracy': 0.755, 'cost_ratio_suggested_true': 1.0126254975795745, 'below_10.0_percent_acc': 1.0, 'below_1.0_percent_acc': 0.996, 'below_0.1_percent_acc': 0.99, 'below_0.01_percent_acc': 0.99, 'below_0.001_percent_acc': 0.948, 'below_0.0001_percent_acc': 0.948, 'valid_acc': 1.0}
Epoch: 38	Batch time (1.186062)	Data time (0.019178)	Cuda time (0.000003)	Loss (0.765400)	Accuracy (0.997638)
EVALUATING
{'loss': 2.4510000884532928, 'accuracy': 0.9924351620674133, 'perfect_match_accuracy': 0.758, 'cost_ratio_suggested_true': 1.012229710817337, 'below_10.0_percent_acc': 1.0, 'below_1.0_percent_acc': 0.995, 'below_0.1_percent_acc': 0.989, 'below_0.01_percent_acc': 0.989, 'below_0.001_percent_acc': 0.948, 'below_0.0001_percent_acc': 0.948, 'valid_acc': 1.0}
Epoch: 39	Batch time (1.260974)	Data time (0.021110)	Cuda time (0.000003)	Loss (0.737800)	Accuracy (0.997723)
EVALUATING
{'loss': 2.579000083208084, 'accuracy': 0.992040114402771, 'perfect_match_accuracy': 0.748, 'cost_ratio_suggested_true': 1.0150940942764282, 'below_10.0_percent_acc': 1.0, 'below_1.0_percent_acc': 0.995, 'below_0.1_percent_acc': 0.989, 'below_0.01_percent_acc': 0.989, 'below_0.001_percent_acc': 0.948, 'below_0.0001_percent_acc': 0.948, 'valid_acc': 1.0}
Epoch: 40	Batch time (1.157186)	Data time (0.018513)	Cuda time (0.000003)	Loss (0.671100)	Accuracy (0.997929)
EVALUATING
{'loss': 2.6330000984668733, 'accuracy': 0.9918734502792358, 'perfect_match_accuracy': 0.753, 'cost_ratio_suggested_true': 1.015148001909256, 'below_10.0_percent_acc': 1.0, 'below_1.0_percent_acc': 0.994, 'below_0.1_percent_acc': 0.988, 'below_0.01_percent_acc': 0.988, 'below_0.001_percent_acc': 0.948, 'below_0.0001_percent_acc': 0.947, 'valid_acc': 1.0}
Epoch: 41	Batch time (1.238118)	Data time (0.020850)	Cuda time (0.000003)	Loss (0.660800)	Accuracy (0.997960)
EVALUATING
{'loss': 2.4970001101493837, 'accuracy': 0.9922931963205337, 'perfect_match_accuracy': 0.76, 'cost_ratio_suggested_true': 1.0143595778942107, 'below_10.0_percent_acc': 1.0, 'below_1.0_percent_acc': 0.996, 'below_0.1_percent_acc': 0.989, 'below_0.01_percent_acc': 0.989, 'below_0.001_percent_acc': 0.952, 'below_0.0001_percent_acc': 0.952, 'valid_acc': 1.0}
Epoch: 42	Batch time (1.216553)	Data time (0.020077)	Cuda time (0.000003)	Loss (0.622300)	Accuracy (0.998079)
EVALUATING
{'loss': 2.444000098705292, 'accuracy': 0.9924567723274231, 'perfect_match_accuracy': 0.764, 'cost_ratio_suggested_true': 1.014473248720169, 'below_10.0_percent_acc': 1.0, 'below_1.0_percent_acc': 0.996, 'below_0.1_percent_acc': 0.989, 'below_0.01_percent_acc': 0.989, 'below_0.001_percent_acc': 0.951, 'below_0.0001_percent_acc': 0.951, 'valid_acc': 1.0}
Epoch: 43	Batch time (1.267046)	Data time (0.021917)	Cuda time (0.000003)	Loss (0.621900)	Accuracy (0.998081)
EVALUATING
{'loss': 2.4280000603199006, 'accuracy': 0.9925061577558517, 'perfect_match_accuracy': 0.759, 'cost_ratio_suggested_true': 1.0141478288173675, 'below_10.0_percent_acc': 1.0, 'below_1.0_percent_acc': 0.996, 'below_0.1_percent_acc': 0.989, 'below_0.01_percent_acc': 0.989, 'below_0.001_percent_acc': 0.951, 'below_0.0001_percent_acc': 0.951, 'valid_acc': 1.0}
Epoch: 44	Batch time (1.176172)	Data time (0.019225)	Cuda time (0.000003)	Loss (0.590900)	Accuracy (0.998176)
EVALUATING
{'loss': 2.4470001327991486, 'accuracy': 0.9924475127458572, 'perfect_match_accuracy': 0.761, 'cost_ratio_suggested_true': 1.0142740070819856, 'below_10.0_percent_acc': 1.0, 'below_1.0_percent_acc': 0.996, 'below_0.1_percent_acc': 0.99, 'below_0.01_percent_acc': 0.99, 'below_0.001_percent_acc': 0.952, 'below_0.0001_percent_acc': 0.952, 'valid_acc': 1.0}
Epoch: 45	Batch time (1.170290)	Data time (0.019687)	Cuda time (0.000003)	Loss (0.588400)	Accuracy (0.998184)
EVALUATING
{'loss': 2.407000128030777, 'accuracy': 0.9925709688663482, 'perfect_match_accuracy': 0.763, 'cost_ratio_suggested_true': 1.0134911000728608, 'below_10.0_percent_acc': 1.0, 'below_1.0_percent_acc': 0.996, 'below_0.1_percent_acc': 0.99, 'below_0.01_percent_acc': 0.99, 'below_0.001_percent_acc': 0.951, 'below_0.0001_percent_acc': 0.951, 'valid_acc': 1.0}
Epoch: 46	Batch time (1.111872)	Data time (0.018102)	Cuda time (0.000002)	Loss (0.556800)	Accuracy (0.998281)
EVALUATING
{'loss': 2.517000094652176, 'accuracy': 0.9922314685583115, 'perfect_match_accuracy': 0.757, 'cost_ratio_suggested_true': 1.0143758797645568, 'below_10.0_percent_acc': 1.0, 'below_1.0_percent_acc': 0.996, 'below_0.1_percent_acc': 0.989, 'below_0.01_percent_acc': 0.989, 'below_0.001_percent_acc': 0.951, 'below_0.0001_percent_acc': 0.951, 'valid_acc': 1.0}
Epoch: 47	Batch time (1.181053)	Data time (0.018848)	Cuda time (0.000003)	Loss (0.557200)	Accuracy (0.998280)
EVALUATING
{'loss': 2.5560000920295716, 'accuracy': 0.9921110951900483, 'perfect_match_accuracy': 0.756, 'cost_ratio_suggested_true': 1.0147552728652953, 'below_10.0_percent_acc': 1.0, 'below_1.0_percent_acc': 0.996, 'below_0.1_percent_acc': 0.988, 'below_0.01_percent_acc': 0.988, 'below_0.001_percent_acc': 0.95, 'below_0.0001_percent_acc': 0.95, 'valid_acc': 1.0}
Epoch: 48	Batch time (1.166519)	Data time (0.019092)	Cuda time (0.000003)	Loss (0.589600)	Accuracy (0.998180)
EVALUATING
{'loss': 2.514000084400177, 'accuracy': 0.9922407227754593, 'perfect_match_accuracy': 0.759, 'cost_ratio_suggested_true': 1.0142309749126435, 'below_10.0_percent_acc': 1.0, 'below_1.0_percent_acc': 0.996, 'below_0.1_percent_acc': 0.988, 'below_0.01_percent_acc': 0.988, 'below_0.001_percent_acc': 0.95, 'below_0.0001_percent_acc': 0.95, 'valid_acc': 1.0}
Epoch: 49	Batch time (1.271943)	Data time (0.021980)	Cuda time (0.000003)	Loss (0.582800)	Accuracy (0.998201)
EVALUATING
{'loss': 2.4620000851154327, 'accuracy': 0.9924012178182602, 'perfect_match_accuracy': 0.762, 'cost_ratio_suggested_true': 1.0142124366760255, 'below_10.0_percent_acc': 1.0, 'below_1.0_percent_acc': 0.996, 'below_0.1_percent_acc': 0.988, 'below_0.01_percent_acc': 0.988, 'below_0.001_percent_acc': 0.948, 'below_0.0001_percent_acc': 0.948, 'valid_acc': 1.0}
Epoch: 50	Batch time (1.149236)	Data time (0.018741)	Cuda time (0.000002)	Loss (0.613700)	Accuracy (0.998106)
EVALUATING
{'loss': 2.521000090837479, 'accuracy': 0.9922191196680069, 'perfect_match_accuracy': 0.758, 'cost_ratio_suggested_true': 1.0146857070922852, 'below_10.0_percent_acc': 1.0, 'below_1.0_percent_acc': 0.996, 'below_0.1_percent_acc': 0.987, 'below_0.01_percent_acc': 0.987, 'below_0.001_percent_acc': 0.948, 'below_0.0001_percent_acc': 0.948, 'valid_acc': 1.0}
