gonzo-60
declare -x ANT_HOME="/opt/rocks"
declare -x ARC="lx-amd64"
declare -x BASH_ENV="/usr/share/lmod/lmod/init/bash"
declare -x CONDA_DEFAULT_ENV="gpu"
declare -x CONDA_EXE="/home/pminervi/anaconda3/bin/conda"
declare -x CONDA_PREFIX="/home/pminervi/anaconda3/envs/gpu"
declare -x CONDA_PREFIX_1="/home/pminervi/anaconda3/envs/cpu"
declare -x CONDA_PROMPT_MODIFIER="(gpu) "
declare -x CONDA_PYTHON_EXE="/home/pminervi/anaconda3/bin/python"
declare -x CONDA_SHLVL="2"
declare -x CUDA_VISIBLE_DEVICES="4"
declare -x ENVIRONMENT="BATCH"
declare -x HISTCONTROL="ignoredups"
declare -x HISTSIZE="1000"
declare -x HOME="/home/pminervi"
declare -x HOSTNAME="gonzo-60"
declare -x JAVA_HOME="/share/apps/mr/utils/jdk"
declare -x JOB_ID="2800544"
declare -x JOB_NAME="temperature_beaker_v10.job"
declare -x JOB_SCRIPT="/opt/gridengine/default/spool/sweetums-609-1/job_scripts/2800544"
declare -x LANG="en_US.utf8"
declare -x LANGUAGE="en_US:en"
declare -x LD_LIBRARY_PATH="/share/apps/gcc-6.2.0/lib/:/share/apps/gcc-6.2.0/lib64/:/opt/gridengine/lib/lx-amd64"
declare -x LESSOPEN="||/usr/bin/lesspipe.sh %s"
declare -x LMOD_CMD="/usr/share/lmod/lmod/libexec/lmod"
declare -x LMOD_DIR="/usr/share/lmod/lmod/libexec"
declare -x LMOD_PKG="/usr/share/lmod/lmod"
declare -x LMOD_ROOT="/usr/share/lmod"
declare -x LMOD_SETTARG_FULL_SUPPORT="no"
declare -x LMOD_VERSION="8.2.7"
declare -x LMOD_sys="Linux"
declare -x LOADEDMODULES=""
declare -x LOGNAME="pminervi"
declare -x MAIL="/var/spool/mail/pminervi"
declare -x MANPATH="/usr/share/lmod/lmod/share/man:"
declare -x MODULEPATH="/share/apps/modulefiles/default"
declare -x MODULEPATH_ROOT="/usr/share/modulefiles"
declare -x MODULESHOME="/usr/share/lmod/lmod"
declare -x MPICH_PROCESS_GROUP="no"
declare -x NHOSTS="1"
declare -x NQUEUES="1"
declare -x NSLOTS="1"
declare -x OLDPWD="/home/pminervi/workspace/map-backprop"
declare -x PATH="/home/pminervi/anaconda3/envs/gpu/bin:/home/pminervi/anaconda3/condabin:/home/pminervi/anaconda3/bin:/share/apps/binutils-2.27/bin/:/share/apps/gcc-6.2.0/bin/:/share/apps/mr/bin:/tmp/2800544.4.gpu.q:/usr/local/bin:/bin:/usr/bin:/usr/local/sbin:/usr/sbin:/opt/ganglia/bin:/opt/ganglia/sbin:/opt/rocks/bin:/opt/rocks/sbin:/opt/gridengine/bin/lx-amd64:/home/pminervi/bin"
declare -x PWD="/home/pminervi/workspace/map-backprop"
declare -x QUEUE="gpu.q"
declare -x REQNAME="temperature_beaker_v10.job"
declare -x REQUEST="temperature_beaker_v10.job"
declare -x RESTARTED="0"
declare -x ROCKSROOT="/opt/rocks/share/devel"
declare -x ROCKS_ROOT="/opt/rocks"
declare -x ROLLSROOT="/opt/rocks/share/devel/src/roll"
declare -x SGE_ACCOUNT="sge"
declare -x SGE_ARCH="lx-amd64"
declare -x SGE_BINARY_PATH="/opt/gridengine/bin/lx-amd64"
declare -x SGE_CELL="default"
declare -x SGE_CWD_PATH="/home/pminervi/workspace/map-backprop"
declare -x SGE_EXECD_PORT="537"
declare -x SGE_JOB_SPOOL_DIR="/opt/gridengine/default/spool/sweetums-609-1/active_jobs/2800544.4"
declare -x SGE_O_HOME="/home/pminervi"
declare -x SGE_O_HOST="beaker"
declare -x SGE_O_LOGNAME="pminervi"
declare -x SGE_O_MAIL="/var/spool/mail/pminervi"
declare -x SGE_O_PATH="/home/pminervi/anaconda3/envs/cpu/bin:/home/pminervi/anaconda3/condabin:/home/pminervi/anaconda3/bin:/share/apps/binutils-2.27/bin/:/share/apps/gcc-6.2.0/bin/:/share/apps/mr/bin:/usr/local/bin:/usr/bin:/usr/local/sbin:/usr/sbin:/opt/ganglia/bin:/opt/ganglia/sbin:/opt/rocks/bin:/opt/rocks/sbin:/opt/gridengine/bin/lx-amd64:/home/pminervi/bin"
declare -x SGE_O_SHELL="/bin/bash"
declare -x SGE_O_WORKDIR="/home/pminervi/workspace/map-backprop"
declare -x SGE_QMASTER_PORT="536"
declare -x SGE_ROOT="/opt/gridengine"
declare -x SGE_STDERR_PATH="/home/pminervi/array.err"
declare -x SGE_STDIN_PATH="/dev/null"
declare -x SGE_STDOUT_PATH="/home/pminervi/array.out"
declare -x SGE_TASK_FIRST="1"
declare -x SGE_TASK_ID="4"
declare -x SGE_TASK_LAST="20"
declare -x SGE_TASK_STEPSIZE="1"
declare -x SHELL="/bin/bash"
declare -x SHLVL="2"
declare -x SSH_ASKPASS="/usr/libexec/openssh/gnome-ssh-askpass"
declare -x TERM=""
declare -x TMP="/tmp/2800544.4.gpu.q"
declare -x TMPDIR="/tmp/2800544.4.gpu.q"
declare -x USER="pminervi"
Wed Feb  3 14:04:35 2021       
+-----------------------------------------------------------------------------+
| NVIDIA-SMI 450.51.05    Driver Version: 450.51.05    CUDA Version: 11.0     |
|-------------------------------+----------------------+----------------------+
| GPU  Name        Persistence-M| Bus-Id        Disp.A | Volatile Uncorr. ECC |
| Fan  Temp  Perf  Pwr:Usage/Cap|         Memory-Usage | GPU-Util  Compute M. |
|                               |                      |               MIG M. |
|===============================+======================+======================|
|   0  GeForce RTX 208...  On   | 00000000:3D:00.0 Off |                  N/A |
| 29%   34C    P2    56W / 250W |   2058MiB / 11019MiB |      6%   E. Process |
|                               |                      |                  N/A |
+-------------------------------+----------------------+----------------------+
|   1  GeForce RTX 208...  On   | 00000000:3E:00.0 Off |                  N/A |
| 31%   52C    P2   172W / 250W |    510MiB / 11019MiB |     89%   E. Process |
|                               |                      |                  N/A |
+-------------------------------+----------------------+----------------------+
|   2  GeForce RTX 208...  On   | 00000000:60:00.0 Off |                  N/A |
| 29%   31C    P8    28W / 250W |      0MiB / 11019MiB |      0%   E. Process |
|                               |                      |                  N/A |
+-------------------------------+----------------------+----------------------+
|   3  GeForce RTX 208...  On   | 00000000:61:00.0 Off |                  N/A |
| 34%   49C    P2    71W / 250W |    348MiB / 11019MiB |      1%   E. Process |
|                               |                      |                  N/A |
+-------------------------------+----------------------+----------------------+
|   4  GeForce RTX 208...  On   | 00000000:B1:00.0 Off |                  N/A |
| 30%   24C    P8     1W / 250W |      0MiB / 11019MiB |      0%   E. Process |
|                               |                      |                  N/A |
+-------------------------------+----------------------+----------------------+
|   5  GeForce RTX 208...  On   | 00000000:B2:00.0 Off |                  N/A |
| 32%   48C    P2    75W / 250W |   7596MiB / 11019MiB |      0%   E. Process |
|                               |                      |                  N/A |
+-------------------------------+----------------------+----------------------+
|   6  GeForce RTX 208...  On   | 00000000:DA:00.0 Off |                  N/A |
| 30%   49C    P2   249W / 250W |   7596MiB / 11019MiB |    100%   E. Process |
|                               |                      |                  N/A |
+-------------------------------+----------------------+----------------------+
|   7  GeForce RTX 208...  On   | 00000000:DB:00.0 Off |                  N/A |
| 29%   30C    P2    56W / 250W |   1278MiB / 11019MiB |      8%   E. Process |
|                               |                      |                  N/A |
+-------------------------------+----------------------+----------------------+
                                                                               
+-----------------------------------------------------------------------------+
| Processes:                                                                  |
|  GPU   GI   CI        PID   Type   Process name                  GPU Memory |
|        ID   ID                                                   Usage      |
|=============================================================================|
|    0   N/A  N/A    160597      C   python                           2053MiB |
|    1   N/A  N/A    110564      C   ./kspaceFirstOrder3D-CUDA         507MiB |
|    3   N/A  N/A    110650      C   ./kspaceFirstOrder3D-CUDA         345MiB |
|    5   N/A  N/A    242727      C   python3                          7593MiB |
|    6   N/A  N/A    242724      C   python3                          7593MiB |
|    7   N/A  N/A    151547      C   python                           1273MiB |
+-----------------------------------------------------------------------------+
No existing entry for trainer_params.mode.type
{}[type] = <class 'int'>(1)
No existing entry for trainer_params.mode.objective_type
{'type': 1}[objective_type] = <class 'str'>(normal)
No existing entry for trainer_params.mode.use_marginal
{'type': 1, 'objective_type': 'normal'}[use_marginal] = <class 'bool'>(True)
No existing entry for trainer_params.mode.nb_samples
{'type': 1, 'objective_type': 'normal', 'use_marginal': True}[nb_samples] = <class 'int'>(10)
No existing entry for trainer_params.mode.temperature
{'type': 1, 'objective_type': 'normal', 'use_marginal': True, 'nb_samples': 10}[temperature] = <class 'float'>(0.001)
No existing entry for trainer_params.mode.use_gamma
{'type': 1, 'objective_type': 'normal', 'use_marginal': True, 'nb_samples': 10, 'temperature': 0.001}[use_gamma] = <class 'bool'>(True)
No existing entry for trainer_params.mode.loss_type
{'type': 1, 'objective_type': 'normal', 'use_marginal': True, 'nb_samples': 10, 'temperature': 0.001, 'use_gamma': True}[loss_type] = <class 'str'>(normal)
No existing entry for trainer_params.mode.perturb_w
{'type': 1, 'objective_type': 'normal', 'use_marginal': True, 'nb_samples': 10, 'temperature': 0.001, 'use_gamma': True, 'loss_type': 'normal'}[perturb_w] = <class 'bool'>(False)
No existing entry for trainer_params.mode.perturb_w_prime
{'type': 1, 'objective_type': 'normal', 'use_marginal': True, 'nb_samples': 10, 'temperature': 0.001, 'use_gamma': True, 'loss_type': 'normal', 'perturb_w': False}[perturb_w_prime] = <class 'bool'>(False)
{'batch_size': 70, 'l1_regconst': 0.0, 'lambda_val': 20.0, 'lr_milestone_1': 30, 'lr_milestone_2': 40, 'model_params': {'arch_params': {}, 'model_name': 'CombResnet18'}, 'neighbourhood_fn': '8-grid', 'optimizer_name': 'Adam', 'optimizer_params': {'lr': 0.0005}, 'preload_batch': True, 'use_cuda': True, 'use_lr_scheduling': True, 'mode': {'type': 1, 'objective_type': 'normal', 'use_marginal': True, 'nb_samples': 10, 'temperature': 0.001, 'use_gamma': True, 'loss_type': 'normal', 'perturb_w': False, 'perturb_w_prime': False}}[lambda_val] = <class 'float'>(10.0)
{'data_dir': 'data/warcraft_shortest_path/12x12', 'evaluate_with_extra': False, 'normalize': True, 'use_local_path': False, 'use_test_set': True}[data_dir] = <class 'str'>(data/warcraft_shortest_path/24x24)
{'evaluate_every': 5, 'loader_params': {'data_dir': 'data/warcraft_shortest_path/24x24', 'evaluate_with_extra': False, 'normalize': True, 'use_local_path': False, 'use_test_set': True}, 'model_dir': 'results/warcraft_shortest_path_combresnet', 'num_cpus': 24, 'num_epochs': 50, 'problem_type': 'warcraft_shortest_path', 'ray_params': {}, 'save_visualizations': False, 'seed': 1, 'trainer_name': 'DijkstraMAP', 'trainer_params': {'batch_size': 70, 'l1_regconst': 0.0, 'lambda_val': 10.0, 'lr_milestone_1': 30, 'lr_milestone_2': 40, 'model_params': {'arch_params': {}, 'model_name': 'CombResnet18'}, 'neighbourhood_fn': '8-grid', 'optimizer_name': 'Adam', 'optimizer_params': {'lr': 0.0005}, 'preload_batch': True, 'use_cuda': True, 'use_lr_scheduling': True, 'mode': {'type': 1, 'objective_type': 'normal', 'use_marginal': True, 'nb_samples': 10, 'temperature': 0.001, 'use_gamma': True, 'loss_type': 'normal', 'perturb_w': False, 'perturb_w_prime': False}}, 'use_ray': True}[seed] = <class 'int'>(4)
{'evaluate_every': 5, 'loader_params': {'data_dir': 'data/warcraft_shortest_path/24x24', 'evaluate_with_extra': False, 'normalize': True, 'use_local_path': False, 'use_test_set': True}, 'model_dir': 'results/warcraft_shortest_path_combresnet', 'num_cpus': 24, 'num_epochs': 50, 'problem_type': 'warcraft_shortest_path', 'ray_params': {}, 'save_visualizations': False, 'seed': 4, 'trainer_name': 'DijkstraMAP', 'trainer_params': {'batch_size': 70, 'l1_regconst': 0.0, 'lambda_val': 10.0, 'lr_milestone_1': 30, 'lr_milestone_2': 40, 'model_params': {'arch_params': {}, 'model_name': 'CombResnet18'}, 'neighbourhood_fn': '8-grid', 'optimizer_name': 'Adam', 'optimizer_params': {'lr': 0.0005}, 'preload_batch': True, 'use_cuda': True, 'use_lr_scheduling': True, 'mode': {'type': 1, 'objective_type': 'normal', 'use_marginal': True, 'nb_samples': 10, 'temperature': 0.001, 'use_gamma': True, 'loss_type': 'normal', 'perturb_w': False, 'perturb_w_prime': False}}, 'use_ray': True}[evaluate_every] = <class 'int'>(1)
{'evaluate_every': 1, 'loader_params': {'data_dir': 'data/warcraft_shortest_path/24x24', 'evaluate_with_extra': False, 'normalize': True, 'use_local_path': False, 'use_test_set': True}, 'model_dir': 'results/warcraft_shortest_path_combresnet', 'num_cpus': 24, 'num_epochs': 50, 'problem_type': 'warcraft_shortest_path', 'ray_params': {}, 'save_visualizations': False, 'seed': 4, 'trainer_name': 'DijkstraMAP', 'trainer_params': {'batch_size': 70, 'l1_regconst': 0.0, 'lambda_val': 10.0, 'lr_milestone_1': 30, 'lr_milestone_2': 40, 'model_params': {'arch_params': {}, 'model_name': 'CombResnet18'}, 'neighbourhood_fn': '8-grid', 'optimizer_name': 'Adam', 'optimizer_params': {'lr': 0.0005}, 'preload_batch': True, 'use_cuda': True, 'use_lr_scheduling': True, 'mode': {'type': 1, 'objective_type': 'normal', 'use_marginal': True, 'nb_samples': 10, 'temperature': 0.001, 'use_gamma': True, 'loss_type': 'normal', 'perturb_w': False, 'perturb_w_prime': False}}, 'use_ray': True}[use_ray] = <class 'bool'>(False)
No existing entry for trainer_params.mode.type
{}[type] = <class 'int'>(1)
No existing entry for trainer_params.mode.objective_type
{'type': 1}[objective_type] = <class 'str'>(normal)
No existing entry for trainer_params.mode.use_marginal
{'type': 1, 'objective_type': 'normal'}[use_marginal] = <class 'bool'>(True)
No existing entry for trainer_params.mode.nb_samples
{'type': 1, 'objective_type': 'normal', 'use_marginal': True}[nb_samples] = <class 'int'>(10)
No existing entry for trainer_params.mode.temperature
{'type': 1, 'objective_type': 'normal', 'use_marginal': True, 'nb_samples': 10}[temperature] = <class 'float'>(0.001)
No existing entry for trainer_params.mode.use_gamma
{'type': 1, 'objective_type': 'normal', 'use_marginal': True, 'nb_samples': 10, 'temperature': 0.001}[use_gamma] = <class 'bool'>(True)
No existing entry for trainer_params.mode.loss_type
{'type': 1, 'objective_type': 'normal', 'use_marginal': True, 'nb_samples': 10, 'temperature': 0.001, 'use_gamma': True}[loss_type] = <class 'str'>(normal)
No existing entry for trainer_params.mode.perturb_w
{'type': 1, 'objective_type': 'normal', 'use_marginal': True, 'nb_samples': 10, 'temperature': 0.001, 'use_gamma': True, 'loss_type': 'normal'}[perturb_w] = <class 'bool'>(False)
No existing entry for trainer_params.mode.perturb_w_prime
{'type': 1, 'objective_type': 'normal', 'use_marginal': True, 'nb_samples': 10, 'temperature': 0.001, 'use_gamma': True, 'loss_type': 'normal', 'perturb_w': False}[perturb_w_prime] = <class 'bool'>(False)
{'batch_size': 70, 'l1_regconst': 0.0, 'lambda_val': 20.0, 'lr_milestone_1': 30, 'lr_milestone_2': 40, 'model_params': {'arch_params': {}, 'model_name': 'CombResnet18'}, 'neighbourhood_fn': '8-grid', 'optimizer_name': 'Adam', 'optimizer_params': {'lr': 0.0005}, 'preload_batch': True, 'use_cuda': True, 'use_lr_scheduling': True, 'mode': {'type': 1, 'objective_type': 'normal', 'use_marginal': True, 'nb_samples': 10, 'temperature': 0.001, 'use_gamma': True, 'loss_type': 'normal', 'perturb_w': False, 'perturb_w_prime': False}}[lambda_val] = <class 'float'>(10.0)
{'data_dir': 'data/warcraft_shortest_path/12x12', 'evaluate_with_extra': False, 'normalize': True, 'use_local_path': False, 'use_test_set': True}[data_dir] = <class 'str'>(data/warcraft_shortest_path/24x24)
{'evaluate_every': 5, 'loader_params': {'data_dir': 'data/warcraft_shortest_path/24x24', 'evaluate_with_extra': False, 'normalize': True, 'use_local_path': False, 'use_test_set': True}, 'model_dir': 'results/warcraft_shortest_path_combresnet', 'num_cpus': 24, 'num_epochs': 50, 'problem_type': 'warcraft_shortest_path', 'ray_params': {}, 'save_visualizations': False, 'seed': 1, 'trainer_name': 'DijkstraMAP', 'trainer_params': {'batch_size': 70, 'l1_regconst': 0.0, 'lambda_val': 10.0, 'lr_milestone_1': 30, 'lr_milestone_2': 40, 'model_params': {'arch_params': {}, 'model_name': 'CombResnet18'}, 'neighbourhood_fn': '8-grid', 'optimizer_name': 'Adam', 'optimizer_params': {'lr': 0.0005}, 'preload_batch': True, 'use_cuda': True, 'use_lr_scheduling': True, 'mode': {'type': 1, 'objective_type': 'normal', 'use_marginal': True, 'nb_samples': 10, 'temperature': 0.001, 'use_gamma': True, 'loss_type': 'normal', 'perturb_w': False, 'perturb_w_prime': False}}, 'use_ray': True}[seed] = <class 'int'>(4)
{'evaluate_every': 5, 'loader_params': {'data_dir': 'data/warcraft_shortest_path/24x24', 'evaluate_with_extra': False, 'normalize': True, 'use_local_path': False, 'use_test_set': True}, 'model_dir': 'results/warcraft_shortest_path_combresnet', 'num_cpus': 24, 'num_epochs': 50, 'problem_type': 'warcraft_shortest_path', 'ray_params': {}, 'save_visualizations': False, 'seed': 4, 'trainer_name': 'DijkstraMAP', 'trainer_params': {'batch_size': 70, 'l1_regconst': 0.0, 'lambda_val': 10.0, 'lr_milestone_1': 30, 'lr_milestone_2': 40, 'model_params': {'arch_params': {}, 'model_name': 'CombResnet18'}, 'neighbourhood_fn': '8-grid', 'optimizer_name': 'Adam', 'optimizer_params': {'lr': 0.0005}, 'preload_batch': True, 'use_cuda': True, 'use_lr_scheduling': True, 'mode': {'type': 1, 'objective_type': 'normal', 'use_marginal': True, 'nb_samples': 10, 'temperature': 0.001, 'use_gamma': True, 'loss_type': 'normal', 'perturb_w': False, 'perturb_w_prime': False}}, 'use_ray': True}[evaluate_every] = <class 'int'>(1)
{'evaluate_every': 1, 'loader_params': {'data_dir': 'data/warcraft_shortest_path/24x24', 'evaluate_with_extra': False, 'normalize': True, 'use_local_path': False, 'use_test_set': True}, 'model_dir': 'results/warcraft_shortest_path_combresnet', 'num_cpus': 24, 'num_epochs': 50, 'problem_type': 'warcraft_shortest_path', 'ray_params': {}, 'save_visualizations': False, 'seed': 4, 'trainer_name': 'DijkstraMAP', 'trainer_params': {'batch_size': 70, 'l1_regconst': 0.0, 'lambda_val': 10.0, 'lr_milestone_1': 30, 'lr_milestone_2': 40, 'model_params': {'arch_params': {}, 'model_name': 'CombResnet18'}, 'neighbourhood_fn': '8-grid', 'optimizer_name': 'Adam', 'optimizer_params': {'lr': 0.0005}, 'preload_batch': True, 'use_cuda': True, 'use_lr_scheduling': True, 'mode': {'type': 1, 'objective_type': 'normal', 'use_marginal': True, 'nb_samples': 10, 'temperature': 0.001, 'use_gamma': True, 'loss_type': 'normal', 'perturb_w': False, 'perturb_w_prime': False}}, 'use_ray': True}[use_ray] = <class 'bool'>(False)
{
    "evaluate_every": 1,
    "loader_params": {
        "data_dir": "data/warcraft_shortest_path/24x24",
        "evaluate_with_extra": false,
        "normalize": true,
        "use_local_path": false,
        "use_test_set": true
    },
    "model_dir": "results/warcraft_shortest_path_combresnet",
    "num_cpus": 24,
    "num_epochs": 50,
    "problem_type": "warcraft_shortest_path",
    "ray_params": {},
    "save_visualizations": false,
    "seed": 4,
    "trainer_name": "DijkstraMAP",
    "trainer_params": {
        "batch_size": 70,
        "l1_regconst": 0.0,
        "lambda_val": 10.0,
        "lr_milestone_1": 30,
        "lr_milestone_2": 40,
        "mode": {
            "loss_type": "normal",
            "nb_samples": 10,
            "objective_type": "normal",
            "perturb_w": false,
            "perturb_w_prime": false,
            "temperature": 0.001,
            "type": 1,
            "use_gamma": true,
            "use_marginal": true
        },
        "model_params": {
            "arch_params": {},
            "model_name": "CombResnet18"
        },
        "neighbourhood_fn": "8-grid",
        "optimizer_name": "Adam",
        "optimizer_params": {
            "lr": 0.0005
        },
        "preload_batch": true,
        "use_cuda": true,
        "use_lr_scheduling": true
    },
    "use_ray": false
}
MAP-BACKPROP MODE: {
    "loss_type": "normal",
    "nb_samples": 10,
    "objective_type": "normal",
    "perturb_w": false,
    "perturb_w_prime": false,
    "temperature": 0.001,
    "type": 1,
    "use_gamma": true,
    "use_marginal": true
}
True
META: {'input_image_size': 192, 'output_features': 576, 'num_channels': 3, 'denormalize': <maprop.decorators.input_to_numpy object at 0x2af8cd1982e8>}
EVALUATING
{'loss': 43.76600215911865, 'accuracy': 0.9240173697471619, 'perfect_match_accuracy': 0.004, 'cost_ratio_suggested_true': 2.501192498207092, 'below_10.0_percent_acc': 0.127, 'below_1.0_percent_acc': 0.019, 'below_0.1_percent_acc': 0.014, 'below_0.01_percent_acc': 0.014, 'below_0.001_percent_acc': 0.014, 'below_0.0001_percent_acc': 0.014, 'valid_acc': 1.0}
Epoch: 1	Batch time (2.716275)	Data time (0.063977)	Cuda time (0.000002)	Loss (15.327400)	Accuracy (0.973390)
EVALUATING
{'loss': 9.62700023651123, 'accuracy': 0.9832864660024643, 'perfect_match_accuracy': 0.409, 'cost_ratio_suggested_true': 1.0548539972305297, 'below_10.0_percent_acc': 0.987, 'below_1.0_percent_acc': 0.827, 'below_0.1_percent_acc': 0.781, 'below_0.01_percent_acc': 0.781, 'below_0.001_percent_acc': 0.743, 'below_0.0001_percent_acc': 0.743, 'valid_acc': 1.0}
Epoch: 2	Batch time (2.874747)	Data time (0.055771)	Cuda time (0.000002)	Loss (8.850200)	Accuracy (0.984635)
EVALUATING
{'loss': 8.130000448226928, 'accuracy': 0.9858854281902313, 'perfect_match_accuracy': 0.435, 'cost_ratio_suggested_true': 1.0457612264156342, 'below_10.0_percent_acc': 0.998, 'below_1.0_percent_acc': 0.889, 'below_0.1_percent_acc': 0.85, 'below_0.01_percent_acc': 0.85, 'below_0.001_percent_acc': 0.827, 'below_0.0001_percent_acc': 0.827, 'valid_acc': 1.0}
Epoch: 3	Batch time (2.893610)	Data time (0.063980)	Cuda time (0.000003)	Loss (7.271800)	Accuracy (0.987375)
EVALUATING
{'loss': 7.432000365257263, 'accuracy': 0.987097237110138, 'perfect_match_accuracy': 0.478, 'cost_ratio_suggested_true': 1.0349496459960938, 'below_10.0_percent_acc': 0.999, 'below_1.0_percent_acc': 0.908, 'below_0.1_percent_acc': 0.862, 'below_0.01_percent_acc': 0.862, 'below_0.001_percent_acc': 0.839, 'below_0.0001_percent_acc': 0.838, 'valid_acc': 1.0}
Epoch: 4	Batch time (2.961073)	Data time (0.063574)	Cuda time (0.000002)	Loss (6.321800)	Accuracy (0.989025)
EVALUATING
{'loss': 6.513000497817993, 'accuracy': 0.9886927193403244, 'perfect_match_accuracy': 0.54, 'cost_ratio_suggested_true': 1.0276678538322448, 'below_10.0_percent_acc': 1.0, 'below_1.0_percent_acc': 0.921, 'below_0.1_percent_acc': 0.881, 'below_0.01_percent_acc': 0.881, 'below_0.001_percent_acc': 0.833, 'below_0.0001_percent_acc': 0.832, 'valid_acc': 1.0}
Epoch: 5	Batch time (2.878469)	Data time (0.060929)	Cuda time (0.000002)	Loss (5.999400)	Accuracy (0.989584)
EVALUATING
{'loss': 5.910000236034393, 'accuracy': 0.9897396034002304, 'perfect_match_accuracy': 0.573, 'cost_ratio_suggested_true': 1.026647344827652, 'below_10.0_percent_acc': 1.0, 'below_1.0_percent_acc': 0.952, 'below_0.1_percent_acc': 0.919, 'below_0.01_percent_acc': 0.919, 'below_0.001_percent_acc': 0.864, 'below_0.0001_percent_acc': 0.863, 'valid_acc': 1.0}
Epoch: 6	Batch time (3.004751)	Data time (0.070536)	Cuda time (0.000002)	Loss (5.500500)	Accuracy (0.990451)
EVALUATING
{'loss': 5.508000197410584, 'accuracy': 0.9904375153779984, 'perfect_match_accuracy': 0.576, 'cost_ratio_suggested_true': 1.021078760623932, 'below_10.0_percent_acc': 1.0, 'below_1.0_percent_acc': 0.954, 'below_0.1_percent_acc': 0.926, 'below_0.01_percent_acc': 0.926, 'below_0.001_percent_acc': 0.871, 'below_0.0001_percent_acc': 0.871, 'valid_acc': 1.0}
Epoch: 7	Batch time (2.822312)	Data time (0.062228)	Cuda time (0.000002)	Loss (5.141300)	Accuracy (0.991074)
EVALUATING
{'loss': 5.034000101089478, 'accuracy': 0.9912604266405105, 'perfect_match_accuracy': 0.577, 'cost_ratio_suggested_true': 1.0201893496513366, 'below_10.0_percent_acc': 1.0, 'below_1.0_percent_acc': 0.969, 'below_0.1_percent_acc': 0.95, 'below_0.01_percent_acc': 0.95, 'below_0.001_percent_acc': 0.921, 'below_0.0001_percent_acc': 0.921, 'valid_acc': 1.0}
Epoch: 8	Batch time (2.777637)	Data time (0.060443)	Cuda time (0.000003)	Loss (4.810200)	Accuracy (0.991649)
EVALUATING
{'loss': 5.17300018787384, 'accuracy': 0.9910191148519516, 'perfect_match_accuracy': 0.614, 'cost_ratio_suggested_true': 1.0193164002895356, 'below_10.0_percent_acc': 1.0, 'below_1.0_percent_acc': 0.963, 'below_0.1_percent_acc': 0.938, 'below_0.01_percent_acc': 0.938, 'below_0.001_percent_acc': 0.881, 'below_0.0001_percent_acc': 0.881, 'valid_acc': 1.0}
Epoch: 9	Batch time (2.803008)	Data time (0.054617)	Cuda time (0.000002)	Loss (4.465700)	Accuracy (0.992247)
EVALUATING
{'loss': 5.625000228881836, 'accuracy': 0.9902343875169755, 'perfect_match_accuracy': 0.592, 'cost_ratio_suggested_true': 1.0170085787773133, 'below_10.0_percent_acc': 1.0, 'below_1.0_percent_acc': 0.948, 'below_0.1_percent_acc': 0.917, 'below_0.01_percent_acc': 0.917, 'below_0.001_percent_acc': 0.892, 'below_0.0001_percent_acc': 0.892, 'valid_acc': 1.0}
Epoch: 10	Batch time (2.834774)	Data time (0.055374)	Cuda time (0.000002)	Loss (4.364900)	Accuracy (0.992422)
EVALUATING
{'loss': 6.052000110149383, 'accuracy': 0.9894930672645569, 'perfect_match_accuracy': 0.532, 'cost_ratio_suggested_true': 1.0206406688690186, 'below_10.0_percent_acc': 1.0, 'below_1.0_percent_acc': 0.961, 'below_0.1_percent_acc': 0.927, 'below_0.01_percent_acc': 0.927, 'below_0.001_percent_acc': 0.881, 'below_0.0001_percent_acc': 0.881, 'valid_acc': 1.0}
Epoch: 11	Batch time (2.957088)	Data time (0.060268)	Cuda time (0.000002)	Loss (4.342300)	Accuracy (0.992461)
EVALUATING
{'loss': 4.983000316619873, 'accuracy': 0.991348967552185, 'perfect_match_accuracy': 0.615, 'cost_ratio_suggested_true': 1.0177375841140748, 'below_10.0_percent_acc': 1.0, 'below_1.0_percent_acc': 0.966, 'below_0.1_percent_acc': 0.935, 'below_0.01_percent_acc': 0.935, 'below_0.001_percent_acc': 0.891, 'below_0.0001_percent_acc': 0.89, 'valid_acc': 1.0}
Epoch: 12	Batch time (2.923659)	Data time (0.060229)	Cuda time (0.000002)	Loss (4.213900)	Accuracy (0.992684)
EVALUATING
{'loss': 4.957000212669373, 'accuracy': 0.9913941079378128, 'perfect_match_accuracy': 0.635, 'cost_ratio_suggested_true': 1.015476919412613, 'below_10.0_percent_acc': 1.0, 'below_1.0_percent_acc': 0.963, 'below_0.1_percent_acc': 0.944, 'below_0.01_percent_acc': 0.944, 'below_0.001_percent_acc': 0.915, 'below_0.0001_percent_acc': 0.915, 'valid_acc': 1.0}
Epoch: 13	Batch time (2.890652)	Data time (0.059142)	Cuda time (0.000002)	Loss (3.969800)	Accuracy (0.993108)
EVALUATING
{'loss': 4.529000194072723, 'accuracy': 0.9921371626853943, 'perfect_match_accuracy': 0.665, 'cost_ratio_suggested_true': 1.0154014146327972, 'below_10.0_percent_acc': 1.0, 'below_1.0_percent_acc': 0.969, 'below_0.1_percent_acc': 0.948, 'below_0.01_percent_acc': 0.948, 'below_0.001_percent_acc': 0.904, 'below_0.0001_percent_acc': 0.903, 'valid_acc': 1.0}
Epoch: 14	Batch time (2.964111)	Data time (0.062142)	Cuda time (0.000002)	Loss (3.989300)	Accuracy (0.993074)
EVALUATING
{'loss': 4.502000143527985, 'accuracy': 0.9921840423345566, 'perfect_match_accuracy': 0.655, 'cost_ratio_suggested_true': 1.0185943162441253, 'below_10.0_percent_acc': 1.0, 'below_1.0_percent_acc': 0.976, 'below_0.1_percent_acc': 0.956, 'below_0.01_percent_acc': 0.956, 'below_0.001_percent_acc': 0.9, 'below_0.0001_percent_acc': 0.9, 'valid_acc': 1.0}
Epoch: 15	Batch time (2.916806)	Data time (0.067068)	Cuda time (0.000002)	Loss (3.992000)	Accuracy (0.993069)
EVALUATING
{'loss': 4.617000195980072, 'accuracy': 0.9919843941926956, 'perfect_match_accuracy': 0.652, 'cost_ratio_suggested_true': 1.0177774465084075, 'below_10.0_percent_acc': 1.0, 'below_1.0_percent_acc': 0.974, 'below_0.1_percent_acc': 0.951, 'below_0.01_percent_acc': 0.951, 'below_0.001_percent_acc': 0.902, 'below_0.0001_percent_acc': 0.902, 'valid_acc': 1.0}
Epoch: 16	Batch time (2.731029)	Data time (0.065148)	Cuda time (0.000002)	Loss (3.760900)	Accuracy (0.993471)
EVALUATING
{'loss': 4.747000162601471, 'accuracy': 0.9917586916685104, 'perfect_match_accuracy': 0.626, 'cost_ratio_suggested_true': 1.0155203580856322, 'below_10.0_percent_acc': 1.0, 'below_1.0_percent_acc': 0.979, 'below_0.1_percent_acc': 0.959, 'below_0.01_percent_acc': 0.959, 'below_0.001_percent_acc': 0.915, 'below_0.0001_percent_acc': 0.915, 'valid_acc': 1.0}
Epoch: 17	Batch time (2.553276)	Data time (0.063008)	Cuda time (0.000002)	Loss (3.612200)	Accuracy (0.993729)
EVALUATING
{'loss': 5.169000313282013, 'accuracy': 0.9910260528326035, 'perfect_match_accuracy': 0.631, 'cost_ratio_suggested_true': 1.020144406557083, 'below_10.0_percent_acc': 1.0, 'below_1.0_percent_acc': 0.967, 'below_0.1_percent_acc': 0.944, 'below_0.01_percent_acc': 0.944, 'below_0.001_percent_acc': 0.909, 'below_0.0001_percent_acc': 0.909, 'valid_acc': 1.0}
Epoch: 18	Batch time (2.465407)	Data time (0.051290)	Cuda time (0.000002)	Loss (3.513300)	Accuracy (0.993901)
EVALUATING
{'loss': 4.489000232219696, 'accuracy': 0.9922066169977188, 'perfect_match_accuracy': 0.623, 'cost_ratio_suggested_true': 1.0158666038513184, 'below_10.0_percent_acc': 1.0, 'below_1.0_percent_acc': 0.981, 'below_0.1_percent_acc': 0.962, 'below_0.01_percent_acc': 0.962, 'below_0.001_percent_acc': 0.913, 'below_0.0001_percent_acc': 0.913, 'valid_acc': 1.0}
Epoch: 19	Batch time (2.707315)	Data time (0.055875)	Cuda time (0.000002)	Loss (3.477900)	Accuracy (0.993962)
EVALUATING
{'loss': 5.043000223636628, 'accuracy': 0.9912448072433472, 'perfect_match_accuracy': 0.615, 'cost_ratio_suggested_true': 1.0236609077453613, 'below_10.0_percent_acc': 1.0, 'below_1.0_percent_acc': 0.973, 'below_0.1_percent_acc': 0.953, 'below_0.01_percent_acc': 0.953, 'below_0.001_percent_acc': 0.9, 'below_0.0001_percent_acc': 0.899, 'valid_acc': 1.0}
Epoch: 20	Batch time (2.570437)	Data time (0.051383)	Cuda time (0.000002)	Loss (3.591300)	Accuracy (0.993765)
EVALUATING
{'loss': 4.050000157356262, 'accuracy': 0.9929687637090683, 'perfect_match_accuracy': 0.678, 'cost_ratio_suggested_true': 1.0134094834327698, 'below_10.0_percent_acc': 1.0, 'below_1.0_percent_acc': 0.976, 'below_0.1_percent_acc': 0.958, 'below_0.01_percent_acc': 0.958, 'below_0.001_percent_acc': 0.928, 'below_0.0001_percent_acc': 0.928, 'valid_acc': 1.0}
Epoch: 21	Batch time (2.646712)	Data time (0.061914)	Cuda time (0.000002)	Loss (3.357100)	Accuracy (0.994172)
EVALUATING
{'loss': 4.70500013589859, 'accuracy': 0.9918316131830216, 'perfect_match_accuracy': 0.639, 'cost_ratio_suggested_true': 1.0327022719383239, 'below_10.0_percent_acc': 1.0, 'below_1.0_percent_acc': 0.976, 'below_0.1_percent_acc': 0.956, 'below_0.01_percent_acc': 0.956, 'below_0.001_percent_acc': 0.935, 'below_0.0001_percent_acc': 0.935, 'valid_acc': 1.0}
Epoch: 22	Batch time (2.593480)	Data time (0.052632)	Cuda time (0.000093)	Loss (3.452500)	Accuracy (0.994006)
EVALUATING
{'loss': 4.418000221252441, 'accuracy': 0.9923298758268356, 'perfect_match_accuracy': 0.64, 'cost_ratio_suggested_true': 1.0175078117847443, 'below_10.0_percent_acc': 1.0, 'below_1.0_percent_acc': 0.976, 'below_0.1_percent_acc': 0.963, 'below_0.01_percent_acc': 0.963, 'below_0.001_percent_acc': 0.943, 'below_0.0001_percent_acc': 0.943, 'valid_acc': 1.0}
Epoch: 23	Batch time (2.664775)	Data time (0.052895)	Cuda time (0.000002)	Loss (3.290900)	Accuracy (0.994287)
EVALUATING
{'loss': 4.281000175476074, 'accuracy': 0.9925677168369293, 'perfect_match_accuracy': 0.668, 'cost_ratio_suggested_true': 1.0103737998008728, 'below_10.0_percent_acc': 1.0, 'below_1.0_percent_acc': 0.984, 'below_0.1_percent_acc': 0.966, 'below_0.01_percent_acc': 0.966, 'below_0.001_percent_acc': 0.931, 'below_0.0001_percent_acc': 0.931, 'valid_acc': 1.0}
Epoch: 24	Batch time (2.689978)	Data time (0.058691)	Cuda time (0.000002)	Loss (3.212900)	Accuracy (0.994422)
EVALUATING
{'loss': 5.117000193595886, 'accuracy': 0.9911163288354874, 'perfect_match_accuracy': 0.624, 'cost_ratio_suggested_true': 1.020869517326355, 'below_10.0_percent_acc': 1.0, 'below_1.0_percent_acc': 0.969, 'below_0.1_percent_acc': 0.94, 'below_0.01_percent_acc': 0.94, 'below_0.001_percent_acc': 0.886, 'below_0.0001_percent_acc': 0.885, 'valid_acc': 1.0}
Epoch: 25	Batch time (2.587974)	Data time (0.057385)	Cuda time (0.000002)	Loss (3.315200)	Accuracy (0.994244)
EVALUATING
{'loss': 4.538000206947327, 'accuracy': 0.9921215486526489, 'perfect_match_accuracy': 0.673, 'cost_ratio_suggested_true': 1.0270487534999848, 'below_10.0_percent_acc': 1.0, 'below_1.0_percent_acc': 0.974, 'below_0.1_percent_acc': 0.95, 'below_0.01_percent_acc': 0.95, 'below_0.001_percent_acc': 0.895, 'below_0.0001_percent_acc': 0.895, 'valid_acc': 1.0}
Epoch: 26	Batch time (2.784540)	Data time (0.053407)	Cuda time (0.000002)	Loss (3.297100)	Accuracy (0.994276)
EVALUATING
{'loss': 4.51300021648407, 'accuracy': 0.9921649461984634, 'perfect_match_accuracy': 0.667, 'cost_ratio_suggested_true': 1.016635422706604, 'below_10.0_percent_acc': 1.0, 'below_1.0_percent_acc': 0.976, 'below_0.1_percent_acc': 0.941, 'below_0.01_percent_acc': 0.941, 'below_0.001_percent_acc': 0.886, 'below_0.0001_percent_acc': 0.886, 'valid_acc': 1.0}
Epoch: 27	Batch time (2.827660)	Data time (0.062241)	Cuda time (0.000002)	Loss (3.171700)	Accuracy (0.994494)
EVALUATING
{'loss': 4.495000085830688, 'accuracy': 0.992196192741394, 'perfect_match_accuracy': 0.674, 'cost_ratio_suggested_true': 1.0174330151081086, 'below_10.0_percent_acc': 1.0, 'below_1.0_percent_acc': 0.976, 'below_0.1_percent_acc': 0.951, 'below_0.01_percent_acc': 0.951, 'below_0.001_percent_acc': 0.915, 'below_0.0001_percent_acc': 0.914, 'valid_acc': 1.0}
Epoch: 28	Batch time (2.988237)	Data time (0.060608)	Cuda time (0.000002)	Loss (2.906800)	Accuracy (0.994953)
EVALUATING
{'loss': 4.748000192642212, 'accuracy': 0.9917569541931153, 'perfect_match_accuracy': 0.64, 'cost_ratio_suggested_true': 1.0176178181171418, 'below_10.0_percent_acc': 1.0, 'below_1.0_percent_acc': 0.975, 'below_0.1_percent_acc': 0.955, 'below_0.01_percent_acc': 0.955, 'below_0.001_percent_acc': 0.917, 'below_0.0001_percent_acc': 0.917, 'valid_acc': 1.0}
Epoch: 29	Batch time (2.902352)	Data time (0.067012)	Cuda time (0.000002)	Loss (3.103300)	Accuracy (0.994612)
EVALUATING
{'loss': 4.274000146389008, 'accuracy': 0.9925798773765564, 'perfect_match_accuracy': 0.678, 'cost_ratio_suggested_true': 1.0119448459148408, 'below_10.0_percent_acc': 1.0, 'below_1.0_percent_acc': 0.985, 'below_0.1_percent_acc': 0.963, 'below_0.01_percent_acc': 0.963, 'below_0.001_percent_acc': 0.936, 'below_0.0001_percent_acc': 0.935, 'valid_acc': 1.0}
Epoch: 30	Batch time (2.887286)	Data time (0.069095)	Cuda time (0.000002)	Loss (2.904800)	Accuracy (0.994957)
EVALUATING
{'loss': 4.240000205039978, 'accuracy': 0.9926389020681381, 'perfect_match_accuracy': 0.691, 'cost_ratio_suggested_true': 1.014935063123703, 'below_10.0_percent_acc': 1.0, 'below_1.0_percent_acc': 0.978, 'below_0.1_percent_acc': 0.956, 'below_0.01_percent_acc': 0.956, 'below_0.001_percent_acc': 0.917, 'below_0.0001_percent_acc': 0.916, 'valid_acc': 1.0}
Epoch: 31	Batch time (2.882007)	Data time (0.061110)	Cuda time (0.000002)	Loss (2.069400)	Accuracy (0.996407)
EVALUATING
{'loss': 3.737000136375427, 'accuracy': 0.9935121619701386, 'perfect_match_accuracy': 0.707, 'cost_ratio_suggested_true': 1.0112282729148865, 'below_10.0_percent_acc': 1.0, 'below_1.0_percent_acc': 0.988, 'below_0.1_percent_acc': 0.974, 'below_0.01_percent_acc': 0.974, 'below_0.001_percent_acc': 0.938, 'below_0.0001_percent_acc': 0.937, 'valid_acc': 1.0}
Epoch: 32	Batch time (2.785631)	Data time (0.056704)	Cuda time (0.000093)	Loss (1.642200)	Accuracy (0.997149)
EVALUATING
{'loss': 3.8080000948905943, 'accuracy': 0.993388906121254, 'perfect_match_accuracy': 0.701, 'cost_ratio_suggested_true': 1.0122912478446962, 'below_10.0_percent_acc': 1.0, 'below_1.0_percent_acc': 0.988, 'below_0.1_percent_acc': 0.973, 'below_0.01_percent_acc': 0.973, 'below_0.001_percent_acc': 0.925, 'below_0.0001_percent_acc': 0.925, 'valid_acc': 1.0}
Epoch: 33	Batch time (2.754362)	Data time (0.068516)	Cuda time (0.000002)	Loss (1.578900)	Accuracy (0.997259)
EVALUATING
{'loss': 3.670000107288361, 'accuracy': 0.9936284852027893, 'perfect_match_accuracy': 0.707, 'cost_ratio_suggested_true': 1.0120285367965698, 'below_10.0_percent_acc': 1.0, 'below_1.0_percent_acc': 0.989, 'below_0.1_percent_acc': 0.976, 'below_0.01_percent_acc': 0.976, 'below_0.001_percent_acc': 0.935, 'below_0.0001_percent_acc': 0.935, 'valid_acc': 1.0}
Epoch: 34	Batch time (2.623333)	Data time (0.060975)	Cuda time (0.000002)	Loss (1.578000)	Accuracy (0.997260)
EVALUATING
{'loss': 3.605000183582306, 'accuracy': 0.9937413287162781, 'perfect_match_accuracy': 0.713, 'cost_ratio_suggested_true': 1.0121194016933441, 'below_10.0_percent_acc': 1.0, 'below_1.0_percent_acc': 0.989, 'below_0.1_percent_acc': 0.98, 'below_0.01_percent_acc': 0.98, 'below_0.001_percent_acc': 0.945, 'below_0.0001_percent_acc': 0.945, 'valid_acc': 1.0}
Epoch: 35	Batch time (2.821006)	Data time (0.065245)	Cuda time (0.000002)	Loss (1.515400)	Accuracy (0.997369)
EVALUATING
{'loss': 3.8080001628398894, 'accuracy': 0.9933888936042785, 'perfect_match_accuracy': 0.703, 'cost_ratio_suggested_true': 1.0123048949241638, 'below_10.0_percent_acc': 1.0, 'below_1.0_percent_acc': 0.99, 'below_0.1_percent_acc': 0.974, 'below_0.01_percent_acc': 0.974, 'below_0.001_percent_acc': 0.922, 'below_0.0001_percent_acc': 0.922, 'valid_acc': 1.0}
Epoch: 36	Batch time (2.805645)	Data time (0.052773)	Cuda time (0.000002)	Loss (1.486400)	Accuracy (0.997419)
EVALUATING
{'loss': 3.777000150680542, 'accuracy': 0.9934427201747894, 'perfect_match_accuracy': 0.702, 'cost_ratio_suggested_true': 1.0121701538562775, 'below_10.0_percent_acc': 1.0, 'below_1.0_percent_acc': 0.99, 'below_0.1_percent_acc': 0.977, 'below_0.01_percent_acc': 0.977, 'below_0.001_percent_acc': 0.932, 'below_0.0001_percent_acc': 0.932, 'valid_acc': 1.0}
Epoch: 37	Batch time (2.859357)	Data time (0.068761)	Cuda time (0.000002)	Loss (1.511100)	Accuracy (0.997377)
EVALUATING
{'loss': 3.786000225543976, 'accuracy': 0.9934270906448365, 'perfect_match_accuracy': 0.703, 'cost_ratio_suggested_true': 1.0122834658622741, 'below_10.0_percent_acc': 1.0, 'below_1.0_percent_acc': 0.991, 'below_0.1_percent_acc': 0.976, 'below_0.01_percent_acc': 0.976, 'below_0.001_percent_acc': 0.934, 'below_0.0001_percent_acc': 0.934, 'valid_acc': 1.0}
Epoch: 38	Batch time (2.889921)	Data time (0.058268)	Cuda time (0.000003)	Loss (1.433700)	Accuracy (0.997511)
EVALUATING
{'loss': 3.827000081539154, 'accuracy': 0.9933559101819992, 'perfect_match_accuracy': 0.696, 'cost_ratio_suggested_true': 1.011681115627289, 'below_10.0_percent_acc': 1.0, 'below_1.0_percent_acc': 0.989, 'below_0.1_percent_acc': 0.974, 'below_0.01_percent_acc': 0.974, 'below_0.001_percent_acc': 0.928, 'below_0.0001_percent_acc': 0.928, 'valid_acc': 1.0}
Epoch: 39	Batch time (2.813642)	Data time (0.059414)	Cuda time (0.000002)	Loss (1.443900)	Accuracy (0.997493)
EVALUATING
{'loss': 3.827000187635422, 'accuracy': 0.9933559107780456, 'perfect_match_accuracy': 0.712, 'cost_ratio_suggested_true': 1.0140298843383788, 'below_10.0_percent_acc': 1.0, 'below_1.0_percent_acc': 0.988, 'below_0.1_percent_acc': 0.975, 'below_0.01_percent_acc': 0.975, 'below_0.001_percent_acc': 0.93, 'below_0.0001_percent_acc': 0.93, 'valid_acc': 1.0}
Epoch: 40	Batch time (2.890106)	Data time (0.070119)	Cuda time (0.000002)	Loss (1.437200)	Accuracy (0.997505)
EVALUATING
{'loss': 3.63300014257431, 'accuracy': 0.9936927211284637, 'perfect_match_accuracy': 0.715, 'cost_ratio_suggested_true': 1.0120277357101441, 'below_10.0_percent_acc': 1.0, 'below_1.0_percent_acc': 0.991, 'below_0.1_percent_acc': 0.978, 'below_0.01_percent_acc': 0.978, 'below_0.001_percent_acc': 0.937, 'below_0.0001_percent_acc': 0.937, 'valid_acc': 1.0}
Epoch: 41	Batch time (2.881539)	Data time (0.056464)	Cuda time (0.000008)	Loss (1.299300)	Accuracy (0.997744)
EVALUATING
{'loss': 3.598000193834305, 'accuracy': 0.9937534874677658, 'perfect_match_accuracy': 0.72, 'cost_ratio_suggested_true': 1.0116483795642852, 'below_10.0_percent_acc': 1.0, 'below_1.0_percent_acc': 0.991, 'below_0.1_percent_acc': 0.978, 'below_0.01_percent_acc': 0.978, 'below_0.001_percent_acc': 0.936, 'below_0.0001_percent_acc': 0.936, 'valid_acc': 1.0}
Epoch: 42	Batch time (2.638011)	Data time (0.055899)	Cuda time (0.000002)	Loss (1.263000)	Accuracy (0.997807)
EVALUATING
{'loss': 3.6840001845359804, 'accuracy': 0.9936041849851608, 'perfect_match_accuracy': 0.705, 'cost_ratio_suggested_true': 1.0119874727725984, 'below_10.0_percent_acc': 1.0, 'below_1.0_percent_acc': 0.99, 'below_0.1_percent_acc': 0.977, 'below_0.01_percent_acc': 0.977, 'below_0.001_percent_acc': 0.933, 'below_0.0001_percent_acc': 0.933, 'valid_acc': 1.0}
Epoch: 43	Batch time (2.776606)	Data time (0.058240)	Cuda time (0.000002)	Loss (1.214800)	Accuracy (0.997891)
EVALUATING
{'loss': 3.7770002102851867, 'accuracy': 0.9934427243471146, 'perfect_match_accuracy': 0.702, 'cost_ratio_suggested_true': 1.0115381634235383, 'below_10.0_percent_acc': 1.0, 'below_1.0_percent_acc': 0.99, 'below_0.1_percent_acc': 0.977, 'below_0.01_percent_acc': 0.977, 'below_0.001_percent_acc': 0.941, 'below_0.0001_percent_acc': 0.941, 'valid_acc': 1.0}
Epoch: 44	Batch time (2.765017)	Data time (0.053148)	Cuda time (0.000002)	Loss (1.184200)	Accuracy (0.997944)
EVALUATING
{'loss': 3.7130001473426817, 'accuracy': 0.9935538333654403, 'perfect_match_accuracy': 0.707, 'cost_ratio_suggested_true': 1.0114119255542755, 'below_10.0_percent_acc': 1.0, 'below_1.0_percent_acc': 0.99, 'below_0.1_percent_acc': 0.976, 'below_0.01_percent_acc': 0.976, 'below_0.001_percent_acc': 0.937, 'below_0.0001_percent_acc': 0.937, 'valid_acc': 1.0}
Epoch: 45	Batch time (2.842668)	Data time (0.068842)	Cuda time (0.000002)	Loss (1.143600)	Accuracy (0.998015)
EVALUATING
{'loss': 3.7420001435279846, 'accuracy': 0.9935034900903702, 'perfect_match_accuracy': 0.706, 'cost_ratio_suggested_true': 1.012524117231369, 'below_10.0_percent_acc': 1.0, 'below_1.0_percent_acc': 0.99, 'below_0.1_percent_acc': 0.976, 'below_0.01_percent_acc': 0.976, 'below_0.001_percent_acc': 0.933, 'below_0.0001_percent_acc': 0.933, 'valid_acc': 1.0}
Epoch: 46	Batch time (2.814304)	Data time (0.053218)	Cuda time (0.000002)	Loss (1.259000)	Accuracy (0.997814)
EVALUATING
{'loss': 3.7660001170635224, 'accuracy': 0.993461816906929, 'perfect_match_accuracy': 0.702, 'cost_ratio_suggested_true': 1.012415244579315, 'below_10.0_percent_acc': 1.0, 'below_1.0_percent_acc': 0.99, 'below_0.1_percent_acc': 0.977, 'below_0.01_percent_acc': 0.977, 'below_0.001_percent_acc': 0.935, 'below_0.0001_percent_acc': 0.935, 'valid_acc': 1.0}
Epoch: 47	Batch time (2.830213)	Data time (0.058972)	Cuda time (0.000002)	Loss (1.216200)	Accuracy (0.997889)
EVALUATING
{'loss': 3.74800008893013, 'accuracy': 0.993493075966835, 'perfect_match_accuracy': 0.706, 'cost_ratio_suggested_true': 1.0113778710365295, 'below_10.0_percent_acc': 1.0, 'below_1.0_percent_acc': 0.989, 'below_0.1_percent_acc': 0.975, 'below_0.01_percent_acc': 0.975, 'below_0.001_percent_acc': 0.938, 'below_0.0001_percent_acc': 0.938, 'valid_acc': 1.0}
Epoch: 48	Batch time (2.849206)	Data time (0.062836)	Cuda time (0.000002)	Loss (1.185000)	Accuracy (0.997943)
EVALUATING
{'loss': 3.6830000936985017, 'accuracy': 0.9936059206724167, 'perfect_match_accuracy': 0.708, 'cost_ratio_suggested_true': 1.0119414401054383, 'below_10.0_percent_acc': 1.0, 'below_1.0_percent_acc': 0.99, 'below_0.1_percent_acc': 0.975, 'below_0.01_percent_acc': 0.975, 'below_0.001_percent_acc': 0.933, 'below_0.0001_percent_acc': 0.933, 'valid_acc': 1.0}
Epoch: 49	Batch time (2.805083)	Data time (0.061852)	Cuda time (0.000002)	Loss (1.223200)	Accuracy (0.997876)
EVALUATING
{'loss': 3.6780001807212828, 'accuracy': 0.9936145949363708, 'perfect_match_accuracy': 0.711, 'cost_ratio_suggested_true': 1.0112859463691712, 'below_10.0_percent_acc': 1.0, 'below_1.0_percent_acc': 0.99, 'below_0.1_percent_acc': 0.977, 'below_0.01_percent_acc': 0.977, 'below_0.001_percent_acc': 0.939, 'below_0.0001_percent_acc': 0.939, 'valid_acc': 1.0}
Epoch: 50	Batch time (2.705761)	Data time (0.062299)	Cuda time (0.000002)	Loss (1.173100)	Accuracy (0.997963)
EVALUATING
{'loss': 3.7560001707077024, 'accuracy': 0.9934791737794876, 'perfect_match_accuracy': 0.705, 'cost_ratio_suggested_true': 1.011799556016922, 'below_10.0_percent_acc': 1.0, 'below_1.0_percent_acc': 0.99, 'below_0.1_percent_acc': 0.975, 'below_0.01_percent_acc': 0.975, 'below_0.001_percent_acc': 0.935, 'below_0.0001_percent_acc': 0.935, 'valid_acc': 1.0}
