gonzo-605-8.local
declare -x ANT_HOME="/opt/rocks"
declare -x ARC="lx-amd64"
declare -x BASH_ENV="/usr/share/lmod/lmod/init/bash"
declare -x CONDA_DEFAULT_ENV="gpu"
declare -x CONDA_EXE="/home/pminervi/anaconda3/bin/conda"
declare -x CONDA_PREFIX="/home/pminervi/anaconda3/envs/gpu"
declare -x CONDA_PREFIX_1="/home/pminervi/anaconda3/envs/cpu"
declare -x CONDA_PROMPT_MODIFIER="(gpu) "
declare -x CONDA_PYTHON_EXE="/home/pminervi/anaconda3/bin/python"
declare -x CONDA_SHLVL="2"
declare -x CUDA_VISIBLE_DEVICES="1"
declare -x ENVIRONMENT="BATCH"
declare -x HISTCONTROL="ignoredups"
declare -x HISTSIZE="1000"
declare -x HOME="/home/pminervi"
declare -x HOSTNAME="gonzo-605-8.local"
declare -x JAVA_HOME="/share/apps/mr/utils/jdk"
declare -x JOB_ID="2800544"
declare -x JOB_NAME="temperature_beaker_v10.job"
declare -x JOB_SCRIPT="/opt/gridengine/default/spool/gonzo-605-8/job_scripts/2800544"
declare -x LANG="en_US.utf8"
declare -x LANGUAGE="en_US:en"
declare -x LD_LIBRARY_PATH="/share/apps/gcc-6.2.0/lib/:/share/apps/gcc-6.2.0/lib64/:/opt/gridengine/lib/lx-amd64"
declare -x LESSOPEN="||/usr/bin/lesspipe.sh %s"
declare -x LMOD_CMD="/usr/share/lmod/lmod/libexec/lmod"
declare -x LMOD_DIR="/usr/share/lmod/lmod/libexec"
declare -x LMOD_PKG="/usr/share/lmod/lmod"
declare -x LMOD_ROOT="/usr/share/lmod"
declare -x LMOD_SETTARG_FULL_SUPPORT="no"
declare -x LMOD_VERSION="8.2.7"
declare -x LMOD_sys="Linux"
declare -x LOADEDMODULES=""
declare -x LOGNAME="pminervi"
declare -x MAIL="/var/spool/mail/pminervi"
declare -x MANPATH="/usr/share/lmod/lmod/share/man:"
declare -x MODULEPATH="/share/apps/modulefiles/default"
declare -x MODULEPATH_ROOT="/usr/share/modulefiles"
declare -x MODULESHOME="/usr/share/lmod/lmod"
declare -x MPICH_PROCESS_GROUP="no"
declare -x NHOSTS="1"
declare -x NQUEUES="1"
declare -x NSLOTS="1"
declare -x OLDPWD="/home/pminervi/workspace/map-backprop"
declare -x PATH="/home/pminervi/anaconda3/envs/gpu/bin:/home/pminervi/anaconda3/condabin:/home/pminervi/anaconda3/bin:/share/apps/binutils-2.27/bin/:/share/apps/gcc-6.2.0/bin/:/share/apps/mr/bin:/tmp/2800544.15.gpu.q:/usr/local/bin:/bin:/usr/bin:/usr/local/sbin:/usr/sbin:/opt/ganglia/bin:/opt/ganglia/sbin:/opt/rocks/bin:/opt/rocks/sbin:/opt/gridengine/bin/lx-amd64:/home/pminervi/bin"
declare -x PWD="/home/pminervi/workspace/map-backprop"
declare -x QUEUE="gpu.q"
declare -x REQNAME="temperature_beaker_v10.job"
declare -x REQUEST="temperature_beaker_v10.job"
declare -x RESTARTED="0"
declare -x ROCKSROOT="/opt/rocks/share/devel"
declare -x ROCKS_ROOT="/opt/rocks"
declare -x ROLLSROOT="/opt/rocks/share/devel/src/roll"
declare -x SGE_ACCOUNT="sge"
declare -x SGE_ARCH="lx-amd64"
declare -x SGE_BINARY_PATH="/opt/gridengine/bin/lx-amd64"
declare -x SGE_CELL="default"
declare -x SGE_CWD_PATH="/home/pminervi/workspace/map-backprop"
declare -x SGE_EXECD_PORT="537"
declare -x SGE_JOB_SPOOL_DIR="/opt/gridengine/default/spool/gonzo-605-8/active_jobs/2800544.15"
declare -x SGE_O_HOME="/home/pminervi"
declare -x SGE_O_HOST="beaker"
declare -x SGE_O_LOGNAME="pminervi"
declare -x SGE_O_MAIL="/var/spool/mail/pminervi"
declare -x SGE_O_PATH="/home/pminervi/anaconda3/envs/cpu/bin:/home/pminervi/anaconda3/condabin:/home/pminervi/anaconda3/bin:/share/apps/binutils-2.27/bin/:/share/apps/gcc-6.2.0/bin/:/share/apps/mr/bin:/usr/local/bin:/usr/bin:/usr/local/sbin:/usr/sbin:/opt/ganglia/bin:/opt/ganglia/sbin:/opt/rocks/bin:/opt/rocks/sbin:/opt/gridengine/bin/lx-amd64:/home/pminervi/bin"
declare -x SGE_O_SHELL="/bin/bash"
declare -x SGE_O_WORKDIR="/home/pminervi/workspace/map-backprop"
declare -x SGE_QMASTER_PORT="536"
declare -x SGE_ROOT="/opt/gridengine"
declare -x SGE_STDERR_PATH="/home/pminervi/array.err"
declare -x SGE_STDIN_PATH="/dev/null"
declare -x SGE_STDOUT_PATH="/home/pminervi/array.out"
declare -x SGE_TASK_FIRST="1"
declare -x SGE_TASK_ID="15"
declare -x SGE_TASK_LAST="20"
declare -x SGE_TASK_STEPSIZE="1"
declare -x SHELL="/bin/bash"
declare -x SHLVL="2"
declare -x SSH_ASKPASS="/usr/libexec/openssh/gnome-ssh-askpass"
declare -x TERM=""
declare -x TMP="/tmp/2800544.15.gpu.q"
declare -x TMPDIR="/tmp/2800544.15.gpu.q"
declare -x USER="pminervi"
Wed Feb  3 22:57:42 2021       
+-----------------------------------------------------------------------------+
| NVIDIA-SMI 450.51.05    Driver Version: 450.51.05    CUDA Version: 11.0     |
|-------------------------------+----------------------+----------------------+
| GPU  Name        Persistence-M| Bus-Id        Disp.A | Volatile Uncorr. ECC |
| Fan  Temp  Perf  Pwr:Usage/Cap|         Memory-Usage | GPU-Util  Compute M. |
|                               |                      |               MIG M. |
|===============================+======================+======================|
|   0  GeForce GTX 108...  On   | 00000000:02:00.0 Off |                  N/A |
| 28%   44C    P2    64W / 250W |   1469MiB / 11178MiB |     31%   E. Process |
|                               |                      |                  N/A |
+-------------------------------+----------------------+----------------------+
|   1  GeForce GTX 108...  On   | 00000000:81:00.0 Off |                  N/A |
| 23%   27C    P8     8W / 250W |      0MiB / 11178MiB |      0%   E. Process |
|                               |                      |                  N/A |
+-------------------------------+----------------------+----------------------+
|   2  GeForce GTX 108...  On   | 00000000:82:00.0 Off |                  N/A |
| 28%   47C    P2    60W / 250W |   3585MiB / 11178MiB |      0%   E. Process |
|                               |                      |                  N/A |
+-------------------------------+----------------------+----------------------+
                                                                               
+-----------------------------------------------------------------------------+
| Processes:                                                                  |
|  GPU   GI   CI        PID   Type   Process name                  GPU Memory |
|        ID   ID                                                   Usage      |
|=============================================================================|
|    0   N/A  N/A      1224      C   python                           1467MiB |
|    2   N/A  N/A     31818      C   ...ate_every=1 use_ray=False     3583MiB |
+-----------------------------------------------------------------------------+
No existing entry for trainer_params.mode.type
{}[type] = <class 'int'>(1)
No existing entry for trainer_params.mode.objective_type
{'type': 1}[objective_type] = <class 'str'>(normal)
No existing entry for trainer_params.mode.use_marginal
{'type': 1, 'objective_type': 'normal'}[use_marginal] = <class 'bool'>(True)
No existing entry for trainer_params.mode.nb_samples
{'type': 1, 'objective_type': 'normal', 'use_marginal': True}[nb_samples] = <class 'int'>(10)
No existing entry for trainer_params.mode.temperature
{'type': 1, 'objective_type': 'normal', 'use_marginal': True, 'nb_samples': 10}[temperature] = <class 'float'>(0.001)
No existing entry for trainer_params.mode.use_gamma
{'type': 1, 'objective_type': 'normal', 'use_marginal': True, 'nb_samples': 10, 'temperature': 0.001}[use_gamma] = <class 'bool'>(True)
No existing entry for trainer_params.mode.loss_type
{'type': 1, 'objective_type': 'normal', 'use_marginal': True, 'nb_samples': 10, 'temperature': 0.001, 'use_gamma': True}[loss_type] = <class 'str'>(normal)
No existing entry for trainer_params.mode.perturb_w
{'type': 1, 'objective_type': 'normal', 'use_marginal': True, 'nb_samples': 10, 'temperature': 0.001, 'use_gamma': True, 'loss_type': 'normal'}[perturb_w] = <class 'bool'>(False)
No existing entry for trainer_params.mode.perturb_w_prime
{'type': 1, 'objective_type': 'normal', 'use_marginal': True, 'nb_samples': 10, 'temperature': 0.001, 'use_gamma': True, 'loss_type': 'normal', 'perturb_w': False}[perturb_w_prime] = <class 'bool'>(False)
{'batch_size': 70, 'l1_regconst': 0.0, 'lambda_val': 20.0, 'lr_milestone_1': 30, 'lr_milestone_2': 40, 'model_params': {'arch_params': {}, 'model_name': 'CombResnet18'}, 'neighbourhood_fn': '8-grid', 'optimizer_name': 'Adam', 'optimizer_params': {'lr': 0.0005}, 'preload_batch': True, 'use_cuda': True, 'use_lr_scheduling': True, 'mode': {'type': 1, 'objective_type': 'normal', 'use_marginal': True, 'nb_samples': 10, 'temperature': 0.001, 'use_gamma': True, 'loss_type': 'normal', 'perturb_w': False, 'perturb_w_prime': False}}[lambda_val] = <class 'float'>(10.0)
{'data_dir': 'data/warcraft_shortest_path/12x12', 'evaluate_with_extra': False, 'normalize': True, 'use_local_path': False, 'use_test_set': True}[data_dir] = <class 'str'>(data/warcraft_shortest_path/18x18)
{'evaluate_every': 5, 'loader_params': {'data_dir': 'data/warcraft_shortest_path/18x18', 'evaluate_with_extra': False, 'normalize': True, 'use_local_path': False, 'use_test_set': True}, 'model_dir': 'results/warcraft_shortest_path_combresnet', 'num_cpus': 40, 'num_epochs': 50, 'problem_type': 'warcraft_shortest_path', 'ray_params': {}, 'save_visualizations': False, 'seed': 1, 'trainer_name': 'DijkstraMAP', 'trainer_params': {'batch_size': 70, 'l1_regconst': 0.0, 'lambda_val': 10.0, 'lr_milestone_1': 30, 'lr_milestone_2': 40, 'model_params': {'arch_params': {}, 'model_name': 'CombResnet18'}, 'neighbourhood_fn': '8-grid', 'optimizer_name': 'Adam', 'optimizer_params': {'lr': 0.0005}, 'preload_batch': True, 'use_cuda': True, 'use_lr_scheduling': True, 'mode': {'type': 1, 'objective_type': 'normal', 'use_marginal': True, 'nb_samples': 10, 'temperature': 0.001, 'use_gamma': True, 'loss_type': 'normal', 'perturb_w': False, 'perturb_w_prime': False}}, 'use_ray': True}[seed] = <class 'int'>(1)
{'evaluate_every': 5, 'loader_params': {'data_dir': 'data/warcraft_shortest_path/18x18', 'evaluate_with_extra': False, 'normalize': True, 'use_local_path': False, 'use_test_set': True}, 'model_dir': 'results/warcraft_shortest_path_combresnet', 'num_cpus': 40, 'num_epochs': 50, 'problem_type': 'warcraft_shortest_path', 'ray_params': {}, 'save_visualizations': False, 'seed': 1, 'trainer_name': 'DijkstraMAP', 'trainer_params': {'batch_size': 70, 'l1_regconst': 0.0, 'lambda_val': 10.0, 'lr_milestone_1': 30, 'lr_milestone_2': 40, 'model_params': {'arch_params': {}, 'model_name': 'CombResnet18'}, 'neighbourhood_fn': '8-grid', 'optimizer_name': 'Adam', 'optimizer_params': {'lr': 0.0005}, 'preload_batch': True, 'use_cuda': True, 'use_lr_scheduling': True, 'mode': {'type': 1, 'objective_type': 'normal', 'use_marginal': True, 'nb_samples': 10, 'temperature': 0.001, 'use_gamma': True, 'loss_type': 'normal', 'perturb_w': False, 'perturb_w_prime': False}}, 'use_ray': True}[evaluate_every] = <class 'int'>(1)
{'evaluate_every': 1, 'loader_params': {'data_dir': 'data/warcraft_shortest_path/18x18', 'evaluate_with_extra': False, 'normalize': True, 'use_local_path': False, 'use_test_set': True}, 'model_dir': 'results/warcraft_shortest_path_combresnet', 'num_cpus': 40, 'num_epochs': 50, 'problem_type': 'warcraft_shortest_path', 'ray_params': {}, 'save_visualizations': False, 'seed': 1, 'trainer_name': 'DijkstraMAP', 'trainer_params': {'batch_size': 70, 'l1_regconst': 0.0, 'lambda_val': 10.0, 'lr_milestone_1': 30, 'lr_milestone_2': 40, 'model_params': {'arch_params': {}, 'model_name': 'CombResnet18'}, 'neighbourhood_fn': '8-grid', 'optimizer_name': 'Adam', 'optimizer_params': {'lr': 0.0005}, 'preload_batch': True, 'use_cuda': True, 'use_lr_scheduling': True, 'mode': {'type': 1, 'objective_type': 'normal', 'use_marginal': True, 'nb_samples': 10, 'temperature': 0.001, 'use_gamma': True, 'loss_type': 'normal', 'perturb_w': False, 'perturb_w_prime': False}}, 'use_ray': True}[use_ray] = <class 'bool'>(False)
No existing entry for trainer_params.mode.type
{}[type] = <class 'int'>(1)
No existing entry for trainer_params.mode.objective_type
{'type': 1}[objective_type] = <class 'str'>(normal)
No existing entry for trainer_params.mode.use_marginal
{'type': 1, 'objective_type': 'normal'}[use_marginal] = <class 'bool'>(True)
No existing entry for trainer_params.mode.nb_samples
{'type': 1, 'objective_type': 'normal', 'use_marginal': True}[nb_samples] = <class 'int'>(10)
No existing entry for trainer_params.mode.temperature
{'type': 1, 'objective_type': 'normal', 'use_marginal': True, 'nb_samples': 10}[temperature] = <class 'float'>(0.001)
No existing entry for trainer_params.mode.use_gamma
{'type': 1, 'objective_type': 'normal', 'use_marginal': True, 'nb_samples': 10, 'temperature': 0.001}[use_gamma] = <class 'bool'>(True)
No existing entry for trainer_params.mode.loss_type
{'type': 1, 'objective_type': 'normal', 'use_marginal': True, 'nb_samples': 10, 'temperature': 0.001, 'use_gamma': True}[loss_type] = <class 'str'>(normal)
No existing entry for trainer_params.mode.perturb_w
{'type': 1, 'objective_type': 'normal', 'use_marginal': True, 'nb_samples': 10, 'temperature': 0.001, 'use_gamma': True, 'loss_type': 'normal'}[perturb_w] = <class 'bool'>(False)
No existing entry for trainer_params.mode.perturb_w_prime
{'type': 1, 'objective_type': 'normal', 'use_marginal': True, 'nb_samples': 10, 'temperature': 0.001, 'use_gamma': True, 'loss_type': 'normal', 'perturb_w': False}[perturb_w_prime] = <class 'bool'>(False)
{'batch_size': 70, 'l1_regconst': 0.0, 'lambda_val': 20.0, 'lr_milestone_1': 30, 'lr_milestone_2': 40, 'model_params': {'arch_params': {}, 'model_name': 'CombResnet18'}, 'neighbourhood_fn': '8-grid', 'optimizer_name': 'Adam', 'optimizer_params': {'lr': 0.0005}, 'preload_batch': True, 'use_cuda': True, 'use_lr_scheduling': True, 'mode': {'type': 1, 'objective_type': 'normal', 'use_marginal': True, 'nb_samples': 10, 'temperature': 0.001, 'use_gamma': True, 'loss_type': 'normal', 'perturb_w': False, 'perturb_w_prime': False}}[lambda_val] = <class 'float'>(10.0)
{'data_dir': 'data/warcraft_shortest_path/12x12', 'evaluate_with_extra': False, 'normalize': True, 'use_local_path': False, 'use_test_set': True}[data_dir] = <class 'str'>(data/warcraft_shortest_path/18x18)
{'evaluate_every': 5, 'loader_params': {'data_dir': 'data/warcraft_shortest_path/18x18', 'evaluate_with_extra': False, 'normalize': True, 'use_local_path': False, 'use_test_set': True}, 'model_dir': 'results/warcraft_shortest_path_combresnet', 'num_cpus': 40, 'num_epochs': 50, 'problem_type': 'warcraft_shortest_path', 'ray_params': {}, 'save_visualizations': False, 'seed': 1, 'trainer_name': 'DijkstraMAP', 'trainer_params': {'batch_size': 70, 'l1_regconst': 0.0, 'lambda_val': 10.0, 'lr_milestone_1': 30, 'lr_milestone_2': 40, 'model_params': {'arch_params': {}, 'model_name': 'CombResnet18'}, 'neighbourhood_fn': '8-grid', 'optimizer_name': 'Adam', 'optimizer_params': {'lr': 0.0005}, 'preload_batch': True, 'use_cuda': True, 'use_lr_scheduling': True, 'mode': {'type': 1, 'objective_type': 'normal', 'use_marginal': True, 'nb_samples': 10, 'temperature': 0.001, 'use_gamma': True, 'loss_type': 'normal', 'perturb_w': False, 'perturb_w_prime': False}}, 'use_ray': True}[seed] = <class 'int'>(1)
{'evaluate_every': 5, 'loader_params': {'data_dir': 'data/warcraft_shortest_path/18x18', 'evaluate_with_extra': False, 'normalize': True, 'use_local_path': False, 'use_test_set': True}, 'model_dir': 'results/warcraft_shortest_path_combresnet', 'num_cpus': 40, 'num_epochs': 50, 'problem_type': 'warcraft_shortest_path', 'ray_params': {}, 'save_visualizations': False, 'seed': 1, 'trainer_name': 'DijkstraMAP', 'trainer_params': {'batch_size': 70, 'l1_regconst': 0.0, 'lambda_val': 10.0, 'lr_milestone_1': 30, 'lr_milestone_2': 40, 'model_params': {'arch_params': {}, 'model_name': 'CombResnet18'}, 'neighbourhood_fn': '8-grid', 'optimizer_name': 'Adam', 'optimizer_params': {'lr': 0.0005}, 'preload_batch': True, 'use_cuda': True, 'use_lr_scheduling': True, 'mode': {'type': 1, 'objective_type': 'normal', 'use_marginal': True, 'nb_samples': 10, 'temperature': 0.001, 'use_gamma': True, 'loss_type': 'normal', 'perturb_w': False, 'perturb_w_prime': False}}, 'use_ray': True}[evaluate_every] = <class 'int'>(1)
{'evaluate_every': 1, 'loader_params': {'data_dir': 'data/warcraft_shortest_path/18x18', 'evaluate_with_extra': False, 'normalize': True, 'use_local_path': False, 'use_test_set': True}, 'model_dir': 'results/warcraft_shortest_path_combresnet', 'num_cpus': 40, 'num_epochs': 50, 'problem_type': 'warcraft_shortest_path', 'ray_params': {}, 'save_visualizations': False, 'seed': 1, 'trainer_name': 'DijkstraMAP', 'trainer_params': {'batch_size': 70, 'l1_regconst': 0.0, 'lambda_val': 10.0, 'lr_milestone_1': 30, 'lr_milestone_2': 40, 'model_params': {'arch_params': {}, 'model_name': 'CombResnet18'}, 'neighbourhood_fn': '8-grid', 'optimizer_name': 'Adam', 'optimizer_params': {'lr': 0.0005}, 'preload_batch': True, 'use_cuda': True, 'use_lr_scheduling': True, 'mode': {'type': 1, 'objective_type': 'normal', 'use_marginal': True, 'nb_samples': 10, 'temperature': 0.001, 'use_gamma': True, 'loss_type': 'normal', 'perturb_w': False, 'perturb_w_prime': False}}, 'use_ray': True}[use_ray] = <class 'bool'>(False)
{
    "evaluate_every": 1,
    "loader_params": {
        "data_dir": "data/warcraft_shortest_path/18x18",
        "evaluate_with_extra": false,
        "normalize": true,
        "use_local_path": false,
        "use_test_set": true
    },
    "model_dir": "results/warcraft_shortest_path_combresnet",
    "num_cpus": 40,
    "num_epochs": 50,
    "problem_type": "warcraft_shortest_path",
    "ray_params": {},
    "save_visualizations": false,
    "seed": 1,
    "trainer_name": "DijkstraMAP",
    "trainer_params": {
        "batch_size": 70,
        "l1_regconst": 0.0,
        "lambda_val": 10.0,
        "lr_milestone_1": 30,
        "lr_milestone_2": 40,
        "mode": {
            "loss_type": "normal",
            "nb_samples": 10,
            "objective_type": "normal",
            "perturb_w": false,
            "perturb_w_prime": false,
            "temperature": 0.001,
            "type": 1,
            "use_gamma": true,
            "use_marginal": true
        },
        "model_params": {
            "arch_params": {},
            "model_name": "CombResnet18"
        },
        "neighbourhood_fn": "8-grid",
        "optimizer_name": "Adam",
        "optimizer_params": {
            "lr": 0.0005
        },
        "preload_batch": true,
        "use_cuda": true,
        "use_lr_scheduling": true
    },
    "use_ray": false
}
MAP-BACKPROP MODE: {
    "loss_type": "normal",
    "nb_samples": 10,
    "objective_type": "normal",
    "perturb_w": false,
    "perturb_w_prime": false,
    "temperature": 0.001,
    "type": 1,
    "use_gamma": true,
    "use_marginal": true
}
True
META: {'input_image_size': 144, 'output_features': 324, 'num_channels': 3, 'denormalize': <maprop.decorators.input_to_numpy object at 0x2b6ffd618a90>}
EVALUATING
{'loss': 30.140000858306884, 'accuracy': 0.9069752943515778, 'perfect_match_accuracy': 0.007, 'cost_ratio_suggested_true': 2.698470640182495, 'below_10.0_percent_acc': 0.071, 'below_1.0_percent_acc': 0.015, 'below_0.1_percent_acc': 0.012, 'below_0.01_percent_acc': 0.012, 'below_0.001_percent_acc': 0.01, 'below_0.0001_percent_acc': 0.01, 'valid_acc': 1.0}
Epoch: 1	Batch time (1.543621)	Data time (0.020289)	Cuda time (0.000003)	Loss (11.035300)	Accuracy (0.965940)
EVALUATING
{'loss': 6.116000294685364, 'accuracy': 0.9811234557628632, 'perfect_match_accuracy': 0.47, 'cost_ratio_suggested_true': 1.0569138133525848, 'below_10.0_percent_acc': 0.99, 'below_1.0_percent_acc': 0.858, 'below_0.1_percent_acc': 0.83, 'below_0.01_percent_acc': 0.83, 'below_0.001_percent_acc': 0.79, 'below_0.0001_percent_acc': 0.789, 'valid_acc': 1.0}
Epoch: 2	Batch time (1.476798)	Data time (0.023320)	Cuda time (0.000003)	Loss (6.082800)	Accuracy (0.981226)
EVALUATING
{'loss': 5.2080002450943, 'accuracy': 0.9839259153604507, 'perfect_match_accuracy': 0.523, 'cost_ratio_suggested_true': 1.0301662969589234, 'below_10.0_percent_acc': 0.999, 'below_1.0_percent_acc': 0.93, 'below_0.1_percent_acc': 0.906, 'below_0.01_percent_acc': 0.905, 'below_0.001_percent_acc': 0.881, 'below_0.0001_percent_acc': 0.88, 'valid_acc': 1.0}
Epoch: 3	Batch time (1.553910)	Data time (0.020893)	Cuda time (0.000003)	Loss (4.837300)	Accuracy (0.985070)
EVALUATING
{'loss': 4.51600013256073, 'accuracy': 0.9860617107152939, 'perfect_match_accuracy': 0.618, 'cost_ratio_suggested_true': 1.0306477177143096, 'below_10.0_percent_acc': 0.999, 'below_1.0_percent_acc': 0.928, 'below_0.1_percent_acc': 0.898, 'below_0.01_percent_acc': 0.897, 'below_0.001_percent_acc': 0.854, 'below_0.0001_percent_acc': 0.853, 'valid_acc': 1.0}
Epoch: 4	Batch time (1.563343)	Data time (0.020133)	Cuda time (0.000003)	Loss (4.145900)	Accuracy (0.987204)
EVALUATING
{'loss': 4.241000168323517, 'accuracy': 0.9869104826450348, 'perfect_match_accuracy': 0.601, 'cost_ratio_suggested_true': 1.028672181367874, 'below_10.0_percent_acc': 0.999, 'below_1.0_percent_acc': 0.944, 'below_0.1_percent_acc': 0.919, 'below_0.01_percent_acc': 0.918, 'below_0.001_percent_acc': 0.871, 'below_0.0001_percent_acc': 0.871, 'valid_acc': 1.0}
Epoch: 5	Batch time (1.441629)	Data time (0.023454)	Cuda time (0.000003)	Loss (3.920100)	Accuracy (0.987901)
EVALUATING
{'loss': 3.8440002012252807, 'accuracy': 0.988135793209076, 'perfect_match_accuracy': 0.643, 'cost_ratio_suggested_true': 1.0358995771408082, 'below_10.0_percent_acc': 1.0, 'below_1.0_percent_acc': 0.963, 'below_0.1_percent_acc': 0.944, 'below_0.01_percent_acc': 0.943, 'below_0.001_percent_acc': 0.901, 'below_0.0001_percent_acc': 0.901, 'valid_acc': 1.0}
Epoch: 6	Batch time (1.422915)	Data time (0.022148)	Cuda time (0.000002)	Loss (3.668700)	Accuracy (0.988677)
EVALUATING
{'loss': 4.007000136375427, 'accuracy': 0.9876327049732209, 'perfect_match_accuracy': 0.615, 'cost_ratio_suggested_true': 1.0203788781166077, 'below_10.0_percent_acc': 1.0, 'below_1.0_percent_acc': 0.971, 'below_0.1_percent_acc': 0.946, 'below_0.01_percent_acc': 0.946, 'below_0.001_percent_acc': 0.903, 'below_0.0001_percent_acc': 0.903, 'valid_acc': 1.0}
Epoch: 7	Batch time (1.563194)	Data time (0.020237)	Cuda time (0.000002)	Loss (3.471800)	Accuracy (0.989285)
EVALUATING
{'loss': 4.102000184059143, 'accuracy': 0.9873394942283631, 'perfect_match_accuracy': 0.625, 'cost_ratio_suggested_true': 1.0231879544258118, 'below_10.0_percent_acc': 1.0, 'below_1.0_percent_acc': 0.964, 'below_0.1_percent_acc': 0.947, 'below_0.01_percent_acc': 0.947, 'below_0.001_percent_acc': 0.913, 'below_0.0001_percent_acc': 0.913, 'valid_acc': 1.0}
Epoch: 8	Batch time (1.531901)	Data time (0.020756)	Cuda time (0.000002)	Loss (3.184500)	Accuracy (0.990171)
EVALUATING
{'loss': 3.667000160217285, 'accuracy': 0.9886820882558822, 'perfect_match_accuracy': 0.649, 'cost_ratio_suggested_true': 1.0369873189926146, 'below_10.0_percent_acc': 1.0, 'below_1.0_percent_acc': 0.965, 'below_0.1_percent_acc': 0.944, 'below_0.01_percent_acc': 0.943, 'below_0.001_percent_acc': 0.89, 'below_0.0001_percent_acc': 0.889, 'valid_acc': 1.0}
Epoch: 9	Batch time (1.371564)	Data time (0.023842)	Cuda time (0.000003)	Loss (2.991800)	Accuracy (0.990766)
EVALUATING
{'loss': 3.551000089645386, 'accuracy': 0.9890401017665863, 'perfect_match_accuracy': 0.678, 'cost_ratio_suggested_true': 1.0186353838443756, 'below_10.0_percent_acc': 1.0, 'below_1.0_percent_acc': 0.973, 'below_0.1_percent_acc': 0.956, 'below_0.01_percent_acc': 0.955, 'below_0.001_percent_acc': 0.901, 'below_0.0001_percent_acc': 0.901, 'valid_acc': 1.0}
Epoch: 10	Batch time (1.493889)	Data time (0.020273)	Cuda time (0.000003)	Loss (2.849800)	Accuracy (0.991204)
EVALUATING
{'loss': 3.3740001201629637, 'accuracy': 0.9895863997936248, 'perfect_match_accuracy': 0.656, 'cost_ratio_suggested_true': 1.0222226285934448, 'below_10.0_percent_acc': 1.0, 'below_1.0_percent_acc': 0.981, 'below_0.1_percent_acc': 0.972, 'below_0.01_percent_acc': 0.972, 'below_0.001_percent_acc': 0.934, 'below_0.0001_percent_acc': 0.934, 'valid_acc': 1.0}
Epoch: 11	Batch time (1.576453)	Data time (0.020138)	Cuda time (0.000002)	Loss (2.796800)	Accuracy (0.991368)
EVALUATING
{'loss': 3.5040001249313355, 'accuracy': 0.9891851675510407, 'perfect_match_accuracy': 0.677, 'cost_ratio_suggested_true': 1.017443836927414, 'below_10.0_percent_acc': 1.0, 'below_1.0_percent_acc': 0.966, 'below_0.1_percent_acc': 0.951, 'below_0.01_percent_acc': 0.951, 'below_0.001_percent_acc': 0.906, 'below_0.0001_percent_acc': 0.906, 'valid_acc': 1.0}
Epoch: 12	Batch time (1.515961)	Data time (0.020800)	Cuda time (0.000003)	Loss (2.701800)	Accuracy (0.991661)
EVALUATING
{'loss': 3.221000108718872, 'accuracy': 0.9900586289167405, 'perfect_match_accuracy': 0.7, 'cost_ratio_suggested_true': 1.0163826727867127, 'below_10.0_percent_acc': 1.0, 'below_1.0_percent_acc': 0.968, 'below_0.1_percent_acc': 0.949, 'below_0.01_percent_acc': 0.949, 'below_0.001_percent_acc': 0.915, 'below_0.0001_percent_acc': 0.914, 'valid_acc': 1.0}
Epoch: 13	Batch time (1.351220)	Data time (0.022064)	Cuda time (0.000003)	Loss (2.546500)	Accuracy (0.992140)
EVALUATING
{'loss': 3.1260000967979433, 'accuracy': 0.9903518354892731, 'perfect_match_accuracy': 0.704, 'cost_ratio_suggested_true': 1.0198133385181427, 'below_10.0_percent_acc': 1.0, 'below_1.0_percent_acc': 0.985, 'below_0.1_percent_acc': 0.972, 'below_0.01_percent_acc': 0.971, 'below_0.001_percent_acc': 0.927, 'below_0.0001_percent_acc': 0.927, 'valid_acc': 1.0}
Epoch: 14	Batch time (1.549167)	Data time (0.021223)	Cuda time (0.000002)	Loss (2.401400)	Accuracy (0.992588)
EVALUATING
{'loss': 3.129000083208084, 'accuracy': 0.9903425776958465, 'perfect_match_accuracy': 0.688, 'cost_ratio_suggested_true': 1.0198701322078705, 'below_10.0_percent_acc': 1.0, 'below_1.0_percent_acc': 0.982, 'below_0.1_percent_acc': 0.973, 'below_0.01_percent_acc': 0.972, 'below_0.001_percent_acc': 0.92, 'below_0.0001_percent_acc': 0.92, 'valid_acc': 1.0}
Epoch: 15	Batch time (1.534928)	Data time (0.020708)	Cuda time (0.000003)	Loss (2.382100)	Accuracy (0.992648)
EVALUATING
{'loss': 3.7350000977516173, 'accuracy': 0.9884722077846527, 'perfect_match_accuracy': 0.646, 'cost_ratio_suggested_true': 1.0197062659263612, 'below_10.0_percent_acc': 1.0, 'below_1.0_percent_acc': 0.975, 'below_0.1_percent_acc': 0.951, 'below_0.01_percent_acc': 0.951, 'below_0.001_percent_acc': 0.919, 'below_0.0001_percent_acc': 0.919, 'valid_acc': 1.0}
Epoch: 16	Batch time (1.483389)	Data time (0.022382)	Cuda time (0.000003)	Loss (2.306800)	Accuracy (0.992880)
EVALUATING
{'loss': 3.9280001664161683, 'accuracy': 0.9878765279054642, 'perfect_match_accuracy': 0.659, 'cost_ratio_suggested_true': 1.0220182752609253, 'below_10.0_percent_acc': 1.0, 'below_1.0_percent_acc': 0.975, 'below_0.1_percent_acc': 0.957, 'below_0.01_percent_acc': 0.957, 'below_0.001_percent_acc': 0.929, 'below_0.0001_percent_acc': 0.929, 'valid_acc': 1.0}
Epoch: 17	Batch time (1.471614)	Data time (0.022858)	Cuda time (0.000003)	Loss (2.240000)	Accuracy (0.993086)
EVALUATING
{'loss': 3.273000166416168, 'accuracy': 0.9898981332778931, 'perfect_match_accuracy': 0.685, 'cost_ratio_suggested_true': 1.0138618087768554, 'below_10.0_percent_acc': 1.0, 'below_1.0_percent_acc': 0.98, 'below_0.1_percent_acc': 0.961, 'below_0.01_percent_acc': 0.961, 'below_0.001_percent_acc': 0.928, 'below_0.0001_percent_acc': 0.928, 'valid_acc': 1.0}
Epoch: 18	Batch time (1.568554)	Data time (0.019970)	Cuda time (0.000003)	Loss (2.209700)	Accuracy (0.993180)
EVALUATING
{'loss': 3.4390001559257506, 'accuracy': 0.989385786652565, 'perfect_match_accuracy': 0.687, 'cost_ratio_suggested_true': 1.0235599172115326, 'below_10.0_percent_acc': 1.0, 'below_1.0_percent_acc': 0.979, 'below_0.1_percent_acc': 0.963, 'below_0.01_percent_acc': 0.963, 'below_0.001_percent_acc': 0.918, 'below_0.0001_percent_acc': 0.918, 'valid_acc': 1.0}
Epoch: 19	Batch time (1.561676)	Data time (0.020007)	Cuda time (0.000002)	Loss (2.300200)	Accuracy (0.992901)
EVALUATING
{'loss': 3.3130001330375674, 'accuracy': 0.9897746777534485, 'perfect_match_accuracy': 0.709, 'cost_ratio_suggested_true': 1.023365787267685, 'below_10.0_percent_acc': 1.0, 'below_1.0_percent_acc': 0.973, 'below_0.1_percent_acc': 0.956, 'below_0.01_percent_acc': 0.956, 'below_0.001_percent_acc': 0.907, 'below_0.0001_percent_acc': 0.906, 'valid_acc': 1.0}
Epoch: 20	Batch time (1.491895)	Data time (0.021791)	Cuda time (0.000003)	Loss (2.206100)	Accuracy (0.993191)
EVALUATING
{'loss': 3.761000146865845, 'accuracy': 0.9883919668197632, 'perfect_match_accuracy': 0.632, 'cost_ratio_suggested_true': 1.0230044174194335, 'below_10.0_percent_acc': 1.0, 'below_1.0_percent_acc': 0.972, 'below_0.1_percent_acc': 0.956, 'below_0.01_percent_acc': 0.956, 'below_0.001_percent_acc': 0.904, 'below_0.0001_percent_acc': 0.904, 'valid_acc': 1.0}
Epoch: 21	Batch time (1.249357)	Data time (0.021946)	Cuda time (0.000003)	Loss (2.050600)	Accuracy (0.993671)
EVALUATING
{'loss': 3.1720001459121705, 'accuracy': 0.9902098673582077, 'perfect_match_accuracy': 0.698, 'cost_ratio_suggested_true': 1.0185083663463592, 'below_10.0_percent_acc': 1.0, 'below_1.0_percent_acc': 0.978, 'below_0.1_percent_acc': 0.962, 'below_0.01_percent_acc': 0.961, 'below_0.001_percent_acc': 0.923, 'below_0.0001_percent_acc': 0.923, 'valid_acc': 1.0}
Epoch: 22	Batch time (1.571655)	Data time (0.022308)	Cuda time (0.000002)	Loss (2.075400)	Accuracy (0.993594)
EVALUATING
{'loss': 2.9070001244544983, 'accuracy': 0.9910277676582336, 'perfect_match_accuracy': 0.728, 'cost_ratio_suggested_true': 1.0161279380321502, 'below_10.0_percent_acc': 1.0, 'below_1.0_percent_acc': 0.981, 'below_0.1_percent_acc': 0.967, 'below_0.01_percent_acc': 0.967, 'below_0.001_percent_acc': 0.924, 'below_0.0001_percent_acc': 0.924, 'valid_acc': 1.0}
Epoch: 23	Batch time (1.568397)	Data time (0.019857)	Cuda time (0.000003)	Loss (2.033000)	Accuracy (0.993725)
EVALUATING
{'loss': 3.279000155925751, 'accuracy': 0.9898796182870865, 'perfect_match_accuracy': 0.693, 'cost_ratio_suggested_true': 1.0145843362808227, 'below_10.0_percent_acc': 1.0, 'below_1.0_percent_acc': 0.976, 'below_0.1_percent_acc': 0.96, 'below_0.01_percent_acc': 0.96, 'below_0.001_percent_acc': 0.931, 'below_0.0001_percent_acc': 0.931, 'valid_acc': 1.0}
Epoch: 24	Batch time (1.562858)	Data time (0.019968)	Cuda time (0.000003)	Loss (2.215500)	Accuracy (0.993162)
EVALUATING
{'loss': 3.266000144481659, 'accuracy': 0.9899197393655776, 'perfect_match_accuracy': 0.7, 'cost_ratio_suggested_true': 1.0220038759708405, 'below_10.0_percent_acc': 1.0, 'below_1.0_percent_acc': 0.979, 'below_0.1_percent_acc': 0.963, 'below_0.01_percent_acc': 0.963, 'below_0.001_percent_acc': 0.909, 'below_0.0001_percent_acc': 0.909, 'valid_acc': 1.0}
Epoch: 25	Batch time (1.456617)	Data time (0.023975)	Cuda time (0.000003)	Loss (1.924000)	Accuracy (0.994062)
EVALUATING
{'loss': 2.8330001175403594, 'accuracy': 0.9912561625242233, 'perfect_match_accuracy': 0.72, 'cost_ratio_suggested_true': 1.0149689877033234, 'below_10.0_percent_acc': 1.0, 'below_1.0_percent_acc': 0.981, 'below_0.1_percent_acc': 0.971, 'below_0.01_percent_acc': 0.971, 'below_0.001_percent_acc': 0.932, 'below_0.0001_percent_acc': 0.932, 'valid_acc': 1.0}
Epoch: 26	Batch time (1.542739)	Data time (0.020993)	Cuda time (0.000003)	Loss (2.130900)	Accuracy (0.993423)
EVALUATING
{'loss': 3.0100001072883606, 'accuracy': 0.9907098597288132, 'perfect_match_accuracy': 0.707, 'cost_ratio_suggested_true': 1.0188539683818818, 'below_10.0_percent_acc': 1.0, 'below_1.0_percent_acc': 0.981, 'below_0.1_percent_acc': 0.965, 'below_0.01_percent_acc': 0.965, 'below_0.001_percent_acc': 0.914, 'below_0.0001_percent_acc': 0.914, 'valid_acc': 1.0}
Epoch: 27	Batch time (1.556593)	Data time (0.019945)	Cuda time (0.000003)	Loss (1.988700)	Accuracy (0.993862)
EVALUATING
{'loss': 3.1250001192092896, 'accuracy': 0.9903549206256866, 'perfect_match_accuracy': 0.71, 'cost_ratio_suggested_true': 1.0183978271484375, 'below_10.0_percent_acc': 1.0, 'below_1.0_percent_acc': 0.987, 'below_0.1_percent_acc': 0.978, 'below_0.01_percent_acc': 0.978, 'below_0.001_percent_acc': 0.949, 'below_0.0001_percent_acc': 0.949, 'valid_acc': 1.0}
Epoch: 28	Batch time (1.563015)	Data time (0.020116)	Cuda time (0.000002)	Loss (1.855700)	Accuracy (0.994273)
EVALUATING
{'loss': 2.861000038385391, 'accuracy': 0.9911697399616242, 'perfect_match_accuracy': 0.745, 'cost_ratio_suggested_true': 1.0162167191505431, 'below_10.0_percent_acc': 1.0, 'below_1.0_percent_acc': 0.984, 'below_0.1_percent_acc': 0.971, 'below_0.01_percent_acc': 0.971, 'below_0.001_percent_acc': 0.934, 'below_0.0001_percent_acc': 0.934, 'valid_acc': 1.0}
Epoch: 29	Batch time (1.557669)	Data time (0.019690)	Cuda time (0.000003)	Loss (2.005600)	Accuracy (0.993810)
EVALUATING
{'loss': 3.0210001492500305, 'accuracy': 0.990675910115242, 'perfect_match_accuracy': 0.713, 'cost_ratio_suggested_true': 1.0156113696098328, 'below_10.0_percent_acc': 1.0, 'below_1.0_percent_acc': 0.98, 'below_0.1_percent_acc': 0.97, 'below_0.01_percent_acc': 0.97, 'below_0.001_percent_acc': 0.932, 'below_0.0001_percent_acc': 0.931, 'valid_acc': 1.0}
Epoch: 30	Batch time (1.429792)	Data time (0.023091)	Cuda time (0.000003)	Loss (1.877100)	Accuracy (0.994206)
EVALUATING
{'loss': 2.991000084877014, 'accuracy': 0.990768506526947, 'perfect_match_accuracy': 0.729, 'cost_ratio_suggested_true': 1.018533433675766, 'below_10.0_percent_acc': 1.0, 'below_1.0_percent_acc': 0.98, 'below_0.1_percent_acc': 0.964, 'below_0.01_percent_acc': 0.964, 'below_0.001_percent_acc': 0.916, 'below_0.0001_percent_acc': 0.916, 'valid_acc': 1.0}
Epoch: 31	Batch time (1.509218)	Data time (0.020273)	Cuda time (0.000003)	Loss (1.101300)	Accuracy (0.996601)
EVALUATING
{'loss': 2.4930000948905944, 'accuracy': 0.9923055434226989, 'perfect_match_accuracy': 0.762, 'cost_ratio_suggested_true': 1.015579513311386, 'below_10.0_percent_acc': 1.0, 'below_1.0_percent_acc': 0.99, 'below_0.1_percent_acc': 0.977, 'below_0.01_percent_acc': 0.977, 'below_0.001_percent_acc': 0.936, 'below_0.0001_percent_acc': 0.936, 'valid_acc': 1.0}
Epoch: 32	Batch time (1.561887)	Data time (0.020441)	Cuda time (0.000003)	Loss (0.877400)	Accuracy (0.997292)
EVALUATING
{'loss': 2.3580000710487368, 'accuracy': 0.9927222102880477, 'perfect_match_accuracy': 0.763, 'cost_ratio_suggested_true': 1.013605215549469, 'below_10.0_percent_acc': 1.0, 'below_1.0_percent_acc': 0.995, 'below_0.1_percent_acc': 0.984, 'below_0.01_percent_acc': 0.984, 'below_0.001_percent_acc': 0.943, 'below_0.0001_percent_acc': 0.943, 'valid_acc': 1.0}
Epoch: 33	Batch time (1.535201)	Data time (0.020791)	Cuda time (0.000003)	Loss (0.783100)	Accuracy (0.997583)
EVALUATING
{'loss': 2.428000054359436, 'accuracy': 0.9925061631202697, 'perfect_match_accuracy': 0.755, 'cost_ratio_suggested_true': 1.0147200810909272, 'below_10.0_percent_acc': 1.0, 'below_1.0_percent_acc': 0.99, 'below_0.1_percent_acc': 0.978, 'below_0.01_percent_acc': 0.978, 'below_0.001_percent_acc': 0.935, 'below_0.0001_percent_acc': 0.935, 'valid_acc': 1.0}
Epoch: 34	Batch time (1.455809)	Data time (0.024943)	Cuda time (0.000003)	Loss (0.683500)	Accuracy (0.997890)
EVALUATING
{'loss': 2.3920001077651976, 'accuracy': 0.9926172715425491, 'perfect_match_accuracy': 0.76, 'cost_ratio_suggested_true': 1.012899445295334, 'below_10.0_percent_acc': 1.0, 'below_1.0_percent_acc': 0.993, 'below_0.1_percent_acc': 0.983, 'below_0.01_percent_acc': 0.983, 'below_0.001_percent_acc': 0.938, 'below_0.0001_percent_acc': 0.938, 'valid_acc': 1.0}
Epoch: 35	Batch time (1.561140)	Data time (0.020893)	Cuda time (0.000003)	Loss (0.696500)	Accuracy (0.997850)
EVALUATING
{'loss': 2.3990001380443573, 'accuracy': 0.9925956702232361, 'perfect_match_accuracy': 0.763, 'cost_ratio_suggested_true': 1.012429724931717, 'below_10.0_percent_acc': 1.0, 'below_1.0_percent_acc': 0.993, 'below_0.1_percent_acc': 0.983, 'below_0.01_percent_acc': 0.983, 'below_0.001_percent_acc': 0.939, 'below_0.0001_percent_acc': 0.939, 'valid_acc': 1.0}
Epoch: 36	Batch time (1.571000)	Data time (0.019661)	Cuda time (0.000002)	Loss (0.631800)	Accuracy (0.998050)
EVALUATING
{'loss': 2.4030001044273375, 'accuracy': 0.9925833243131638, 'perfect_match_accuracy': 0.763, 'cost_ratio_suggested_true': 1.0124074113368988, 'below_10.0_percent_acc': 1.0, 'below_1.0_percent_acc': 0.993, 'below_0.1_percent_acc': 0.983, 'below_0.01_percent_acc': 0.983, 'below_0.001_percent_acc': 0.94, 'below_0.0001_percent_acc': 0.94, 'valid_acc': 1.0}
Epoch: 37	Batch time (1.466257)	Data time (0.024660)	Cuda time (0.000003)	Loss (0.625400)	Accuracy (0.998070)
EVALUATING
{'loss': 2.3860000944137574, 'accuracy': 0.9926357889175415, 'perfect_match_accuracy': 0.766, 'cost_ratio_suggested_true': 1.012049572467804, 'below_10.0_percent_acc': 1.0, 'below_1.0_percent_acc': 0.993, 'below_0.1_percent_acc': 0.984, 'below_0.01_percent_acc': 0.984, 'below_0.001_percent_acc': 0.942, 'below_0.0001_percent_acc': 0.942, 'valid_acc': 1.0}
Epoch: 38	Batch time (1.537463)	Data time (0.021000)	Cuda time (0.000003)	Loss (0.650600)	Accuracy (0.997992)
EVALUATING
{'loss': 2.4220000970363618, 'accuracy': 0.9925246864557267, 'perfect_match_accuracy': 0.761, 'cost_ratio_suggested_true': 1.0136603605747223, 'below_10.0_percent_acc': 1.0, 'below_1.0_percent_acc': 0.993, 'below_0.1_percent_acc': 0.982, 'below_0.01_percent_acc': 0.982, 'below_0.001_percent_acc': 0.939, 'below_0.0001_percent_acc': 0.939, 'valid_acc': 1.0}
Epoch: 39	Batch time (1.581291)	Data time (0.019932)	Cuda time (0.000003)	Loss (0.626800)	Accuracy (0.998065)
EVALUATING
{'loss': 2.4440001261234285, 'accuracy': 0.9924567782878876, 'perfect_match_accuracy': 0.757, 'cost_ratio_suggested_true': 1.0127152729034423, 'below_10.0_percent_acc': 1.0, 'below_1.0_percent_acc': 0.993, 'below_0.1_percent_acc': 0.981, 'below_0.01_percent_acc': 0.981, 'below_0.001_percent_acc': 0.936, 'below_0.0001_percent_acc': 0.936, 'valid_acc': 1.0}
Epoch: 40	Batch time (1.562135)	Data time (0.020322)	Cuda time (0.000003)	Loss (0.589900)	Accuracy (0.998179)
EVALUATING
{'loss': 2.5280001044273375, 'accuracy': 0.9921975141763687, 'perfect_match_accuracy': 0.755, 'cost_ratio_suggested_true': 1.0122363024950027, 'below_10.0_percent_acc': 1.0, 'below_1.0_percent_acc': 0.992, 'below_0.1_percent_acc': 0.981, 'below_0.01_percent_acc': 0.981, 'below_0.001_percent_acc': 0.945, 'below_0.0001_percent_acc': 0.945, 'valid_acc': 1.0}
Epoch: 41	Batch time (1.445368)	Data time (0.024014)	Cuda time (0.000003)	Loss (0.576800)	Accuracy (0.998220)
EVALUATING
{'loss': 2.439000118970871, 'accuracy': 0.9924722069501877, 'perfect_match_accuracy': 0.76, 'cost_ratio_suggested_true': 1.0112527787685395, 'below_10.0_percent_acc': 1.0, 'below_1.0_percent_acc': 0.993, 'below_0.1_percent_acc': 0.983, 'below_0.01_percent_acc': 0.983, 'below_0.001_percent_acc': 0.945, 'below_0.0001_percent_acc': 0.945, 'valid_acc': 1.0}
Epoch: 42	Batch time (1.504467)	Data time (0.023840)	Cuda time (0.000003)	Loss (0.548200)	Accuracy (0.998308)
EVALUATING
{'loss': 2.4070001292228698, 'accuracy': 0.9925709784030914, 'perfect_match_accuracy': 0.76, 'cost_ratio_suggested_true': 1.011203361749649, 'below_10.0_percent_acc': 1.0, 'below_1.0_percent_acc': 0.993, 'below_0.1_percent_acc': 0.983, 'below_0.01_percent_acc': 0.983, 'below_0.001_percent_acc': 0.945, 'below_0.0001_percent_acc': 0.945, 'valid_acc': 1.0}
Epoch: 43	Batch time (1.544262)	Data time (0.020431)	Cuda time (0.000002)	Loss (0.474600)	Accuracy (0.998535)
EVALUATING
{'loss': 2.454000129699707, 'accuracy': 0.9924259155988693, 'perfect_match_accuracy': 0.756, 'cost_ratio_suggested_true': 1.0121110701560974, 'below_10.0_percent_acc': 1.0, 'below_1.0_percent_acc': 0.993, 'below_0.1_percent_acc': 0.981, 'below_0.01_percent_acc': 0.981, 'below_0.001_percent_acc': 0.942, 'below_0.0001_percent_acc': 0.942, 'valid_acc': 1.0}
Epoch: 44	Batch time (1.566943)	Data time (0.020243)	Cuda time (0.000003)	Loss (0.480600)	Accuracy (0.998517)
EVALUATING
{'loss': 2.462000061273575, 'accuracy': 0.9924012231826782, 'perfect_match_accuracy': 0.757, 'cost_ratio_suggested_true': 1.012028580904007, 'below_10.0_percent_acc': 1.0, 'below_1.0_percent_acc': 0.992, 'below_0.1_percent_acc': 0.981, 'below_0.01_percent_acc': 0.981, 'below_0.001_percent_acc': 0.94, 'below_0.0001_percent_acc': 0.94, 'valid_acc': 1.0}
Epoch: 45	Batch time (1.559503)	Data time (0.019941)	Cuda time (0.000003)	Loss (0.487700)	Accuracy (0.998495)
EVALUATING
{'loss': 2.3890001094341278, 'accuracy': 0.9926265370845795, 'perfect_match_accuracy': 0.762, 'cost_ratio_suggested_true': 1.0115997409820556, 'below_10.0_percent_acc': 1.0, 'below_1.0_percent_acc': 0.993, 'below_0.1_percent_acc': 0.983, 'below_0.01_percent_acc': 0.983, 'below_0.001_percent_acc': 0.947, 'below_0.0001_percent_acc': 0.947, 'valid_acc': 1.0}
Epoch: 46	Batch time (1.567161)	Data time (0.020092)	Cuda time (0.000003)	Loss (0.499800)	Accuracy (0.998457)
EVALUATING
{'loss': 2.4220001137256624, 'accuracy': 0.9925246697664261, 'perfect_match_accuracy': 0.761, 'cost_ratio_suggested_true': 1.012291270494461, 'below_10.0_percent_acc': 1.0, 'below_1.0_percent_acc': 0.993, 'below_0.1_percent_acc': 0.981, 'below_0.01_percent_acc': 0.981, 'below_0.001_percent_acc': 0.938, 'below_0.0001_percent_acc': 0.938, 'valid_acc': 1.0}
Epoch: 47	Batch time (1.472950)	Data time (0.022480)	Cuda time (0.000003)	Loss (0.466500)	Accuracy (0.998560)
EVALUATING
{'loss': 2.445000122785568, 'accuracy': 0.992453698515892, 'perfect_match_accuracy': 0.758, 'cost_ratio_suggested_true': 1.0116771125793458, 'below_10.0_percent_acc': 1.0, 'below_1.0_percent_acc': 0.993, 'below_0.1_percent_acc': 0.984, 'below_0.01_percent_acc': 0.984, 'below_0.001_percent_acc': 0.944, 'below_0.0001_percent_acc': 0.944, 'valid_acc': 1.0}
Epoch: 48	Batch time (1.502246)	Data time (0.026295)	Cuda time (0.000003)	Loss (0.467200)	Accuracy (0.998558)
EVALUATING
{'loss': 2.469000129699707, 'accuracy': 0.9923796147108078, 'perfect_match_accuracy': 0.758, 'cost_ratio_suggested_true': 1.0119298887252808, 'below_10.0_percent_acc': 1.0, 'below_1.0_percent_acc': 0.993, 'below_0.1_percent_acc': 0.982, 'below_0.01_percent_acc': 0.982, 'below_0.001_percent_acc': 0.943, 'below_0.0001_percent_acc': 0.943, 'valid_acc': 1.0}
Epoch: 49	Batch time (1.557413)	Data time (0.020832)	Cuda time (0.000003)	Loss (0.476300)	Accuracy (0.998530)
EVALUATING
{'loss': 2.452000124454498, 'accuracy': 0.9924320858716965, 'perfect_match_accuracy': 0.763, 'cost_ratio_suggested_true': 1.0141074669361114, 'below_10.0_percent_acc': 1.0, 'below_1.0_percent_acc': 0.992, 'below_0.1_percent_acc': 0.978, 'below_0.01_percent_acc': 0.978, 'below_0.001_percent_acc': 0.935, 'below_0.0001_percent_acc': 0.935, 'valid_acc': 1.0}
Epoch: 50	Batch time (1.559260)	Data time (0.019638)	Cuda time (0.000003)	Loss (0.456400)	Accuracy (0.998591)
EVALUATING
{'loss': 2.440000091791153, 'accuracy': 0.9924691236019134, 'perfect_match_accuracy': 0.754, 'cost_ratio_suggested_true': 1.0115684068202973, 'below_10.0_percent_acc': 1.0, 'below_1.0_percent_acc': 0.993, 'below_0.1_percent_acc': 0.983, 'below_0.01_percent_acc': 0.983, 'below_0.001_percent_acc': 0.944, 'below_0.0001_percent_acc': 0.944, 'valid_acc': 1.0}
