gonzo-605-5.local
declare -x ANT_HOME="/opt/rocks"
declare -x ARC="lx-amd64"
declare -x BASH_ENV="/usr/share/lmod/lmod/init/bash"
declare -x CONDA_DEFAULT_ENV="gpu"
declare -x CONDA_EXE="/cluster/project6/mr_corpora/pminervi/miniconda3/bin/conda"
declare -x CONDA_PREFIX="/cluster/project6/mr_corpora/pminervi/miniconda3/envs/gpu"
declare -x CONDA_PREFIX_1="/cluster/project6/mr_corpora/pminervi/miniconda3"
declare -x CONDA_PROMPT_MODIFIER="(gpu) "
declare -x CONDA_PYTHON_EXE="/cluster/project6/mr_corpora/pminervi/miniconda3/bin/python"
declare -x CONDA_SHLVL="2"
declare -x CUDA_VISIBLE_DEVICES="3"
declare -x ENVIRONMENT="BATCH"
declare -x HISTCONTROL="ignoredups"
declare -x HISTSIZE="1000"
declare -x HOME="/home/pminervi"
declare -x HOSTNAME="gonzo-605-5.local"
declare -x JAVA_HOME="/share/apps/mr/utils/jdk"
declare -x JOB_ID="3664411"
declare -x JOB_NAME="temperature_beaker_v10.bbp.job"
declare -x JOB_SCRIPT="/opt/gridengine/default/spool/gonzo-605-5/job_scripts/3664411"
declare -x LANG="en_US.utf8"
declare -x LANGUAGE="en_US:en"
declare -x LD_LIBRARY_PATH="/share/apps/gcc-6.2.0/lib/:/share/apps/gcc-6.2.0/lib64/:/opt/gridengine/lib/lx-amd64"
declare -x LESSOPEN="||/usr/bin/lesspipe.sh %s"
declare -x LMOD_CMD="/usr/share/lmod/lmod/libexec/lmod"
declare -x LMOD_DIR="/usr/share/lmod/lmod/libexec"
declare -x LMOD_PKG="/usr/share/lmod/lmod"
declare -x LMOD_ROOT="/usr/share/lmod"
declare -x LMOD_SETTARG_FULL_SUPPORT="no"
declare -x LMOD_VERSION="8.2.7"
declare -x LMOD_sys="Linux"
declare -x LOADEDMODULES=""
declare -x LOGNAME="pminervi"
declare -x MAIL="/var/spool/mail/pminervi"
declare -x MANPATH="/usr/share/lmod/lmod/share/man:"
declare -x MODULEPATH="/share/apps/modulefiles/default"
declare -x MODULEPATH_ROOT="/usr/share/modulefiles"
declare -x MODULESHOME="/usr/share/lmod/lmod"
declare -x MPICH_PROCESS_GROUP="no"
declare -x NHOSTS="1"
declare -x NQUEUES="1"
declare -x NSLOTS="1"
declare -x OLDPWD="/home/pminervi/workspace/map-backprop"
declare -x PATH="/cluster/project6/mr_corpora/pminervi/miniconda3/envs/gpu/bin:/cluster/project6/mr_corpora/pminervi/miniconda3/condabin:/share/apps/binutils-2.27/bin:/share/apps/gcc-6.2.0/bin:/share/apps/mr/bin:/tmp/3664411.24.gpu.q:/usr/local/bin:/bin:/usr/bin:/usr/local/sbin:/usr/sbin:/opt/ganglia/bin:/opt/ganglia/sbin:/opt/rocks/bin:/opt/rocks/sbin:/opt/gridengine/bin/lx-amd64:/home/pminervi/bin"
declare -x PWD="/home/pminervi/workspace/map-backprop"
declare -x QUEUE="gpu.q"
declare -x REQNAME="temperature_beaker_v10.bbp.job"
declare -x REQUEST="temperature_beaker_v10.bbp.job"
declare -x RESTARTED="0"
declare -x ROCKSROOT="/opt/rocks/share/devel"
declare -x ROCKS_ROOT="/opt/rocks"
declare -x ROLLSROOT="/opt/rocks/share/devel/src/roll"
declare -x SGE_ACCOUNT="sge"
declare -x SGE_ARCH="lx-amd64"
declare -x SGE_BINARY_PATH="/opt/gridengine/bin/lx-amd64"
declare -x SGE_CELL="default"
declare -x SGE_CWD_PATH="/home/pminervi/workspace/map-backprop"
declare -x SGE_EXECD_PORT="537"
declare -x SGE_JOB_SPOOL_DIR="/opt/gridengine/default/spool/gonzo-605-5/active_jobs/3664411.24"
declare -x SGE_O_HOME="/home/pminervi"
declare -x SGE_O_HOST="beaker"
declare -x SGE_O_LOGNAME="pminervi"
declare -x SGE_O_MAIL="/var/spool/mail/pminervi"
declare -x SGE_O_PATH="/cluster/project6/mr_corpora/pminervi/miniconda3/envs/gpu/bin:/cluster/project6/mr_corpora/pminervi/miniconda3/condabin:/share/apps/binutils-2.27/bin:/share/apps/gcc-6.2.0/bin:/share/apps/mr/bin:/usr/local/bin:/usr/bin:/usr/local/sbin:/usr/sbin:/opt/ganglia/bin:/opt/ganglia/sbin:/opt/rocks/bin:/opt/rocks/sbin:/opt/gridengine/bin/lx-amd64:/home/pminervi/bin"
declare -x SGE_O_SHELL="/bin/bash"
declare -x SGE_O_WORKDIR="/home/pminervi/workspace/map-backprop"
declare -x SGE_QMASTER_PORT="536"
declare -x SGE_ROOT="/opt/gridengine"
declare -x SGE_STDERR_PATH="/home/pminervi/array.err"
declare -x SGE_STDIN_PATH="/dev/null"
declare -x SGE_STDOUT_PATH="/home/pminervi/array.out"
declare -x SGE_TASK_FIRST="1"
declare -x SGE_TASK_ID="24"
declare -x SGE_TASK_LAST="40"
declare -x SGE_TASK_STEPSIZE="1"
declare -x SHELL="/bin/bash"
declare -x SHLVL="2"
declare -x SSH_ASKPASS="/usr/libexec/openssh/gnome-ssh-askpass"
declare -x TERM=""
declare -x TMP="/tmp/3664411.24.gpu.q"
declare -x TMPDIR="/tmp/3664411.24.gpu.q"
declare -x USER="pminervi"
declare -x _CE_CONDA=""
declare -x _CE_M=""
Sun Aug  8 21:32:12 2021       
+-----------------------------------------------------------------------------+
| NVIDIA-SMI 450.51.05    Driver Version: 450.51.05    CUDA Version: 11.0     |
|-------------------------------+----------------------+----------------------+
| GPU  Name        Persistence-M| Bus-Id        Disp.A | Volatile Uncorr. ECC |
| Fan  Temp  Perf  Pwr:Usage/Cap|         Memory-Usage | GPU-Util  Compute M. |
|                               |                      |               MIG M. |
|===============================+======================+======================|
|   0  GeForce GTX 108...  On   | 00000000:02:00.0 Off |                  N/A |
| 27%   41C    P2    56W / 250W |   2519MiB / 11178MiB |      6%   E. Process |
|                               |                      |                  N/A |
+-------------------------------+----------------------+----------------------+
|   1  GeForce GTX 108...  On   | 00000000:03:00.0 Off |                  N/A |
| 43%   73C    P2   144W / 250W |   1339MiB / 11178MiB |     53%   E. Process |
|                               |                      |                  N/A |
+-------------------------------+----------------------+----------------------+
|   2  GeForce GTX 108...  On   | 00000000:81:00.0 Off |                  N/A |
| 32%   56C    P2    91W / 250W |    259MiB / 11178MiB |     50%   E. Process |
|                               |                      |                  N/A |
+-------------------------------+----------------------+----------------------+
|   3  GeForce GTX 108...  On   | 00000000:82:00.0 Off |                  N/A |
| 23%   30C    P8     9W / 250W |      0MiB / 11178MiB |      0%   E. Process |
|                               |                      |                  N/A |
+-------------------------------+----------------------+----------------------+
                                                                               
+-----------------------------------------------------------------------------+
| Processes:                                                                  |
|  GPU   GI   CI        PID   Type   Process name                  GPU Memory |
|        ID   ID                                                   Usage      |
|=============================================================================|
|    0   N/A  N/A     27902      C   python3                          2517MiB |
|    1   N/A  N/A     24929      C   python3                          1337MiB |
|    2   N/A  N/A     13035      C   ...R2016b/bin/glnxa64/MATLAB      257MiB |
+-----------------------------------------------------------------------------+
No existing entry for trainer_params.mode.type
{}[type] = <class 'int'>(0)
No existing entry for trainer_params.mode.objective_type
{'type': 0}[objective_type] = <class 'str'>(normal)
No existing entry for trainer_params.mode.use_marginal
{'type': 0, 'objective_type': 'normal'}[use_marginal] = <class 'bool'>(True)
No existing entry for trainer_params.mode.nb_samples
{'type': 0, 'objective_type': 'normal', 'use_marginal': True}[nb_samples] = <class 'int'>(1)
No existing entry for trainer_params.mode.temperature
{'type': 0, 'objective_type': 'normal', 'use_marginal': True, 'nb_samples': 1}[temperature] = <class 'int'>(1)
No existing entry for trainer_params.mode.use_gamma
{'type': 0, 'objective_type': 'normal', 'use_marginal': True, 'nb_samples': 1, 'temperature': 1}[use_gamma] = <class 'bool'>(True)
No existing entry for trainer_params.mode.loss_type
{'type': 0, 'objective_type': 'normal', 'use_marginal': True, 'nb_samples': 1, 'temperature': 1, 'use_gamma': True}[loss_type] = <class 'str'>(normal)
No existing entry for trainer_params.mode.perturb_w
{'type': 0, 'objective_type': 'normal', 'use_marginal': True, 'nb_samples': 1, 'temperature': 1, 'use_gamma': True, 'loss_type': 'normal'}[perturb_w] = <class 'bool'>(True)
No existing entry for trainer_params.mode.perturb_w_prime
{'type': 0, 'objective_type': 'normal', 'use_marginal': True, 'nb_samples': 1, 'temperature': 1, 'use_gamma': True, 'loss_type': 'normal', 'perturb_w': True}[perturb_w_prime] = <class 'bool'>(True)
{'batch_size': 70, 'l1_regconst': 0.0, 'lambda_val': 20.0, 'lr_milestone_1': 30, 'lr_milestone_2': 40, 'model_params': {'arch_params': {}, 'model_name': 'CombResnet18'}, 'neighbourhood_fn': '8-grid', 'optimizer_name': 'Adam', 'optimizer_params': {'lr': 0.0005}, 'preload_batch': True, 'use_cuda': True, 'use_lr_scheduling': True, 'mode': {'type': 0, 'objective_type': 'normal', 'use_marginal': True, 'nb_samples': 1, 'temperature': 1, 'use_gamma': True, 'loss_type': 'normal', 'perturb_w': True, 'perturb_w_prime': True}}[lambda_val] = <class 'float'>(10.0)
{'data_dir': 'data/warcraft_shortest_path/12x12', 'evaluate_with_extra': False, 'normalize': True, 'use_local_path': False, 'use_test_set': True}[data_dir] = <class 'str'>(data/warcraft_shortest_path/24x24)
{'evaluate_every': 5, 'loader_params': {'data_dir': 'data/warcraft_shortest_path/24x24', 'evaluate_with_extra': False, 'normalize': True, 'use_local_path': False, 'use_test_set': True}, 'model_dir': 'results/warcraft_shortest_path_combresnet', 'num_cpus': 40, 'num_epochs': 50, 'problem_type': 'warcraft_shortest_path', 'ray_params': {}, 'save_visualizations': False, 'seed': 1, 'trainer_name': 'DijkstraMAP', 'trainer_params': {'batch_size': 70, 'l1_regconst': 0.0, 'lambda_val': 10.0, 'lr_milestone_1': 30, 'lr_milestone_2': 40, 'model_params': {'arch_params': {}, 'model_name': 'CombResnet18'}, 'neighbourhood_fn': '8-grid', 'optimizer_name': 'Adam', 'optimizer_params': {'lr': 0.0005}, 'preload_batch': True, 'use_cuda': True, 'use_lr_scheduling': True, 'mode': {'type': 0, 'objective_type': 'normal', 'use_marginal': True, 'nb_samples': 1, 'temperature': 1, 'use_gamma': True, 'loss_type': 'normal', 'perturb_w': True, 'perturb_w_prime': True}}, 'use_ray': True}[seed] = <class 'int'>(3)
{'evaluate_every': 5, 'loader_params': {'data_dir': 'data/warcraft_shortest_path/24x24', 'evaluate_with_extra': False, 'normalize': True, 'use_local_path': False, 'use_test_set': True}, 'model_dir': 'results/warcraft_shortest_path_combresnet', 'num_cpus': 40, 'num_epochs': 50, 'problem_type': 'warcraft_shortest_path', 'ray_params': {}, 'save_visualizations': False, 'seed': 3, 'trainer_name': 'DijkstraMAP', 'trainer_params': {'batch_size': 70, 'l1_regconst': 0.0, 'lambda_val': 10.0, 'lr_milestone_1': 30, 'lr_milestone_2': 40, 'model_params': {'arch_params': {}, 'model_name': 'CombResnet18'}, 'neighbourhood_fn': '8-grid', 'optimizer_name': 'Adam', 'optimizer_params': {'lr': 0.0005}, 'preload_batch': True, 'use_cuda': True, 'use_lr_scheduling': True, 'mode': {'type': 0, 'objective_type': 'normal', 'use_marginal': True, 'nb_samples': 1, 'temperature': 1, 'use_gamma': True, 'loss_type': 'normal', 'perturb_w': True, 'perturb_w_prime': True}}, 'use_ray': True}[evaluate_every] = <class 'int'>(1)
{'evaluate_every': 1, 'loader_params': {'data_dir': 'data/warcraft_shortest_path/24x24', 'evaluate_with_extra': False, 'normalize': True, 'use_local_path': False, 'use_test_set': True}, 'model_dir': 'results/warcraft_shortest_path_combresnet', 'num_cpus': 40, 'num_epochs': 50, 'problem_type': 'warcraft_shortest_path', 'ray_params': {}, 'save_visualizations': False, 'seed': 3, 'trainer_name': 'DijkstraMAP', 'trainer_params': {'batch_size': 70, 'l1_regconst': 0.0, 'lambda_val': 10.0, 'lr_milestone_1': 30, 'lr_milestone_2': 40, 'model_params': {'arch_params': {}, 'model_name': 'CombResnet18'}, 'neighbourhood_fn': '8-grid', 'optimizer_name': 'Adam', 'optimizer_params': {'lr': 0.0005}, 'preload_batch': True, 'use_cuda': True, 'use_lr_scheduling': True, 'mode': {'type': 0, 'objective_type': 'normal', 'use_marginal': True, 'nb_samples': 1, 'temperature': 1, 'use_gamma': True, 'loss_type': 'normal', 'perturb_w': True, 'perturb_w_prime': True}}, 'use_ray': True}[use_ray] = <class 'bool'>(False)
No existing entry for trainer_params.mode.type
{}[type] = <class 'int'>(0)
No existing entry for trainer_params.mode.objective_type
{'type': 0}[objective_type] = <class 'str'>(normal)
No existing entry for trainer_params.mode.use_marginal
{'type': 0, 'objective_type': 'normal'}[use_marginal] = <class 'bool'>(True)
No existing entry for trainer_params.mode.nb_samples
{'type': 0, 'objective_type': 'normal', 'use_marginal': True}[nb_samples] = <class 'int'>(1)
No existing entry for trainer_params.mode.temperature
{'type': 0, 'objective_type': 'normal', 'use_marginal': True, 'nb_samples': 1}[temperature] = <class 'int'>(1)
No existing entry for trainer_params.mode.use_gamma
{'type': 0, 'objective_type': 'normal', 'use_marginal': True, 'nb_samples': 1, 'temperature': 1}[use_gamma] = <class 'bool'>(True)
No existing entry for trainer_params.mode.loss_type
{'type': 0, 'objective_type': 'normal', 'use_marginal': True, 'nb_samples': 1, 'temperature': 1, 'use_gamma': True}[loss_type] = <class 'str'>(normal)
No existing entry for trainer_params.mode.perturb_w
{'type': 0, 'objective_type': 'normal', 'use_marginal': True, 'nb_samples': 1, 'temperature': 1, 'use_gamma': True, 'loss_type': 'normal'}[perturb_w] = <class 'bool'>(True)
No existing entry for trainer_params.mode.perturb_w_prime
{'type': 0, 'objective_type': 'normal', 'use_marginal': True, 'nb_samples': 1, 'temperature': 1, 'use_gamma': True, 'loss_type': 'normal', 'perturb_w': True}[perturb_w_prime] = <class 'bool'>(True)
{'batch_size': 70, 'l1_regconst': 0.0, 'lambda_val': 20.0, 'lr_milestone_1': 30, 'lr_milestone_2': 40, 'model_params': {'arch_params': {}, 'model_name': 'CombResnet18'}, 'neighbourhood_fn': '8-grid', 'optimizer_name': 'Adam', 'optimizer_params': {'lr': 0.0005}, 'preload_batch': True, 'use_cuda': True, 'use_lr_scheduling': True, 'mode': {'type': 0, 'objective_type': 'normal', 'use_marginal': True, 'nb_samples': 1, 'temperature': 1, 'use_gamma': True, 'loss_type': 'normal', 'perturb_w': True, 'perturb_w_prime': True}}[lambda_val] = <class 'float'>(10.0)
{'data_dir': 'data/warcraft_shortest_path/12x12', 'evaluate_with_extra': False, 'normalize': True, 'use_local_path': False, 'use_test_set': True}[data_dir] = <class 'str'>(data/warcraft_shortest_path/24x24)
{'evaluate_every': 5, 'loader_params': {'data_dir': 'data/warcraft_shortest_path/24x24', 'evaluate_with_extra': False, 'normalize': True, 'use_local_path': False, 'use_test_set': True}, 'model_dir': 'results/warcraft_shortest_path_combresnet', 'num_cpus': 40, 'num_epochs': 50, 'problem_type': 'warcraft_shortest_path', 'ray_params': {}, 'save_visualizations': False, 'seed': 1, 'trainer_name': 'DijkstraMAP', 'trainer_params': {'batch_size': 70, 'l1_regconst': 0.0, 'lambda_val': 10.0, 'lr_milestone_1': 30, 'lr_milestone_2': 40, 'model_params': {'arch_params': {}, 'model_name': 'CombResnet18'}, 'neighbourhood_fn': '8-grid', 'optimizer_name': 'Adam', 'optimizer_params': {'lr': 0.0005}, 'preload_batch': True, 'use_cuda': True, 'use_lr_scheduling': True, 'mode': {'type': 0, 'objective_type': 'normal', 'use_marginal': True, 'nb_samples': 1, 'temperature': 1, 'use_gamma': True, 'loss_type': 'normal', 'perturb_w': True, 'perturb_w_prime': True}}, 'use_ray': True}[seed] = <class 'int'>(3)
{'evaluate_every': 5, 'loader_params': {'data_dir': 'data/warcraft_shortest_path/24x24', 'evaluate_with_extra': False, 'normalize': True, 'use_local_path': False, 'use_test_set': True}, 'model_dir': 'results/warcraft_shortest_path_combresnet', 'num_cpus': 40, 'num_epochs': 50, 'problem_type': 'warcraft_shortest_path', 'ray_params': {}, 'save_visualizations': False, 'seed': 3, 'trainer_name': 'DijkstraMAP', 'trainer_params': {'batch_size': 70, 'l1_regconst': 0.0, 'lambda_val': 10.0, 'lr_milestone_1': 30, 'lr_milestone_2': 40, 'model_params': {'arch_params': {}, 'model_name': 'CombResnet18'}, 'neighbourhood_fn': '8-grid', 'optimizer_name': 'Adam', 'optimizer_params': {'lr': 0.0005}, 'preload_batch': True, 'use_cuda': True, 'use_lr_scheduling': True, 'mode': {'type': 0, 'objective_type': 'normal', 'use_marginal': True, 'nb_samples': 1, 'temperature': 1, 'use_gamma': True, 'loss_type': 'normal', 'perturb_w': True, 'perturb_w_prime': True}}, 'use_ray': True}[evaluate_every] = <class 'int'>(1)
{'evaluate_every': 1, 'loader_params': {'data_dir': 'data/warcraft_shortest_path/24x24', 'evaluate_with_extra': False, 'normalize': True, 'use_local_path': False, 'use_test_set': True}, 'model_dir': 'results/warcraft_shortest_path_combresnet', 'num_cpus': 40, 'num_epochs': 50, 'problem_type': 'warcraft_shortest_path', 'ray_params': {}, 'save_visualizations': False, 'seed': 3, 'trainer_name': 'DijkstraMAP', 'trainer_params': {'batch_size': 70, 'l1_regconst': 0.0, 'lambda_val': 10.0, 'lr_milestone_1': 30, 'lr_milestone_2': 40, 'model_params': {'arch_params': {}, 'model_name': 'CombResnet18'}, 'neighbourhood_fn': '8-grid', 'optimizer_name': 'Adam', 'optimizer_params': {'lr': 0.0005}, 'preload_batch': True, 'use_cuda': True, 'use_lr_scheduling': True, 'mode': {'type': 0, 'objective_type': 'normal', 'use_marginal': True, 'nb_samples': 1, 'temperature': 1, 'use_gamma': True, 'loss_type': 'normal', 'perturb_w': True, 'perturb_w_prime': True}}, 'use_ray': True}[use_ray] = <class 'bool'>(False)
{
    "evaluate_every": 1,
    "loader_params": {
        "data_dir": "data/warcraft_shortest_path/24x24",
        "evaluate_with_extra": false,
        "normalize": true,
        "use_local_path": false,
        "use_test_set": true
    },
    "model_dir": "results/warcraft_shortest_path_combresnet",
    "num_cpus": 40,
    "num_epochs": 50,
    "problem_type": "warcraft_shortest_path",
    "ray_params": {},
    "save_visualizations": false,
    "seed": 3,
    "trainer_name": "DijkstraMAP",
    "trainer_params": {
        "batch_size": 70,
        "l1_regconst": 0.0,
        "lambda_val": 10.0,
        "lr_milestone_1": 30,
        "lr_milestone_2": 40,
        "mode": {
            "loss_type": "normal",
            "nb_samples": 1,
            "objective_type": "normal",
            "perturb_w": true,
            "perturb_w_prime": true,
            "temperature": 1,
            "type": 0,
            "use_gamma": true,
            "use_marginal": true
        },
        "model_params": {
            "arch_params": {},
            "model_name": "CombResnet18"
        },
        "neighbourhood_fn": "8-grid",
        "optimizer_name": "Adam",
        "optimizer_params": {
            "lr": 0.0005
        },
        "preload_batch": true,
        "use_cuda": true,
        "use_lr_scheduling": true
    },
    "use_ray": false
}
MAP-BACKPROP MODE: {
    "loss_type": "normal",
    "nb_samples": 1,
    "objective_type": "normal",
    "perturb_w": true,
    "perturb_w_prime": true,
    "temperature": 1,
    "type": 0,
    "use_gamma": true,
    "use_marginal": true
}
True
META: {'input_image_size': 192, 'output_features': 576, 'num_channels': 3, 'denormalize': <maprop.decorators.input_to_numpy object at 0x2b51fe705550>}
EVALUATING
{'loss': 43.24300132751465, 'accuracy': 0.9249253624677658, 'perfect_match_accuracy': 0.005, 'cost_ratio_suggested_true': 2.8434431552886963, 'below_10.0_percent_acc': 0.073, 'below_1.0_percent_acc': 0.008, 'below_0.1_percent_acc': 0.007, 'below_0.01_percent_acc': 0.007, 'below_0.001_percent_acc': 0.006, 'below_0.0001_percent_acc': 0.006, 'valid_acc': 1.0}
Epoch: 1	Batch time (2.217872)	Data time (0.049517)	Cuda time (0.000003)	Loss (27.170701)	Accuracy (0.952829)
EVALUATING
{'loss': 14.026000661849976, 'accuracy': 0.9756493210792542, 'perfect_match_accuracy': 0.291, 'cost_ratio_suggested_true': 1.138818463087082, 'below_10.0_percent_acc': 0.946, 'below_1.0_percent_acc': 0.598, 'below_0.1_percent_acc': 0.529, 'below_0.01_percent_acc': 0.529, 'below_0.001_percent_acc': 0.51, 'below_0.0001_percent_acc': 0.509, 'valid_acc': 1.0}
Epoch: 2	Batch time (2.159314)	Data time (0.043684)	Cuda time (0.000003)	Loss (21.821701)	Accuracy (0.962115)
EVALUATING
{'loss': 10.924000329971314, 'accuracy': 0.9810347372293472, 'perfect_match_accuracy': 0.387, 'cost_ratio_suggested_true': 1.0726208865642548, 'below_10.0_percent_acc': 0.982, 'below_1.0_percent_acc': 0.709, 'below_0.1_percent_acc': 0.64, 'below_0.01_percent_acc': 0.64, 'below_0.001_percent_acc': 0.632, 'below_0.0001_percent_acc': 0.632, 'valid_acc': 1.0}
Epoch: 3	Batch time (2.156237)	Data time (0.043538)	Cuda time (0.000003)	Loss (20.151401)	Accuracy (0.965015)
EVALUATING
{'loss': 10.970000462532044, 'accuracy': 0.9809548699855805, 'perfect_match_accuracy': 0.407, 'cost_ratio_suggested_true': 1.0933155715465546, 'below_10.0_percent_acc': 0.98, 'below_1.0_percent_acc': 0.712, 'below_0.1_percent_acc': 0.649, 'below_0.01_percent_acc': 0.649, 'below_0.001_percent_acc': 0.638, 'below_0.0001_percent_acc': 0.637, 'valid_acc': 1.0}
Epoch: 4	Batch time (2.210735)	Data time (0.044737)	Cuda time (0.000003)	Loss (18.992001)	Accuracy (0.967028)
EVALUATING
{'loss': 9.917000498771667, 'accuracy': 0.9827829962968826, 'perfect_match_accuracy': 0.455, 'cost_ratio_suggested_true': 1.0766735982894897, 'below_10.0_percent_acc': 0.982, 'below_1.0_percent_acc': 0.779, 'below_0.1_percent_acc': 0.716, 'below_0.01_percent_acc': 0.716, 'below_0.001_percent_acc': 0.702, 'below_0.0001_percent_acc': 0.702, 'valid_acc': 1.0}
Epoch: 5	Batch time (2.159666)	Data time (0.041797)	Cuda time (0.000003)	Loss (18.270901)	Accuracy (0.968280)
EVALUATING
{'loss': 9.964000492095947, 'accuracy': 0.9827013993263245, 'perfect_match_accuracy': 0.44, 'cost_ratio_suggested_true': 1.0543022096157073, 'below_10.0_percent_acc': 0.989, 'below_1.0_percent_acc': 0.739, 'below_0.1_percent_acc': 0.669, 'below_0.01_percent_acc': 0.669, 'below_0.001_percent_acc': 0.662, 'below_0.0001_percent_acc': 0.662, 'valid_acc': 1.0}
Epoch: 6	Batch time (2.156871)	Data time (0.048387)	Cuda time (0.000003)	Loss (17.208301)	Accuracy (0.970124)
EVALUATING
{'loss': 8.786000504493714, 'accuracy': 0.9847465437650681, 'perfect_match_accuracy': 0.491, 'cost_ratio_suggested_true': 1.052948122024536, 'below_10.0_percent_acc': 0.993, 'below_1.0_percent_acc': 0.791, 'below_0.1_percent_acc': 0.728, 'below_0.01_percent_acc': 0.728, 'below_0.001_percent_acc': 0.716, 'below_0.0001_percent_acc': 0.715, 'valid_acc': 1.0}
Epoch: 7	Batch time (2.255129)	Data time (0.043006)	Cuda time (0.000003)	Loss (16.641301)	Accuracy (0.971109)
EVALUATING
{'loss': 9.521000442504883, 'accuracy': 0.9834704959392547, 'perfect_match_accuracy': 0.466, 'cost_ratio_suggested_true': 1.0648738729953766, 'below_10.0_percent_acc': 0.983, 'below_1.0_percent_acc': 0.754, 'below_0.1_percent_acc': 0.689, 'below_0.01_percent_acc': 0.689, 'below_0.001_percent_acc': 0.684, 'below_0.0001_percent_acc': 0.684, 'valid_acc': 1.0}
Epoch: 8	Batch time (2.266529)	Data time (0.042372)	Cuda time (0.000003)	Loss (16.332400)	Accuracy (0.971645)
EVALUATING
{'loss': 10.267000207901, 'accuracy': 0.982175355553627, 'perfect_match_accuracy': 0.451, 'cost_ratio_suggested_true': 1.0877916657924651, 'below_10.0_percent_acc': 0.987, 'below_1.0_percent_acc': 0.778, 'below_0.1_percent_acc': 0.715, 'below_0.01_percent_acc': 0.715, 'below_0.001_percent_acc': 0.692, 'below_0.0001_percent_acc': 0.691, 'valid_acc': 1.0}
Epoch: 9	Batch time (2.230655)	Data time (0.043467)	Cuda time (0.000003)	Loss (15.586701)	Accuracy (0.972940)
EVALUATING
{'loss': 9.79200029373169, 'accuracy': 0.9830000132322312, 'perfect_match_accuracy': 0.496, 'cost_ratio_suggested_true': 1.0968058395385742, 'below_10.0_percent_acc': 0.968, 'below_1.0_percent_acc': 0.767, 'below_0.1_percent_acc': 0.701, 'below_0.01_percent_acc': 0.7, 'below_0.001_percent_acc': 0.676, 'below_0.0001_percent_acc': 0.676, 'valid_acc': 1.0}
Epoch: 10	Batch time (2.212752)	Data time (0.043892)	Cuda time (0.000003)	Loss (15.167601)	Accuracy (0.973667)
EVALUATING
{'loss': 9.30500020980835, 'accuracy': 0.9838454920053482, 'perfect_match_accuracy': 0.478, 'cost_ratio_suggested_true': 1.0630656909942626, 'below_10.0_percent_acc': 0.991, 'below_1.0_percent_acc': 0.8, 'below_0.1_percent_acc': 0.729, 'below_0.01_percent_acc': 0.729, 'below_0.001_percent_acc': 0.719, 'below_0.0001_percent_acc': 0.719, 'valid_acc': 1.0}
Epoch: 11	Batch time (2.103780)	Data time (0.038665)	Cuda time (0.000003)	Loss (14.850400)	Accuracy (0.974218)
EVALUATING
{'loss': 8.496000385284423, 'accuracy': 0.9852500122785568, 'perfect_match_accuracy': 0.503, 'cost_ratio_suggested_true': 1.053084876537323, 'below_10.0_percent_acc': 0.996, 'below_1.0_percent_acc': 0.806, 'below_0.1_percent_acc': 0.743, 'below_0.01_percent_acc': 0.742, 'below_0.001_percent_acc': 0.719, 'below_0.0001_percent_acc': 0.719, 'valid_acc': 1.0}
Epoch: 12	Batch time (2.217109)	Data time (0.041422)	Cuda time (0.000003)	Loss (14.614701)	Accuracy (0.974627)
EVALUATING
{'loss': 8.929000182151794, 'accuracy': 0.9844982755184174, 'perfect_match_accuracy': 0.488, 'cost_ratio_suggested_true': 1.0618552482128143, 'below_10.0_percent_acc': 0.99, 'below_1.0_percent_acc': 0.766, 'below_0.1_percent_acc': 0.694, 'below_0.01_percent_acc': 0.694, 'below_0.001_percent_acc': 0.685, 'below_0.0001_percent_acc': 0.684, 'valid_acc': 1.0}
Epoch: 13	Batch time (2.138673)	Data time (0.039890)	Cuda time (0.000003)	Loss (13.967401)	Accuracy (0.975751)
EVALUATING
{'loss': 8.177000260353088, 'accuracy': 0.9858038318157196, 'perfect_match_accuracy': 0.535, 'cost_ratio_suggested_true': 1.0623921179771423, 'below_10.0_percent_acc': 0.995, 'below_1.0_percent_acc': 0.827, 'below_0.1_percent_acc': 0.775, 'below_0.01_percent_acc': 0.775, 'below_0.001_percent_acc': 0.758, 'below_0.0001_percent_acc': 0.757, 'valid_acc': 1.0}
Epoch: 14	Batch time (2.157031)	Data time (0.040170)	Cuda time (0.000003)	Loss (13.839700)	Accuracy (0.975973)
EVALUATING
{'loss': 9.020000200271607, 'accuracy': 0.9843402874469757, 'perfect_match_accuracy': 0.505, 'cost_ratio_suggested_true': 1.066876381635666, 'below_10.0_percent_acc': 0.991, 'below_1.0_percent_acc': 0.791, 'below_0.1_percent_acc': 0.734, 'below_0.01_percent_acc': 0.734, 'below_0.001_percent_acc': 0.717, 'below_0.0001_percent_acc': 0.717, 'valid_acc': 1.0}
Epoch: 15	Batch time (2.224277)	Data time (0.042490)	Cuda time (0.000003)	Loss (13.380700)	Accuracy (0.976770)
EVALUATING
{'loss': 7.850000228881836, 'accuracy': 0.986371539235115, 'perfect_match_accuracy': 0.523, 'cost_ratio_suggested_true': 1.039192669391632, 'below_10.0_percent_acc': 0.996, 'below_1.0_percent_acc': 0.838, 'below_0.1_percent_acc': 0.778, 'below_0.01_percent_acc': 0.778, 'below_0.001_percent_acc': 0.768, 'below_0.0001_percent_acc': 0.768, 'valid_acc': 1.0}
Epoch: 16	Batch time (2.227348)	Data time (0.042257)	Cuda time (0.000003)	Loss (13.179100)	Accuracy (0.977120)
EVALUATING
{'loss': 9.251000332832337, 'accuracy': 0.9839392560720444, 'perfect_match_accuracy': 0.52, 'cost_ratio_suggested_true': 1.057591301202774, 'below_10.0_percent_acc': 0.994, 'below_1.0_percent_acc': 0.806, 'below_0.1_percent_acc': 0.742, 'below_0.01_percent_acc': 0.742, 'below_0.001_percent_acc': 0.712, 'below_0.0001_percent_acc': 0.711, 'valid_acc': 1.0}
Epoch: 17	Batch time (2.241242)	Data time (0.042877)	Cuda time (0.000003)	Loss (13.033600)	Accuracy (0.977372)
EVALUATING
{'loss': 9.103000559806823, 'accuracy': 0.9841961997747422, 'perfect_match_accuracy': 0.512, 'cost_ratio_suggested_true': 1.063032249212265, 'below_10.0_percent_acc': 0.99, 'below_1.0_percent_acc': 0.793, 'below_0.1_percent_acc': 0.738, 'below_0.01_percent_acc': 0.738, 'below_0.001_percent_acc': 0.725, 'below_0.0001_percent_acc': 0.724, 'valid_acc': 1.0}
Epoch: 18	Batch time (2.241935)	Data time (0.042404)	Cuda time (0.000003)	Loss (12.598600)	Accuracy (0.978127)
EVALUATING
{'loss': 7.970000224113464, 'accuracy': 0.9861632084846497, 'perfect_match_accuracy': 0.551, 'cost_ratio_suggested_true': 1.0525013601779938, 'below_10.0_percent_acc': 0.992, 'below_1.0_percent_acc': 0.811, 'below_0.1_percent_acc': 0.75, 'below_0.01_percent_acc': 0.75, 'below_0.001_percent_acc': 0.726, 'below_0.0001_percent_acc': 0.725, 'valid_acc': 1.0}
Epoch: 19	Batch time (2.247253)	Data time (0.042158)	Cuda time (0.000003)	Loss (12.613000)	Accuracy (0.978102)
EVALUATING
{'loss': 8.293000407218933, 'accuracy': 0.9856024342775345, 'perfect_match_accuracy': 0.538, 'cost_ratio_suggested_true': 1.0640037751197815, 'below_10.0_percent_acc': 0.991, 'below_1.0_percent_acc': 0.823, 'below_0.1_percent_acc': 0.772, 'below_0.01_percent_acc': 0.772, 'below_0.001_percent_acc': 0.748, 'below_0.0001_percent_acc': 0.748, 'valid_acc': 1.0}
Epoch: 20	Batch time (2.261327)	Data time (0.042780)	Cuda time (0.000003)	Loss (12.174600)	Accuracy (0.978864)
EVALUATING
{'loss': 7.871000308990478, 'accuracy': 0.9863350772857666, 'perfect_match_accuracy': 0.55, 'cost_ratio_suggested_true': 1.0507530438899995, 'below_10.0_percent_acc': 0.997, 'below_1.0_percent_acc': 0.845, 'below_0.1_percent_acc': 0.797, 'below_0.01_percent_acc': 0.797, 'below_0.001_percent_acc': 0.772, 'below_0.0001_percent_acc': 0.772, 'valid_acc': 1.0}
Epoch: 21	Batch time (2.234050)	Data time (0.041817)	Cuda time (0.000004)	Loss (11.932600)	Accuracy (0.979284)
EVALUATING
{'loss': 7.298000268936157, 'accuracy': 0.9873298698663712, 'perfect_match_accuracy': 0.581, 'cost_ratio_suggested_true': 1.0468113899230957, 'below_10.0_percent_acc': 0.998, 'below_1.0_percent_acc': 0.864, 'below_0.1_percent_acc': 0.819, 'below_0.01_percent_acc': 0.819, 'below_0.001_percent_acc': 0.772, 'below_0.0001_percent_acc': 0.771, 'valid_acc': 1.0}
Epoch: 22	Batch time (2.262696)	Data time (0.043361)	Cuda time (0.000003)	Loss (11.739900)	Accuracy (0.979618)
EVALUATING
{'loss': 7.496000413894653, 'accuracy': 0.9869861233234406, 'perfect_match_accuracy': 0.576, 'cost_ratio_suggested_true': 1.0463461709022521, 'below_10.0_percent_acc': 0.996, 'below_1.0_percent_acc': 0.864, 'below_0.1_percent_acc': 0.815, 'below_0.01_percent_acc': 0.815, 'below_0.001_percent_acc': 0.785, 'below_0.0001_percent_acc': 0.785, 'valid_acc': 1.0}
Epoch: 23	Batch time (2.236638)	Data time (0.041956)	Cuda time (0.000003)	Loss (11.578400)	Accuracy (0.979899)
EVALUATING
{'loss': 8.134000296592712, 'accuracy': 0.9858784741163253, 'perfect_match_accuracy': 0.58, 'cost_ratio_suggested_true': 1.0596387135982512, 'below_10.0_percent_acc': 0.997, 'below_1.0_percent_acc': 0.829, 'below_0.1_percent_acc': 0.784, 'below_0.01_percent_acc': 0.783, 'below_0.001_percent_acc': 0.748, 'below_0.0001_percent_acc': 0.747, 'valid_acc': 1.0}
Epoch: 24	Batch time (2.249644)	Data time (0.042834)	Cuda time (0.000003)	Loss (11.502100)	Accuracy (0.980031)
EVALUATING
{'loss': 7.2950002527236935, 'accuracy': 0.9873350834846497, 'perfect_match_accuracy': 0.591, 'cost_ratio_suggested_true': 1.045162855386734, 'below_10.0_percent_acc': 0.997, 'below_1.0_percent_acc': 0.862, 'below_0.1_percent_acc': 0.813, 'below_0.01_percent_acc': 0.813, 'below_0.001_percent_acc': 0.785, 'below_0.0001_percent_acc': 0.784, 'valid_acc': 1.0}
Epoch: 25	Batch time (2.208235)	Data time (0.042105)	Cuda time (0.000003)	Loss (11.179200)	Accuracy (0.980592)
EVALUATING
{'loss': 7.504000225067139, 'accuracy': 0.9869722366333008, 'perfect_match_accuracy': 0.571, 'cost_ratio_suggested_true': 1.0459091591835021, 'below_10.0_percent_acc': 0.999, 'below_1.0_percent_acc': 0.849, 'below_0.1_percent_acc': 0.809, 'below_0.01_percent_acc': 0.809, 'below_0.001_percent_acc': 0.781, 'below_0.0001_percent_acc': 0.781, 'valid_acc': 1.0}
Epoch: 26	Batch time (2.272771)	Data time (0.043018)	Cuda time (0.000003)	Loss (10.804700)	Accuracy (0.981242)
EVALUATING
{'loss': 8.058000259399414, 'accuracy': 0.9860104316473007, 'perfect_match_accuracy': 0.567, 'cost_ratio_suggested_true': 1.0535458874702455, 'below_10.0_percent_acc': 0.993, 'below_1.0_percent_acc': 0.832, 'below_0.1_percent_acc': 0.791, 'below_0.01_percent_acc': 0.791, 'below_0.001_percent_acc': 0.768, 'below_0.0001_percent_acc': 0.768, 'valid_acc': 1.0}
Epoch: 27	Batch time (2.259945)	Data time (0.041312)	Cuda time (0.000003)	Loss (10.779800)	Accuracy (0.981285)
EVALUATING
{'loss': 8.370000267028809, 'accuracy': 0.9854687643051148, 'perfect_match_accuracy': 0.533, 'cost_ratio_suggested_true': 1.0607746863365173, 'below_10.0_percent_acc': 0.997, 'below_1.0_percent_acc': 0.83, 'below_0.1_percent_acc': 0.777, 'below_0.01_percent_acc': 0.777, 'below_0.001_percent_acc': 0.749, 'below_0.0001_percent_acc': 0.748, 'valid_acc': 1.0}
Epoch: 28	Batch time (2.278892)	Data time (0.044103)	Cuda time (0.000003)	Loss (10.807200)	Accuracy (0.981238)
EVALUATING
{'loss': 7.835000324249267, 'accuracy': 0.9863975763320922, 'perfect_match_accuracy': 0.571, 'cost_ratio_suggested_true': 1.047100259065628, 'below_10.0_percent_acc': 0.999, 'below_1.0_percent_acc': 0.851, 'below_0.1_percent_acc': 0.801, 'below_0.01_percent_acc': 0.801, 'below_0.001_percent_acc': 0.772, 'below_0.0001_percent_acc': 0.771, 'valid_acc': 1.0}
Epoch: 29	Batch time (2.246170)	Data time (0.043695)	Cuda time (0.000003)	Loss (10.584400)	Accuracy (0.981624)
EVALUATING
{'loss': 7.081000156402588, 'accuracy': 0.9877066200971604, 'perfect_match_accuracy': 0.597, 'cost_ratio_suggested_true': 1.0395305788516997, 'below_10.0_percent_acc': 0.998, 'below_1.0_percent_acc': 0.867, 'below_0.1_percent_acc': 0.813, 'below_0.01_percent_acc': 0.813, 'below_0.001_percent_acc': 0.795, 'below_0.0001_percent_acc': 0.794, 'valid_acc': 1.0}
Epoch: 30	Batch time (2.052568)	Data time (0.038246)	Cuda time (0.000003)	Loss (10.216400)	Accuracy (0.982263)
EVALUATING
{'loss': 7.157000308036804, 'accuracy': 0.9875746667385101, 'perfect_match_accuracy': 0.609, 'cost_ratio_suggested_true': 1.051699756383896, 'below_10.0_percent_acc': 0.997, 'below_1.0_percent_acc': 0.861, 'below_0.1_percent_acc': 0.815, 'below_0.01_percent_acc': 0.814, 'below_0.001_percent_acc': 0.785, 'below_0.0001_percent_acc': 0.785, 'valid_acc': 1.0}
Epoch: 31	Batch time (1.897344)	Data time (0.034047)	Cuda time (0.000003)	Loss (9.559100)	Accuracy (0.983404)
EVALUATING
{'loss': 6.853000292778015, 'accuracy': 0.9881024426221847, 'perfect_match_accuracy': 0.625, 'cost_ratio_suggested_true': 1.0437674379348756, 'below_10.0_percent_acc': 0.996, 'below_1.0_percent_acc': 0.865, 'below_0.1_percent_acc': 0.823, 'below_0.01_percent_acc': 0.823, 'below_0.001_percent_acc': 0.798, 'below_0.0001_percent_acc': 0.797, 'valid_acc': 1.0}
Epoch: 32	Batch time (1.888800)	Data time (0.034095)	Cuda time (0.000002)	Loss (9.076600)	Accuracy (0.984242)
EVALUATING
{'loss': 6.747000269889831, 'accuracy': 0.9882864719629287, 'perfect_match_accuracy': 0.615, 'cost_ratio_suggested_true': 1.0423764991760254, 'below_10.0_percent_acc': 0.998, 'below_1.0_percent_acc': 0.863, 'below_0.1_percent_acc': 0.819, 'below_0.01_percent_acc': 0.819, 'below_0.001_percent_acc': 0.794, 'below_0.0001_percent_acc': 0.793, 'valid_acc': 1.0}
Epoch: 33	Batch time (2.227152)	Data time (0.043425)	Cuda time (0.000003)	Loss (9.114400)	Accuracy (0.984176)
EVALUATING
{'loss': 6.578000273704529, 'accuracy': 0.9885798740386963, 'perfect_match_accuracy': 0.623, 'cost_ratio_suggested_true': 1.0402316570281982, 'below_10.0_percent_acc': 0.997, 'below_1.0_percent_acc': 0.875, 'below_0.1_percent_acc': 0.829, 'below_0.01_percent_acc': 0.829, 'below_0.001_percent_acc': 0.804, 'below_0.0001_percent_acc': 0.803, 'valid_acc': 1.0}
Epoch: 34	Batch time (2.260025)	Data time (0.043644)	Cuda time (0.000003)	Loss (8.829000)	Accuracy (0.984672)
EVALUATING
{'loss': 6.534000205993652, 'accuracy': 0.9886562705039978, 'perfect_match_accuracy': 0.622, 'cost_ratio_suggested_true': 1.0406389009952546, 'below_10.0_percent_acc': 0.998, 'below_1.0_percent_acc': 0.87, 'below_0.1_percent_acc': 0.827, 'below_0.01_percent_acc': 0.827, 'below_0.001_percent_acc': 0.795, 'below_0.0001_percent_acc': 0.794, 'valid_acc': 1.0}
Epoch: 35	Batch time (2.228243)	Data time (0.041737)	Cuda time (0.000003)	Loss (8.954800)	Accuracy (0.984453)
EVALUATING
{'loss': 6.749000287055969, 'accuracy': 0.98828300178051, 'perfect_match_accuracy': 0.621, 'cost_ratio_suggested_true': 1.041760755777359, 'below_10.0_percent_acc': 0.998, 'below_1.0_percent_acc': 0.865, 'below_0.1_percent_acc': 0.821, 'below_0.01_percent_acc': 0.821, 'below_0.001_percent_acc': 0.793, 'below_0.0001_percent_acc': 0.792, 'valid_acc': 1.0}
Epoch: 36	Batch time (2.242326)	Data time (0.040541)	Cuda time (0.000003)	Loss (8.744700)	Accuracy (0.984818)
EVALUATING
{'loss': 6.417000217437744, 'accuracy': 0.9888593870401382, 'perfect_match_accuracy': 0.627, 'cost_ratio_suggested_true': 1.039152740240097, 'below_10.0_percent_acc': 0.999, 'below_1.0_percent_acc': 0.871, 'below_0.1_percent_acc': 0.828, 'below_0.01_percent_acc': 0.828, 'below_0.001_percent_acc': 0.804, 'below_0.0001_percent_acc': 0.803, 'valid_acc': 1.0}
Epoch: 37	Batch time (2.224492)	Data time (0.040375)	Cuda time (0.000003)	Loss (8.656600)	Accuracy (0.984971)
EVALUATING
{'loss': 6.655000329017639, 'accuracy': 0.9884461963176727, 'perfect_match_accuracy': 0.628, 'cost_ratio_suggested_true': 1.041218283176422, 'below_10.0_percent_acc': 0.996, 'below_1.0_percent_acc': 0.87, 'below_0.1_percent_acc': 0.824, 'below_0.01_percent_acc': 0.824, 'below_0.001_percent_acc': 0.794, 'below_0.0001_percent_acc': 0.793, 'valid_acc': 1.0}
Epoch: 38	Batch time (2.265801)	Data time (0.042006)	Cuda time (0.000003)	Loss (8.727700)	Accuracy (0.984848)
EVALUATING
{'loss': 6.674000205993653, 'accuracy': 0.9884132075309754, 'perfect_match_accuracy': 0.626, 'cost_ratio_suggested_true': 1.0404921066761017, 'below_10.0_percent_acc': 0.996, 'below_1.0_percent_acc': 0.86, 'below_0.1_percent_acc': 0.812, 'below_0.01_percent_acc': 0.812, 'below_0.001_percent_acc': 0.79, 'below_0.0001_percent_acc': 0.789, 'valid_acc': 1.0}
Epoch: 39	Batch time (2.212689)	Data time (0.040400)	Cuda time (0.000003)	Loss (8.713900)	Accuracy (0.984872)
EVALUATING
{'loss': 6.766000170707702, 'accuracy': 0.9882534867525101, 'perfect_match_accuracy': 0.623, 'cost_ratio_suggested_true': 1.0418280684947967, 'below_10.0_percent_acc': 0.996, 'below_1.0_percent_acc': 0.868, 'below_0.1_percent_acc': 0.821, 'below_0.01_percent_acc': 0.821, 'below_0.001_percent_acc': 0.796, 'below_0.0001_percent_acc': 0.795, 'valid_acc': 1.0}
Epoch: 40	Batch time (2.090146)	Data time (0.037432)	Cuda time (0.000003)	Loss (8.434000)	Accuracy (0.985358)
EVALUATING
{'loss': 6.8630001878738405, 'accuracy': 0.9880850958824158, 'perfect_match_accuracy': 0.612, 'cost_ratio_suggested_true': 1.0407650434970857, 'below_10.0_percent_acc': 0.997, 'below_1.0_percent_acc': 0.864, 'below_0.1_percent_acc': 0.815, 'below_0.01_percent_acc': 0.815, 'below_0.001_percent_acc': 0.788, 'below_0.0001_percent_acc': 0.787, 'valid_acc': 1.0}
Epoch: 41	Batch time (2.126699)	Data time (0.037139)	Cuda time (0.000003)	Loss (8.387200)	Accuracy (0.985439)
EVALUATING
{'loss': 6.815000340938568, 'accuracy': 0.9881684130430222, 'perfect_match_accuracy': 0.615, 'cost_ratio_suggested_true': 1.0412516951560975, 'below_10.0_percent_acc': 0.997, 'below_1.0_percent_acc': 0.865, 'below_0.1_percent_acc': 0.821, 'below_0.01_percent_acc': 0.821, 'below_0.001_percent_acc': 0.793, 'below_0.0001_percent_acc': 0.792, 'valid_acc': 1.0}
Epoch: 42	Batch time (2.296232)	Data time (0.042940)	Cuda time (0.000003)	Loss (8.251200)	Accuracy (0.985675)
EVALUATING
{'loss': 6.796000256538391, 'accuracy': 0.9882014077901841, 'perfect_match_accuracy': 0.619, 'cost_ratio_suggested_true': 1.0407250392436982, 'below_10.0_percent_acc': 0.997, 'below_1.0_percent_acc': 0.864, 'below_0.1_percent_acc': 0.819, 'below_0.01_percent_acc': 0.819, 'below_0.001_percent_acc': 0.793, 'below_0.0001_percent_acc': 0.792, 'valid_acc': 1.0}
Epoch: 43	Batch time (2.118010)	Data time (0.038467)	Cuda time (0.000003)	Loss (8.272200)	Accuracy (0.985639)
EVALUATING
{'loss': 6.749000182151795, 'accuracy': 0.9882829976081848, 'perfect_match_accuracy': 0.626, 'cost_ratio_suggested_true': 1.0411937415599823, 'below_10.0_percent_acc': 0.997, 'below_1.0_percent_acc': 0.866, 'below_0.1_percent_acc': 0.818, 'below_0.01_percent_acc': 0.818, 'below_0.001_percent_acc': 0.791, 'below_0.0001_percent_acc': 0.79, 'valid_acc': 1.0}
Epoch: 44	Batch time (2.308821)	Data time (0.042453)	Cuda time (0.000003)	Loss (8.203800)	Accuracy (0.985757)
EVALUATING
{'loss': 6.79900032043457, 'accuracy': 0.9881961995363235, 'perfect_match_accuracy': 0.619, 'cost_ratio_suggested_true': 1.0409560525417327, 'below_10.0_percent_acc': 0.997, 'below_1.0_percent_acc': 0.863, 'below_0.1_percent_acc': 0.815, 'below_0.01_percent_acc': 0.815, 'below_0.001_percent_acc': 0.79, 'below_0.0001_percent_acc': 0.789, 'valid_acc': 1.0}
Epoch: 45	Batch time (2.292417)	Data time (0.042046)	Cuda time (0.000003)	Loss (8.188100)	Accuracy (0.985785)
EVALUATING
{'loss': 6.733000311851502, 'accuracy': 0.9883107882738114, 'perfect_match_accuracy': 0.623, 'cost_ratio_suggested_true': 1.0410834169387817, 'below_10.0_percent_acc': 0.997, 'below_1.0_percent_acc': 0.867, 'below_0.1_percent_acc': 0.82, 'below_0.01_percent_acc': 0.82, 'below_0.001_percent_acc': 0.793, 'below_0.0001_percent_acc': 0.792, 'valid_acc': 1.0}
Epoch: 46	Batch time (2.295544)	Data time (0.042808)	Cuda time (0.000003)	Loss (8.075400)	Accuracy (0.985980)
EVALUATING
{'loss': 6.7090002012252805, 'accuracy': 0.9883524543046951, 'perfect_match_accuracy': 0.626, 'cost_ratio_suggested_true': 1.0413061439990998, 'below_10.0_percent_acc': 0.997, 'below_1.0_percent_acc': 0.865, 'below_0.1_percent_acc': 0.818, 'below_0.01_percent_acc': 0.818, 'below_0.001_percent_acc': 0.792, 'below_0.0001_percent_acc': 0.791, 'valid_acc': 1.0}
Epoch: 47	Batch time (2.119839)	Data time (0.037286)	Cuda time (0.000003)	Loss (8.348400)	Accuracy (0.985506)
EVALUATING
{'loss': 6.7860002613067625, 'accuracy': 0.9882187646627426, 'perfect_match_accuracy': 0.625, 'cost_ratio_suggested_true': 1.0410244286060333, 'below_10.0_percent_acc': 0.997, 'below_1.0_percent_acc': 0.863, 'below_0.1_percent_acc': 0.816, 'below_0.01_percent_acc': 0.816, 'below_0.001_percent_acc': 0.794, 'below_0.0001_percent_acc': 0.793, 'valid_acc': 1.0}
Epoch: 48	Batch time (2.013585)	Data time (0.035646)	Cuda time (0.000003)	Loss (8.326300)	Accuracy (0.985545)
EVALUATING
{'loss': 6.830000400543213, 'accuracy': 0.9881423819065094, 'perfect_match_accuracy': 0.618, 'cost_ratio_suggested_true': 1.0413055098056794, 'below_10.0_percent_acc': 0.997, 'below_1.0_percent_acc': 0.862, 'below_0.1_percent_acc': 0.814, 'below_0.01_percent_acc': 0.814, 'below_0.001_percent_acc': 0.789, 'below_0.0001_percent_acc': 0.788, 'valid_acc': 1.0}
Epoch: 49	Batch time (2.021294)	Data time (0.035210)	Cuda time (0.000003)	Loss (8.345300)	Accuracy (0.985512)
EVALUATING
{'loss': 6.82700029373169, 'accuracy': 0.9881475836038589, 'perfect_match_accuracy': 0.62, 'cost_ratio_suggested_true': 1.0415833950042725, 'below_10.0_percent_acc': 0.997, 'below_1.0_percent_acc': 0.862, 'below_0.1_percent_acc': 0.813, 'below_0.01_percent_acc': 0.813, 'below_0.001_percent_acc': 0.789, 'below_0.0001_percent_acc': 0.788, 'valid_acc': 1.0}
Epoch: 50	Batch time (2.217898)	Data time (0.041183)	Cuda time (0.000003)	Loss (8.173400)	Accuracy (0.985810)
EVALUATING
{'loss': 6.793000349998474, 'accuracy': 0.9882066136598587, 'perfect_match_accuracy': 0.621, 'cost_ratio_suggested_true': 1.0413278150558472, 'below_10.0_percent_acc': 0.997, 'below_1.0_percent_acc': 0.863, 'below_0.1_percent_acc': 0.814, 'below_0.01_percent_acc': 0.814, 'below_0.001_percent_acc': 0.791, 'below_0.0001_percent_acc': 0.79, 'valid_acc': 1.0}
