gonzo-605-7.local
declare -x ANT_HOME="/opt/rocks"
declare -x ARC="lx-amd64"
declare -x BASH_ENV="/usr/share/lmod/lmod/init/bash"
declare -x CONDA_DEFAULT_ENV="gpu"
declare -x CONDA_EXE="/home/pminervi/anaconda3/bin/conda"
declare -x CONDA_PREFIX="/home/pminervi/anaconda3/envs/gpu"
declare -x CONDA_PREFIX_1="/home/pminervi/anaconda3/envs/cpu"
declare -x CONDA_PROMPT_MODIFIER="(gpu) "
declare -x CONDA_PYTHON_EXE="/home/pminervi/anaconda3/bin/python"
declare -x CONDA_SHLVL="2"
declare -x CUDA_VISIBLE_DEVICES="0"
declare -x ENVIRONMENT="BATCH"
declare -x HISTCONTROL="ignoredups"
declare -x HISTSIZE="1000"
declare -x HOME="/home/pminervi"
declare -x HOSTNAME="gonzo-605-7.local"
declare -x JAVA_HOME="/share/apps/mr/utils/jdk"
declare -x JOB_ID="2799085"
declare -x JOB_NAME="temperature_beaker_v10.job"
declare -x JOB_SCRIPT="/opt/gridengine/default/spool/gonzo-605-7/job_scripts/2799085"
declare -x LANG="en_US.utf8"
declare -x LANGUAGE="en_US:en"
declare -x LD_LIBRARY_PATH="/share/apps/gcc-6.2.0/lib/:/share/apps/gcc-6.2.0/lib64/:/opt/gridengine/lib/lx-amd64"
declare -x LESSOPEN="||/usr/bin/lesspipe.sh %s"
declare -x LMOD_CMD="/usr/share/lmod/lmod/libexec/lmod"
declare -x LMOD_DIR="/usr/share/lmod/lmod/libexec"
declare -x LMOD_PKG="/usr/share/lmod/lmod"
declare -x LMOD_ROOT="/usr/share/lmod"
declare -x LMOD_SETTARG_FULL_SUPPORT="no"
declare -x LMOD_VERSION="8.2.7"
declare -x LMOD_sys="Linux"
declare -x LOADEDMODULES=""
declare -x LOGNAME="pminervi"
declare -x MAIL="/var/spool/mail/pminervi"
declare -x MANPATH="/usr/share/lmod/lmod/share/man:"
declare -x MODULEPATH="/share/apps/modulefiles/default"
declare -x MODULEPATH_ROOT="/usr/share/modulefiles"
declare -x MODULESHOME="/usr/share/lmod/lmod"
declare -x MPICH_PROCESS_GROUP="no"
declare -x NHOSTS="1"
declare -x NQUEUES="1"
declare -x NSLOTS="1"
declare -x OLDPWD="/home/pminervi/workspace/map-backprop"
declare -x PATH="/home/pminervi/anaconda3/envs/gpu/bin:/home/pminervi/anaconda3/condabin:/home/pminervi/anaconda3/bin:/share/apps/binutils-2.27/bin/:/share/apps/gcc-6.2.0/bin/:/share/apps/mr/bin:/tmp/2799085.41.gpu.q:/usr/local/bin:/bin:/usr/bin:/usr/local/sbin:/usr/sbin:/opt/ganglia/bin:/opt/ganglia/sbin:/opt/rocks/bin:/opt/rocks/sbin:/opt/gridengine/bin/lx-amd64:/home/pminervi/bin"
declare -x PWD="/home/pminervi/workspace/map-backprop"
declare -x QUEUE="gpu.q"
declare -x REQNAME="temperature_beaker_v10.job"
declare -x REQUEST="temperature_beaker_v10.job"
declare -x RESTARTED="0"
declare -x ROCKSROOT="/opt/rocks/share/devel"
declare -x ROCKS_ROOT="/opt/rocks"
declare -x ROLLSROOT="/opt/rocks/share/devel/src/roll"
declare -x SGE_ACCOUNT="sge"
declare -x SGE_ARCH="lx-amd64"
declare -x SGE_BINARY_PATH="/opt/gridengine/bin/lx-amd64"
declare -x SGE_CELL="default"
declare -x SGE_CWD_PATH="/home/pminervi/workspace/map-backprop"
declare -x SGE_EXECD_PORT="537"
declare -x SGE_JOB_SPOOL_DIR="/opt/gridengine/default/spool/gonzo-605-7/active_jobs/2799085.41"
declare -x SGE_O_HOME="/home/pminervi"
declare -x SGE_O_HOST="beaker"
declare -x SGE_O_LOGNAME="pminervi"
declare -x SGE_O_MAIL="/var/spool/mail/pminervi"
declare -x SGE_O_PATH="/home/pminervi/anaconda3/envs/cpu/bin:/home/pminervi/anaconda3/condabin:/home/pminervi/anaconda3/bin:/share/apps/binutils-2.27/bin/:/share/apps/gcc-6.2.0/bin/:/share/apps/mr/bin:/usr/local/bin:/usr/bin:/usr/local/sbin:/usr/sbin:/opt/ganglia/bin:/opt/ganglia/sbin:/opt/rocks/bin:/opt/rocks/sbin:/opt/gridengine/bin/lx-amd64:/home/pminervi/bin"
declare -x SGE_O_SHELL="/bin/bash"
declare -x SGE_O_WORKDIR="/home/pminervi/workspace/map-backprop"
declare -x SGE_QMASTER_PORT="536"
declare -x SGE_ROOT="/opt/gridengine"
declare -x SGE_STDERR_PATH="/home/pminervi/array.err"
declare -x SGE_STDIN_PATH="/dev/null"
declare -x SGE_STDOUT_PATH="/home/pminervi/array.out"
declare -x SGE_TASK_FIRST="1"
declare -x SGE_TASK_ID="41"
declare -x SGE_TASK_LAST="60"
declare -x SGE_TASK_STEPSIZE="1"
declare -x SHELL="/bin/bash"
declare -x SHLVL="2"
declare -x SSH_ASKPASS="/usr/libexec/openssh/gnome-ssh-askpass"
declare -x TERM=""
declare -x TMP="/tmp/2799085.41.gpu.q"
declare -x TMPDIR="/tmp/2799085.41.gpu.q"
declare -x USER="pminervi"
Wed Feb  3 07:28:51 2021       
+-----------------------------------------------------------------------------+
| NVIDIA-SMI 450.51.05    Driver Version: 450.51.05    CUDA Version: 11.0     |
|-------------------------------+----------------------+----------------------+
| GPU  Name        Persistence-M| Bus-Id        Disp.A | Volatile Uncorr. ECC |
| Fan  Temp  Perf  Pwr:Usage/Cap|         Memory-Usage | GPU-Util  Compute M. |
|                               |                      |               MIG M. |
|===============================+======================+======================|
|   0  GeForce GTX 108...  On   | 00000000:02:00.0 Off |                  N/A |
| 23%   21C    P8     8W / 250W |      0MiB / 11178MiB |      0%   E. Process |
|                               |                      |                  N/A |
+-------------------------------+----------------------+----------------------+
|   1  GeForce GTX 108...  On   | 00000000:03:00.0 Off |                  N/A |
| 23%   23C    P8    14W / 250W |      0MiB / 11178MiB |      0%   E. Process |
|                               |                      |                  N/A |
+-------------------------------+----------------------+----------------------+
|   2  GeForce GTX 108...  On   | 00000000:81:00.0 Off |                  N/A |
| 27%   48C    P2    59W / 250W |   4365MiB / 11178MiB |      0%   E. Process |
|                               |                      |                  N/A |
+-------------------------------+----------------------+----------------------+
|   3  GeForce GTX 108...  On   | 00000000:82:00.0 Off |                  N/A |
| 23%   41C    P2    59W / 250W |   4353MiB / 11178MiB |      0%   E. Process |
|                               |                      |                  N/A |
+-------------------------------+----------------------+----------------------+
                                                                               
+-----------------------------------------------------------------------------+
| Processes:                                                                  |
|  GPU   GI   CI        PID   Type   Process name                  GPU Memory |
|        ID   ID                                                   Usage      |
|=============================================================================|
|    2   N/A  N/A     11070      C   python                           4363MiB |
|    3   N/A  N/A     15261      C   python                           4351MiB |
+-----------------------------------------------------------------------------+
No existing entry for trainer_params.mode.type
{}[type] = <class 'int'>(0)
No existing entry for trainer_params.mode.objective_type
{'type': 0}[objective_type] = <class 'str'>(normal)
No existing entry for trainer_params.mode.use_marginal
{'type': 0, 'objective_type': 'normal'}[use_marginal] = <class 'bool'>(True)
No existing entry for trainer_params.mode.nb_samples
{'type': 0, 'objective_type': 'normal', 'use_marginal': True}[nb_samples] = <class 'int'>(10)
No existing entry for trainer_params.mode.temperature
{'type': 0, 'objective_type': 'normal', 'use_marginal': True, 'nb_samples': 10}[temperature] = <class 'float'>(0.001)
No existing entry for trainer_params.mode.use_gamma
{'type': 0, 'objective_type': 'normal', 'use_marginal': True, 'nb_samples': 10, 'temperature': 0.001}[use_gamma] = <class 'bool'>(True)
No existing entry for trainer_params.mode.loss_type
{'type': 0, 'objective_type': 'normal', 'use_marginal': True, 'nb_samples': 10, 'temperature': 0.001, 'use_gamma': True}[loss_type] = <class 'str'>(normal)
No existing entry for trainer_params.mode.perturb_w
{'type': 0, 'objective_type': 'normal', 'use_marginal': True, 'nb_samples': 10, 'temperature': 0.001, 'use_gamma': True, 'loss_type': 'normal'}[perturb_w] = <class 'bool'>(False)
No existing entry for trainer_params.mode.perturb_w_prime
{'type': 0, 'objective_type': 'normal', 'use_marginal': True, 'nb_samples': 10, 'temperature': 0.001, 'use_gamma': True, 'loss_type': 'normal', 'perturb_w': False}[perturb_w_prime] = <class 'bool'>(False)
{'batch_size': 70, 'l1_regconst': 0.0, 'lambda_val': 20.0, 'lr_milestone_1': 30, 'lr_milestone_2': 40, 'model_params': {'arch_params': {}, 'model_name': 'CombResnet18'}, 'neighbourhood_fn': '8-grid', 'optimizer_name': 'Adam', 'optimizer_params': {'lr': 0.0005}, 'preload_batch': True, 'use_cuda': True, 'use_lr_scheduling': True, 'mode': {'type': 0, 'objective_type': 'normal', 'use_marginal': True, 'nb_samples': 10, 'temperature': 0.001, 'use_gamma': True, 'loss_type': 'normal', 'perturb_w': False, 'perturb_w_prime': False}}[lambda_val] = <class 'float'>(1.0)
{'data_dir': 'data/warcraft_shortest_path/12x12', 'evaluate_with_extra': False, 'normalize': True, 'use_local_path': False, 'use_test_set': True}[data_dir] = <class 'str'>(data/warcraft_shortest_path/18x18)
{'evaluate_every': 5, 'loader_params': {'data_dir': 'data/warcraft_shortest_path/18x18', 'evaluate_with_extra': False, 'normalize': True, 'use_local_path': False, 'use_test_set': True}, 'model_dir': 'results/warcraft_shortest_path_combresnet', 'num_cpus': 40, 'num_epochs': 50, 'problem_type': 'warcraft_shortest_path', 'ray_params': {}, 'save_visualizations': False, 'seed': 1, 'trainer_name': 'DijkstraMAP', 'trainer_params': {'batch_size': 70, 'l1_regconst': 0.0, 'lambda_val': 1.0, 'lr_milestone_1': 30, 'lr_milestone_2': 40, 'model_params': {'arch_params': {}, 'model_name': 'CombResnet18'}, 'neighbourhood_fn': '8-grid', 'optimizer_name': 'Adam', 'optimizer_params': {'lr': 0.0005}, 'preload_batch': True, 'use_cuda': True, 'use_lr_scheduling': True, 'mode': {'type': 0, 'objective_type': 'normal', 'use_marginal': True, 'nb_samples': 10, 'temperature': 0.001, 'use_gamma': True, 'loss_type': 'normal', 'perturb_w': False, 'perturb_w_prime': False}}, 'use_ray': True}[seed] = <class 'int'>(1)
{'evaluate_every': 5, 'loader_params': {'data_dir': 'data/warcraft_shortest_path/18x18', 'evaluate_with_extra': False, 'normalize': True, 'use_local_path': False, 'use_test_set': True}, 'model_dir': 'results/warcraft_shortest_path_combresnet', 'num_cpus': 40, 'num_epochs': 50, 'problem_type': 'warcraft_shortest_path', 'ray_params': {}, 'save_visualizations': False, 'seed': 1, 'trainer_name': 'DijkstraMAP', 'trainer_params': {'batch_size': 70, 'l1_regconst': 0.0, 'lambda_val': 1.0, 'lr_milestone_1': 30, 'lr_milestone_2': 40, 'model_params': {'arch_params': {}, 'model_name': 'CombResnet18'}, 'neighbourhood_fn': '8-grid', 'optimizer_name': 'Adam', 'optimizer_params': {'lr': 0.0005}, 'preload_batch': True, 'use_cuda': True, 'use_lr_scheduling': True, 'mode': {'type': 0, 'objective_type': 'normal', 'use_marginal': True, 'nb_samples': 10, 'temperature': 0.001, 'use_gamma': True, 'loss_type': 'normal', 'perturb_w': False, 'perturb_w_prime': False}}, 'use_ray': True}[evaluate_every] = <class 'int'>(1)
{'evaluate_every': 1, 'loader_params': {'data_dir': 'data/warcraft_shortest_path/18x18', 'evaluate_with_extra': False, 'normalize': True, 'use_local_path': False, 'use_test_set': True}, 'model_dir': 'results/warcraft_shortest_path_combresnet', 'num_cpus': 40, 'num_epochs': 50, 'problem_type': 'warcraft_shortest_path', 'ray_params': {}, 'save_visualizations': False, 'seed': 1, 'trainer_name': 'DijkstraMAP', 'trainer_params': {'batch_size': 70, 'l1_regconst': 0.0, 'lambda_val': 1.0, 'lr_milestone_1': 30, 'lr_milestone_2': 40, 'model_params': {'arch_params': {}, 'model_name': 'CombResnet18'}, 'neighbourhood_fn': '8-grid', 'optimizer_name': 'Adam', 'optimizer_params': {'lr': 0.0005}, 'preload_batch': True, 'use_cuda': True, 'use_lr_scheduling': True, 'mode': {'type': 0, 'objective_type': 'normal', 'use_marginal': True, 'nb_samples': 10, 'temperature': 0.001, 'use_gamma': True, 'loss_type': 'normal', 'perturb_w': False, 'perturb_w_prime': False}}, 'use_ray': True}[use_ray] = <class 'bool'>(False)
No existing entry for trainer_params.mode.type
{}[type] = <class 'int'>(0)
No existing entry for trainer_params.mode.objective_type
{'type': 0}[objective_type] = <class 'str'>(normal)
No existing entry for trainer_params.mode.use_marginal
{'type': 0, 'objective_type': 'normal'}[use_marginal] = <class 'bool'>(True)
No existing entry for trainer_params.mode.nb_samples
{'type': 0, 'objective_type': 'normal', 'use_marginal': True}[nb_samples] = <class 'int'>(10)
No existing entry for trainer_params.mode.temperature
{'type': 0, 'objective_type': 'normal', 'use_marginal': True, 'nb_samples': 10}[temperature] = <class 'float'>(0.001)
No existing entry for trainer_params.mode.use_gamma
{'type': 0, 'objective_type': 'normal', 'use_marginal': True, 'nb_samples': 10, 'temperature': 0.001}[use_gamma] = <class 'bool'>(True)
No existing entry for trainer_params.mode.loss_type
{'type': 0, 'objective_type': 'normal', 'use_marginal': True, 'nb_samples': 10, 'temperature': 0.001, 'use_gamma': True}[loss_type] = <class 'str'>(normal)
No existing entry for trainer_params.mode.perturb_w
{'type': 0, 'objective_type': 'normal', 'use_marginal': True, 'nb_samples': 10, 'temperature': 0.001, 'use_gamma': True, 'loss_type': 'normal'}[perturb_w] = <class 'bool'>(False)
No existing entry for trainer_params.mode.perturb_w_prime
{'type': 0, 'objective_type': 'normal', 'use_marginal': True, 'nb_samples': 10, 'temperature': 0.001, 'use_gamma': True, 'loss_type': 'normal', 'perturb_w': False}[perturb_w_prime] = <class 'bool'>(False)
{'batch_size': 70, 'l1_regconst': 0.0, 'lambda_val': 20.0, 'lr_milestone_1': 30, 'lr_milestone_2': 40, 'model_params': {'arch_params': {}, 'model_name': 'CombResnet18'}, 'neighbourhood_fn': '8-grid', 'optimizer_name': 'Adam', 'optimizer_params': {'lr': 0.0005}, 'preload_batch': True, 'use_cuda': True, 'use_lr_scheduling': True, 'mode': {'type': 0, 'objective_type': 'normal', 'use_marginal': True, 'nb_samples': 10, 'temperature': 0.001, 'use_gamma': True, 'loss_type': 'normal', 'perturb_w': False, 'perturb_w_prime': False}}[lambda_val] = <class 'float'>(1.0)
{'data_dir': 'data/warcraft_shortest_path/12x12', 'evaluate_with_extra': False, 'normalize': True, 'use_local_path': False, 'use_test_set': True}[data_dir] = <class 'str'>(data/warcraft_shortest_path/18x18)
{'evaluate_every': 5, 'loader_params': {'data_dir': 'data/warcraft_shortest_path/18x18', 'evaluate_with_extra': False, 'normalize': True, 'use_local_path': False, 'use_test_set': True}, 'model_dir': 'results/warcraft_shortest_path_combresnet', 'num_cpus': 40, 'num_epochs': 50, 'problem_type': 'warcraft_shortest_path', 'ray_params': {}, 'save_visualizations': False, 'seed': 1, 'trainer_name': 'DijkstraMAP', 'trainer_params': {'batch_size': 70, 'l1_regconst': 0.0, 'lambda_val': 1.0, 'lr_milestone_1': 30, 'lr_milestone_2': 40, 'model_params': {'arch_params': {}, 'model_name': 'CombResnet18'}, 'neighbourhood_fn': '8-grid', 'optimizer_name': 'Adam', 'optimizer_params': {'lr': 0.0005}, 'preload_batch': True, 'use_cuda': True, 'use_lr_scheduling': True, 'mode': {'type': 0, 'objective_type': 'normal', 'use_marginal': True, 'nb_samples': 10, 'temperature': 0.001, 'use_gamma': True, 'loss_type': 'normal', 'perturb_w': False, 'perturb_w_prime': False}}, 'use_ray': True}[seed] = <class 'int'>(1)
{'evaluate_every': 5, 'loader_params': {'data_dir': 'data/warcraft_shortest_path/18x18', 'evaluate_with_extra': False, 'normalize': True, 'use_local_path': False, 'use_test_set': True}, 'model_dir': 'results/warcraft_shortest_path_combresnet', 'num_cpus': 40, 'num_epochs': 50, 'problem_type': 'warcraft_shortest_path', 'ray_params': {}, 'save_visualizations': False, 'seed': 1, 'trainer_name': 'DijkstraMAP', 'trainer_params': {'batch_size': 70, 'l1_regconst': 0.0, 'lambda_val': 1.0, 'lr_milestone_1': 30, 'lr_milestone_2': 40, 'model_params': {'arch_params': {}, 'model_name': 'CombResnet18'}, 'neighbourhood_fn': '8-grid', 'optimizer_name': 'Adam', 'optimizer_params': {'lr': 0.0005}, 'preload_batch': True, 'use_cuda': True, 'use_lr_scheduling': True, 'mode': {'type': 0, 'objective_type': 'normal', 'use_marginal': True, 'nb_samples': 10, 'temperature': 0.001, 'use_gamma': True, 'loss_type': 'normal', 'perturb_w': False, 'perturb_w_prime': False}}, 'use_ray': True}[evaluate_every] = <class 'int'>(1)
{'evaluate_every': 1, 'loader_params': {'data_dir': 'data/warcraft_shortest_path/18x18', 'evaluate_with_extra': False, 'normalize': True, 'use_local_path': False, 'use_test_set': True}, 'model_dir': 'results/warcraft_shortest_path_combresnet', 'num_cpus': 40, 'num_epochs': 50, 'problem_type': 'warcraft_shortest_path', 'ray_params': {}, 'save_visualizations': False, 'seed': 1, 'trainer_name': 'DijkstraMAP', 'trainer_params': {'batch_size': 70, 'l1_regconst': 0.0, 'lambda_val': 1.0, 'lr_milestone_1': 30, 'lr_milestone_2': 40, 'model_params': {'arch_params': {}, 'model_name': 'CombResnet18'}, 'neighbourhood_fn': '8-grid', 'optimizer_name': 'Adam', 'optimizer_params': {'lr': 0.0005}, 'preload_batch': True, 'use_cuda': True, 'use_lr_scheduling': True, 'mode': {'type': 0, 'objective_type': 'normal', 'use_marginal': True, 'nb_samples': 10, 'temperature': 0.001, 'use_gamma': True, 'loss_type': 'normal', 'perturb_w': False, 'perturb_w_prime': False}}, 'use_ray': True}[use_ray] = <class 'bool'>(False)
{
    "evaluate_every": 1,
    "loader_params": {
        "data_dir": "data/warcraft_shortest_path/18x18",
        "evaluate_with_extra": false,
        "normalize": true,
        "use_local_path": false,
        "use_test_set": true
    },
    "model_dir": "results/warcraft_shortest_path_combresnet",
    "num_cpus": 40,
    "num_epochs": 50,
    "problem_type": "warcraft_shortest_path",
    "ray_params": {},
    "save_visualizations": false,
    "seed": 1,
    "trainer_name": "DijkstraMAP",
    "trainer_params": {
        "batch_size": 70,
        "l1_regconst": 0.0,
        "lambda_val": 1.0,
        "lr_milestone_1": 30,
        "lr_milestone_2": 40,
        "mode": {
            "loss_type": "normal",
            "nb_samples": 10,
            "objective_type": "normal",
            "perturb_w": false,
            "perturb_w_prime": false,
            "temperature": 0.001,
            "type": 0,
            "use_gamma": true,
            "use_marginal": true
        },
        "model_params": {
            "arch_params": {},
            "model_name": "CombResnet18"
        },
        "neighbourhood_fn": "8-grid",
        "optimizer_name": "Adam",
        "optimizer_params": {
            "lr": 0.0005
        },
        "preload_batch": true,
        "use_cuda": true,
        "use_lr_scheduling": true
    },
    "use_ray": false
}
MAP-BACKPROP MODE: {
    "loss_type": "normal",
    "nb_samples": 10,
    "objective_type": "normal",
    "perturb_w": false,
    "perturb_w_prime": false,
    "temperature": 0.001,
    "type": 0,
    "use_gamma": true,
    "use_marginal": true
}
True
META: {'input_image_size': 144, 'output_features': 324, 'num_channels': 3, 'denormalize': <maprop.decorators.input_to_numpy object at 0x2b5b5a77a0f0>}
EVALUATING
{'loss': 30.140000858306884, 'accuracy': 0.9069752943515778, 'perfect_match_accuracy': 0.007, 'cost_ratio_suggested_true': 2.698470640182495, 'below_10.0_percent_acc': 0.071, 'below_1.0_percent_acc': 0.015, 'below_0.1_percent_acc': 0.012, 'below_0.01_percent_acc': 0.012, 'below_0.001_percent_acc': 0.01, 'below_0.0001_percent_acc': 0.01, 'valid_acc': 1.0}
Epoch: 1	Batch time (1.239840)	Data time (0.035431)	Cuda time (0.000004)	Loss (16.689501)	Accuracy (0.948489)
EVALUATING
{'loss': 8.816000151634217, 'accuracy': 0.972790110707283, 'perfect_match_accuracy': 0.309, 'cost_ratio_suggested_true': 1.1176832175254823, 'below_10.0_percent_acc': 0.863, 'below_1.0_percent_acc': 0.694, 'below_0.1_percent_acc': 0.67, 'below_0.01_percent_acc': 0.67, 'below_0.001_percent_acc': 0.651, 'below_0.0001_percent_acc': 0.651, 'valid_acc': 1.0}
Epoch: 2	Batch time (1.130069)	Data time (0.023935)	Cuda time (0.000003)	Loss (7.909200)	Accuracy (0.975589)
EVALUATING
{'loss': 7.981000347137451, 'accuracy': 0.9753672695159912, 'perfect_match_accuracy': 0.329, 'cost_ratio_suggested_true': 1.0780446875095366, 'below_10.0_percent_acc': 0.933, 'below_1.0_percent_acc': 0.807, 'below_0.1_percent_acc': 0.776, 'below_0.01_percent_acc': 0.776, 'below_0.001_percent_acc': 0.757, 'below_0.0001_percent_acc': 0.757, 'valid_acc': 1.0}
Epoch: 3	Batch time (1.196948)	Data time (0.022784)	Cuda time (0.000003)	Loss (5.992000)	Accuracy (0.981506)
EVALUATING
{'loss': 5.231000198125839, 'accuracy': 0.9838549298048019, 'perfect_match_accuracy': 0.552, 'cost_ratio_suggested_true': 1.052910839319229, 'below_10.0_percent_acc': 0.993, 'below_1.0_percent_acc': 0.897, 'below_0.1_percent_acc': 0.872, 'below_0.01_percent_acc': 0.872, 'below_0.001_percent_acc': 0.836, 'below_0.0001_percent_acc': 0.836, 'valid_acc': 1.0}
Epoch: 4	Batch time (1.206570)	Data time (0.023328)	Cuda time (0.000003)	Loss (4.934200)	Accuracy (0.984771)
EVALUATING
{'loss': 4.721000108718872, 'accuracy': 0.98542899787426, 'perfect_match_accuracy': 0.566, 'cost_ratio_suggested_true': 1.0387697875499726, 'below_10.0_percent_acc': 0.996, 'below_1.0_percent_acc': 0.932, 'below_0.1_percent_acc': 0.914, 'below_0.01_percent_acc': 0.913, 'below_0.001_percent_acc': 0.879, 'below_0.0001_percent_acc': 0.878, 'valid_acc': 1.0}
Epoch: 5	Batch time (1.243624)	Data time (0.022720)	Cuda time (0.000003)	Loss (4.317800)	Accuracy (0.986673)
EVALUATING
{'loss': 4.0300002503395085, 'accuracy': 0.9875617092847824, 'perfect_match_accuracy': 0.596, 'cost_ratio_suggested_true': 1.0314590203762055, 'below_10.0_percent_acc': 0.999, 'below_1.0_percent_acc': 0.949, 'below_0.1_percent_acc': 0.934, 'below_0.01_percent_acc': 0.933, 'below_0.001_percent_acc': 0.89, 'below_0.0001_percent_acc': 0.89, 'valid_acc': 1.0}
Epoch: 6	Batch time (1.371287)	Data time (0.023221)	Cuda time (0.000003)	Loss (4.252800)	Accuracy (0.986874)
EVALUATING
{'loss': 3.842000198364258, 'accuracy': 0.9881419616937638, 'perfect_match_accuracy': 0.633, 'cost_ratio_suggested_true': 1.030645592212677, 'below_10.0_percent_acc': 0.999, 'below_1.0_percent_acc': 0.943, 'below_0.1_percent_acc': 0.922, 'below_0.01_percent_acc': 0.922, 'below_0.001_percent_acc': 0.879, 'below_0.0001_percent_acc': 0.879, 'valid_acc': 1.0}
Epoch: 7	Batch time (1.309353)	Data time (0.023263)	Cuda time (0.000003)	Loss (3.719800)	Accuracy (0.988519)
EVALUATING
{'loss': 3.9480001020431517, 'accuracy': 0.9878147995471954, 'perfect_match_accuracy': 0.601, 'cost_ratio_suggested_true': 1.0294721627235413, 'below_10.0_percent_acc': 0.999, 'below_1.0_percent_acc': 0.962, 'below_0.1_percent_acc': 0.943, 'below_0.01_percent_acc': 0.943, 'below_0.001_percent_acc': 0.906, 'below_0.0001_percent_acc': 0.905, 'valid_acc': 1.0}
Epoch: 8	Batch time (2.281622)	Data time (0.020181)	Cuda time (0.000003)	Loss (3.321900)	Accuracy (0.989747)
EVALUATING
{'loss': 3.5480001163482666, 'accuracy': 0.9890493714809417, 'perfect_match_accuracy': 0.644, 'cost_ratio_suggested_true': 1.0258200907707213, 'below_10.0_percent_acc': 1.0, 'below_1.0_percent_acc': 0.966, 'below_0.1_percent_acc': 0.952, 'below_0.01_percent_acc': 0.951, 'below_0.001_percent_acc': 0.91, 'below_0.0001_percent_acc': 0.91, 'valid_acc': 1.0}
Epoch: 9	Batch time (1.157633)	Data time (0.022313)	Cuda time (0.000003)	Loss (3.061700)	Accuracy (0.990550)
EVALUATING
{'loss': 3.5890001177787783, 'accuracy': 0.9889228290319443, 'perfect_match_accuracy': 0.665, 'cost_ratio_suggested_true': 1.026358368396759, 'below_10.0_percent_acc': 1.0, 'below_1.0_percent_acc': 0.964, 'below_0.1_percent_acc': 0.946, 'below_0.01_percent_acc': 0.946, 'below_0.001_percent_acc': 0.898, 'below_0.0001_percent_acc': 0.898, 'valid_acc': 1.0}
Epoch: 10	Batch time (1.279294)	Data time (0.023573)	Cuda time (0.000003)	Loss (3.111800)	Accuracy (0.990396)
EVALUATING
{'loss': 3.553000047206879, 'accuracy': 0.9890339392423629, 'perfect_match_accuracy': 0.687, 'cost_ratio_suggested_true': 1.023372106552124, 'below_10.0_percent_acc': 1.0, 'below_1.0_percent_acc': 0.967, 'below_0.1_percent_acc': 0.949, 'below_0.01_percent_acc': 0.949, 'below_0.001_percent_acc': 0.906, 'below_0.0001_percent_acc': 0.905, 'valid_acc': 1.0}
Epoch: 11	Batch time (1.284721)	Data time (0.023716)	Cuda time (0.000003)	Loss (2.891800)	Accuracy (0.991075)
EVALUATING
{'loss': 3.548000235557556, 'accuracy': 0.9890493649244309, 'perfect_match_accuracy': 0.677, 'cost_ratio_suggested_true': 1.018125182390213, 'below_10.0_percent_acc': 1.0, 'below_1.0_percent_acc': 0.965, 'below_0.1_percent_acc': 0.947, 'below_0.01_percent_acc': 0.947, 'below_0.001_percent_acc': 0.908, 'below_0.0001_percent_acc': 0.908, 'valid_acc': 1.0}
Epoch: 12	Batch time (1.144548)	Data time (0.024409)	Cuda time (0.000003)	Loss (2.853900)	Accuracy (0.991192)
EVALUATING
{'loss': 3.404000177383423, 'accuracy': 0.9894938176870346, 'perfect_match_accuracy': 0.691, 'cost_ratio_suggested_true': 1.0292714512348176, 'below_10.0_percent_acc': 1.0, 'below_1.0_percent_acc': 0.972, 'below_0.1_percent_acc': 0.957, 'below_0.01_percent_acc': 0.957, 'below_0.001_percent_acc': 0.907, 'below_0.0001_percent_acc': 0.906, 'valid_acc': 1.0}
Epoch: 13	Batch time (1.210943)	Data time (0.022540)	Cuda time (0.000003)	Loss (2.713600)	Accuracy (0.991625)
EVALUATING
{'loss': 3.5420001459121706, 'accuracy': 0.9890678900480271, 'perfect_match_accuracy': 0.67, 'cost_ratio_suggested_true': 1.018202884197235, 'below_10.0_percent_acc': 1.0, 'below_1.0_percent_acc': 0.964, 'below_0.1_percent_acc': 0.95, 'below_0.01_percent_acc': 0.95, 'below_0.001_percent_acc': 0.916, 'below_0.0001_percent_acc': 0.916, 'valid_acc': 1.0}
Epoch: 14	Batch time (1.177784)	Data time (0.023003)	Cuda time (0.000003)	Loss (2.530500)	Accuracy (0.992190)
EVALUATING
{'loss': 2.817000105381012, 'accuracy': 0.9913055431842804, 'perfect_match_accuracy': 0.725, 'cost_ratio_suggested_true': 1.0158477580547334, 'below_10.0_percent_acc': 1.0, 'below_1.0_percent_acc': 0.986, 'below_0.1_percent_acc': 0.976, 'below_0.01_percent_acc': 0.976, 'below_0.001_percent_acc': 0.927, 'below_0.0001_percent_acc': 0.926, 'valid_acc': 1.0}
Epoch: 15	Batch time (1.175572)	Data time (0.023328)	Cuda time (0.000003)	Loss (2.444500)	Accuracy (0.992455)
EVALUATING
{'loss': 3.4700001549720763, 'accuracy': 0.989290109872818, 'perfect_match_accuracy': 0.685, 'cost_ratio_suggested_true': 1.0186162602901458, 'below_10.0_percent_acc': 1.0, 'below_1.0_percent_acc': 0.975, 'below_0.1_percent_acc': 0.959, 'below_0.01_percent_acc': 0.959, 'below_0.001_percent_acc': 0.935, 'below_0.0001_percent_acc': 0.935, 'valid_acc': 1.0}
Epoch: 16	Batch time (1.154747)	Data time (0.023513)	Cuda time (0.000003)	Loss (2.563700)	Accuracy (0.992087)
EVALUATING
{'loss': 3.026000084877014, 'accuracy': 0.9906604808568954, 'perfect_match_accuracy': 0.716, 'cost_ratio_suggested_true': 1.0271236884593964, 'below_10.0_percent_acc': 1.0, 'below_1.0_percent_acc': 0.979, 'below_0.1_percent_acc': 0.969, 'below_0.01_percent_acc': 0.969, 'below_0.001_percent_acc': 0.939, 'below_0.0001_percent_acc': 0.939, 'valid_acc': 1.0}
Epoch: 17	Batch time (1.176344)	Data time (0.022991)	Cuda time (0.000003)	Loss (2.428400)	Accuracy (0.992505)
EVALUATING
{'loss': 3.1570001292228698, 'accuracy': 0.990256165266037, 'perfect_match_accuracy': 0.71, 'cost_ratio_suggested_true': 1.0159685349464416, 'below_10.0_percent_acc': 1.0, 'below_1.0_percent_acc': 0.985, 'below_0.1_percent_acc': 0.977, 'below_0.01_percent_acc': 0.977, 'below_0.001_percent_acc': 0.951, 'below_0.0001_percent_acc': 0.951, 'valid_acc': 1.0}
Epoch: 18	Batch time (1.138839)	Data time (0.022898)	Cuda time (0.000003)	Loss (2.231200)	Accuracy (0.993114)
EVALUATING
{'loss': 2.8480000579357148, 'accuracy': 0.9912098687887192, 'perfect_match_accuracy': 0.737, 'cost_ratio_suggested_true': 1.0164719879627229, 'below_10.0_percent_acc': 1.0, 'below_1.0_percent_acc': 0.986, 'below_0.1_percent_acc': 0.971, 'below_0.01_percent_acc': 0.971, 'below_0.001_percent_acc': 0.933, 'below_0.0001_percent_acc': 0.933, 'valid_acc': 1.0}
Epoch: 19	Batch time (1.126877)	Data time (0.022580)	Cuda time (0.000003)	Loss (2.176100)	Accuracy (0.993284)
EVALUATING
{'loss': 2.682000142335892, 'accuracy': 0.9917222082614898, 'perfect_match_accuracy': 0.747, 'cost_ratio_suggested_true': 1.0172691714763642, 'below_10.0_percent_acc': 1.0, 'below_1.0_percent_acc': 0.984, 'below_0.1_percent_acc': 0.972, 'below_0.01_percent_acc': 0.972, 'below_0.001_percent_acc': 0.926, 'below_0.0001_percent_acc': 0.925, 'valid_acc': 1.0}
Epoch: 20	Batch time (1.125432)	Data time (0.021717)	Cuda time (0.000003)	Loss (2.055800)	Accuracy (0.993655)
EVALUATING
{'loss': 2.9540001726150513, 'accuracy': 0.9908827042579651, 'perfect_match_accuracy': 0.738, 'cost_ratio_suggested_true': 1.031262880563736, 'below_10.0_percent_acc': 1.0, 'below_1.0_percent_acc': 0.98, 'below_0.1_percent_acc': 0.969, 'below_0.01_percent_acc': 0.969, 'below_0.001_percent_acc': 0.92, 'below_0.0001_percent_acc': 0.92, 'valid_acc': 1.0}
Epoch: 21	Batch time (1.156570)	Data time (0.023034)	Cuda time (0.000003)	Loss (2.326800)	Accuracy (0.992819)
EVALUATING
{'loss': 2.770000071525574, 'accuracy': 0.9914506047964096, 'perfect_match_accuracy': 0.715, 'cost_ratio_suggested_true': 1.017376310825348, 'below_10.0_percent_acc': 1.0, 'below_1.0_percent_acc': 0.99, 'below_0.1_percent_acc': 0.978, 'below_0.01_percent_acc': 0.978, 'below_0.001_percent_acc': 0.934, 'below_0.0001_percent_acc': 0.933, 'valid_acc': 1.0}
Epoch: 22	Batch time (1.176471)	Data time (0.022959)	Cuda time (0.000003)	Loss (2.066300)	Accuracy (0.993623)
EVALUATING
{'loss': 2.873000056743622, 'accuracy': 0.9911327075958252, 'perfect_match_accuracy': 0.717, 'cost_ratio_suggested_true': 1.0174504673480989, 'below_10.0_percent_acc': 1.0, 'below_1.0_percent_acc': 0.988, 'below_0.1_percent_acc': 0.978, 'below_0.01_percent_acc': 0.978, 'below_0.001_percent_acc': 0.941, 'below_0.0001_percent_acc': 0.941, 'valid_acc': 1.0}
Epoch: 23	Batch time (1.280023)	Data time (0.023334)	Cuda time (0.000004)	Loss (1.992400)	Accuracy (0.993851)
EVALUATING
{'loss': 2.875000066757202, 'accuracy': 0.99112653195858, 'perfect_match_accuracy': 0.741, 'cost_ratio_suggested_true': 1.0162642836570739, 'below_10.0_percent_acc': 1.0, 'below_1.0_percent_acc': 0.989, 'below_0.1_percent_acc': 0.973, 'below_0.01_percent_acc': 0.973, 'below_0.001_percent_acc': 0.931, 'below_0.0001_percent_acc': 0.931, 'valid_acc': 1.0}
Epoch: 24	Batch time (1.096222)	Data time (0.021655)	Cuda time (0.000003)	Loss (1.963200)	Accuracy (0.993941)
EVALUATING
{'loss': 3.140000116825104, 'accuracy': 0.9903086304664612, 'perfect_match_accuracy': 0.712, 'cost_ratio_suggested_true': 1.016663578748703, 'below_10.0_percent_acc': 1.0, 'below_1.0_percent_acc': 0.983, 'below_0.1_percent_acc': 0.966, 'below_0.01_percent_acc': 0.966, 'below_0.001_percent_acc': 0.916, 'below_0.0001_percent_acc': 0.915, 'valid_acc': 1.0}
Epoch: 25	Batch time (1.232116)	Data time (0.023418)	Cuda time (0.000003)	Loss (2.040200)	Accuracy (0.993703)
EVALUATING
{'loss': 2.9550001049041748, 'accuracy': 0.9908796179294587, 'perfect_match_accuracy': 0.723, 'cost_ratio_suggested_true': 1.0160643470287323, 'below_10.0_percent_acc': 1.0, 'below_1.0_percent_acc': 0.984, 'below_0.1_percent_acc': 0.972, 'below_0.01_percent_acc': 0.972, 'below_0.001_percent_acc': 0.94, 'below_0.0001_percent_acc': 0.94, 'valid_acc': 1.0}
Epoch: 26	Batch time (1.239940)	Data time (0.023115)	Cuda time (0.000003)	Loss (1.990500)	Accuracy (0.993856)
EVALUATING
{'loss': 2.331000101566315, 'accuracy': 0.9928055465221405, 'perfect_match_accuracy': 0.761, 'cost_ratio_suggested_true': 1.0150737619400025, 'below_10.0_percent_acc': 1.0, 'below_1.0_percent_acc': 0.988, 'below_0.1_percent_acc': 0.981, 'below_0.01_percent_acc': 0.981, 'below_0.001_percent_acc': 0.926, 'below_0.0001_percent_acc': 0.925, 'valid_acc': 1.0}
Epoch: 27	Batch time (1.157528)	Data time (0.022908)	Cuda time (0.000003)	Loss (1.871700)	Accuracy (0.994223)
EVALUATING
{'loss': 2.904000098705292, 'accuracy': 0.9910370278358459, 'perfect_match_accuracy': 0.711, 'cost_ratio_suggested_true': 1.0136129367351532, 'below_10.0_percent_acc': 1.0, 'below_1.0_percent_acc': 0.99, 'below_0.1_percent_acc': 0.977, 'below_0.01_percent_acc': 0.977, 'below_0.001_percent_acc': 0.935, 'below_0.0001_percent_acc': 0.935, 'valid_acc': 1.0}
Epoch: 28	Batch time (1.125403)	Data time (0.022964)	Cuda time (0.000003)	Loss (1.652400)	Accuracy (0.994900)
EVALUATING
{'loss': 3.087000068426132, 'accuracy': 0.9904722136259079, 'perfect_match_accuracy': 0.723, 'cost_ratio_suggested_true': 1.0184006655216218, 'below_10.0_percent_acc': 1.0, 'below_1.0_percent_acc': 0.985, 'below_0.1_percent_acc': 0.972, 'below_0.01_percent_acc': 0.972, 'below_0.001_percent_acc': 0.926, 'below_0.0001_percent_acc': 0.926, 'valid_acc': 1.0}
Epoch: 29	Batch time (1.120865)	Data time (0.023109)	Cuda time (0.000003)	Loss (1.764500)	Accuracy (0.994554)
EVALUATING
{'loss': 2.8940001130104065, 'accuracy': 0.9910678964853287, 'perfect_match_accuracy': 0.683, 'cost_ratio_suggested_true': 1.0127121245861053, 'below_10.0_percent_acc': 1.0, 'below_1.0_percent_acc': 0.993, 'below_0.1_percent_acc': 0.987, 'below_0.01_percent_acc': 0.987, 'below_0.001_percent_acc': 0.958, 'below_0.0001_percent_acc': 0.958, 'valid_acc': 1.0}
Epoch: 30	Batch time (1.121531)	Data time (0.022462)	Cuda time (0.000003)	Loss (1.715400)	Accuracy (0.994706)
EVALUATING
{'loss': 2.8830000829696654, 'accuracy': 0.991101839542389, 'perfect_match_accuracy': 0.735, 'cost_ratio_suggested_true': 1.0165436339378358, 'below_10.0_percent_acc': 1.0, 'below_1.0_percent_acc': 0.991, 'below_0.1_percent_acc': 0.976, 'below_0.01_percent_acc': 0.976, 'below_0.001_percent_acc': 0.932, 'below_0.0001_percent_acc': 0.932, 'valid_acc': 1.0}
Epoch: 31	Batch time (1.142050)	Data time (0.022700)	Cuda time (0.000003)	Loss (1.097500)	Accuracy (0.996613)
EVALUATING
{'loss': 2.4550001049041748, 'accuracy': 0.9924228292703628, 'perfect_match_accuracy': 0.766, 'cost_ratio_suggested_true': 1.0115087389945985, 'below_10.0_percent_acc': 1.0, 'below_1.0_percent_acc': 0.994, 'below_0.1_percent_acc': 0.987, 'below_0.01_percent_acc': 0.987, 'below_0.001_percent_acc': 0.945, 'below_0.0001_percent_acc': 0.945, 'valid_acc': 1.0}
Epoch: 32	Batch time (1.201497)	Data time (0.023933)	Cuda time (0.000003)	Loss (0.917800)	Accuracy (0.997167)
EVALUATING
{'loss': 2.255000100135803, 'accuracy': 0.9930401080846787, 'perfect_match_accuracy': 0.779, 'cost_ratio_suggested_true': 1.0114868843555451, 'below_10.0_percent_acc': 1.0, 'below_1.0_percent_acc': 0.994, 'below_0.1_percent_acc': 0.989, 'below_0.01_percent_acc': 0.989, 'below_0.001_percent_acc': 0.949, 'below_0.0001_percent_acc': 0.949, 'valid_acc': 1.0}
Epoch: 33	Batch time (1.152251)	Data time (0.023939)	Cuda time (0.000003)	Loss (0.870300)	Accuracy (0.997314)
EVALUATING
{'loss': 2.5060001122951507, 'accuracy': 0.9922654259204865, 'perfect_match_accuracy': 0.754, 'cost_ratio_suggested_true': 1.0125883078575135, 'below_10.0_percent_acc': 1.0, 'below_1.0_percent_acc': 0.994, 'below_0.1_percent_acc': 0.987, 'below_0.01_percent_acc': 0.987, 'below_0.001_percent_acc': 0.939, 'below_0.0001_percent_acc': 0.939, 'valid_acc': 1.0}
Epoch: 34	Batch time (1.151209)	Data time (0.023427)	Cuda time (0.000004)	Loss (0.825000)	Accuracy (0.997454)
EVALUATING
{'loss': 2.5020000994205476, 'accuracy': 0.9922777634859085, 'perfect_match_accuracy': 0.754, 'cost_ratio_suggested_true': 1.0111371684074402, 'below_10.0_percent_acc': 1.0, 'below_1.0_percent_acc': 0.994, 'below_0.1_percent_acc': 0.987, 'below_0.01_percent_acc': 0.987, 'below_0.001_percent_acc': 0.945, 'below_0.0001_percent_acc': 0.945, 'valid_acc': 1.0}
Epoch: 35	Batch time (1.127105)	Data time (0.022603)	Cuda time (0.000003)	Loss (0.769500)	Accuracy (0.997625)
EVALUATING
{'loss': 2.3100000739097597, 'accuracy': 0.9928703612089157, 'perfect_match_accuracy': 0.766, 'cost_ratio_suggested_true': 1.0110144102573395, 'below_10.0_percent_acc': 1.0, 'below_1.0_percent_acc': 0.994, 'below_0.1_percent_acc': 0.99, 'below_0.01_percent_acc': 0.99, 'below_0.001_percent_acc': 0.948, 'below_0.0001_percent_acc': 0.948, 'valid_acc': 1.0}
Epoch: 36	Batch time (1.203647)	Data time (0.022757)	Cuda time (0.000003)	Loss (0.708300)	Accuracy (0.997814)
EVALUATING
{'loss': 2.523000144958496, 'accuracy': 0.9922129553556442, 'perfect_match_accuracy': 0.756, 'cost_ratio_suggested_true': 1.0124889016151428, 'below_10.0_percent_acc': 1.0, 'below_1.0_percent_acc': 0.994, 'below_0.1_percent_acc': 0.986, 'below_0.01_percent_acc': 0.986, 'below_0.001_percent_acc': 0.946, 'below_0.0001_percent_acc': 0.946, 'valid_acc': 1.0}
Epoch: 37	Batch time (1.162416)	Data time (0.024436)	Cuda time (0.000004)	Loss (0.730300)	Accuracy (0.997746)
EVALUATING
{'loss': 2.4950001180171966, 'accuracy': 0.9922993749380111, 'perfect_match_accuracy': 0.753, 'cost_ratio_suggested_true': 1.0132348930835724, 'below_10.0_percent_acc': 1.0, 'below_1.0_percent_acc': 0.994, 'below_0.1_percent_acc': 0.987, 'below_0.01_percent_acc': 0.987, 'below_0.001_percent_acc': 0.945, 'below_0.0001_percent_acc': 0.945, 'valid_acc': 1.0}
Epoch: 38	Batch time (1.174499)	Data time (0.023599)	Cuda time (0.000003)	Loss (0.740800)	Accuracy (0.997714)
EVALUATING
{'loss': 2.445000079870224, 'accuracy': 0.9924536854028702, 'perfect_match_accuracy': 0.755, 'cost_ratio_suggested_true': 1.0135985898971558, 'below_10.0_percent_acc': 1.0, 'below_1.0_percent_acc': 0.995, 'below_0.1_percent_acc': 0.987, 'below_0.01_percent_acc': 0.987, 'below_0.001_percent_acc': 0.94, 'below_0.0001_percent_acc': 0.94, 'valid_acc': 1.0}
Epoch: 39	Batch time (1.247687)	Data time (0.024531)	Cuda time (0.000004)	Loss (0.659200)	Accuracy (0.997965)
EVALUATING
{'loss': 2.436000086069107, 'accuracy': 0.9924814695119858, 'perfect_match_accuracy': 0.759, 'cost_ratio_suggested_true': 1.0134985840320587, 'below_10.0_percent_acc': 1.0, 'below_1.0_percent_acc': 0.995, 'below_0.1_percent_acc': 0.988, 'below_0.01_percent_acc': 0.988, 'below_0.001_percent_acc': 0.941, 'below_0.0001_percent_acc': 0.941, 'valid_acc': 1.0}
Epoch: 40	Batch time (1.227235)	Data time (0.024345)	Cuda time (0.000003)	Loss (0.734900)	Accuracy (0.997732)
EVALUATING
{'loss': 2.564000120162964, 'accuracy': 0.9920864111185074, 'perfect_match_accuracy': 0.751, 'cost_ratio_suggested_true': 1.01319504737854, 'below_10.0_percent_acc': 1.0, 'below_1.0_percent_acc': 0.995, 'below_0.1_percent_acc': 0.986, 'below_0.01_percent_acc': 0.986, 'below_0.001_percent_acc': 0.946, 'below_0.0001_percent_acc': 0.946, 'valid_acc': 1.0}
Epoch: 41	Batch time (1.260587)	Data time (0.024075)	Cuda time (0.000003)	Loss (0.666300)	Accuracy (0.997944)
EVALUATING
{'loss': 2.439000104665756, 'accuracy': 0.9924722176790237, 'perfect_match_accuracy': 0.763, 'cost_ratio_suggested_true': 1.0123754441738129, 'below_10.0_percent_acc': 1.0, 'below_1.0_percent_acc': 0.994, 'below_0.1_percent_acc': 0.988, 'below_0.01_percent_acc': 0.988, 'below_0.001_percent_acc': 0.948, 'below_0.0001_percent_acc': 0.948, 'valid_acc': 1.0}
Epoch: 42	Batch time (1.263809)	Data time (0.025001)	Cuda time (0.000004)	Loss (0.624500)	Accuracy (0.998073)
EVALUATING
{'loss': 2.475000158548355, 'accuracy': 0.992361102104187, 'perfect_match_accuracy': 0.764, 'cost_ratio_suggested_true': 1.0121274995803833, 'below_10.0_percent_acc': 1.0, 'below_1.0_percent_acc': 0.994, 'below_0.1_percent_acc': 0.988, 'below_0.01_percent_acc': 0.988, 'below_0.001_percent_acc': 0.949, 'below_0.0001_percent_acc': 0.949, 'valid_acc': 1.0}
Epoch: 43	Batch time (1.287027)	Data time (0.023876)	Cuda time (0.000004)	Loss (0.632800)	Accuracy (0.998047)
EVALUATING
{'loss': 2.416000099182129, 'accuracy': 0.9925432074069976, 'perfect_match_accuracy': 0.764, 'cost_ratio_suggested_true': 1.0127872896194459, 'below_10.0_percent_acc': 1.0, 'below_1.0_percent_acc': 0.994, 'below_0.1_percent_acc': 0.987, 'below_0.01_percent_acc': 0.987, 'below_0.001_percent_acc': 0.945, 'below_0.0001_percent_acc': 0.945, 'valid_acc': 1.0}
Epoch: 44	Batch time (1.111436)	Data time (0.022921)	Cuda time (0.000003)	Loss (0.577700)	Accuracy (0.998217)
EVALUATING
{'loss': 2.361000142097473, 'accuracy': 0.9927129542827606, 'perfect_match_accuracy': 0.765, 'cost_ratio_suggested_true': 1.0125698363780975, 'below_10.0_percent_acc': 1.0, 'below_1.0_percent_acc': 0.995, 'below_0.1_percent_acc': 0.989, 'below_0.01_percent_acc': 0.989, 'below_0.001_percent_acc': 0.944, 'below_0.0001_percent_acc': 0.944, 'valid_acc': 1.0}
Epoch: 45	Batch time (1.303794)	Data time (0.026339)	Cuda time (0.000003)	Loss (0.562600)	Accuracy (0.998264)
EVALUATING
{'loss': 2.5040001118183137, 'accuracy': 0.9922715926170349, 'perfect_match_accuracy': 0.757, 'cost_ratio_suggested_true': 1.013207985162735, 'below_10.0_percent_acc': 1.0, 'below_1.0_percent_acc': 0.995, 'below_0.1_percent_acc': 0.989, 'below_0.01_percent_acc': 0.989, 'below_0.001_percent_acc': 0.946, 'below_0.0001_percent_acc': 0.946, 'valid_acc': 1.0}
Epoch: 46	Batch time (1.295254)	Data time (0.025127)	Cuda time (0.000003)	Loss (0.578100)	Accuracy (0.998216)
EVALUATING
{'loss': 2.3850001001358034, 'accuracy': 0.9926388782262802, 'perfect_match_accuracy': 0.763, 'cost_ratio_suggested_true': 1.0131844449043275, 'below_10.0_percent_acc': 1.0, 'below_1.0_percent_acc': 0.995, 'below_0.1_percent_acc': 0.989, 'below_0.01_percent_acc': 0.989, 'below_0.001_percent_acc': 0.944, 'below_0.0001_percent_acc': 0.944, 'valid_acc': 1.0}
Epoch: 47	Batch time (1.249813)	Data time (0.027873)	Cuda time (0.000003)	Loss (0.567200)	Accuracy (0.998249)
EVALUATING
{'loss': 2.3970001423358918, 'accuracy': 0.9926018410921097, 'perfect_match_accuracy': 0.76, 'cost_ratio_suggested_true': 1.0107884168624879, 'below_10.0_percent_acc': 1.0, 'below_1.0_percent_acc': 0.996, 'below_0.1_percent_acc': 0.99, 'below_0.01_percent_acc': 0.99, 'below_0.001_percent_acc': 0.947, 'below_0.0001_percent_acc': 0.947, 'valid_acc': 1.0}
Epoch: 48	Batch time (1.390244)	Data time (0.031130)	Cuda time (0.000003)	Loss (0.542200)	Accuracy (0.998327)
EVALUATING
{'loss': 2.5160000813007355, 'accuracy': 0.9922345554828644, 'perfect_match_accuracy': 0.752, 'cost_ratio_suggested_true': 1.0127113246917725, 'below_10.0_percent_acc': 1.0, 'below_1.0_percent_acc': 0.995, 'below_0.1_percent_acc': 0.988, 'below_0.01_percent_acc': 0.988, 'below_0.001_percent_acc': 0.944, 'below_0.0001_percent_acc': 0.944, 'valid_acc': 1.0}
Epoch: 49	Batch time (1.282916)	Data time (0.035106)	Cuda time (0.000003)	Loss (0.574700)	Accuracy (0.998226)
EVALUATING
{'loss': 2.3230000984668733, 'accuracy': 0.9928302383422851, 'perfect_match_accuracy': 0.766, 'cost_ratio_suggested_true': 1.0122898650169372, 'below_10.0_percent_acc': 1.0, 'below_1.0_percent_acc': 0.995, 'below_0.1_percent_acc': 0.989, 'below_0.01_percent_acc': 0.989, 'below_0.001_percent_acc': 0.943, 'below_0.0001_percent_acc': 0.943, 'valid_acc': 1.0}
Epoch: 50	Batch time (1.282231)	Data time (0.026938)	Cuda time (0.000003)	Loss (0.560700)	Accuracy (0.998269)
EVALUATING
{'loss': 2.45100013256073, 'accuracy': 0.9924351733922958, 'perfect_match_accuracy': 0.76, 'cost_ratio_suggested_true': 1.013026739358902, 'below_10.0_percent_acc': 1.0, 'below_1.0_percent_acc': 0.995, 'below_0.1_percent_acc': 0.989, 'below_0.01_percent_acc': 0.989, 'below_0.001_percent_acc': 0.943, 'below_0.0001_percent_acc': 0.943, 'valid_acc': 1.0}
