gonzo-605-9.local
declare -x ANT_HOME="/opt/rocks"
declare -x ARC="lx-amd64"
declare -x BASH_ENV="/usr/share/lmod/lmod/init/bash"
declare -x CONDA_DEFAULT_ENV="gpu"
declare -x CONDA_EXE="/home/pminervi/anaconda3/bin/conda"
declare -x CONDA_PREFIX="/home/pminervi/anaconda3/envs/gpu"
declare -x CONDA_PREFIX_1="/home/pminervi/anaconda3/envs/cpu"
declare -x CONDA_PROMPT_MODIFIER="(gpu) "
declare -x CONDA_PYTHON_EXE="/home/pminervi/anaconda3/bin/python"
declare -x CONDA_SHLVL="2"
declare -x CUDA_VISIBLE_DEVICES="1"
declare -x ENVIRONMENT="BATCH"
declare -x HISTCONTROL="ignoredups"
declare -x HISTSIZE="1000"
declare -x HOME="/home/pminervi"
declare -x HOSTNAME="gonzo-605-9.local"
declare -x JAVA_HOME="/share/apps/mr/utils/jdk"
declare -x JOB_ID="2799085"
declare -x JOB_NAME="temperature_beaker_v10.job"
declare -x JOB_SCRIPT="/opt/gridengine/default/spool/gonzo-605-9/job_scripts/2799085"
declare -x LANG="en_US.utf8"
declare -x LANGUAGE="en_US:en"
declare -x LD_LIBRARY_PATH="/share/apps/gcc-6.2.0/lib/:/share/apps/gcc-6.2.0/lib64/:/opt/gridengine/lib/lx-amd64"
declare -x LESSOPEN="||/usr/bin/lesspipe.sh %s"
declare -x LMOD_CMD="/usr/share/lmod/lmod/libexec/lmod"
declare -x LMOD_DIR="/usr/share/lmod/lmod/libexec"
declare -x LMOD_PKG="/usr/share/lmod/lmod"
declare -x LMOD_ROOT="/usr/share/lmod"
declare -x LMOD_SETTARG_FULL_SUPPORT="no"
declare -x LMOD_VERSION="8.2.7"
declare -x LMOD_sys="Linux"
declare -x LOADEDMODULES=""
declare -x LOGNAME="pminervi"
declare -x MAIL="/var/spool/mail/pminervi"
declare -x MANPATH="/usr/share/lmod/lmod/share/man:"
declare -x MODULEPATH="/share/apps/modulefiles/default"
declare -x MODULEPATH_ROOT="/usr/share/modulefiles"
declare -x MODULESHOME="/usr/share/lmod/lmod"
declare -x MPICH_PROCESS_GROUP="no"
declare -x NHOSTS="1"
declare -x NQUEUES="1"
declare -x NSLOTS="1"
declare -x OLDPWD="/home/pminervi/workspace/map-backprop"
declare -x PATH="/home/pminervi/anaconda3/envs/gpu/bin:/home/pminervi/anaconda3/condabin:/home/pminervi/anaconda3/bin:/share/apps/binutils-2.27/bin/:/share/apps/gcc-6.2.0/bin/:/share/apps/mr/bin:/tmp/2799085.57.gpu.q:/usr/local/bin:/bin:/usr/bin:/usr/local/sbin:/usr/sbin:/opt/ganglia/bin:/opt/ganglia/sbin:/opt/rocks/bin:/opt/rocks/sbin:/opt/gridengine/bin/lx-amd64:/home/pminervi/bin"
declare -x PWD="/home/pminervi/workspace/map-backprop"
declare -x QUEUE="gpu.q"
declare -x REQNAME="temperature_beaker_v10.job"
declare -x REQUEST="temperature_beaker_v10.job"
declare -x RESTARTED="0"
declare -x ROCKSROOT="/opt/rocks/share/devel"
declare -x ROCKS_ROOT="/opt/rocks"
declare -x ROLLSROOT="/opt/rocks/share/devel/src/roll"
declare -x SGE_ACCOUNT="sge"
declare -x SGE_ARCH="lx-amd64"
declare -x SGE_BINARY_PATH="/opt/gridengine/bin/lx-amd64"
declare -x SGE_CELL="default"
declare -x SGE_CWD_PATH="/home/pminervi/workspace/map-backprop"
declare -x SGE_EXECD_PORT="537"
declare -x SGE_JOB_SPOOL_DIR="/opt/gridengine/default/spool/gonzo-605-9/active_jobs/2799085.57"
declare -x SGE_O_HOME="/home/pminervi"
declare -x SGE_O_HOST="beaker"
declare -x SGE_O_LOGNAME="pminervi"
declare -x SGE_O_MAIL="/var/spool/mail/pminervi"
declare -x SGE_O_PATH="/home/pminervi/anaconda3/envs/cpu/bin:/home/pminervi/anaconda3/condabin:/home/pminervi/anaconda3/bin:/share/apps/binutils-2.27/bin/:/share/apps/gcc-6.2.0/bin/:/share/apps/mr/bin:/usr/local/bin:/usr/bin:/usr/local/sbin:/usr/sbin:/opt/ganglia/bin:/opt/ganglia/sbin:/opt/rocks/bin:/opt/rocks/sbin:/opt/gridengine/bin/lx-amd64:/home/pminervi/bin"
declare -x SGE_O_SHELL="/bin/bash"
declare -x SGE_O_WORKDIR="/home/pminervi/workspace/map-backprop"
declare -x SGE_QMASTER_PORT="536"
declare -x SGE_ROOT="/opt/gridengine"
declare -x SGE_STDERR_PATH="/home/pminervi/array.err"
declare -x SGE_STDIN_PATH="/dev/null"
declare -x SGE_STDOUT_PATH="/home/pminervi/array.out"
declare -x SGE_TASK_FIRST="1"
declare -x SGE_TASK_ID="57"
declare -x SGE_TASK_LAST="60"
declare -x SGE_TASK_STEPSIZE="1"
declare -x SHELL="/bin/bash"
declare -x SHLVL="2"
declare -x SSH_ASKPASS="/usr/libexec/openssh/gnome-ssh-askpass"
declare -x TERM=""
declare -x TMP="/tmp/2799085.57.gpu.q"
declare -x TMPDIR="/tmp/2799085.57.gpu.q"
declare -x USER="pminervi"
Wed Feb  3 10:44:05 2021       
+-----------------------------------------------------------------------------+
| NVIDIA-SMI 450.51.05    Driver Version: 450.51.05    CUDA Version: 11.0     |
|-------------------------------+----------------------+----------------------+
| GPU  Name        Persistence-M| Bus-Id        Disp.A | Volatile Uncorr. ECC |
| Fan  Temp  Perf  Pwr:Usage/Cap|         Memory-Usage | GPU-Util  Compute M. |
|                               |                      |               MIG M. |
|===============================+======================+======================|
|   0  GeForce GTX 108...  On   | 00000000:02:00.0 Off |                  N/A |
| 27%   49C    P2    81W / 250W |   9049MiB / 11178MiB |      0%   E. Process |
|                               |                      |                  N/A |
+-------------------------------+----------------------+----------------------+
|   1  GeForce GTX 108...  On   | 00000000:03:00.0 Off |                  N/A |
| 23%   34C    P8     9W / 250W |      0MiB / 11178MiB |      0%   E. Process |
|                               |                      |                  N/A |
+-------------------------------+----------------------+----------------------+
|   2  GeForce GTX 108...  On   | 00000000:81:00.0 Off |                  N/A |
| 23%   26C    P8     9W / 250W |   8043MiB / 11178MiB |      0%   E. Process |
|                               |                      |                  N/A |
+-------------------------------+----------------------+----------------------+
|   3  GeForce GTX 108...  On   | 00000000:82:00.0 Off |                  N/A |
| 39%   66C    P2    82W / 250W |   1553MiB / 11178MiB |     36%   E. Process |
|                               |                      |                  N/A |
+-------------------------------+----------------------+----------------------+
                                                                               
+-----------------------------------------------------------------------------+
| Processes:                                                                  |
|  GPU   GI   CI        PID   Type   Process name                  GPU Memory |
|        ID   ID                                                   Usage      |
|=============================================================================|
|    0   N/A  N/A      3592      C   python3                          9037MiB |
|    2   N/A  N/A      3592      C   python3                          8031MiB |
|    3   N/A  N/A     33582      C   python                           1551MiB |
+-----------------------------------------------------------------------------+
No existing entry for trainer_params.mode.type
{}[type] = <class 'int'>(0)
No existing entry for trainer_params.mode.objective_type
{'type': 0}[objective_type] = <class 'str'>(normal)
No existing entry for trainer_params.mode.use_marginal
{'type': 0, 'objective_type': 'normal'}[use_marginal] = <class 'bool'>(True)
No existing entry for trainer_params.mode.nb_samples
{'type': 0, 'objective_type': 'normal', 'use_marginal': True}[nb_samples] = <class 'int'>(10)
No existing entry for trainer_params.mode.temperature
{'type': 0, 'objective_type': 'normal', 'use_marginal': True, 'nb_samples': 10}[temperature] = <class 'float'>(0.001)
No existing entry for trainer_params.mode.use_gamma
{'type': 0, 'objective_type': 'normal', 'use_marginal': True, 'nb_samples': 10, 'temperature': 0.001}[use_gamma] = <class 'bool'>(True)
No existing entry for trainer_params.mode.loss_type
{'type': 0, 'objective_type': 'normal', 'use_marginal': True, 'nb_samples': 10, 'temperature': 0.001, 'use_gamma': True}[loss_type] = <class 'str'>(normal)
No existing entry for trainer_params.mode.perturb_w
{'type': 0, 'objective_type': 'normal', 'use_marginal': True, 'nb_samples': 10, 'temperature': 0.001, 'use_gamma': True, 'loss_type': 'normal'}[perturb_w] = <class 'bool'>(False)
No existing entry for trainer_params.mode.perturb_w_prime
{'type': 0, 'objective_type': 'normal', 'use_marginal': True, 'nb_samples': 10, 'temperature': 0.001, 'use_gamma': True, 'loss_type': 'normal', 'perturb_w': False}[perturb_w_prime] = <class 'bool'>(False)
{'batch_size': 70, 'l1_regconst': 0.0, 'lambda_val': 20.0, 'lr_milestone_1': 30, 'lr_milestone_2': 40, 'model_params': {'arch_params': {}, 'model_name': 'CombResnet18'}, 'neighbourhood_fn': '8-grid', 'optimizer_name': 'Adam', 'optimizer_params': {'lr': 0.0005}, 'preload_batch': True, 'use_cuda': True, 'use_lr_scheduling': True, 'mode': {'type': 0, 'objective_type': 'normal', 'use_marginal': True, 'nb_samples': 10, 'temperature': 0.001, 'use_gamma': True, 'loss_type': 'normal', 'perturb_w': False, 'perturb_w_prime': False}}[lambda_val] = <class 'float'>(20.0)
{'data_dir': 'data/warcraft_shortest_path/12x12', 'evaluate_with_extra': False, 'normalize': True, 'use_local_path': False, 'use_test_set': True}[data_dir] = <class 'str'>(data/warcraft_shortest_path/30x30)
{'evaluate_every': 5, 'loader_params': {'data_dir': 'data/warcraft_shortest_path/30x30', 'evaluate_with_extra': False, 'normalize': True, 'use_local_path': False, 'use_test_set': True}, 'model_dir': 'results/warcraft_shortest_path_combresnet', 'num_cpus': 40, 'num_epochs': 50, 'problem_type': 'warcraft_shortest_path', 'ray_params': {}, 'save_visualizations': False, 'seed': 1, 'trainer_name': 'DijkstraMAP', 'trainer_params': {'batch_size': 70, 'l1_regconst': 0.0, 'lambda_val': 20.0, 'lr_milestone_1': 30, 'lr_milestone_2': 40, 'model_params': {'arch_params': {}, 'model_name': 'CombResnet18'}, 'neighbourhood_fn': '8-grid', 'optimizer_name': 'Adam', 'optimizer_params': {'lr': 0.0005}, 'preload_batch': True, 'use_cuda': True, 'use_lr_scheduling': True, 'mode': {'type': 0, 'objective_type': 'normal', 'use_marginal': True, 'nb_samples': 10, 'temperature': 0.001, 'use_gamma': True, 'loss_type': 'normal', 'perturb_w': False, 'perturb_w_prime': False}}, 'use_ray': True}[seed] = <class 'int'>(1)
{'evaluate_every': 5, 'loader_params': {'data_dir': 'data/warcraft_shortest_path/30x30', 'evaluate_with_extra': False, 'normalize': True, 'use_local_path': False, 'use_test_set': True}, 'model_dir': 'results/warcraft_shortest_path_combresnet', 'num_cpus': 40, 'num_epochs': 50, 'problem_type': 'warcraft_shortest_path', 'ray_params': {}, 'save_visualizations': False, 'seed': 1, 'trainer_name': 'DijkstraMAP', 'trainer_params': {'batch_size': 70, 'l1_regconst': 0.0, 'lambda_val': 20.0, 'lr_milestone_1': 30, 'lr_milestone_2': 40, 'model_params': {'arch_params': {}, 'model_name': 'CombResnet18'}, 'neighbourhood_fn': '8-grid', 'optimizer_name': 'Adam', 'optimizer_params': {'lr': 0.0005}, 'preload_batch': True, 'use_cuda': True, 'use_lr_scheduling': True, 'mode': {'type': 0, 'objective_type': 'normal', 'use_marginal': True, 'nb_samples': 10, 'temperature': 0.001, 'use_gamma': True, 'loss_type': 'normal', 'perturb_w': False, 'perturb_w_prime': False}}, 'use_ray': True}[evaluate_every] = <class 'int'>(1)
{'evaluate_every': 1, 'loader_params': {'data_dir': 'data/warcraft_shortest_path/30x30', 'evaluate_with_extra': False, 'normalize': True, 'use_local_path': False, 'use_test_set': True}, 'model_dir': 'results/warcraft_shortest_path_combresnet', 'num_cpus': 40, 'num_epochs': 50, 'problem_type': 'warcraft_shortest_path', 'ray_params': {}, 'save_visualizations': False, 'seed': 1, 'trainer_name': 'DijkstraMAP', 'trainer_params': {'batch_size': 70, 'l1_regconst': 0.0, 'lambda_val': 20.0, 'lr_milestone_1': 30, 'lr_milestone_2': 40, 'model_params': {'arch_params': {}, 'model_name': 'CombResnet18'}, 'neighbourhood_fn': '8-grid', 'optimizer_name': 'Adam', 'optimizer_params': {'lr': 0.0005}, 'preload_batch': True, 'use_cuda': True, 'use_lr_scheduling': True, 'mode': {'type': 0, 'objective_type': 'normal', 'use_marginal': True, 'nb_samples': 10, 'temperature': 0.001, 'use_gamma': True, 'loss_type': 'normal', 'perturb_w': False, 'perturb_w_prime': False}}, 'use_ray': True}[use_ray] = <class 'bool'>(False)
No existing entry for trainer_params.mode.type
{}[type] = <class 'int'>(0)
No existing entry for trainer_params.mode.objective_type
{'type': 0}[objective_type] = <class 'str'>(normal)
No existing entry for trainer_params.mode.use_marginal
{'type': 0, 'objective_type': 'normal'}[use_marginal] = <class 'bool'>(True)
No existing entry for trainer_params.mode.nb_samples
{'type': 0, 'objective_type': 'normal', 'use_marginal': True}[nb_samples] = <class 'int'>(10)
No existing entry for trainer_params.mode.temperature
{'type': 0, 'objective_type': 'normal', 'use_marginal': True, 'nb_samples': 10}[temperature] = <class 'float'>(0.001)
No existing entry for trainer_params.mode.use_gamma
{'type': 0, 'objective_type': 'normal', 'use_marginal': True, 'nb_samples': 10, 'temperature': 0.001}[use_gamma] = <class 'bool'>(True)
No existing entry for trainer_params.mode.loss_type
{'type': 0, 'objective_type': 'normal', 'use_marginal': True, 'nb_samples': 10, 'temperature': 0.001, 'use_gamma': True}[loss_type] = <class 'str'>(normal)
No existing entry for trainer_params.mode.perturb_w
{'type': 0, 'objective_type': 'normal', 'use_marginal': True, 'nb_samples': 10, 'temperature': 0.001, 'use_gamma': True, 'loss_type': 'normal'}[perturb_w] = <class 'bool'>(False)
No existing entry for trainer_params.mode.perturb_w_prime
{'type': 0, 'objective_type': 'normal', 'use_marginal': True, 'nb_samples': 10, 'temperature': 0.001, 'use_gamma': True, 'loss_type': 'normal', 'perturb_w': False}[perturb_w_prime] = <class 'bool'>(False)
{'batch_size': 70, 'l1_regconst': 0.0, 'lambda_val': 20.0, 'lr_milestone_1': 30, 'lr_milestone_2': 40, 'model_params': {'arch_params': {}, 'model_name': 'CombResnet18'}, 'neighbourhood_fn': '8-grid', 'optimizer_name': 'Adam', 'optimizer_params': {'lr': 0.0005}, 'preload_batch': True, 'use_cuda': True, 'use_lr_scheduling': True, 'mode': {'type': 0, 'objective_type': 'normal', 'use_marginal': True, 'nb_samples': 10, 'temperature': 0.001, 'use_gamma': True, 'loss_type': 'normal', 'perturb_w': False, 'perturb_w_prime': False}}[lambda_val] = <class 'float'>(20.0)
{'data_dir': 'data/warcraft_shortest_path/12x12', 'evaluate_with_extra': False, 'normalize': True, 'use_local_path': False, 'use_test_set': True}[data_dir] = <class 'str'>(data/warcraft_shortest_path/30x30)
{'evaluate_every': 5, 'loader_params': {'data_dir': 'data/warcraft_shortest_path/30x30', 'evaluate_with_extra': False, 'normalize': True, 'use_local_path': False, 'use_test_set': True}, 'model_dir': 'results/warcraft_shortest_path_combresnet', 'num_cpus': 40, 'num_epochs': 50, 'problem_type': 'warcraft_shortest_path', 'ray_params': {}, 'save_visualizations': False, 'seed': 1, 'trainer_name': 'DijkstraMAP', 'trainer_params': {'batch_size': 70, 'l1_regconst': 0.0, 'lambda_val': 20.0, 'lr_milestone_1': 30, 'lr_milestone_2': 40, 'model_params': {'arch_params': {}, 'model_name': 'CombResnet18'}, 'neighbourhood_fn': '8-grid', 'optimizer_name': 'Adam', 'optimizer_params': {'lr': 0.0005}, 'preload_batch': True, 'use_cuda': True, 'use_lr_scheduling': True, 'mode': {'type': 0, 'objective_type': 'normal', 'use_marginal': True, 'nb_samples': 10, 'temperature': 0.001, 'use_gamma': True, 'loss_type': 'normal', 'perturb_w': False, 'perturb_w_prime': False}}, 'use_ray': True}[seed] = <class 'int'>(1)
{'evaluate_every': 5, 'loader_params': {'data_dir': 'data/warcraft_shortest_path/30x30', 'evaluate_with_extra': False, 'normalize': True, 'use_local_path': False, 'use_test_set': True}, 'model_dir': 'results/warcraft_shortest_path_combresnet', 'num_cpus': 40, 'num_epochs': 50, 'problem_type': 'warcraft_shortest_path', 'ray_params': {}, 'save_visualizations': False, 'seed': 1, 'trainer_name': 'DijkstraMAP', 'trainer_params': {'batch_size': 70, 'l1_regconst': 0.0, 'lambda_val': 20.0, 'lr_milestone_1': 30, 'lr_milestone_2': 40, 'model_params': {'arch_params': {}, 'model_name': 'CombResnet18'}, 'neighbourhood_fn': '8-grid', 'optimizer_name': 'Adam', 'optimizer_params': {'lr': 0.0005}, 'preload_batch': True, 'use_cuda': True, 'use_lr_scheduling': True, 'mode': {'type': 0, 'objective_type': 'normal', 'use_marginal': True, 'nb_samples': 10, 'temperature': 0.001, 'use_gamma': True, 'loss_type': 'normal', 'perturb_w': False, 'perturb_w_prime': False}}, 'use_ray': True}[evaluate_every] = <class 'int'>(1)
{'evaluate_every': 1, 'loader_params': {'data_dir': 'data/warcraft_shortest_path/30x30', 'evaluate_with_extra': False, 'normalize': True, 'use_local_path': False, 'use_test_set': True}, 'model_dir': 'results/warcraft_shortest_path_combresnet', 'num_cpus': 40, 'num_epochs': 50, 'problem_type': 'warcraft_shortest_path', 'ray_params': {}, 'save_visualizations': False, 'seed': 1, 'trainer_name': 'DijkstraMAP', 'trainer_params': {'batch_size': 70, 'l1_regconst': 0.0, 'lambda_val': 20.0, 'lr_milestone_1': 30, 'lr_milestone_2': 40, 'model_params': {'arch_params': {}, 'model_name': 'CombResnet18'}, 'neighbourhood_fn': '8-grid', 'optimizer_name': 'Adam', 'optimizer_params': {'lr': 0.0005}, 'preload_batch': True, 'use_cuda': True, 'use_lr_scheduling': True, 'mode': {'type': 0, 'objective_type': 'normal', 'use_marginal': True, 'nb_samples': 10, 'temperature': 0.001, 'use_gamma': True, 'loss_type': 'normal', 'perturb_w': False, 'perturb_w_prime': False}}, 'use_ray': True}[use_ray] = <class 'bool'>(False)
{
    "evaluate_every": 1,
    "loader_params": {
        "data_dir": "data/warcraft_shortest_path/30x30",
        "evaluate_with_extra": false,
        "normalize": true,
        "use_local_path": false,
        "use_test_set": true
    },
    "model_dir": "results/warcraft_shortest_path_combresnet",
    "num_cpus": 40,
    "num_epochs": 50,
    "problem_type": "warcraft_shortest_path",
    "ray_params": {},
    "save_visualizations": false,
    "seed": 1,
    "trainer_name": "DijkstraMAP",
    "trainer_params": {
        "batch_size": 70,
        "l1_regconst": 0.0,
        "lambda_val": 20.0,
        "lr_milestone_1": 30,
        "lr_milestone_2": 40,
        "mode": {
            "loss_type": "normal",
            "nb_samples": 10,
            "objective_type": "normal",
            "perturb_w": false,
            "perturb_w_prime": false,
            "temperature": 0.001,
            "type": 0,
            "use_gamma": true,
            "use_marginal": true
        },
        "model_params": {
            "arch_params": {},
            "model_name": "CombResnet18"
        },
        "neighbourhood_fn": "8-grid",
        "optimizer_name": "Adam",
        "optimizer_params": {
            "lr": 0.0005
        },
        "preload_batch": true,
        "use_cuda": true,
        "use_lr_scheduling": true
    },
    "use_ray": false
}
MAP-BACKPROP MODE: {
    "loss_type": "normal",
    "nb_samples": 10,
    "objective_type": "normal",
    "perturb_w": false,
    "perturb_w_prime": false,
    "temperature": 0.001,
    "type": 0,
    "use_gamma": true,
    "use_marginal": true
}
True
META: {'input_image_size': 240, 'output_features': 900, 'num_channels': 3, 'denormalize': <maprop.decorators.input_to_numpy object at 0x2ae4db6caa90>}
EVALUATING
{'loss': 53.552001876831056, 'accuracy': 0.9404978048801422, 'perfect_match_accuracy': 0.001, 'cost_ratio_suggested_true': 2.4892180275917055, 'below_10.0_percent_acc': 0.122, 'below_1.0_percent_acc': 0.012, 'below_0.1_percent_acc': 0.012, 'below_0.01_percent_acc': 0.012, 'below_0.001_percent_acc': 0.011, 'below_0.0001_percent_acc': 0.011, 'valid_acc': 1.0}
Epoch: 1	Batch time (3.531161)	Data time (0.112750)	Cuda time (0.000004)	Loss (19.844401)	Accuracy (0.977951)
EVALUATING
{'loss': 12.266000356674194, 'accuracy': 0.9863711297512054, 'perfect_match_accuracy': 0.326, 'cost_ratio_suggested_true': 1.0703211629390716, 'below_10.0_percent_acc': 0.962, 'below_1.0_percent_acc': 0.809, 'below_0.1_percent_acc': 0.747, 'below_0.01_percent_acc': 0.745, 'below_0.001_percent_acc': 0.722, 'below_0.0001_percent_acc': 0.722, 'valid_acc': 1.0}
Epoch: 2	Batch time (3.570181)	Data time (0.110386)	Cuda time (0.000003)	Loss (11.312300)	Accuracy (0.987431)
EVALUATING
{'loss': 9.917000217437744, 'accuracy': 0.9889811396598815, 'perfect_match_accuracy': 0.415, 'cost_ratio_suggested_true': 1.044510452747345, 'below_10.0_percent_acc': 0.995, 'below_1.0_percent_acc': 0.911, 'below_0.1_percent_acc': 0.861, 'below_0.01_percent_acc': 0.86, 'below_0.001_percent_acc': 0.831, 'below_0.0001_percent_acc': 0.831, 'valid_acc': 1.0}
Epoch: 3	Batch time (3.270611)	Data time (0.112862)	Cuda time (0.000003)	Loss (9.463100)	Accuracy (0.989485)
EVALUATING
{'loss': 8.8880002784729, 'accuracy': 0.9901244664192199, 'perfect_match_accuracy': 0.48, 'cost_ratio_suggested_true': 1.0355360615253448, 'below_10.0_percent_acc': 0.997, 'below_1.0_percent_acc': 0.933, 'below_0.1_percent_acc': 0.89, 'below_0.01_percent_acc': 0.888, 'below_0.001_percent_acc': 0.835, 'below_0.0001_percent_acc': 0.835, 'valid_acc': 1.0}
Epoch: 4	Batch time (3.504067)	Data time (0.111627)	Cuda time (0.000004)	Loss (8.253300)	Accuracy (0.990830)
EVALUATING
{'loss': 8.159000220298767, 'accuracy': 0.9909344726800918, 'perfect_match_accuracy': 0.485, 'cost_ratio_suggested_true': 1.025972489118576, 'below_10.0_percent_acc': 0.997, 'below_1.0_percent_acc': 0.95, 'below_0.1_percent_acc': 0.912, 'below_0.01_percent_acc': 0.911, 'below_0.001_percent_acc': 0.877, 'below_0.0001_percent_acc': 0.877, 'valid_acc': 1.0}
Epoch: 5	Batch time (3.213733)	Data time (0.114453)	Cuda time (0.000003)	Loss (7.628900)	Accuracy (0.991523)
EVALUATING
{'loss': 7.18600028514862, 'accuracy': 0.9920155864953994, 'perfect_match_accuracy': 0.521, 'cost_ratio_suggested_true': 1.021402326822281, 'below_10.0_percent_acc': 0.999, 'below_1.0_percent_acc': 0.97, 'below_0.1_percent_acc': 0.933, 'below_0.01_percent_acc': 0.931, 'below_0.001_percent_acc': 0.887, 'below_0.0001_percent_acc': 0.887, 'valid_acc': 1.0}
Epoch: 6	Batch time (2.979641)	Data time (0.101448)	Cuda time (0.000002)	Loss (7.170000)	Accuracy (0.992033)
EVALUATING
{'loss': 7.30500020980835, 'accuracy': 0.9918833714723587, 'perfect_match_accuracy': 0.498, 'cost_ratio_suggested_true': 1.0250614857673646, 'below_10.0_percent_acc': 0.998, 'below_1.0_percent_acc': 0.96, 'below_0.1_percent_acc': 0.931, 'below_0.01_percent_acc': 0.93, 'below_0.001_percent_acc': 0.895, 'below_0.0001_percent_acc': 0.894, 'valid_acc': 1.0}
Epoch: 7	Batch time (3.111360)	Data time (0.108769)	Cuda time (0.000002)	Loss (6.905800)	Accuracy (0.992327)
EVALUATING
{'loss': 7.275000290870667, 'accuracy': 0.9919166922569275, 'perfect_match_accuracy': 0.506, 'cost_ratio_suggested_true': 1.0221933352947234, 'below_10.0_percent_acc': 0.999, 'below_1.0_percent_acc': 0.957, 'below_0.1_percent_acc': 0.924, 'below_0.01_percent_acc': 0.923, 'below_0.001_percent_acc': 0.901, 'below_0.0001_percent_acc': 0.901, 'valid_acc': 1.0}
Epoch: 8	Batch time (3.079752)	Data time (0.110636)	Cuda time (0.000003)	Loss (6.688100)	Accuracy (0.992569)
EVALUATING
{'loss': 6.50400020122528, 'accuracy': 0.9927733623981476, 'perfect_match_accuracy': 0.579, 'cost_ratio_suggested_true': 1.0198398327827454, 'below_10.0_percent_acc': 0.998, 'below_1.0_percent_acc': 0.967, 'below_0.1_percent_acc': 0.933, 'below_0.01_percent_acc': 0.932, 'below_0.001_percent_acc': 0.873, 'below_0.0001_percent_acc': 0.872, 'valid_acc': 1.0}
Epoch: 9	Batch time (3.079053)	Data time (0.108113)	Cuda time (0.000003)	Loss (5.962900)	Accuracy (0.993375)
EVALUATING
{'loss': 7.276000289916992, 'accuracy': 0.991915586590767, 'perfect_match_accuracy': 0.52, 'cost_ratio_suggested_true': 1.0206215572357178, 'below_10.0_percent_acc': 0.999, 'below_1.0_percent_acc': 0.973, 'below_0.1_percent_acc': 0.946, 'below_0.01_percent_acc': 0.944, 'below_0.001_percent_acc': 0.903, 'below_0.0001_percent_acc': 0.902, 'valid_acc': 1.0}
Epoch: 10	Batch time (3.090042)	Data time (0.111081)	Cuda time (0.000002)	Loss (6.131100)	Accuracy (0.993188)
EVALUATING
{'loss': 7.122000255584717, 'accuracy': 0.9920867031812668, 'perfect_match_accuracy': 0.537, 'cost_ratio_suggested_true': 1.0231751084327698, 'below_10.0_percent_acc': 0.999, 'below_1.0_percent_acc': 0.971, 'below_0.1_percent_acc': 0.936, 'below_0.01_percent_acc': 0.934, 'below_0.001_percent_acc': 0.879, 'below_0.0001_percent_acc': 0.878, 'valid_acc': 1.0}
Epoch: 11	Batch time (3.037305)	Data time (0.106376)	Cuda time (0.000002)	Loss (5.873700)	Accuracy (0.993474)
EVALUATING
{'loss': 7.58900032043457, 'accuracy': 0.9915677982568741, 'perfect_match_accuracy': 0.541, 'cost_ratio_suggested_true': 1.0320414900779724, 'below_10.0_percent_acc': 0.999, 'below_1.0_percent_acc': 0.962, 'below_0.1_percent_acc': 0.928, 'below_0.01_percent_acc': 0.926, 'below_0.001_percent_acc': 0.881, 'below_0.0001_percent_acc': 0.881, 'valid_acc': 1.0}
Epoch: 12	Batch time (3.046226)	Data time (0.106557)	Cuda time (0.000002)	Loss (6.103700)	Accuracy (0.993218)
EVALUATING
{'loss': 6.226000170707703, 'accuracy': 0.993082240819931, 'perfect_match_accuracy': 0.582, 'cost_ratio_suggested_true': 1.0191165292263031, 'below_10.0_percent_acc': 0.999, 'below_1.0_percent_acc': 0.981, 'below_0.1_percent_acc': 0.951, 'below_0.01_percent_acc': 0.949, 'below_0.001_percent_acc': 0.903, 'below_0.0001_percent_acc': 0.903, 'valid_acc': 1.0}
Epoch: 13	Batch time (3.146476)	Data time (0.109371)	Cuda time (0.000003)	Loss (5.872700)	Accuracy (0.993475)
EVALUATING
{'loss': 6.215000286102295, 'accuracy': 0.9930944710969924, 'perfect_match_accuracy': 0.588, 'cost_ratio_suggested_true': 1.0168439900875093, 'below_10.0_percent_acc': 0.999, 'below_1.0_percent_acc': 0.977, 'below_0.1_percent_acc': 0.949, 'below_0.01_percent_acc': 0.947, 'below_0.001_percent_acc': 0.926, 'below_0.0001_percent_acc': 0.926, 'valid_acc': 1.0}
Epoch: 14	Batch time (3.079402)	Data time (0.108593)	Cuda time (0.000003)	Loss (5.428200)	Accuracy (0.993969)
EVALUATING
{'loss': 6.200000243186951, 'accuracy': 0.9931111252307891, 'perfect_match_accuracy': 0.591, 'cost_ratio_suggested_true': 1.0194320487976074, 'below_10.0_percent_acc': 0.998, 'below_1.0_percent_acc': 0.985, 'below_0.1_percent_acc': 0.962, 'below_0.01_percent_acc': 0.96, 'below_0.001_percent_acc': 0.931, 'below_0.0001_percent_acc': 0.931, 'valid_acc': 1.0}
Epoch: 15	Batch time (3.095802)	Data time (0.106321)	Cuda time (0.000002)	Loss (5.503600)	Accuracy (0.993885)
EVALUATING
{'loss': 6.196000280380249, 'accuracy': 0.9931155872344971, 'perfect_match_accuracy': 0.576, 'cost_ratio_suggested_true': 1.0154305911064148, 'below_10.0_percent_acc': 0.999, 'below_1.0_percent_acc': 0.984, 'below_0.1_percent_acc': 0.958, 'below_0.01_percent_acc': 0.957, 'below_0.001_percent_acc': 0.904, 'below_0.0001_percent_acc': 0.903, 'valid_acc': 1.0}
Epoch: 16	Batch time (3.082614)	Data time (0.107707)	Cuda time (0.000003)	Loss (5.147200)	Accuracy (0.994281)
EVALUATING
{'loss': 5.900000319480896, 'accuracy': 0.9934444731473923, 'perfect_match_accuracy': 0.594, 'cost_ratio_suggested_true': 1.0159130263328553, 'below_10.0_percent_acc': 0.999, 'below_1.0_percent_acc': 0.985, 'below_0.1_percent_acc': 0.964, 'below_0.01_percent_acc': 0.962, 'below_0.001_percent_acc': 0.923, 'below_0.0001_percent_acc': 0.922, 'valid_acc': 1.0}
Epoch: 17	Batch time (3.045430)	Data time (0.107346)	Cuda time (0.000003)	Loss (5.100200)	Accuracy (0.994333)
EVALUATING
{'loss': 5.4240002036094666, 'accuracy': 0.9939733469486236, 'perfect_match_accuracy': 0.632, 'cost_ratio_suggested_true': 1.0139385426044465, 'below_10.0_percent_acc': 0.999, 'below_1.0_percent_acc': 0.985, 'below_0.1_percent_acc': 0.96, 'below_0.01_percent_acc': 0.958, 'below_0.001_percent_acc': 0.934, 'below_0.0001_percent_acc': 0.933, 'valid_acc': 1.0}
Epoch: 18	Batch time (3.045233)	Data time (0.103477)	Cuda time (0.000002)	Loss (4.985600)	Accuracy (0.994460)
EVALUATING
{'loss': 6.2780003213882445, 'accuracy': 0.9930244761705399, 'perfect_match_accuracy': 0.572, 'cost_ratio_suggested_true': 1.0174412798881531, 'below_10.0_percent_acc': 0.999, 'below_1.0_percent_acc': 0.986, 'below_0.1_percent_acc': 0.962, 'below_0.01_percent_acc': 0.96, 'below_0.001_percent_acc': 0.901, 'below_0.0001_percent_acc': 0.9, 'valid_acc': 1.0}
Epoch: 19	Batch time (3.063979)	Data time (0.106766)	Cuda time (0.000002)	Loss (4.956900)	Accuracy (0.994492)
EVALUATING
{'loss': 5.310000312328339, 'accuracy': 0.9941000324487687, 'perfect_match_accuracy': 0.633, 'cost_ratio_suggested_true': 1.0135243475437163, 'below_10.0_percent_acc': 0.999, 'below_1.0_percent_acc': 0.986, 'below_0.1_percent_acc': 0.96, 'below_0.01_percent_acc': 0.958, 'below_0.001_percent_acc': 0.926, 'below_0.0001_percent_acc': 0.925, 'valid_acc': 1.0}
Epoch: 20	Batch time (3.059124)	Data time (0.100349)	Cuda time (0.000002)	Loss (4.843300)	Accuracy (0.994619)
EVALUATING
{'loss': 5.906000242233277, 'accuracy': 0.9934378045797349, 'perfect_match_accuracy': 0.598, 'cost_ratio_suggested_true': 1.0187699949741365, 'below_10.0_percent_acc': 0.999, 'below_1.0_percent_acc': 0.99, 'below_0.1_percent_acc': 0.971, 'below_0.01_percent_acc': 0.969, 'below_0.001_percent_acc': 0.904, 'below_0.0001_percent_acc': 0.903, 'valid_acc': 1.0}
Epoch: 21	Batch time (3.077781)	Data time (0.104312)	Cuda time (0.000003)	Loss (5.110400)	Accuracy (0.994322)
EVALUATING
{'loss': 5.502000236511231, 'accuracy': 0.9938866943120956, 'perfect_match_accuracy': 0.632, 'cost_ratio_suggested_true': 1.015440249443054, 'below_10.0_percent_acc': 0.999, 'below_1.0_percent_acc': 0.983, 'below_0.1_percent_acc': 0.952, 'below_0.01_percent_acc': 0.95, 'below_0.001_percent_acc': 0.927, 'below_0.0001_percent_acc': 0.927, 'valid_acc': 1.0}
Epoch: 22	Batch time (3.073263)	Data time (0.103570)	Cuda time (0.000002)	Loss (4.813100)	Accuracy (0.994652)
EVALUATING
{'loss': 5.294000344276428, 'accuracy': 0.9941178125143051, 'perfect_match_accuracy': 0.652, 'cost_ratio_suggested_true': 1.0101682364940643, 'below_10.0_percent_acc': 0.999, 'below_1.0_percent_acc': 0.986, 'below_0.1_percent_acc': 0.958, 'below_0.01_percent_acc': 0.957, 'below_0.001_percent_acc': 0.933, 'below_0.0001_percent_acc': 0.933, 'valid_acc': 1.0}
Epoch: 23	Batch time (3.075618)	Data time (0.104581)	Cuda time (0.000003)	Loss (4.856500)	Accuracy (0.994604)
EVALUATING
{'loss': 5.576000208854675, 'accuracy': 0.9938044673204423, 'perfect_match_accuracy': 0.624, 'cost_ratio_suggested_true': 1.0176849710941314, 'below_10.0_percent_acc': 0.999, 'below_1.0_percent_acc': 0.987, 'below_0.1_percent_acc': 0.962, 'below_0.01_percent_acc': 0.96, 'below_0.001_percent_acc': 0.92, 'below_0.0001_percent_acc': 0.92, 'valid_acc': 1.0}
Epoch: 24	Batch time (3.098389)	Data time (0.103387)	Cuda time (0.000002)	Loss (4.548900)	Accuracy (0.994946)
EVALUATING
{'loss': 5.3030002450942995, 'accuracy': 0.9941078007221222, 'perfect_match_accuracy': 0.629, 'cost_ratio_suggested_true': 1.0131640148162842, 'below_10.0_percent_acc': 0.999, 'below_1.0_percent_acc': 0.989, 'below_0.1_percent_acc': 0.967, 'below_0.01_percent_acc': 0.966, 'below_0.001_percent_acc': 0.937, 'below_0.0001_percent_acc': 0.937, 'valid_acc': 1.0}
Epoch: 25	Batch time (3.032089)	Data time (0.104405)	Cuda time (0.000002)	Loss (4.539100)	Accuracy (0.994957)
EVALUATING
{'loss': 5.08900018453598, 'accuracy': 0.9943455874919891, 'perfect_match_accuracy': 0.629, 'cost_ratio_suggested_true': 1.014036977291107, 'below_10.0_percent_acc': 0.999, 'below_1.0_percent_acc': 0.991, 'below_0.1_percent_acc': 0.975, 'below_0.01_percent_acc': 0.974, 'below_0.001_percent_acc': 0.937, 'below_0.0001_percent_acc': 0.937, 'valid_acc': 1.0}
Epoch: 26	Batch time (3.029883)	Data time (0.104882)	Cuda time (0.000003)	Loss (4.411300)	Accuracy (0.995099)
EVALUATING
{'loss': 5.7120002126693725, 'accuracy': 0.9936533659696579, 'perfect_match_accuracy': 0.608, 'cost_ratio_suggested_true': 1.0152146410942078, 'below_10.0_percent_acc': 0.999, 'below_1.0_percent_acc': 0.985, 'below_0.1_percent_acc': 0.959, 'below_0.01_percent_acc': 0.958, 'below_0.001_percent_acc': 0.937, 'below_0.0001_percent_acc': 0.937, 'valid_acc': 1.0}
Epoch: 27	Batch time (3.036818)	Data time (0.104855)	Cuda time (0.000003)	Loss (4.218500)	Accuracy (0.995313)
EVALUATING
{'loss': 5.643000292778015, 'accuracy': 0.993730029463768, 'perfect_match_accuracy': 0.606, 'cost_ratio_suggested_true': 1.0152333414554595, 'below_10.0_percent_acc': 0.999, 'below_1.0_percent_acc': 0.989, 'below_0.1_percent_acc': 0.965, 'below_0.01_percent_acc': 0.963, 'below_0.001_percent_acc': 0.92, 'below_0.0001_percent_acc': 0.92, 'valid_acc': 1.0}
Epoch: 28	Batch time (3.050050)	Data time (0.097923)	Cuda time (0.000003)	Loss (4.101600)	Accuracy (0.995443)
EVALUATING
{'loss': 5.058000271320343, 'accuracy': 0.9943800276517868, 'perfect_match_accuracy': 0.625, 'cost_ratio_suggested_true': 1.0123122370243072, 'below_10.0_percent_acc': 0.999, 'below_1.0_percent_acc': 0.993, 'below_0.1_percent_acc': 0.978, 'below_0.01_percent_acc': 0.976, 'below_0.001_percent_acc': 0.929, 'below_0.0001_percent_acc': 0.928, 'valid_acc': 1.0}
Epoch: 29	Batch time (3.043744)	Data time (0.095478)	Cuda time (0.000003)	Loss (4.563900)	Accuracy (0.994929)
EVALUATING
{'loss': 5.348000140190124, 'accuracy': 0.994057810306549, 'perfect_match_accuracy': 0.664, 'cost_ratio_suggested_true': 1.0178393936157226, 'below_10.0_percent_acc': 0.999, 'below_1.0_percent_acc': 0.98, 'below_0.1_percent_acc': 0.951, 'below_0.01_percent_acc': 0.949, 'below_0.001_percent_acc': 0.918, 'below_0.0001_percent_acc': 0.918, 'valid_acc': 1.0}
Epoch: 30	Batch time (3.048255)	Data time (0.095354)	Cuda time (0.000003)	Loss (4.194400)	Accuracy (0.995340)
EVALUATING
{'loss': 5.057000238895416, 'accuracy': 0.994381136894226, 'perfect_match_accuracy': 0.653, 'cost_ratio_suggested_true': 1.0177446055412291, 'below_10.0_percent_acc': 0.999, 'below_1.0_percent_acc': 0.986, 'below_0.1_percent_acc': 0.96, 'below_0.01_percent_acc': 0.959, 'below_0.001_percent_acc': 0.932, 'below_0.0001_percent_acc': 0.932, 'valid_acc': 1.0}
Epoch: 31	Batch time (3.048309)	Data time (0.095175)	Cuda time (0.000003)	Loss (3.006300)	Accuracy (0.996660)
EVALUATING
{'loss': 4.7460001683235165, 'accuracy': 0.9947266918420792, 'perfect_match_accuracy': 0.665, 'cost_ratio_suggested_true': 1.010867486000061, 'below_10.0_percent_acc': 0.999, 'below_1.0_percent_acc': 0.993, 'below_0.1_percent_acc': 0.977, 'below_0.01_percent_acc': 0.975, 'below_0.001_percent_acc': 0.928, 'below_0.0001_percent_acc': 0.928, 'valid_acc': 1.0}
Epoch: 32	Batch time (3.045066)	Data time (0.093780)	Cuda time (0.000003)	Loss (2.692200)	Accuracy (0.997009)
EVALUATING
{'loss': 4.798000199794769, 'accuracy': 0.9946689212322235, 'perfect_match_accuracy': 0.656, 'cost_ratio_suggested_true': 1.0120692336559296, 'below_10.0_percent_acc': 0.999, 'below_1.0_percent_acc': 0.992, 'below_0.1_percent_acc': 0.978, 'below_0.01_percent_acc': 0.976, 'below_0.001_percent_acc': 0.932, 'below_0.0001_percent_acc': 0.931, 'valid_acc': 1.0}
Epoch: 33	Batch time (3.045192)	Data time (0.093415)	Cuda time (0.000003)	Loss (2.584700)	Accuracy (0.997128)
EVALUATING
{'loss': 4.632000164985657, 'accuracy': 0.9948533606529236, 'perfect_match_accuracy': 0.667, 'cost_ratio_suggested_true': 1.0100371110439301, 'below_10.0_percent_acc': 0.999, 'below_1.0_percent_acc': 0.994, 'below_0.1_percent_acc': 0.982, 'below_0.01_percent_acc': 0.98, 'below_0.001_percent_acc': 0.943, 'below_0.0001_percent_acc': 0.942, 'valid_acc': 1.0}
Epoch: 34	Batch time (3.048391)	Data time (0.095012)	Cuda time (0.000003)	Loss (2.482000)	Accuracy (0.997242)
EVALUATING
{'loss': 4.674000217914581, 'accuracy': 0.9948066991567611, 'perfect_match_accuracy': 0.671, 'cost_ratio_suggested_true': 1.0124924242496491, 'below_10.0_percent_acc': 0.999, 'below_1.0_percent_acc': 0.993, 'below_0.1_percent_acc': 0.98, 'below_0.01_percent_acc': 0.978, 'below_0.001_percent_acc': 0.944, 'below_0.0001_percent_acc': 0.943, 'valid_acc': 1.0}
Epoch: 35	Batch time (3.179911)	Data time (0.089669)	Cuda time (0.000002)	Loss (2.380700)	Accuracy (0.997355)
EVALUATING
{'loss': 4.657000207901001, 'accuracy': 0.9948255848884583, 'perfect_match_accuracy': 0.668, 'cost_ratio_suggested_true': 1.0112022840976715, 'below_10.0_percent_acc': 0.999, 'below_1.0_percent_acc': 0.994, 'below_0.1_percent_acc': 0.982, 'below_0.01_percent_acc': 0.98, 'below_0.001_percent_acc': 0.939, 'below_0.0001_percent_acc': 0.939, 'valid_acc': 1.0}
Epoch: 36	Batch time (3.092698)	Data time (0.091901)	Cuda time (0.000002)	Loss (2.458900)	Accuracy (0.997268)
EVALUATING
{'loss': 4.700000202655792, 'accuracy': 0.9947778058052062, 'perfect_match_accuracy': 0.671, 'cost_ratio_suggested_true': 1.012709778547287, 'below_10.0_percent_acc': 0.999, 'below_1.0_percent_acc': 0.993, 'below_0.1_percent_acc': 0.978, 'below_0.01_percent_acc': 0.976, 'below_0.001_percent_acc': 0.941, 'below_0.0001_percent_acc': 0.941, 'valid_acc': 1.0}
Epoch: 37	Batch time (3.232167)	Data time (0.095343)	Cuda time (0.000003)	Loss (2.362000)	Accuracy (0.997376)
EVALUATING
{'loss': 4.480000193119049, 'accuracy': 0.9950222504138947, 'perfect_match_accuracy': 0.664, 'cost_ratio_suggested_true': 1.0092339634895324, 'below_10.0_percent_acc': 0.999, 'below_1.0_percent_acc': 0.995, 'below_0.1_percent_acc': 0.984, 'below_0.01_percent_acc': 0.982, 'below_0.001_percent_acc': 0.949, 'below_0.0001_percent_acc': 0.948, 'valid_acc': 1.0}
Epoch: 38	Batch time (3.186534)	Data time (0.089228)	Cuda time (0.000003)	Loss (2.269000)	Accuracy (0.997479)
EVALUATING
{'loss': 4.513000147342682, 'accuracy': 0.9949855768680572, 'perfect_match_accuracy': 0.672, 'cost_ratio_suggested_true': 1.0099366080760956, 'below_10.0_percent_acc': 0.999, 'below_1.0_percent_acc': 0.995, 'below_0.1_percent_acc': 0.983, 'below_0.01_percent_acc': 0.981, 'below_0.001_percent_acc': 0.945, 'below_0.0001_percent_acc': 0.945, 'valid_acc': 1.0}
Epoch: 39	Batch time (3.098304)	Data time (0.093645)	Cuda time (0.000003)	Loss (2.351400)	Accuracy (0.997387)
EVALUATING
{'loss': 4.5600002479553225, 'accuracy': 0.9949333524703979, 'perfect_match_accuracy': 0.663, 'cost_ratio_suggested_true': 1.0112106359004975, 'below_10.0_percent_acc': 0.999, 'below_1.0_percent_acc': 0.994, 'below_0.1_percent_acc': 0.982, 'below_0.01_percent_acc': 0.98, 'below_0.001_percent_acc': 0.949, 'below_0.0001_percent_acc': 0.948, 'valid_acc': 1.0}
Epoch: 40	Batch time (3.227009)	Data time (0.093987)	Cuda time (0.000002)	Loss (2.295800)	Accuracy (0.997449)
EVALUATING
{'loss': 4.488000221252442, 'accuracy': 0.9950133663415909, 'perfect_match_accuracy': 0.67, 'cost_ratio_suggested_true': 1.0101299929618834, 'below_10.0_percent_acc': 0.999, 'below_1.0_percent_acc': 0.995, 'below_0.1_percent_acc': 0.982, 'below_0.01_percent_acc': 0.98, 'below_0.001_percent_acc': 0.939, 'below_0.0001_percent_acc': 0.939, 'valid_acc': 1.0}
Epoch: 41	Batch time (3.120599)	Data time (0.094256)	Cuda time (0.000002)	Loss (2.139800)	Accuracy (0.997622)
EVALUATING
{'loss': 4.667000217437744, 'accuracy': 0.9948144727945327, 'perfect_match_accuracy': 0.673, 'cost_ratio_suggested_true': 1.0115786433219909, 'below_10.0_percent_acc': 0.999, 'below_1.0_percent_acc': 0.994, 'below_0.1_percent_acc': 0.982, 'below_0.01_percent_acc': 0.98, 'below_0.001_percent_acc': 0.941, 'below_0.0001_percent_acc': 0.94, 'valid_acc': 1.0}
Epoch: 42	Batch time (3.165222)	Data time (0.095030)	Cuda time (0.000002)	Loss (2.071300)	Accuracy (0.997699)
EVALUATING
{'loss': 4.474000198841095, 'accuracy': 0.9950289106369019, 'perfect_match_accuracy': 0.681, 'cost_ratio_suggested_true': 1.0100666415691375, 'below_10.0_percent_acc': 0.999, 'below_1.0_percent_acc': 0.994, 'below_0.1_percent_acc': 0.982, 'below_0.01_percent_acc': 0.98, 'below_0.001_percent_acc': 0.943, 'below_0.0001_percent_acc': 0.943, 'valid_acc': 1.0}
Epoch: 43	Batch time (3.238170)	Data time (0.097818)	Cuda time (0.000002)	Loss (2.059700)	Accuracy (0.997711)
EVALUATING
{'loss': 4.470000176429749, 'accuracy': 0.9950333535671234, 'perfect_match_accuracy': 0.675, 'cost_ratio_suggested_true': 1.0098859333992005, 'below_10.0_percent_acc': 0.999, 'below_1.0_percent_acc': 0.994, 'below_0.1_percent_acc': 0.982, 'below_0.01_percent_acc': 0.98, 'below_0.001_percent_acc': 0.942, 'below_0.0001_percent_acc': 0.942, 'valid_acc': 1.0}
Epoch: 44	Batch time (3.154812)	Data time (0.094497)	Cuda time (0.000002)	Loss (2.146300)	Accuracy (0.997615)
EVALUATING
{'loss': 4.587000179290771, 'accuracy': 0.994903352856636, 'perfect_match_accuracy': 0.673, 'cost_ratio_suggested_true': 1.0101158761978148, 'below_10.0_percent_acc': 0.999, 'below_1.0_percent_acc': 0.994, 'below_0.1_percent_acc': 0.982, 'below_0.01_percent_acc': 0.98, 'below_0.001_percent_acc': 0.941, 'below_0.0001_percent_acc': 0.94, 'valid_acc': 1.0}
Epoch: 45	Batch time (3.135612)	Data time (0.091544)	Cuda time (0.000003)	Loss (1.984300)	Accuracy (0.997795)
EVALUATING
{'loss': 4.376000244617462, 'accuracy': 0.995137803554535, 'perfect_match_accuracy': 0.67, 'cost_ratio_suggested_true': 1.0082079911231994, 'below_10.0_percent_acc': 0.999, 'below_1.0_percent_acc': 0.995, 'below_0.1_percent_acc': 0.984, 'below_0.01_percent_acc': 0.982, 'below_0.001_percent_acc': 0.945, 'below_0.0001_percent_acc': 0.945, 'valid_acc': 1.0}
Epoch: 46	Batch time (3.164898)	Data time (0.095541)	Cuda time (0.000002)	Loss (2.036100)	Accuracy (0.997738)
EVALUATING
{'loss': 4.587000238895416, 'accuracy': 0.9949033683538437, 'perfect_match_accuracy': 0.68, 'cost_ratio_suggested_true': 1.0114428424835205, 'below_10.0_percent_acc': 0.999, 'below_1.0_percent_acc': 0.994, 'below_0.1_percent_acc': 0.982, 'below_0.01_percent_acc': 0.98, 'below_0.001_percent_acc': 0.937, 'below_0.0001_percent_acc': 0.936, 'valid_acc': 1.0}
Epoch: 47	Batch time (3.163827)	Data time (0.098234)	Cuda time (0.000002)	Loss (2.106400)	Accuracy (0.997660)
EVALUATING
{'loss': 4.681000216007233, 'accuracy': 0.9947989201545715, 'perfect_match_accuracy': 0.677, 'cost_ratio_suggested_true': 1.011606764793396, 'below_10.0_percent_acc': 0.999, 'below_1.0_percent_acc': 0.994, 'below_0.1_percent_acc': 0.982, 'below_0.01_percent_acc': 0.98, 'below_0.001_percent_acc': 0.934, 'below_0.0001_percent_acc': 0.933, 'valid_acc': 1.0}
Epoch: 48	Batch time (3.214492)	Data time (0.091296)	Cuda time (0.000002)	Loss (2.117700)	Accuracy (0.997647)
EVALUATING
{'loss': 4.548000175952911, 'accuracy': 0.9949466943740845, 'perfect_match_accuracy': 0.677, 'cost_ratio_suggested_true': 1.0099358093738555, 'below_10.0_percent_acc': 0.999, 'below_1.0_percent_acc': 0.994, 'below_0.1_percent_acc': 0.982, 'below_0.01_percent_acc': 0.98, 'below_0.001_percent_acc': 0.941, 'below_0.0001_percent_acc': 0.94, 'valid_acc': 1.0}
Epoch: 49	Batch time (3.204031)	Data time (0.086891)	Cuda time (0.000003)	Loss (2.058100)	Accuracy (0.997713)
EVALUATING
{'loss': 4.483000180721283, 'accuracy': 0.9950189101696014, 'perfect_match_accuracy': 0.673, 'cost_ratio_suggested_true': 1.0099108505249024, 'below_10.0_percent_acc': 0.999, 'below_1.0_percent_acc': 0.994, 'below_0.1_percent_acc': 0.982, 'below_0.01_percent_acc': 0.98, 'below_0.001_percent_acc': 0.944, 'below_0.0001_percent_acc': 0.943, 'valid_acc': 1.0}
Epoch: 50	Batch time (3.331844)	Data time (0.093289)	Cuda time (0.000002)	Loss (2.001300)	Accuracy (0.997776)
EVALUATING
{'loss': 4.758000209331512, 'accuracy': 0.9947133642435074, 'perfect_match_accuracy': 0.671, 'cost_ratio_suggested_true': 1.0121115827560425, 'below_10.0_percent_acc': 0.999, 'below_1.0_percent_acc': 0.993, 'below_0.1_percent_acc': 0.98, 'below_0.01_percent_acc': 0.978, 'below_0.001_percent_acc': 0.93, 'below_0.0001_percent_acc': 0.929, 'valid_acc': 1.0}
