rowlf.local
declare -x ANT_HOME="/opt/rocks"
declare -x ARC="lx-amd64"
declare -x BASH_ENV="/usr/share/lmod/lmod/init/bash"
declare -x CONDA_DEFAULT_ENV="gpu"
declare -x CONDA_EXE="/cluster/project6/mr_corpora/pminervi/miniconda3/bin/conda"
declare -x CONDA_PREFIX="/cluster/project6/mr_corpora/pminervi/miniconda3/envs/gpu"
declare -x CONDA_PREFIX_1="/cluster/project6/mr_corpora/pminervi/miniconda3"
declare -x CONDA_PROMPT_MODIFIER="(gpu) "
declare -x CONDA_PYTHON_EXE="/cluster/project6/mr_corpora/pminervi/miniconda3/bin/python"
declare -x CONDA_SHLVL="2"
declare -x CUDA_VISIBLE_DEVICES="1"
declare -x ENVIRONMENT="BATCH"
declare -x HISTCONTROL="ignoredups"
declare -x HISTSIZE="1000"
declare -x HOME="/home/pminervi"
declare -x HOSTNAME="rowlf.local"
declare -x JAVA_HOME="/share/apps/mr/utils/jdk"
declare -x JOB_ID="3663344"
declare -x JOB_NAME="temperature_beaker_v10.bbp.job"
declare -x JOB_SCRIPT="/opt/gridengine/default/spool/rowlf/job_scripts/3663344"
declare -x LANG="en_US.utf8"
declare -x LANGUAGE="en_US:en"
declare -x LD_LIBRARY_PATH="/share/apps/gcc-6.2.0/lib/:/share/apps/gcc-6.2.0/lib64/:/opt/gridengine/lib/lx-amd64"
declare -x LESSOPEN="||/usr/bin/lesspipe.sh %s"
declare -x LMOD_CMD="/usr/share/lmod/lmod/libexec/lmod"
declare -x LMOD_DIR="/usr/share/lmod/lmod/libexec"
declare -x LMOD_PKG="/usr/share/lmod/lmod"
declare -x LMOD_ROOT="/usr/share/lmod"
declare -x LMOD_SETTARG_FULL_SUPPORT="no"
declare -x LMOD_VERSION="8.2.7"
declare -x LMOD_sys="Linux"
declare -x LOADEDMODULES=""
declare -x LOGNAME="pminervi"
declare -x MAIL="/var/spool/mail/pminervi"
declare -x MANPATH="/usr/share/lmod/lmod/share/man:"
declare -x MODULEPATH="/share/apps/modulefiles/default"
declare -x MODULEPATH_ROOT="/usr/share/modulefiles"
declare -x MODULESHOME="/usr/share/lmod/lmod"
declare -x MPICH_PROCESS_GROUP="no"
declare -x NHOSTS="1"
declare -x NQUEUES="1"
declare -x NSLOTS="1"
declare -x OLDPWD="/home/pminervi/workspace/map-backprop"
declare -x PATH="/cluster/project6/mr_corpora/pminervi/miniconda3/envs/gpu/bin:/cluster/project6/mr_corpora/pminervi/miniconda3/condabin:/share/apps/binutils-2.27/bin:/share/apps/gcc-6.2.0/bin:/share/apps/mr/bin:/tmp/3663344.14.gpu.q:/usr/local/bin:/bin:/usr/bin:/usr/local/sbin:/usr/sbin:/opt/ganglia/bin:/opt/ganglia/sbin:/opt/rocks/bin:/opt/rocks/sbin:/opt/gridengine/bin/lx-amd64:/home/pminervi/bin"
declare -x PWD="/home/pminervi/workspace/map-backprop"
declare -x QUEUE="gpu.q"
declare -x REQNAME="temperature_beaker_v10.bbp.job"
declare -x REQUEST="temperature_beaker_v10.bbp.job"
declare -x RESTARTED="1"
declare -x ROCKSROOT="/opt/rocks/share/devel"
declare -x ROCKS_ROOT="/opt/rocks"
declare -x ROLLSROOT="/opt/rocks/share/devel/src/roll"
declare -x SGE_ACCOUNT="sge"
declare -x SGE_ARCH="lx-amd64"
declare -x SGE_BINARY_PATH="/opt/gridengine/bin/lx-amd64"
declare -x SGE_CELL="default"
declare -x SGE_CWD_PATH="/home/pminervi/workspace/map-backprop"
declare -x SGE_EXECD_PORT="537"
declare -x SGE_JOB_SPOOL_DIR="/opt/gridengine/default/spool/rowlf/active_jobs/3663344.14"
declare -x SGE_O_HOME="/home/pminervi"
declare -x SGE_O_HOST="beaker"
declare -x SGE_O_LOGNAME="pminervi"
declare -x SGE_O_MAIL="/var/spool/mail/pminervi"
declare -x SGE_O_PATH="/cluster/project6/mr_corpora/pminervi/miniconda3/envs/gpu/bin:/cluster/project6/mr_corpora/pminervi/miniconda3/condabin:/share/apps/binutils-2.27/bin:/share/apps/gcc-6.2.0/bin:/share/apps/mr/bin:/usr/local/bin:/usr/bin:/usr/local/sbin:/usr/sbin:/opt/ganglia/bin:/opt/ganglia/sbin:/opt/rocks/bin:/opt/rocks/sbin:/opt/gridengine/bin/lx-amd64:/home/pminervi/bin"
declare -x SGE_O_SHELL="/bin/bash"
declare -x SGE_O_WORKDIR="/home/pminervi/workspace/map-backprop"
declare -x SGE_QMASTER_PORT="536"
declare -x SGE_ROOT="/opt/gridengine"
declare -x SGE_STDERR_PATH="/home/pminervi/array.err"
declare -x SGE_STDIN_PATH="/dev/null"
declare -x SGE_STDOUT_PATH="/home/pminervi/array.out"
declare -x SGE_TASK_FIRST="1"
declare -x SGE_TASK_ID="14"
declare -x SGE_TASK_LAST="20"
declare -x SGE_TASK_STEPSIZE="1"
declare -x SHELL="/bin/bash"
declare -x SHLVL="2"
declare -x SSH_ASKPASS="/usr/libexec/openssh/gnome-ssh-askpass"
declare -x TERM=""
declare -x TMP="/tmp/3663344.14.gpu.q"
declare -x TMPDIR="/tmp/3663344.14.gpu.q"
declare -x USER="pminervi"
declare -x _CE_CONDA=""
declare -x _CE_M=""
Sat Aug  7 19:31:11 2021       
+-----------------------------------------------------------------------------+
| NVIDIA-SMI 470.42.01    Driver Version: 470.42.01    CUDA Version: 11.4     |
|-------------------------------+----------------------+----------------------+
| GPU  Name        Persistence-M| Bus-Id        Disp.A | Volatile Uncorr. ECC |
| Fan  Temp  Perf  Pwr:Usage/Cap|         Memory-Usage | GPU-Util  Compute M. |
|                               |                      |               MIG M. |
|===============================+======================+======================|
|   0  Tesla P100-PCIE...  On   | 00000000:14:00.0 Off |                    0 |
| N/A   41C    P0   122W / 250W |   2159MiB / 16280MiB |     90%   E. Process |
|                               |                      |                  N/A |
+-------------------------------+----------------------+----------------------+
|   1  Tesla P100-PCIE...  On   | 00000000:15:00.0 Off |                    0 |
| N/A   27C    P0    24W / 250W |      0MiB / 16280MiB |      0%   E. Process |
|                               |                      |                  N/A |
+-------------------------------+----------------------+----------------------+
|   2  Tesla P100-PCIE...  On   | 00000000:39:00.0 Off |                    0 |
| N/A   34C    P0    42W / 250W |  10931MiB / 16280MiB |     49%   E. Process |
|                               |                      |                  N/A |
+-------------------------------+----------------------+----------------------+
|   3  Tesla P100-PCIE...  On   | 00000000:3A:00.0 Off |                    0 |
| N/A   33C    P0   120W / 250W |  10931MiB / 16280MiB |    100%   E. Process |
|                               |                      |                  N/A |
+-------------------------------+----------------------+----------------------+
|   4  Tesla P100-PCIE...  On   | 00000000:88:00.0 Off |                    0 |
| N/A   39C    P0   120W / 250W |   2057MiB / 16280MiB |     91%   E. Process |
|                               |                      |                  N/A |
+-------------------------------+----------------------+----------------------+
|   5  Tesla P100-PCIE...  On   | 00000000:89:00.0 Off |                    0 |
| N/A   52C    P0   203W / 250W |   6871MiB / 16280MiB |    100%   E. Process |
|                               |                      |                  N/A |
+-------------------------------+----------------------+----------------------+
|   6  Tesla P100-PCIE...  On   | 00000000:B1:00.0 Off |                    0 |
| N/A   38C    P0   163W / 250W |  10931MiB / 16280MiB |     98%   E. Process |
|                               |                      |                  N/A |
+-------------------------------+----------------------+----------------------+
|   7  Tesla P100-PCIE...  On   | 00000000:B2:00.0 Off |                    0 |
| N/A   36C    P0   125W / 250W |   2095MiB / 16280MiB |     89%   E. Process |
|                               |                      |                  N/A |
+-------------------------------+----------------------+----------------------+
                                                                               
+-----------------------------------------------------------------------------+
| Processes:                                                                  |
|  GPU   GI   CI        PID   Type   Process name                  GPU Memory |
|        ID   ID                                                   Usage      |
|=============================================================================|
|    0   N/A  N/A     22544      C   python3                          2157MiB |
|    2   N/A  N/A     18700      C   python                          10929MiB |
|    3   N/A  N/A     27753      C   python                          10929MiB |
|    4   N/A  N/A     26775      C   python3                          2055MiB |
|    5   N/A  N/A      5804      C   python                           6869MiB |
|    6   N/A  N/A     19440      C   python                          10929MiB |
|    7   N/A  N/A     27677      C   python3                          2093MiB |
+-----------------------------------------------------------------------------+
No existing entry for trainer_params.mode.type
{}[type] = <class 'int'>(0)
No existing entry for trainer_params.mode.objective_type
{'type': 0}[objective_type] = <class 'str'>(normal)
No existing entry for trainer_params.mode.use_marginal
{'type': 0, 'objective_type': 'normal'}[use_marginal] = <class 'bool'>(True)
No existing entry for trainer_params.mode.nb_samples
{'type': 0, 'objective_type': 'normal', 'use_marginal': True}[nb_samples] = <class 'int'>(1)
No existing entry for trainer_params.mode.temperature
{'type': 0, 'objective_type': 'normal', 'use_marginal': True, 'nb_samples': 1}[temperature] = <class 'int'>(1)
No existing entry for trainer_params.mode.use_gamma
{'type': 0, 'objective_type': 'normal', 'use_marginal': True, 'nb_samples': 1, 'temperature': 1}[use_gamma] = <class 'bool'>(True)
No existing entry for trainer_params.mode.loss_type
{'type': 0, 'objective_type': 'normal', 'use_marginal': True, 'nb_samples': 1, 'temperature': 1, 'use_gamma': True}[loss_type] = <class 'str'>(normal)
No existing entry for trainer_params.mode.perturb_w
{'type': 0, 'objective_type': 'normal', 'use_marginal': True, 'nb_samples': 1, 'temperature': 1, 'use_gamma': True, 'loss_type': 'normal'}[perturb_w] = <class 'bool'>(True)
No existing entry for trainer_params.mode.perturb_w_prime
{'type': 0, 'objective_type': 'normal', 'use_marginal': True, 'nb_samples': 1, 'temperature': 1, 'use_gamma': True, 'loss_type': 'normal', 'perturb_w': True}[perturb_w_prime] = <class 'bool'>(True)
{'batch_size': 70, 'l1_regconst': 0.0, 'lambda_val': 20.0, 'lr_milestone_1': 30, 'lr_milestone_2': 40, 'model_params': {'arch_params': {}, 'model_name': 'CombResnet18'}, 'neighbourhood_fn': '8-grid', 'optimizer_name': 'Adam', 'optimizer_params': {'lr': 0.0005}, 'preload_batch': True, 'use_cuda': True, 'use_lr_scheduling': True, 'mode': {'type': 0, 'objective_type': 'normal', 'use_marginal': True, 'nb_samples': 1, 'temperature': 1, 'use_gamma': True, 'loss_type': 'normal', 'perturb_w': True, 'perturb_w_prime': True}}[lambda_val] = <class 'float'>(20.0)
{'data_dir': 'data/warcraft_shortest_path/12x12', 'evaluate_with_extra': False, 'normalize': True, 'use_local_path': False, 'use_test_set': True}[data_dir] = <class 'str'>(data/warcraft_shortest_path/30x30)
{'evaluate_every': 5, 'loader_params': {'data_dir': 'data/warcraft_shortest_path/30x30', 'evaluate_with_extra': False, 'normalize': True, 'use_local_path': False, 'use_test_set': True}, 'model_dir': 'results/warcraft_shortest_path_combresnet', 'num_cpus': 16, 'num_epochs': 50, 'problem_type': 'warcraft_shortest_path', 'ray_params': {}, 'save_visualizations': False, 'seed': 1, 'trainer_name': 'DijkstraMAP', 'trainer_params': {'batch_size': 70, 'l1_regconst': 0.0, 'lambda_val': 20.0, 'lr_milestone_1': 30, 'lr_milestone_2': 40, 'model_params': {'arch_params': {}, 'model_name': 'CombResnet18'}, 'neighbourhood_fn': '8-grid', 'optimizer_name': 'Adam', 'optimizer_params': {'lr': 0.0005}, 'preload_batch': True, 'use_cuda': True, 'use_lr_scheduling': True, 'mode': {'type': 0, 'objective_type': 'normal', 'use_marginal': True, 'nb_samples': 1, 'temperature': 1, 'use_gamma': True, 'loss_type': 'normal', 'perturb_w': True, 'perturb_w_prime': True}}, 'use_ray': True}[seed] = <class 'int'>(4)
{'evaluate_every': 5, 'loader_params': {'data_dir': 'data/warcraft_shortest_path/30x30', 'evaluate_with_extra': False, 'normalize': True, 'use_local_path': False, 'use_test_set': True}, 'model_dir': 'results/warcraft_shortest_path_combresnet', 'num_cpus': 16, 'num_epochs': 50, 'problem_type': 'warcraft_shortest_path', 'ray_params': {}, 'save_visualizations': False, 'seed': 4, 'trainer_name': 'DijkstraMAP', 'trainer_params': {'batch_size': 70, 'l1_regconst': 0.0, 'lambda_val': 20.0, 'lr_milestone_1': 30, 'lr_milestone_2': 40, 'model_params': {'arch_params': {}, 'model_name': 'CombResnet18'}, 'neighbourhood_fn': '8-grid', 'optimizer_name': 'Adam', 'optimizer_params': {'lr': 0.0005}, 'preload_batch': True, 'use_cuda': True, 'use_lr_scheduling': True, 'mode': {'type': 0, 'objective_type': 'normal', 'use_marginal': True, 'nb_samples': 1, 'temperature': 1, 'use_gamma': True, 'loss_type': 'normal', 'perturb_w': True, 'perturb_w_prime': True}}, 'use_ray': True}[evaluate_every] = <class 'int'>(1)
{'evaluate_every': 1, 'loader_params': {'data_dir': 'data/warcraft_shortest_path/30x30', 'evaluate_with_extra': False, 'normalize': True, 'use_local_path': False, 'use_test_set': True}, 'model_dir': 'results/warcraft_shortest_path_combresnet', 'num_cpus': 16, 'num_epochs': 50, 'problem_type': 'warcraft_shortest_path', 'ray_params': {}, 'save_visualizations': False, 'seed': 4, 'trainer_name': 'DijkstraMAP', 'trainer_params': {'batch_size': 70, 'l1_regconst': 0.0, 'lambda_val': 20.0, 'lr_milestone_1': 30, 'lr_milestone_2': 40, 'model_params': {'arch_params': {}, 'model_name': 'CombResnet18'}, 'neighbourhood_fn': '8-grid', 'optimizer_name': 'Adam', 'optimizer_params': {'lr': 0.0005}, 'preload_batch': True, 'use_cuda': True, 'use_lr_scheduling': True, 'mode': {'type': 0, 'objective_type': 'normal', 'use_marginal': True, 'nb_samples': 1, 'temperature': 1, 'use_gamma': True, 'loss_type': 'normal', 'perturb_w': True, 'perturb_w_prime': True}}, 'use_ray': True}[use_ray] = <class 'bool'>(False)
No existing entry for trainer_params.mode.type
{}[type] = <class 'int'>(0)
No existing entry for trainer_params.mode.objective_type
{'type': 0}[objective_type] = <class 'str'>(normal)
No existing entry for trainer_params.mode.use_marginal
{'type': 0, 'objective_type': 'normal'}[use_marginal] = <class 'bool'>(True)
No existing entry for trainer_params.mode.nb_samples
{'type': 0, 'objective_type': 'normal', 'use_marginal': True}[nb_samples] = <class 'int'>(1)
No existing entry for trainer_params.mode.temperature
{'type': 0, 'objective_type': 'normal', 'use_marginal': True, 'nb_samples': 1}[temperature] = <class 'int'>(1)
No existing entry for trainer_params.mode.use_gamma
{'type': 0, 'objective_type': 'normal', 'use_marginal': True, 'nb_samples': 1, 'temperature': 1}[use_gamma] = <class 'bool'>(True)
No existing entry for trainer_params.mode.loss_type
{'type': 0, 'objective_type': 'normal', 'use_marginal': True, 'nb_samples': 1, 'temperature': 1, 'use_gamma': True}[loss_type] = <class 'str'>(normal)
No existing entry for trainer_params.mode.perturb_w
{'type': 0, 'objective_type': 'normal', 'use_marginal': True, 'nb_samples': 1, 'temperature': 1, 'use_gamma': True, 'loss_type': 'normal'}[perturb_w] = <class 'bool'>(True)
No existing entry for trainer_params.mode.perturb_w_prime
{'type': 0, 'objective_type': 'normal', 'use_marginal': True, 'nb_samples': 1, 'temperature': 1, 'use_gamma': True, 'loss_type': 'normal', 'perturb_w': True}[perturb_w_prime] = <class 'bool'>(True)
{'batch_size': 70, 'l1_regconst': 0.0, 'lambda_val': 20.0, 'lr_milestone_1': 30, 'lr_milestone_2': 40, 'model_params': {'arch_params': {}, 'model_name': 'CombResnet18'}, 'neighbourhood_fn': '8-grid', 'optimizer_name': 'Adam', 'optimizer_params': {'lr': 0.0005}, 'preload_batch': True, 'use_cuda': True, 'use_lr_scheduling': True, 'mode': {'type': 0, 'objective_type': 'normal', 'use_marginal': True, 'nb_samples': 1, 'temperature': 1, 'use_gamma': True, 'loss_type': 'normal', 'perturb_w': True, 'perturb_w_prime': True}}[lambda_val] = <class 'float'>(20.0)
{'data_dir': 'data/warcraft_shortest_path/12x12', 'evaluate_with_extra': False, 'normalize': True, 'use_local_path': False, 'use_test_set': True}[data_dir] = <class 'str'>(data/warcraft_shortest_path/30x30)
{'evaluate_every': 5, 'loader_params': {'data_dir': 'data/warcraft_shortest_path/30x30', 'evaluate_with_extra': False, 'normalize': True, 'use_local_path': False, 'use_test_set': True}, 'model_dir': 'results/warcraft_shortest_path_combresnet', 'num_cpus': 16, 'num_epochs': 50, 'problem_type': 'warcraft_shortest_path', 'ray_params': {}, 'save_visualizations': False, 'seed': 1, 'trainer_name': 'DijkstraMAP', 'trainer_params': {'batch_size': 70, 'l1_regconst': 0.0, 'lambda_val': 20.0, 'lr_milestone_1': 30, 'lr_milestone_2': 40, 'model_params': {'arch_params': {}, 'model_name': 'CombResnet18'}, 'neighbourhood_fn': '8-grid', 'optimizer_name': 'Adam', 'optimizer_params': {'lr': 0.0005}, 'preload_batch': True, 'use_cuda': True, 'use_lr_scheduling': True, 'mode': {'type': 0, 'objective_type': 'normal', 'use_marginal': True, 'nb_samples': 1, 'temperature': 1, 'use_gamma': True, 'loss_type': 'normal', 'perturb_w': True, 'perturb_w_prime': True}}, 'use_ray': True}[seed] = <class 'int'>(4)
{'evaluate_every': 5, 'loader_params': {'data_dir': 'data/warcraft_shortest_path/30x30', 'evaluate_with_extra': False, 'normalize': True, 'use_local_path': False, 'use_test_set': True}, 'model_dir': 'results/warcraft_shortest_path_combresnet', 'num_cpus': 16, 'num_epochs': 50, 'problem_type': 'warcraft_shortest_path', 'ray_params': {}, 'save_visualizations': False, 'seed': 4, 'trainer_name': 'DijkstraMAP', 'trainer_params': {'batch_size': 70, 'l1_regconst': 0.0, 'lambda_val': 20.0, 'lr_milestone_1': 30, 'lr_milestone_2': 40, 'model_params': {'arch_params': {}, 'model_name': 'CombResnet18'}, 'neighbourhood_fn': '8-grid', 'optimizer_name': 'Adam', 'optimizer_params': {'lr': 0.0005}, 'preload_batch': True, 'use_cuda': True, 'use_lr_scheduling': True, 'mode': {'type': 0, 'objective_type': 'normal', 'use_marginal': True, 'nb_samples': 1, 'temperature': 1, 'use_gamma': True, 'loss_type': 'normal', 'perturb_w': True, 'perturb_w_prime': True}}, 'use_ray': True}[evaluate_every] = <class 'int'>(1)
{'evaluate_every': 1, 'loader_params': {'data_dir': 'data/warcraft_shortest_path/30x30', 'evaluate_with_extra': False, 'normalize': True, 'use_local_path': False, 'use_test_set': True}, 'model_dir': 'results/warcraft_shortest_path_combresnet', 'num_cpus': 16, 'num_epochs': 50, 'problem_type': 'warcraft_shortest_path', 'ray_params': {}, 'save_visualizations': False, 'seed': 4, 'trainer_name': 'DijkstraMAP', 'trainer_params': {'batch_size': 70, 'l1_regconst': 0.0, 'lambda_val': 20.0, 'lr_milestone_1': 30, 'lr_milestone_2': 40, 'model_params': {'arch_params': {}, 'model_name': 'CombResnet18'}, 'neighbourhood_fn': '8-grid', 'optimizer_name': 'Adam', 'optimizer_params': {'lr': 0.0005}, 'preload_batch': True, 'use_cuda': True, 'use_lr_scheduling': True, 'mode': {'type': 0, 'objective_type': 'normal', 'use_marginal': True, 'nb_samples': 1, 'temperature': 1, 'use_gamma': True, 'loss_type': 'normal', 'perturb_w': True, 'perturb_w_prime': True}}, 'use_ray': True}[use_ray] = <class 'bool'>(False)
{
    "evaluate_every": 1,
    "loader_params": {
        "data_dir": "data/warcraft_shortest_path/30x30",
        "evaluate_with_extra": false,
        "normalize": true,
        "use_local_path": false,
        "use_test_set": true
    },
    "model_dir": "results/warcraft_shortest_path_combresnet",
    "num_cpus": 16,
    "num_epochs": 50,
    "problem_type": "warcraft_shortest_path",
    "ray_params": {},
    "save_visualizations": false,
    "seed": 4,
    "trainer_name": "DijkstraMAP",
    "trainer_params": {
        "batch_size": 70,
        "l1_regconst": 0.0,
        "lambda_val": 20.0,
        "lr_milestone_1": 30,
        "lr_milestone_2": 40,
        "mode": {
            "loss_type": "normal",
            "nb_samples": 1,
            "objective_type": "normal",
            "perturb_w": true,
            "perturb_w_prime": true,
            "temperature": 1,
            "type": 0,
            "use_gamma": true,
            "use_marginal": true
        },
        "model_params": {
            "arch_params": {},
            "model_name": "CombResnet18"
        },
        "neighbourhood_fn": "8-grid",
        "optimizer_name": "Adam",
        "optimizer_params": {
            "lr": 0.0005
        },
        "preload_batch": true,
        "use_cuda": true,
        "use_lr_scheduling": true
    },
    "use_ray": false
}
MAP-BACKPROP MODE: {
    "loss_type": "normal",
    "nb_samples": 1,
    "objective_type": "normal",
    "perturb_w": true,
    "perturb_w_prime": true,
    "temperature": 1,
    "type": 0,
    "use_gamma": true,
    "use_marginal": true
}
True
META: {'input_image_size': 240, 'output_features': 900, 'num_channels': 3, 'denormalize': <maprop.decorators.input_to_numpy object at 0x2b924cca4588>}
EVALUATING
{'loss': 53.97100170135498, 'accuracy': 0.9400322461128234, 'perfect_match_accuracy': 0.001, 'cost_ratio_suggested_true': 2.8894411540031433, 'below_10.0_percent_acc': 0.052, 'below_1.0_percent_acc': 0.007, 'below_0.1_percent_acc': 0.007, 'below_0.01_percent_acc': 0.007, 'below_0.001_percent_acc': 0.005, 'below_0.0001_percent_acc': 0.005, 'valid_acc': 1.0}
Epoch: 1	Batch time (2.579130)	Data time (0.045983)	Cuda time (0.000003)	Loss (36.237301)	Accuracy (0.959736)
EVALUATING
{'loss': 15.913000364303588, 'accuracy': 0.9823189061880112, 'perfect_match_accuracy': 0.323, 'cost_ratio_suggested_true': 1.086554265022278, 'below_10.0_percent_acc': 0.966, 'below_1.0_percent_acc': 0.65, 'below_0.1_percent_acc': 0.54, 'below_0.01_percent_acc': 0.539, 'below_0.001_percent_acc': 0.528, 'below_0.0001_percent_acc': 0.528, 'valid_acc': 1.0}
Epoch: 2	Batch time (2.577852)	Data time (0.046132)	Cuda time (0.000002)	Loss (28.936501)	Accuracy (0.967848)
EVALUATING
{'loss': 15.337000598907471, 'accuracy': 0.982958916425705, 'perfect_match_accuracy': 0.342, 'cost_ratio_suggested_true': 1.0882531809806824, 'below_10.0_percent_acc': 0.965, 'below_1.0_percent_acc': 0.643, 'below_0.1_percent_acc': 0.528, 'below_0.01_percent_acc': 0.527, 'below_0.001_percent_acc': 0.516, 'below_0.0001_percent_acc': 0.516, 'valid_acc': 1.0}
Epoch: 3	Batch time (2.576747)	Data time (0.046459)	Cuda time (0.000002)	Loss (26.806001)	Accuracy (0.970216)
EVALUATING
{'loss': 13.673000593185424, 'accuracy': 0.9848078060150146, 'perfect_match_accuracy': 0.391, 'cost_ratio_suggested_true': 1.071511447429657, 'below_10.0_percent_acc': 0.98, 'below_1.0_percent_acc': 0.709, 'below_0.1_percent_acc': 0.62, 'below_0.01_percent_acc': 0.62, 'below_0.001_percent_acc': 0.602, 'below_0.0001_percent_acc': 0.602, 'valid_acc': 1.0}
Epoch: 4	Batch time (2.579180)	Data time (0.046755)	Cuda time (0.000002)	Loss (24.995101)	Accuracy (0.972228)
EVALUATING
{'loss': 13.836000480651855, 'accuracy': 0.9846266877651214, 'perfect_match_accuracy': 0.39, 'cost_ratio_suggested_true': 1.0607618868350983, 'below_10.0_percent_acc': 0.986, 'below_1.0_percent_acc': 0.707, 'below_0.1_percent_acc': 0.614, 'below_0.01_percent_acc': 0.614, 'below_0.001_percent_acc': 0.592, 'below_0.0001_percent_acc': 0.592, 'valid_acc': 1.0}
Epoch: 5	Batch time (2.579528)	Data time (0.046317)	Cuda time (0.000003)	Loss (24.289201)	Accuracy (0.973012)
EVALUATING
{'loss': 11.692000255584716, 'accuracy': 0.9870089232921601, 'perfect_match_accuracy': 0.451, 'cost_ratio_suggested_true': 1.0498893296718597, 'below_10.0_percent_acc': 0.995, 'below_1.0_percent_acc': 0.744, 'below_0.1_percent_acc': 0.643, 'below_0.01_percent_acc': 0.643, 'below_0.001_percent_acc': 0.629, 'below_0.0001_percent_acc': 0.629, 'valid_acc': 1.0}
Epoch: 6	Batch time (2.582067)	Data time (0.046058)	Cuda time (0.000002)	Loss (23.200201)	Accuracy (0.974222)
EVALUATING
{'loss': 11.68100040435791, 'accuracy': 0.9870211321115494, 'perfect_match_accuracy': 0.457, 'cost_ratio_suggested_true': 1.0562547385692596, 'below_10.0_percent_acc': 0.991, 'below_1.0_percent_acc': 0.78, 'below_0.1_percent_acc': 0.696, 'below_0.01_percent_acc': 0.695, 'below_0.001_percent_acc': 0.679, 'below_0.0001_percent_acc': 0.679, 'valid_acc': 1.0}
Epoch: 7	Batch time (2.582104)	Data time (0.046473)	Cuda time (0.000002)	Loss (22.347401)	Accuracy (0.975170)
EVALUATING
{'loss': 11.69000039100647, 'accuracy': 0.9870111370086669, 'perfect_match_accuracy': 0.481, 'cost_ratio_suggested_true': 1.0590507221221923, 'below_10.0_percent_acc': 0.989, 'below_1.0_percent_acc': 0.783, 'below_0.1_percent_acc': 0.713, 'below_0.01_percent_acc': 0.712, 'below_0.001_percent_acc': 0.684, 'below_0.0001_percent_acc': 0.684, 'valid_acc': 1.0}
Epoch: 8	Batch time (2.572359)	Data time (0.047221)	Cuda time (0.000002)	Loss (21.701901)	Accuracy (0.975887)
EVALUATING
{'loss': 11.789000377655029, 'accuracy': 0.9869011384248734, 'perfect_match_accuracy': 0.464, 'cost_ratio_suggested_true': 1.0530839276313781, 'below_10.0_percent_acc': 0.987, 'below_1.0_percent_acc': 0.759, 'below_0.1_percent_acc': 0.667, 'below_0.01_percent_acc': 0.666, 'below_0.001_percent_acc': 0.658, 'below_0.0001_percent_acc': 0.658, 'valid_acc': 1.0}
Epoch: 9	Batch time (2.574831)	Data time (0.046364)	Cuda time (0.000002)	Loss (20.850201)	Accuracy (0.976833)
EVALUATING
{'loss': 11.448000469207763, 'accuracy': 0.9872800284624099, 'perfect_match_accuracy': 0.51, 'cost_ratio_suggested_true': 1.0695818734169007, 'below_10.0_percent_acc': 0.979, 'below_1.0_percent_acc': 0.804, 'below_0.1_percent_acc': 0.746, 'below_0.01_percent_acc': 0.744, 'below_0.001_percent_acc': 0.72, 'below_0.0001_percent_acc': 0.72, 'valid_acc': 1.0}
Epoch: 10	Batch time (2.572336)	Data time (0.046278)	Cuda time (0.000002)	Loss (20.013301)	Accuracy (0.977763)
EVALUATING
{'loss': 11.623000583648682, 'accuracy': 0.987085587978363, 'perfect_match_accuracy': 0.494, 'cost_ratio_suggested_true': 1.0581215703487397, 'below_10.0_percent_acc': 0.986, 'below_1.0_percent_acc': 0.791, 'below_0.1_percent_acc': 0.704, 'below_0.01_percent_acc': 0.703, 'below_0.001_percent_acc': 0.692, 'below_0.0001_percent_acc': 0.692, 'valid_acc': 1.0}
Epoch: 11	Batch time (2.574032)	Data time (0.045877)	Cuda time (0.000002)	Loss (20.125601)	Accuracy (0.977638)
EVALUATING
{'loss': 10.62400050163269, 'accuracy': 0.9881955760717392, 'perfect_match_accuracy': 0.496, 'cost_ratio_suggested_true': 1.048604635000229, 'below_10.0_percent_acc': 0.988, 'below_1.0_percent_acc': 0.81, 'below_0.1_percent_acc': 0.733, 'below_0.01_percent_acc': 0.732, 'below_0.001_percent_acc': 0.719, 'below_0.0001_percent_acc': 0.719, 'valid_acc': 1.0}
Epoch: 12	Batch time (2.575935)	Data time (0.046339)	Cuda time (0.000002)	Loss (19.521201)	Accuracy (0.978310)
EVALUATING
{'loss': 10.014000453948974, 'accuracy': 0.9888733613491059, 'perfect_match_accuracy': 0.518, 'cost_ratio_suggested_true': 1.0508044600486754, 'below_10.0_percent_acc': 0.993, 'below_1.0_percent_acc': 0.819, 'below_0.1_percent_acc': 0.753, 'below_0.01_percent_acc': 0.752, 'below_0.001_percent_acc': 0.735, 'below_0.0001_percent_acc': 0.735, 'valid_acc': 1.0}
Epoch: 13	Batch time (2.578209)	Data time (0.046432)	Cuda time (0.000003)	Loss (18.921801)	Accuracy (0.978976)
EVALUATING
{'loss': 10.375000400543213, 'accuracy': 0.9884722489118576, 'perfect_match_accuracy': 0.507, 'cost_ratio_suggested_true': 1.0455010974407195, 'below_10.0_percent_acc': 0.99, 'below_1.0_percent_acc': 0.804, 'below_0.1_percent_acc': 0.72, 'below_0.01_percent_acc': 0.719, 'below_0.001_percent_acc': 0.706, 'below_0.0001_percent_acc': 0.706, 'valid_acc': 1.0}
Epoch: 14	Batch time (2.574115)	Data time (0.046434)	Cuda time (0.000002)	Loss (18.566801)	Accuracy (0.979370)
EVALUATING
{'loss': 9.948000307083129, 'accuracy': 0.9889466887712479, 'perfect_match_accuracy': 0.533, 'cost_ratio_suggested_true': 1.0537886011600495, 'below_10.0_percent_acc': 0.987, 'below_1.0_percent_acc': 0.85, 'below_0.1_percent_acc': 0.785, 'below_0.01_percent_acc': 0.783, 'below_0.001_percent_acc': 0.767, 'below_0.0001_percent_acc': 0.767, 'valid_acc': 1.0}
Epoch: 15	Batch time (2.570662)	Data time (0.046459)	Cuda time (0.000002)	Loss (18.221201)	Accuracy (0.979754)
EVALUATING
{'loss': 10.768000354766846, 'accuracy': 0.9880355912446975, 'perfect_match_accuracy': 0.505, 'cost_ratio_suggested_true': 1.0584863209724427, 'below_10.0_percent_acc': 0.986, 'below_1.0_percent_acc': 0.818, 'below_0.1_percent_acc': 0.739, 'below_0.01_percent_acc': 0.737, 'below_0.001_percent_acc': 0.714, 'below_0.0001_percent_acc': 0.714, 'valid_acc': 1.0}
Epoch: 16	Batch time (2.576166)	Data time (0.046535)	Cuda time (0.000003)	Loss (18.018401)	Accuracy (0.979980)
EVALUATING
{'loss': 10.69000026702881, 'accuracy': 0.9881222450733185, 'perfect_match_accuracy': 0.508, 'cost_ratio_suggested_true': 1.0456097996234894, 'below_10.0_percent_acc': 0.993, 'below_1.0_percent_acc': 0.8, 'below_0.1_percent_acc': 0.706, 'below_0.01_percent_acc': 0.705, 'below_0.001_percent_acc': 0.689, 'below_0.0001_percent_acc': 0.689, 'valid_acc': 1.0}
Epoch: 17	Batch time (2.576116)	Data time (0.046366)	Cuda time (0.000002)	Loss (17.403001)	Accuracy (0.980663)
EVALUATING
{'loss': 10.089000444412232, 'accuracy': 0.9887900227308273, 'perfect_match_accuracy': 0.538, 'cost_ratio_suggested_true': 1.061568068265915, 'below_10.0_percent_acc': 0.99, 'below_1.0_percent_acc': 0.842, 'below_0.1_percent_acc': 0.768, 'below_0.01_percent_acc': 0.766, 'below_0.001_percent_acc': 0.748, 'below_0.0001_percent_acc': 0.748, 'valid_acc': 1.0}
Epoch: 18	Batch time (2.566561)	Data time (0.046095)	Cuda time (0.000002)	Loss (16.744501)	Accuracy (0.981395)
EVALUATING
{'loss': 9.7310005235672, 'accuracy': 0.9891877973079681, 'perfect_match_accuracy': 0.522, 'cost_ratio_suggested_true': 1.0421058881282805, 'below_10.0_percent_acc': 0.994, 'below_1.0_percent_acc': 0.856, 'below_0.1_percent_acc': 0.784, 'below_0.01_percent_acc': 0.783, 'below_0.001_percent_acc': 0.755, 'below_0.0001_percent_acc': 0.755, 'valid_acc': 1.0}
Epoch: 19	Batch time (2.565992)	Data time (0.046021)	Cuda time (0.000003)	Loss (16.726401)	Accuracy (0.981415)
EVALUATING
{'loss': 9.696000356674194, 'accuracy': 0.9892266863584518, 'perfect_match_accuracy': 0.548, 'cost_ratio_suggested_true': 1.0537283754348754, 'below_10.0_percent_acc': 0.992, 'below_1.0_percent_acc': 0.841, 'below_0.1_percent_acc': 0.766, 'below_0.01_percent_acc': 0.764, 'below_0.001_percent_acc': 0.749, 'below_0.0001_percent_acc': 0.749, 'valid_acc': 1.0}
Epoch: 20	Batch time (2.572229)	Data time (0.046619)	Cuda time (0.000002)	Loss (16.395901)	Accuracy (0.981782)
EVALUATING
{'loss': 10.551000528335571, 'accuracy': 0.988276698589325, 'perfect_match_accuracy': 0.53, 'cost_ratio_suggested_true': 1.0589876568317413, 'below_10.0_percent_acc': 0.992, 'below_1.0_percent_acc': 0.829, 'below_0.1_percent_acc': 0.759, 'below_0.01_percent_acc': 0.757, 'below_0.001_percent_acc': 0.735, 'below_0.0001_percent_acc': 0.735, 'valid_acc': 1.0}
Epoch: 21	Batch time (2.574180)	Data time (0.046090)	Cuda time (0.000002)	Loss (16.203401)	Accuracy (0.981996)
EVALUATING
{'loss': 9.331000380516052, 'accuracy': 0.9896322530508042, 'perfect_match_accuracy': 0.567, 'cost_ratio_suggested_true': 1.0479384171962738, 'below_10.0_percent_acc': 0.994, 'below_1.0_percent_acc': 0.858, 'below_0.1_percent_acc': 0.785, 'below_0.01_percent_acc': 0.783, 'below_0.001_percent_acc': 0.754, 'below_0.0001_percent_acc': 0.754, 'valid_acc': 1.0}
Epoch: 22	Batch time (2.574128)	Data time (0.047069)	Cuda time (0.000002)	Loss (15.727401)	Accuracy (0.982525)
EVALUATING
{'loss': 9.698000383377074, 'accuracy': 0.9892244762182236, 'perfect_match_accuracy': 0.529, 'cost_ratio_suggested_true': 1.0379020404815673, 'below_10.0_percent_acc': 0.998, 'below_1.0_percent_acc': 0.832, 'below_0.1_percent_acc': 0.761, 'below_0.01_percent_acc': 0.759, 'below_0.001_percent_acc': 0.736, 'below_0.0001_percent_acc': 0.736, 'valid_acc': 1.0}
Epoch: 23	Batch time (2.575991)	Data time (0.045980)	Cuda time (0.000002)	Loss (15.649500)	Accuracy (0.982612)
EVALUATING
{'loss': 9.063000302314759, 'accuracy': 0.989930027127266, 'perfect_match_accuracy': 0.537, 'cost_ratio_suggested_true': 1.0411739587783813, 'below_10.0_percent_acc': 0.995, 'below_1.0_percent_acc': 0.884, 'below_0.1_percent_acc': 0.822, 'below_0.01_percent_acc': 0.82, 'below_0.001_percent_acc': 0.799, 'below_0.0001_percent_acc': 0.799, 'valid_acc': 1.0}
Epoch: 24	Batch time (2.573516)	Data time (0.046439)	Cuda time (0.000002)	Loss (15.765401)	Accuracy (0.982483)
EVALUATING
{'loss': 10.83400043964386, 'accuracy': 0.9879622459411621, 'perfect_match_accuracy': 0.512, 'cost_ratio_suggested_true': 1.0672718060016633, 'below_10.0_percent_acc': 0.979, 'below_1.0_percent_acc': 0.834, 'below_0.1_percent_acc': 0.772, 'below_0.01_percent_acc': 0.77, 'below_0.001_percent_acc': 0.751, 'below_0.0001_percent_acc': 0.751, 'valid_acc': 1.0}
Epoch: 25	Batch time (2.573273)	Data time (0.046249)	Cuda time (0.000002)	Loss (15.169701)	Accuracy (0.983145)
EVALUATING
{'loss': 9.29600034713745, 'accuracy': 0.9896711421012878, 'perfect_match_accuracy': 0.548, 'cost_ratio_suggested_true': 1.0686628830432892, 'below_10.0_percent_acc': 0.997, 'below_1.0_percent_acc': 0.867, 'below_0.1_percent_acc': 0.802, 'below_0.01_percent_acc': 0.801, 'below_0.001_percent_acc': 0.762, 'below_0.0001_percent_acc': 0.762, 'valid_acc': 1.0}
Epoch: 26	Batch time (2.575373)	Data time (0.046033)	Cuda time (0.000002)	Loss (14.958401)	Accuracy (0.983380)
EVALUATING
{'loss': 9.5440003824234, 'accuracy': 0.9893955862522126, 'perfect_match_accuracy': 0.535, 'cost_ratio_suggested_true': 1.04186301112175, 'below_10.0_percent_acc': 0.997, 'below_1.0_percent_acc': 0.827, 'below_0.1_percent_acc': 0.737, 'below_0.01_percent_acc': 0.736, 'below_0.001_percent_acc': 0.721, 'below_0.0001_percent_acc': 0.721, 'valid_acc': 1.0}
Epoch: 27	Batch time (2.576734)	Data time (0.046167)	Cuda time (0.000002)	Loss (14.650701)	Accuracy (0.983721)
EVALUATING
{'loss': 9.429000310897827, 'accuracy': 0.9895233565568924, 'perfect_match_accuracy': 0.559, 'cost_ratio_suggested_true': 1.0438839137554168, 'below_10.0_percent_acc': 0.992, 'below_1.0_percent_acc': 0.869, 'below_0.1_percent_acc': 0.796, 'below_0.01_percent_acc': 0.795, 'below_0.001_percent_acc': 0.766, 'below_0.0001_percent_acc': 0.766, 'valid_acc': 1.0}
Epoch: 28	Batch time (2.570687)	Data time (0.046045)	Cuda time (0.000002)	Loss (14.539501)	Accuracy (0.983845)
EVALUATING
{'loss': 9.386000442504884, 'accuracy': 0.9895711374282837, 'perfect_match_accuracy': 0.566, 'cost_ratio_suggested_true': 1.0553826367855073, 'below_10.0_percent_acc': 0.993, 'below_1.0_percent_acc': 0.855, 'below_0.1_percent_acc': 0.79, 'below_0.01_percent_acc': 0.788, 'below_0.001_percent_acc': 0.762, 'below_0.0001_percent_acc': 0.762, 'valid_acc': 1.0}
Epoch: 29	Batch time (2.569618)	Data time (0.046274)	Cuda time (0.000003)	Loss (13.921801)	Accuracy (0.984531)
EVALUATING
{'loss': 9.938000392913818, 'accuracy': 0.988957805633545, 'perfect_match_accuracy': 0.542, 'cost_ratio_suggested_true': 1.0443280220031739, 'below_10.0_percent_acc': 0.996, 'below_1.0_percent_acc': 0.842, 'below_0.1_percent_acc': 0.769, 'below_0.01_percent_acc': 0.768, 'below_0.001_percent_acc': 0.758, 'below_0.0001_percent_acc': 0.758, 'valid_acc': 1.0}
Epoch: 30	Batch time (2.574475)	Data time (0.046400)	Cuda time (0.000002)	Loss (14.268800)	Accuracy (0.984146)
EVALUATING
{'loss': 8.983000330924988, 'accuracy': 0.990018909573555, 'perfect_match_accuracy': 0.564, 'cost_ratio_suggested_true': 1.044204672574997, 'below_10.0_percent_acc': 0.996, 'below_1.0_percent_acc': 0.88, 'below_0.1_percent_acc': 0.818, 'below_0.01_percent_acc': 0.816, 'below_0.001_percent_acc': 0.796, 'below_0.0001_percent_acc': 0.796, 'valid_acc': 1.0}
Epoch: 31	Batch time (2.571183)	Data time (0.046173)	Cuda time (0.000002)	Loss (12.973900)	Accuracy (0.985585)
EVALUATING
{'loss': 8.355000376701355, 'accuracy': 0.9907166939973832, 'perfect_match_accuracy': 0.599, 'cost_ratio_suggested_true': 1.0403145337104798, 'below_10.0_percent_acc': 0.996, 'below_1.0_percent_acc': 0.89, 'below_0.1_percent_acc': 0.835, 'below_0.01_percent_acc': 0.833, 'below_0.001_percent_acc': 0.813, 'below_0.0001_percent_acc': 0.813, 'valid_acc': 1.0}
Epoch: 32	Batch time (2.569737)	Data time (0.045904)	Cuda time (0.000002)	Loss (12.479400)	Accuracy (0.986134)
EVALUATING
{'loss': 8.637000260353089, 'accuracy': 0.9904033613204956, 'perfect_match_accuracy': 0.583, 'cost_ratio_suggested_true': 1.040464073419571, 'below_10.0_percent_acc': 0.996, 'below_1.0_percent_acc': 0.876, 'below_0.1_percent_acc': 0.815, 'below_0.01_percent_acc': 0.813, 'below_0.001_percent_acc': 0.794, 'below_0.0001_percent_acc': 0.794, 'valid_acc': 1.0}
Epoch: 33	Batch time (2.570968)	Data time (0.046355)	Cuda time (0.000002)	Loss (12.227900)	Accuracy (0.986413)
EVALUATING
{'loss': 8.464000339508056, 'accuracy': 0.9905955862998962, 'perfect_match_accuracy': 0.595, 'cost_ratio_suggested_true': 1.040416738986969, 'below_10.0_percent_acc': 0.996, 'below_1.0_percent_acc': 0.878, 'below_0.1_percent_acc': 0.816, 'below_0.01_percent_acc': 0.814, 'below_0.001_percent_acc': 0.798, 'below_0.0001_percent_acc': 0.798, 'valid_acc': 1.0}
Epoch: 34	Batch time (2.569405)	Data time (0.045974)	Cuda time (0.000002)	Loss (12.204300)	Accuracy (0.986440)
EVALUATING
{'loss': 9.114000487327576, 'accuracy': 0.9898733603954315, 'perfect_match_accuracy': 0.577, 'cost_ratio_suggested_true': 1.0421172630786897, 'below_10.0_percent_acc': 0.996, 'below_1.0_percent_acc': 0.861, 'below_0.1_percent_acc': 0.797, 'below_0.01_percent_acc': 0.795, 'below_0.001_percent_acc': 0.78, 'below_0.0001_percent_acc': 0.78, 'valid_acc': 1.0}
Epoch: 35	Batch time (2.571564)	Data time (0.046430)	Cuda time (0.000003)	Loss (12.055700)	Accuracy (0.986605)
EVALUATING
{'loss': 8.423000383377076, 'accuracy': 0.9906411308050156, 'perfect_match_accuracy': 0.606, 'cost_ratio_suggested_true': 1.039386692047119, 'below_10.0_percent_acc': 0.996, 'below_1.0_percent_acc': 0.883, 'below_0.1_percent_acc': 0.826, 'below_0.01_percent_acc': 0.824, 'below_0.001_percent_acc': 0.807, 'below_0.0001_percent_acc': 0.807, 'valid_acc': 1.0}
Epoch: 36	Batch time (2.565758)	Data time (0.046129)	Cuda time (0.000002)	Loss (11.653300)	Accuracy (0.987052)
EVALUATING
{'loss': 8.538000435829163, 'accuracy': 0.9905133557319641, 'perfect_match_accuracy': 0.597, 'cost_ratio_suggested_true': 1.0391292130947114, 'below_10.0_percent_acc': 0.995, 'below_1.0_percent_acc': 0.878, 'below_0.1_percent_acc': 0.82, 'below_0.01_percent_acc': 0.818, 'below_0.001_percent_acc': 0.803, 'below_0.0001_percent_acc': 0.803, 'valid_acc': 1.0}
Epoch: 37	Batch time (2.571967)	Data time (0.045854)	Cuda time (0.000003)	Loss (11.858700)	Accuracy (0.986824)
EVALUATING
{'loss': 8.651000218391419, 'accuracy': 0.9903878021240234, 'perfect_match_accuracy': 0.586, 'cost_ratio_suggested_true': 1.0392661249637605, 'below_10.0_percent_acc': 0.995, 'below_1.0_percent_acc': 0.878, 'below_0.1_percent_acc': 0.818, 'below_0.01_percent_acc': 0.816, 'below_0.001_percent_acc': 0.795, 'below_0.0001_percent_acc': 0.795, 'valid_acc': 1.0}
Epoch: 38	Batch time (2.578300)	Data time (0.046041)	Cuda time (0.000003)	Loss (11.960600)	Accuracy (0.986710)
EVALUATING
{'loss': 8.74200038433075, 'accuracy': 0.9902866959571839, 'perfect_match_accuracy': 0.589, 'cost_ratio_suggested_true': 1.0395182120800017, 'below_10.0_percent_acc': 0.996, 'below_1.0_percent_acc': 0.878, 'below_0.1_percent_acc': 0.816, 'below_0.01_percent_acc': 0.814, 'below_0.001_percent_acc': 0.794, 'below_0.0001_percent_acc': 0.794, 'valid_acc': 1.0}
Epoch: 39	Batch time (2.582426)	Data time (0.046550)	Cuda time (0.000003)	Loss (11.467900)	Accuracy (0.987258)
EVALUATING
{'loss': 8.516000361442567, 'accuracy': 0.9905378079414368, 'perfect_match_accuracy': 0.595, 'cost_ratio_suggested_true': 1.0383528280258179, 'below_10.0_percent_acc': 0.995, 'below_1.0_percent_acc': 0.878, 'below_0.1_percent_acc': 0.815, 'below_0.01_percent_acc': 0.813, 'below_0.001_percent_acc': 0.796, 'below_0.0001_percent_acc': 0.796, 'valid_acc': 1.0}
Epoch: 40	Batch time (2.579419)	Data time (0.045974)	Cuda time (0.000002)	Loss (11.729400)	Accuracy (0.986967)
EVALUATING
{'loss': 8.662000098228454, 'accuracy': 0.9903755849599838, 'perfect_match_accuracy': 0.588, 'cost_ratio_suggested_true': 1.0385798799991608, 'below_10.0_percent_acc': 0.995, 'below_1.0_percent_acc': 0.879, 'below_0.1_percent_acc': 0.813, 'below_0.01_percent_acc': 0.811, 'below_0.001_percent_acc': 0.792, 'below_0.0001_percent_acc': 0.792, 'valid_acc': 1.0}
Epoch: 41	Batch time (2.580477)	Data time (0.046313)	Cuda time (0.000003)	Loss (11.684100)	Accuracy (0.987018)
EVALUATING
{'loss': 8.69800022125244, 'accuracy': 0.9903355878591538, 'perfect_match_accuracy': 0.585, 'cost_ratio_suggested_true': 1.039069675207138, 'below_10.0_percent_acc': 0.995, 'below_1.0_percent_acc': 0.878, 'below_0.1_percent_acc': 0.814, 'below_0.01_percent_acc': 0.812, 'below_0.001_percent_acc': 0.789, 'below_0.0001_percent_acc': 0.789, 'valid_acc': 1.0}
Epoch: 42	Batch time (2.578616)	Data time (0.046189)	Cuda time (0.000003)	Loss (11.396100)	Accuracy (0.987338)
EVALUATING
{'loss': 8.689000382423401, 'accuracy': 0.9903455847501754, 'perfect_match_accuracy': 0.583, 'cost_ratio_suggested_true': 1.0385929203033448, 'below_10.0_percent_acc': 0.995, 'below_1.0_percent_acc': 0.879, 'below_0.1_percent_acc': 0.818, 'below_0.01_percent_acc': 0.816, 'below_0.001_percent_acc': 0.795, 'below_0.0001_percent_acc': 0.795, 'valid_acc': 1.0}
Epoch: 43	Batch time (2.575201)	Data time (0.046312)	Cuda time (0.000003)	Loss (11.407400)	Accuracy (0.987325)
EVALUATING
{'loss': 8.734000310897827, 'accuracy': 0.9902955836057663, 'perfect_match_accuracy': 0.585, 'cost_ratio_suggested_true': 1.0390138745307922, 'below_10.0_percent_acc': 0.995, 'below_1.0_percent_acc': 0.878, 'below_0.1_percent_acc': 0.816, 'below_0.01_percent_acc': 0.814, 'below_0.001_percent_acc': 0.795, 'below_0.0001_percent_acc': 0.795, 'valid_acc': 1.0}
Epoch: 44	Batch time (2.577077)	Data time (0.046402)	Cuda time (0.000002)	Loss (11.575600)	Accuracy (0.987138)
EVALUATING
{'loss': 8.695000352859497, 'accuracy': 0.9903389090299606, 'perfect_match_accuracy': 0.587, 'cost_ratio_suggested_true': 1.0390019667148591, 'below_10.0_percent_acc': 0.995, 'below_1.0_percent_acc': 0.877, 'below_0.1_percent_acc': 0.814, 'below_0.01_percent_acc': 0.812, 'below_0.001_percent_acc': 0.792, 'below_0.0001_percent_acc': 0.792, 'valid_acc': 1.0}
Epoch: 45	Batch time (2.580646)	Data time (0.046156)	Cuda time (0.000003)	Loss (11.249400)	Accuracy (0.987501)
EVALUATING
{'loss': 8.759000449180602, 'accuracy': 0.9902678084373474, 'perfect_match_accuracy': 0.584, 'cost_ratio_suggested_true': 1.0393008387088776, 'below_10.0_percent_acc': 0.995, 'below_1.0_percent_acc': 0.875, 'below_0.1_percent_acc': 0.812, 'below_0.01_percent_acc': 0.81, 'below_0.001_percent_acc': 0.789, 'below_0.0001_percent_acc': 0.789, 'valid_acc': 1.0}
Epoch: 46	Batch time (2.581024)	Data time (0.046164)	Cuda time (0.000003)	Loss (11.391900)	Accuracy (0.987342)
EVALUATING
{'loss': 8.65100031375885, 'accuracy': 0.9903878086805343, 'perfect_match_accuracy': 0.589, 'cost_ratio_suggested_true': 1.0393094670772554, 'below_10.0_percent_acc': 0.995, 'below_1.0_percent_acc': 0.876, 'below_0.1_percent_acc': 0.814, 'below_0.01_percent_acc': 0.812, 'below_0.001_percent_acc': 0.791, 'below_0.0001_percent_acc': 0.791, 'valid_acc': 1.0}
Epoch: 47	Batch time (2.579012)	Data time (0.045869)	Cuda time (0.000003)	Loss (11.516300)	Accuracy (0.987204)
EVALUATING
{'loss': 8.694000363349915, 'accuracy': 0.9903400230407715, 'perfect_match_accuracy': 0.588, 'cost_ratio_suggested_true': 1.0390188562870026, 'below_10.0_percent_acc': 0.995, 'below_1.0_percent_acc': 0.876, 'below_0.1_percent_acc': 0.815, 'below_0.01_percent_acc': 0.813, 'below_0.001_percent_acc': 0.792, 'below_0.0001_percent_acc': 0.792, 'valid_acc': 1.0}
Epoch: 48	Batch time (2.576474)	Data time (0.046097)	Cuda time (0.000002)	Loss (11.409100)	Accuracy (0.987323)
EVALUATING
{'loss': 8.623000340461731, 'accuracy': 0.9904189175367355, 'perfect_match_accuracy': 0.59, 'cost_ratio_suggested_true': 1.0386368799209595, 'below_10.0_percent_acc': 0.995, 'below_1.0_percent_acc': 0.875, 'below_0.1_percent_acc': 0.815, 'below_0.01_percent_acc': 0.813, 'below_0.001_percent_acc': 0.793, 'below_0.0001_percent_acc': 0.793, 'valid_acc': 1.0}
Epoch: 49	Batch time (2.575156)	Data time (0.045880)	Cuda time (0.000003)	Loss (11.594300)	Accuracy (0.987117)
EVALUATING
{'loss': 8.811000304222107, 'accuracy': 0.9902100259065628, 'perfect_match_accuracy': 0.583, 'cost_ratio_suggested_true': 1.0393154001235962, 'below_10.0_percent_acc': 0.995, 'below_1.0_percent_acc': 0.873, 'below_0.1_percent_acc': 0.809, 'below_0.01_percent_acc': 0.807, 'below_0.001_percent_acc': 0.787, 'below_0.0001_percent_acc': 0.787, 'valid_acc': 1.0}
Epoch: 50	Batch time (2.578673)	Data time (0.046995)	Cuda time (0.000002)	Loss (11.400600)	Accuracy (0.987333)
EVALUATING
{'loss': 8.69800045490265, 'accuracy': 0.9903355920314789, 'perfect_match_accuracy': 0.589, 'cost_ratio_suggested_true': 1.03914865732193, 'below_10.0_percent_acc': 0.995, 'below_1.0_percent_acc': 0.876, 'below_0.1_percent_acc': 0.814, 'below_0.01_percent_acc': 0.812, 'below_0.001_percent_acc': 0.79, 'below_0.0001_percent_acc': 0.79, 'valid_acc': 1.0}
