gardner.local
declare -x ANT_HOME="/opt/rocks"
declare -x ARC="lx-amd64"
declare -x BASH_ENV="/usr/share/lmod/lmod/init/bash"
declare -x CONDA_DEFAULT_ENV="gpu"
declare -x CONDA_EXE="/cluster/project6/mr_corpora/pminervi/miniconda3/bin/conda"
declare -x CONDA_PREFIX="/cluster/project6/mr_corpora/pminervi/miniconda3/envs/gpu"
declare -x CONDA_PREFIX_1="/cluster/project6/mr_corpora/pminervi/miniconda3"
declare -x CONDA_PROMPT_MODIFIER="(gpu) "
declare -x CONDA_PYTHON_EXE="/cluster/project6/mr_corpora/pminervi/miniconda3/bin/python"
declare -x CONDA_SHLVL="2"
declare -x CUDA_VISIBLE_DEVICES="0"
declare -x ENVIRONMENT="BATCH"
declare -x HISTCONTROL="ignoredups"
declare -x HISTSIZE="1000"
declare -x HOME="/home/pminervi"
declare -x HOSTNAME="gardner.local"
declare -x JAVA_HOME="/share/apps/mr/utils/jdk"
declare -x JOB_ID="3664411"
declare -x JOB_NAME="temperature_beaker_v10.bbp.job"
declare -x JOB_SCRIPT="/opt/gridengine/default/spool/gardner/job_scripts/3664411"
declare -x LANG="en_US.utf8"
declare -x LANGUAGE="en_US:en"
declare -x LD_LIBRARY_PATH="/share/apps/gcc-6.2.0/lib/:/share/apps/gcc-6.2.0/lib64/:/opt/gridengine/lib/lx-amd64"
declare -x LESSOPEN="||/usr/bin/lesspipe.sh %s"
declare -x LMOD_CMD="/usr/share/lmod/lmod/libexec/lmod"
declare -x LMOD_DIR="/usr/share/lmod/lmod/libexec"
declare -x LMOD_PKG="/usr/share/lmod/lmod"
declare -x LMOD_ROOT="/usr/share/lmod"
declare -x LMOD_SETTARG_FULL_SUPPORT="no"
declare -x LMOD_VERSION="8.2.7"
declare -x LMOD_sys="Linux"
declare -x LOADEDMODULES=""
declare -x LOGNAME="pminervi"
declare -x MAIL="/var/spool/mail/pminervi"
declare -x MANPATH="/usr/share/lmod/lmod/share/man:"
declare -x MODULEPATH="/share/apps/modulefiles/default"
declare -x MODULEPATH_ROOT="/usr/share/modulefiles"
declare -x MODULESHOME="/usr/share/lmod/lmod"
declare -x MPICH_PROCESS_GROUP="no"
declare -x NHOSTS="1"
declare -x NQUEUES="1"
declare -x NSLOTS="1"
declare -x OLDPWD="/home/pminervi/workspace/map-backprop"
declare -x PATH="/cluster/project6/mr_corpora/pminervi/miniconda3/envs/gpu/bin:/cluster/project6/mr_corpora/pminervi/miniconda3/condabin:/share/apps/binutils-2.27/bin:/share/apps/gcc-6.2.0/bin:/share/apps/mr/bin:/tmp/3664411.1.gpu.q:/usr/local/bin:/bin:/usr/bin:/usr/local/sbin:/usr/sbin:/opt/ganglia/bin:/opt/ganglia/sbin:/opt/rocks/bin:/opt/rocks/sbin:/opt/gridengine/bin/lx-amd64:/home/pminervi/bin"
declare -x PWD="/home/pminervi/workspace/map-backprop"
declare -x QUEUE="gpu.q"
declare -x REQNAME="temperature_beaker_v10.bbp.job"
declare -x REQUEST="temperature_beaker_v10.bbp.job"
declare -x RESTARTED="0"
declare -x ROCKSROOT="/opt/rocks/share/devel"
declare -x ROCKS_ROOT="/opt/rocks"
declare -x ROLLSROOT="/opt/rocks/share/devel/src/roll"
declare -x SGE_ACCOUNT="sge"
declare -x SGE_ARCH="lx-amd64"
declare -x SGE_BINARY_PATH="/opt/gridengine/bin/lx-amd64"
declare -x SGE_CELL="default"
declare -x SGE_CWD_PATH="/home/pminervi/workspace/map-backprop"
declare -x SGE_EXECD_PORT="537"
declare -x SGE_JOB_SPOOL_DIR="/opt/gridengine/default/spool/gardner/active_jobs/3664411.1"
declare -x SGE_O_HOME="/home/pminervi"
declare -x SGE_O_HOST="beaker"
declare -x SGE_O_LOGNAME="pminervi"
declare -x SGE_O_MAIL="/var/spool/mail/pminervi"
declare -x SGE_O_PATH="/cluster/project6/mr_corpora/pminervi/miniconda3/envs/gpu/bin:/cluster/project6/mr_corpora/pminervi/miniconda3/condabin:/share/apps/binutils-2.27/bin:/share/apps/gcc-6.2.0/bin:/share/apps/mr/bin:/usr/local/bin:/usr/bin:/usr/local/sbin:/usr/sbin:/opt/ganglia/bin:/opt/ganglia/sbin:/opt/rocks/bin:/opt/rocks/sbin:/opt/gridengine/bin/lx-amd64:/home/pminervi/bin"
declare -x SGE_O_SHELL="/bin/bash"
declare -x SGE_O_WORKDIR="/home/pminervi/workspace/map-backprop"
declare -x SGE_QMASTER_PORT="536"
declare -x SGE_ROOT="/opt/gridengine"
declare -x SGE_STDERR_PATH="/home/pminervi/array.err"
declare -x SGE_STDIN_PATH="/dev/null"
declare -x SGE_STDOUT_PATH="/home/pminervi/array.out"
declare -x SGE_TASK_FIRST="1"
declare -x SGE_TASK_ID="1"
declare -x SGE_TASK_LAST="40"
declare -x SGE_TASK_STEPSIZE="1"
declare -x SHELL="/bin/bash"
declare -x SHLVL="2"
declare -x SSH_ASKPASS="/usr/libexec/openssh/gnome-ssh-askpass"
declare -x TERM=""
declare -x TMP="/tmp/3664411.1.gpu.q"
declare -x TMPDIR="/tmp/3664411.1.gpu.q"
declare -x USER="pminervi"
declare -x _CE_CONDA=""
declare -x _CE_M=""
Sun Aug  8 16:03:20 2021       
+-----------------------------------------------------------------------------+
| NVIDIA-SMI 450.51.05    Driver Version: 450.51.05    CUDA Version: 11.0     |
|-------------------------------+----------------------+----------------------+
| GPU  Name        Persistence-M| Bus-Id        Disp.A | Volatile Uncorr. ECC |
| Fan  Temp  Perf  Pwr:Usage/Cap|         Memory-Usage | GPU-Util  Compute M. |
|                               |                      |               MIG M. |
|===============================+======================+======================|
|   0  Tesla P100-PCIE...  On   | 00000000:02:00.0 Off |                    0 |
| N/A   31C    P0    27W / 250W |      0MiB / 16280MiB |      0%   E. Process |
|                               |                      |                  N/A |
+-------------------------------+----------------------+----------------------+
|   1  Tesla P100-PCIE...  On   | 00000000:81:00.0 Off |                    0 |
| N/A   29C    P0    32W / 250W |   1343MiB / 12198MiB |     14%   E. Process |
|                               |                      |                  N/A |
+-------------------------------+----------------------+----------------------+
|   2  Tesla P100-PCIE...  On   | 00000000:82:00.0 Off |                    0 |
| N/A   70C    P0   233W / 250W |   7651MiB / 12198MiB |    100%   E. Process |
|                               |                      |                  N/A |
+-------------------------------+----------------------+----------------------+
                                                                               
+-----------------------------------------------------------------------------+
| Processes:                                                                  |
|  GPU   GI   CI        PID   Type   Process name                  GPU Memory |
|        ID   ID                                                   Usage      |
|=============================================================================|
|    1   N/A  N/A      2248      C   python3                          1341MiB |
|    2   N/A  N/A     37358      C   python                           7649MiB |
+-----------------------------------------------------------------------------+
No existing entry for trainer_params.mode.type
{}[type] = <class 'int'>(0)
No existing entry for trainer_params.mode.objective_type
{'type': 0}[objective_type] = <class 'str'>(normal)
No existing entry for trainer_params.mode.use_marginal
{'type': 0, 'objective_type': 'normal'}[use_marginal] = <class 'bool'>(True)
No existing entry for trainer_params.mode.nb_samples
{'type': 0, 'objective_type': 'normal', 'use_marginal': True}[nb_samples] = <class 'int'>(1)
No existing entry for trainer_params.mode.temperature
{'type': 0, 'objective_type': 'normal', 'use_marginal': True, 'nb_samples': 1}[temperature] = <class 'float'>(0.01)
No existing entry for trainer_params.mode.use_gamma
{'type': 0, 'objective_type': 'normal', 'use_marginal': True, 'nb_samples': 1, 'temperature': 0.01}[use_gamma] = <class 'bool'>(True)
No existing entry for trainer_params.mode.loss_type
{'type': 0, 'objective_type': 'normal', 'use_marginal': True, 'nb_samples': 1, 'temperature': 0.01, 'use_gamma': True}[loss_type] = <class 'str'>(normal)
No existing entry for trainer_params.mode.perturb_w
{'type': 0, 'objective_type': 'normal', 'use_marginal': True, 'nb_samples': 1, 'temperature': 0.01, 'use_gamma': True, 'loss_type': 'normal'}[perturb_w] = <class 'bool'>(True)
No existing entry for trainer_params.mode.perturb_w_prime
{'type': 0, 'objective_type': 'normal', 'use_marginal': True, 'nb_samples': 1, 'temperature': 0.01, 'use_gamma': True, 'loss_type': 'normal', 'perturb_w': True}[perturb_w_prime] = <class 'bool'>(True)
{'batch_size': 70, 'l1_regconst': 0.0, 'lambda_val': 20.0, 'lr_milestone_1': 30, 'lr_milestone_2': 40, 'model_params': {'arch_params': {}, 'model_name': 'CombResnet18'}, 'neighbourhood_fn': '8-grid', 'optimizer_name': 'Adam', 'optimizer_params': {'lr': 0.0005}, 'preload_batch': True, 'use_cuda': True, 'use_lr_scheduling': True, 'mode': {'type': 0, 'objective_type': 'normal', 'use_marginal': True, 'nb_samples': 1, 'temperature': 0.01, 'use_gamma': True, 'loss_type': 'normal', 'perturb_w': True, 'perturb_w_prime': True}}[lambda_val] = <class 'float'>(20.0)
{'data_dir': 'data/warcraft_shortest_path/12x12', 'evaluate_with_extra': False, 'normalize': True, 'use_local_path': False, 'use_test_set': True}[data_dir] = <class 'str'>(data/warcraft_shortest_path/12x12)
{'evaluate_every': 5, 'loader_params': {'data_dir': 'data/warcraft_shortest_path/12x12', 'evaluate_with_extra': False, 'normalize': True, 'use_local_path': False, 'use_test_set': True}, 'model_dir': 'results/warcraft_shortest_path_combresnet', 'num_cpus': 40, 'num_epochs': 50, 'problem_type': 'warcraft_shortest_path', 'ray_params': {}, 'save_visualizations': False, 'seed': 1, 'trainer_name': 'DijkstraMAP', 'trainer_params': {'batch_size': 70, 'l1_regconst': 0.0, 'lambda_val': 20.0, 'lr_milestone_1': 30, 'lr_milestone_2': 40, 'model_params': {'arch_params': {}, 'model_name': 'CombResnet18'}, 'neighbourhood_fn': '8-grid', 'optimizer_name': 'Adam', 'optimizer_params': {'lr': 0.0005}, 'preload_batch': True, 'use_cuda': True, 'use_lr_scheduling': True, 'mode': {'type': 0, 'objective_type': 'normal', 'use_marginal': True, 'nb_samples': 1, 'temperature': 0.01, 'use_gamma': True, 'loss_type': 'normal', 'perturb_w': True, 'perturb_w_prime': True}}, 'use_ray': True}[seed] = <class 'int'>(0)
{'evaluate_every': 5, 'loader_params': {'data_dir': 'data/warcraft_shortest_path/12x12', 'evaluate_with_extra': False, 'normalize': True, 'use_local_path': False, 'use_test_set': True}, 'model_dir': 'results/warcraft_shortest_path_combresnet', 'num_cpus': 40, 'num_epochs': 50, 'problem_type': 'warcraft_shortest_path', 'ray_params': {}, 'save_visualizations': False, 'seed': 0, 'trainer_name': 'DijkstraMAP', 'trainer_params': {'batch_size': 70, 'l1_regconst': 0.0, 'lambda_val': 20.0, 'lr_milestone_1': 30, 'lr_milestone_2': 40, 'model_params': {'arch_params': {}, 'model_name': 'CombResnet18'}, 'neighbourhood_fn': '8-grid', 'optimizer_name': 'Adam', 'optimizer_params': {'lr': 0.0005}, 'preload_batch': True, 'use_cuda': True, 'use_lr_scheduling': True, 'mode': {'type': 0, 'objective_type': 'normal', 'use_marginal': True, 'nb_samples': 1, 'temperature': 0.01, 'use_gamma': True, 'loss_type': 'normal', 'perturb_w': True, 'perturb_w_prime': True}}, 'use_ray': True}[evaluate_every] = <class 'int'>(1)
{'evaluate_every': 1, 'loader_params': {'data_dir': 'data/warcraft_shortest_path/12x12', 'evaluate_with_extra': False, 'normalize': True, 'use_local_path': False, 'use_test_set': True}, 'model_dir': 'results/warcraft_shortest_path_combresnet', 'num_cpus': 40, 'num_epochs': 50, 'problem_type': 'warcraft_shortest_path', 'ray_params': {}, 'save_visualizations': False, 'seed': 0, 'trainer_name': 'DijkstraMAP', 'trainer_params': {'batch_size': 70, 'l1_regconst': 0.0, 'lambda_val': 20.0, 'lr_milestone_1': 30, 'lr_milestone_2': 40, 'model_params': {'arch_params': {}, 'model_name': 'CombResnet18'}, 'neighbourhood_fn': '8-grid', 'optimizer_name': 'Adam', 'optimizer_params': {'lr': 0.0005}, 'preload_batch': True, 'use_cuda': True, 'use_lr_scheduling': True, 'mode': {'type': 0, 'objective_type': 'normal', 'use_marginal': True, 'nb_samples': 1, 'temperature': 0.01, 'use_gamma': True, 'loss_type': 'normal', 'perturb_w': True, 'perturb_w_prime': True}}, 'use_ray': True}[use_ray] = <class 'bool'>(False)
No existing entry for trainer_params.mode.type
{}[type] = <class 'int'>(0)
No existing entry for trainer_params.mode.objective_type
{'type': 0}[objective_type] = <class 'str'>(normal)
No existing entry for trainer_params.mode.use_marginal
{'type': 0, 'objective_type': 'normal'}[use_marginal] = <class 'bool'>(True)
No existing entry for trainer_params.mode.nb_samples
{'type': 0, 'objective_type': 'normal', 'use_marginal': True}[nb_samples] = <class 'int'>(1)
No existing entry for trainer_params.mode.temperature
{'type': 0, 'objective_type': 'normal', 'use_marginal': True, 'nb_samples': 1}[temperature] = <class 'float'>(0.01)
No existing entry for trainer_params.mode.use_gamma
{'type': 0, 'objective_type': 'normal', 'use_marginal': True, 'nb_samples': 1, 'temperature': 0.01}[use_gamma] = <class 'bool'>(True)
No existing entry for trainer_params.mode.loss_type
{'type': 0, 'objective_type': 'normal', 'use_marginal': True, 'nb_samples': 1, 'temperature': 0.01, 'use_gamma': True}[loss_type] = <class 'str'>(normal)
No existing entry for trainer_params.mode.perturb_w
{'type': 0, 'objective_type': 'normal', 'use_marginal': True, 'nb_samples': 1, 'temperature': 0.01, 'use_gamma': True, 'loss_type': 'normal'}[perturb_w] = <class 'bool'>(True)
No existing entry for trainer_params.mode.perturb_w_prime
{'type': 0, 'objective_type': 'normal', 'use_marginal': True, 'nb_samples': 1, 'temperature': 0.01, 'use_gamma': True, 'loss_type': 'normal', 'perturb_w': True}[perturb_w_prime] = <class 'bool'>(True)
{'batch_size': 70, 'l1_regconst': 0.0, 'lambda_val': 20.0, 'lr_milestone_1': 30, 'lr_milestone_2': 40, 'model_params': {'arch_params': {}, 'model_name': 'CombResnet18'}, 'neighbourhood_fn': '8-grid', 'optimizer_name': 'Adam', 'optimizer_params': {'lr': 0.0005}, 'preload_batch': True, 'use_cuda': True, 'use_lr_scheduling': True, 'mode': {'type': 0, 'objective_type': 'normal', 'use_marginal': True, 'nb_samples': 1, 'temperature': 0.01, 'use_gamma': True, 'loss_type': 'normal', 'perturb_w': True, 'perturb_w_prime': True}}[lambda_val] = <class 'float'>(20.0)
{'data_dir': 'data/warcraft_shortest_path/12x12', 'evaluate_with_extra': False, 'normalize': True, 'use_local_path': False, 'use_test_set': True}[data_dir] = <class 'str'>(data/warcraft_shortest_path/12x12)
{'evaluate_every': 5, 'loader_params': {'data_dir': 'data/warcraft_shortest_path/12x12', 'evaluate_with_extra': False, 'normalize': True, 'use_local_path': False, 'use_test_set': True}, 'model_dir': 'results/warcraft_shortest_path_combresnet', 'num_cpus': 40, 'num_epochs': 50, 'problem_type': 'warcraft_shortest_path', 'ray_params': {}, 'save_visualizations': False, 'seed': 1, 'trainer_name': 'DijkstraMAP', 'trainer_params': {'batch_size': 70, 'l1_regconst': 0.0, 'lambda_val': 20.0, 'lr_milestone_1': 30, 'lr_milestone_2': 40, 'model_params': {'arch_params': {}, 'model_name': 'CombResnet18'}, 'neighbourhood_fn': '8-grid', 'optimizer_name': 'Adam', 'optimizer_params': {'lr': 0.0005}, 'preload_batch': True, 'use_cuda': True, 'use_lr_scheduling': True, 'mode': {'type': 0, 'objective_type': 'normal', 'use_marginal': True, 'nb_samples': 1, 'temperature': 0.01, 'use_gamma': True, 'loss_type': 'normal', 'perturb_w': True, 'perturb_w_prime': True}}, 'use_ray': True}[seed] = <class 'int'>(0)
{'evaluate_every': 5, 'loader_params': {'data_dir': 'data/warcraft_shortest_path/12x12', 'evaluate_with_extra': False, 'normalize': True, 'use_local_path': False, 'use_test_set': True}, 'model_dir': 'results/warcraft_shortest_path_combresnet', 'num_cpus': 40, 'num_epochs': 50, 'problem_type': 'warcraft_shortest_path', 'ray_params': {}, 'save_visualizations': False, 'seed': 0, 'trainer_name': 'DijkstraMAP', 'trainer_params': {'batch_size': 70, 'l1_regconst': 0.0, 'lambda_val': 20.0, 'lr_milestone_1': 30, 'lr_milestone_2': 40, 'model_params': {'arch_params': {}, 'model_name': 'CombResnet18'}, 'neighbourhood_fn': '8-grid', 'optimizer_name': 'Adam', 'optimizer_params': {'lr': 0.0005}, 'preload_batch': True, 'use_cuda': True, 'use_lr_scheduling': True, 'mode': {'type': 0, 'objective_type': 'normal', 'use_marginal': True, 'nb_samples': 1, 'temperature': 0.01, 'use_gamma': True, 'loss_type': 'normal', 'perturb_w': True, 'perturb_w_prime': True}}, 'use_ray': True}[evaluate_every] = <class 'int'>(1)
{'evaluate_every': 1, 'loader_params': {'data_dir': 'data/warcraft_shortest_path/12x12', 'evaluate_with_extra': False, 'normalize': True, 'use_local_path': False, 'use_test_set': True}, 'model_dir': 'results/warcraft_shortest_path_combresnet', 'num_cpus': 40, 'num_epochs': 50, 'problem_type': 'warcraft_shortest_path', 'ray_params': {}, 'save_visualizations': False, 'seed': 0, 'trainer_name': 'DijkstraMAP', 'trainer_params': {'batch_size': 70, 'l1_regconst': 0.0, 'lambda_val': 20.0, 'lr_milestone_1': 30, 'lr_milestone_2': 40, 'model_params': {'arch_params': {}, 'model_name': 'CombResnet18'}, 'neighbourhood_fn': '8-grid', 'optimizer_name': 'Adam', 'optimizer_params': {'lr': 0.0005}, 'preload_batch': True, 'use_cuda': True, 'use_lr_scheduling': True, 'mode': {'type': 0, 'objective_type': 'normal', 'use_marginal': True, 'nb_samples': 1, 'temperature': 0.01, 'use_gamma': True, 'loss_type': 'normal', 'perturb_w': True, 'perturb_w_prime': True}}, 'use_ray': True}[use_ray] = <class 'bool'>(False)
{
    "evaluate_every": 1,
    "loader_params": {
        "data_dir": "data/warcraft_shortest_path/12x12",
        "evaluate_with_extra": false,
        "normalize": true,
        "use_local_path": false,
        "use_test_set": true
    },
    "model_dir": "results/warcraft_shortest_path_combresnet",
    "num_cpus": 40,
    "num_epochs": 50,
    "problem_type": "warcraft_shortest_path",
    "ray_params": {},
    "save_visualizations": false,
    "seed": 0,
    "trainer_name": "DijkstraMAP",
    "trainer_params": {
        "batch_size": 70,
        "l1_regconst": 0.0,
        "lambda_val": 20.0,
        "lr_milestone_1": 30,
        "lr_milestone_2": 40,
        "mode": {
            "loss_type": "normal",
            "nb_samples": 1,
            "objective_type": "normal",
            "perturb_w": true,
            "perturb_w_prime": true,
            "temperature": 0.01,
            "type": 0,
            "use_gamma": true,
            "use_marginal": true
        },
        "model_params": {
            "arch_params": {},
            "model_name": "CombResnet18"
        },
        "neighbourhood_fn": "8-grid",
        "optimizer_name": "Adam",
        "optimizer_params": {
            "lr": 0.0005
        },
        "preload_batch": true,
        "use_cuda": true,
        "use_lr_scheduling": true
    },
    "use_ray": false
}
MAP-BACKPROP MODE: {
    "loss_type": "normal",
    "nb_samples": 1,
    "objective_type": "normal",
    "perturb_w": true,
    "perturb_w_prime": true,
    "temperature": 0.01,
    "type": 0,
    "use_gamma": true,
    "use_marginal": true
}
True
META: {'input_image_size': 96, 'output_features': 144, 'num_channels': 3, 'denormalize': <maprop.decorators.input_to_numpy object at 0x2b37bb173588>}
EVALUATING
{'loss': 17.448000354766847, 'accuracy': 0.8788333487510681, 'perfect_match_accuracy': 0.032, 'cost_ratio_suggested_true': 2.5071900701522827, 'below_10.0_percent_acc': 0.118, 'below_1.0_percent_acc': 0.053, 'below_0.1_percent_acc': 0.051, 'below_0.01_percent_acc': 0.051, 'below_0.001_percent_acc': 0.038, 'below_0.0001_percent_acc': 0.038, 'valid_acc': 1.0}
Epoch: 1	Batch time (0.705368)	Data time (0.007489)	Cuda time (0.000003)	Loss (5.984500)	Accuracy (0.958441)
EVALUATING
{'loss': 3.4450002217292788, 'accuracy': 0.9760763996839523, 'perfect_match_accuracy': 0.625, 'cost_ratio_suggested_true': 1.0686447048187255, 'below_10.0_percent_acc': 0.983, 'below_1.0_percent_acc': 0.864, 'below_0.1_percent_acc': 0.846, 'below_0.01_percent_acc': 0.846, 'below_0.001_percent_acc': 0.817, 'below_0.0001_percent_acc': 0.817, 'valid_acc': 1.0}
Epoch: 2	Batch time (0.685842)	Data time (0.008087)	Cuda time (0.000002)	Loss (3.107300)	Accuracy (0.978422)
EVALUATING
{'loss': 3.0670001173019408, 'accuracy': 0.9787014067173004, 'perfect_match_accuracy': 0.669, 'cost_ratio_suggested_true': 1.0378900563716889, 'below_10.0_percent_acc': 0.996, 'below_1.0_percent_acc': 0.892, 'below_0.1_percent_acc': 0.875, 'below_0.01_percent_acc': 0.875, 'below_0.001_percent_acc': 0.859, 'below_0.0001_percent_acc': 0.859, 'valid_acc': 1.0}
Epoch: 3	Batch time (0.692526)	Data time (0.006517)	Cuda time (0.000002)	Loss (2.432800)	Accuracy (0.983106)
EVALUATING
{'loss': 2.6820001292228697, 'accuracy': 0.9813749992847443, 'perfect_match_accuracy': 0.698, 'cost_ratio_suggested_true': 1.0346775257587433, 'below_10.0_percent_acc': 1.0, 'below_1.0_percent_acc': 0.937, 'below_0.1_percent_acc': 0.925, 'below_0.01_percent_acc': 0.925, 'below_0.001_percent_acc': 0.906, 'below_0.0001_percent_acc': 0.906, 'valid_acc': 1.0}
Epoch: 4	Batch time (0.694213)	Data time (0.006657)	Cuda time (0.000002)	Loss (2.156200)	Accuracy (0.985026)
EVALUATING
{'loss': 2.6300000810623168, 'accuracy': 0.9817361205816268, 'perfect_match_accuracy': 0.708, 'cost_ratio_suggested_true': 1.0511807024478912, 'below_10.0_percent_acc': 0.996, 'below_1.0_percent_acc': 0.938, 'below_0.1_percent_acc': 0.925, 'below_0.01_percent_acc': 0.925, 'below_0.001_percent_acc': 0.907, 'below_0.0001_percent_acc': 0.907, 'valid_acc': 1.0}
Epoch: 5	Batch time (0.693608)	Data time (0.006627)	Cuda time (0.000002)	Loss (1.855300)	Accuracy (0.987116)
EVALUATING
{'loss': 2.358000100851059, 'accuracy': 0.983625009059906, 'perfect_match_accuracy': 0.738, 'cost_ratio_suggested_true': 1.0318360376358031, 'below_10.0_percent_acc': 0.999, 'below_1.0_percent_acc': 0.964, 'below_0.1_percent_acc': 0.949, 'below_0.01_percent_acc': 0.949, 'below_0.001_percent_acc': 0.921, 'below_0.0001_percent_acc': 0.921, 'valid_acc': 1.0}
Epoch: 6	Batch time (0.694467)	Data time (0.006573)	Cuda time (0.000002)	Loss (1.736500)	Accuracy (0.987941)
EVALUATING
{'loss': 2.0400000643730163, 'accuracy': 0.9858333504199982, 'perfect_match_accuracy': 0.794, 'cost_ratio_suggested_true': 1.0267766523361206, 'below_10.0_percent_acc': 0.998, 'below_1.0_percent_acc': 0.952, 'below_0.1_percent_acc': 0.933, 'below_0.01_percent_acc': 0.933, 'below_0.001_percent_acc': 0.917, 'below_0.0001_percent_acc': 0.917, 'valid_acc': 1.0}
Epoch: 7	Batch time (0.694050)	Data time (0.006673)	Cuda time (0.000002)	Loss (1.660100)	Accuracy (0.988472)
EVALUATING
{'loss': 1.9330000698566436, 'accuracy': 0.9865764039754867, 'perfect_match_accuracy': 0.777, 'cost_ratio_suggested_true': 1.0277202594280244, 'below_10.0_percent_acc': 1.0, 'below_1.0_percent_acc': 0.965, 'below_0.1_percent_acc': 0.948, 'below_0.01_percent_acc': 0.948, 'below_0.001_percent_acc': 0.929, 'below_0.0001_percent_acc': 0.929, 'valid_acc': 1.0}
Epoch: 8	Batch time (0.694902)	Data time (0.006721)	Cuda time (0.000002)	Loss (1.406900)	Accuracy (0.990230)
EVALUATING
{'loss': 1.918000075817108, 'accuracy': 0.9866805708408356, 'perfect_match_accuracy': 0.804, 'cost_ratio_suggested_true': 1.0266377234458923, 'below_10.0_percent_acc': 0.998, 'below_1.0_percent_acc': 0.949, 'below_0.1_percent_acc': 0.939, 'below_0.01_percent_acc': 0.939, 'below_0.001_percent_acc': 0.921, 'below_0.0001_percent_acc': 0.921, 'valid_acc': 1.0}
Epoch: 9	Batch time (0.693070)	Data time (0.006606)	Cuda time (0.000002)	Loss (1.381700)	Accuracy (0.990405)
EVALUATING
{'loss': 1.939000084400177, 'accuracy': 0.9865347349643707, 'perfect_match_accuracy': 0.785, 'cost_ratio_suggested_true': 1.0263768285512924, 'below_10.0_percent_acc': 0.998, 'below_1.0_percent_acc': 0.959, 'below_0.1_percent_acc': 0.946, 'below_0.01_percent_acc': 0.946, 'below_0.001_percent_acc': 0.921, 'below_0.0001_percent_acc': 0.921, 'valid_acc': 1.0}
Epoch: 10	Batch time (0.697680)	Data time (0.006629)	Cuda time (0.000002)	Loss (1.364600)	Accuracy (0.990524)
EVALUATING
{'loss': 1.9860000550746917, 'accuracy': 0.9862083470821381, 'perfect_match_accuracy': 0.795, 'cost_ratio_suggested_true': 1.0246951806545257, 'below_10.0_percent_acc': 0.999, 'below_1.0_percent_acc': 0.952, 'below_0.1_percent_acc': 0.939, 'below_0.01_percent_acc': 0.939, 'below_0.001_percent_acc': 0.912, 'below_0.0001_percent_acc': 0.912, 'valid_acc': 1.0}
Epoch: 11	Batch time (0.693605)	Data time (0.006570)	Cuda time (0.000002)	Loss (1.295100)	Accuracy (0.991006)
EVALUATING
{'loss': 1.9740000456571578, 'accuracy': 0.9862916803359986, 'perfect_match_accuracy': 0.771, 'cost_ratio_suggested_true': 1.030482521057129, 'below_10.0_percent_acc': 0.998, 'below_1.0_percent_acc': 0.966, 'below_0.1_percent_acc': 0.951, 'below_0.01_percent_acc': 0.951, 'below_0.001_percent_acc': 0.925, 'below_0.0001_percent_acc': 0.925, 'valid_acc': 1.0}
Epoch: 12	Batch time (0.686653)	Data time (0.006459)	Cuda time (0.000002)	Loss (1.263100)	Accuracy (0.991228)
EVALUATING
{'loss': 1.9810000848770142, 'accuracy': 0.9862430649995804, 'perfect_match_accuracy': 0.777, 'cost_ratio_suggested_true': 1.018963087797165, 'below_10.0_percent_acc': 1.0, 'below_1.0_percent_acc': 0.959, 'below_0.1_percent_acc': 0.948, 'below_0.01_percent_acc': 0.948, 'below_0.001_percent_acc': 0.926, 'below_0.0001_percent_acc': 0.926, 'valid_acc': 1.0}
Epoch: 13	Batch time (0.693917)	Data time (0.006426)	Cuda time (0.000002)	Loss (1.227500)	Accuracy (0.991476)
EVALUATING
{'loss': 2.0040001106262206, 'accuracy': 0.9860833579301834, 'perfect_match_accuracy': 0.789, 'cost_ratio_suggested_true': 1.0200903868675233, 'below_10.0_percent_acc': 1.0, 'below_1.0_percent_acc': 0.964, 'below_0.1_percent_acc': 0.95, 'below_0.01_percent_acc': 0.95, 'below_0.001_percent_acc': 0.935, 'below_0.0001_percent_acc': 0.935, 'valid_acc': 1.0}
Epoch: 14	Batch time (0.691022)	Data time (0.006676)	Cuda time (0.000002)	Loss (1.108600)	Accuracy (0.992301)
EVALUATING
{'loss': 1.9130000966787337, 'accuracy': 0.9867152917385101, 'perfect_match_accuracy': 0.776, 'cost_ratio_suggested_true': 1.0204505586624146, 'below_10.0_percent_acc': 1.0, 'below_1.0_percent_acc': 0.964, 'below_0.1_percent_acc': 0.948, 'below_0.01_percent_acc': 0.948, 'below_0.001_percent_acc': 0.933, 'below_0.0001_percent_acc': 0.933, 'valid_acc': 1.0}
Epoch: 15	Batch time (0.692656)	Data time (0.006507)	Cuda time (0.000002)	Loss (1.039300)	Accuracy (0.992783)
EVALUATING
{'loss': 1.5620000511407852, 'accuracy': 0.9891527986526489, 'perfect_match_accuracy': 0.815, 'cost_ratio_suggested_true': 1.0194376885890961, 'below_10.0_percent_acc': 1.0, 'below_1.0_percent_acc': 0.978, 'below_0.1_percent_acc': 0.967, 'below_0.01_percent_acc': 0.967, 'below_0.001_percent_acc': 0.952, 'below_0.0001_percent_acc': 0.952, 'valid_acc': 1.0}
Epoch: 16	Batch time (0.689916)	Data time (0.006521)	Cuda time (0.000002)	Loss (0.996900)	Accuracy (0.993077)
EVALUATING
{'loss': 1.6890000569820405, 'accuracy': 0.9882708376646042, 'perfect_match_accuracy': 0.798, 'cost_ratio_suggested_true': 1.0226198577880858, 'below_10.0_percent_acc': 0.998, 'below_1.0_percent_acc': 0.975, 'below_0.1_percent_acc': 0.966, 'below_0.01_percent_acc': 0.966, 'below_0.001_percent_acc': 0.951, 'below_0.0001_percent_acc': 0.951, 'valid_acc': 1.0}
Epoch: 17	Batch time (0.692445)	Data time (0.006622)	Cuda time (0.000002)	Loss (0.985600)	Accuracy (0.993156)
EVALUATING
{'loss': 1.8390000593662261, 'accuracy': 0.9872291886806488, 'perfect_match_accuracy': 0.804, 'cost_ratio_suggested_true': 1.0237266063690185, 'below_10.0_percent_acc': 0.998, 'below_1.0_percent_acc': 0.972, 'below_0.1_percent_acc': 0.959, 'below_0.01_percent_acc': 0.959, 'below_0.001_percent_acc': 0.936, 'below_0.0001_percent_acc': 0.936, 'valid_acc': 1.0}
Epoch: 18	Batch time (0.692024)	Data time (0.006520)	Cuda time (0.000002)	Loss (0.872700)	Accuracy (0.993940)
EVALUATING
{'loss': 1.4420000791549683, 'accuracy': 0.9899861288070678, 'perfect_match_accuracy': 0.843, 'cost_ratio_suggested_true': 1.0160461056232453, 'below_10.0_percent_acc': 1.0, 'below_1.0_percent_acc': 0.971, 'below_0.1_percent_acc': 0.96, 'below_0.01_percent_acc': 0.96, 'below_0.001_percent_acc': 0.939, 'below_0.0001_percent_acc': 0.939, 'valid_acc': 1.0}
Epoch: 19	Batch time (0.686501)	Data time (0.006502)	Cuda time (0.000002)	Loss (0.872800)	Accuracy (0.993939)
EVALUATING
{'loss': 1.4780000460147857, 'accuracy': 0.9897361308336258, 'perfect_match_accuracy': 0.827, 'cost_ratio_suggested_true': 1.0177305519580842, 'below_10.0_percent_acc': 1.0, 'below_1.0_percent_acc': 0.981, 'below_0.1_percent_acc': 0.973, 'below_0.01_percent_acc': 0.973, 'below_0.001_percent_acc': 0.944, 'below_0.0001_percent_acc': 0.944, 'valid_acc': 1.0}
Epoch: 20	Batch time (0.687953)	Data time (0.006536)	Cuda time (0.000002)	Loss (0.930700)	Accuracy (0.993537)
EVALUATING
{'loss': 1.5950000470876693, 'accuracy': 0.988923624753952, 'perfect_match_accuracy': 0.829, 'cost_ratio_suggested_true': 1.0182820081710815, 'below_10.0_percent_acc': 1.0, 'below_1.0_percent_acc': 0.974, 'below_0.1_percent_acc': 0.965, 'below_0.01_percent_acc': 0.965, 'below_0.001_percent_acc': 0.93, 'below_0.0001_percent_acc': 0.93, 'valid_acc': 1.0}
Epoch: 21	Batch time (0.687346)	Data time (0.006473)	Cuda time (0.000002)	Loss (1.019600)	Accuracy (0.992919)
EVALUATING
{'loss': 1.5630000686645509, 'accuracy': 0.9891458451747894, 'perfect_match_accuracy': 0.84, 'cost_ratio_suggested_true': 1.02348149061203, 'below_10.0_percent_acc': 1.0, 'below_1.0_percent_acc': 0.974, 'below_0.1_percent_acc': 0.961, 'below_0.01_percent_acc': 0.961, 'below_0.001_percent_acc': 0.931, 'below_0.0001_percent_acc': 0.931, 'valid_acc': 1.0}
Epoch: 22	Batch time (0.694762)	Data time (0.006632)	Cuda time (0.000002)	Loss (0.879700)	Accuracy (0.993891)
EVALUATING
{'loss': 1.5110000324249269, 'accuracy': 0.9895069605112076, 'perfect_match_accuracy': 0.837, 'cost_ratio_suggested_true': 1.020801569223404, 'below_10.0_percent_acc': 1.0, 'below_1.0_percent_acc': 0.973, 'below_0.1_percent_acc': 0.962, 'below_0.01_percent_acc': 0.962, 'below_0.001_percent_acc': 0.941, 'below_0.0001_percent_acc': 0.941, 'valid_acc': 1.0}
Epoch: 23	Batch time (0.684905)	Data time (0.006411)	Cuda time (0.000002)	Loss (0.897500)	Accuracy (0.993767)
EVALUATING
{'loss': 1.5830000430345534, 'accuracy': 0.9890069597959519, 'perfect_match_accuracy': 0.842, 'cost_ratio_suggested_true': 1.0225335669517517, 'below_10.0_percent_acc': 0.999, 'below_1.0_percent_acc': 0.966, 'below_0.1_percent_acc': 0.957, 'below_0.01_percent_acc': 0.957, 'below_0.001_percent_acc': 0.926, 'below_0.0001_percent_acc': 0.926, 'valid_acc': 1.0}
Epoch: 24	Batch time (0.691948)	Data time (0.006548)	Cuda time (0.000002)	Loss (0.896000)	Accuracy (0.993778)
EVALUATING
{'loss': 1.70500006377697, 'accuracy': 0.9881597352027893, 'perfect_match_accuracy': 0.811, 'cost_ratio_suggested_true': 1.0160399723052977, 'below_10.0_percent_acc': 1.0, 'below_1.0_percent_acc': 0.978, 'below_0.1_percent_acc': 0.966, 'below_0.01_percent_acc': 0.966, 'below_0.001_percent_acc': 0.953, 'below_0.0001_percent_acc': 0.953, 'valid_acc': 1.0}
Epoch: 25	Batch time (0.686696)	Data time (0.006526)	Cuda time (0.000002)	Loss (0.864200)	Accuracy (0.993999)
EVALUATING
{'loss': 1.6040000647306443, 'accuracy': 0.988861129283905, 'perfect_match_accuracy': 0.821, 'cost_ratio_suggested_true': 1.021024353504181, 'below_10.0_percent_acc': 1.0, 'below_1.0_percent_acc': 0.974, 'below_0.1_percent_acc': 0.963, 'below_0.01_percent_acc': 0.963, 'below_0.001_percent_acc': 0.932, 'below_0.0001_percent_acc': 0.932, 'valid_acc': 1.0}
Epoch: 26	Batch time (0.691598)	Data time (0.006609)	Cuda time (0.000002)	Loss (0.780900)	Accuracy (0.994577)
EVALUATING
{'loss': 1.7030000650882722, 'accuracy': 0.9881736159324646, 'perfect_match_accuracy': 0.819, 'cost_ratio_suggested_true': 1.0177888357639313, 'below_10.0_percent_acc': 1.0, 'below_1.0_percent_acc': 0.974, 'below_0.1_percent_acc': 0.964, 'below_0.01_percent_acc': 0.964, 'below_0.001_percent_acc': 0.941, 'below_0.0001_percent_acc': 0.941, 'valid_acc': 1.0}
Epoch: 27	Batch time (0.696544)	Data time (0.006594)	Cuda time (0.000002)	Loss (0.758900)	Accuracy (0.994730)
EVALUATING
{'loss': 1.747000105381012, 'accuracy': 0.987868070602417, 'perfect_match_accuracy': 0.813, 'cost_ratio_suggested_true': 1.0172019076347352, 'below_10.0_percent_acc': 1.0, 'below_1.0_percent_acc': 0.976, 'below_0.1_percent_acc': 0.964, 'below_0.01_percent_acc': 0.964, 'below_0.001_percent_acc': 0.932, 'below_0.0001_percent_acc': 0.932, 'valid_acc': 1.0}
Epoch: 28	Batch time (0.690942)	Data time (0.006555)	Cuda time (0.000002)	Loss (0.862000)	Accuracy (0.994014)
EVALUATING
{'loss': 1.7860000765323638, 'accuracy': 0.9875972396135331, 'perfect_match_accuracy': 0.81, 'cost_ratio_suggested_true': 1.029253407716751, 'below_10.0_percent_acc': 0.999, 'below_1.0_percent_acc': 0.967, 'below_0.1_percent_acc': 0.956, 'below_0.01_percent_acc': 0.956, 'below_0.001_percent_acc': 0.931, 'below_0.0001_percent_acc': 0.931, 'valid_acc': 1.0}
Epoch: 29	Batch time (0.694549)	Data time (0.006559)	Cuda time (0.000002)	Loss (0.746000)	Accuracy (0.994819)
EVALUATING
{'loss': 1.5470000702142714, 'accuracy': 0.9892569518089295, 'perfect_match_accuracy': 0.83, 'cost_ratio_suggested_true': 1.0177974557876588, 'below_10.0_percent_acc': 1.0, 'below_1.0_percent_acc': 0.982, 'below_0.1_percent_acc': 0.972, 'below_0.01_percent_acc': 0.972, 'below_0.001_percent_acc': 0.953, 'below_0.0001_percent_acc': 0.953, 'valid_acc': 1.0}
Epoch: 30	Batch time (0.693018)	Data time (0.006589)	Cuda time (0.000002)	Loss (0.807300)	Accuracy (0.994394)
EVALUATING
{'loss': 1.7780000615119933, 'accuracy': 0.9876527845859527, 'perfect_match_accuracy': 0.823, 'cost_ratio_suggested_true': 1.0236122250556945, 'below_10.0_percent_acc': 1.0, 'below_1.0_percent_acc': 0.965, 'below_0.1_percent_acc': 0.949, 'below_0.01_percent_acc': 0.949, 'below_0.001_percent_acc': 0.917, 'below_0.0001_percent_acc': 0.917, 'valid_acc': 1.0}
Epoch: 31	Batch time (0.696626)	Data time (0.006699)	Cuda time (0.000002)	Loss (0.479400)	Accuracy (0.996671)
EVALUATING
{'loss': 1.4400000482797624, 'accuracy': 0.9900000178813935, 'perfect_match_accuracy': 0.854, 'cost_ratio_suggested_true': 1.017747254371643, 'below_10.0_percent_acc': 1.0, 'below_1.0_percent_acc': 0.982, 'below_0.1_percent_acc': 0.97, 'below_0.01_percent_acc': 0.97, 'below_0.001_percent_acc': 0.942, 'below_0.0001_percent_acc': 0.942, 'valid_acc': 1.0}
Epoch: 32	Batch time (0.696510)	Data time (0.006591)	Cuda time (0.000002)	Loss (0.284400)	Accuracy (0.998025)
EVALUATING
{'loss': 1.4070000544190406, 'accuracy': 0.9902291786670685, 'perfect_match_accuracy': 0.86, 'cost_ratio_suggested_true': 1.016852490901947, 'below_10.0_percent_acc': 1.0, 'below_1.0_percent_acc': 0.984, 'below_0.1_percent_acc': 0.973, 'below_0.01_percent_acc': 0.973, 'below_0.001_percent_acc': 0.946, 'below_0.0001_percent_acc': 0.946, 'valid_acc': 1.0}
Epoch: 33	Batch time (0.691564)	Data time (0.006664)	Cuda time (0.000002)	Loss (0.246000)	Accuracy (0.998292)
EVALUATING
{'loss': 1.3480000495910645, 'accuracy': 0.9906388926506042, 'perfect_match_accuracy': 0.868, 'cost_ratio_suggested_true': 1.0165307879447938, 'below_10.0_percent_acc': 1.0, 'below_1.0_percent_acc': 0.985, 'below_0.1_percent_acc': 0.973, 'below_0.01_percent_acc': 0.973, 'below_0.001_percent_acc': 0.949, 'below_0.0001_percent_acc': 0.949, 'valid_acc': 1.0}
Epoch: 34	Batch time (0.696018)	Data time (0.006635)	Cuda time (0.000002)	Loss (0.227300)	Accuracy (0.998422)
EVALUATING
{'loss': 1.377000066637993, 'accuracy': 0.9904375153779984, 'perfect_match_accuracy': 0.863, 'cost_ratio_suggested_true': 1.015733323097229, 'below_10.0_percent_acc': 1.0, 'below_1.0_percent_acc': 0.983, 'below_0.1_percent_acc': 0.973, 'below_0.01_percent_acc': 0.973, 'below_0.001_percent_acc': 0.949, 'below_0.0001_percent_acc': 0.949, 'valid_acc': 1.0}
Epoch: 35	Batch time (0.693383)	Data time (0.006586)	Cuda time (0.000002)	Loss (0.210800)	Accuracy (0.998536)
EVALUATING
{'loss': 1.370000064969063, 'accuracy': 0.9904861187934876, 'perfect_match_accuracy': 0.868, 'cost_ratio_suggested_true': 1.015802308320999, 'below_10.0_percent_acc': 1.0, 'below_1.0_percent_acc': 0.984, 'below_0.1_percent_acc': 0.973, 'below_0.01_percent_acc': 0.973, 'below_0.001_percent_acc': 0.949, 'below_0.0001_percent_acc': 0.949, 'valid_acc': 1.0}
Epoch: 36	Batch time (0.690365)	Data time (0.006497)	Cuda time (0.000002)	Loss (0.174100)	Accuracy (0.998791)
EVALUATING
{'loss': 1.3430000488460063, 'accuracy': 0.9906736272573471, 'perfect_match_accuracy': 0.869, 'cost_ratio_suggested_true': 1.0159306991100312, 'below_10.0_percent_acc': 1.0, 'below_1.0_percent_acc': 0.983, 'below_0.1_percent_acc': 0.973, 'below_0.01_percent_acc': 0.973, 'below_0.001_percent_acc': 0.947, 'below_0.0001_percent_acc': 0.947, 'valid_acc': 1.0}
Epoch: 37	Batch time (0.691814)	Data time (0.006551)	Cuda time (0.000002)	Loss (0.161200)	Accuracy (0.998881)
EVALUATING
{'loss': 1.4090000699460505, 'accuracy': 0.9902152973413467, 'perfect_match_accuracy': 0.865, 'cost_ratio_suggested_true': 1.016729006767273, 'below_10.0_percent_acc': 1.0, 'below_1.0_percent_acc': 0.982, 'below_0.1_percent_acc': 0.972, 'below_0.01_percent_acc': 0.972, 'below_0.001_percent_acc': 0.945, 'below_0.0001_percent_acc': 0.945, 'valid_acc': 1.0}
Epoch: 38	Batch time (0.695280)	Data time (0.006599)	Cuda time (0.000002)	Loss (0.180300)	Accuracy (0.998748)
EVALUATING
{'loss': 1.3880000659823417, 'accuracy': 0.9903611242771149, 'perfect_match_accuracy': 0.868, 'cost_ratio_suggested_true': 1.0165498220920564, 'below_10.0_percent_acc': 1.0, 'below_1.0_percent_acc': 0.982, 'below_0.1_percent_acc': 0.971, 'below_0.01_percent_acc': 0.971, 'below_0.001_percent_acc': 0.945, 'below_0.0001_percent_acc': 0.945, 'valid_acc': 1.0}
Epoch: 39	Batch time (0.690841)	Data time (0.006590)	Cuda time (0.000002)	Loss (0.154400)	Accuracy (0.998928)
EVALUATING
{'loss': 1.3610000637173654, 'accuracy': 0.9905486339330674, 'perfect_match_accuracy': 0.867, 'cost_ratio_suggested_true': 1.0166248905658721, 'below_10.0_percent_acc': 1.0, 'below_1.0_percent_acc': 0.983, 'below_0.1_percent_acc': 0.972, 'below_0.01_percent_acc': 0.972, 'below_0.001_percent_acc': 0.946, 'below_0.0001_percent_acc': 0.946, 'valid_acc': 1.0}
Epoch: 40	Batch time (0.693368)	Data time (0.006625)	Cuda time (0.000002)	Loss (0.125300)	Accuracy (0.999130)
EVALUATING
{'loss': 1.426000062674284, 'accuracy': 0.9900972414016723, 'perfect_match_accuracy': 0.86, 'cost_ratio_suggested_true': 1.0165434134006501, 'below_10.0_percent_acc': 1.0, 'below_1.0_percent_acc': 0.981, 'below_0.1_percent_acc': 0.97, 'below_0.01_percent_acc': 0.97, 'below_0.001_percent_acc': 0.945, 'below_0.0001_percent_acc': 0.945, 'valid_acc': 1.0}
Epoch: 41	Batch time (0.692321)	Data time (0.006581)	Cuda time (0.000002)	Loss (0.137900)	Accuracy (0.999042)
EVALUATING
{'loss': 1.3870000545680523, 'accuracy': 0.9903680753707885, 'perfect_match_accuracy': 0.863, 'cost_ratio_suggested_true': 1.0165658104419708, 'below_10.0_percent_acc': 1.0, 'below_1.0_percent_acc': 0.982, 'below_0.1_percent_acc': 0.972, 'below_0.01_percent_acc': 0.972, 'below_0.001_percent_acc': 0.947, 'below_0.0001_percent_acc': 0.947, 'valid_acc': 1.0}
Epoch: 42	Batch time (0.695333)	Data time (0.006648)	Cuda time (0.000002)	Loss (0.128500)	Accuracy (0.999108)
EVALUATING
{'loss': 1.4130000697076321, 'accuracy': 0.9901875221729278, 'perfect_match_accuracy': 0.864, 'cost_ratio_suggested_true': 1.0169911205768585, 'below_10.0_percent_acc': 1.0, 'below_1.0_percent_acc': 0.982, 'below_0.1_percent_acc': 0.97, 'below_0.01_percent_acc': 0.97, 'below_0.001_percent_acc': 0.946, 'below_0.0001_percent_acc': 0.946, 'valid_acc': 1.0}
Epoch: 43	Batch time (0.716520)	Data time (0.006709)	Cuda time (0.000002)	Loss (0.129400)	Accuracy (0.999101)
EVALUATING
{'loss': 1.3670000651478766, 'accuracy': 0.9905069595575333, 'perfect_match_accuracy': 0.867, 'cost_ratio_suggested_true': 1.0151324290037156, 'below_10.0_percent_acc': 1.0, 'below_1.0_percent_acc': 0.984, 'below_0.1_percent_acc': 0.973, 'below_0.01_percent_acc': 0.973, 'below_0.001_percent_acc': 0.95, 'below_0.0001_percent_acc': 0.95, 'valid_acc': 1.0}
Epoch: 44	Batch time (0.718741)	Data time (0.006958)	Cuda time (0.000002)	Loss (0.140800)	Accuracy (0.999022)
EVALUATING
{'loss': 1.4030000588297844, 'accuracy': 0.9902569663524627, 'perfect_match_accuracy': 0.863, 'cost_ratio_suggested_true': 1.0166300058364868, 'below_10.0_percent_acc': 1.0, 'below_1.0_percent_acc': 0.983, 'below_0.1_percent_acc': 0.971, 'below_0.01_percent_acc': 0.971, 'below_0.001_percent_acc': 0.946, 'below_0.0001_percent_acc': 0.946, 'valid_acc': 1.0}
Epoch: 45	Batch time (0.689363)	Data time (0.006777)	Cuda time (0.000002)	Loss (0.114500)	Accuracy (0.999205)
EVALUATING
{'loss': 1.4100000678002835, 'accuracy': 0.9902083545923233, 'perfect_match_accuracy': 0.863, 'cost_ratio_suggested_true': 1.01704803109169, 'below_10.0_percent_acc': 1.0, 'below_1.0_percent_acc': 0.982, 'below_0.1_percent_acc': 0.97, 'below_0.01_percent_acc': 0.97, 'below_0.001_percent_acc': 0.945, 'below_0.0001_percent_acc': 0.945, 'valid_acc': 1.0}
Epoch: 46	Batch time (0.697205)	Data time (0.006663)	Cuda time (0.000002)	Loss (0.116000)	Accuracy (0.999194)
EVALUATING
{'loss': 1.3830000714957713, 'accuracy': 0.9903958588838577, 'perfect_match_accuracy': 0.866, 'cost_ratio_suggested_true': 1.0164220654964446, 'below_10.0_percent_acc': 1.0, 'below_1.0_percent_acc': 0.983, 'below_0.1_percent_acc': 0.971, 'below_0.01_percent_acc': 0.971, 'below_0.001_percent_acc': 0.946, 'below_0.0001_percent_acc': 0.946, 'valid_acc': 1.0}
Epoch: 47	Batch time (0.706116)	Data time (0.006642)	Cuda time (0.000002)	Loss (0.103000)	Accuracy (0.999285)
EVALUATING
{'loss': 1.327000055015087, 'accuracy': 0.990784740447998, 'perfect_match_accuracy': 0.865, 'cost_ratio_suggested_true': 1.0157897913455962, 'below_10.0_percent_acc': 1.0, 'below_1.0_percent_acc': 0.984, 'below_0.1_percent_acc': 0.974, 'below_0.01_percent_acc': 0.974, 'below_0.001_percent_acc': 0.948, 'below_0.0001_percent_acc': 0.948, 'valid_acc': 1.0}
Epoch: 48	Batch time (0.708759)	Data time (0.006611)	Cuda time (0.000002)	Loss (0.112300)	Accuracy (0.999220)
EVALUATING
{'loss': 1.3380000647902488, 'accuracy': 0.9907083535194396, 'perfect_match_accuracy': 0.869, 'cost_ratio_suggested_true': 1.0164294505119325, 'below_10.0_percent_acc': 1.0, 'below_1.0_percent_acc': 0.983, 'below_0.1_percent_acc': 0.972, 'below_0.01_percent_acc': 0.972, 'below_0.001_percent_acc': 0.949, 'below_0.0001_percent_acc': 0.949, 'valid_acc': 1.0}
Epoch: 49	Batch time (0.707339)	Data time (0.006646)	Cuda time (0.000002)	Loss (0.123900)	Accuracy (0.999140)
EVALUATING
{'loss': 1.3420000645518302, 'accuracy': 0.9906805700063706, 'perfect_match_accuracy': 0.865, 'cost_ratio_suggested_true': 1.0156441354751586, 'below_10.0_percent_acc': 1.0, 'below_1.0_percent_acc': 0.984, 'below_0.1_percent_acc': 0.973, 'below_0.01_percent_acc': 0.973, 'below_0.001_percent_acc': 0.947, 'below_0.0001_percent_acc': 0.947, 'valid_acc': 1.0}
Epoch: 50	Batch time (0.718750)	Data time (0.006576)	Cuda time (0.000002)	Loss (0.112600)	Accuracy (0.999218)
EVALUATING
{'loss': 1.3270000591874123, 'accuracy': 0.990784740447998, 'perfect_match_accuracy': 0.87, 'cost_ratio_suggested_true': 1.0164603424072265, 'below_10.0_percent_acc': 1.0, 'below_1.0_percent_acc': 0.983, 'below_0.1_percent_acc': 0.972, 'below_0.01_percent_acc': 0.972, 'below_0.001_percent_acc': 0.947, 'below_0.0001_percent_acc': 0.947, 'valid_acc': 1.0}
