rowlf.local
declare -x ANT_HOME="/opt/rocks"
declare -x ARC="lx-amd64"
declare -x BASH_ENV="/usr/share/lmod/lmod/init/bash"
declare -x CONDA_DEFAULT_ENV="gpu"
declare -x CONDA_EXE="/cluster/project6/mr_corpora/pminervi/miniconda3/bin/conda"
declare -x CONDA_PREFIX="/cluster/project6/mr_corpora/pminervi/miniconda3/envs/gpu"
declare -x CONDA_PREFIX_1="/cluster/project6/mr_corpora/pminervi/miniconda3"
declare -x CONDA_PROMPT_MODIFIER="(gpu) "
declare -x CONDA_PYTHON_EXE="/cluster/project6/mr_corpora/pminervi/miniconda3/bin/python"
declare -x CONDA_SHLVL="2"
declare -x CUDA_VISIBLE_DEVICES="6"
declare -x ENVIRONMENT="BATCH"
declare -x HISTCONTROL="ignoredups"
declare -x HISTSIZE="1000"
declare -x HOME="/home/pminervi"
declare -x HOSTNAME="rowlf.local"
declare -x JAVA_HOME="/share/apps/mr/utils/jdk"
declare -x JOB_ID="3664444"
declare -x JOB_NAME="temperature_beaker_v10.bbp2.job"
declare -x JOB_SCRIPT="/opt/gridengine/default/spool/rowlf/job_scripts/3664444"
declare -x LANG="en_US.utf8"
declare -x LANGUAGE="en_US:en"
declare -x LD_LIBRARY_PATH="/share/apps/gcc-6.2.0/lib/:/share/apps/gcc-6.2.0/lib64/:/opt/gridengine/lib/lx-amd64"
declare -x LESSOPEN="||/usr/bin/lesspipe.sh %s"
declare -x LMOD_CMD="/usr/share/lmod/lmod/libexec/lmod"
declare -x LMOD_DIR="/usr/share/lmod/lmod/libexec"
declare -x LMOD_PKG="/usr/share/lmod/lmod"
declare -x LMOD_ROOT="/usr/share/lmod"
declare -x LMOD_SETTARG_FULL_SUPPORT="no"
declare -x LMOD_VERSION="8.2.7"
declare -x LMOD_sys="Linux"
declare -x LOADEDMODULES=""
declare -x LOGNAME="pminervi"
declare -x MAIL="/var/spool/mail/pminervi"
declare -x MANPATH="/usr/share/lmod/lmod/share/man:"
declare -x MODULEPATH="/share/apps/modulefiles/default"
declare -x MODULEPATH_ROOT="/usr/share/modulefiles"
declare -x MODULESHOME="/usr/share/lmod/lmod"
declare -x MPICH_PROCESS_GROUP="no"
declare -x NHOSTS="1"
declare -x NQUEUES="1"
declare -x NSLOTS="1"
declare -x OLDPWD="/home/pminervi/workspace/map-backprop"
declare -x PATH="/cluster/project6/mr_corpora/pminervi/miniconda3/envs/gpu/bin:/cluster/project6/mr_corpora/pminervi/miniconda3/condabin:/share/apps/binutils-2.27/bin:/share/apps/gcc-6.2.0/bin:/share/apps/mr/bin:/tmp/3664444.1.gpu.q:/usr/local/bin:/bin:/usr/bin:/usr/local/sbin:/usr/sbin:/opt/ganglia/bin:/opt/ganglia/sbin:/opt/rocks/bin:/opt/rocks/sbin:/opt/gridengine/bin/lx-amd64:/home/pminervi/bin"
declare -x PWD="/home/pminervi/workspace/map-backprop"
declare -x QUEUE="gpu.q"
declare -x REQNAME="temperature_beaker_v10.bbp2.job"
declare -x REQUEST="temperature_beaker_v10.bbp2.job"
declare -x RESTARTED="0"
declare -x ROCKSROOT="/opt/rocks/share/devel"
declare -x ROCKS_ROOT="/opt/rocks"
declare -x ROLLSROOT="/opt/rocks/share/devel/src/roll"
declare -x SGE_ACCOUNT="sge"
declare -x SGE_ARCH="lx-amd64"
declare -x SGE_BINARY_PATH="/opt/gridengine/bin/lx-amd64"
declare -x SGE_CELL="default"
declare -x SGE_CWD_PATH="/home/pminervi/workspace/map-backprop"
declare -x SGE_EXECD_PORT="537"
declare -x SGE_JOB_SPOOL_DIR="/opt/gridengine/default/spool/rowlf/active_jobs/3664444.1"
declare -x SGE_O_HOME="/home/pminervi"
declare -x SGE_O_HOST="beaker"
declare -x SGE_O_LOGNAME="pminervi"
declare -x SGE_O_MAIL="/var/spool/mail/pminervi"
declare -x SGE_O_PATH="/cluster/project6/mr_corpora/pminervi/miniconda3/envs/gpu/bin:/cluster/project6/mr_corpora/pminervi/miniconda3/condabin:/share/apps/binutils-2.27/bin:/share/apps/gcc-6.2.0/bin:/share/apps/mr/bin:/usr/local/bin:/usr/bin:/usr/local/sbin:/usr/sbin:/opt/ganglia/bin:/opt/ganglia/sbin:/opt/rocks/bin:/opt/rocks/sbin:/opt/gridengine/bin/lx-amd64:/home/pminervi/bin"
declare -x SGE_O_SHELL="/bin/bash"
declare -x SGE_O_WORKDIR="/home/pminervi/workspace/map-backprop"
declare -x SGE_QMASTER_PORT="536"
declare -x SGE_ROOT="/opt/gridengine"
declare -x SGE_STDERR_PATH="/home/pminervi/array.err"
declare -x SGE_STDIN_PATH="/dev/null"
declare -x SGE_STDOUT_PATH="/home/pminervi/array.out"
declare -x SGE_TASK_FIRST="1"
declare -x SGE_TASK_ID="1"
declare -x SGE_TASK_LAST="60"
declare -x SGE_TASK_STEPSIZE="1"
declare -x SHELL="/bin/bash"
declare -x SHLVL="2"
declare -x SSH_ASKPASS="/usr/libexec/openssh/gnome-ssh-askpass"
declare -x TERM=""
declare -x TMP="/tmp/3664444.1.gpu.q"
declare -x TMPDIR="/tmp/3664444.1.gpu.q"
declare -x USER="pminervi"
declare -x _CE_CONDA=""
declare -x _CE_M=""
Mon Aug  9 02:32:02 2021       
+-----------------------------------------------------------------------------+
| NVIDIA-SMI 470.42.01    Driver Version: 470.42.01    CUDA Version: 11.4     |
|-------------------------------+----------------------+----------------------+
| GPU  Name        Persistence-M| Bus-Id        Disp.A | Volatile Uncorr. ECC |
| Fan  Temp  Perf  Pwr:Usage/Cap|         Memory-Usage | GPU-Util  Compute M. |
|                               |                      |               MIG M. |
|===============================+======================+======================|
|   0  Tesla P100-PCIE...  On   | 00000000:14:00.0 Off |                    0 |
| N/A   28C    P0    33W / 250W |   1939MiB / 16280MiB |      0%   E. Process |
|                               |                      |                  N/A |
+-------------------------------+----------------------+----------------------+
|   1  Tesla P100-PCIE...  On   | 00000000:15:00.0 Off |                    0 |
| N/A   27C    P0    30W / 250W |   2619MiB / 16280MiB |      0%   E. Process |
|                               |                      |                  N/A |
+-------------------------------+----------------------+----------------------+
|   2  Tesla P100-PCIE...  On   | 00000000:39:00.0 Off |                    0 |
| N/A   29C    P0    32W / 250W |   1939MiB / 16280MiB |      0%   E. Process |
|                               |                      |                  N/A |
+-------------------------------+----------------------+----------------------+
|   3  Tesla P100-PCIE...  On   | 00000000:3A:00.0 Off |                    0 |
| N/A   28C    P0    35W / 250W |   2619MiB / 16280MiB |      0%   E. Process |
|                               |                      |                  N/A |
+-------------------------------+----------------------+----------------------+
|   4  Tesla P100-PCIE...  On   | 00000000:88:00.0 Off |                    0 |
| N/A   28C    P0    92W / 250W |   3559MiB / 16280MiB |      0%   E. Process |
|                               |                      |                  N/A |
+-------------------------------+----------------------+----------------------+
|   5  Tesla P100-PCIE...  On   | 00000000:89:00.0 Off |                    0 |
| N/A   29C    P0    35W / 250W |   3559MiB / 16280MiB |      0%   E. Process |
|                               |                      |                  N/A |
+-------------------------------+----------------------+----------------------+
|   6  Tesla P100-PCIE...  On   | 00000000:B1:00.0 Off |                    0 |
| N/A   28C    P0    26W / 250W |      0MiB / 16280MiB |      0%   E. Process |
|                               |                      |                  N/A |
+-------------------------------+----------------------+----------------------+
|   7  Tesla P100-PCIE...  On   | 00000000:B2:00.0 Off |                    0 |
| N/A   34C    P0    94W / 250W |   3027MiB / 16280MiB |      0%   E. Process |
|                               |                      |                  N/A |
+-------------------------------+----------------------+----------------------+
                                                                               
+-----------------------------------------------------------------------------+
| Processes:                                                                  |
|  GPU   GI   CI        PID   Type   Process name                  GPU Memory |
|        ID   ID                                                   Usage      |
|=============================================================================|
|    0   N/A  N/A     26012      C   ...ate_every=1 use_ray=False     1937MiB |
|    1   N/A  N/A     18487      C   ...ate_every=1 use_ray=False     2617MiB |
|    2   N/A  N/A     17946      C   ...ate_every=1 use_ray=False     1937MiB |
|    3   N/A  N/A     11669      C   ...ate_every=1 use_ray=False     2617MiB |
|    4   N/A  N/A      6916      C   ...ate_every=1 use_ray=False     3557MiB |
|    5   N/A  N/A     19588      C   ...ate_every=1 use_ray=False     3557MiB |
|    7   N/A  N/A      3840      C   python3                          3025MiB |
+-----------------------------------------------------------------------------+
No existing entry for trainer_params.mode.type
{}[type] = <class 'int'>(0)
No existing entry for trainer_params.mode.objective_type
{'type': 0}[objective_type] = <class 'str'>(normal)
No existing entry for trainer_params.mode.use_marginal
{'type': 0, 'objective_type': 'normal'}[use_marginal] = <class 'bool'>(True)
No existing entry for trainer_params.mode.nb_samples
{'type': 0, 'objective_type': 'normal', 'use_marginal': True}[nb_samples] = <class 'int'>(1)
No existing entry for trainer_params.mode.temperature
{'type': 0, 'objective_type': 'normal', 'use_marginal': True, 'nb_samples': 1}[temperature] = <class 'int'>(1)
No existing entry for trainer_params.mode.use_gamma
{'type': 0, 'objective_type': 'normal', 'use_marginal': True, 'nb_samples': 1, 'temperature': 1}[use_gamma] = <class 'bool'>(True)
No existing entry for trainer_params.mode.loss_type
{'type': 0, 'objective_type': 'normal', 'use_marginal': True, 'nb_samples': 1, 'temperature': 1, 'use_gamma': True}[loss_type] = <class 'str'>(normal)
No existing entry for trainer_params.mode.perturb_w
{'type': 0, 'objective_type': 'normal', 'use_marginal': True, 'nb_samples': 1, 'temperature': 1, 'use_gamma': True, 'loss_type': 'normal'}[perturb_w] = <class 'bool'>(True)
No existing entry for trainer_params.mode.perturb_w_prime
{'type': 0, 'objective_type': 'normal', 'use_marginal': True, 'nb_samples': 1, 'temperature': 1, 'use_gamma': True, 'loss_type': 'normal', 'perturb_w': True}[perturb_w_prime] = <class 'bool'>(True)
{'batch_size': 70, 'l1_regconst': 0.0, 'lambda_val': 20.0, 'lr_milestone_1': 30, 'lr_milestone_2': 40, 'model_params': {'arch_params': {}, 'model_name': 'CombResnet18'}, 'neighbourhood_fn': '8-grid', 'optimizer_name': 'Adam', 'optimizer_params': {'lr': 0.0005}, 'preload_batch': True, 'use_cuda': True, 'use_lr_scheduling': True, 'mode': {'type': 0, 'objective_type': 'normal', 'use_marginal': True, 'nb_samples': 1, 'temperature': 1, 'use_gamma': True, 'loss_type': 'normal', 'perturb_w': True, 'perturb_w_prime': True}}[lambda_val] = <class 'float'>(100.0)
{'data_dir': 'data/warcraft_shortest_path/12x12', 'evaluate_with_extra': False, 'normalize': True, 'use_local_path': False, 'use_test_set': True}[data_dir] = <class 'str'>(data/warcraft_shortest_path/24x24)
{'evaluate_every': 5, 'loader_params': {'data_dir': 'data/warcraft_shortest_path/24x24', 'evaluate_with_extra': False, 'normalize': True, 'use_local_path': False, 'use_test_set': True}, 'model_dir': 'results/warcraft_shortest_path_combresnet', 'num_cpus': 16, 'num_epochs': 50, 'problem_type': 'warcraft_shortest_path', 'ray_params': {}, 'save_visualizations': False, 'seed': 1, 'trainer_name': 'DijkstraMAP', 'trainer_params': {'batch_size': 70, 'l1_regconst': 0.0, 'lambda_val': 100.0, 'lr_milestone_1': 30, 'lr_milestone_2': 40, 'model_params': {'arch_params': {}, 'model_name': 'CombResnet18'}, 'neighbourhood_fn': '8-grid', 'optimizer_name': 'Adam', 'optimizer_params': {'lr': 0.0005}, 'preload_batch': True, 'use_cuda': True, 'use_lr_scheduling': True, 'mode': {'type': 0, 'objective_type': 'normal', 'use_marginal': True, 'nb_samples': 1, 'temperature': 1, 'use_gamma': True, 'loss_type': 'normal', 'perturb_w': True, 'perturb_w_prime': True}}, 'use_ray': True}[seed] = <class 'int'>(2)
{'evaluate_every': 5, 'loader_params': {'data_dir': 'data/warcraft_shortest_path/24x24', 'evaluate_with_extra': False, 'normalize': True, 'use_local_path': False, 'use_test_set': True}, 'model_dir': 'results/warcraft_shortest_path_combresnet', 'num_cpus': 16, 'num_epochs': 50, 'problem_type': 'warcraft_shortest_path', 'ray_params': {}, 'save_visualizations': False, 'seed': 2, 'trainer_name': 'DijkstraMAP', 'trainer_params': {'batch_size': 70, 'l1_regconst': 0.0, 'lambda_val': 100.0, 'lr_milestone_1': 30, 'lr_milestone_2': 40, 'model_params': {'arch_params': {}, 'model_name': 'CombResnet18'}, 'neighbourhood_fn': '8-grid', 'optimizer_name': 'Adam', 'optimizer_params': {'lr': 0.0005}, 'preload_batch': True, 'use_cuda': True, 'use_lr_scheduling': True, 'mode': {'type': 0, 'objective_type': 'normal', 'use_marginal': True, 'nb_samples': 1, 'temperature': 1, 'use_gamma': True, 'loss_type': 'normal', 'perturb_w': True, 'perturb_w_prime': True}}, 'use_ray': True}[evaluate_every] = <class 'int'>(1)
{'evaluate_every': 1, 'loader_params': {'data_dir': 'data/warcraft_shortest_path/24x24', 'evaluate_with_extra': False, 'normalize': True, 'use_local_path': False, 'use_test_set': True}, 'model_dir': 'results/warcraft_shortest_path_combresnet', 'num_cpus': 16, 'num_epochs': 50, 'problem_type': 'warcraft_shortest_path', 'ray_params': {}, 'save_visualizations': False, 'seed': 2, 'trainer_name': 'DijkstraMAP', 'trainer_params': {'batch_size': 70, 'l1_regconst': 0.0, 'lambda_val': 100.0, 'lr_milestone_1': 30, 'lr_milestone_2': 40, 'model_params': {'arch_params': {}, 'model_name': 'CombResnet18'}, 'neighbourhood_fn': '8-grid', 'optimizer_name': 'Adam', 'optimizer_params': {'lr': 0.0005}, 'preload_batch': True, 'use_cuda': True, 'use_lr_scheduling': True, 'mode': {'type': 0, 'objective_type': 'normal', 'use_marginal': True, 'nb_samples': 1, 'temperature': 1, 'use_gamma': True, 'loss_type': 'normal', 'perturb_w': True, 'perturb_w_prime': True}}, 'use_ray': True}[use_ray] = <class 'bool'>(False)
No existing entry for trainer_params.mode.type
{}[type] = <class 'int'>(0)
No existing entry for trainer_params.mode.objective_type
{'type': 0}[objective_type] = <class 'str'>(normal)
No existing entry for trainer_params.mode.use_marginal
{'type': 0, 'objective_type': 'normal'}[use_marginal] = <class 'bool'>(True)
No existing entry for trainer_params.mode.nb_samples
{'type': 0, 'objective_type': 'normal', 'use_marginal': True}[nb_samples] = <class 'int'>(1)
No existing entry for trainer_params.mode.temperature
{'type': 0, 'objective_type': 'normal', 'use_marginal': True, 'nb_samples': 1}[temperature] = <class 'int'>(1)
No existing entry for trainer_params.mode.use_gamma
{'type': 0, 'objective_type': 'normal', 'use_marginal': True, 'nb_samples': 1, 'temperature': 1}[use_gamma] = <class 'bool'>(True)
No existing entry for trainer_params.mode.loss_type
{'type': 0, 'objective_type': 'normal', 'use_marginal': True, 'nb_samples': 1, 'temperature': 1, 'use_gamma': True}[loss_type] = <class 'str'>(normal)
No existing entry for trainer_params.mode.perturb_w
{'type': 0, 'objective_type': 'normal', 'use_marginal': True, 'nb_samples': 1, 'temperature': 1, 'use_gamma': True, 'loss_type': 'normal'}[perturb_w] = <class 'bool'>(True)
No existing entry for trainer_params.mode.perturb_w_prime
{'type': 0, 'objective_type': 'normal', 'use_marginal': True, 'nb_samples': 1, 'temperature': 1, 'use_gamma': True, 'loss_type': 'normal', 'perturb_w': True}[perturb_w_prime] = <class 'bool'>(True)
{'batch_size': 70, 'l1_regconst': 0.0, 'lambda_val': 20.0, 'lr_milestone_1': 30, 'lr_milestone_2': 40, 'model_params': {'arch_params': {}, 'model_name': 'CombResnet18'}, 'neighbourhood_fn': '8-grid', 'optimizer_name': 'Adam', 'optimizer_params': {'lr': 0.0005}, 'preload_batch': True, 'use_cuda': True, 'use_lr_scheduling': True, 'mode': {'type': 0, 'objective_type': 'normal', 'use_marginal': True, 'nb_samples': 1, 'temperature': 1, 'use_gamma': True, 'loss_type': 'normal', 'perturb_w': True, 'perturb_w_prime': True}}[lambda_val] = <class 'float'>(100.0)
{'data_dir': 'data/warcraft_shortest_path/12x12', 'evaluate_with_extra': False, 'normalize': True, 'use_local_path': False, 'use_test_set': True}[data_dir] = <class 'str'>(data/warcraft_shortest_path/24x24)
{'evaluate_every': 5, 'loader_params': {'data_dir': 'data/warcraft_shortest_path/24x24', 'evaluate_with_extra': False, 'normalize': True, 'use_local_path': False, 'use_test_set': True}, 'model_dir': 'results/warcraft_shortest_path_combresnet', 'num_cpus': 16, 'num_epochs': 50, 'problem_type': 'warcraft_shortest_path', 'ray_params': {}, 'save_visualizations': False, 'seed': 1, 'trainer_name': 'DijkstraMAP', 'trainer_params': {'batch_size': 70, 'l1_regconst': 0.0, 'lambda_val': 100.0, 'lr_milestone_1': 30, 'lr_milestone_2': 40, 'model_params': {'arch_params': {}, 'model_name': 'CombResnet18'}, 'neighbourhood_fn': '8-grid', 'optimizer_name': 'Adam', 'optimizer_params': {'lr': 0.0005}, 'preload_batch': True, 'use_cuda': True, 'use_lr_scheduling': True, 'mode': {'type': 0, 'objective_type': 'normal', 'use_marginal': True, 'nb_samples': 1, 'temperature': 1, 'use_gamma': True, 'loss_type': 'normal', 'perturb_w': True, 'perturb_w_prime': True}}, 'use_ray': True}[seed] = <class 'int'>(2)
{'evaluate_every': 5, 'loader_params': {'data_dir': 'data/warcraft_shortest_path/24x24', 'evaluate_with_extra': False, 'normalize': True, 'use_local_path': False, 'use_test_set': True}, 'model_dir': 'results/warcraft_shortest_path_combresnet', 'num_cpus': 16, 'num_epochs': 50, 'problem_type': 'warcraft_shortest_path', 'ray_params': {}, 'save_visualizations': False, 'seed': 2, 'trainer_name': 'DijkstraMAP', 'trainer_params': {'batch_size': 70, 'l1_regconst': 0.0, 'lambda_val': 100.0, 'lr_milestone_1': 30, 'lr_milestone_2': 40, 'model_params': {'arch_params': {}, 'model_name': 'CombResnet18'}, 'neighbourhood_fn': '8-grid', 'optimizer_name': 'Adam', 'optimizer_params': {'lr': 0.0005}, 'preload_batch': True, 'use_cuda': True, 'use_lr_scheduling': True, 'mode': {'type': 0, 'objective_type': 'normal', 'use_marginal': True, 'nb_samples': 1, 'temperature': 1, 'use_gamma': True, 'loss_type': 'normal', 'perturb_w': True, 'perturb_w_prime': True}}, 'use_ray': True}[evaluate_every] = <class 'int'>(1)
{'evaluate_every': 1, 'loader_params': {'data_dir': 'data/warcraft_shortest_path/24x24', 'evaluate_with_extra': False, 'normalize': True, 'use_local_path': False, 'use_test_set': True}, 'model_dir': 'results/warcraft_shortest_path_combresnet', 'num_cpus': 16, 'num_epochs': 50, 'problem_type': 'warcraft_shortest_path', 'ray_params': {}, 'save_visualizations': False, 'seed': 2, 'trainer_name': 'DijkstraMAP', 'trainer_params': {'batch_size': 70, 'l1_regconst': 0.0, 'lambda_val': 100.0, 'lr_milestone_1': 30, 'lr_milestone_2': 40, 'model_params': {'arch_params': {}, 'model_name': 'CombResnet18'}, 'neighbourhood_fn': '8-grid', 'optimizer_name': 'Adam', 'optimizer_params': {'lr': 0.0005}, 'preload_batch': True, 'use_cuda': True, 'use_lr_scheduling': True, 'mode': {'type': 0, 'objective_type': 'normal', 'use_marginal': True, 'nb_samples': 1, 'temperature': 1, 'use_gamma': True, 'loss_type': 'normal', 'perturb_w': True, 'perturb_w_prime': True}}, 'use_ray': True}[use_ray] = <class 'bool'>(False)
{
    "evaluate_every": 1,
    "loader_params": {
        "data_dir": "data/warcraft_shortest_path/24x24",
        "evaluate_with_extra": false,
        "normalize": true,
        "use_local_path": false,
        "use_test_set": true
    },
    "model_dir": "results/warcraft_shortest_path_combresnet",
    "num_cpus": 16,
    "num_epochs": 50,
    "problem_type": "warcraft_shortest_path",
    "ray_params": {},
    "save_visualizations": false,
    "seed": 2,
    "trainer_name": "DijkstraMAP",
    "trainer_params": {
        "batch_size": 70,
        "l1_regconst": 0.0,
        "lambda_val": 100.0,
        "lr_milestone_1": 30,
        "lr_milestone_2": 40,
        "mode": {
            "loss_type": "normal",
            "nb_samples": 1,
            "objective_type": "normal",
            "perturb_w": true,
            "perturb_w_prime": true,
            "temperature": 1,
            "type": 0,
            "use_gamma": true,
            "use_marginal": true
        },
        "model_params": {
            "arch_params": {},
            "model_name": "CombResnet18"
        },
        "neighbourhood_fn": "8-grid",
        "optimizer_name": "Adam",
        "optimizer_params": {
            "lr": 0.0005
        },
        "preload_batch": true,
        "use_cuda": true,
        "use_lr_scheduling": true
    },
    "use_ray": false
}
MAP-BACKPROP MODE: {
    "loss_type": "normal",
    "nb_samples": 1,
    "objective_type": "normal",
    "perturb_w": true,
    "perturb_w_prime": true,
    "temperature": 1,
    "type": 0,
    "use_gamma": true,
    "use_marginal": true
}
True
META: {'input_image_size': 192, 'output_features': 576, 'num_channels': 3, 'denormalize': <maprop.decorators.input_to_numpy object at 0x2b05468e0588>}
EVALUATING
{'loss': 42.854000663757326, 'accuracy': 0.9256007146835327, 'perfect_match_accuracy': 0.005, 'cost_ratio_suggested_true': 2.8464834785461424, 'below_10.0_percent_acc': 0.064, 'below_1.0_percent_acc': 0.013, 'below_0.1_percent_acc': 0.011, 'below_0.01_percent_acc': 0.011, 'below_0.001_percent_acc': 0.011, 'below_0.0001_percent_acc': 0.011, 'valid_acc': 1.0}
Epoch: 1	Batch time (1.668439)	Data time (0.029888)	Cuda time (0.000002)	Loss (27.584801)	Accuracy (0.952110)
EVALUATING
{'loss': 15.532000522613526, 'accuracy': 0.9730347329378128, 'perfect_match_accuracy': 0.275, 'cost_ratio_suggested_true': 1.1569553291797638, 'below_10.0_percent_acc': 0.905, 'below_1.0_percent_acc': 0.584, 'below_0.1_percent_acc': 0.525, 'below_0.01_percent_acc': 0.525, 'below_0.001_percent_acc': 0.51, 'below_0.0001_percent_acc': 0.509, 'valid_acc': 1.0}
Epoch: 2	Batch time (1.664243)	Data time (0.030776)	Cuda time (0.000002)	Loss (22.087201)	Accuracy (0.961654)
EVALUATING
{'loss': 13.128000459671021, 'accuracy': 0.9772083431482315, 'perfect_match_accuracy': 0.348, 'cost_ratio_suggested_true': 1.1109664988517762, 'below_10.0_percent_acc': 0.966, 'below_1.0_percent_acc': 0.65, 'below_0.1_percent_acc': 0.571, 'below_0.01_percent_acc': 0.571, 'below_0.001_percent_acc': 0.558, 'below_0.0001_percent_acc': 0.557, 'valid_acc': 1.0}
Epoch: 3	Batch time (1.661117)	Data time (0.027358)	Cuda time (0.000002)	Loss (20.082601)	Accuracy (0.965134)
EVALUATING
{'loss': 11.487000484466552, 'accuracy': 0.980057317018509, 'perfect_match_accuracy': 0.413, 'cost_ratio_suggested_true': 1.109224771261215, 'below_10.0_percent_acc': 0.966, 'below_1.0_percent_acc': 0.717, 'below_0.1_percent_acc': 0.654, 'below_0.01_percent_acc': 0.653, 'below_0.001_percent_acc': 0.623, 'below_0.0001_percent_acc': 0.622, 'valid_acc': 1.0}
Epoch: 4	Batch time (1.661822)	Data time (0.026917)	Cuda time (0.000002)	Loss (18.895701)	Accuracy (0.967195)
EVALUATING
{'loss': 10.176000471115112, 'accuracy': 0.9823333513736725, 'perfect_match_accuracy': 0.449, 'cost_ratio_suggested_true': 1.0769113409519195, 'below_10.0_percent_acc': 0.982, 'below_1.0_percent_acc': 0.747, 'below_0.1_percent_acc': 0.681, 'below_0.01_percent_acc': 0.681, 'below_0.001_percent_acc': 0.67, 'below_0.0001_percent_acc': 0.669, 'valid_acc': 1.0}
Epoch: 5	Batch time (1.661875)	Data time (0.027802)	Cuda time (0.000002)	Loss (18.002801)	Accuracy (0.968745)
EVALUATING
{'loss': 12.078000411987304, 'accuracy': 0.9790312701463699, 'perfect_match_accuracy': 0.389, 'cost_ratio_suggested_true': 1.1056355381011962, 'below_10.0_percent_acc': 0.957, 'below_1.0_percent_acc': 0.705, 'below_0.1_percent_acc': 0.637, 'below_0.01_percent_acc': 0.637, 'below_0.001_percent_acc': 0.63, 'below_0.0001_percent_acc': 0.629, 'valid_acc': 1.0}
Epoch: 6	Batch time (1.633636)	Data time (0.028541)	Cuda time (0.000002)	Loss (17.090401)	Accuracy (0.970329)
EVALUATING
{'loss': 9.963000288009644, 'accuracy': 0.9827031415700912, 'perfect_match_accuracy': 0.458, 'cost_ratio_suggested_true': 1.0671633398532867, 'below_10.0_percent_acc': 0.989, 'below_1.0_percent_acc': 0.757, 'below_0.1_percent_acc': 0.687, 'below_0.01_percent_acc': 0.687, 'below_0.001_percent_acc': 0.666, 'below_0.0001_percent_acc': 0.666, 'valid_acc': 1.0}
Epoch: 7	Batch time (1.646166)	Data time (0.026758)	Cuda time (0.000002)	Loss (16.408601)	Accuracy (0.971513)
EVALUATING
{'loss': 10.579000415802001, 'accuracy': 0.9816337037086487, 'perfect_match_accuracy': 0.44, 'cost_ratio_suggested_true': 1.079432682991028, 'below_10.0_percent_acc': 0.971, 'below_1.0_percent_acc': 0.727, 'below_0.1_percent_acc': 0.67, 'below_0.01_percent_acc': 0.67, 'below_0.001_percent_acc': 0.652, 'below_0.0001_percent_acc': 0.652, 'valid_acc': 1.0}
Epoch: 8	Batch time (1.657169)	Data time (0.026529)	Cuda time (0.000002)	Loss (16.117401)	Accuracy (0.972018)
EVALUATING
{'loss': 10.15200035572052, 'accuracy': 0.9823750144243241, 'perfect_match_accuracy': 0.444, 'cost_ratio_suggested_true': 1.0615768706798554, 'below_10.0_percent_acc': 0.991, 'below_1.0_percent_acc': 0.741, 'below_0.1_percent_acc': 0.68, 'below_0.01_percent_acc': 0.68, 'below_0.001_percent_acc': 0.651, 'below_0.0001_percent_acc': 0.65, 'valid_acc': 1.0}
Epoch: 9	Batch time (1.667686)	Data time (0.026679)	Cuda time (0.000002)	Loss (15.494101)	Accuracy (0.973101)
EVALUATING
{'loss': 9.651000385284425, 'accuracy': 0.9832448017597198, 'perfect_match_accuracy': 0.492, 'cost_ratio_suggested_true': 1.0674426209926606, 'below_10.0_percent_acc': 0.983, 'below_1.0_percent_acc': 0.772, 'below_0.1_percent_acc': 0.717, 'below_0.01_percent_acc': 0.717, 'below_0.001_percent_acc': 0.689, 'below_0.0001_percent_acc': 0.688, 'valid_acc': 1.0}
Epoch: 10	Batch time (1.659514)	Data time (0.027078)	Cuda time (0.000002)	Loss (14.899700)	Accuracy (0.974132)
EVALUATING
{'loss': 8.799000177383423, 'accuracy': 0.9847239619493484, 'perfect_match_accuracy': 0.512, 'cost_ratio_suggested_true': 1.0627583301067351, 'below_10.0_percent_acc': 0.988, 'below_1.0_percent_acc': 0.806, 'below_0.1_percent_acc': 0.735, 'below_0.01_percent_acc': 0.735, 'below_0.001_percent_acc': 0.715, 'below_0.0001_percent_acc': 0.715, 'valid_acc': 1.0}
Epoch: 11	Batch time (1.653954)	Data time (0.026715)	Cuda time (0.000002)	Loss (14.424800)	Accuracy (0.974957)
EVALUATING
{'loss': 8.546000399589538, 'accuracy': 0.9851632070541382, 'perfect_match_accuracy': 0.493, 'cost_ratio_suggested_true': 1.0512192845344543, 'below_10.0_percent_acc': 0.995, 'below_1.0_percent_acc': 0.778, 'below_0.1_percent_acc': 0.717, 'below_0.01_percent_acc': 0.717, 'below_0.001_percent_acc': 0.709, 'below_0.0001_percent_acc': 0.709, 'valid_acc': 1.0}
Epoch: 12	Batch time (1.655335)	Data time (0.026389)	Cuda time (0.000002)	Loss (14.159001)	Accuracy (0.975418)
EVALUATING
{'loss': 9.123000440597535, 'accuracy': 0.9841614681482315, 'perfect_match_accuracy': 0.498, 'cost_ratio_suggested_true': 1.0550318109989165, 'below_10.0_percent_acc': 0.994, 'below_1.0_percent_acc': 0.789, 'below_0.1_percent_acc': 0.722, 'below_0.01_percent_acc': 0.722, 'below_0.001_percent_acc': 0.703, 'below_0.0001_percent_acc': 0.703, 'valid_acc': 1.0}
Epoch: 13	Batch time (1.651754)	Data time (0.026789)	Cuda time (0.000002)	Loss (14.133000)	Accuracy (0.975464)
EVALUATING
{'loss': 7.9500003433227535, 'accuracy': 0.98619793176651, 'perfect_match_accuracy': 0.519, 'cost_ratio_suggested_true': 1.0519996201992035, 'below_10.0_percent_acc': 0.998, 'below_1.0_percent_acc': 0.825, 'below_0.1_percent_acc': 0.766, 'below_0.01_percent_acc': 0.766, 'below_0.001_percent_acc': 0.734, 'below_0.0001_percent_acc': 0.734, 'valid_acc': 1.0}
Epoch: 14	Batch time (1.658449)	Data time (0.033942)	Cuda time (0.000002)	Loss (13.478100)	Accuracy (0.976601)
EVALUATING
{'loss': 8.283000283241272, 'accuracy': 0.9856198137998581, 'perfect_match_accuracy': 0.55, 'cost_ratio_suggested_true': 1.0513867115974427, 'below_10.0_percent_acc': 0.993, 'below_1.0_percent_acc': 0.805, 'below_0.1_percent_acc': 0.754, 'below_0.01_percent_acc': 0.754, 'below_0.001_percent_acc': 0.729, 'below_0.0001_percent_acc': 0.729, 'valid_acc': 1.0}
Epoch: 15	Batch time (1.663420)	Data time (0.036370)	Cuda time (0.000002)	Loss (13.255300)	Accuracy (0.976987)
EVALUATING
{'loss': 7.954000220298767, 'accuracy': 0.9861909884214402, 'perfect_match_accuracy': 0.541, 'cost_ratio_suggested_true': 1.050832837820053, 'below_10.0_percent_acc': 0.995, 'below_1.0_percent_acc': 0.831, 'below_0.1_percent_acc': 0.782, 'below_0.01_percent_acc': 0.782, 'below_0.001_percent_acc': 0.752, 'below_0.0001_percent_acc': 0.751, 'valid_acc': 1.0}
Epoch: 16	Batch time (1.673790)	Data time (0.034584)	Cuda time (0.000002)	Loss (12.713200)	Accuracy (0.977928)
EVALUATING
{'loss': 8.868000302314758, 'accuracy': 0.9846041816473007, 'perfect_match_accuracy': 0.519, 'cost_ratio_suggested_true': 1.063347316980362, 'below_10.0_percent_acc': 0.993, 'below_1.0_percent_acc': 0.8, 'below_0.1_percent_acc': 0.751, 'below_0.01_percent_acc': 0.751, 'below_0.001_percent_acc': 0.718, 'below_0.0001_percent_acc': 0.716, 'valid_acc': 1.0}
Epoch: 17	Batch time (1.662791)	Data time (0.028753)	Cuda time (0.000002)	Loss (12.666200)	Accuracy (0.978010)
EVALUATING
{'loss': 8.196000242233277, 'accuracy': 0.9857708442211152, 'perfect_match_accuracy': 0.537, 'cost_ratio_suggested_true': 1.0551186835765838, 'below_10.0_percent_acc': 0.996, 'below_1.0_percent_acc': 0.826, 'below_0.1_percent_acc': 0.765, 'below_0.01_percent_acc': 0.765, 'below_0.001_percent_acc': 0.746, 'below_0.0001_percent_acc': 0.746, 'valid_acc': 1.0}
Epoch: 18	Batch time (1.666415)	Data time (0.028115)	Cuda time (0.000002)	Loss (12.115800)	Accuracy (0.978966)
EVALUATING
{'loss': 8.609000487327576, 'accuracy': 0.9850538408756256, 'perfect_match_accuracy': 0.527, 'cost_ratio_suggested_true': 1.0486318385601043, 'below_10.0_percent_acc': 0.997, 'below_1.0_percent_acc': 0.803, 'below_0.1_percent_acc': 0.735, 'below_0.01_percent_acc': 0.735, 'below_0.001_percent_acc': 0.71, 'below_0.0001_percent_acc': 0.709, 'valid_acc': 1.0}
Epoch: 19	Batch time (1.664111)	Data time (0.027402)	Cuda time (0.000002)	Loss (12.071200)	Accuracy (0.979043)
EVALUATING
{'loss': 8.292000303268432, 'accuracy': 0.9856041783094406, 'perfect_match_accuracy': 0.523, 'cost_ratio_suggested_true': 1.0504302525520324, 'below_10.0_percent_acc': 0.998, 'below_1.0_percent_acc': 0.831, 'below_0.1_percent_acc': 0.763, 'below_0.01_percent_acc': 0.763, 'below_0.001_percent_acc': 0.746, 'below_0.0001_percent_acc': 0.746, 'valid_acc': 1.0}
Epoch: 20	Batch time (1.659296)	Data time (0.028020)	Cuda time (0.000002)	Loss (11.928300)	Accuracy (0.979291)
EVALUATING
{'loss': 7.921000409126282, 'accuracy': 0.9862482732534409, 'perfect_match_accuracy': 0.555, 'cost_ratio_suggested_true': 1.0505318558216095, 'below_10.0_percent_acc': 0.997, 'below_1.0_percent_acc': 0.821, 'below_0.1_percent_acc': 0.77, 'below_0.01_percent_acc': 0.77, 'below_0.001_percent_acc': 0.749, 'below_0.0001_percent_acc': 0.749, 'valid_acc': 1.0}
Epoch: 21	Batch time (1.661018)	Data time (0.027879)	Cuda time (0.000002)	Loss (11.787300)	Accuracy (0.979536)
EVALUATING
{'loss': 8.246000394821166, 'accuracy': 0.9856840407848358, 'perfect_match_accuracy': 0.546, 'cost_ratio_suggested_true': 1.0486527037620545, 'below_10.0_percent_acc': 1.0, 'below_1.0_percent_acc': 0.819, 'below_0.1_percent_acc': 0.762, 'below_0.01_percent_acc': 0.762, 'below_0.001_percent_acc': 0.74, 'below_0.0001_percent_acc': 0.739, 'valid_acc': 1.0}
Epoch: 22	Batch time (1.664663)	Data time (0.027769)	Cuda time (0.000002)	Loss (11.324700)	Accuracy (0.980339)
EVALUATING
{'loss': 9.23400029182434, 'accuracy': 0.983968761563301, 'perfect_match_accuracy': 0.512, 'cost_ratio_suggested_true': 1.0622572553157807, 'below_10.0_percent_acc': 0.989, 'below_1.0_percent_acc': 0.784, 'below_0.1_percent_acc': 0.721, 'below_0.01_percent_acc': 0.721, 'below_0.001_percent_acc': 0.696, 'below_0.0001_percent_acc': 0.695, 'valid_acc': 1.0}
Epoch: 23	Batch time (1.665922)	Data time (0.028485)	Cuda time (0.000003)	Loss (11.349100)	Accuracy (0.980297)
EVALUATING
{'loss': 8.35800030708313, 'accuracy': 0.9854895979166031, 'perfect_match_accuracy': 0.561, 'cost_ratio_suggested_true': 1.061137297153473, 'below_10.0_percent_acc': 0.996, 'below_1.0_percent_acc': 0.833, 'below_0.1_percent_acc': 0.779, 'below_0.01_percent_acc': 0.779, 'below_0.001_percent_acc': 0.758, 'below_0.0001_percent_acc': 0.757, 'valid_acc': 1.0}
Epoch: 24	Batch time (1.658119)	Data time (0.027554)	Cuda time (0.000002)	Loss (11.056700)	Accuracy (0.980804)
EVALUATING
{'loss': 8.508000330924988, 'accuracy': 0.9852291834354401, 'perfect_match_accuracy': 0.502, 'cost_ratio_suggested_true': 1.042253497838974, 'below_10.0_percent_acc': 0.997, 'below_1.0_percent_acc': 0.824, 'below_0.1_percent_acc': 0.758, 'below_0.01_percent_acc': 0.758, 'below_0.001_percent_acc': 0.743, 'below_0.0001_percent_acc': 0.743, 'valid_acc': 1.0}
Epoch: 25	Batch time (1.664299)	Data time (0.028831)	Cuda time (0.000002)	Loss (10.770400)	Accuracy (0.981301)
EVALUATING
{'loss': 8.452000255584716, 'accuracy': 0.9853264051675796, 'perfect_match_accuracy': 0.524, 'cost_ratio_suggested_true': 1.0479497396945954, 'below_10.0_percent_acc': 0.997, 'below_1.0_percent_acc': 0.803, 'below_0.1_percent_acc': 0.736, 'below_0.01_percent_acc': 0.736, 'below_0.001_percent_acc': 0.72, 'below_0.0001_percent_acc': 0.72, 'valid_acc': 1.0}
Epoch: 26	Batch time (1.664994)	Data time (0.027905)	Cuda time (0.000002)	Loss (10.581900)	Accuracy (0.981629)
EVALUATING
{'loss': 7.911000285148621, 'accuracy': 0.9862656414508819, 'perfect_match_accuracy': 0.556, 'cost_ratio_suggested_true': 1.0433971405029296, 'below_10.0_percent_acc': 0.998, 'below_1.0_percent_acc': 0.844, 'below_0.1_percent_acc': 0.782, 'below_0.01_percent_acc': 0.782, 'below_0.001_percent_acc': 0.762, 'below_0.0001_percent_acc': 0.762, 'valid_acc': 1.0}
Epoch: 27	Batch time (1.663776)	Data time (0.028454)	Cuda time (0.000002)	Loss (10.577800)	Accuracy (0.981636)
EVALUATING
{'loss': 8.572000360488891, 'accuracy': 0.9851180678606033, 'perfect_match_accuracy': 0.552, 'cost_ratio_suggested_true': 1.064255760908127, 'below_10.0_percent_acc': 0.992, 'below_1.0_percent_acc': 0.822, 'below_0.1_percent_acc': 0.77, 'below_0.01_percent_acc': 0.769, 'below_0.001_percent_acc': 0.746, 'below_0.0001_percent_acc': 0.745, 'valid_acc': 1.0}
Epoch: 28	Batch time (1.655168)	Data time (0.029453)	Cuda time (0.000002)	Loss (10.293500)	Accuracy (0.982129)
EVALUATING
{'loss': 8.282000164985657, 'accuracy': 0.9856215417385101, 'perfect_match_accuracy': 0.555, 'cost_ratio_suggested_true': 1.0518304026126861, 'below_10.0_percent_acc': 0.999, 'below_1.0_percent_acc': 0.828, 'below_0.1_percent_acc': 0.778, 'below_0.01_percent_acc': 0.777, 'below_0.001_percent_acc': 0.737, 'below_0.0001_percent_acc': 0.736, 'valid_acc': 1.0}
Epoch: 29	Batch time (1.650824)	Data time (0.027956)	Cuda time (0.000002)	Loss (10.238300)	Accuracy (0.982225)
EVALUATING
{'loss': 7.238000345230103, 'accuracy': 0.9874340444803238, 'perfect_match_accuracy': 0.593, 'cost_ratio_suggested_true': 1.0394594299793243, 'below_10.0_percent_acc': 0.999, 'below_1.0_percent_acc': 0.86, 'below_0.1_percent_acc': 0.814, 'below_0.01_percent_acc': 0.814, 'below_0.001_percent_acc': 0.798, 'below_0.0001_percent_acc': 0.798, 'valid_acc': 1.0}
Epoch: 30	Batch time (1.660893)	Data time (0.028528)	Cuda time (0.000002)	Loss (9.881100)	Accuracy (0.982845)
EVALUATING
{'loss': 7.498000330924988, 'accuracy': 0.9869826483726502, 'perfect_match_accuracy': 0.591, 'cost_ratio_suggested_true': 1.046370438337326, 'below_10.0_percent_acc': 0.998, 'below_1.0_percent_acc': 0.849, 'below_0.1_percent_acc': 0.806, 'below_0.01_percent_acc': 0.806, 'below_0.001_percent_acc': 0.786, 'below_0.0001_percent_acc': 0.786, 'valid_acc': 1.0}
Epoch: 31	Batch time (1.649224)	Data time (0.028160)	Cuda time (0.000002)	Loss (8.899900)	Accuracy (0.984549)
EVALUATING
{'loss': 7.026000378131866, 'accuracy': 0.9878020930290222, 'perfect_match_accuracy': 0.606, 'cost_ratio_suggested_true': 1.0412904345989227, 'below_10.0_percent_acc': 0.999, 'below_1.0_percent_acc': 0.86, 'below_0.1_percent_acc': 0.811, 'below_0.01_percent_acc': 0.811, 'below_0.001_percent_acc': 0.786, 'below_0.0001_percent_acc': 0.785, 'valid_acc': 1.0}
Epoch: 32	Batch time (1.656159)	Data time (0.027535)	Cuda time (0.000002)	Loss (8.529400)	Accuracy (0.985192)
EVALUATING
{'loss': 7.059000248908997, 'accuracy': 0.9877448016405106, 'perfect_match_accuracy': 0.613, 'cost_ratio_suggested_true': 1.045145617723465, 'below_10.0_percent_acc': 0.998, 'below_1.0_percent_acc': 0.854, 'below_0.1_percent_acc': 0.807, 'below_0.01_percent_acc': 0.807, 'below_0.001_percent_acc': 0.788, 'below_0.0001_percent_acc': 0.787, 'valid_acc': 1.0}
Epoch: 33	Batch time (1.659051)	Data time (0.027652)	Cuda time (0.000002)	Loss (8.395100)	Accuracy (0.985425)
EVALUATING
{'loss': 7.355000252723694, 'accuracy': 0.9872309112548828, 'perfect_match_accuracy': 0.601, 'cost_ratio_suggested_true': 1.047050393819809, 'below_10.0_percent_acc': 0.998, 'below_1.0_percent_acc': 0.851, 'below_0.1_percent_acc': 0.803, 'below_0.01_percent_acc': 0.803, 'below_0.001_percent_acc': 0.785, 'below_0.0001_percent_acc': 0.784, 'valid_acc': 1.0}
Epoch: 34	Batch time (1.653074)	Data time (0.027655)	Cuda time (0.000002)	Loss (8.547500)	Accuracy (0.985161)
EVALUATING
{'loss': 7.118000202178955, 'accuracy': 0.9876423764228821, 'perfect_match_accuracy': 0.612, 'cost_ratio_suggested_true': 1.0420355212688446, 'below_10.0_percent_acc': 0.997, 'below_1.0_percent_acc': 0.858, 'below_0.1_percent_acc': 0.809, 'below_0.01_percent_acc': 0.809, 'below_0.001_percent_acc': 0.79, 'below_0.0001_percent_acc': 0.789, 'valid_acc': 1.0}
Epoch: 35	Batch time (1.659568)	Data time (0.028021)	Cuda time (0.000002)	Loss (8.583600)	Accuracy (0.985098)
EVALUATING
{'loss': 7.259000191688537, 'accuracy': 0.9873975831270217, 'perfect_match_accuracy': 0.613, 'cost_ratio_suggested_true': 1.0421716272830963, 'below_10.0_percent_acc': 0.998, 'below_1.0_percent_acc': 0.859, 'below_0.1_percent_acc': 0.812, 'below_0.01_percent_acc': 0.812, 'below_0.001_percent_acc': 0.79, 'below_0.0001_percent_acc': 0.789, 'valid_acc': 1.0}
Epoch: 36	Batch time (1.663329)	Data time (0.028210)	Cuda time (0.000002)	Loss (8.167900)	Accuracy (0.985820)
EVALUATING
{'loss': 7.01800021648407, 'accuracy': 0.9878159922361374, 'perfect_match_accuracy': 0.616, 'cost_ratio_suggested_true': 1.041500416994095, 'below_10.0_percent_acc': 0.999, 'below_1.0_percent_acc': 0.852, 'below_0.1_percent_acc': 0.803, 'below_0.01_percent_acc': 0.803, 'below_0.001_percent_acc': 0.785, 'below_0.0001_percent_acc': 0.784, 'valid_acc': 1.0}
Epoch: 37	Batch time (1.661084)	Data time (0.027762)	Cuda time (0.000002)	Loss (8.303400)	Accuracy (0.985584)
EVALUATING
{'loss': 7.084000234603882, 'accuracy': 0.9877014046907425, 'perfect_match_accuracy': 0.609, 'cost_ratio_suggested_true': 1.043321658372879, 'below_10.0_percent_acc': 0.998, 'below_1.0_percent_acc': 0.859, 'below_0.1_percent_acc': 0.818, 'below_0.01_percent_acc': 0.818, 'below_0.001_percent_acc': 0.795, 'below_0.0001_percent_acc': 0.794, 'valid_acc': 1.0}
Epoch: 38	Batch time (1.663473)	Data time (0.028080)	Cuda time (0.000002)	Loss (8.043400)	Accuracy (0.986036)
EVALUATING
{'loss': 7.087000236511231, 'accuracy': 0.9876961892843247, 'perfect_match_accuracy': 0.611, 'cost_ratio_suggested_true': 1.0466861498355866, 'below_10.0_percent_acc': 0.999, 'below_1.0_percent_acc': 0.855, 'below_0.1_percent_acc': 0.81, 'below_0.01_percent_acc': 0.81, 'below_0.001_percent_acc': 0.792, 'below_0.0001_percent_acc': 0.791, 'valid_acc': 1.0}
Epoch: 39	Batch time (1.655283)	Data time (0.027639)	Cuda time (0.000002)	Loss (8.078200)	Accuracy (0.985975)
EVALUATING
{'loss': 7.07000011920929, 'accuracy': 0.987725710272789, 'perfect_match_accuracy': 0.607, 'cost_ratio_suggested_true': 1.041946407556534, 'below_10.0_percent_acc': 0.998, 'below_1.0_percent_acc': 0.851, 'below_0.1_percent_acc': 0.802, 'below_0.01_percent_acc': 0.802, 'below_0.001_percent_acc': 0.784, 'below_0.0001_percent_acc': 0.783, 'valid_acc': 1.0}
Epoch: 40	Batch time (1.662375)	Data time (0.028005)	Cuda time (0.000002)	Loss (8.172500)	Accuracy (0.985812)
EVALUATING
{'loss': 6.84000024318695, 'accuracy': 0.9881250178813934, 'perfect_match_accuracy': 0.625, 'cost_ratio_suggested_true': 1.0405522310733795, 'below_10.0_percent_acc': 0.998, 'below_1.0_percent_acc': 0.863, 'below_0.1_percent_acc': 0.819, 'below_0.01_percent_acc': 0.819, 'below_0.001_percent_acc': 0.799, 'below_0.0001_percent_acc': 0.798, 'valid_acc': 1.0}
Epoch: 41	Batch time (1.659034)	Data time (0.028289)	Cuda time (0.000002)	Loss (8.124700)	Accuracy (0.985895)
EVALUATING
{'loss': 6.931000227928162, 'accuracy': 0.9879670345783234, 'perfect_match_accuracy': 0.616, 'cost_ratio_suggested_true': 1.0421082413196563, 'below_10.0_percent_acc': 0.998, 'below_1.0_percent_acc': 0.862, 'below_0.1_percent_acc': 0.813, 'below_0.01_percent_acc': 0.813, 'below_0.001_percent_acc': 0.793, 'below_0.0001_percent_acc': 0.792, 'valid_acc': 1.0}
Epoch: 42	Batch time (1.665988)	Data time (0.028488)	Cuda time (0.000002)	Loss (7.962900)	Accuracy (0.986176)
EVALUATING
{'loss': 7.1390002155303955, 'accuracy': 0.9876059114933013, 'perfect_match_accuracy': 0.613, 'cost_ratio_suggested_true': 1.0431259882450103, 'below_10.0_percent_acc': 0.998, 'below_1.0_percent_acc': 0.855, 'below_0.1_percent_acc': 0.81, 'below_0.01_percent_acc': 0.81, 'below_0.001_percent_acc': 0.792, 'below_0.0001_percent_acc': 0.791, 'valid_acc': 1.0}
Epoch: 43	Batch time (1.663688)	Data time (0.028529)	Cuda time (0.000002)	Loss (7.749700)	Accuracy (0.986546)
EVALUATING
{'loss': 7.1830004215240475, 'accuracy': 0.9875295245647431, 'perfect_match_accuracy': 0.609, 'cost_ratio_suggested_true': 1.0430271959304809, 'below_10.0_percent_acc': 0.998, 'below_1.0_percent_acc': 0.855, 'below_0.1_percent_acc': 0.807, 'below_0.01_percent_acc': 0.807, 'below_0.001_percent_acc': 0.789, 'below_0.0001_percent_acc': 0.788, 'valid_acc': 1.0}
Epoch: 44	Batch time (1.672138)	Data time (0.027926)	Cuda time (0.000002)	Loss (8.172100)	Accuracy (0.985812)
EVALUATING
{'loss': 7.150000429153442, 'accuracy': 0.9875868183374404, 'perfect_match_accuracy': 0.612, 'cost_ratio_suggested_true': 1.0441466522216798, 'below_10.0_percent_acc': 0.998, 'below_1.0_percent_acc': 0.857, 'below_0.1_percent_acc': 0.81, 'below_0.01_percent_acc': 0.81, 'below_0.001_percent_acc': 0.791, 'below_0.0001_percent_acc': 0.79, 'valid_acc': 1.0}
Epoch: 45	Batch time (1.652514)	Data time (0.027817)	Cuda time (0.000002)	Loss (7.779900)	Accuracy (0.986493)
EVALUATING
{'loss': 7.194000377655029, 'accuracy': 0.9875104296207428, 'perfect_match_accuracy': 0.614, 'cost_ratio_suggested_true': 1.0427117991447448, 'below_10.0_percent_acc': 0.998, 'below_1.0_percent_acc': 0.853, 'below_0.1_percent_acc': 0.808, 'below_0.01_percent_acc': 0.808, 'below_0.001_percent_acc': 0.79, 'below_0.0001_percent_acc': 0.789, 'valid_acc': 1.0}
Epoch: 46	Batch time (1.652859)	Data time (0.027505)	Cuda time (0.000002)	Loss (7.784700)	Accuracy (0.986485)
EVALUATING
{'loss': 7.269000353813172, 'accuracy': 0.9873802179098129, 'perfect_match_accuracy': 0.604, 'cost_ratio_suggested_true': 1.0443434727191925, 'below_10.0_percent_acc': 0.998, 'below_1.0_percent_acc': 0.851, 'below_0.1_percent_acc': 0.802, 'below_0.01_percent_acc': 0.802, 'below_0.001_percent_acc': 0.783, 'below_0.0001_percent_acc': 0.782, 'valid_acc': 1.0}
Epoch: 47	Batch time (1.661470)	Data time (0.028322)	Cuda time (0.000002)	Loss (7.894000)	Accuracy (0.986295)
EVALUATING
{'loss': 7.048000268936157, 'accuracy': 0.987763900756836, 'perfect_match_accuracy': 0.613, 'cost_ratio_suggested_true': 1.041572481393814, 'below_10.0_percent_acc': 0.998, 'below_1.0_percent_acc': 0.859, 'below_0.1_percent_acc': 0.811, 'below_0.01_percent_acc': 0.811, 'below_0.001_percent_acc': 0.792, 'below_0.0001_percent_acc': 0.791, 'valid_acc': 1.0}
Epoch: 48	Batch time (1.653125)	Data time (0.028147)	Cuda time (0.000002)	Loss (7.767600)	Accuracy (0.986515)
EVALUATING
{'loss': 7.102000308036804, 'accuracy': 0.987670146226883, 'perfect_match_accuracy': 0.612, 'cost_ratio_suggested_true': 1.0438621175289153, 'below_10.0_percent_acc': 0.998, 'below_1.0_percent_acc': 0.856, 'below_0.1_percent_acc': 0.808, 'below_0.01_percent_acc': 0.808, 'below_0.001_percent_acc': 0.789, 'below_0.0001_percent_acc': 0.788, 'valid_acc': 1.0}
Epoch: 49	Batch time (1.657757)	Data time (0.028309)	Cuda time (0.000002)	Loss (7.749300)	Accuracy (0.986546)
EVALUATING
{'loss': 7.042000370025635, 'accuracy': 0.9877743166685105, 'perfect_match_accuracy': 0.611, 'cost_ratio_suggested_true': 1.0419413292407989, 'below_10.0_percent_acc': 0.998, 'below_1.0_percent_acc': 0.859, 'below_0.1_percent_acc': 0.812, 'below_0.01_percent_acc': 0.812, 'below_0.001_percent_acc': 0.793, 'below_0.0001_percent_acc': 0.792, 'valid_acc': 1.0}
Epoch: 50	Batch time (1.685338)	Data time (0.029042)	Cuda time (0.000002)	Loss (7.888900)	Accuracy (0.986304)
EVALUATING
{'loss': 7.0100003480911255, 'accuracy': 0.9878298723697663, 'perfect_match_accuracy': 0.613, 'cost_ratio_suggested_true': 1.041445175409317, 'below_10.0_percent_acc': 0.998, 'below_1.0_percent_acc': 0.859, 'below_0.1_percent_acc': 0.81, 'below_0.01_percent_acc': 0.81, 'below_0.001_percent_acc': 0.791, 'below_0.0001_percent_acc': 0.79, 'valid_acc': 1.0}
