gonzo-605-19.local
declare -x ANT_HOME="/opt/rocks"
declare -x ARC="lx-amd64"
declare -x BASH_ENV="/usr/share/lmod/lmod/init/bash"
declare -x CONDA_DEFAULT_ENV="gpu"
declare -x CONDA_EXE="/home/pminervi/anaconda3/bin/conda"
declare -x CONDA_PREFIX="/home/pminervi/anaconda3/envs/gpu"
declare -x CONDA_PREFIX_1="/home/pminervi/anaconda3/envs/cpu"
declare -x CONDA_PROMPT_MODIFIER="(gpu) "
declare -x CONDA_PYTHON_EXE="/home/pminervi/anaconda3/bin/python"
declare -x CONDA_SHLVL="2"
declare -x CUDA_VISIBLE_DEVICES="2"
declare -x ENVIRONMENT="BATCH"
declare -x HISTCONTROL="ignoredups"
declare -x HISTSIZE="1000"
declare -x HOME="/home/pminervi"
declare -x HOSTNAME="gonzo-605-19.local"
declare -x JAVA_HOME="/share/apps/mr/utils/jdk"
declare -x JOB_ID="2811022"
declare -x JOB_NAME="temperature_beaker_v10.job"
declare -x JOB_SCRIPT="/opt/gridengine/default/spool/gonzo-605-19/job_scripts/2811022"
declare -x LANG="en_US.utf8"
declare -x LANGUAGE="en_US:en"
declare -x LD_LIBRARY_PATH="/share/apps/gcc-6.2.0/lib/:/share/apps/gcc-6.2.0/lib64/:/opt/gridengine/lib/lx-amd64"
declare -x LESSOPEN="||/usr/bin/lesspipe.sh %s"
declare -x LMOD_CMD="/usr/share/lmod/lmod/libexec/lmod"
declare -x LMOD_DIR="/usr/share/lmod/lmod/libexec"
declare -x LMOD_PKG="/usr/share/lmod/lmod"
declare -x LMOD_ROOT="/usr/share/lmod"
declare -x LMOD_SETTARG_FULL_SUPPORT="no"
declare -x LMOD_VERSION="8.2.7"
declare -x LMOD_sys="Linux"
declare -x LOADEDMODULES=""
declare -x LOGNAME="pminervi"
declare -x MAIL="/var/spool/mail/pminervi"
declare -x MANPATH="/usr/share/lmod/lmod/share/man:"
declare -x MODULEPATH="/share/apps/modulefiles/default"
declare -x MODULEPATH_ROOT="/usr/share/modulefiles"
declare -x MODULESHOME="/usr/share/lmod/lmod"
declare -x MPICH_PROCESS_GROUP="no"
declare -x NHOSTS="1"
declare -x NQUEUES="1"
declare -x NSLOTS="1"
declare -x OLDPWD="/home/pminervi/workspace/map-backprop"
declare -x PATH="/home/pminervi/anaconda3/envs/gpu/bin:/home/pminervi/anaconda3/condabin:/home/pminervi/anaconda3/bin:/share/apps/binutils-2.27/bin/:/share/apps/gcc-6.2.0/bin/:/share/apps/mr/bin:/tmp/2811022.9.gpu.q:/usr/local/bin:/bin:/usr/bin:/usr/local/sbin:/usr/sbin:/opt/ganglia/bin:/opt/ganglia/sbin:/opt/rocks/bin:/opt/rocks/sbin:/opt/gridengine/bin/lx-amd64:/home/pminervi/bin"
declare -x PWD="/home/pminervi/workspace/map-backprop"
declare -x QUEUE="gpu.q"
declare -x REQNAME="temperature_beaker_v10.job"
declare -x REQUEST="temperature_beaker_v10.job"
declare -x RESTARTED="1"
declare -x ROCKSROOT="/opt/rocks/share/devel"
declare -x ROCKS_ROOT="/opt/rocks"
declare -x ROLLSROOT="/opt/rocks/share/devel/src/roll"
declare -x SGE_ACCOUNT="sge"
declare -x SGE_ARCH="lx-amd64"
declare -x SGE_BINARY_PATH="/opt/gridengine/bin/lx-amd64"
declare -x SGE_CELL="default"
declare -x SGE_CWD_PATH="/home/pminervi/workspace/map-backprop"
declare -x SGE_EXECD_PORT="537"
declare -x SGE_JOB_SPOOL_DIR="/opt/gridengine/default/spool/gonzo-605-19/active_jobs/2811022.9"
declare -x SGE_O_HOME="/home/pminervi"
declare -x SGE_O_HOST="beaker"
declare -x SGE_O_LOGNAME="pminervi"
declare -x SGE_O_MAIL="/var/spool/mail/pminervi"
declare -x SGE_O_PATH="/home/pminervi/anaconda3/envs/cpu/bin:/home/pminervi/anaconda3/condabin:/home/pminervi/anaconda3/bin:/share/apps/binutils-2.27/bin/:/share/apps/gcc-6.2.0/bin/:/share/apps/mr/bin:/usr/local/bin:/usr/bin:/usr/local/sbin:/usr/sbin:/opt/ganglia/bin:/opt/ganglia/sbin:/opt/rocks/bin:/opt/rocks/sbin:/opt/gridengine/bin/lx-amd64:/home/pminervi/bin"
declare -x SGE_O_SHELL="/bin/bash"
declare -x SGE_O_WORKDIR="/home/pminervi/workspace/map-backprop"
declare -x SGE_QMASTER_PORT="536"
declare -x SGE_ROOT="/opt/gridengine"
declare -x SGE_STDERR_PATH="/home/pminervi/array.err"
declare -x SGE_STDIN_PATH="/dev/null"
declare -x SGE_STDOUT_PATH="/home/pminervi/array.out"
declare -x SGE_TASK_FIRST="1"
declare -x SGE_TASK_ID="9"
declare -x SGE_TASK_LAST="20"
declare -x SGE_TASK_STEPSIZE="1"
declare -x SHELL="/bin/bash"
declare -x SHLVL="2"
declare -x SSH_ASKPASS="/usr/libexec/openssh/gnome-ssh-askpass"
declare -x TERM=""
declare -x TMP="/tmp/2811022.9.gpu.q"
declare -x TMPDIR="/tmp/2811022.9.gpu.q"
declare -x USER="pminervi"
Fri Feb  5 02:11:50 2021       
+-----------------------------------------------------------------------------+
| NVIDIA-SMI 450.51.05    Driver Version: 450.51.05    CUDA Version: 11.0     |
|-------------------------------+----------------------+----------------------+
| GPU  Name        Persistence-M| Bus-Id        Disp.A | Volatile Uncorr. ECC |
| Fan  Temp  Perf  Pwr:Usage/Cap|         Memory-Usage | GPU-Util  Compute M. |
|                               |                      |               MIG M. |
|===============================+======================+======================|
|   0  TITAN X (Pascal)    On   | 00000000:02:00.0 Off |                  N/A |
| 52%   84C    P2   230W / 250W |   5571MiB / 12196MiB |     99%   E. Process |
|                               |                      |                  N/A |
+-------------------------------+----------------------+----------------------+
|   1  TITAN X (Pascal)    On   | 00000000:03:00.0 Off |                  N/A |
| 68%   88C    P2   246W / 250W |  10669MiB / 12196MiB |     99%   E. Process |
|                               |                      |                  N/A |
+-------------------------------+----------------------+----------------------+
|   2  TITAN X (Pascal)    On   | 00000000:81:00.0 Off |                  N/A |
| 30%   41C    P8    11W / 250W |      0MiB / 12196MiB |      0%   E. Process |
|                               |                      |                  N/A |
+-------------------------------+----------------------+----------------------+
|   3  TITAN X (Pascal)    On   | 00000000:82:00.0 Off |                  N/A |
| 61%   85C    P2   253W / 250W |   5571MiB / 12196MiB |    100%   E. Process |
|                               |                      |                  N/A |
+-------------------------------+----------------------+----------------------+
                                                                               
+-----------------------------------------------------------------------------+
| Processes:                                                                  |
|  GPU   GI   CI        PID   Type   Process name                  GPU Memory |
|        ID   ID                                                   Usage      |
|=============================================================================|
|    0   N/A  N/A     21184      C   python                           5569MiB |
|    1   N/A  N/A     16978      C   python                          10667MiB |
|    3   N/A  N/A     21087      C   python                           5569MiB |
+-----------------------------------------------------------------------------+
No existing entry for trainer_params.mode.type
{}[type] = <class 'int'>(1)
No existing entry for trainer_params.mode.objective_type
{'type': 1}[objective_type] = <class 'str'>(normal)
No existing entry for trainer_params.mode.use_marginal
{'type': 1, 'objective_type': 'normal'}[use_marginal] = <class 'bool'>(True)
No existing entry for trainer_params.mode.nb_samples
{'type': 1, 'objective_type': 'normal', 'use_marginal': True}[nb_samples] = <class 'int'>(1)
No existing entry for trainer_params.mode.temperature
{'type': 1, 'objective_type': 'normal', 'use_marginal': True, 'nb_samples': 1}[temperature] = <class 'int'>(1)
No existing entry for trainer_params.mode.use_gamma
{'type': 1, 'objective_type': 'normal', 'use_marginal': True, 'nb_samples': 1, 'temperature': 1}[use_gamma] = <class 'bool'>(True)
No existing entry for trainer_params.mode.loss_type
{'type': 1, 'objective_type': 'normal', 'use_marginal': True, 'nb_samples': 1, 'temperature': 1, 'use_gamma': True}[loss_type] = <class 'str'>(normal)
No existing entry for trainer_params.mode.perturb_w
{'type': 1, 'objective_type': 'normal', 'use_marginal': True, 'nb_samples': 1, 'temperature': 1, 'use_gamma': True, 'loss_type': 'normal'}[perturb_w] = <class 'bool'>(True)
No existing entry for trainer_params.mode.perturb_w_prime
{'type': 1, 'objective_type': 'normal', 'use_marginal': True, 'nb_samples': 1, 'temperature': 1, 'use_gamma': True, 'loss_type': 'normal', 'perturb_w': True}[perturb_w_prime] = <class 'bool'>(False)
{'batch_size': 70, 'l1_regconst': 0.0, 'lambda_val': 20.0, 'lr_milestone_1': 30, 'lr_milestone_2': 40, 'model_params': {'arch_params': {}, 'model_name': 'CombResnet18'}, 'neighbourhood_fn': '8-grid', 'optimizer_name': 'Adam', 'optimizer_params': {'lr': 0.0005}, 'preload_batch': True, 'use_cuda': True, 'use_lr_scheduling': True, 'mode': {'type': 1, 'objective_type': 'normal', 'use_marginal': True, 'nb_samples': 1, 'temperature': 1, 'use_gamma': True, 'loss_type': 'normal', 'perturb_w': True, 'perturb_w_prime': False}}[lambda_val] = <class 'float'>(10.0)
{'data_dir': 'data/warcraft_shortest_path/12x12', 'evaluate_with_extra': False, 'normalize': True, 'use_local_path': False, 'use_test_set': True}[data_dir] = <class 'str'>(data/warcraft_shortest_path/12x12)
{'evaluate_every': 5, 'loader_params': {'data_dir': 'data/warcraft_shortest_path/12x12', 'evaluate_with_extra': False, 'normalize': True, 'use_local_path': False, 'use_test_set': True}, 'model_dir': 'results/warcraft_shortest_path_combresnet', 'num_cpus': 32, 'num_epochs': 50, 'problem_type': 'warcraft_shortest_path', 'ray_params': {}, 'save_visualizations': False, 'seed': 1, 'trainer_name': 'DijkstraMAP', 'trainer_params': {'batch_size': 70, 'l1_regconst': 0.0, 'lambda_val': 10.0, 'lr_milestone_1': 30, 'lr_milestone_2': 40, 'model_params': {'arch_params': {}, 'model_name': 'CombResnet18'}, 'neighbourhood_fn': '8-grid', 'optimizer_name': 'Adam', 'optimizer_params': {'lr': 0.0005}, 'preload_batch': True, 'use_cuda': True, 'use_lr_scheduling': True, 'mode': {'type': 1, 'objective_type': 'normal', 'use_marginal': True, 'nb_samples': 1, 'temperature': 1, 'use_gamma': True, 'loss_type': 'normal', 'perturb_w': True, 'perturb_w_prime': False}}, 'use_ray': True}[seed] = <class 'int'>(3)
{'evaluate_every': 5, 'loader_params': {'data_dir': 'data/warcraft_shortest_path/12x12', 'evaluate_with_extra': False, 'normalize': True, 'use_local_path': False, 'use_test_set': True}, 'model_dir': 'results/warcraft_shortest_path_combresnet', 'num_cpus': 32, 'num_epochs': 50, 'problem_type': 'warcraft_shortest_path', 'ray_params': {}, 'save_visualizations': False, 'seed': 3, 'trainer_name': 'DijkstraMAP', 'trainer_params': {'batch_size': 70, 'l1_regconst': 0.0, 'lambda_val': 10.0, 'lr_milestone_1': 30, 'lr_milestone_2': 40, 'model_params': {'arch_params': {}, 'model_name': 'CombResnet18'}, 'neighbourhood_fn': '8-grid', 'optimizer_name': 'Adam', 'optimizer_params': {'lr': 0.0005}, 'preload_batch': True, 'use_cuda': True, 'use_lr_scheduling': True, 'mode': {'type': 1, 'objective_type': 'normal', 'use_marginal': True, 'nb_samples': 1, 'temperature': 1, 'use_gamma': True, 'loss_type': 'normal', 'perturb_w': True, 'perturb_w_prime': False}}, 'use_ray': True}[evaluate_every] = <class 'int'>(1)
{'evaluate_every': 1, 'loader_params': {'data_dir': 'data/warcraft_shortest_path/12x12', 'evaluate_with_extra': False, 'normalize': True, 'use_local_path': False, 'use_test_set': True}, 'model_dir': 'results/warcraft_shortest_path_combresnet', 'num_cpus': 32, 'num_epochs': 50, 'problem_type': 'warcraft_shortest_path', 'ray_params': {}, 'save_visualizations': False, 'seed': 3, 'trainer_name': 'DijkstraMAP', 'trainer_params': {'batch_size': 70, 'l1_regconst': 0.0, 'lambda_val': 10.0, 'lr_milestone_1': 30, 'lr_milestone_2': 40, 'model_params': {'arch_params': {}, 'model_name': 'CombResnet18'}, 'neighbourhood_fn': '8-grid', 'optimizer_name': 'Adam', 'optimizer_params': {'lr': 0.0005}, 'preload_batch': True, 'use_cuda': True, 'use_lr_scheduling': True, 'mode': {'type': 1, 'objective_type': 'normal', 'use_marginal': True, 'nb_samples': 1, 'temperature': 1, 'use_gamma': True, 'loss_type': 'normal', 'perturb_w': True, 'perturb_w_prime': False}}, 'use_ray': True}[use_ray] = <class 'bool'>(False)
No existing entry for trainer_params.mode.type
{}[type] = <class 'int'>(1)
No existing entry for trainer_params.mode.objective_type
{'type': 1}[objective_type] = <class 'str'>(normal)
No existing entry for trainer_params.mode.use_marginal
{'type': 1, 'objective_type': 'normal'}[use_marginal] = <class 'bool'>(True)
No existing entry for trainer_params.mode.nb_samples
{'type': 1, 'objective_type': 'normal', 'use_marginal': True}[nb_samples] = <class 'int'>(1)
No existing entry for trainer_params.mode.temperature
{'type': 1, 'objective_type': 'normal', 'use_marginal': True, 'nb_samples': 1}[temperature] = <class 'int'>(1)
No existing entry for trainer_params.mode.use_gamma
{'type': 1, 'objective_type': 'normal', 'use_marginal': True, 'nb_samples': 1, 'temperature': 1}[use_gamma] = <class 'bool'>(True)
No existing entry for trainer_params.mode.loss_type
{'type': 1, 'objective_type': 'normal', 'use_marginal': True, 'nb_samples': 1, 'temperature': 1, 'use_gamma': True}[loss_type] = <class 'str'>(normal)
No existing entry for trainer_params.mode.perturb_w
{'type': 1, 'objective_type': 'normal', 'use_marginal': True, 'nb_samples': 1, 'temperature': 1, 'use_gamma': True, 'loss_type': 'normal'}[perturb_w] = <class 'bool'>(True)
No existing entry for trainer_params.mode.perturb_w_prime
{'type': 1, 'objective_type': 'normal', 'use_marginal': True, 'nb_samples': 1, 'temperature': 1, 'use_gamma': True, 'loss_type': 'normal', 'perturb_w': True}[perturb_w_prime] = <class 'bool'>(False)
{'batch_size': 70, 'l1_regconst': 0.0, 'lambda_val': 20.0, 'lr_milestone_1': 30, 'lr_milestone_2': 40, 'model_params': {'arch_params': {}, 'model_name': 'CombResnet18'}, 'neighbourhood_fn': '8-grid', 'optimizer_name': 'Adam', 'optimizer_params': {'lr': 0.0005}, 'preload_batch': True, 'use_cuda': True, 'use_lr_scheduling': True, 'mode': {'type': 1, 'objective_type': 'normal', 'use_marginal': True, 'nb_samples': 1, 'temperature': 1, 'use_gamma': True, 'loss_type': 'normal', 'perturb_w': True, 'perturb_w_prime': False}}[lambda_val] = <class 'float'>(10.0)
{'data_dir': 'data/warcraft_shortest_path/12x12', 'evaluate_with_extra': False, 'normalize': True, 'use_local_path': False, 'use_test_set': True}[data_dir] = <class 'str'>(data/warcraft_shortest_path/12x12)
{'evaluate_every': 5, 'loader_params': {'data_dir': 'data/warcraft_shortest_path/12x12', 'evaluate_with_extra': False, 'normalize': True, 'use_local_path': False, 'use_test_set': True}, 'model_dir': 'results/warcraft_shortest_path_combresnet', 'num_cpus': 32, 'num_epochs': 50, 'problem_type': 'warcraft_shortest_path', 'ray_params': {}, 'save_visualizations': False, 'seed': 1, 'trainer_name': 'DijkstraMAP', 'trainer_params': {'batch_size': 70, 'l1_regconst': 0.0, 'lambda_val': 10.0, 'lr_milestone_1': 30, 'lr_milestone_2': 40, 'model_params': {'arch_params': {}, 'model_name': 'CombResnet18'}, 'neighbourhood_fn': '8-grid', 'optimizer_name': 'Adam', 'optimizer_params': {'lr': 0.0005}, 'preload_batch': True, 'use_cuda': True, 'use_lr_scheduling': True, 'mode': {'type': 1, 'objective_type': 'normal', 'use_marginal': True, 'nb_samples': 1, 'temperature': 1, 'use_gamma': True, 'loss_type': 'normal', 'perturb_w': True, 'perturb_w_prime': False}}, 'use_ray': True}[seed] = <class 'int'>(3)
{'evaluate_every': 5, 'loader_params': {'data_dir': 'data/warcraft_shortest_path/12x12', 'evaluate_with_extra': False, 'normalize': True, 'use_local_path': False, 'use_test_set': True}, 'model_dir': 'results/warcraft_shortest_path_combresnet', 'num_cpus': 32, 'num_epochs': 50, 'problem_type': 'warcraft_shortest_path', 'ray_params': {}, 'save_visualizations': False, 'seed': 3, 'trainer_name': 'DijkstraMAP', 'trainer_params': {'batch_size': 70, 'l1_regconst': 0.0, 'lambda_val': 10.0, 'lr_milestone_1': 30, 'lr_milestone_2': 40, 'model_params': {'arch_params': {}, 'model_name': 'CombResnet18'}, 'neighbourhood_fn': '8-grid', 'optimizer_name': 'Adam', 'optimizer_params': {'lr': 0.0005}, 'preload_batch': True, 'use_cuda': True, 'use_lr_scheduling': True, 'mode': {'type': 1, 'objective_type': 'normal', 'use_marginal': True, 'nb_samples': 1, 'temperature': 1, 'use_gamma': True, 'loss_type': 'normal', 'perturb_w': True, 'perturb_w_prime': False}}, 'use_ray': True}[evaluate_every] = <class 'int'>(1)
{'evaluate_every': 1, 'loader_params': {'data_dir': 'data/warcraft_shortest_path/12x12', 'evaluate_with_extra': False, 'normalize': True, 'use_local_path': False, 'use_test_set': True}, 'model_dir': 'results/warcraft_shortest_path_combresnet', 'num_cpus': 32, 'num_epochs': 50, 'problem_type': 'warcraft_shortest_path', 'ray_params': {}, 'save_visualizations': False, 'seed': 3, 'trainer_name': 'DijkstraMAP', 'trainer_params': {'batch_size': 70, 'l1_regconst': 0.0, 'lambda_val': 10.0, 'lr_milestone_1': 30, 'lr_milestone_2': 40, 'model_params': {'arch_params': {}, 'model_name': 'CombResnet18'}, 'neighbourhood_fn': '8-grid', 'optimizer_name': 'Adam', 'optimizer_params': {'lr': 0.0005}, 'preload_batch': True, 'use_cuda': True, 'use_lr_scheduling': True, 'mode': {'type': 1, 'objective_type': 'normal', 'use_marginal': True, 'nb_samples': 1, 'temperature': 1, 'use_gamma': True, 'loss_type': 'normal', 'perturb_w': True, 'perturb_w_prime': False}}, 'use_ray': True}[use_ray] = <class 'bool'>(False)
{
    "evaluate_every": 1,
    "loader_params": {
        "data_dir": "data/warcraft_shortest_path/12x12",
        "evaluate_with_extra": false,
        "normalize": true,
        "use_local_path": false,
        "use_test_set": true
    },
    "model_dir": "results/warcraft_shortest_path_combresnet",
    "num_cpus": 32,
    "num_epochs": 50,
    "problem_type": "warcraft_shortest_path",
    "ray_params": {},
    "save_visualizations": false,
    "seed": 3,
    "trainer_name": "DijkstraMAP",
    "trainer_params": {
        "batch_size": 70,
        "l1_regconst": 0.0,
        "lambda_val": 10.0,
        "lr_milestone_1": 30,
        "lr_milestone_2": 40,
        "mode": {
            "loss_type": "normal",
            "nb_samples": 1,
            "objective_type": "normal",
            "perturb_w": true,
            "perturb_w_prime": false,
            "temperature": 1,
            "type": 1,
            "use_gamma": true,
            "use_marginal": true
        },
        "model_params": {
            "arch_params": {},
            "model_name": "CombResnet18"
        },
        "neighbourhood_fn": "8-grid",
        "optimizer_name": "Adam",
        "optimizer_params": {
            "lr": 0.0005
        },
        "preload_batch": true,
        "use_cuda": true,
        "use_lr_scheduling": true
    },
    "use_ray": false
}
MAP-BACKPROP MODE: {
    "loss_type": "normal",
    "nb_samples": 1,
    "objective_type": "normal",
    "perturb_w": true,
    "perturb_w_prime": false,
    "temperature": 1,
    "type": 1,
    "use_gamma": true,
    "use_marginal": true
}
True
META: {'input_image_size': 96, 'output_features': 144, 'num_channels': 3, 'denormalize': <maprop.decorators.input_to_numpy object at 0x2ae441a52a90>}
EVALUATING
{'loss': 17.558000469207762, 'accuracy': 0.8780694502592087, 'perfect_match_accuracy': 0.032, 'cost_ratio_suggested_true': 2.5201553201675413, 'below_10.0_percent_acc': 0.114, 'below_1.0_percent_acc': 0.053, 'below_0.1_percent_acc': 0.051, 'below_0.01_percent_acc': 0.051, 'below_0.001_percent_acc': 0.036, 'below_0.0001_percent_acc': 0.036, 'valid_acc': 1.0}
Epoch: 1	Batch time (0.786914)	Data time (0.011633)	Cuda time (0.000003)	Loss (11.569300)	Accuracy (0.919658)
EVALUATING
{'loss': 5.162000257968902, 'accuracy': 0.9641527968645096, 'perfect_match_accuracy': 0.527, 'cost_ratio_suggested_true': 1.1178332459926605, 'below_10.0_percent_acc': 0.966, 'below_1.0_percent_acc': 0.722, 'below_0.1_percent_acc': 0.692, 'below_0.01_percent_acc': 0.692, 'below_0.001_percent_acc': 0.666, 'below_0.0001_percent_acc': 0.666, 'valid_acc': 1.0}
Epoch: 2	Batch time (0.708253)	Data time (0.011503)	Cuda time (0.000003)	Loss (8.828200)	Accuracy (0.938693)
EVALUATING
{'loss': 4.481000099182129, 'accuracy': 0.9688819515705108, 'perfect_match_accuracy': 0.582, 'cost_ratio_suggested_true': 1.0866389930248261, 'below_10.0_percent_acc': 0.975, 'below_1.0_percent_acc': 0.791, 'below_0.1_percent_acc': 0.774, 'below_0.01_percent_acc': 0.774, 'below_0.001_percent_acc': 0.749, 'below_0.0001_percent_acc': 0.749, 'valid_acc': 1.0}
Epoch: 3	Batch time (0.689780)	Data time (0.010027)	Cuda time (0.000003)	Loss (7.834100)	Accuracy (0.945597)
EVALUATING
{'loss': 4.3790001821517945, 'accuracy': 0.969590294957161, 'perfect_match_accuracy': 0.613, 'cost_ratio_suggested_true': 1.1069706654548646, 'below_10.0_percent_acc': 0.971, 'below_1.0_percent_acc': 0.797, 'below_0.1_percent_acc': 0.777, 'below_0.01_percent_acc': 0.777, 'below_0.001_percent_acc': 0.757, 'below_0.0001_percent_acc': 0.757, 'valid_acc': 1.0}
Epoch: 4	Batch time (0.744858)	Data time (0.010028)	Cuda time (0.000003)	Loss (7.317500)	Accuracy (0.949184)
EVALUATING
{'loss': 4.306000072956085, 'accuracy': 0.9700972348451614, 'perfect_match_accuracy': 0.622, 'cost_ratio_suggested_true': 1.0959450173377991, 'below_10.0_percent_acc': 0.978, 'below_1.0_percent_acc': 0.803, 'below_0.1_percent_acc': 0.778, 'below_0.01_percent_acc': 0.778, 'below_0.001_percent_acc': 0.765, 'below_0.0001_percent_acc': 0.765, 'valid_acc': 1.0}
Epoch: 5	Batch time (0.800401)	Data time (0.010631)	Cuda time (0.000003)	Loss (6.791700)	Accuracy (0.952835)
EVALUATING
{'loss': 3.5960001850128176, 'accuracy': 0.9750277882814408, 'perfect_match_accuracy': 0.673, 'cost_ratio_suggested_true': 1.0836895263195039, 'below_10.0_percent_acc': 0.988, 'below_1.0_percent_acc': 0.843, 'below_0.1_percent_acc': 0.821, 'below_0.01_percent_acc': 0.821, 'below_0.001_percent_acc': 0.802, 'below_0.0001_percent_acc': 0.802, 'valid_acc': 1.0}
Epoch: 6	Batch time (0.750476)	Data time (0.010551)	Cuda time (0.000003)	Loss (6.580600)	Accuracy (0.954301)
EVALUATING
{'loss': 3.8370000886917115, 'accuracy': 0.9733541762828827, 'perfect_match_accuracy': 0.639, 'cost_ratio_suggested_true': 1.0770399856567383, 'below_10.0_percent_acc': 0.984, 'below_1.0_percent_acc': 0.835, 'below_0.1_percent_acc': 0.821, 'below_0.01_percent_acc': 0.821, 'below_0.001_percent_acc': 0.807, 'below_0.0001_percent_acc': 0.807, 'valid_acc': 1.0}
Epoch: 7	Batch time (0.641309)	Data time (0.008608)	Cuda time (0.000002)	Loss (6.097700)	Accuracy (0.957655)
EVALUATING
{'loss': 3.8680001640319825, 'accuracy': 0.973138905763626, 'perfect_match_accuracy': 0.651, 'cost_ratio_suggested_true': 1.0812919187545775, 'below_10.0_percent_acc': 0.988, 'below_1.0_percent_acc': 0.836, 'below_0.1_percent_acc': 0.816, 'below_0.01_percent_acc': 0.816, 'below_0.001_percent_acc': 0.792, 'below_0.0001_percent_acc': 0.792, 'valid_acc': 1.0}
Epoch: 8	Batch time (0.777000)	Data time (0.009412)	Cuda time (0.000003)	Loss (6.010900)	Accuracy (0.958258)
EVALUATING
{'loss': 3.5540001225471496, 'accuracy': 0.975319454073906, 'perfect_match_accuracy': 0.683, 'cost_ratio_suggested_true': 1.0779218232631684, 'below_10.0_percent_acc': 0.98, 'below_1.0_percent_acc': 0.85, 'below_0.1_percent_acc': 0.834, 'below_0.01_percent_acc': 0.834, 'below_0.001_percent_acc': 0.818, 'below_0.0001_percent_acc': 0.818, 'valid_acc': 1.0}
Epoch: 9	Batch time (0.759175)	Data time (0.010096)	Cuda time (0.000003)	Loss (5.749200)	Accuracy (0.960075)
EVALUATING
{'loss': 3.6950001668930055, 'accuracy': 0.9743402898311615, 'perfect_match_accuracy': 0.651, 'cost_ratio_suggested_true': 1.0787536013126373, 'below_10.0_percent_acc': 0.987, 'below_1.0_percent_acc': 0.811, 'below_0.1_percent_acc': 0.783, 'below_0.01_percent_acc': 0.783, 'below_0.001_percent_acc': 0.763, 'below_0.0001_percent_acc': 0.763, 'valid_acc': 1.0}
Epoch: 10	Batch time (0.777270)	Data time (0.010365)	Cuda time (0.000003)	Loss (5.568700)	Accuracy (0.961328)
EVALUATING
{'loss': 3.2300000846385957, 'accuracy': 0.9775694477558136, 'perfect_match_accuracy': 0.706, 'cost_ratio_suggested_true': 1.075105195045471, 'below_10.0_percent_acc': 0.986, 'below_1.0_percent_acc': 0.857, 'below_0.1_percent_acc': 0.836, 'below_0.01_percent_acc': 0.836, 'below_0.001_percent_acc': 0.81, 'below_0.0001_percent_acc': 0.81, 'valid_acc': 1.0}
Epoch: 11	Batch time (0.746602)	Data time (0.010951)	Cuda time (0.000003)	Loss (5.329200)	Accuracy (0.962992)
EVALUATING
{'loss': 3.5540000891685484, 'accuracy': 0.9753194516897201, 'perfect_match_accuracy': 0.686, 'cost_ratio_suggested_true': 1.0734367895126342, 'below_10.0_percent_acc': 0.988, 'below_1.0_percent_acc': 0.858, 'below_0.1_percent_acc': 0.84, 'below_0.01_percent_acc': 0.84, 'below_0.001_percent_acc': 0.818, 'below_0.0001_percent_acc': 0.818, 'valid_acc': 1.0}
Epoch: 12	Batch time (0.728997)	Data time (0.010682)	Cuda time (0.000003)	Loss (5.215000)	Accuracy (0.963785)
EVALUATING
{'loss': 3.329000060558319, 'accuracy': 0.9768819612264633, 'perfect_match_accuracy': 0.693, 'cost_ratio_suggested_true': 1.0684495735168458, 'below_10.0_percent_acc': 0.995, 'below_1.0_percent_acc': 0.854, 'below_0.1_percent_acc': 0.835, 'below_0.01_percent_acc': 0.835, 'below_0.001_percent_acc': 0.814, 'below_0.0001_percent_acc': 0.814, 'valid_acc': 1.0}
Epoch: 13	Batch time (0.732831)	Data time (0.010416)	Cuda time (0.000003)	Loss (4.906700)	Accuracy (0.965926)
EVALUATING
{'loss': 3.1390001118183135, 'accuracy': 0.9782014083862305, 'perfect_match_accuracy': 0.705, 'cost_ratio_suggested_true': 1.0694638228416442, 'below_10.0_percent_acc': 0.994, 'below_1.0_percent_acc': 0.861, 'below_0.1_percent_acc': 0.839, 'below_0.01_percent_acc': 0.839, 'below_0.001_percent_acc': 0.815, 'below_0.0001_percent_acc': 0.815, 'valid_acc': 1.0}
Epoch: 14	Batch time (0.764630)	Data time (0.010334)	Cuda time (0.000003)	Loss (4.909900)	Accuracy (0.965903)
EVALUATING
{'loss': 3.102000107765198, 'accuracy': 0.978458343744278, 'perfect_match_accuracy': 0.727, 'cost_ratio_suggested_true': 1.0583977496623993, 'below_10.0_percent_acc': 0.989, 'below_1.0_percent_acc': 0.885, 'below_0.1_percent_acc': 0.872, 'below_0.01_percent_acc': 0.872, 'below_0.001_percent_acc': 0.845, 'below_0.0001_percent_acc': 0.845, 'valid_acc': 1.0}
Epoch: 15	Batch time (0.784247)	Data time (0.010418)	Cuda time (0.000003)	Loss (4.678000)	Accuracy (0.967514)
EVALUATING
{'loss': 3.0500000953674316, 'accuracy': 0.9788194519281387, 'perfect_match_accuracy': 0.738, 'cost_ratio_suggested_true': 1.045477728843689, 'below_10.0_percent_acc': 0.988, 'below_1.0_percent_acc': 0.869, 'below_0.1_percent_acc': 0.852, 'below_0.01_percent_acc': 0.852, 'below_0.001_percent_acc': 0.825, 'below_0.0001_percent_acc': 0.825, 'valid_acc': 1.0}
Epoch: 16	Batch time (0.785168)	Data time (0.010370)	Cuda time (0.000003)	Loss (4.613500)	Accuracy (0.967962)
EVALUATING
{'loss': 3.5430000829696655, 'accuracy': 0.9753958451747894, 'perfect_match_accuracy': 0.707, 'cost_ratio_suggested_true': 1.0770750331878662, 'below_10.0_percent_acc': 0.984, 'below_1.0_percent_acc': 0.877, 'below_0.1_percent_acc': 0.862, 'below_0.01_percent_acc': 0.862, 'below_0.001_percent_acc': 0.841, 'below_0.0001_percent_acc': 0.841, 'valid_acc': 1.0}
Epoch: 17	Batch time (0.779035)	Data time (0.010440)	Cuda time (0.000003)	Loss (4.432200)	Accuracy (0.969221)
EVALUATING
{'loss': 3.5260001754760744, 'accuracy': 0.9755139040946961, 'perfect_match_accuracy': 0.698, 'cost_ratio_suggested_true': 1.0862515330314637, 'below_10.0_percent_acc': 0.985, 'below_1.0_percent_acc': 0.837, 'below_0.1_percent_acc': 0.817, 'below_0.01_percent_acc': 0.817, 'below_0.001_percent_acc': 0.8, 'below_0.0001_percent_acc': 0.8, 'valid_acc': 1.0}
Epoch: 18	Batch time (0.764157)	Data time (0.011076)	Cuda time (0.000003)	Loss (4.366600)	Accuracy (0.969676)
EVALUATING
{'loss': 3.3890001487731936, 'accuracy': 0.9764652913808822, 'perfect_match_accuracy': 0.711, 'cost_ratio_suggested_true': 1.0680214309692382, 'below_10.0_percent_acc': 0.987, 'below_1.0_percent_acc': 0.864, 'below_0.1_percent_acc': 0.846, 'below_0.01_percent_acc': 0.846, 'below_0.001_percent_acc': 0.824, 'below_0.0001_percent_acc': 0.824, 'valid_acc': 1.0}
Epoch: 19	Batch time (0.584664)	Data time (0.008187)	Cuda time (0.000002)	Loss (4.166100)	Accuracy (0.971069)
EVALUATING
{'loss': 3.5040001249313355, 'accuracy': 0.9756666791439056, 'perfect_match_accuracy': 0.708, 'cost_ratio_suggested_true': 1.066746381521225, 'below_10.0_percent_acc': 0.99, 'below_1.0_percent_acc': 0.847, 'below_0.1_percent_acc': 0.828, 'below_0.01_percent_acc': 0.828, 'below_0.001_percent_acc': 0.813, 'below_0.0001_percent_acc': 0.813, 'valid_acc': 1.0}
Epoch: 20	Batch time (0.678276)	Data time (0.009308)	Cuda time (0.000002)	Loss (4.230000)	Accuracy (0.970625)
EVALUATING
{'loss': 3.294000105857849, 'accuracy': 0.977125016450882, 'perfect_match_accuracy': 0.7, 'cost_ratio_suggested_true': 1.0671798777580261, 'below_10.0_percent_acc': 0.987, 'below_1.0_percent_acc': 0.847, 'below_0.1_percent_acc': 0.829, 'below_0.01_percent_acc': 0.829, 'below_0.001_percent_acc': 0.804, 'below_0.0001_percent_acc': 0.804, 'valid_acc': 1.0}
Epoch: 21	Batch time (0.755871)	Data time (0.010350)	Cuda time (0.000003)	Loss (4.038600)	Accuracy (0.971954)
EVALUATING
{'loss': 3.276000156402588, 'accuracy': 0.9772500187158585, 'perfect_match_accuracy': 0.732, 'cost_ratio_suggested_true': 1.059188597202301, 'below_10.0_percent_acc': 0.991, 'below_1.0_percent_acc': 0.873, 'below_0.1_percent_acc': 0.854, 'below_0.01_percent_acc': 0.854, 'below_0.001_percent_acc': 0.843, 'below_0.0001_percent_acc': 0.843, 'valid_acc': 1.0}
Epoch: 22	Batch time (0.778609)	Data time (0.010253)	Cuda time (0.000003)	Loss (3.956800)	Accuracy (0.972522)
EVALUATING
{'loss': 3.2980001056194306, 'accuracy': 0.9770972359180451, 'perfect_match_accuracy': 0.72, 'cost_ratio_suggested_true': 1.0717026197910309, 'below_10.0_percent_acc': 0.989, 'below_1.0_percent_acc': 0.858, 'below_0.1_percent_acc': 0.839, 'below_0.01_percent_acc': 0.839, 'below_0.001_percent_acc': 0.818, 'below_0.0001_percent_acc': 0.818, 'valid_acc': 1.0}
Epoch: 23	Batch time (0.787007)	Data time (0.010461)	Cuda time (0.000003)	Loss (3.816500)	Accuracy (0.973497)
EVALUATING
{'loss': 3.1010000872612, 'accuracy': 0.9784652811288833, 'perfect_match_accuracy': 0.732, 'cost_ratio_suggested_true': 1.0681491029262542, 'below_10.0_percent_acc': 0.991, 'below_1.0_percent_acc': 0.878, 'below_0.1_percent_acc': 0.856, 'below_0.01_percent_acc': 0.856, 'below_0.001_percent_acc': 0.838, 'below_0.0001_percent_acc': 0.838, 'valid_acc': 1.0}
Epoch: 24	Batch time (0.626405)	Data time (0.008771)	Cuda time (0.000003)	Loss (3.653400)	Accuracy (0.974629)
EVALUATING
{'loss': 3.422000126838684, 'accuracy': 0.9762361180782319, 'perfect_match_accuracy': 0.709, 'cost_ratio_suggested_true': 1.0753115677833558, 'below_10.0_percent_acc': 0.988, 'below_1.0_percent_acc': 0.857, 'below_0.1_percent_acc': 0.842, 'below_0.01_percent_acc': 0.842, 'below_0.001_percent_acc': 0.823, 'below_0.0001_percent_acc': 0.823, 'valid_acc': 1.0}
Epoch: 25	Batch time (0.637476)	Data time (0.009212)	Cuda time (0.000002)	Loss (3.600800)	Accuracy (0.974994)
EVALUATING
{'loss': 3.1560001027584077, 'accuracy': 0.9780833488702774, 'perfect_match_accuracy': 0.738, 'cost_ratio_suggested_true': 1.0448345756530761, 'below_10.0_percent_acc': 0.994, 'below_1.0_percent_acc': 0.871, 'below_0.1_percent_acc': 0.854, 'below_0.01_percent_acc': 0.854, 'below_0.001_percent_acc': 0.836, 'below_0.0001_percent_acc': 0.836, 'valid_acc': 1.0}
Epoch: 26	Batch time (0.695540)	Data time (0.010754)	Cuda time (0.000003)	Loss (3.676300)	Accuracy (0.974470)
EVALUATING
{'loss': 3.122000126838684, 'accuracy': 0.9783194589614869, 'perfect_match_accuracy': 0.709, 'cost_ratio_suggested_true': 1.0456014835834504, 'below_10.0_percent_acc': 0.99, 'below_1.0_percent_acc': 0.88, 'below_0.1_percent_acc': 0.863, 'below_0.01_percent_acc': 0.863, 'below_0.001_percent_acc': 0.848, 'below_0.0001_percent_acc': 0.848, 'valid_acc': 1.0}
Epoch: 27	Batch time (0.771795)	Data time (0.010532)	Cuda time (0.000003)	Loss (3.400100)	Accuracy (0.976388)
EVALUATING
{'loss': 3.241000007390976, 'accuracy': 0.9774930733442306, 'perfect_match_accuracy': 0.72, 'cost_ratio_suggested_true': 1.0860149705410003, 'below_10.0_percent_acc': 0.982, 'below_1.0_percent_acc': 0.861, 'below_0.1_percent_acc': 0.848, 'below_0.01_percent_acc': 0.848, 'below_0.001_percent_acc': 0.832, 'below_0.0001_percent_acc': 0.832, 'valid_acc': 1.0}
Epoch: 28	Batch time (0.673018)	Data time (0.008952)	Cuda time (0.000002)	Loss (3.282700)	Accuracy (0.977203)
EVALUATING
{'loss': 3.0150001096725463, 'accuracy': 0.9790625149011611, 'perfect_match_accuracy': 0.735, 'cost_ratio_suggested_true': 1.0506843554973602, 'below_10.0_percent_acc': 0.992, 'below_1.0_percent_acc': 0.881, 'below_0.1_percent_acc': 0.868, 'below_0.01_percent_acc': 0.868, 'below_0.001_percent_acc': 0.85, 'below_0.0001_percent_acc': 0.85, 'valid_acc': 1.0}
Epoch: 29	Batch time (0.548981)	Data time (0.007368)	Cuda time (0.000002)	Loss (3.257200)	Accuracy (0.977381)
EVALUATING
{'loss': 3.3000001382827757, 'accuracy': 0.9770833432674408, 'perfect_match_accuracy': 0.719, 'cost_ratio_suggested_true': 1.0772272646427155, 'below_10.0_percent_acc': 0.98, 'below_1.0_percent_acc': 0.868, 'below_0.1_percent_acc': 0.856, 'below_0.01_percent_acc': 0.856, 'below_0.001_percent_acc': 0.833, 'below_0.0001_percent_acc': 0.833, 'valid_acc': 1.0}
Epoch: 30	Batch time (0.545976)	Data time (0.007763)	Cuda time (0.000002)	Loss (3.246500)	Accuracy (0.977455)
EVALUATING
{'loss': 3.262000102996826, 'accuracy': 0.9773472386598587, 'perfect_match_accuracy': 0.721, 'cost_ratio_suggested_true': 1.060539585351944, 'below_10.0_percent_acc': 0.985, 'below_1.0_percent_acc': 0.85, 'below_0.1_percent_acc': 0.833, 'below_0.01_percent_acc': 0.833, 'below_0.001_percent_acc': 0.81, 'below_0.0001_percent_acc': 0.81, 'valid_acc': 1.0}
Epoch: 31	Batch time (0.550609)	Data time (0.007870)	Cuda time (0.000002)	Loss (2.899900)	Accuracy (0.979862)
EVALUATING
{'loss': 2.7480000972747805, 'accuracy': 0.9809166789054871, 'perfect_match_accuracy': 0.77, 'cost_ratio_suggested_true': 1.0531622242927552, 'below_10.0_percent_acc': 0.99, 'below_1.0_percent_acc': 0.897, 'below_0.1_percent_acc': 0.885, 'below_0.01_percent_acc': 0.885, 'below_0.001_percent_acc': 0.862, 'below_0.0001_percent_acc': 0.862, 'valid_acc': 1.0}
Epoch: 32	Batch time (0.720959)	Data time (0.010044)	Cuda time (0.000003)	Loss (2.629400)	Accuracy (0.981740)
EVALUATING
{'loss': 2.7990000820159913, 'accuracy': 0.9805625104904174, 'perfect_match_accuracy': 0.763, 'cost_ratio_suggested_true': 1.0531086337566375, 'below_10.0_percent_acc': 0.991, 'below_1.0_percent_acc': 0.889, 'below_0.1_percent_acc': 0.877, 'below_0.01_percent_acc': 0.877, 'below_0.001_percent_acc': 0.857, 'below_0.0001_percent_acc': 0.857, 'valid_acc': 1.0}
Epoch: 33	Batch time (0.762589)	Data time (0.011411)	Cuda time (0.000003)	Loss (2.510400)	Accuracy (0.982567)
EVALUATING
{'loss': 2.8890000307559967, 'accuracy': 0.9799375146627426, 'perfect_match_accuracy': 0.762, 'cost_ratio_suggested_true': 1.0507236742973327, 'below_10.0_percent_acc': 0.991, 'below_1.0_percent_acc': 0.888, 'below_0.1_percent_acc': 0.874, 'below_0.01_percent_acc': 0.874, 'below_0.001_percent_acc': 0.855, 'below_0.0001_percent_acc': 0.855, 'valid_acc': 1.0}
Epoch: 34	Batch time (0.775031)	Data time (0.011553)	Cuda time (0.000003)	Loss (2.516200)	Accuracy (0.982526)
EVALUATING
{'loss': 2.919000141620636, 'accuracy': 0.9797291821241378, 'perfect_match_accuracy': 0.762, 'cost_ratio_suggested_true': 1.052821753025055, 'below_10.0_percent_acc': 0.989, 'below_1.0_percent_acc': 0.886, 'below_0.1_percent_acc': 0.875, 'below_0.01_percent_acc': 0.875, 'below_0.001_percent_acc': 0.854, 'below_0.0001_percent_acc': 0.854, 'valid_acc': 1.0}
Epoch: 35	Batch time (0.772166)	Data time (0.011249)	Cuda time (0.000003)	Loss (2.465600)	Accuracy (0.982878)
EVALUATING
{'loss': 2.8910000956058504, 'accuracy': 0.9799236255884171, 'perfect_match_accuracy': 0.757, 'cost_ratio_suggested_true': 1.0553395557403564, 'below_10.0_percent_acc': 0.989, 'below_1.0_percent_acc': 0.887, 'below_0.1_percent_acc': 0.873, 'below_0.01_percent_acc': 0.873, 'below_0.001_percent_acc': 0.854, 'below_0.0001_percent_acc': 0.854, 'valid_acc': 1.0}
Epoch: 36	Batch time (0.792654)	Data time (0.011634)	Cuda time (0.000003)	Loss (2.479500)	Accuracy (0.982781)
EVALUATING
{'loss': 2.982000089883804, 'accuracy': 0.9792916804552079, 'perfect_match_accuracy': 0.752, 'cost_ratio_suggested_true': 1.0543573355674745, 'below_10.0_percent_acc': 0.99, 'below_1.0_percent_acc': 0.884, 'below_0.1_percent_acc': 0.87, 'below_0.01_percent_acc': 0.87, 'below_0.001_percent_acc': 0.851, 'below_0.0001_percent_acc': 0.851, 'valid_acc': 1.0}
Epoch: 37	Batch time (0.755489)	Data time (0.010901)	Cuda time (0.000003)	Loss (2.417000)	Accuracy (0.983215)
EVALUATING
{'loss': 2.86300009727478, 'accuracy': 0.9801180642843247, 'perfect_match_accuracy': 0.76, 'cost_ratio_suggested_true': 1.0519087612628937, 'below_10.0_percent_acc': 0.99, 'below_1.0_percent_acc': 0.886, 'below_0.1_percent_acc': 0.873, 'below_0.01_percent_acc': 0.873, 'below_0.001_percent_acc': 0.854, 'below_0.0001_percent_acc': 0.854, 'valid_acc': 1.0}
Epoch: 38	Batch time (0.758716)	Data time (0.010320)	Cuda time (0.000003)	Loss (2.468100)	Accuracy (0.982860)
EVALUATING
{'loss': 2.946000152826309, 'accuracy': 0.9795416826009751, 'perfect_match_accuracy': 0.76, 'cost_ratio_suggested_true': 1.0542216730117797, 'below_10.0_percent_acc': 0.989, 'below_1.0_percent_acc': 0.884, 'below_0.1_percent_acc': 0.872, 'below_0.01_percent_acc': 0.872, 'below_0.001_percent_acc': 0.852, 'below_0.0001_percent_acc': 0.852, 'valid_acc': 1.0}
Epoch: 39	Batch time (0.714460)	Data time (0.009845)	Cuda time (0.000003)	Loss (2.322100)	Accuracy (0.983874)
EVALUATING
{'loss': 3.002000175714493, 'accuracy': 0.9791527903079986, 'perfect_match_accuracy': 0.756, 'cost_ratio_suggested_true': 1.0577086699008942, 'below_10.0_percent_acc': 0.988, 'below_1.0_percent_acc': 0.873, 'below_0.1_percent_acc': 0.86, 'below_0.01_percent_acc': 0.86, 'below_0.001_percent_acc': 0.84, 'below_0.0001_percent_acc': 0.84, 'valid_acc': 1.0}
Epoch: 40	Batch time (0.758536)	Data time (0.009536)	Cuda time (0.000003)	Loss (2.348700)	Accuracy (0.983690)
EVALUATING
{'loss': 2.9600000977516174, 'accuracy': 0.9794444590806961, 'perfect_match_accuracy': 0.753, 'cost_ratio_suggested_true': 1.055767869949341, 'below_10.0_percent_acc': 0.99, 'below_1.0_percent_acc': 0.884, 'below_0.1_percent_acc': 0.873, 'below_0.01_percent_acc': 0.873, 'below_0.001_percent_acc': 0.857, 'below_0.0001_percent_acc': 0.857, 'valid_acc': 1.0}
Epoch: 41	Batch time (0.788671)	Data time (0.010364)	Cuda time (0.000003)	Loss (2.249800)	Accuracy (0.984376)
EVALUATING
{'loss': 2.9410000550746918, 'accuracy': 0.9795764005184173, 'perfect_match_accuracy': 0.757, 'cost_ratio_suggested_true': 1.0535052847862243, 'below_10.0_percent_acc': 0.989, 'below_1.0_percent_acc': 0.883, 'below_0.1_percent_acc': 0.872, 'below_0.01_percent_acc': 0.872, 'below_0.001_percent_acc': 0.854, 'below_0.0001_percent_acc': 0.854, 'valid_acc': 1.0}
Epoch: 42	Batch time (0.761865)	Data time (0.011415)	Cuda time (0.000003)	Loss (2.401300)	Accuracy (0.983324)
EVALUATING
{'loss': 2.8960000681877136, 'accuracy': 0.9798888951539994, 'perfect_match_accuracy': 0.761, 'cost_ratio_suggested_true': 1.0528763151168823, 'below_10.0_percent_acc': 0.989, 'below_1.0_percent_acc': 0.885, 'below_0.1_percent_acc': 0.874, 'below_0.01_percent_acc': 0.874, 'below_0.001_percent_acc': 0.856, 'below_0.0001_percent_acc': 0.856, 'valid_acc': 1.0}
Epoch: 43	Batch time (0.717007)	Data time (0.010524)	Cuda time (0.000003)	Loss (2.295500)	Accuracy (0.984059)
EVALUATING
{'loss': 2.867000080347061, 'accuracy': 0.9800902891159058, 'perfect_match_accuracy': 0.762, 'cost_ratio_suggested_true': 1.0505821204185486, 'below_10.0_percent_acc': 0.991, 'below_1.0_percent_acc': 0.885, 'below_0.1_percent_acc': 0.874, 'below_0.01_percent_acc': 0.874, 'below_0.001_percent_acc': 0.856, 'below_0.0001_percent_acc': 0.856, 'valid_acc': 1.0}
Epoch: 44	Batch time (0.682416)	Data time (0.009867)	Cuda time (0.000002)	Loss (2.306800)	Accuracy (0.983981)
EVALUATING
{'loss': 2.8570001018047333, 'accuracy': 0.9801597332954407, 'perfect_match_accuracy': 0.763, 'cost_ratio_suggested_true': 1.050308140516281, 'below_10.0_percent_acc': 0.991, 'below_1.0_percent_acc': 0.885, 'below_0.1_percent_acc': 0.874, 'below_0.01_percent_acc': 0.874, 'below_0.001_percent_acc': 0.856, 'below_0.0001_percent_acc': 0.856, 'valid_acc': 1.0}
Epoch: 45	Batch time (0.687563)	Data time (0.009063)	Cuda time (0.000003)	Loss (2.245600)	Accuracy (0.984406)
EVALUATING
{'loss': 2.9230001270771027, 'accuracy': 0.9797014075517655, 'perfect_match_accuracy': 0.757, 'cost_ratio_suggested_true': 1.0526672148704528, 'below_10.0_percent_acc': 0.991, 'below_1.0_percent_acc': 0.884, 'below_0.1_percent_acc': 0.872, 'below_0.01_percent_acc': 0.872, 'below_0.001_percent_acc': 0.853, 'below_0.0001_percent_acc': 0.853, 'valid_acc': 1.0}
Epoch: 46	Batch time (0.777625)	Data time (0.010764)	Cuda time (0.000003)	Loss (2.289100)	Accuracy (0.984103)
EVALUATING
{'loss': 2.8510001456737517, 'accuracy': 0.9802014058828354, 'perfect_match_accuracy': 0.762, 'cost_ratio_suggested_true': 1.0528765523433685, 'below_10.0_percent_acc': 0.99, 'below_1.0_percent_acc': 0.887, 'below_0.1_percent_acc': 0.876, 'below_0.01_percent_acc': 0.876, 'below_0.001_percent_acc': 0.857, 'below_0.0001_percent_acc': 0.857, 'valid_acc': 1.0}
Epoch: 47	Batch time (0.791594)	Data time (0.010805)	Cuda time (0.000003)	Loss (2.204600)	Accuracy (0.984690)
EVALUATING
{'loss': 2.885000089406967, 'accuracy': 0.9799652981758118, 'perfect_match_accuracy': 0.761, 'cost_ratio_suggested_true': 1.0509902358055114, 'below_10.0_percent_acc': 0.991, 'below_1.0_percent_acc': 0.886, 'below_0.1_percent_acc': 0.874, 'below_0.01_percent_acc': 0.874, 'below_0.001_percent_acc': 0.855, 'below_0.0001_percent_acc': 0.855, 'valid_acc': 1.0}
Epoch: 48	Batch time (0.783886)	Data time (0.010821)	Cuda time (0.000003)	Loss (2.275300)	Accuracy (0.984199)
EVALUATING
{'loss': 2.934000092744827, 'accuracy': 0.9796250158548355, 'perfect_match_accuracy': 0.756, 'cost_ratio_suggested_true': 1.051406934261322, 'below_10.0_percent_acc': 0.991, 'below_1.0_percent_acc': 0.883, 'below_0.1_percent_acc': 0.871, 'below_0.01_percent_acc': 0.871, 'below_0.001_percent_acc': 0.853, 'below_0.0001_percent_acc': 0.853, 'valid_acc': 1.0}
Epoch: 49	Batch time (0.730712)	Data time (0.010678)	Cuda time (0.000003)	Loss (2.205400)	Accuracy (0.984685)
EVALUATING
{'loss': 2.8210000932216643, 'accuracy': 0.980409734249115, 'perfect_match_accuracy': 0.763, 'cost_ratio_suggested_true': 1.0502357959747315, 'below_10.0_percent_acc': 0.991, 'below_1.0_percent_acc': 0.888, 'below_0.1_percent_acc': 0.876, 'below_0.01_percent_acc': 0.876, 'below_0.001_percent_acc': 0.857, 'below_0.0001_percent_acc': 0.857, 'valid_acc': 1.0}
Epoch: 50	Batch time (0.780650)	Data time (0.010651)	Cuda time (0.000003)	Loss (2.249500)	Accuracy (0.984378)
EVALUATING
{'loss': 2.846000131368637, 'accuracy': 0.9802361238002777, 'perfect_match_accuracy': 0.762, 'cost_ratio_suggested_true': 1.0563857281208038, 'below_10.0_percent_acc': 0.988, 'below_1.0_percent_acc': 0.885, 'below_0.1_percent_acc': 0.873, 'below_0.01_percent_acc': 0.873, 'below_0.001_percent_acc': 0.855, 'below_0.0001_percent_acc': 0.855, 'valid_acc': 1.0}
