gonzo-605-10.local
declare -x ANT_HOME="/opt/rocks"
declare -x ARC="lx-amd64"
declare -x BASH_ENV="/usr/share/lmod/lmod/init/bash"
declare -x CONDA_DEFAULT_ENV="gpu"
declare -x CONDA_EXE="/home/pminervi/anaconda3/bin/conda"
declare -x CONDA_PREFIX="/home/pminervi/anaconda3/envs/gpu"
declare -x CONDA_PREFIX_1="/home/pminervi/anaconda3/envs/cpu"
declare -x CONDA_PROMPT_MODIFIER="(gpu) "
declare -x CONDA_PYTHON_EXE="/home/pminervi/anaconda3/bin/python"
declare -x CONDA_SHLVL="2"
declare -x CUDA_VISIBLE_DEVICES="2"
declare -x ENVIRONMENT="BATCH"
declare -x HISTCONTROL="ignoredups"
declare -x HISTSIZE="1000"
declare -x HOME="/home/pminervi"
declare -x HOSTNAME="gonzo-605-10.local"
declare -x JAVA_HOME="/share/apps/mr/utils/jdk"
declare -x JOB_ID="2800577"
declare -x JOB_NAME="temperature_beaker_v10.job"
declare -x JOB_SCRIPT="/opt/gridengine/default/spool/gonzo-605-10/job_scripts/2800577"
declare -x LANG="en_US.utf8"
declare -x LANGUAGE="en_US:en"
declare -x LD_LIBRARY_PATH="/share/apps/gcc-6.2.0/lib/:/share/apps/gcc-6.2.0/lib64/:/opt/gridengine/lib/lx-amd64"
declare -x LESSOPEN="||/usr/bin/lesspipe.sh %s"
declare -x LMOD_CMD="/usr/share/lmod/lmod/libexec/lmod"
declare -x LMOD_DIR="/usr/share/lmod/lmod/libexec"
declare -x LMOD_PKG="/usr/share/lmod/lmod"
declare -x LMOD_ROOT="/usr/share/lmod"
declare -x LMOD_SETTARG_FULL_SUPPORT="no"
declare -x LMOD_VERSION="8.2.7"
declare -x LMOD_sys="Linux"
declare -x LOADEDMODULES=""
declare -x LOGNAME="pminervi"
declare -x MAIL="/var/spool/mail/pminervi"
declare -x MANPATH="/usr/share/lmod/lmod/share/man:"
declare -x MODULEPATH="/share/apps/modulefiles/default"
declare -x MODULEPATH_ROOT="/usr/share/modulefiles"
declare -x MODULESHOME="/usr/share/lmod/lmod"
declare -x MPICH_PROCESS_GROUP="no"
declare -x NHOSTS="1"
declare -x NQUEUES="1"
declare -x NSLOTS="1"
declare -x OLDPWD="/home/pminervi/workspace/map-backprop"
declare -x PATH="/home/pminervi/anaconda3/envs/gpu/bin:/home/pminervi/anaconda3/condabin:/home/pminervi/anaconda3/bin:/share/apps/binutils-2.27/bin/:/share/apps/gcc-6.2.0/bin/:/share/apps/mr/bin:/tmp/2800577.11.gpu.q:/usr/local/bin:/bin:/usr/bin:/usr/local/sbin:/usr/sbin:/opt/ganglia/bin:/opt/ganglia/sbin:/opt/rocks/bin:/opt/rocks/sbin:/opt/gridengine/bin/lx-amd64:/home/pminervi/bin"
declare -x PWD="/home/pminervi/workspace/map-backprop"
declare -x QUEUE="gpu.q"
declare -x REQNAME="temperature_beaker_v10.job"
declare -x REQUEST="temperature_beaker_v10.job"
declare -x RESTARTED="1"
declare -x ROCKSROOT="/opt/rocks/share/devel"
declare -x ROCKS_ROOT="/opt/rocks"
declare -x ROLLSROOT="/opt/rocks/share/devel/src/roll"
declare -x SGE_ACCOUNT="sge"
declare -x SGE_ARCH="lx-amd64"
declare -x SGE_BINARY_PATH="/opt/gridengine/bin/lx-amd64"
declare -x SGE_CELL="default"
declare -x SGE_CWD_PATH="/home/pminervi/workspace/map-backprop"
declare -x SGE_EXECD_PORT="537"
declare -x SGE_JOB_SPOOL_DIR="/opt/gridengine/default/spool/gonzo-605-10/active_jobs/2800577.11"
declare -x SGE_O_HOME="/home/pminervi"
declare -x SGE_O_HOST="beaker"
declare -x SGE_O_LOGNAME="pminervi"
declare -x SGE_O_MAIL="/var/spool/mail/pminervi"
declare -x SGE_O_PATH="/home/pminervi/anaconda3/envs/cpu/bin:/home/pminervi/anaconda3/condabin:/home/pminervi/anaconda3/bin:/share/apps/binutils-2.27/bin/:/share/apps/gcc-6.2.0/bin/:/share/apps/mr/bin:/usr/local/bin:/usr/bin:/usr/local/sbin:/usr/sbin:/opt/ganglia/bin:/opt/ganglia/sbin:/opt/rocks/bin:/opt/rocks/sbin:/opt/gridengine/bin/lx-amd64:/home/pminervi/bin"
declare -x SGE_O_SHELL="/bin/bash"
declare -x SGE_O_WORKDIR="/home/pminervi/workspace/map-backprop"
declare -x SGE_QMASTER_PORT="536"
declare -x SGE_ROOT="/opt/gridengine"
declare -x SGE_STDERR_PATH="/home/pminervi/array.err"
declare -x SGE_STDIN_PATH="/dev/null"
declare -x SGE_STDOUT_PATH="/home/pminervi/array.out"
declare -x SGE_TASK_FIRST="1"
declare -x SGE_TASK_ID="11"
declare -x SGE_TASK_LAST="20"
declare -x SGE_TASK_STEPSIZE="1"
declare -x SHELL="/bin/bash"
declare -x SHLVL="2"
declare -x SSH_ASKPASS="/usr/libexec/openssh/gnome-ssh-askpass"
declare -x TERM=""
declare -x TMP="/tmp/2800577.11.gpu.q"
declare -x TMPDIR="/tmp/2800577.11.gpu.q"
declare -x USER="pminervi"
Wed Feb  3 18:58:05 2021       
+-----------------------------------------------------------------------------+
| NVIDIA-SMI 450.51.05    Driver Version: 450.51.05    CUDA Version: 11.0     |
|-------------------------------+----------------------+----------------------+
| GPU  Name        Persistence-M| Bus-Id        Disp.A | Volatile Uncorr. ECC |
| Fan  Temp  Perf  Pwr:Usage/Cap|         Memory-Usage | GPU-Util  Compute M. |
|                               |                      |               MIG M. |
|===============================+======================+======================|
|   0  GeForce GTX 108...  On   | 00000000:02:00.0 Off |                  N/A |
| 38%   62C    P2   117W / 250W |  10857MiB / 11178MiB |    100%   E. Process |
|                               |                      |                  N/A |
+-------------------------------+----------------------+----------------------+
|   1  GeForce GTX 108...  On   | 00000000:03:00.0 Off |                  N/A |
| 26%   47C    P2    63W / 250W |   2367MiB / 11178MiB |     32%   E. Process |
|                               |                      |                  N/A |
+-------------------------------+----------------------+----------------------+
|   2  GeForce GTX 108...  On   | 00000000:81:00.0 Off |                  N/A |
| 23%   24C    P8     8W / 250W |      0MiB / 11178MiB |      0%   E. Process |
|                               |                      |                  N/A |
+-------------------------------+----------------------+----------------------+
|   3  GeForce GTX 108...  On   | 00000000:82:00.0 Off |                  N/A |
| 27%   43C    P2    63W / 250W |   1455MiB / 11178MiB |     26%   E. Process |
|                               |                      |                  N/A |
+-------------------------------+----------------------+----------------------+
                                                                               
+-----------------------------------------------------------------------------+
| Processes:                                                                  |
|  GPU   GI   CI        PID   Type   Process name                  GPU Memory |
|        ID   ID                                                   Usage      |
|=============================================================================|
|    0   N/A  N/A     40943      C   python                          10851MiB |
|    1   N/A  N/A       362      C   ...ate_every=1 use_ray=False     2365MiB |
|    3   N/A  N/A     28386      C   python                           1453MiB |
+-----------------------------------------------------------------------------+
No existing entry for trainer_params.mode.type
{}[type] = <class 'int'>(1)
No existing entry for trainer_params.mode.objective_type
{'type': 1}[objective_type] = <class 'str'>(normal)
No existing entry for trainer_params.mode.use_marginal
{'type': 1, 'objective_type': 'normal'}[use_marginal] = <class 'bool'>(True)
No existing entry for trainer_params.mode.nb_samples
{'type': 1, 'objective_type': 'normal', 'use_marginal': True}[nb_samples] = <class 'int'>(1)
No existing entry for trainer_params.mode.temperature
{'type': 1, 'objective_type': 'normal', 'use_marginal': True, 'nb_samples': 1}[temperature] = <class 'float'>(0.001)
No existing entry for trainer_params.mode.use_gamma
{'type': 1, 'objective_type': 'normal', 'use_marginal': True, 'nb_samples': 1, 'temperature': 0.001}[use_gamma] = <class 'bool'>(True)
No existing entry for trainer_params.mode.loss_type
{'type': 1, 'objective_type': 'normal', 'use_marginal': True, 'nb_samples': 1, 'temperature': 0.001, 'use_gamma': True}[loss_type] = <class 'str'>(normal)
No existing entry for trainer_params.mode.perturb_w
{'type': 1, 'objective_type': 'normal', 'use_marginal': True, 'nb_samples': 1, 'temperature': 0.001, 'use_gamma': True, 'loss_type': 'normal'}[perturb_w] = <class 'bool'>(True)
No existing entry for trainer_params.mode.perturb_w_prime
{'type': 1, 'objective_type': 'normal', 'use_marginal': True, 'nb_samples': 1, 'temperature': 0.001, 'use_gamma': True, 'loss_type': 'normal', 'perturb_w': True}[perturb_w_prime] = <class 'bool'>(False)
{'batch_size': 70, 'l1_regconst': 0.0, 'lambda_val': 20.0, 'lr_milestone_1': 30, 'lr_milestone_2': 40, 'model_params': {'arch_params': {}, 'model_name': 'CombResnet18'}, 'neighbourhood_fn': '8-grid', 'optimizer_name': 'Adam', 'optimizer_params': {'lr': 0.0005}, 'preload_batch': True, 'use_cuda': True, 'use_lr_scheduling': True, 'mode': {'type': 1, 'objective_type': 'normal', 'use_marginal': True, 'nb_samples': 1, 'temperature': 0.001, 'use_gamma': True, 'loss_type': 'normal', 'perturb_w': True, 'perturb_w_prime': False}}[lambda_val] = <class 'float'>(10.0)
{'data_dir': 'data/warcraft_shortest_path/12x12', 'evaluate_with_extra': False, 'normalize': True, 'use_local_path': False, 'use_test_set': True}[data_dir] = <class 'str'>(data/warcraft_shortest_path/18x18)
{'evaluate_every': 5, 'loader_params': {'data_dir': 'data/warcraft_shortest_path/18x18', 'evaluate_with_extra': False, 'normalize': True, 'use_local_path': False, 'use_test_set': True}, 'model_dir': 'results/warcraft_shortest_path_combresnet', 'num_cpus': 40, 'num_epochs': 50, 'problem_type': 'warcraft_shortest_path', 'ray_params': {}, 'save_visualizations': False, 'seed': 1, 'trainer_name': 'DijkstraMAP', 'trainer_params': {'batch_size': 70, 'l1_regconst': 0.0, 'lambda_val': 10.0, 'lr_milestone_1': 30, 'lr_milestone_2': 40, 'model_params': {'arch_params': {}, 'model_name': 'CombResnet18'}, 'neighbourhood_fn': '8-grid', 'optimizer_name': 'Adam', 'optimizer_params': {'lr': 0.0005}, 'preload_batch': True, 'use_cuda': True, 'use_lr_scheduling': True, 'mode': {'type': 1, 'objective_type': 'normal', 'use_marginal': True, 'nb_samples': 1, 'temperature': 0.001, 'use_gamma': True, 'loss_type': 'normal', 'perturb_w': True, 'perturb_w_prime': False}}, 'use_ray': True}[seed] = <class 'int'>(0)
{'evaluate_every': 5, 'loader_params': {'data_dir': 'data/warcraft_shortest_path/18x18', 'evaluate_with_extra': False, 'normalize': True, 'use_local_path': False, 'use_test_set': True}, 'model_dir': 'results/warcraft_shortest_path_combresnet', 'num_cpus': 40, 'num_epochs': 50, 'problem_type': 'warcraft_shortest_path', 'ray_params': {}, 'save_visualizations': False, 'seed': 0, 'trainer_name': 'DijkstraMAP', 'trainer_params': {'batch_size': 70, 'l1_regconst': 0.0, 'lambda_val': 10.0, 'lr_milestone_1': 30, 'lr_milestone_2': 40, 'model_params': {'arch_params': {}, 'model_name': 'CombResnet18'}, 'neighbourhood_fn': '8-grid', 'optimizer_name': 'Adam', 'optimizer_params': {'lr': 0.0005}, 'preload_batch': True, 'use_cuda': True, 'use_lr_scheduling': True, 'mode': {'type': 1, 'objective_type': 'normal', 'use_marginal': True, 'nb_samples': 1, 'temperature': 0.001, 'use_gamma': True, 'loss_type': 'normal', 'perturb_w': True, 'perturb_w_prime': False}}, 'use_ray': True}[evaluate_every] = <class 'int'>(1)
{'evaluate_every': 1, 'loader_params': {'data_dir': 'data/warcraft_shortest_path/18x18', 'evaluate_with_extra': False, 'normalize': True, 'use_local_path': False, 'use_test_set': True}, 'model_dir': 'results/warcraft_shortest_path_combresnet', 'num_cpus': 40, 'num_epochs': 50, 'problem_type': 'warcraft_shortest_path', 'ray_params': {}, 'save_visualizations': False, 'seed': 0, 'trainer_name': 'DijkstraMAP', 'trainer_params': {'batch_size': 70, 'l1_regconst': 0.0, 'lambda_val': 10.0, 'lr_milestone_1': 30, 'lr_milestone_2': 40, 'model_params': {'arch_params': {}, 'model_name': 'CombResnet18'}, 'neighbourhood_fn': '8-grid', 'optimizer_name': 'Adam', 'optimizer_params': {'lr': 0.0005}, 'preload_batch': True, 'use_cuda': True, 'use_lr_scheduling': True, 'mode': {'type': 1, 'objective_type': 'normal', 'use_marginal': True, 'nb_samples': 1, 'temperature': 0.001, 'use_gamma': True, 'loss_type': 'normal', 'perturb_w': True, 'perturb_w_prime': False}}, 'use_ray': True}[use_ray] = <class 'bool'>(False)
No existing entry for trainer_params.mode.type
{}[type] = <class 'int'>(1)
No existing entry for trainer_params.mode.objective_type
{'type': 1}[objective_type] = <class 'str'>(normal)
No existing entry for trainer_params.mode.use_marginal
{'type': 1, 'objective_type': 'normal'}[use_marginal] = <class 'bool'>(True)
No existing entry for trainer_params.mode.nb_samples
{'type': 1, 'objective_type': 'normal', 'use_marginal': True}[nb_samples] = <class 'int'>(1)
No existing entry for trainer_params.mode.temperature
{'type': 1, 'objective_type': 'normal', 'use_marginal': True, 'nb_samples': 1}[temperature] = <class 'float'>(0.001)
No existing entry for trainer_params.mode.use_gamma
{'type': 1, 'objective_type': 'normal', 'use_marginal': True, 'nb_samples': 1, 'temperature': 0.001}[use_gamma] = <class 'bool'>(True)
No existing entry for trainer_params.mode.loss_type
{'type': 1, 'objective_type': 'normal', 'use_marginal': True, 'nb_samples': 1, 'temperature': 0.001, 'use_gamma': True}[loss_type] = <class 'str'>(normal)
No existing entry for trainer_params.mode.perturb_w
{'type': 1, 'objective_type': 'normal', 'use_marginal': True, 'nb_samples': 1, 'temperature': 0.001, 'use_gamma': True, 'loss_type': 'normal'}[perturb_w] = <class 'bool'>(True)
No existing entry for trainer_params.mode.perturb_w_prime
{'type': 1, 'objective_type': 'normal', 'use_marginal': True, 'nb_samples': 1, 'temperature': 0.001, 'use_gamma': True, 'loss_type': 'normal', 'perturb_w': True}[perturb_w_prime] = <class 'bool'>(False)
{'batch_size': 70, 'l1_regconst': 0.0, 'lambda_val': 20.0, 'lr_milestone_1': 30, 'lr_milestone_2': 40, 'model_params': {'arch_params': {}, 'model_name': 'CombResnet18'}, 'neighbourhood_fn': '8-grid', 'optimizer_name': 'Adam', 'optimizer_params': {'lr': 0.0005}, 'preload_batch': True, 'use_cuda': True, 'use_lr_scheduling': True, 'mode': {'type': 1, 'objective_type': 'normal', 'use_marginal': True, 'nb_samples': 1, 'temperature': 0.001, 'use_gamma': True, 'loss_type': 'normal', 'perturb_w': True, 'perturb_w_prime': False}}[lambda_val] = <class 'float'>(10.0)
{'data_dir': 'data/warcraft_shortest_path/12x12', 'evaluate_with_extra': False, 'normalize': True, 'use_local_path': False, 'use_test_set': True}[data_dir] = <class 'str'>(data/warcraft_shortest_path/18x18)
{'evaluate_every': 5, 'loader_params': {'data_dir': 'data/warcraft_shortest_path/18x18', 'evaluate_with_extra': False, 'normalize': True, 'use_local_path': False, 'use_test_set': True}, 'model_dir': 'results/warcraft_shortest_path_combresnet', 'num_cpus': 40, 'num_epochs': 50, 'problem_type': 'warcraft_shortest_path', 'ray_params': {}, 'save_visualizations': False, 'seed': 1, 'trainer_name': 'DijkstraMAP', 'trainer_params': {'batch_size': 70, 'l1_regconst': 0.0, 'lambda_val': 10.0, 'lr_milestone_1': 30, 'lr_milestone_2': 40, 'model_params': {'arch_params': {}, 'model_name': 'CombResnet18'}, 'neighbourhood_fn': '8-grid', 'optimizer_name': 'Adam', 'optimizer_params': {'lr': 0.0005}, 'preload_batch': True, 'use_cuda': True, 'use_lr_scheduling': True, 'mode': {'type': 1, 'objective_type': 'normal', 'use_marginal': True, 'nb_samples': 1, 'temperature': 0.001, 'use_gamma': True, 'loss_type': 'normal', 'perturb_w': True, 'perturb_w_prime': False}}, 'use_ray': True}[seed] = <class 'int'>(0)
{'evaluate_every': 5, 'loader_params': {'data_dir': 'data/warcraft_shortest_path/18x18', 'evaluate_with_extra': False, 'normalize': True, 'use_local_path': False, 'use_test_set': True}, 'model_dir': 'results/warcraft_shortest_path_combresnet', 'num_cpus': 40, 'num_epochs': 50, 'problem_type': 'warcraft_shortest_path', 'ray_params': {}, 'save_visualizations': False, 'seed': 0, 'trainer_name': 'DijkstraMAP', 'trainer_params': {'batch_size': 70, 'l1_regconst': 0.0, 'lambda_val': 10.0, 'lr_milestone_1': 30, 'lr_milestone_2': 40, 'model_params': {'arch_params': {}, 'model_name': 'CombResnet18'}, 'neighbourhood_fn': '8-grid', 'optimizer_name': 'Adam', 'optimizer_params': {'lr': 0.0005}, 'preload_batch': True, 'use_cuda': True, 'use_lr_scheduling': True, 'mode': {'type': 1, 'objective_type': 'normal', 'use_marginal': True, 'nb_samples': 1, 'temperature': 0.001, 'use_gamma': True, 'loss_type': 'normal', 'perturb_w': True, 'perturb_w_prime': False}}, 'use_ray': True}[evaluate_every] = <class 'int'>(1)
{'evaluate_every': 1, 'loader_params': {'data_dir': 'data/warcraft_shortest_path/18x18', 'evaluate_with_extra': False, 'normalize': True, 'use_local_path': False, 'use_test_set': True}, 'model_dir': 'results/warcraft_shortest_path_combresnet', 'num_cpus': 40, 'num_epochs': 50, 'problem_type': 'warcraft_shortest_path', 'ray_params': {}, 'save_visualizations': False, 'seed': 0, 'trainer_name': 'DijkstraMAP', 'trainer_params': {'batch_size': 70, 'l1_regconst': 0.0, 'lambda_val': 10.0, 'lr_milestone_1': 30, 'lr_milestone_2': 40, 'model_params': {'arch_params': {}, 'model_name': 'CombResnet18'}, 'neighbourhood_fn': '8-grid', 'optimizer_name': 'Adam', 'optimizer_params': {'lr': 0.0005}, 'preload_batch': True, 'use_cuda': True, 'use_lr_scheduling': True, 'mode': {'type': 1, 'objective_type': 'normal', 'use_marginal': True, 'nb_samples': 1, 'temperature': 0.001, 'use_gamma': True, 'loss_type': 'normal', 'perturb_w': True, 'perturb_w_prime': False}}, 'use_ray': True}[use_ray] = <class 'bool'>(False)
{
    "evaluate_every": 1,
    "loader_params": {
        "data_dir": "data/warcraft_shortest_path/18x18",
        "evaluate_with_extra": false,
        "normalize": true,
        "use_local_path": false,
        "use_test_set": true
    },
    "model_dir": "results/warcraft_shortest_path_combresnet",
    "num_cpus": 40,
    "num_epochs": 50,
    "problem_type": "warcraft_shortest_path",
    "ray_params": {},
    "save_visualizations": false,
    "seed": 0,
    "trainer_name": "DijkstraMAP",
    "trainer_params": {
        "batch_size": 70,
        "l1_regconst": 0.0,
        "lambda_val": 10.0,
        "lr_milestone_1": 30,
        "lr_milestone_2": 40,
        "mode": {
            "loss_type": "normal",
            "nb_samples": 1,
            "objective_type": "normal",
            "perturb_w": true,
            "perturb_w_prime": false,
            "temperature": 0.001,
            "type": 1,
            "use_gamma": true,
            "use_marginal": true
        },
        "model_params": {
            "arch_params": {},
            "model_name": "CombResnet18"
        },
        "neighbourhood_fn": "8-grid",
        "optimizer_name": "Adam",
        "optimizer_params": {
            "lr": 0.0005
        },
        "preload_batch": true,
        "use_cuda": true,
        "use_lr_scheduling": true
    },
    "use_ray": false
}
MAP-BACKPROP MODE: {
    "loss_type": "normal",
    "nb_samples": 1,
    "objective_type": "normal",
    "perturb_w": true,
    "perturb_w_prime": false,
    "temperature": 0.001,
    "type": 1,
    "use_gamma": true,
    "use_marginal": true
}
True
META: {'input_image_size': 144, 'output_features': 324, 'num_channels': 3, 'denormalize': <maprop.decorators.input_to_numpy object at 0x2b51a4a6ba90>}
EVALUATING
{'loss': 30.034000854492188, 'accuracy': 0.9073024517297745, 'perfect_match_accuracy': 0.008, 'cost_ratio_suggested_true': 2.730175142288208, 'below_10.0_percent_acc': 0.071, 'below_1.0_percent_acc': 0.015, 'below_0.1_percent_acc': 0.012, 'below_0.01_percent_acc': 0.012, 'below_0.001_percent_acc': 0.01, 'below_0.0001_percent_acc': 0.01, 'valid_acc': 1.0}
Epoch: 1	Batch time (1.486180)	Data time (0.022143)	Cuda time (0.000002)	Loss (11.111800)	Accuracy (0.965704)
EVALUATING
{'loss': 5.900000252723694, 'accuracy': 0.9817901158332825, 'perfect_match_accuracy': 0.499, 'cost_ratio_suggested_true': 1.0492210102081299, 'below_10.0_percent_acc': 0.983, 'below_1.0_percent_acc': 0.865, 'below_0.1_percent_acc': 0.831, 'below_0.01_percent_acc': 0.83, 'below_0.001_percent_acc': 0.797, 'below_0.0001_percent_acc': 0.797, 'valid_acc': 1.0}
Epoch: 2	Batch time (1.415601)	Data time (0.023309)	Cuda time (0.000002)	Loss (5.983400)	Accuracy (0.981533)
EVALUATING
{'loss': 5.7660001850128175, 'accuracy': 0.982203689813614, 'perfect_match_accuracy': 0.481, 'cost_ratio_suggested_true': 1.0306936609745025, 'below_10.0_percent_acc': 0.999, 'below_1.0_percent_acc': 0.922, 'below_0.1_percent_acc': 0.898, 'below_0.01_percent_acc': 0.898, 'below_0.001_percent_acc': 0.869, 'below_0.0001_percent_acc': 0.868, 'valid_acc': 1.0}
Epoch: 3	Batch time (1.555609)	Data time (0.020878)	Cuda time (0.000002)	Loss (4.961700)	Accuracy (0.984686)
EVALUATING
{'loss': 4.265000116825104, 'accuracy': 0.9868364071846009, 'perfect_match_accuracy': 0.621, 'cost_ratio_suggested_true': 1.0283155715465546, 'below_10.0_percent_acc': 1.0, 'below_1.0_percent_acc': 0.927, 'below_0.1_percent_acc': 0.903, 'below_0.01_percent_acc': 0.902, 'below_0.001_percent_acc': 0.858, 'below_0.0001_percent_acc': 0.857, 'valid_acc': 1.0}
Epoch: 4	Batch time (1.444430)	Data time (0.022396)	Cuda time (0.000002)	Loss (4.241000)	Accuracy (0.986910)
EVALUATING
{'loss': 3.7850001525878905, 'accuracy': 0.9883178907632828, 'perfect_match_accuracy': 0.65, 'cost_ratio_suggested_true': 1.0188522946834564, 'below_10.0_percent_acc': 1.0, 'below_1.0_percent_acc': 0.961, 'below_0.1_percent_acc': 0.942, 'below_0.01_percent_acc': 0.941, 'below_0.001_percent_acc': 0.889, 'below_0.0001_percent_acc': 0.888, 'valid_acc': 1.0}
Epoch: 5	Batch time (1.431592)	Data time (0.022930)	Cuda time (0.000003)	Loss (3.692100)	Accuracy (0.988605)
EVALUATING
{'loss': 3.914000051021576, 'accuracy': 0.9879197365045548, 'perfect_match_accuracy': 0.656, 'cost_ratio_suggested_true': 1.0235820305347443, 'below_10.0_percent_acc': 1.0, 'below_1.0_percent_acc': 0.944, 'below_0.1_percent_acc': 0.926, 'below_0.01_percent_acc': 0.925, 'below_0.001_percent_acc': 0.879, 'below_0.0001_percent_acc': 0.878, 'valid_acc': 1.0}
Epoch: 6	Batch time (1.598897)	Data time (0.020304)	Cuda time (0.000002)	Loss (3.549900)	Accuracy (0.989044)
EVALUATING
{'loss': 3.856000154018402, 'accuracy': 0.9880987536907196, 'perfect_match_accuracy': 0.647, 'cost_ratio_suggested_true': 1.0211027562618256, 'below_10.0_percent_acc': 1.0, 'below_1.0_percent_acc': 0.972, 'below_0.1_percent_acc': 0.953, 'below_0.01_percent_acc': 0.952, 'below_0.001_percent_acc': 0.901, 'below_0.0001_percent_acc': 0.9, 'valid_acc': 1.0}
Epoch: 7	Batch time (1.476696)	Data time (0.021488)	Cuda time (0.000002)	Loss (3.251000)	Accuracy (0.989966)
EVALUATING
{'loss': 3.3790001583099367, 'accuracy': 0.9895709747076035, 'perfect_match_accuracy': 0.687, 'cost_ratio_suggested_true': 1.019957104921341, 'below_10.0_percent_acc': 1.0, 'below_1.0_percent_acc': 0.973, 'below_0.1_percent_acc': 0.959, 'below_0.01_percent_acc': 0.958, 'below_0.001_percent_acc': 0.92, 'below_0.0001_percent_acc': 0.919, 'valid_acc': 1.0}
Epoch: 8	Batch time (1.411201)	Data time (0.023466)	Cuda time (0.000002)	Loss (3.042300)	Accuracy (0.990610)
EVALUATING
{'loss': 3.6680001473426818, 'accuracy': 0.9886789989471435, 'perfect_match_accuracy': 0.664, 'cost_ratio_suggested_true': 1.0178253436088562, 'below_10.0_percent_acc': 1.0, 'below_1.0_percent_acc': 0.971, 'below_0.1_percent_acc': 0.951, 'below_0.01_percent_acc': 0.95, 'below_0.001_percent_acc': 0.908, 'below_0.0001_percent_acc': 0.908, 'valid_acc': 1.0}
Epoch: 9	Batch time (1.534373)	Data time (0.020654)	Cuda time (0.000002)	Loss (2.965900)	Accuracy (0.990846)
EVALUATING
{'loss': 3.732000181674957, 'accuracy': 0.988481473326683, 'perfect_match_accuracy': 0.643, 'cost_ratio_suggested_true': 1.0192460465431212, 'below_10.0_percent_acc': 1.0, 'below_1.0_percent_acc': 0.973, 'below_0.1_percent_acc': 0.953, 'below_0.01_percent_acc': 0.953, 'below_0.001_percent_acc': 0.908, 'below_0.0001_percent_acc': 0.907, 'valid_acc': 1.0}
Epoch: 10	Batch time (1.532122)	Data time (0.020515)	Cuda time (0.000003)	Loss (3.019500)	Accuracy (0.990681)
EVALUATING
{'loss': 3.917000124454498, 'accuracy': 0.9879104816913604, 'perfect_match_accuracy': 0.643, 'cost_ratio_suggested_true': 1.0213830029964448, 'below_10.0_percent_acc': 1.0, 'below_1.0_percent_acc': 0.968, 'below_0.1_percent_acc': 0.949, 'below_0.01_percent_acc': 0.949, 'below_0.001_percent_acc': 0.92, 'below_0.0001_percent_acc': 0.92, 'valid_acc': 1.0}
Epoch: 11	Batch time (1.537922)	Data time (0.020094)	Cuda time (0.000002)	Loss (2.932900)	Accuracy (0.990948)
EVALUATING
{'loss': 3.4370001268386843, 'accuracy': 0.9893919658660889, 'perfect_match_accuracy': 0.672, 'cost_ratio_suggested_true': 1.018291552066803, 'below_10.0_percent_acc': 1.0, 'below_1.0_percent_acc': 0.984, 'below_0.1_percent_acc': 0.967, 'below_0.01_percent_acc': 0.967, 'below_0.001_percent_acc': 0.92, 'below_0.0001_percent_acc': 0.92, 'valid_acc': 1.0}
Epoch: 12	Batch time (1.360084)	Data time (0.021943)	Cuda time (0.000002)	Loss (2.644700)	Accuracy (0.991837)
EVALUATING
{'loss': 3.1810000705718995, 'accuracy': 0.9901820802688599, 'perfect_match_accuracy': 0.685, 'cost_ratio_suggested_true': 1.025248371362686, 'below_10.0_percent_acc': 1.0, 'below_1.0_percent_acc': 0.984, 'below_0.1_percent_acc': 0.974, 'below_0.01_percent_acc': 0.974, 'below_0.001_percent_acc': 0.952, 'below_0.0001_percent_acc': 0.952, 'valid_acc': 1.0}
Epoch: 13	Batch time (1.508942)	Data time (0.020974)	Cuda time (0.000003)	Loss (2.557000)	Accuracy (0.992108)
EVALUATING
{'loss': 3.1160001373291015, 'accuracy': 0.9903826999664307, 'perfect_match_accuracy': 0.715, 'cost_ratio_suggested_true': 1.0192629086971283, 'below_10.0_percent_acc': 1.0, 'below_1.0_percent_acc': 0.981, 'below_0.1_percent_acc': 0.962, 'below_0.01_percent_acc': 0.962, 'below_0.001_percent_acc': 0.92, 'below_0.0001_percent_acc': 0.919, 'valid_acc': 1.0}
Epoch: 14	Batch time (1.537615)	Data time (0.020999)	Cuda time (0.000003)	Loss (2.364200)	Accuracy (0.992703)
EVALUATING
{'loss': 3.1330001282691957, 'accuracy': 0.9903302335739136, 'perfect_match_accuracy': 0.706, 'cost_ratio_suggested_true': 1.0187717401981353, 'below_10.0_percent_acc': 1.0, 'below_1.0_percent_acc': 0.983, 'below_0.1_percent_acc': 0.97, 'below_0.01_percent_acc': 0.97, 'below_0.001_percent_acc': 0.933, 'below_0.0001_percent_acc': 0.933, 'valid_acc': 1.0}
Epoch: 15	Batch time (1.529751)	Data time (0.021208)	Cuda time (0.000002)	Loss (2.468900)	Accuracy (0.992380)
EVALUATING
{'loss': 3.2290000891685486, 'accuracy': 0.9900339263677597, 'perfect_match_accuracy': 0.688, 'cost_ratio_suggested_true': 1.0161522817611695, 'below_10.0_percent_acc': 1.0, 'below_1.0_percent_acc': 0.977, 'below_0.1_percent_acc': 0.965, 'below_0.01_percent_acc': 0.965, 'below_0.001_percent_acc': 0.933, 'below_0.0001_percent_acc': 0.932, 'valid_acc': 1.0}
Epoch: 16	Batch time (1.373088)	Data time (0.022758)	Cuda time (0.000003)	Loss (2.346700)	Accuracy (0.992757)
EVALUATING
{'loss': 3.1070001411437986, 'accuracy': 0.9904104846715928, 'perfect_match_accuracy': 0.703, 'cost_ratio_suggested_true': 1.0180373668670655, 'below_10.0_percent_acc': 1.0, 'below_1.0_percent_acc': 0.987, 'below_0.1_percent_acc': 0.968, 'below_0.01_percent_acc': 0.968, 'below_0.001_percent_acc': 0.929, 'below_0.0001_percent_acc': 0.929, 'valid_acc': 1.0}
Epoch: 17	Batch time (1.537082)	Data time (0.019799)	Cuda time (0.000002)	Loss (2.327200)	Accuracy (0.992817)
EVALUATING
{'loss': 3.224000096321106, 'accuracy': 0.9900493758916855, 'perfect_match_accuracy': 0.678, 'cost_ratio_suggested_true': 1.0196477127075196, 'below_10.0_percent_acc': 1.0, 'below_1.0_percent_acc': 0.986, 'below_0.1_percent_acc': 0.975, 'below_0.01_percent_acc': 0.975, 'below_0.001_percent_acc': 0.941, 'below_0.0001_percent_acc': 0.941, 'valid_acc': 1.0}
Epoch: 18	Batch time (1.568341)	Data time (0.020962)	Cuda time (0.000003)	Loss (2.257200)	Accuracy (0.993033)
EVALUATING
{'loss': 2.7900001311302187, 'accuracy': 0.9913888859748841, 'perfect_match_accuracy': 0.729, 'cost_ratio_suggested_true': 1.015342308282852, 'below_10.0_percent_acc': 1.0, 'below_1.0_percent_acc': 0.981, 'below_0.1_percent_acc': 0.97, 'below_0.01_percent_acc': 0.97, 'below_0.001_percent_acc': 0.929, 'below_0.0001_percent_acc': 0.929, 'valid_acc': 1.0}
Epoch: 19	Batch time (1.511357)	Data time (0.020331)	Cuda time (0.000002)	Loss (2.099000)	Accuracy (0.993522)
EVALUATING
{'loss': 2.6680001163482667, 'accuracy': 0.9917654186487198, 'perfect_match_accuracy': 0.739, 'cost_ratio_suggested_true': 1.017306191921234, 'below_10.0_percent_acc': 1.0, 'below_1.0_percent_acc': 0.985, 'below_0.1_percent_acc': 0.975, 'below_0.01_percent_acc': 0.975, 'below_0.001_percent_acc': 0.934, 'below_0.0001_percent_acc': 0.933, 'valid_acc': 1.0}
Epoch: 20	Batch time (1.409785)	Data time (0.023306)	Cuda time (0.000003)	Loss (2.043400)	Accuracy (0.993693)
EVALUATING
{'loss': 3.066000130176544, 'accuracy': 0.9905370181798935, 'perfect_match_accuracy': 0.718, 'cost_ratio_suggested_true': 1.0157599878311157, 'below_10.0_percent_acc': 1.0, 'below_1.0_percent_acc': 0.988, 'below_0.1_percent_acc': 0.979, 'below_0.01_percent_acc': 0.979, 'below_0.001_percent_acc': 0.949, 'below_0.0001_percent_acc': 0.949, 'valid_acc': 1.0}
Epoch: 21	Batch time (1.521393)	Data time (0.020167)	Cuda time (0.000003)	Loss (2.099400)	Accuracy (0.993520)
EVALUATING
{'loss': 3.0240000915527343, 'accuracy': 0.99066665828228, 'perfect_match_accuracy': 0.673, 'cost_ratio_suggested_true': 1.0138408195972444, 'below_10.0_percent_acc': 1.0, 'below_1.0_percent_acc': 0.985, 'below_0.1_percent_acc': 0.974, 'below_0.01_percent_acc': 0.974, 'below_0.001_percent_acc': 0.92, 'below_0.0001_percent_acc': 0.919, 'valid_acc': 1.0}
Epoch: 22	Batch time (1.528144)	Data time (0.020900)	Cuda time (0.000003)	Loss (2.072800)	Accuracy (0.993602)
EVALUATING
{'loss': 2.988000121116638, 'accuracy': 0.9907777732610703, 'perfect_match_accuracy': 0.731, 'cost_ratio_suggested_true': 1.0161786198616027, 'below_10.0_percent_acc': 1.0, 'below_1.0_percent_acc': 0.981, 'below_0.1_percent_acc': 0.965, 'below_0.01_percent_acc': 0.965, 'below_0.001_percent_acc': 0.932, 'below_0.0001_percent_acc': 0.931, 'valid_acc': 1.0}
Epoch: 23	Batch time (1.461937)	Data time (0.022683)	Cuda time (0.000003)	Loss (2.128600)	Accuracy (0.993430)
EVALUATING
{'loss': 2.9200000953674317, 'accuracy': 0.9909876477718353, 'perfect_match_accuracy': 0.718, 'cost_ratio_suggested_true': 1.0210957932472229, 'below_10.0_percent_acc': 1.0, 'below_1.0_percent_acc': 0.986, 'below_0.1_percent_acc': 0.976, 'below_0.01_percent_acc': 0.976, 'below_0.001_percent_acc': 0.933, 'below_0.0001_percent_acc': 0.933, 'valid_acc': 1.0}
Epoch: 24	Batch time (1.483586)	Data time (0.021423)	Cuda time (0.000002)	Loss (2.167900)	Accuracy (0.993309)
EVALUATING
{'loss': 2.73800008893013, 'accuracy': 0.9915493696928024, 'perfect_match_accuracy': 0.722, 'cost_ratio_suggested_true': 1.0155027532577514, 'below_10.0_percent_acc': 1.0, 'below_1.0_percent_acc': 0.986, 'below_0.1_percent_acc': 0.978, 'below_0.01_percent_acc': 0.978, 'below_0.001_percent_acc': 0.933, 'below_0.0001_percent_acc': 0.933, 'valid_acc': 1.0}
Epoch: 25	Batch time (1.558987)	Data time (0.020837)	Cuda time (0.000003)	Loss (1.961100)	Accuracy (0.993947)
EVALUATING
{'loss': 2.7970001101493835, 'accuracy': 0.9913672703504562, 'perfect_match_accuracy': 0.739, 'cost_ratio_suggested_true': 1.016613175868988, 'below_10.0_percent_acc': 1.0, 'below_1.0_percent_acc': 0.981, 'below_0.1_percent_acc': 0.968, 'below_0.01_percent_acc': 0.967, 'below_0.001_percent_acc': 0.917, 'below_0.0001_percent_acc': 0.917, 'valid_acc': 1.0}
Epoch: 26	Batch time (1.568957)	Data time (0.020927)	Cuda time (0.000002)	Loss (1.897300)	Accuracy (0.994144)
EVALUATING
{'loss': 2.931000121831894, 'accuracy': 0.9909536933898926, 'perfect_match_accuracy': 0.719, 'cost_ratio_suggested_true': 1.0129925906658173, 'below_10.0_percent_acc': 1.0, 'below_1.0_percent_acc': 0.985, 'below_0.1_percent_acc': 0.974, 'below_0.01_percent_acc': 0.974, 'below_0.001_percent_acc': 0.932, 'below_0.0001_percent_acc': 0.932, 'valid_acc': 1.0}
Epoch: 27	Batch time (1.537950)	Data time (0.021130)	Cuda time (0.000003)	Loss (1.994400)	Accuracy (0.993844)
EVALUATING
{'loss': 2.9350001311302183, 'accuracy': 0.9909413427114486, 'perfect_match_accuracy': 0.729, 'cost_ratio_suggested_true': 1.0294464480876924, 'below_10.0_percent_acc': 1.0, 'below_1.0_percent_acc': 0.988, 'below_0.1_percent_acc': 0.973, 'below_0.01_percent_acc': 0.973, 'below_0.001_percent_acc': 0.94, 'below_0.0001_percent_acc': 0.94, 'valid_acc': 1.0}
Epoch: 28	Batch time (1.585779)	Data time (0.020717)	Cuda time (0.000002)	Loss (2.001900)	Accuracy (0.993821)
EVALUATING
{'loss': 2.7280000948905947, 'accuracy': 0.9915802365541458, 'perfect_match_accuracy': 0.74, 'cost_ratio_suggested_true': 1.014476364850998, 'below_10.0_percent_acc': 1.0, 'below_1.0_percent_acc': 0.99, 'below_0.1_percent_acc': 0.974, 'below_0.01_percent_acc': 0.974, 'below_0.001_percent_acc': 0.948, 'below_0.0001_percent_acc': 0.948, 'valid_acc': 1.0}
Epoch: 29	Batch time (1.404588)	Data time (0.023904)	Cuda time (0.000003)	Loss (1.893400)	Accuracy (0.994156)
EVALUATING
{'loss': 3.1300000727176664, 'accuracy': 0.9903394961357117, 'perfect_match_accuracy': 0.709, 'cost_ratio_suggested_true': 1.0166214752197265, 'below_10.0_percent_acc': 1.0, 'below_1.0_percent_acc': 0.976, 'below_0.1_percent_acc': 0.959, 'below_0.01_percent_acc': 0.959, 'below_0.001_percent_acc': 0.937, 'below_0.0001_percent_acc': 0.936, 'valid_acc': 1.0}
Epoch: 30	Batch time (1.493464)	Data time (0.020448)	Cuda time (0.000003)	Loss (2.033700)	Accuracy (0.993723)
EVALUATING
{'loss': 2.853000063896179, 'accuracy': 0.9911944347620011, 'perfect_match_accuracy': 0.726, 'cost_ratio_suggested_true': 1.01391392827034, 'below_10.0_percent_acc': 1.0, 'below_1.0_percent_acc': 0.983, 'below_0.1_percent_acc': 0.971, 'below_0.01_percent_acc': 0.971, 'below_0.001_percent_acc': 0.922, 'below_0.0001_percent_acc': 0.922, 'valid_acc': 1.0}
Epoch: 31	Batch time (1.553437)	Data time (0.020074)	Cuda time (0.000003)	Loss (1.190300)	Accuracy (0.996326)
EVALUATING
{'loss': 2.397000058889389, 'accuracy': 0.9926018452644348, 'perfect_match_accuracy': 0.761, 'cost_ratio_suggested_true': 1.0130393767356873, 'below_10.0_percent_acc': 1.0, 'below_1.0_percent_acc': 0.996, 'below_0.1_percent_acc': 0.985, 'below_0.01_percent_acc': 0.985, 'below_0.001_percent_acc': 0.95, 'below_0.0001_percent_acc': 0.95, 'valid_acc': 1.0}
Epoch: 32	Batch time (1.589626)	Data time (0.020710)	Cuda time (0.000003)	Loss (0.885400)	Accuracy (0.997267)
EVALUATING
{'loss': 2.439000115394592, 'accuracy': 0.9924722123146057, 'perfect_match_accuracy': 0.765, 'cost_ratio_suggested_true': 1.0124596798419951, 'below_10.0_percent_acc': 1.0, 'below_1.0_percent_acc': 0.995, 'below_0.1_percent_acc': 0.985, 'below_0.01_percent_acc': 0.985, 'below_0.001_percent_acc': 0.952, 'below_0.0001_percent_acc': 0.952, 'valid_acc': 1.0}
Epoch: 33	Batch time (1.526876)	Data time (0.021562)	Cuda time (0.000002)	Loss (0.755900)	Accuracy (0.997667)
EVALUATING
{'loss': 2.5120001006126405, 'accuracy': 0.9922469067573547, 'perfect_match_accuracy': 0.764, 'cost_ratio_suggested_true': 1.0136169075965882, 'below_10.0_percent_acc': 1.0, 'below_1.0_percent_acc': 0.995, 'below_0.1_percent_acc': 0.984, 'below_0.01_percent_acc': 0.984, 'below_0.001_percent_acc': 0.949, 'below_0.0001_percent_acc': 0.949, 'valid_acc': 1.0}
Epoch: 34	Batch time (1.367322)	Data time (0.023087)	Cuda time (0.000003)	Loss (0.720100)	Accuracy (0.997777)
EVALUATING
{'loss': 2.3650000488758085, 'accuracy': 0.9927006024122238, 'perfect_match_accuracy': 0.773, 'cost_ratio_suggested_true': 1.0132331454753876, 'below_10.0_percent_acc': 1.0, 'below_1.0_percent_acc': 0.997, 'below_0.1_percent_acc': 0.987, 'below_0.01_percent_acc': 0.987, 'below_0.001_percent_acc': 0.952, 'below_0.0001_percent_acc': 0.952, 'valid_acc': 1.0}
Epoch: 35	Batch time (1.537954)	Data time (0.021092)	Cuda time (0.000002)	Loss (0.721700)	Accuracy (0.997773)
EVALUATING
{'loss': 2.2760000693798066, 'accuracy': 0.9929753023386002, 'perfect_match_accuracy': 0.782, 'cost_ratio_suggested_true': 1.0124875742197037, 'below_10.0_percent_acc': 1.0, 'below_1.0_percent_acc': 0.997, 'below_0.1_percent_acc': 0.986, 'below_0.01_percent_acc': 0.986, 'below_0.001_percent_acc': 0.951, 'below_0.0001_percent_acc': 0.951, 'valid_acc': 1.0}
Epoch: 36	Batch time (1.531083)	Data time (0.020188)	Cuda time (0.000002)	Loss (0.723100)	Accuracy (0.997768)
EVALUATING
{'loss': 2.340000103712082, 'accuracy': 0.9927777695655823, 'perfect_match_accuracy': 0.776, 'cost_ratio_suggested_true': 1.0126572859287262, 'below_10.0_percent_acc': 1.0, 'below_1.0_percent_acc': 0.997, 'below_0.1_percent_acc': 0.986, 'below_0.01_percent_acc': 0.986, 'below_0.001_percent_acc': 0.951, 'below_0.0001_percent_acc': 0.951, 'valid_acc': 1.0}
Epoch: 37	Batch time (1.527019)	Data time (0.020589)	Cuda time (0.000002)	Loss (0.686100)	Accuracy (0.997882)
EVALUATING
{'loss': 2.4000001072883608, 'accuracy': 0.9925925850868225, 'perfect_match_accuracy': 0.773, 'cost_ratio_suggested_true': 1.0125868898630142, 'below_10.0_percent_acc': 1.0, 'below_1.0_percent_acc': 0.995, 'below_0.1_percent_acc': 0.983, 'below_0.01_percent_acc': 0.983, 'below_0.001_percent_acc': 0.949, 'below_0.0001_percent_acc': 0.949, 'valid_acc': 1.0}
Epoch: 38	Batch time (1.397489)	Data time (0.022889)	Cuda time (0.000002)	Loss (0.677700)	Accuracy (0.997908)
EVALUATING
{'loss': 2.315000064373016, 'accuracy': 0.9928549271821976, 'perfect_match_accuracy': 0.779, 'cost_ratio_suggested_true': 1.0121168023347855, 'below_10.0_percent_acc': 1.0, 'below_1.0_percent_acc': 0.996, 'below_0.1_percent_acc': 0.987, 'below_0.01_percent_acc': 0.987, 'below_0.001_percent_acc': 0.951, 'below_0.0001_percent_acc': 0.951, 'valid_acc': 1.0}
Epoch: 39	Batch time (1.475271)	Data time (0.020095)	Cuda time (0.000002)	Loss (0.656600)	Accuracy (0.997973)
EVALUATING
{'loss': 2.4100001108646394, 'accuracy': 0.9925617223978043, 'perfect_match_accuracy': 0.772, 'cost_ratio_suggested_true': 1.011817433834076, 'below_10.0_percent_acc': 1.0, 'below_1.0_percent_acc': 0.996, 'below_0.1_percent_acc': 0.986, 'below_0.01_percent_acc': 0.986, 'below_0.001_percent_acc': 0.955, 'below_0.0001_percent_acc': 0.955, 'valid_acc': 1.0}
Epoch: 40	Batch time (1.581624)	Data time (0.020634)	Cuda time (0.000003)	Loss (0.642300)	Accuracy (0.998018)
EVALUATING
{'loss': 2.4430000948905946, 'accuracy': 0.9924598616361618, 'perfect_match_accuracy': 0.772, 'cost_ratio_suggested_true': 1.0122435891628265, 'below_10.0_percent_acc': 1.0, 'below_1.0_percent_acc': 0.996, 'below_0.1_percent_acc': 0.984, 'below_0.01_percent_acc': 0.984, 'below_0.001_percent_acc': 0.948, 'below_0.0001_percent_acc': 0.948, 'valid_acc': 1.0}
Epoch: 41	Batch time (1.558249)	Data time (0.020498)	Cuda time (0.000002)	Loss (0.553000)	Accuracy (0.998293)
EVALUATING
{'loss': 2.410000102519989, 'accuracy': 0.992561714053154, 'perfect_match_accuracy': 0.775, 'cost_ratio_suggested_true': 1.0120581936836244, 'below_10.0_percent_acc': 1.0, 'below_1.0_percent_acc': 0.997, 'below_0.1_percent_acc': 0.987, 'below_0.01_percent_acc': 0.987, 'below_0.001_percent_acc': 0.951, 'below_0.0001_percent_acc': 0.951, 'valid_acc': 1.0}
Epoch: 42	Batch time (1.420584)	Data time (0.023641)	Cuda time (0.000003)	Loss (0.548600)	Accuracy (0.998307)
EVALUATING
{'loss': 2.3980000579357146, 'accuracy': 0.9925987541675567, 'perfect_match_accuracy': 0.772, 'cost_ratio_suggested_true': 1.0126613223552703, 'below_10.0_percent_acc': 1.0, 'below_1.0_percent_acc': 0.997, 'below_0.1_percent_acc': 0.986, 'below_0.01_percent_acc': 0.986, 'below_0.001_percent_acc': 0.95, 'below_0.0001_percent_acc': 0.95, 'valid_acc': 1.0}
Epoch: 43	Batch time (1.475322)	Data time (0.021257)	Cuda time (0.000003)	Loss (0.528800)	Accuracy (0.998368)
EVALUATING
{'loss': 2.4000000739097596, 'accuracy': 0.9925925809144974, 'perfect_match_accuracy': 0.776, 'cost_ratio_suggested_true': 1.0118718576431274, 'below_10.0_percent_acc': 1.0, 'below_1.0_percent_acc': 0.997, 'below_0.1_percent_acc': 0.988, 'below_0.01_percent_acc': 0.988, 'below_0.001_percent_acc': 0.956, 'below_0.0001_percent_acc': 0.956, 'valid_acc': 1.0}
Epoch: 44	Batch time (1.569615)	Data time (0.020620)	Cuda time (0.000002)	Loss (0.540000)	Accuracy (0.998333)
EVALUATING
{'loss': 2.3170000767707823, 'accuracy': 0.9928487533330917, 'perfect_match_accuracy': 0.778, 'cost_ratio_suggested_true': 1.0120775949954988, 'below_10.0_percent_acc': 1.0, 'below_1.0_percent_acc': 0.997, 'below_0.1_percent_acc': 0.987, 'below_0.01_percent_acc': 0.987, 'below_0.001_percent_acc': 0.955, 'below_0.0001_percent_acc': 0.955, 'valid_acc': 1.0}
Epoch: 45	Batch time (1.457266)	Data time (0.021101)	Cuda time (0.000002)	Loss (0.518400)	Accuracy (0.998400)
EVALUATING
{'loss': 2.365000057220459, 'accuracy': 0.9927006024122238, 'perfect_match_accuracy': 0.777, 'cost_ratio_suggested_true': 1.0119116699695587, 'below_10.0_percent_acc': 1.0, 'below_1.0_percent_acc': 0.997, 'below_0.1_percent_acc': 0.987, 'below_0.01_percent_acc': 0.987, 'below_0.001_percent_acc': 0.954, 'below_0.0001_percent_acc': 0.954, 'valid_acc': 1.0}
Epoch: 46	Batch time (1.360820)	Data time (0.022026)	Cuda time (0.000003)	Loss (0.497000)	Accuracy (0.998466)
EVALUATING
{'loss': 2.3660001134872437, 'accuracy': 0.9926975148916245, 'perfect_match_accuracy': 0.773, 'cost_ratio_suggested_true': 1.0119661605358123, 'below_10.0_percent_acc': 1.0, 'below_1.0_percent_acc': 0.996, 'below_0.1_percent_acc': 0.988, 'below_0.01_percent_acc': 0.988, 'below_0.001_percent_acc': 0.956, 'below_0.0001_percent_acc': 0.956, 'valid_acc': 1.0}
Epoch: 47	Batch time (1.531161)	Data time (0.020584)	Cuda time (0.000002)	Loss (0.509500)	Accuracy (0.998427)
EVALUATING
{'loss': 2.3830000770092012, 'accuracy': 0.992645047903061, 'perfect_match_accuracy': 0.774, 'cost_ratio_suggested_true': 1.0120239806175233, 'below_10.0_percent_acc': 1.0, 'below_1.0_percent_acc': 0.997, 'below_0.1_percent_acc': 0.987, 'below_0.01_percent_acc': 0.987, 'below_0.001_percent_acc': 0.954, 'below_0.0001_percent_acc': 0.954, 'valid_acc': 1.0}
Epoch: 48	Batch time (1.533072)	Data time (0.020418)	Cuda time (0.000002)	Loss (0.477500)	Accuracy (0.998526)
EVALUATING
{'loss': 2.3880000746250154, 'accuracy': 0.9926296186447143, 'perfect_match_accuracy': 0.775, 'cost_ratio_suggested_true': 1.0121313512325287, 'below_10.0_percent_acc': 1.0, 'below_1.0_percent_acc': 0.997, 'below_0.1_percent_acc': 0.986, 'below_0.01_percent_acc': 0.986, 'below_0.001_percent_acc': 0.95, 'below_0.0001_percent_acc': 0.95, 'valid_acc': 1.0}
Epoch: 49	Batch time (1.541117)	Data time (0.020431)	Cuda time (0.000003)	Loss (0.460900)	Accuracy (0.998577)
EVALUATING
{'loss': 2.340000094175339, 'accuracy': 0.9927777570486068, 'perfect_match_accuracy': 0.78, 'cost_ratio_suggested_true': 1.0116178715229034, 'below_10.0_percent_acc': 1.0, 'below_1.0_percent_acc': 0.997, 'below_0.1_percent_acc': 0.988, 'below_0.01_percent_acc': 0.988, 'below_0.001_percent_acc': 0.956, 'below_0.0001_percent_acc': 0.956, 'valid_acc': 1.0}
Epoch: 50	Batch time (1.498168)	Data time (0.022636)	Cuda time (0.000002)	Loss (0.460200)	Accuracy (0.998580)
EVALUATING
{'loss': 2.3730000817775725, 'accuracy': 0.9926759105920792, 'perfect_match_accuracy': 0.776, 'cost_ratio_suggested_true': 1.0121896803379058, 'below_10.0_percent_acc': 1.0, 'below_1.0_percent_acc': 0.997, 'below_0.1_percent_acc': 0.988, 'below_0.01_percent_acc': 0.988, 'below_0.001_percent_acc': 0.956, 'below_0.0001_percent_acc': 0.956, 'valid_acc': 1.0}
