gonzo-605-20.local
declare -x ANT_HOME="/opt/rocks"
declare -x ARC="lx-amd64"
declare -x BASH_ENV="/usr/share/lmod/lmod/init/bash"
declare -x CONDA_DEFAULT_ENV="gpu"
declare -x CONDA_EXE="/home/pminervi/anaconda3/bin/conda"
declare -x CONDA_PREFIX="/home/pminervi/anaconda3/envs/gpu"
declare -x CONDA_PREFIX_1="/home/pminervi/anaconda3/envs/cpu"
declare -x CONDA_PROMPT_MODIFIER="(gpu) "
declare -x CONDA_PYTHON_EXE="/home/pminervi/anaconda3/bin/python"
declare -x CONDA_SHLVL="2"
declare -x CUDA_VISIBLE_DEVICES="1"
declare -x ENVIRONMENT="BATCH"
declare -x HISTCONTROL="ignoredups"
declare -x HISTSIZE="1000"
declare -x HOME="/home/pminervi"
declare -x HOSTNAME="gonzo-605-20.local"
declare -x JAVA_HOME="/share/apps/mr/utils/jdk"
declare -x JOB_ID="2799085"
declare -x JOB_NAME="temperature_beaker_v10.job"
declare -x JOB_SCRIPT="/opt/gridengine/default/spool/gonzo-605-20/job_scripts/2799085"
declare -x LANG="en_US.utf8"
declare -x LANGUAGE="en_US:en"
declare -x LD_LIBRARY_PATH="/share/apps/gcc-6.2.0/lib/:/share/apps/gcc-6.2.0/lib64/:/opt/gridengine/lib/lx-amd64"
declare -x LESSOPEN="||/usr/bin/lesspipe.sh %s"
declare -x LMOD_CMD="/usr/share/lmod/lmod/libexec/lmod"
declare -x LMOD_DIR="/usr/share/lmod/lmod/libexec"
declare -x LMOD_PKG="/usr/share/lmod/lmod"
declare -x LMOD_ROOT="/usr/share/lmod"
declare -x LMOD_SETTARG_FULL_SUPPORT="no"
declare -x LMOD_VERSION="8.2.7"
declare -x LMOD_sys="Linux"
declare -x LOADEDMODULES=""
declare -x LOGNAME="pminervi"
declare -x MAIL="/var/spool/mail/pminervi"
declare -x MANPATH="/usr/share/lmod/lmod/share/man:"
declare -x MODULEPATH="/share/apps/modulefiles/default"
declare -x MODULEPATH_ROOT="/usr/share/modulefiles"
declare -x MODULESHOME="/usr/share/lmod/lmod"
declare -x MPICH_PROCESS_GROUP="no"
declare -x NHOSTS="1"
declare -x NQUEUES="1"
declare -x NSLOTS="1"
declare -x OLDPWD="/home/pminervi/workspace/map-backprop"
declare -x PATH="/home/pminervi/anaconda3/envs/gpu/bin:/home/pminervi/anaconda3/condabin:/home/pminervi/anaconda3/bin:/share/apps/binutils-2.27/bin/:/share/apps/gcc-6.2.0/bin/:/share/apps/mr/bin:/tmp/2799085.13.gpu.q:/usr/local/bin:/bin:/usr/bin:/usr/local/sbin:/usr/sbin:/opt/ganglia/bin:/opt/ganglia/sbin:/opt/rocks/bin:/opt/rocks/sbin:/opt/gridengine/bin/lx-amd64:/home/pminervi/bin"
declare -x PWD="/home/pminervi/workspace/map-backprop"
declare -x QUEUE="gpu.q"
declare -x REQNAME="temperature_beaker_v10.job"
declare -x REQUEST="temperature_beaker_v10.job"
declare -x RESTARTED="1"
declare -x ROCKSROOT="/opt/rocks/share/devel"
declare -x ROCKS_ROOT="/opt/rocks"
declare -x ROLLSROOT="/opt/rocks/share/devel/src/roll"
declare -x SGE_ACCOUNT="sge"
declare -x SGE_ARCH="lx-amd64"
declare -x SGE_BINARY_PATH="/opt/gridengine/bin/lx-amd64"
declare -x SGE_CELL="default"
declare -x SGE_CWD_PATH="/home/pminervi/workspace/map-backprop"
declare -x SGE_EXECD_PORT="537"
declare -x SGE_JOB_SPOOL_DIR="/opt/gridengine/default/spool/gonzo-605-20/active_jobs/2799085.13"
declare -x SGE_O_HOME="/home/pminervi"
declare -x SGE_O_HOST="beaker"
declare -x SGE_O_LOGNAME="pminervi"
declare -x SGE_O_MAIL="/var/spool/mail/pminervi"
declare -x SGE_O_PATH="/home/pminervi/anaconda3/envs/cpu/bin:/home/pminervi/anaconda3/condabin:/home/pminervi/anaconda3/bin:/share/apps/binutils-2.27/bin/:/share/apps/gcc-6.2.0/bin/:/share/apps/mr/bin:/usr/local/bin:/usr/bin:/usr/local/sbin:/usr/sbin:/opt/ganglia/bin:/opt/ganglia/sbin:/opt/rocks/bin:/opt/rocks/sbin:/opt/gridengine/bin/lx-amd64:/home/pminervi/bin"
declare -x SGE_O_SHELL="/bin/bash"
declare -x SGE_O_WORKDIR="/home/pminervi/workspace/map-backprop"
declare -x SGE_QMASTER_PORT="536"
declare -x SGE_ROOT="/opt/gridengine"
declare -x SGE_STDERR_PATH="/home/pminervi/array.err"
declare -x SGE_STDIN_PATH="/dev/null"
declare -x SGE_STDOUT_PATH="/home/pminervi/array.out"
declare -x SGE_TASK_FIRST="1"
declare -x SGE_TASK_ID="13"
declare -x SGE_TASK_LAST="60"
declare -x SGE_TASK_STEPSIZE="1"
declare -x SHELL="/bin/bash"
declare -x SHLVL="2"
declare -x SSH_ASKPASS="/usr/libexec/openssh/gnome-ssh-askpass"
declare -x TERM=""
declare -x TMP="/tmp/2799085.13.gpu.q"
declare -x TMPDIR="/tmp/2799085.13.gpu.q"
declare -x USER="pminervi"
Fri Feb  5 01:24:50 2021       
+-----------------------------------------------------------------------------+
| NVIDIA-SMI 450.51.05    Driver Version: 450.51.05    CUDA Version: 11.0     |
|-------------------------------+----------------------+----------------------+
| GPU  Name        Persistence-M| Bus-Id        Disp.A | Volatile Uncorr. ECC |
| Fan  Temp  Perf  Pwr:Usage/Cap|         Memory-Usage | GPU-Util  Compute M. |
|                               |                      |               MIG M. |
|===============================+======================+======================|
|   0  TITAN X (Pascal)    On   | 00000000:02:00.0 Off |                  N/A |
| 52%   82C    P2   202W / 250W |  10675MiB / 12196MiB |     99%   E. Process |
|                               |                      |                  N/A |
+-------------------------------+----------------------+----------------------+
|   1  TITAN X (Pascal)    On   | 00000000:03:00.0 Off |                  N/A |
| 29%   43C    P8    10W / 250W |      0MiB / 12196MiB |      0%   E. Process |
|                               |                      |                  N/A |
+-------------------------------+----------------------+----------------------+
|   2  TITAN X (Pascal)    On   | 00000000:81:00.0 Off |                  N/A |
| 23%   21C    P8     8W / 250W |      0MiB / 12196MiB |      0%   E. Process |
|                               |                      |                  N/A |
+-------------------------------+----------------------+----------------------+
|   3  TITAN X (Pascal)    On   | 00000000:82:00.0 Off |                  N/A |
| 28%   50C    P2    62W / 250W |   1125MiB / 12196MiB |      0%   E. Process |
|                               |                      |                  N/A |
+-------------------------------+----------------------+----------------------+
                                                                               
+-----------------------------------------------------------------------------+
| Processes:                                                                  |
|  GPU   GI   CI        PID   Type   Process name                  GPU Memory |
|        ID   ID                                                   Usage      |
|=============================================================================|
|    0   N/A  N/A      8428      C   python                          10673MiB |
|    3   N/A  N/A     11166      C   ...ate_every=1 use_ray=False     1123MiB |
+-----------------------------------------------------------------------------+
No existing entry for trainer_params.mode.type
{}[type] = <class 'int'>(0)
No existing entry for trainer_params.mode.objective_type
{'type': 0}[objective_type] = <class 'str'>(normal)
No existing entry for trainer_params.mode.use_marginal
{'type': 0, 'objective_type': 'normal'}[use_marginal] = <class 'bool'>(True)
No existing entry for trainer_params.mode.nb_samples
{'type': 0, 'objective_type': 'normal', 'use_marginal': True}[nb_samples] = <class 'int'>(10)
No existing entry for trainer_params.mode.temperature
{'type': 0, 'objective_type': 'normal', 'use_marginal': True, 'nb_samples': 10}[temperature] = <class 'float'>(0.001)
No existing entry for trainer_params.mode.use_gamma
{'type': 0, 'objective_type': 'normal', 'use_marginal': True, 'nb_samples': 10, 'temperature': 0.001}[use_gamma] = <class 'bool'>(True)
No existing entry for trainer_params.mode.loss_type
{'type': 0, 'objective_type': 'normal', 'use_marginal': True, 'nb_samples': 10, 'temperature': 0.001, 'use_gamma': True}[loss_type] = <class 'str'>(normal)
No existing entry for trainer_params.mode.perturb_w
{'type': 0, 'objective_type': 'normal', 'use_marginal': True, 'nb_samples': 10, 'temperature': 0.001, 'use_gamma': True, 'loss_type': 'normal'}[perturb_w] = <class 'bool'>(False)
No existing entry for trainer_params.mode.perturb_w_prime
{'type': 0, 'objective_type': 'normal', 'use_marginal': True, 'nb_samples': 10, 'temperature': 0.001, 'use_gamma': True, 'loss_type': 'normal', 'perturb_w': False}[perturb_w_prime] = <class 'bool'>(False)
{'batch_size': 70, 'l1_regconst': 0.0, 'lambda_val': 20.0, 'lr_milestone_1': 30, 'lr_milestone_2': 40, 'model_params': {'arch_params': {}, 'model_name': 'CombResnet18'}, 'neighbourhood_fn': '8-grid', 'optimizer_name': 'Adam', 'optimizer_params': {'lr': 0.0005}, 'preload_batch': True, 'use_cuda': True, 'use_lr_scheduling': True, 'mode': {'type': 0, 'objective_type': 'normal', 'use_marginal': True, 'nb_samples': 10, 'temperature': 0.001, 'use_gamma': True, 'loss_type': 'normal', 'perturb_w': False, 'perturb_w_prime': False}}[lambda_val] = <class 'float'>(10.0)
{'data_dir': 'data/warcraft_shortest_path/12x12', 'evaluate_with_extra': False, 'normalize': True, 'use_local_path': False, 'use_test_set': True}[data_dir] = <class 'str'>(data/warcraft_shortest_path/12x12)
{'evaluate_every': 5, 'loader_params': {'data_dir': 'data/warcraft_shortest_path/12x12', 'evaluate_with_extra': False, 'normalize': True, 'use_local_path': False, 'use_test_set': True}, 'model_dir': 'results/warcraft_shortest_path_combresnet', 'num_cpus': 32, 'num_epochs': 50, 'problem_type': 'warcraft_shortest_path', 'ray_params': {}, 'save_visualizations': False, 'seed': 1, 'trainer_name': 'DijkstraMAP', 'trainer_params': {'batch_size': 70, 'l1_regconst': 0.0, 'lambda_val': 10.0, 'lr_milestone_1': 30, 'lr_milestone_2': 40, 'model_params': {'arch_params': {}, 'model_name': 'CombResnet18'}, 'neighbourhood_fn': '8-grid', 'optimizer_name': 'Adam', 'optimizer_params': {'lr': 0.0005}, 'preload_batch': True, 'use_cuda': True, 'use_lr_scheduling': True, 'mode': {'type': 0, 'objective_type': 'normal', 'use_marginal': True, 'nb_samples': 10, 'temperature': 0.001, 'use_gamma': True, 'loss_type': 'normal', 'perturb_w': False, 'perturb_w_prime': False}}, 'use_ray': True}[seed] = <class 'int'>(3)
{'evaluate_every': 5, 'loader_params': {'data_dir': 'data/warcraft_shortest_path/12x12', 'evaluate_with_extra': False, 'normalize': True, 'use_local_path': False, 'use_test_set': True}, 'model_dir': 'results/warcraft_shortest_path_combresnet', 'num_cpus': 32, 'num_epochs': 50, 'problem_type': 'warcraft_shortest_path', 'ray_params': {}, 'save_visualizations': False, 'seed': 3, 'trainer_name': 'DijkstraMAP', 'trainer_params': {'batch_size': 70, 'l1_regconst': 0.0, 'lambda_val': 10.0, 'lr_milestone_1': 30, 'lr_milestone_2': 40, 'model_params': {'arch_params': {}, 'model_name': 'CombResnet18'}, 'neighbourhood_fn': '8-grid', 'optimizer_name': 'Adam', 'optimizer_params': {'lr': 0.0005}, 'preload_batch': True, 'use_cuda': True, 'use_lr_scheduling': True, 'mode': {'type': 0, 'objective_type': 'normal', 'use_marginal': True, 'nb_samples': 10, 'temperature': 0.001, 'use_gamma': True, 'loss_type': 'normal', 'perturb_w': False, 'perturb_w_prime': False}}, 'use_ray': True}[evaluate_every] = <class 'int'>(1)
{'evaluate_every': 1, 'loader_params': {'data_dir': 'data/warcraft_shortest_path/12x12', 'evaluate_with_extra': False, 'normalize': True, 'use_local_path': False, 'use_test_set': True}, 'model_dir': 'results/warcraft_shortest_path_combresnet', 'num_cpus': 32, 'num_epochs': 50, 'problem_type': 'warcraft_shortest_path', 'ray_params': {}, 'save_visualizations': False, 'seed': 3, 'trainer_name': 'DijkstraMAP', 'trainer_params': {'batch_size': 70, 'l1_regconst': 0.0, 'lambda_val': 10.0, 'lr_milestone_1': 30, 'lr_milestone_2': 40, 'model_params': {'arch_params': {}, 'model_name': 'CombResnet18'}, 'neighbourhood_fn': '8-grid', 'optimizer_name': 'Adam', 'optimizer_params': {'lr': 0.0005}, 'preload_batch': True, 'use_cuda': True, 'use_lr_scheduling': True, 'mode': {'type': 0, 'objective_type': 'normal', 'use_marginal': True, 'nb_samples': 10, 'temperature': 0.001, 'use_gamma': True, 'loss_type': 'normal', 'perturb_w': False, 'perturb_w_prime': False}}, 'use_ray': True}[use_ray] = <class 'bool'>(False)
No existing entry for trainer_params.mode.type
{}[type] = <class 'int'>(0)
No existing entry for trainer_params.mode.objective_type
{'type': 0}[objective_type] = <class 'str'>(normal)
No existing entry for trainer_params.mode.use_marginal
{'type': 0, 'objective_type': 'normal'}[use_marginal] = <class 'bool'>(True)
No existing entry for trainer_params.mode.nb_samples
{'type': 0, 'objective_type': 'normal', 'use_marginal': True}[nb_samples] = <class 'int'>(10)
No existing entry for trainer_params.mode.temperature
{'type': 0, 'objective_type': 'normal', 'use_marginal': True, 'nb_samples': 10}[temperature] = <class 'float'>(0.001)
No existing entry for trainer_params.mode.use_gamma
{'type': 0, 'objective_type': 'normal', 'use_marginal': True, 'nb_samples': 10, 'temperature': 0.001}[use_gamma] = <class 'bool'>(True)
No existing entry for trainer_params.mode.loss_type
{'type': 0, 'objective_type': 'normal', 'use_marginal': True, 'nb_samples': 10, 'temperature': 0.001, 'use_gamma': True}[loss_type] = <class 'str'>(normal)
No existing entry for trainer_params.mode.perturb_w
{'type': 0, 'objective_type': 'normal', 'use_marginal': True, 'nb_samples': 10, 'temperature': 0.001, 'use_gamma': True, 'loss_type': 'normal'}[perturb_w] = <class 'bool'>(False)
No existing entry for trainer_params.mode.perturb_w_prime
{'type': 0, 'objective_type': 'normal', 'use_marginal': True, 'nb_samples': 10, 'temperature': 0.001, 'use_gamma': True, 'loss_type': 'normal', 'perturb_w': False}[perturb_w_prime] = <class 'bool'>(False)
{'batch_size': 70, 'l1_regconst': 0.0, 'lambda_val': 20.0, 'lr_milestone_1': 30, 'lr_milestone_2': 40, 'model_params': {'arch_params': {}, 'model_name': 'CombResnet18'}, 'neighbourhood_fn': '8-grid', 'optimizer_name': 'Adam', 'optimizer_params': {'lr': 0.0005}, 'preload_batch': True, 'use_cuda': True, 'use_lr_scheduling': True, 'mode': {'type': 0, 'objective_type': 'normal', 'use_marginal': True, 'nb_samples': 10, 'temperature': 0.001, 'use_gamma': True, 'loss_type': 'normal', 'perturb_w': False, 'perturb_w_prime': False}}[lambda_val] = <class 'float'>(10.0)
{'data_dir': 'data/warcraft_shortest_path/12x12', 'evaluate_with_extra': False, 'normalize': True, 'use_local_path': False, 'use_test_set': True}[data_dir] = <class 'str'>(data/warcraft_shortest_path/12x12)
{'evaluate_every': 5, 'loader_params': {'data_dir': 'data/warcraft_shortest_path/12x12', 'evaluate_with_extra': False, 'normalize': True, 'use_local_path': False, 'use_test_set': True}, 'model_dir': 'results/warcraft_shortest_path_combresnet', 'num_cpus': 32, 'num_epochs': 50, 'problem_type': 'warcraft_shortest_path', 'ray_params': {}, 'save_visualizations': False, 'seed': 1, 'trainer_name': 'DijkstraMAP', 'trainer_params': {'batch_size': 70, 'l1_regconst': 0.0, 'lambda_val': 10.0, 'lr_milestone_1': 30, 'lr_milestone_2': 40, 'model_params': {'arch_params': {}, 'model_name': 'CombResnet18'}, 'neighbourhood_fn': '8-grid', 'optimizer_name': 'Adam', 'optimizer_params': {'lr': 0.0005}, 'preload_batch': True, 'use_cuda': True, 'use_lr_scheduling': True, 'mode': {'type': 0, 'objective_type': 'normal', 'use_marginal': True, 'nb_samples': 10, 'temperature': 0.001, 'use_gamma': True, 'loss_type': 'normal', 'perturb_w': False, 'perturb_w_prime': False}}, 'use_ray': True}[seed] = <class 'int'>(3)
{'evaluate_every': 5, 'loader_params': {'data_dir': 'data/warcraft_shortest_path/12x12', 'evaluate_with_extra': False, 'normalize': True, 'use_local_path': False, 'use_test_set': True}, 'model_dir': 'results/warcraft_shortest_path_combresnet', 'num_cpus': 32, 'num_epochs': 50, 'problem_type': 'warcraft_shortest_path', 'ray_params': {}, 'save_visualizations': False, 'seed': 3, 'trainer_name': 'DijkstraMAP', 'trainer_params': {'batch_size': 70, 'l1_regconst': 0.0, 'lambda_val': 10.0, 'lr_milestone_1': 30, 'lr_milestone_2': 40, 'model_params': {'arch_params': {}, 'model_name': 'CombResnet18'}, 'neighbourhood_fn': '8-grid', 'optimizer_name': 'Adam', 'optimizer_params': {'lr': 0.0005}, 'preload_batch': True, 'use_cuda': True, 'use_lr_scheduling': True, 'mode': {'type': 0, 'objective_type': 'normal', 'use_marginal': True, 'nb_samples': 10, 'temperature': 0.001, 'use_gamma': True, 'loss_type': 'normal', 'perturb_w': False, 'perturb_w_prime': False}}, 'use_ray': True}[evaluate_every] = <class 'int'>(1)
{'evaluate_every': 1, 'loader_params': {'data_dir': 'data/warcraft_shortest_path/12x12', 'evaluate_with_extra': False, 'normalize': True, 'use_local_path': False, 'use_test_set': True}, 'model_dir': 'results/warcraft_shortest_path_combresnet', 'num_cpus': 32, 'num_epochs': 50, 'problem_type': 'warcraft_shortest_path', 'ray_params': {}, 'save_visualizations': False, 'seed': 3, 'trainer_name': 'DijkstraMAP', 'trainer_params': {'batch_size': 70, 'l1_regconst': 0.0, 'lambda_val': 10.0, 'lr_milestone_1': 30, 'lr_milestone_2': 40, 'model_params': {'arch_params': {}, 'model_name': 'CombResnet18'}, 'neighbourhood_fn': '8-grid', 'optimizer_name': 'Adam', 'optimizer_params': {'lr': 0.0005}, 'preload_batch': True, 'use_cuda': True, 'use_lr_scheduling': True, 'mode': {'type': 0, 'objective_type': 'normal', 'use_marginal': True, 'nb_samples': 10, 'temperature': 0.001, 'use_gamma': True, 'loss_type': 'normal', 'perturb_w': False, 'perturb_w_prime': False}}, 'use_ray': True}[use_ray] = <class 'bool'>(False)
{
    "evaluate_every": 1,
    "loader_params": {
        "data_dir": "data/warcraft_shortest_path/12x12",
        "evaluate_with_extra": false,
        "normalize": true,
        "use_local_path": false,
        "use_test_set": true
    },
    "model_dir": "results/warcraft_shortest_path_combresnet",
    "num_cpus": 32,
    "num_epochs": 50,
    "problem_type": "warcraft_shortest_path",
    "ray_params": {},
    "save_visualizations": false,
    "seed": 3,
    "trainer_name": "DijkstraMAP",
    "trainer_params": {
        "batch_size": 70,
        "l1_regconst": 0.0,
        "lambda_val": 10.0,
        "lr_milestone_1": 30,
        "lr_milestone_2": 40,
        "mode": {
            "loss_type": "normal",
            "nb_samples": 10,
            "objective_type": "normal",
            "perturb_w": false,
            "perturb_w_prime": false,
            "temperature": 0.001,
            "type": 0,
            "use_gamma": true,
            "use_marginal": true
        },
        "model_params": {
            "arch_params": {},
            "model_name": "CombResnet18"
        },
        "neighbourhood_fn": "8-grid",
        "optimizer_name": "Adam",
        "optimizer_params": {
            "lr": 0.0005
        },
        "preload_batch": true,
        "use_cuda": true,
        "use_lr_scheduling": true
    },
    "use_ray": false
}
MAP-BACKPROP MODE: {
    "loss_type": "normal",
    "nb_samples": 10,
    "objective_type": "normal",
    "perturb_w": false,
    "perturb_w_prime": false,
    "temperature": 0.001,
    "type": 0,
    "use_gamma": true,
    "use_marginal": true
}
True
META: {'input_image_size': 96, 'output_features': 144, 'num_channels': 3, 'denormalize': <maprop.decorators.input_to_numpy object at 0x2b6263937a20>}
EVALUATING
{'loss': 17.558000469207762, 'accuracy': 0.8780694502592087, 'perfect_match_accuracy': 0.032, 'cost_ratio_suggested_true': 2.5201553201675413, 'below_10.0_percent_acc': 0.114, 'below_1.0_percent_acc': 0.053, 'below_0.1_percent_acc': 0.051, 'below_0.01_percent_acc': 0.051, 'below_0.001_percent_acc': 0.036, 'below_0.0001_percent_acc': 0.036, 'valid_acc': 1.0}
Epoch: 1	Batch time (0.711389)	Data time (0.012960)	Cuda time (0.000002)	Loss (6.468400)	Accuracy (0.955081)
EVALUATING
{'loss': 4.189000096321106, 'accuracy': 0.9709097355604172, 'perfect_match_accuracy': 0.59, 'cost_ratio_suggested_true': 1.0679650485515595, 'below_10.0_percent_acc': 0.978, 'below_1.0_percent_acc': 0.817, 'below_0.1_percent_acc': 0.793, 'below_0.01_percent_acc': 0.793, 'below_0.001_percent_acc': 0.775, 'below_0.0001_percent_acc': 0.775, 'valid_acc': 1.0}
Epoch: 2	Batch time (0.689213)	Data time (0.013002)	Cuda time (0.000002)	Loss (3.086400)	Accuracy (0.978567)
EVALUATING
{'loss': 2.772000105381012, 'accuracy': 0.9807500159740448, 'perfect_match_accuracy': 0.713, 'cost_ratio_suggested_true': 1.044506038427353, 'below_10.0_percent_acc': 0.997, 'below_1.0_percent_acc': 0.921, 'below_0.1_percent_acc': 0.908, 'below_0.01_percent_acc': 0.908, 'below_0.001_percent_acc': 0.884, 'below_0.0001_percent_acc': 0.884, 'valid_acc': 1.0}
Epoch: 3	Batch time (0.688708)	Data time (0.010831)	Cuda time (0.000002)	Loss (2.409500)	Accuracy (0.983267)
EVALUATING
{'loss': 2.786000121831894, 'accuracy': 0.980652796626091, 'perfect_match_accuracy': 0.722, 'cost_ratio_suggested_true': 1.0423645436763764, 'below_10.0_percent_acc': 1.0, 'below_1.0_percent_acc': 0.92, 'below_0.1_percent_acc': 0.902, 'below_0.01_percent_acc': 0.902, 'below_0.001_percent_acc': 0.876, 'below_0.0001_percent_acc': 0.876, 'valid_acc': 1.0}
Epoch: 4	Batch time (0.665434)	Data time (0.010395)	Cuda time (0.000002)	Loss (2.179400)	Accuracy (0.984865)
EVALUATING
{'loss': 2.1690000677108765, 'accuracy': 0.9849375140666962, 'perfect_match_accuracy': 0.77, 'cost_ratio_suggested_true': 1.0261509609222412, 'below_10.0_percent_acc': 1.0, 'below_1.0_percent_acc': 0.943, 'below_0.1_percent_acc': 0.93, 'below_0.01_percent_acc': 0.93, 'below_0.001_percent_acc': 0.91, 'below_0.0001_percent_acc': 0.91, 'valid_acc': 1.0}
Epoch: 5	Batch time (0.675845)	Data time (0.010519)	Cuda time (0.000002)	Loss (1.890300)	Accuracy (0.986873)
EVALUATING
{'loss': 2.2840001142024993, 'accuracy': 0.9841389042139054, 'perfect_match_accuracy': 0.748, 'cost_ratio_suggested_true': 1.032251433134079, 'below_10.0_percent_acc': 0.998, 'below_1.0_percent_acc': 0.953, 'below_0.1_percent_acc': 0.942, 'below_0.01_percent_acc': 0.942, 'below_0.001_percent_acc': 0.923, 'below_0.0001_percent_acc': 0.923, 'valid_acc': 1.0}
Epoch: 6	Batch time (0.704517)	Data time (0.011121)	Cuda time (0.000002)	Loss (1.673800)	Accuracy (0.988376)
EVALUATING
{'loss': 2.0450000703334807, 'accuracy': 0.9857986241579055, 'perfect_match_accuracy': 0.781, 'cost_ratio_suggested_true': 1.040608537197113, 'below_10.0_percent_acc': 1.0, 'below_1.0_percent_acc': 0.952, 'below_0.1_percent_acc': 0.945, 'below_0.01_percent_acc': 0.945, 'below_0.001_percent_acc': 0.921, 'below_0.0001_percent_acc': 0.921, 'valid_acc': 1.0}
Epoch: 7	Batch time (0.662868)	Data time (0.010545)	Cuda time (0.000002)	Loss (1.537900)	Accuracy (0.989320)
EVALUATING
{'loss': 2.2890000879764556, 'accuracy': 0.9841041779518127, 'perfect_match_accuracy': 0.769, 'cost_ratio_suggested_true': 1.0402200639247894, 'below_10.0_percent_acc': 1.0, 'below_1.0_percent_acc': 0.946, 'below_0.1_percent_acc': 0.937, 'below_0.01_percent_acc': 0.937, 'below_0.001_percent_acc': 0.919, 'below_0.0001_percent_acc': 0.919, 'valid_acc': 1.0}
Epoch: 8	Batch time (0.703326)	Data time (0.011292)	Cuda time (0.000002)	Loss (1.422400)	Accuracy (0.990122)
EVALUATING
{'loss': 2.1760000622272493, 'accuracy': 0.9848888999223709, 'perfect_match_accuracy': 0.777, 'cost_ratio_suggested_true': 1.0297277784347534, 'below_10.0_percent_acc': 1.0, 'below_1.0_percent_acc': 0.953, 'below_0.1_percent_acc': 0.94, 'below_0.01_percent_acc': 0.94, 'below_0.001_percent_acc': 0.925, 'below_0.0001_percent_acc': 0.925, 'valid_acc': 1.0}
Epoch: 9	Batch time (0.692952)	Data time (0.011311)	Cuda time (0.000002)	Loss (1.408600)	Accuracy (0.990218)
EVALUATING
{'loss': 2.0220000553131103, 'accuracy': 0.9859583473205566, 'perfect_match_accuracy': 0.783, 'cost_ratio_suggested_true': 1.0322702658176421, 'below_10.0_percent_acc': 0.998, 'below_1.0_percent_acc': 0.951, 'below_0.1_percent_acc': 0.94, 'below_0.01_percent_acc': 0.94, 'below_0.001_percent_acc': 0.919, 'below_0.0001_percent_acc': 0.919, 'valid_acc': 1.0}
Epoch: 10	Batch time (0.686195)	Data time (0.011263)	Cuda time (0.000002)	Loss (1.309400)	Accuracy (0.990907)
EVALUATING
{'loss': 2.061000031232834, 'accuracy': 0.985687518119812, 'perfect_match_accuracy': 0.784, 'cost_ratio_suggested_true': 1.0393718200922013, 'below_10.0_percent_acc': 1.0, 'below_1.0_percent_acc': 0.967, 'below_0.1_percent_acc': 0.958, 'below_0.01_percent_acc': 0.958, 'below_0.001_percent_acc': 0.934, 'below_0.0001_percent_acc': 0.934, 'valid_acc': 1.0}
Epoch: 11	Batch time (0.712778)	Data time (0.012371)	Cuda time (0.000002)	Loss (1.223900)	Accuracy (0.991501)
EVALUATING
{'loss': 1.9670000886917114, 'accuracy': 0.9863402926921845, 'perfect_match_accuracy': 0.789, 'cost_ratio_suggested_true': 1.028412525653839, 'below_10.0_percent_acc': 1.0, 'below_1.0_percent_acc': 0.953, 'below_0.1_percent_acc': 0.94, 'below_0.01_percent_acc': 0.94, 'below_0.001_percent_acc': 0.923, 'below_0.0001_percent_acc': 0.923, 'valid_acc': 1.0}
Epoch: 12	Batch time (0.656370)	Data time (0.011504)	Cuda time (0.000002)	Loss (1.159800)	Accuracy (0.991946)
EVALUATING
{'loss': 1.7670000624656677, 'accuracy': 0.9877291762828827, 'perfect_match_accuracy': 0.813, 'cost_ratio_suggested_true': 1.0321598660945892, 'below_10.0_percent_acc': 1.0, 'below_1.0_percent_acc': 0.966, 'below_0.1_percent_acc': 0.957, 'below_0.01_percent_acc': 0.957, 'below_0.001_percent_acc': 0.935, 'below_0.0001_percent_acc': 0.935, 'valid_acc': 1.0}
Epoch: 13	Batch time (0.693603)	Data time (0.011219)	Cuda time (0.000002)	Loss (1.160100)	Accuracy (0.991944)
EVALUATING
{'loss': 1.7050000536441803, 'accuracy': 0.9881597441434861, 'perfect_match_accuracy': 0.813, 'cost_ratio_suggested_true': 1.028666718006134, 'below_10.0_percent_acc': 1.0, 'below_1.0_percent_acc': 0.974, 'below_0.1_percent_acc': 0.964, 'below_0.01_percent_acc': 0.964, 'below_0.001_percent_acc': 0.935, 'below_0.0001_percent_acc': 0.935, 'valid_acc': 1.0}
Epoch: 14	Batch time (0.676886)	Data time (0.012092)	Cuda time (0.000002)	Loss (1.119100)	Accuracy (0.992228)
EVALUATING
{'loss': 1.896000097990036, 'accuracy': 0.9868333417177201, 'perfect_match_accuracy': 0.813, 'cost_ratio_suggested_true': 1.0353163290023804, 'below_10.0_percent_acc': 0.998, 'below_1.0_percent_acc': 0.966, 'below_0.1_percent_acc': 0.96, 'below_0.01_percent_acc': 0.96, 'below_0.001_percent_acc': 0.946, 'below_0.0001_percent_acc': 0.946, 'valid_acc': 1.0}
Epoch: 15	Batch time (0.711832)	Data time (0.011405)	Cuda time (0.000002)	Loss (1.131400)	Accuracy (0.992143)
EVALUATING
{'loss': 1.762000072002411, 'accuracy': 0.9877639043331147, 'perfect_match_accuracy': 0.81, 'cost_ratio_suggested_true': 1.0260606729984283, 'below_10.0_percent_acc': 1.0, 'below_1.0_percent_acc': 0.972, 'below_0.1_percent_acc': 0.961, 'below_0.01_percent_acc': 0.961, 'below_0.001_percent_acc': 0.939, 'below_0.0001_percent_acc': 0.939, 'valid_acc': 1.0}
Epoch: 16	Batch time (0.725381)	Data time (0.011808)	Cuda time (0.000002)	Loss (1.028000)	Accuracy (0.992861)
EVALUATING
{'loss': 1.6650000607967377, 'accuracy': 0.9884375113248826, 'perfect_match_accuracy': 0.824, 'cost_ratio_suggested_true': 1.0283934485912323, 'below_10.0_percent_acc': 1.0, 'below_1.0_percent_acc': 0.976, 'below_0.1_percent_acc': 0.967, 'below_0.01_percent_acc': 0.967, 'below_0.001_percent_acc': 0.944, 'below_0.0001_percent_acc': 0.944, 'valid_acc': 1.0}
Epoch: 17	Batch time (0.719463)	Data time (0.011681)	Cuda time (0.000003)	Loss (0.920500)	Accuracy (0.993608)
EVALUATING
{'loss': 1.63800007045269, 'accuracy': 0.9886250126361847, 'perfect_match_accuracy': 0.824, 'cost_ratio_suggested_true': 1.0231240928173064, 'below_10.0_percent_acc': 1.0, 'below_1.0_percent_acc': 0.97, 'below_0.1_percent_acc': 0.963, 'below_0.01_percent_acc': 0.963, 'below_0.001_percent_acc': 0.944, 'below_0.0001_percent_acc': 0.944, 'valid_acc': 1.0}
Epoch: 18	Batch time (0.723025)	Data time (0.012684)	Cuda time (0.000002)	Loss (1.031400)	Accuracy (0.992838)
EVALUATING
{'loss': 1.592000037431717, 'accuracy': 0.9889444553852081, 'perfect_match_accuracy': 0.834, 'cost_ratio_suggested_true': 1.0233537805080415, 'below_10.0_percent_acc': 1.0, 'below_1.0_percent_acc': 0.974, 'below_0.1_percent_acc': 0.964, 'below_0.01_percent_acc': 0.964, 'below_0.001_percent_acc': 0.94, 'below_0.0001_percent_acc': 0.94, 'valid_acc': 1.0}
Epoch: 19	Batch time (0.699679)	Data time (0.011957)	Cuda time (0.000002)	Loss (1.029100)	Accuracy (0.992853)
EVALUATING
{'loss': 1.9120000767707825, 'accuracy': 0.9867222356796265, 'perfect_match_accuracy': 0.799, 'cost_ratio_suggested_true': 1.0285647213459015, 'below_10.0_percent_acc': 1.0, 'below_1.0_percent_acc': 0.962, 'below_0.1_percent_acc': 0.955, 'below_0.01_percent_acc': 0.955, 'below_0.001_percent_acc': 0.94, 'below_0.0001_percent_acc': 0.94, 'valid_acc': 1.0}
Epoch: 20	Batch time (0.702026)	Data time (0.011925)	Cuda time (0.000002)	Loss (0.990200)	Accuracy (0.993124)
EVALUATING
{'loss': 2.0840000808238983, 'accuracy': 0.9855277955532074, 'perfect_match_accuracy': 0.771, 'cost_ratio_suggested_true': 1.037831848859787, 'below_10.0_percent_acc': 0.998, 'below_1.0_percent_acc': 0.956, 'below_0.1_percent_acc': 0.949, 'below_0.01_percent_acc': 0.949, 'below_0.001_percent_acc': 0.932, 'below_0.0001_percent_acc': 0.932, 'valid_acc': 1.0}
Epoch: 21	Batch time (0.725359)	Data time (0.012622)	Cuda time (0.000003)	Loss (0.994700)	Accuracy (0.993092)
EVALUATING
{'loss': 1.6580000770092012, 'accuracy': 0.9884861332178115, 'perfect_match_accuracy': 0.823, 'cost_ratio_suggested_true': 1.0241088581085205, 'below_10.0_percent_acc': 1.0, 'below_1.0_percent_acc': 0.969, 'below_0.1_percent_acc': 0.96, 'below_0.01_percent_acc': 0.96, 'below_0.001_percent_acc': 0.929, 'below_0.0001_percent_acc': 0.929, 'valid_acc': 1.0}
Epoch: 22	Batch time (0.707327)	Data time (0.011619)	Cuda time (0.000002)	Loss (0.981500)	Accuracy (0.993184)
EVALUATING
{'loss': 2.0620000565052035, 'accuracy': 0.9856805694103241, 'perfect_match_accuracy': 0.782, 'cost_ratio_suggested_true': 1.021587598323822, 'below_10.0_percent_acc': 1.0, 'below_1.0_percent_acc': 0.954, 'below_0.1_percent_acc': 0.934, 'below_0.01_percent_acc': 0.934, 'below_0.001_percent_acc': 0.923, 'below_0.0001_percent_acc': 0.923, 'valid_acc': 1.0}
Epoch: 23	Batch time (0.724667)	Data time (0.012941)	Cuda time (0.000002)	Loss (0.862100)	Accuracy (0.994013)
EVALUATING
{'loss': 1.5570000672340394, 'accuracy': 0.9891875207424163, 'perfect_match_accuracy': 0.841, 'cost_ratio_suggested_true': 1.0221145749092102, 'below_10.0_percent_acc': 1.0, 'below_1.0_percent_acc': 0.974, 'below_0.1_percent_acc': 0.964, 'below_0.01_percent_acc': 0.964, 'below_0.001_percent_acc': 0.943, 'below_0.0001_percent_acc': 0.943, 'valid_acc': 1.0}
Epoch: 24	Batch time (0.730294)	Data time (0.012797)	Cuda time (0.000003)	Loss (0.906300)	Accuracy (0.993706)
EVALUATING
{'loss': 1.8820000851154328, 'accuracy': 0.9869305616617203, 'perfect_match_accuracy': 0.807, 'cost_ratio_suggested_true': 1.0208484375476836, 'below_10.0_percent_acc': 1.0, 'below_1.0_percent_acc': 0.959, 'below_0.1_percent_acc': 0.945, 'below_0.01_percent_acc': 0.945, 'below_0.001_percent_acc': 0.929, 'below_0.0001_percent_acc': 0.929, 'valid_acc': 1.0}
Epoch: 25	Batch time (0.727075)	Data time (0.014362)	Cuda time (0.000002)	Loss (0.799000)	Accuracy (0.994451)
EVALUATING
{'loss': 1.7670000594854356, 'accuracy': 0.9877291917800903, 'perfect_match_accuracy': 0.814, 'cost_ratio_suggested_true': 1.0210720419883728, 'below_10.0_percent_acc': 1.0, 'below_1.0_percent_acc': 0.968, 'below_0.1_percent_acc': 0.957, 'below_0.01_percent_acc': 0.957, 'below_0.001_percent_acc': 0.939, 'below_0.0001_percent_acc': 0.939, 'valid_acc': 1.0}
Epoch: 26	Batch time (0.722153)	Data time (0.011535)	Cuda time (0.000002)	Loss (0.778800)	Accuracy (0.994592)
EVALUATING
{'loss': 1.4990000265836716, 'accuracy': 0.9895902854204178, 'perfect_match_accuracy': 0.841, 'cost_ratio_suggested_true': 1.0185784685611725, 'below_10.0_percent_acc': 1.0, 'below_1.0_percent_acc': 0.97, 'below_0.1_percent_acc': 0.962, 'below_0.01_percent_acc': 0.962, 'below_0.001_percent_acc': 0.941, 'below_0.0001_percent_acc': 0.941, 'valid_acc': 1.0}
Epoch: 27	Batch time (0.724549)	Data time (0.012293)	Cuda time (0.000002)	Loss (0.738100)	Accuracy (0.994874)
EVALUATING
{'loss': 1.6640000557899475, 'accuracy': 0.9884444546699523, 'perfect_match_accuracy': 0.826, 'cost_ratio_suggested_true': 1.036261955499649, 'below_10.0_percent_acc': 1.0, 'below_1.0_percent_acc': 0.975, 'below_0.1_percent_acc': 0.971, 'below_0.01_percent_acc': 0.971, 'below_0.001_percent_acc': 0.951, 'below_0.0001_percent_acc': 0.951, 'valid_acc': 1.0}
Epoch: 28	Batch time (0.705111)	Data time (0.011559)	Cuda time (0.000002)	Loss (0.778700)	Accuracy (0.994592)
EVALUATING
{'loss': 1.7250000643730163, 'accuracy': 0.9880208456516266, 'perfect_match_accuracy': 0.829, 'cost_ratio_suggested_true': 1.0232234466075898, 'below_10.0_percent_acc': 1.0, 'below_1.0_percent_acc': 0.966, 'below_0.1_percent_acc': 0.954, 'below_0.01_percent_acc': 0.954, 'below_0.001_percent_acc': 0.929, 'below_0.0001_percent_acc': 0.929, 'valid_acc': 1.0}
Epoch: 29	Batch time (0.703128)	Data time (0.011786)	Cuda time (0.000002)	Loss (0.853100)	Accuracy (0.994076)
EVALUATING
{'loss': 1.7870000857114792, 'accuracy': 0.9875902861356736, 'perfect_match_accuracy': 0.814, 'cost_ratio_suggested_true': 1.0282375776767732, 'below_10.0_percent_acc': 1.0, 'below_1.0_percent_acc': 0.963, 'below_0.1_percent_acc': 0.953, 'below_0.01_percent_acc': 0.953, 'below_0.001_percent_acc': 0.93, 'below_0.0001_percent_acc': 0.93, 'valid_acc': 1.0}
Epoch: 30	Batch time (0.703083)	Data time (0.011861)	Cuda time (0.000003)	Loss (0.768700)	Accuracy (0.994662)
EVALUATING
{'loss': 1.5540000355243684, 'accuracy': 0.9892083388566971, 'perfect_match_accuracy': 0.837, 'cost_ratio_suggested_true': 1.0223365485668183, 'below_10.0_percent_acc': 1.0, 'below_1.0_percent_acc': 0.977, 'below_0.1_percent_acc': 0.969, 'below_0.01_percent_acc': 0.969, 'below_0.001_percent_acc': 0.943, 'below_0.0001_percent_acc': 0.943, 'valid_acc': 1.0}
Epoch: 31	Batch time (0.721798)	Data time (0.012570)	Cuda time (0.000002)	Loss (0.461500)	Accuracy (0.996795)
EVALUATING
{'loss': 1.377000049352646, 'accuracy': 0.9904375159740448, 'perfect_match_accuracy': 0.858, 'cost_ratio_suggested_true': 1.0180452132225037, 'below_10.0_percent_acc': 1.0, 'below_1.0_percent_acc': 0.979, 'below_0.1_percent_acc': 0.973, 'below_0.01_percent_acc': 0.973, 'below_0.001_percent_acc': 0.947, 'below_0.0001_percent_acc': 0.947, 'valid_acc': 1.0}
Epoch: 32	Batch time (0.715356)	Data time (0.013544)	Cuda time (0.000002)	Loss (0.285200)	Accuracy (0.998019)
EVALUATING
{'loss': 1.3950000816583634, 'accuracy': 0.9903125089406967, 'perfect_match_accuracy': 0.855, 'cost_ratio_suggested_true': 1.0181852114200591, 'below_10.0_percent_acc': 1.0, 'below_1.0_percent_acc': 0.98, 'below_0.1_percent_acc': 0.974, 'below_0.01_percent_acc': 0.974, 'below_0.001_percent_acc': 0.95, 'below_0.0001_percent_acc': 0.95, 'valid_acc': 1.0}
Epoch: 33	Batch time (0.700360)	Data time (0.011317)	Cuda time (0.000002)	Loss (0.239400)	Accuracy (0.998338)
EVALUATING
{'loss': 1.2980000436306, 'accuracy': 0.9909861266613007, 'perfect_match_accuracy': 0.865, 'cost_ratio_suggested_true': 1.017003175020218, 'below_10.0_percent_acc': 1.0, 'below_1.0_percent_acc': 0.981, 'below_0.1_percent_acc': 0.974, 'below_0.01_percent_acc': 0.974, 'below_0.001_percent_acc': 0.955, 'below_0.0001_percent_acc': 0.955, 'valid_acc': 1.0}
Epoch: 34	Batch time (0.715672)	Data time (0.011926)	Cuda time (0.000002)	Loss (0.206600)	Accuracy (0.998565)
EVALUATING
{'loss': 1.381000069975853, 'accuracy': 0.9904097408056259, 'perfect_match_accuracy': 0.86, 'cost_ratio_suggested_true': 1.01780552983284, 'below_10.0_percent_acc': 1.0, 'below_1.0_percent_acc': 0.98, 'below_0.1_percent_acc': 0.973, 'below_0.01_percent_acc': 0.973, 'below_0.001_percent_acc': 0.947, 'below_0.0001_percent_acc': 0.947, 'valid_acc': 1.0}
Epoch: 35	Batch time (0.709671)	Data time (0.012678)	Cuda time (0.000002)	Loss (0.205700)	Accuracy (0.998572)
EVALUATING
{'loss': 1.3560000652074813, 'accuracy': 0.990583347082138, 'perfect_match_accuracy': 0.862, 'cost_ratio_suggested_true': 1.0187863516807556, 'below_10.0_percent_acc': 1.0, 'below_1.0_percent_acc': 0.979, 'below_0.1_percent_acc': 0.972, 'below_0.01_percent_acc': 0.972, 'below_0.001_percent_acc': 0.951, 'below_0.0001_percent_acc': 0.951, 'valid_acc': 1.0}
Epoch: 36	Batch time (0.719524)	Data time (0.011966)	Cuda time (0.000003)	Loss (0.188500)	Accuracy (0.998691)
EVALUATING
{'loss': 1.423000071644783, 'accuracy': 0.9901180702447892, 'perfect_match_accuracy': 0.854, 'cost_ratio_suggested_true': 1.0195378792285918, 'below_10.0_percent_acc': 1.0, 'below_1.0_percent_acc': 0.977, 'below_0.1_percent_acc': 0.971, 'below_0.01_percent_acc': 0.971, 'below_0.001_percent_acc': 0.948, 'below_0.0001_percent_acc': 0.948, 'valid_acc': 1.0}
Epoch: 37	Batch time (0.715263)	Data time (0.012253)	Cuda time (0.000002)	Loss (0.150100)	Accuracy (0.998958)
EVALUATING
{'loss': 1.4000000524520875, 'accuracy': 0.9902777981758117, 'perfect_match_accuracy': 0.856, 'cost_ratio_suggested_true': 1.0199869656562806, 'below_10.0_percent_acc': 1.0, 'below_1.0_percent_acc': 0.981, 'below_0.1_percent_acc': 0.975, 'below_0.01_percent_acc': 0.975, 'below_0.001_percent_acc': 0.95, 'below_0.0001_percent_acc': 0.95, 'valid_acc': 1.0}
Epoch: 38	Batch time (0.713273)	Data time (0.011902)	Cuda time (0.000002)	Loss (0.158700)	Accuracy (0.998898)
EVALUATING
{'loss': 1.3760000723600387, 'accuracy': 0.9904444587230682, 'perfect_match_accuracy': 0.857, 'cost_ratio_suggested_true': 1.018552417755127, 'below_10.0_percent_acc': 1.0, 'below_1.0_percent_acc': 0.979, 'below_0.1_percent_acc': 0.973, 'below_0.01_percent_acc': 0.973, 'below_0.001_percent_acc': 0.954, 'below_0.0001_percent_acc': 0.954, 'valid_acc': 1.0}
Epoch: 39	Batch time (0.736619)	Data time (0.011899)	Cuda time (0.000002)	Loss (0.163400)	Accuracy (0.998865)
EVALUATING
{'loss': 1.331000063419342, 'accuracy': 0.9907569569349289, 'perfect_match_accuracy': 0.864, 'cost_ratio_suggested_true': 1.0177922439575195, 'below_10.0_percent_acc': 1.0, 'below_1.0_percent_acc': 0.978, 'below_0.1_percent_acc': 0.973, 'below_0.01_percent_acc': 0.973, 'below_0.001_percent_acc': 0.949, 'below_0.0001_percent_acc': 0.949, 'valid_acc': 1.0}
Epoch: 40	Batch time (0.703719)	Data time (0.011209)	Cuda time (0.000002)	Loss (0.142600)	Accuracy (0.999010)
EVALUATING
{'loss': 1.2690000399947166, 'accuracy': 0.9911875188350677, 'perfect_match_accuracy': 0.864, 'cost_ratio_suggested_true': 1.0172823357582093, 'below_10.0_percent_acc': 1.0, 'below_1.0_percent_acc': 0.983, 'below_0.1_percent_acc': 0.978, 'below_0.01_percent_acc': 0.978, 'below_0.001_percent_acc': 0.956, 'below_0.0001_percent_acc': 0.956, 'valid_acc': 1.0}
Epoch: 41	Batch time (0.736875)	Data time (0.012002)	Cuda time (0.000003)	Loss (0.106000)	Accuracy (0.999264)
EVALUATING
{'loss': 1.287000038921833, 'accuracy': 0.9910625076293945, 'perfect_match_accuracy': 0.866, 'cost_ratio_suggested_true': 1.0172290551662444, 'below_10.0_percent_acc': 1.0, 'below_1.0_percent_acc': 0.981, 'below_0.1_percent_acc': 0.976, 'below_0.01_percent_acc': 0.976, 'below_0.001_percent_acc': 0.957, 'below_0.0001_percent_acc': 0.957, 'valid_acc': 1.0}
Epoch: 42	Batch time (0.707641)	Data time (0.013322)	Cuda time (0.000002)	Loss (0.121300)	Accuracy (0.999158)
EVALUATING
{'loss': 1.283000027835369, 'accuracy': 0.9910902887582779, 'perfect_match_accuracy': 0.865, 'cost_ratio_suggested_true': 1.0184906506538391, 'below_10.0_percent_acc': 1.0, 'below_1.0_percent_acc': 0.981, 'below_0.1_percent_acc': 0.976, 'below_0.01_percent_acc': 0.976, 'below_0.001_percent_acc': 0.956, 'below_0.0001_percent_acc': 0.956, 'valid_acc': 1.0}
Epoch: 43	Batch time (0.708800)	Data time (0.011763)	Cuda time (0.000002)	Loss (0.095500)	Accuracy (0.999337)
EVALUATING
{'loss': 1.3030000442266465, 'accuracy': 0.9909513944387436, 'perfect_match_accuracy': 0.864, 'cost_ratio_suggested_true': 1.0173199701309203, 'below_10.0_percent_acc': 1.0, 'below_1.0_percent_acc': 0.981, 'below_0.1_percent_acc': 0.976, 'below_0.01_percent_acc': 0.976, 'below_0.001_percent_acc': 0.956, 'below_0.0001_percent_acc': 0.956, 'valid_acc': 1.0}
Epoch: 44	Batch time (0.718087)	Data time (0.013084)	Cuda time (0.000002)	Loss (0.095800)	Accuracy (0.999335)
EVALUATING
{'loss': 1.3230000492930412, 'accuracy': 0.9908125102519989, 'perfect_match_accuracy': 0.863, 'cost_ratio_suggested_true': 1.018848443031311, 'below_10.0_percent_acc': 1.0, 'below_1.0_percent_acc': 0.98, 'below_0.1_percent_acc': 0.975, 'below_0.01_percent_acc': 0.975, 'below_0.001_percent_acc': 0.954, 'below_0.0001_percent_acc': 0.954, 'valid_acc': 1.0}
Epoch: 45	Batch time (0.706999)	Data time (0.012837)	Cuda time (0.000002)	Loss (0.114700)	Accuracy (0.999203)
EVALUATING
{'loss': 1.3700000464916229, 'accuracy': 0.9904861301183701, 'perfect_match_accuracy': 0.858, 'cost_ratio_suggested_true': 1.019377176761627, 'below_10.0_percent_acc': 1.0, 'below_1.0_percent_acc': 0.981, 'below_0.1_percent_acc': 0.975, 'below_0.01_percent_acc': 0.975, 'below_0.001_percent_acc': 0.952, 'below_0.0001_percent_acc': 0.952, 'valid_acc': 1.0}
Epoch: 46	Batch time (0.715790)	Data time (0.011860)	Cuda time (0.000002)	Loss (0.114600)	Accuracy (0.999204)
EVALUATING
{'loss': 1.3210000422596933, 'accuracy': 0.9908264017105103, 'perfect_match_accuracy': 0.862, 'cost_ratio_suggested_true': 1.0191345238685607, 'below_10.0_percent_acc': 1.0, 'below_1.0_percent_acc': 0.982, 'below_0.1_percent_acc': 0.976, 'below_0.01_percent_acc': 0.976, 'below_0.001_percent_acc': 0.954, 'below_0.0001_percent_acc': 0.954, 'valid_acc': 1.0}
Epoch: 47	Batch time (0.724224)	Data time (0.011893)	Cuda time (0.000002)	Loss (0.095800)	Accuracy (0.999335)
EVALUATING
{'loss': 1.3170000424981116, 'accuracy': 0.9908541810512542, 'perfect_match_accuracy': 0.864, 'cost_ratio_suggested_true': 1.0190969562530519, 'below_10.0_percent_acc': 1.0, 'below_1.0_percent_acc': 0.982, 'below_0.1_percent_acc': 0.976, 'below_0.01_percent_acc': 0.976, 'below_0.001_percent_acc': 0.955, 'below_0.0001_percent_acc': 0.955, 'valid_acc': 1.0}
Epoch: 48	Batch time (0.718259)	Data time (0.013346)	Cuda time (0.000002)	Loss (0.091400)	Accuracy (0.999365)
EVALUATING
{'loss': 1.3140000686049462, 'accuracy': 0.9908750116825104, 'perfect_match_accuracy': 0.864, 'cost_ratio_suggested_true': 1.0177789509296418, 'below_10.0_percent_acc': 1.0, 'below_1.0_percent_acc': 0.982, 'below_0.1_percent_acc': 0.976, 'below_0.01_percent_acc': 0.976, 'below_0.001_percent_acc': 0.955, 'below_0.0001_percent_acc': 0.955, 'valid_acc': 1.0}
Epoch: 49	Batch time (0.711279)	Data time (0.012999)	Cuda time (0.000002)	Loss (0.093800)	Accuracy (0.999349)
EVALUATING
{'loss': 1.3680000758171083, 'accuracy': 0.9905000072717667, 'perfect_match_accuracy': 0.859, 'cost_ratio_suggested_true': 1.0188715076446533, 'below_10.0_percent_acc': 1.0, 'below_1.0_percent_acc': 0.981, 'below_0.1_percent_acc': 0.975, 'below_0.01_percent_acc': 0.975, 'below_0.001_percent_acc': 0.955, 'below_0.0001_percent_acc': 0.955, 'valid_acc': 1.0}
Epoch: 50	Batch time (0.725109)	Data time (0.012706)	Cuda time (0.000002)	Loss (0.081600)	Accuracy (0.999433)
EVALUATING
{'loss': 1.334000059068203, 'accuracy': 0.9907361191511154, 'perfect_match_accuracy': 0.864, 'cost_ratio_suggested_true': 1.018834924697876, 'below_10.0_percent_acc': 1.0, 'below_1.0_percent_acc': 0.981, 'below_0.1_percent_acc': 0.974, 'below_0.01_percent_acc': 0.974, 'below_0.001_percent_acc': 0.954, 'below_0.0001_percent_acc': 0.954, 'valid_acc': 1.0}
