webb.local
declare -x ANT_HOME="/opt/rocks"
declare -x ARC="lx-amd64"
declare -x BASH_ENV="/usr/share/lmod/lmod/init/bash"
declare -x CONDA_DEFAULT_ENV="gpu"
declare -x CONDA_EXE="/home/pminervi/anaconda3/bin/conda"
declare -x CONDA_PREFIX="/home/pminervi/anaconda3/envs/gpu"
declare -x CONDA_PREFIX_1="/home/pminervi/anaconda3/envs/cpu"
declare -x CONDA_PROMPT_MODIFIER="(gpu) "
declare -x CONDA_PYTHON_EXE="/home/pminervi/anaconda3/bin/python"
declare -x CONDA_SHLVL="2"
declare -x CUDA_VISIBLE_DEVICES="2"
declare -x ENVIRONMENT="BATCH"
declare -x HISTCONTROL="ignoredups"
declare -x HISTSIZE="1000"
declare -x HOME="/home/pminervi"
declare -x HOSTNAME="webb.local"
declare -x JAVA_HOME="/share/apps/mr/utils/jdk"
declare -x JOB_ID="2800577"
declare -x JOB_NAME="temperature_beaker_v10.job"
declare -x JOB_SCRIPT="/opt/gridengine/default/spool/webb/job_scripts/2800577"
declare -x LANG="en_US.utf8"
declare -x LANGUAGE="en_US:en"
declare -x LD_LIBRARY_PATH="/share/apps/gcc-6.2.0/lib/:/share/apps/gcc-6.2.0/lib64/:/opt/gridengine/lib/lx-amd64"
declare -x LESSOPEN="||/usr/bin/lesspipe.sh %s"
declare -x LMOD_CMD="/usr/share/lmod/lmod/libexec/lmod"
declare -x LMOD_DIR="/usr/share/lmod/lmod/libexec"
declare -x LMOD_PKG="/usr/share/lmod/lmod"
declare -x LMOD_ROOT="/usr/share/lmod"
declare -x LMOD_SETTARG_FULL_SUPPORT="no"
declare -x LMOD_VERSION="8.2.7"
declare -x LMOD_sys="Linux"
declare -x LOADEDMODULES=""
declare -x LOGNAME="pminervi"
declare -x MAIL="/var/spool/mail/pminervi"
declare -x MANPATH="/usr/share/lmod/lmod/share/man:"
declare -x MODULEPATH="/share/apps/modulefiles/default"
declare -x MODULEPATH_ROOT="/usr/share/modulefiles"
declare -x MODULESHOME="/usr/share/lmod/lmod"
declare -x MPICH_PROCESS_GROUP="no"
declare -x NHOSTS="1"
declare -x NQUEUES="1"
declare -x NSLOTS="1"
declare -x OLDPWD="/home/pminervi/workspace/map-backprop"
declare -x PATH="/home/pminervi/anaconda3/envs/gpu/bin:/home/pminervi/anaconda3/condabin:/home/pminervi/anaconda3/bin:/share/apps/binutils-2.27/bin/:/share/apps/gcc-6.2.0/bin/:/share/apps/mr/bin:/tmp/2800577.15.gpu.q:/usr/local/bin:/bin:/usr/bin:/usr/local/sbin:/usr/sbin:/opt/ganglia/bin:/opt/ganglia/sbin:/opt/rocks/bin:/opt/rocks/sbin:/opt/gridengine/bin/lx-amd64:/home/pminervi/bin"
declare -x PWD="/home/pminervi/workspace/map-backprop"
declare -x QUEUE="gpu.q"
declare -x REQNAME="temperature_beaker_v10.job"
declare -x REQUEST="temperature_beaker_v10.job"
declare -x RESTARTED="0"
declare -x ROCKSROOT="/opt/rocks/share/devel"
declare -x ROCKS_ROOT="/opt/rocks"
declare -x ROLLSROOT="/opt/rocks/share/devel/src/roll"
declare -x SGE_ACCOUNT="sge"
declare -x SGE_ARCH="lx-amd64"
declare -x SGE_BINARY_PATH="/opt/gridengine/bin/lx-amd64"
declare -x SGE_CELL="default"
declare -x SGE_CWD_PATH="/home/pminervi/workspace/map-backprop"
declare -x SGE_EXECD_PORT="537"
declare -x SGE_JOB_SPOOL_DIR="/opt/gridengine/default/spool/webb/active_jobs/2800577.15"
declare -x SGE_O_HOME="/home/pminervi"
declare -x SGE_O_HOST="beaker"
declare -x SGE_O_LOGNAME="pminervi"
declare -x SGE_O_MAIL="/var/spool/mail/pminervi"
declare -x SGE_O_PATH="/home/pminervi/anaconda3/envs/cpu/bin:/home/pminervi/anaconda3/condabin:/home/pminervi/anaconda3/bin:/share/apps/binutils-2.27/bin/:/share/apps/gcc-6.2.0/bin/:/share/apps/mr/bin:/usr/local/bin:/usr/bin:/usr/local/sbin:/usr/sbin:/opt/ganglia/bin:/opt/ganglia/sbin:/opt/rocks/bin:/opt/rocks/sbin:/opt/gridengine/bin/lx-amd64:/home/pminervi/bin"
declare -x SGE_O_SHELL="/bin/bash"
declare -x SGE_O_WORKDIR="/home/pminervi/workspace/map-backprop"
declare -x SGE_QMASTER_PORT="536"
declare -x SGE_ROOT="/opt/gridengine"
declare -x SGE_STDERR_PATH="/home/pminervi/array.err"
declare -x SGE_STDIN_PATH="/dev/null"
declare -x SGE_STDOUT_PATH="/home/pminervi/array.out"
declare -x SGE_TASK_FIRST="1"
declare -x SGE_TASK_ID="15"
declare -x SGE_TASK_LAST="20"
declare -x SGE_TASK_STEPSIZE="1"
declare -x SHELL="/bin/bash"
declare -x SHLVL="2"
declare -x SSH_ASKPASS="/usr/libexec/openssh/gnome-ssh-askpass"
declare -x TERM=""
declare -x TMP="/tmp/2800577.15.gpu.q"
declare -x TMPDIR="/tmp/2800577.15.gpu.q"
declare -x USER="pminervi"
Wed Feb  3 19:46:02 2021       
+-----------------------------------------------------------------------------+
| NVIDIA-SMI 450.51.05    Driver Version: 450.51.05    CUDA Version: 11.0     |
|-------------------------------+----------------------+----------------------+
| GPU  Name        Persistence-M| Bus-Id        Disp.A | Volatile Uncorr. ECC |
| Fan  Temp  Perf  Pwr:Usage/Cap|         Memory-Usage | GPU-Util  Compute M. |
|                               |                      |               MIG M. |
|===============================+======================+======================|
|   0  Tesla V100-PCIE...  On   | 00000000:3D:00.0 Off |                    0 |
| N/A   34C    P0    49W / 250W |   7155MiB / 32510MiB |     38%   E. Process |
|                               |                      |                  N/A |
+-------------------------------+----------------------+----------------------+
|   1  Tesla V100-PCIE...  On   | 00000000:3E:00.0 Off |                    0 |
| N/A   28C    P0    25W / 250W |      0MiB / 32510MiB |      0%   E. Process |
|                               |                      |                  N/A |
+-------------------------------+----------------------+----------------------+
|   2  Tesla V100-PCIE...  On   | 00000000:3F:00.0 Off |                    0 |
| N/A   28C    P0    25W / 250W |      0MiB / 32510MiB |      0%   E. Process |
|                               |                      |                  N/A |
+-------------------------------+----------------------+----------------------+
|   3  Tesla V100-PCIE...  On   | 00000000:40:00.0 Off |                    0 |
| N/A   28C    P0    25W / 250W |      0MiB / 32510MiB |      0%   E. Process |
|                               |                      |                  N/A |
+-------------------------------+----------------------+----------------------+
                                                                               
+-----------------------------------------------------------------------------+
| Processes:                                                                  |
|  GPU   GI   CI        PID   Type   Process name                  GPU Memory |
|        ID   ID                                                   Usage      |
|=============================================================================|
|    0   N/A  N/A    249166      C   python                           7151MiB |
+-----------------------------------------------------------------------------+
No existing entry for trainer_params.mode.type
{}[type] = <class 'int'>(1)
No existing entry for trainer_params.mode.objective_type
{'type': 1}[objective_type] = <class 'str'>(normal)
No existing entry for trainer_params.mode.use_marginal
{'type': 1, 'objective_type': 'normal'}[use_marginal] = <class 'bool'>(True)
No existing entry for trainer_params.mode.nb_samples
{'type': 1, 'objective_type': 'normal', 'use_marginal': True}[nb_samples] = <class 'int'>(1)
No existing entry for trainer_params.mode.temperature
{'type': 1, 'objective_type': 'normal', 'use_marginal': True, 'nb_samples': 1}[temperature] = <class 'float'>(0.001)
No existing entry for trainer_params.mode.use_gamma
{'type': 1, 'objective_type': 'normal', 'use_marginal': True, 'nb_samples': 1, 'temperature': 0.001}[use_gamma] = <class 'bool'>(True)
No existing entry for trainer_params.mode.loss_type
{'type': 1, 'objective_type': 'normal', 'use_marginal': True, 'nb_samples': 1, 'temperature': 0.001, 'use_gamma': True}[loss_type] = <class 'str'>(normal)
No existing entry for trainer_params.mode.perturb_w
{'type': 1, 'objective_type': 'normal', 'use_marginal': True, 'nb_samples': 1, 'temperature': 0.001, 'use_gamma': True, 'loss_type': 'normal'}[perturb_w] = <class 'bool'>(True)
No existing entry for trainer_params.mode.perturb_w_prime
{'type': 1, 'objective_type': 'normal', 'use_marginal': True, 'nb_samples': 1, 'temperature': 0.001, 'use_gamma': True, 'loss_type': 'normal', 'perturb_w': True}[perturb_w_prime] = <class 'bool'>(False)
{'batch_size': 70, 'l1_regconst': 0.0, 'lambda_val': 20.0, 'lr_milestone_1': 30, 'lr_milestone_2': 40, 'model_params': {'arch_params': {}, 'model_name': 'CombResnet18'}, 'neighbourhood_fn': '8-grid', 'optimizer_name': 'Adam', 'optimizer_params': {'lr': 0.0005}, 'preload_batch': True, 'use_cuda': True, 'use_lr_scheduling': True, 'mode': {'type': 1, 'objective_type': 'normal', 'use_marginal': True, 'nb_samples': 1, 'temperature': 0.001, 'use_gamma': True, 'loss_type': 'normal', 'perturb_w': True, 'perturb_w_prime': False}}[lambda_val] = <class 'float'>(10.0)
{'data_dir': 'data/warcraft_shortest_path/12x12', 'evaluate_with_extra': False, 'normalize': True, 'use_local_path': False, 'use_test_set': True}[data_dir] = <class 'str'>(data/warcraft_shortest_path/18x18)
{'evaluate_every': 5, 'loader_params': {'data_dir': 'data/warcraft_shortest_path/18x18', 'evaluate_with_extra': False, 'normalize': True, 'use_local_path': False, 'use_test_set': True}, 'model_dir': 'results/warcraft_shortest_path_combresnet', 'num_cpus': 24, 'num_epochs': 50, 'problem_type': 'warcraft_shortest_path', 'ray_params': {}, 'save_visualizations': False, 'seed': 1, 'trainer_name': 'DijkstraMAP', 'trainer_params': {'batch_size': 70, 'l1_regconst': 0.0, 'lambda_val': 10.0, 'lr_milestone_1': 30, 'lr_milestone_2': 40, 'model_params': {'arch_params': {}, 'model_name': 'CombResnet18'}, 'neighbourhood_fn': '8-grid', 'optimizer_name': 'Adam', 'optimizer_params': {'lr': 0.0005}, 'preload_batch': True, 'use_cuda': True, 'use_lr_scheduling': True, 'mode': {'type': 1, 'objective_type': 'normal', 'use_marginal': True, 'nb_samples': 1, 'temperature': 0.001, 'use_gamma': True, 'loss_type': 'normal', 'perturb_w': True, 'perturb_w_prime': False}}, 'use_ray': True}[seed] = <class 'int'>(1)
{'evaluate_every': 5, 'loader_params': {'data_dir': 'data/warcraft_shortest_path/18x18', 'evaluate_with_extra': False, 'normalize': True, 'use_local_path': False, 'use_test_set': True}, 'model_dir': 'results/warcraft_shortest_path_combresnet', 'num_cpus': 24, 'num_epochs': 50, 'problem_type': 'warcraft_shortest_path', 'ray_params': {}, 'save_visualizations': False, 'seed': 1, 'trainer_name': 'DijkstraMAP', 'trainer_params': {'batch_size': 70, 'l1_regconst': 0.0, 'lambda_val': 10.0, 'lr_milestone_1': 30, 'lr_milestone_2': 40, 'model_params': {'arch_params': {}, 'model_name': 'CombResnet18'}, 'neighbourhood_fn': '8-grid', 'optimizer_name': 'Adam', 'optimizer_params': {'lr': 0.0005}, 'preload_batch': True, 'use_cuda': True, 'use_lr_scheduling': True, 'mode': {'type': 1, 'objective_type': 'normal', 'use_marginal': True, 'nb_samples': 1, 'temperature': 0.001, 'use_gamma': True, 'loss_type': 'normal', 'perturb_w': True, 'perturb_w_prime': False}}, 'use_ray': True}[evaluate_every] = <class 'int'>(1)
{'evaluate_every': 1, 'loader_params': {'data_dir': 'data/warcraft_shortest_path/18x18', 'evaluate_with_extra': False, 'normalize': True, 'use_local_path': False, 'use_test_set': True}, 'model_dir': 'results/warcraft_shortest_path_combresnet', 'num_cpus': 24, 'num_epochs': 50, 'problem_type': 'warcraft_shortest_path', 'ray_params': {}, 'save_visualizations': False, 'seed': 1, 'trainer_name': 'DijkstraMAP', 'trainer_params': {'batch_size': 70, 'l1_regconst': 0.0, 'lambda_val': 10.0, 'lr_milestone_1': 30, 'lr_milestone_2': 40, 'model_params': {'arch_params': {}, 'model_name': 'CombResnet18'}, 'neighbourhood_fn': '8-grid', 'optimizer_name': 'Adam', 'optimizer_params': {'lr': 0.0005}, 'preload_batch': True, 'use_cuda': True, 'use_lr_scheduling': True, 'mode': {'type': 1, 'objective_type': 'normal', 'use_marginal': True, 'nb_samples': 1, 'temperature': 0.001, 'use_gamma': True, 'loss_type': 'normal', 'perturb_w': True, 'perturb_w_prime': False}}, 'use_ray': True}[use_ray] = <class 'bool'>(False)
No existing entry for trainer_params.mode.type
{}[type] = <class 'int'>(1)
No existing entry for trainer_params.mode.objective_type
{'type': 1}[objective_type] = <class 'str'>(normal)
No existing entry for trainer_params.mode.use_marginal
{'type': 1, 'objective_type': 'normal'}[use_marginal] = <class 'bool'>(True)
No existing entry for trainer_params.mode.nb_samples
{'type': 1, 'objective_type': 'normal', 'use_marginal': True}[nb_samples] = <class 'int'>(1)
No existing entry for trainer_params.mode.temperature
{'type': 1, 'objective_type': 'normal', 'use_marginal': True, 'nb_samples': 1}[temperature] = <class 'float'>(0.001)
No existing entry for trainer_params.mode.use_gamma
{'type': 1, 'objective_type': 'normal', 'use_marginal': True, 'nb_samples': 1, 'temperature': 0.001}[use_gamma] = <class 'bool'>(True)
No existing entry for trainer_params.mode.loss_type
{'type': 1, 'objective_type': 'normal', 'use_marginal': True, 'nb_samples': 1, 'temperature': 0.001, 'use_gamma': True}[loss_type] = <class 'str'>(normal)
No existing entry for trainer_params.mode.perturb_w
{'type': 1, 'objective_type': 'normal', 'use_marginal': True, 'nb_samples': 1, 'temperature': 0.001, 'use_gamma': True, 'loss_type': 'normal'}[perturb_w] = <class 'bool'>(True)
No existing entry for trainer_params.mode.perturb_w_prime
{'type': 1, 'objective_type': 'normal', 'use_marginal': True, 'nb_samples': 1, 'temperature': 0.001, 'use_gamma': True, 'loss_type': 'normal', 'perturb_w': True}[perturb_w_prime] = <class 'bool'>(False)
{'batch_size': 70, 'l1_regconst': 0.0, 'lambda_val': 20.0, 'lr_milestone_1': 30, 'lr_milestone_2': 40, 'model_params': {'arch_params': {}, 'model_name': 'CombResnet18'}, 'neighbourhood_fn': '8-grid', 'optimizer_name': 'Adam', 'optimizer_params': {'lr': 0.0005}, 'preload_batch': True, 'use_cuda': True, 'use_lr_scheduling': True, 'mode': {'type': 1, 'objective_type': 'normal', 'use_marginal': True, 'nb_samples': 1, 'temperature': 0.001, 'use_gamma': True, 'loss_type': 'normal', 'perturb_w': True, 'perturb_w_prime': False}}[lambda_val] = <class 'float'>(10.0)
{'data_dir': 'data/warcraft_shortest_path/12x12', 'evaluate_with_extra': False, 'normalize': True, 'use_local_path': False, 'use_test_set': True}[data_dir] = <class 'str'>(data/warcraft_shortest_path/18x18)
{'evaluate_every': 5, 'loader_params': {'data_dir': 'data/warcraft_shortest_path/18x18', 'evaluate_with_extra': False, 'normalize': True, 'use_local_path': False, 'use_test_set': True}, 'model_dir': 'results/warcraft_shortest_path_combresnet', 'num_cpus': 24, 'num_epochs': 50, 'problem_type': 'warcraft_shortest_path', 'ray_params': {}, 'save_visualizations': False, 'seed': 1, 'trainer_name': 'DijkstraMAP', 'trainer_params': {'batch_size': 70, 'l1_regconst': 0.0, 'lambda_val': 10.0, 'lr_milestone_1': 30, 'lr_milestone_2': 40, 'model_params': {'arch_params': {}, 'model_name': 'CombResnet18'}, 'neighbourhood_fn': '8-grid', 'optimizer_name': 'Adam', 'optimizer_params': {'lr': 0.0005}, 'preload_batch': True, 'use_cuda': True, 'use_lr_scheduling': True, 'mode': {'type': 1, 'objective_type': 'normal', 'use_marginal': True, 'nb_samples': 1, 'temperature': 0.001, 'use_gamma': True, 'loss_type': 'normal', 'perturb_w': True, 'perturb_w_prime': False}}, 'use_ray': True}[seed] = <class 'int'>(1)
{'evaluate_every': 5, 'loader_params': {'data_dir': 'data/warcraft_shortest_path/18x18', 'evaluate_with_extra': False, 'normalize': True, 'use_local_path': False, 'use_test_set': True}, 'model_dir': 'results/warcraft_shortest_path_combresnet', 'num_cpus': 24, 'num_epochs': 50, 'problem_type': 'warcraft_shortest_path', 'ray_params': {}, 'save_visualizations': False, 'seed': 1, 'trainer_name': 'DijkstraMAP', 'trainer_params': {'batch_size': 70, 'l1_regconst': 0.0, 'lambda_val': 10.0, 'lr_milestone_1': 30, 'lr_milestone_2': 40, 'model_params': {'arch_params': {}, 'model_name': 'CombResnet18'}, 'neighbourhood_fn': '8-grid', 'optimizer_name': 'Adam', 'optimizer_params': {'lr': 0.0005}, 'preload_batch': True, 'use_cuda': True, 'use_lr_scheduling': True, 'mode': {'type': 1, 'objective_type': 'normal', 'use_marginal': True, 'nb_samples': 1, 'temperature': 0.001, 'use_gamma': True, 'loss_type': 'normal', 'perturb_w': True, 'perturb_w_prime': False}}, 'use_ray': True}[evaluate_every] = <class 'int'>(1)
{'evaluate_every': 1, 'loader_params': {'data_dir': 'data/warcraft_shortest_path/18x18', 'evaluate_with_extra': False, 'normalize': True, 'use_local_path': False, 'use_test_set': True}, 'model_dir': 'results/warcraft_shortest_path_combresnet', 'num_cpus': 24, 'num_epochs': 50, 'problem_type': 'warcraft_shortest_path', 'ray_params': {}, 'save_visualizations': False, 'seed': 1, 'trainer_name': 'DijkstraMAP', 'trainer_params': {'batch_size': 70, 'l1_regconst': 0.0, 'lambda_val': 10.0, 'lr_milestone_1': 30, 'lr_milestone_2': 40, 'model_params': {'arch_params': {}, 'model_name': 'CombResnet18'}, 'neighbourhood_fn': '8-grid', 'optimizer_name': 'Adam', 'optimizer_params': {'lr': 0.0005}, 'preload_batch': True, 'use_cuda': True, 'use_lr_scheduling': True, 'mode': {'type': 1, 'objective_type': 'normal', 'use_marginal': True, 'nb_samples': 1, 'temperature': 0.001, 'use_gamma': True, 'loss_type': 'normal', 'perturb_w': True, 'perturb_w_prime': False}}, 'use_ray': True}[use_ray] = <class 'bool'>(False)
{
    "evaluate_every": 1,
    "loader_params": {
        "data_dir": "data/warcraft_shortest_path/18x18",
        "evaluate_with_extra": false,
        "normalize": true,
        "use_local_path": false,
        "use_test_set": true
    },
    "model_dir": "results/warcraft_shortest_path_combresnet",
    "num_cpus": 24,
    "num_epochs": 50,
    "problem_type": "warcraft_shortest_path",
    "ray_params": {},
    "save_visualizations": false,
    "seed": 1,
    "trainer_name": "DijkstraMAP",
    "trainer_params": {
        "batch_size": 70,
        "l1_regconst": 0.0,
        "lambda_val": 10.0,
        "lr_milestone_1": 30,
        "lr_milestone_2": 40,
        "mode": {
            "loss_type": "normal",
            "nb_samples": 1,
            "objective_type": "normal",
            "perturb_w": true,
            "perturb_w_prime": false,
            "temperature": 0.001,
            "type": 1,
            "use_gamma": true,
            "use_marginal": true
        },
        "model_params": {
            "arch_params": {},
            "model_name": "CombResnet18"
        },
        "neighbourhood_fn": "8-grid",
        "optimizer_name": "Adam",
        "optimizer_params": {
            "lr": 0.0005
        },
        "preload_batch": true,
        "use_cuda": true,
        "use_lr_scheduling": true
    },
    "use_ray": false
}
MAP-BACKPROP MODE: {
    "loss_type": "normal",
    "nb_samples": 1,
    "objective_type": "normal",
    "perturb_w": true,
    "perturb_w_prime": false,
    "temperature": 0.001,
    "type": 1,
    "use_gamma": true,
    "use_marginal": true
}
True
META: {'input_image_size': 144, 'output_features': 324, 'num_channels': 3, 'denormalize': <maprop.decorators.input_to_numpy object at 0x2ad9d4ed8a58>}
EVALUATING
{'loss': 30.140000858306884, 'accuracy': 0.9069752943515778, 'perfect_match_accuracy': 0.007, 'cost_ratio_suggested_true': 2.698470640182495, 'below_10.0_percent_acc': 0.071, 'below_1.0_percent_acc': 0.015, 'below_0.1_percent_acc': 0.012, 'below_0.01_percent_acc': 0.012, 'below_0.001_percent_acc': 0.01, 'below_0.0001_percent_acc': 0.01, 'valid_acc': 1.0}
Epoch: 1	Batch time (1.278096)	Data time (0.030571)	Cuda time (0.000002)	Loss (11.008700)	Accuracy (0.966023)
EVALUATING
{'loss': 6.206000261306762, 'accuracy': 0.9808456653356552, 'perfect_match_accuracy': 0.443, 'cost_ratio_suggested_true': 1.0502499771118163, 'below_10.0_percent_acc': 0.98, 'below_1.0_percent_acc': 0.861, 'below_0.1_percent_acc': 0.825, 'below_0.01_percent_acc': 0.825, 'below_0.001_percent_acc': 0.787, 'below_0.0001_percent_acc': 0.786, 'valid_acc': 1.0}
Epoch: 2	Batch time (1.280861)	Data time (0.029652)	Cuda time (0.000002)	Loss (6.206700)	Accuracy (0.980844)
EVALUATING
{'loss': 6.3580002593994145, 'accuracy': 0.9803765308856964, 'perfect_match_accuracy': 0.439, 'cost_ratio_suggested_true': 1.0372425973415376, 'below_10.0_percent_acc': 0.999, 'below_1.0_percent_acc': 0.893, 'below_0.1_percent_acc': 0.862, 'below_0.01_percent_acc': 0.862, 'below_0.001_percent_acc': 0.834, 'below_0.0001_percent_acc': 0.834, 'valid_acc': 1.0}
Epoch: 3	Batch time (1.261767)	Data time (0.027540)	Cuda time (0.000002)	Loss (4.946900)	Accuracy (0.984732)
EVALUATING
{'loss': 4.3610001349449155, 'accuracy': 0.9865401077270508, 'perfect_match_accuracy': 0.609, 'cost_ratio_suggested_true': 1.0274581623077392, 'below_10.0_percent_acc': 0.999, 'below_1.0_percent_acc': 0.941, 'below_0.1_percent_acc': 0.917, 'below_0.01_percent_acc': 0.916, 'below_0.001_percent_acc': 0.884, 'below_0.0001_percent_acc': 0.883, 'valid_acc': 1.0}
Epoch: 4	Batch time (1.225934)	Data time (0.029183)	Cuda time (0.000002)	Loss (4.262700)	Accuracy (0.986844)
EVALUATING
{'loss': 4.1280002236366276, 'accuracy': 0.9872592431306839, 'perfect_match_accuracy': 0.631, 'cost_ratio_suggested_true': 1.029074512720108, 'below_10.0_percent_acc': 1.0, 'below_1.0_percent_acc': 0.939, 'below_0.1_percent_acc': 0.916, 'below_0.01_percent_acc': 0.915, 'below_0.001_percent_acc': 0.862, 'below_0.0001_percent_acc': 0.862, 'valid_acc': 1.0}
Epoch: 5	Batch time (1.248852)	Data time (0.027551)	Cuda time (0.000002)	Loss (3.936100)	Accuracy (0.987852)
EVALUATING
{'loss': 4.054000241756439, 'accuracy': 0.9874876421689988, 'perfect_match_accuracy': 0.622, 'cost_ratio_suggested_true': 1.0231850993633271, 'below_10.0_percent_acc': 0.999, 'below_1.0_percent_acc': 0.949, 'below_0.1_percent_acc': 0.929, 'below_0.01_percent_acc': 0.928, 'below_0.001_percent_acc': 0.885, 'below_0.0001_percent_acc': 0.885, 'valid_acc': 1.0}
Epoch: 6	Batch time (1.238141)	Data time (0.027796)	Cuda time (0.000002)	Loss (3.573500)	Accuracy (0.988971)
EVALUATING
{'loss': 3.721000220775604, 'accuracy': 0.988515414595604, 'perfect_match_accuracy': 0.647, 'cost_ratio_suggested_true': 1.0203328371047973, 'below_10.0_percent_acc': 1.0, 'below_1.0_percent_acc': 0.958, 'below_0.1_percent_acc': 0.939, 'below_0.01_percent_acc': 0.938, 'below_0.001_percent_acc': 0.894, 'below_0.0001_percent_acc': 0.894, 'valid_acc': 1.0}
Epoch: 7	Batch time (1.264688)	Data time (0.030849)	Cuda time (0.000002)	Loss (3.188400)	Accuracy (0.990159)
EVALUATING
{'loss': 3.530000157356262, 'accuracy': 0.9891049188375473, 'perfect_match_accuracy': 0.668, 'cost_ratio_suggested_true': 1.0197197461128236, 'below_10.0_percent_acc': 1.0, 'below_1.0_percent_acc': 0.962, 'below_0.1_percent_acc': 0.949, 'below_0.01_percent_acc': 0.949, 'below_0.001_percent_acc': 0.911, 'below_0.0001_percent_acc': 0.911, 'valid_acc': 1.0}
Epoch: 8	Batch time (1.236458)	Data time (0.027903)	Cuda time (0.000002)	Loss (3.152300)	Accuracy (0.990271)
EVALUATING
{'loss': 3.9520001196861267, 'accuracy': 0.9878024661540985, 'perfect_match_accuracy': 0.624, 'cost_ratio_suggested_true': 1.0199330067634582, 'below_10.0_percent_acc': 1.0, 'below_1.0_percent_acc': 0.961, 'below_0.1_percent_acc': 0.943, 'below_0.01_percent_acc': 0.943, 'below_0.001_percent_acc': 0.905, 'below_0.0001_percent_acc': 0.905, 'valid_acc': 1.0}
Epoch: 9	Batch time (1.278058)	Data time (0.028088)	Cuda time (0.000002)	Loss (3.127100)	Accuracy (0.990348)
EVALUATING
{'loss': 3.812000184059143, 'accuracy': 0.9882345527410508, 'perfect_match_accuracy': 0.651, 'cost_ratio_suggested_true': 1.018548024892807, 'below_10.0_percent_acc': 1.0, 'below_1.0_percent_acc': 0.963, 'below_0.1_percent_acc': 0.945, 'below_0.01_percent_acc': 0.944, 'below_0.001_percent_acc': 0.896, 'below_0.0001_percent_acc': 0.896, 'valid_acc': 1.0}
Epoch: 10	Batch time (1.248029)	Data time (0.029321)	Cuda time (0.000002)	Loss (2.845800)	Accuracy (0.991217)
EVALUATING
{'loss': 3.63100022315979, 'accuracy': 0.9887931954860687, 'perfect_match_accuracy': 0.674, 'cost_ratio_suggested_true': 1.01996542096138, 'below_10.0_percent_acc': 1.0, 'below_1.0_percent_acc': 0.969, 'below_0.1_percent_acc': 0.952, 'below_0.01_percent_acc': 0.951, 'below_0.001_percent_acc': 0.911, 'below_0.0001_percent_acc': 0.911, 'valid_acc': 1.0}
Epoch: 11	Batch time (1.240416)	Data time (0.028526)	Cuda time (0.000002)	Loss (2.682600)	Accuracy (0.991720)
EVALUATING
{'loss': 3.4900000977516172, 'accuracy': 0.9892283850908279, 'perfect_match_accuracy': 0.683, 'cost_ratio_suggested_true': 1.0268399095535279, 'below_10.0_percent_acc': 1.0, 'below_1.0_percent_acc': 0.967, 'below_0.1_percent_acc': 0.948, 'below_0.01_percent_acc': 0.947, 'below_0.001_percent_acc': 0.894, 'below_0.0001_percent_acc': 0.894, 'valid_acc': 1.0}
Epoch: 12	Batch time (1.248240)	Data time (0.028739)	Cuda time (0.000002)	Loss (2.535300)	Accuracy (0.992175)
EVALUATING
{'loss': 3.521000154018402, 'accuracy': 0.9891327041387558, 'perfect_match_accuracy': 0.677, 'cost_ratio_suggested_true': 1.0202634680271148, 'below_10.0_percent_acc': 1.0, 'below_1.0_percent_acc': 0.969, 'below_0.1_percent_acc': 0.949, 'below_0.01_percent_acc': 0.948, 'below_0.001_percent_acc': 0.902, 'below_0.0001_percent_acc': 0.902, 'valid_acc': 1.0}
Epoch: 13	Batch time (1.251892)	Data time (0.028358)	Cuda time (0.000002)	Loss (2.597600)	Accuracy (0.991983)
EVALUATING
{'loss': 3.216000144481659, 'accuracy': 0.9900740700960159, 'perfect_match_accuracy': 0.703, 'cost_ratio_suggested_true': 1.0157718551158905, 'below_10.0_percent_acc': 1.0, 'below_1.0_percent_acc': 0.973, 'below_0.1_percent_acc': 0.959, 'below_0.01_percent_acc': 0.959, 'below_0.001_percent_acc': 0.912, 'below_0.0001_percent_acc': 0.912, 'valid_acc': 1.0}
Epoch: 14	Batch time (1.259319)	Data time (0.029094)	Cuda time (0.000002)	Loss (2.620000)	Accuracy (0.991914)
EVALUATING
{'loss': 3.612000136375427, 'accuracy': 0.9888518363237381, 'perfect_match_accuracy': 0.665, 'cost_ratio_suggested_true': 1.0189680922031403, 'below_10.0_percent_acc': 1.0, 'below_1.0_percent_acc': 0.972, 'below_0.1_percent_acc': 0.953, 'below_0.01_percent_acc': 0.953, 'below_0.001_percent_acc': 0.913, 'below_0.0001_percent_acc': 0.912, 'valid_acc': 1.0}
Epoch: 15	Batch time (1.250843)	Data time (0.029269)	Cuda time (0.000002)	Loss (2.410400)	Accuracy (0.992560)
EVALUATING
{'loss': 3.4580001616477967, 'accuracy': 0.9893271499872207, 'perfect_match_accuracy': 0.684, 'cost_ratio_suggested_true': 1.023478707075119, 'below_10.0_percent_acc': 1.0, 'below_1.0_percent_acc': 0.968, 'below_0.1_percent_acc': 0.948, 'below_0.01_percent_acc': 0.948, 'below_0.001_percent_acc': 0.907, 'below_0.0001_percent_acc': 0.906, 'valid_acc': 1.0}
Epoch: 16	Batch time (1.259019)	Data time (0.027337)	Cuda time (0.000002)	Loss (2.371900)	Accuracy (0.992679)
EVALUATING
{'loss': 3.4010000729560854, 'accuracy': 0.9895030760765076, 'perfect_match_accuracy': 0.683, 'cost_ratio_suggested_true': 1.0241052103042603, 'below_10.0_percent_acc': 1.0, 'below_1.0_percent_acc': 0.978, 'below_0.1_percent_acc': 0.966, 'below_0.01_percent_acc': 0.965, 'below_0.001_percent_acc': 0.916, 'below_0.0001_percent_acc': 0.915, 'valid_acc': 1.0}
Epoch: 17	Batch time (1.218944)	Data time (0.028410)	Cuda time (0.000002)	Loss (2.275300)	Accuracy (0.992977)
EVALUATING
{'loss': 3.198000123500824, 'accuracy': 0.9901296192407608, 'perfect_match_accuracy': 0.707, 'cost_ratio_suggested_true': 1.0197439229488372, 'below_10.0_percent_acc': 1.0, 'below_1.0_percent_acc': 0.972, 'below_0.1_percent_acc': 0.959, 'below_0.01_percent_acc': 0.958, 'below_0.001_percent_acc': 0.913, 'below_0.0001_percent_acc': 0.913, 'valid_acc': 1.0}
Epoch: 18	Batch time (1.233892)	Data time (0.028488)	Cuda time (0.000002)	Loss (2.257200)	Accuracy (0.993033)
EVALUATING
{'loss': 3.19500018119812, 'accuracy': 0.9901388704776763, 'perfect_match_accuracy': 0.702, 'cost_ratio_suggested_true': 1.01755952835083, 'below_10.0_percent_acc': 1.0, 'below_1.0_percent_acc': 0.968, 'below_0.1_percent_acc': 0.952, 'below_0.01_percent_acc': 0.952, 'below_0.001_percent_acc': 0.903, 'below_0.0001_percent_acc': 0.902, 'valid_acc': 1.0}
Epoch: 19	Batch time (1.232398)	Data time (0.028278)	Cuda time (0.000002)	Loss (2.110200)	Accuracy (0.993487)
EVALUATING
{'loss': 3.5570001125335695, 'accuracy': 0.9890215957164764, 'perfect_match_accuracy': 0.673, 'cost_ratio_suggested_true': 1.0142746555805207, 'below_10.0_percent_acc': 1.0, 'below_1.0_percent_acc': 0.968, 'below_0.1_percent_acc': 0.951, 'below_0.01_percent_acc': 0.951, 'below_0.001_percent_acc': 0.922, 'below_0.0001_percent_acc': 0.921, 'valid_acc': 1.0}
Epoch: 20	Batch time (1.224845)	Data time (0.028156)	Cuda time (0.000002)	Loss (2.023200)	Accuracy (0.993756)
EVALUATING
{'loss': 3.2590000760555267, 'accuracy': 0.9899413478374481, 'perfect_match_accuracy': 0.716, 'cost_ratio_suggested_true': 1.0180571258068085, 'below_10.0_percent_acc': 1.0, 'below_1.0_percent_acc': 0.972, 'below_0.1_percent_acc': 0.957, 'below_0.01_percent_acc': 0.957, 'below_0.001_percent_acc': 0.911, 'below_0.0001_percent_acc': 0.911, 'valid_acc': 1.0}
Epoch: 21	Batch time (1.199941)	Data time (0.027750)	Cuda time (0.000002)	Loss (2.124600)	Accuracy (0.993443)
EVALUATING
{'loss': 3.130000071525574, 'accuracy': 0.9903394973278046, 'perfect_match_accuracy': 0.702, 'cost_ratio_suggested_true': 1.0184438836574554, 'below_10.0_percent_acc': 1.0, 'below_1.0_percent_acc': 0.966, 'below_0.1_percent_acc': 0.953, 'below_0.01_percent_acc': 0.953, 'below_0.001_percent_acc': 0.909, 'below_0.0001_percent_acc': 0.909, 'valid_acc': 1.0}
Epoch: 22	Batch time (1.218519)	Data time (0.027894)	Cuda time (0.000002)	Loss (2.064000)	Accuracy (0.993630)
EVALUATING
{'loss': 3.052000119686127, 'accuracy': 0.9905802386999131, 'perfect_match_accuracy': 0.714, 'cost_ratio_suggested_true': 1.0180808472633363, 'below_10.0_percent_acc': 1.0, 'below_1.0_percent_acc': 0.984, 'below_0.1_percent_acc': 0.968, 'below_0.01_percent_acc': 0.968, 'below_0.001_percent_acc': 0.931, 'below_0.0001_percent_acc': 0.931, 'valid_acc': 1.0}
Epoch: 23	Batch time (1.226080)	Data time (0.027989)	Cuda time (0.000002)	Loss (2.117100)	Accuracy (0.993466)
EVALUATING
{'loss': 2.9080000925064087, 'accuracy': 0.9910246843099594, 'perfect_match_accuracy': 0.714, 'cost_ratio_suggested_true': 1.0191916990280152, 'below_10.0_percent_acc': 1.0, 'below_1.0_percent_acc': 0.986, 'below_0.1_percent_acc': 0.973, 'below_0.01_percent_acc': 0.973, 'below_0.001_percent_acc': 0.923, 'below_0.0001_percent_acc': 0.923, 'valid_acc': 1.0}
Epoch: 24	Batch time (1.255318)	Data time (0.028016)	Cuda time (0.000002)	Loss (1.960900)	Accuracy (0.993948)
EVALUATING
{'loss': 3.3510000562667845, 'accuracy': 0.9896573883295059, 'perfect_match_accuracy': 0.69, 'cost_ratio_suggested_true': 1.0203252446651458, 'below_10.0_percent_acc': 1.0, 'below_1.0_percent_acc': 0.972, 'below_0.1_percent_acc': 0.957, 'below_0.01_percent_acc': 0.956, 'below_0.001_percent_acc': 0.907, 'below_0.0001_percent_acc': 0.906, 'valid_acc': 1.0}
Epoch: 25	Batch time (1.221089)	Data time (0.028865)	Cuda time (0.000002)	Loss (1.815800)	Accuracy (0.994396)
EVALUATING
{'loss': 3.21400007724762, 'accuracy': 0.9900802350044251, 'perfect_match_accuracy': 0.685, 'cost_ratio_suggested_true': 1.0177938342094421, 'below_10.0_percent_acc': 1.0, 'below_1.0_percent_acc': 0.983, 'below_0.1_percent_acc': 0.967, 'below_0.01_percent_acc': 0.967, 'below_0.001_percent_acc': 0.921, 'below_0.0001_percent_acc': 0.92, 'valid_acc': 1.0}
Epoch: 26	Batch time (1.201241)	Data time (0.028509)	Cuda time (0.000002)	Loss (1.886000)	Accuracy (0.994179)
EVALUATING
{'loss': 3.3560001182556154, 'accuracy': 0.9896419632434845, 'perfect_match_accuracy': 0.679, 'cost_ratio_suggested_true': 1.0196040630340577, 'below_10.0_percent_acc': 1.0, 'below_1.0_percent_acc': 0.968, 'below_0.1_percent_acc': 0.955, 'below_0.01_percent_acc': 0.955, 'below_0.001_percent_acc': 0.927, 'below_0.0001_percent_acc': 0.927, 'valid_acc': 1.0}
Epoch: 27	Batch time (1.204135)	Data time (0.029052)	Cuda time (0.000002)	Loss (1.999400)	Accuracy (0.993829)
EVALUATING
{'loss': 2.9480001175403596, 'accuracy': 0.9909012216329575, 'perfect_match_accuracy': 0.728, 'cost_ratio_suggested_true': 1.016739978790283, 'below_10.0_percent_acc': 1.0, 'below_1.0_percent_acc': 0.981, 'below_0.1_percent_acc': 0.971, 'below_0.01_percent_acc': 0.971, 'below_0.001_percent_acc': 0.932, 'below_0.0001_percent_acc': 0.932, 'valid_acc': 1.0}
Epoch: 28	Batch time (1.194546)	Data time (0.027808)	Cuda time (0.000002)	Loss (1.993400)	Accuracy (0.993848)
EVALUATING
{'loss': 2.9500000953674315, 'accuracy': 0.9908950400352478, 'perfect_match_accuracy': 0.731, 'cost_ratio_suggested_true': 1.0204015755653382, 'below_10.0_percent_acc': 1.0, 'below_1.0_percent_acc': 0.97, 'below_0.1_percent_acc': 0.949, 'below_0.01_percent_acc': 0.949, 'below_0.001_percent_acc': 0.905, 'below_0.0001_percent_acc': 0.904, 'valid_acc': 1.0}
Epoch: 29	Batch time (1.186998)	Data time (0.026779)	Cuda time (0.000002)	Loss (1.782800)	Accuracy (0.994498)
EVALUATING
{'loss': 2.9360000824928285, 'accuracy': 0.9909382617473602, 'perfect_match_accuracy': 0.725, 'cost_ratio_suggested_true': 1.017144138813019, 'below_10.0_percent_acc': 1.0, 'below_1.0_percent_acc': 0.971, 'below_0.1_percent_acc': 0.961, 'below_0.01_percent_acc': 0.961, 'below_0.001_percent_acc': 0.925, 'below_0.0001_percent_acc': 0.925, 'valid_acc': 1.0}
Epoch: 30	Batch time (1.184233)	Data time (0.028547)	Cuda time (0.000002)	Loss (1.956700)	Accuracy (0.993961)
EVALUATING
{'loss': 3.3550001406669616, 'accuracy': 0.9896450394392013, 'perfect_match_accuracy': 0.684, 'cost_ratio_suggested_true': 1.0205103695392608, 'below_10.0_percent_acc': 1.0, 'below_1.0_percent_acc': 0.975, 'below_0.1_percent_acc': 0.958, 'below_0.01_percent_acc': 0.958, 'below_0.001_percent_acc': 0.905, 'below_0.0001_percent_acc': 0.904, 'valid_acc': 1.0}
Epoch: 31	Batch time (1.186076)	Data time (0.028868)	Cuda time (0.000002)	Loss (1.121100)	Accuracy (0.996540)
EVALUATING
{'loss': 2.8730001056194308, 'accuracy': 0.9911326986551284, 'perfect_match_accuracy': 0.736, 'cost_ratio_suggested_true': 1.0161325347423553, 'below_10.0_percent_acc': 1.0, 'below_1.0_percent_acc': 0.987, 'below_0.1_percent_acc': 0.975, 'below_0.01_percent_acc': 0.975, 'below_0.001_percent_acc': 0.932, 'below_0.0001_percent_acc': 0.932, 'valid_acc': 1.0}
Epoch: 32	Batch time (1.204640)	Data time (0.029252)	Cuda time (0.000002)	Loss (0.826600)	Accuracy (0.997449)
EVALUATING
{'loss': 2.588000074625015, 'accuracy': 0.9920123332738876, 'perfect_match_accuracy': 0.745, 'cost_ratio_suggested_true': 1.0146974647045135, 'below_10.0_percent_acc': 1.0, 'below_1.0_percent_acc': 0.99, 'below_0.1_percent_acc': 0.98, 'below_0.01_percent_acc': 0.98, 'below_0.001_percent_acc': 0.94, 'below_0.0001_percent_acc': 0.94, 'valid_acc': 1.0}
Epoch: 33	Batch time (1.209432)	Data time (0.028801)	Cuda time (0.000002)	Loss (0.758100)	Accuracy (0.997660)
EVALUATING
{'loss': 2.53000013589859, 'accuracy': 0.9921913486719132, 'perfect_match_accuracy': 0.753, 'cost_ratio_suggested_true': 1.0147976720333098, 'below_10.0_percent_acc': 1.0, 'below_1.0_percent_acc': 0.989, 'below_0.1_percent_acc': 0.979, 'below_0.01_percent_acc': 0.979, 'below_0.001_percent_acc': 0.935, 'below_0.0001_percent_acc': 0.935, 'valid_acc': 1.0}
Epoch: 34	Batch time (1.338382)	Data time (0.029076)	Cuda time (0.000002)	Loss (0.749900)	Accuracy (0.997685)
EVALUATING
{'loss': 2.5510000574588774, 'accuracy': 0.9921265274286271, 'perfect_match_accuracy': 0.748, 'cost_ratio_suggested_true': 1.0130617094039918, 'below_10.0_percent_acc': 1.0, 'below_1.0_percent_acc': 0.991, 'below_0.1_percent_acc': 0.983, 'below_0.01_percent_acc': 0.983, 'below_0.001_percent_acc': 0.939, 'below_0.0001_percent_acc': 0.939, 'valid_acc': 1.0}
Epoch: 35	Batch time (1.344248)	Data time (0.028709)	Cuda time (0.000002)	Loss (0.678000)	Accuracy (0.997907)
EVALUATING
{'loss': 2.4840000891685485, 'accuracy': 0.9923333185911178, 'perfect_match_accuracy': 0.756, 'cost_ratio_suggested_true': 1.0139860332012176, 'below_10.0_percent_acc': 1.0, 'below_1.0_percent_acc': 0.992, 'below_0.1_percent_acc': 0.983, 'below_0.01_percent_acc': 0.983, 'below_0.001_percent_acc': 0.939, 'below_0.0001_percent_acc': 0.939, 'valid_acc': 1.0}
Epoch: 36	Batch time (1.337969)	Data time (0.029608)	Cuda time (0.000002)	Loss (0.641300)	Accuracy (0.998021)
EVALUATING
{'loss': 2.545000128746033, 'accuracy': 0.992145048379898, 'perfect_match_accuracy': 0.755, 'cost_ratio_suggested_true': 1.0143000304698944, 'below_10.0_percent_acc': 1.0, 'below_1.0_percent_acc': 0.99, 'below_0.1_percent_acc': 0.979, 'below_0.01_percent_acc': 0.979, 'below_0.001_percent_acc': 0.931, 'below_0.0001_percent_acc': 0.931, 'valid_acc': 1.0}
Epoch: 37	Batch time (1.459358)	Data time (0.028326)	Cuda time (0.000002)	Loss (0.572100)	Accuracy (0.998234)
EVALUATING
{'loss': 2.499000107049942, 'accuracy': 0.992287022471428, 'perfect_match_accuracy': 0.752, 'cost_ratio_suggested_true': 1.0140874373912812, 'below_10.0_percent_acc': 1.0, 'below_1.0_percent_acc': 0.989, 'below_0.1_percent_acc': 0.977, 'below_0.01_percent_acc': 0.977, 'below_0.001_percent_acc': 0.935, 'below_0.0001_percent_acc': 0.935, 'valid_acc': 1.0}
Epoch: 38	Batch time (1.478919)	Data time (0.028935)	Cuda time (0.000002)	Loss (0.692600)	Accuracy (0.997862)
EVALUATING
{'loss': 2.4950001525878904, 'accuracy': 0.9922993743419647, 'perfect_match_accuracy': 0.758, 'cost_ratio_suggested_true': 1.0136265337467194, 'below_10.0_percent_acc': 1.0, 'below_1.0_percent_acc': 0.991, 'below_0.1_percent_acc': 0.979, 'below_0.01_percent_acc': 0.979, 'below_0.001_percent_acc': 0.931, 'below_0.0001_percent_acc': 0.931, 'valid_acc': 1.0}
Epoch: 39	Batch time (1.515649)	Data time (0.028418)	Cuda time (0.000002)	Loss (0.651300)	Accuracy (0.997990)
EVALUATING
{'loss': 2.6830001080036165, 'accuracy': 0.9917191290855407, 'perfect_match_accuracy': 0.743, 'cost_ratio_suggested_true': 1.0151262259483338, 'below_10.0_percent_acc': 1.0, 'below_1.0_percent_acc': 0.991, 'below_0.1_percent_acc': 0.977, 'below_0.01_percent_acc': 0.977, 'below_0.001_percent_acc': 0.929, 'below_0.0001_percent_acc': 0.928, 'valid_acc': 1.0}
Epoch: 40	Batch time (1.467273)	Data time (0.028287)	Cuda time (0.000002)	Loss (0.577500)	Accuracy (0.998218)
EVALUATING
{'loss': 2.6340000545978546, 'accuracy': 0.9918703591823578, 'perfect_match_accuracy': 0.745, 'cost_ratio_suggested_true': 1.0140324091911317, 'below_10.0_percent_acc': 1.0, 'below_1.0_percent_acc': 0.99, 'below_0.1_percent_acc': 0.979, 'below_0.01_percent_acc': 0.979, 'below_0.001_percent_acc': 0.937, 'below_0.0001_percent_acc': 0.937, 'valid_acc': 1.0}
Epoch: 41	Batch time (1.464629)	Data time (0.030739)	Cuda time (0.000002)	Loss (0.465700)	Accuracy (0.998563)
EVALUATING
{'loss': 2.6800000977516176, 'accuracy': 0.9917283791303635, 'perfect_match_accuracy': 0.746, 'cost_ratio_suggested_true': 1.014009144306183, 'below_10.0_percent_acc': 1.0, 'below_1.0_percent_acc': 0.99, 'below_0.1_percent_acc': 0.979, 'below_0.01_percent_acc': 0.979, 'below_0.001_percent_acc': 0.934, 'below_0.0001_percent_acc': 0.934, 'valid_acc': 1.0}
Epoch: 42	Batch time (1.488548)	Data time (0.032495)	Cuda time (0.000002)	Loss (0.445100)	Accuracy (0.998626)
EVALUATING
{'loss': 2.671000108718872, 'accuracy': 0.9917561542987824, 'perfect_match_accuracy': 0.746, 'cost_ratio_suggested_true': 1.0145120346546173, 'below_10.0_percent_acc': 1.0, 'below_1.0_percent_acc': 0.99, 'below_0.1_percent_acc': 0.978, 'below_0.01_percent_acc': 0.978, 'below_0.001_percent_acc': 0.933, 'below_0.0001_percent_acc': 0.933, 'valid_acc': 1.0}
Epoch: 43	Batch time (1.474167)	Data time (0.028390)	Cuda time (0.000002)	Loss (0.448100)	Accuracy (0.998617)
EVALUATING
{'loss': 2.681000120639801, 'accuracy': 0.9917252916097641, 'perfect_match_accuracy': 0.744, 'cost_ratio_suggested_true': 1.0141322946548461, 'below_10.0_percent_acc': 1.0, 'below_1.0_percent_acc': 0.99, 'below_0.1_percent_acc': 0.979, 'below_0.01_percent_acc': 0.979, 'below_0.001_percent_acc': 0.935, 'below_0.0001_percent_acc': 0.935, 'valid_acc': 1.0}
Epoch: 44	Batch time (1.450529)	Data time (0.032952)	Cuda time (0.000002)	Loss (0.453400)	Accuracy (0.998601)
EVALUATING
{'loss': 2.642000095844269, 'accuracy': 0.991845663189888, 'perfect_match_accuracy': 0.747, 'cost_ratio_suggested_true': 1.014182846546173, 'below_10.0_percent_acc': 1.0, 'below_1.0_percent_acc': 0.992, 'below_0.1_percent_acc': 0.981, 'below_0.01_percent_acc': 0.981, 'below_0.001_percent_acc': 0.937, 'below_0.0001_percent_acc': 0.937, 'valid_acc': 1.0}
Epoch: 45	Batch time (1.454872)	Data time (0.028431)	Cuda time (0.000002)	Loss (0.450200)	Accuracy (0.998610)
EVALUATING
{'loss': 2.6350001192092893, 'accuracy': 0.9918672674894333, 'perfect_match_accuracy': 0.747, 'cost_ratio_suggested_true': 1.013377012014389, 'below_10.0_percent_acc': 1.0, 'below_1.0_percent_acc': 0.99, 'below_0.1_percent_acc': 0.98, 'below_0.01_percent_acc': 0.98, 'below_0.001_percent_acc': 0.936, 'below_0.0001_percent_acc': 0.936, 'valid_acc': 1.0}
Epoch: 46	Batch time (1.492882)	Data time (0.028737)	Cuda time (0.000002)	Loss (0.492000)	Accuracy (0.998481)
EVALUATING
{'loss': 2.547000107765198, 'accuracy': 0.9921388858556748, 'perfect_match_accuracy': 0.757, 'cost_ratio_suggested_true': 1.013998396396637, 'below_10.0_percent_acc': 1.0, 'below_1.0_percent_acc': 0.991, 'below_0.1_percent_acc': 0.981, 'below_0.01_percent_acc': 0.981, 'below_0.001_percent_acc': 0.936, 'below_0.0001_percent_acc': 0.936, 'valid_acc': 1.0}
Epoch: 47	Batch time (1.457231)	Data time (0.027534)	Cuda time (0.000002)	Loss (0.456900)	Accuracy (0.998590)
EVALUATING
{'loss': 2.704000188112259, 'accuracy': 0.9916542953252793, 'perfect_match_accuracy': 0.741, 'cost_ratio_suggested_true': 1.0137950038909913, 'below_10.0_percent_acc': 1.0, 'below_1.0_percent_acc': 0.989, 'below_0.1_percent_acc': 0.978, 'below_0.01_percent_acc': 0.978, 'below_0.001_percent_acc': 0.934, 'below_0.0001_percent_acc': 0.934, 'valid_acc': 1.0}
Epoch: 48	Batch time (1.466606)	Data time (0.029001)	Cuda time (0.000002)	Loss (0.447600)	Accuracy (0.998619)
EVALUATING
{'loss': 2.5880000615119934, 'accuracy': 0.9920123392343521, 'perfect_match_accuracy': 0.749, 'cost_ratio_suggested_true': 1.0152104485034943, 'below_10.0_percent_acc': 1.0, 'below_1.0_percent_acc': 0.992, 'below_0.1_percent_acc': 0.979, 'below_0.01_percent_acc': 0.979, 'below_0.001_percent_acc': 0.934, 'below_0.0001_percent_acc': 0.933, 'valid_acc': 1.0}
Epoch: 49	Batch time (1.450081)	Data time (0.035613)	Cuda time (0.000002)	Loss (0.421000)	Accuracy (0.998701)
EVALUATING
{'loss': 2.599000121355057, 'accuracy': 0.9919783848524094, 'perfect_match_accuracy': 0.744, 'cost_ratio_suggested_true': 1.0142836248874665, 'below_10.0_percent_acc': 1.0, 'below_1.0_percent_acc': 0.991, 'below_0.1_percent_acc': 0.979, 'below_0.01_percent_acc': 0.979, 'below_0.001_percent_acc': 0.935, 'below_0.0001_percent_acc': 0.935, 'valid_acc': 1.0}
Epoch: 50	Batch time (1.486654)	Data time (0.029343)	Cuda time (0.000002)	Loss (0.405600)	Accuracy (0.998748)
EVALUATING
{'loss': 2.6180001056194304, 'accuracy': 0.9919197469949722, 'perfect_match_accuracy': 0.75, 'cost_ratio_suggested_true': 1.0138770151138305, 'below_10.0_percent_acc': 1.0, 'below_1.0_percent_acc': 0.99, 'below_0.1_percent_acc': 0.978, 'below_0.01_percent_acc': 0.978, 'below_0.001_percent_acc': 0.933, 'below_0.0001_percent_acc': 0.933, 'valid_acc': 1.0}
