gonzo-605-8.local
declare -x ANT_HOME="/opt/rocks"
declare -x ARC="lx-amd64"
declare -x BASH_ENV="/usr/share/lmod/lmod/init/bash"
declare -x CONDA_DEFAULT_ENV="gpu"
declare -x CONDA_EXE="/home/pminervi/anaconda3/bin/conda"
declare -x CONDA_PREFIX="/home/pminervi/anaconda3/envs/gpu"
declare -x CONDA_PREFIX_1="/home/pminervi/anaconda3/envs/cpu"
declare -x CONDA_PROMPT_MODIFIER="(gpu) "
declare -x CONDA_PYTHON_EXE="/home/pminervi/anaconda3/bin/python"
declare -x CONDA_SHLVL="2"
declare -x CUDA_VISIBLE_DEVICES="2"
declare -x ENVIRONMENT="BATCH"
declare -x HISTCONTROL="ignoredups"
declare -x HISTSIZE="1000"
declare -x HOME="/home/pminervi"
declare -x HOSTNAME="gonzo-605-8.local"
declare -x JAVA_HOME="/share/apps/mr/utils/jdk"
declare -x JOB_ID="2801093"
declare -x JOB_NAME="baseline_beaker_v12.job"
declare -x JOB_SCRIPT="/opt/gridengine/default/spool/gonzo-605-8/job_scripts/2801093"
declare -x LANG="en_US.utf8"
declare -x LANGUAGE="en_US:en"
declare -x LD_LIBRARY_PATH="/share/apps/gcc-6.2.0/lib/:/share/apps/gcc-6.2.0/lib64/:/opt/gridengine/lib/lx-amd64"
declare -x LESSOPEN="||/usr/bin/lesspipe.sh %s"
declare -x LMOD_CMD="/usr/share/lmod/lmod/libexec/lmod"
declare -x LMOD_DIR="/usr/share/lmod/lmod/libexec"
declare -x LMOD_PKG="/usr/share/lmod/lmod"
declare -x LMOD_ROOT="/usr/share/lmod"
declare -x LMOD_SETTARG_FULL_SUPPORT="no"
declare -x LMOD_VERSION="8.2.7"
declare -x LMOD_sys="Linux"
declare -x LOADEDMODULES=""
declare -x LOGNAME="pminervi"
declare -x MAIL="/var/spool/mail/pminervi"
declare -x MANPATH="/usr/share/lmod/lmod/share/man:"
declare -x MODULEPATH="/share/apps/modulefiles/default"
declare -x MODULEPATH_ROOT="/usr/share/modulefiles"
declare -x MODULESHOME="/usr/share/lmod/lmod"
declare -x MPICH_PROCESS_GROUP="no"
declare -x NHOSTS="1"
declare -x NQUEUES="1"
declare -x NSLOTS="1"
declare -x OLDPWD="/home/pminervi/workspace/map-backprop"
declare -x PATH="/home/pminervi/anaconda3/envs/gpu/bin:/home/pminervi/anaconda3/condabin:/home/pminervi/anaconda3/bin:/share/apps/binutils-2.27/bin/:/share/apps/gcc-6.2.0/bin/:/share/apps/mr/bin:/tmp/2801093.13.gpu.q:/usr/local/bin:/bin:/usr/bin:/usr/local/sbin:/usr/sbin:/opt/ganglia/bin:/opt/ganglia/sbin:/opt/rocks/bin:/opt/rocks/sbin:/opt/gridengine/bin/lx-amd64:/home/pminervi/bin"
declare -x PWD="/home/pminervi/workspace/map-backprop"
declare -x QUEUE="gpu.q"
declare -x REQNAME="baseline_beaker_v12.job"
declare -x REQUEST="baseline_beaker_v12.job"
declare -x RESTARTED="1"
declare -x ROCKSROOT="/opt/rocks/share/devel"
declare -x ROCKS_ROOT="/opt/rocks"
declare -x ROLLSROOT="/opt/rocks/share/devel/src/roll"
declare -x SGE_ACCOUNT="sge"
declare -x SGE_ARCH="lx-amd64"
declare -x SGE_BINARY_PATH="/opt/gridengine/bin/lx-amd64"
declare -x SGE_CELL="default"
declare -x SGE_CWD_PATH="/home/pminervi/workspace/map-backprop"
declare -x SGE_EXECD_PORT="537"
declare -x SGE_JOB_SPOOL_DIR="/opt/gridengine/default/spool/gonzo-605-8/active_jobs/2801093.13"
declare -x SGE_O_HOME="/home/pminervi"
declare -x SGE_O_HOST="beaker"
declare -x SGE_O_LOGNAME="pminervi"
declare -x SGE_O_MAIL="/var/spool/mail/pminervi"
declare -x SGE_O_PATH="/home/pminervi/anaconda3/envs/cpu/bin:/home/pminervi/anaconda3/condabin:/home/pminervi/anaconda3/bin:/share/apps/binutils-2.27/bin/:/share/apps/gcc-6.2.0/bin/:/share/apps/mr/bin:/usr/local/bin:/usr/bin:/usr/local/sbin:/usr/sbin:/opt/ganglia/bin:/opt/ganglia/sbin:/opt/rocks/bin:/opt/rocks/sbin:/opt/gridengine/bin/lx-amd64:/home/pminervi/bin"
declare -x SGE_O_SHELL="/bin/bash"
declare -x SGE_O_WORKDIR="/home/pminervi/workspace/map-backprop"
declare -x SGE_QMASTER_PORT="536"
declare -x SGE_ROOT="/opt/gridengine"
declare -x SGE_STDERR_PATH="/home/pminervi/array.err"
declare -x SGE_STDIN_PATH="/dev/null"
declare -x SGE_STDOUT_PATH="/home/pminervi/array.out"
declare -x SGE_TASK_FIRST="1"
declare -x SGE_TASK_ID="13"
declare -x SGE_TASK_LAST="20"
declare -x SGE_TASK_STEPSIZE="1"
declare -x SHELL="/bin/bash"
declare -x SHLVL="2"
declare -x SSH_ASKPASS="/usr/libexec/openssh/gnome-ssh-askpass"
declare -x TERM=""
declare -x TMP="/tmp/2801093.13.gpu.q"
declare -x TMPDIR="/tmp/2801093.13.gpu.q"
declare -x USER="pminervi"
Thu Feb  4 14:25:53 2021       
+-----------------------------------------------------------------------------+
| NVIDIA-SMI 450.51.05    Driver Version: 450.51.05    CUDA Version: 11.0     |
|-------------------------------+----------------------+----------------------+
| GPU  Name        Persistence-M| Bus-Id        Disp.A | Volatile Uncorr. ECC |
| Fan  Temp  Perf  Pwr:Usage/Cap|         Memory-Usage | GPU-Util  Compute M. |
|                               |                      |               MIG M. |
|===============================+======================+======================|
|   0  GeForce GTX 108...  On   | 00000000:02:00.0 Off |                  N/A |
| 24%   43C    P2    61W / 250W |   1687MiB / 11178MiB |      0%   E. Process |
|                               |                      |                  N/A |
+-------------------------------+----------------------+----------------------+
|   1  GeForce GTX 108...  On   | 00000000:81:00.0 Off |                  N/A |
| 27%   46C    P2    61W / 250W |    945MiB / 11178MiB |     33%   E. Process |
|                               |                      |                  N/A |
+-------------------------------+----------------------+----------------------+
|   2  GeForce GTX 108...  On   | 00000000:82:00.0 Off |                  N/A |
| 23%   25C    P8     8W / 250W |      0MiB / 11178MiB |      0%   E. Process |
|                               |                      |                  N/A |
+-------------------------------+----------------------+----------------------+
                                                                               
+-----------------------------------------------------------------------------+
| Processes:                                                                  |
|  GPU   GI   CI        PID   Type   Process name                  GPU Memory |
|        ID   ID                                                   Usage      |
|=============================================================================|
|    0   N/A  N/A     25431      C   ...ate_every=1 use_ray=False     1685MiB |
|    1   N/A  N/A      8583      C   python                            943MiB |
+-----------------------------------------------------------------------------+
{'data_dir': 'data/warcraft_shortest_path/12x12', 'evaluate_with_extra': False, 'normalize': True, 'use_local_path': False, 'use_test_set': True}[data_dir] = <class 'str'>(data/warcraft_shortest_path/12x12)
{'evaluate_every': 10, 'loader_params': {'data_dir': 'data/warcraft_shortest_path/12x12', 'evaluate_with_extra': False, 'normalize': True, 'use_local_path': False, 'use_test_set': True}, 'model_dir': 'results/warcraft_shortest_path_baseline', 'num_cpus': 40, 'num_epochs': 150, 'problem_type': 'warcraft_shortest_path', 'ray_params': {}, 'save_visualizations': False, 'seed': 1, 'trainer_name': 'Baseline', 'trainer_params': {'batch_size': 70, 'lr_milestone_1': 100, 'lr_milestone_2': 130, 'model_params': {'arch_params': {}, 'model_name': 'ResNet18'}, 'neighbourhood_fn': '8-grid', 'optimizer_name': 'Adam', 'optimizer_params': {'lr': 0.0005}, 'preload_batch': True, 'use_cuda': True, 'use_lr_scheduling': False}, 'use_ray': True}[seed] = <class 'int'>(4)
{'evaluate_every': 10, 'loader_params': {'data_dir': 'data/warcraft_shortest_path/12x12', 'evaluate_with_extra': False, 'normalize': True, 'use_local_path': False, 'use_test_set': True}, 'model_dir': 'results/warcraft_shortest_path_baseline', 'num_cpus': 40, 'num_epochs': 150, 'problem_type': 'warcraft_shortest_path', 'ray_params': {}, 'save_visualizations': False, 'seed': 4, 'trainer_name': 'Baseline', 'trainer_params': {'batch_size': 70, 'lr_milestone_1': 100, 'lr_milestone_2': 130, 'model_params': {'arch_params': {}, 'model_name': 'ResNet18'}, 'neighbourhood_fn': '8-grid', 'optimizer_name': 'Adam', 'optimizer_params': {'lr': 0.0005}, 'preload_batch': True, 'use_cuda': True, 'use_lr_scheduling': False}, 'use_ray': True}[evaluate_every] = <class 'int'>(1)
{'evaluate_every': 1, 'loader_params': {'data_dir': 'data/warcraft_shortest_path/12x12', 'evaluate_with_extra': False, 'normalize': True, 'use_local_path': False, 'use_test_set': True}, 'model_dir': 'results/warcraft_shortest_path_baseline', 'num_cpus': 40, 'num_epochs': 150, 'problem_type': 'warcraft_shortest_path', 'ray_params': {}, 'save_visualizations': False, 'seed': 4, 'trainer_name': 'Baseline', 'trainer_params': {'batch_size': 70, 'lr_milestone_1': 100, 'lr_milestone_2': 130, 'model_params': {'arch_params': {}, 'model_name': 'ResNet18'}, 'neighbourhood_fn': '8-grid', 'optimizer_name': 'Adam', 'optimizer_params': {'lr': 0.0005}, 'preload_batch': True, 'use_cuda': True, 'use_lr_scheduling': False}, 'use_ray': True}[use_ray] = <class 'bool'>(False)
{'data_dir': 'data/warcraft_shortest_path/12x12', 'evaluate_with_extra': False, 'normalize': True, 'use_local_path': False, 'use_test_set': True}[data_dir] = <class 'str'>(data/warcraft_shortest_path/12x12)
{'evaluate_every': 10, 'loader_params': {'data_dir': 'data/warcraft_shortest_path/12x12', 'evaluate_with_extra': False, 'normalize': True, 'use_local_path': False, 'use_test_set': True}, 'model_dir': 'results/warcraft_shortest_path_baseline', 'num_cpus': 40, 'num_epochs': 150, 'problem_type': 'warcraft_shortest_path', 'ray_params': {}, 'save_visualizations': False, 'seed': 1, 'trainer_name': 'Baseline', 'trainer_params': {'batch_size': 70, 'lr_milestone_1': 100, 'lr_milestone_2': 130, 'model_params': {'arch_params': {}, 'model_name': 'ResNet18'}, 'neighbourhood_fn': '8-grid', 'optimizer_name': 'Adam', 'optimizer_params': {'lr': 0.0005}, 'preload_batch': True, 'use_cuda': True, 'use_lr_scheduling': False}, 'use_ray': True}[seed] = <class 'int'>(4)
{'evaluate_every': 10, 'loader_params': {'data_dir': 'data/warcraft_shortest_path/12x12', 'evaluate_with_extra': False, 'normalize': True, 'use_local_path': False, 'use_test_set': True}, 'model_dir': 'results/warcraft_shortest_path_baseline', 'num_cpus': 40, 'num_epochs': 150, 'problem_type': 'warcraft_shortest_path', 'ray_params': {}, 'save_visualizations': False, 'seed': 4, 'trainer_name': 'Baseline', 'trainer_params': {'batch_size': 70, 'lr_milestone_1': 100, 'lr_milestone_2': 130, 'model_params': {'arch_params': {}, 'model_name': 'ResNet18'}, 'neighbourhood_fn': '8-grid', 'optimizer_name': 'Adam', 'optimizer_params': {'lr': 0.0005}, 'preload_batch': True, 'use_cuda': True, 'use_lr_scheduling': False}, 'use_ray': True}[evaluate_every] = <class 'int'>(1)
{'evaluate_every': 1, 'loader_params': {'data_dir': 'data/warcraft_shortest_path/12x12', 'evaluate_with_extra': False, 'normalize': True, 'use_local_path': False, 'use_test_set': True}, 'model_dir': 'results/warcraft_shortest_path_baseline', 'num_cpus': 40, 'num_epochs': 150, 'problem_type': 'warcraft_shortest_path', 'ray_params': {}, 'save_visualizations': False, 'seed': 4, 'trainer_name': 'Baseline', 'trainer_params': {'batch_size': 70, 'lr_milestone_1': 100, 'lr_milestone_2': 130, 'model_params': {'arch_params': {}, 'model_name': 'ResNet18'}, 'neighbourhood_fn': '8-grid', 'optimizer_name': 'Adam', 'optimizer_params': {'lr': 0.0005}, 'preload_batch': True, 'use_cuda': True, 'use_lr_scheduling': False}, 'use_ray': True}[use_ray] = <class 'bool'>(False)
{
    "evaluate_every": 1,
    "loader_params": {
        "data_dir": "data/warcraft_shortest_path/12x12",
        "evaluate_with_extra": false,
        "normalize": true,
        "use_local_path": false,
        "use_test_set": true
    },
    "model_dir": "results/warcraft_shortest_path_baseline",
    "num_cpus": 40,
    "num_epochs": 150,
    "problem_type": "warcraft_shortest_path",
    "ray_params": {},
    "save_visualizations": false,
    "seed": 4,
    "trainer_name": "Baseline",
    "trainer_params": {
        "batch_size": 70,
        "lr_milestone_1": 100,
        "lr_milestone_2": 130,
        "model_params": {
            "arch_params": {},
            "model_name": "ResNet18"
        },
        "neighbourhood_fn": "8-grid",
        "optimizer_name": "Adam",
        "optimizer_params": {
            "lr": 0.0005
        },
        "preload_batch": true,
        "use_cuda": true,
        "use_lr_scheduling": false
    },
    "use_ray": false
}
EVALUATING
{'loss': 0.8957292109727859, 'accuracy': 0.4952184784412384, 'perfect_match_accuracy': 0.0, 'cost_ratio_suggested_true': 16.631057605743408, 'below_10.0_percent_acc': 0.0, 'below_1.0_percent_acc': 0.0, 'below_0.1_percent_acc': 0.0, 'below_0.01_percent_acc': 0.0, 'below_0.001_percent_acc': 0.0, 'below_0.0001_percent_acc': 0.0, 'valid_acc': 0.0}
Epoch: 1	Batch time (0.281236)	Data time (0.006849)	Cuda time (0.000001)	Loss (0.229613)	Accuracy (0.327493)
EVALUATING
{'loss': 0.18765507578849794, 'accuracy': 0.39415829479694364, 'perfect_match_accuracy': 0.005, 'cost_ratio_suggested_true': 0.7210822933912278, 'below_10.0_percent_acc': 0.008, 'below_1.0_percent_acc': 0.007, 'below_0.1_percent_acc': 0.007, 'below_0.01_percent_acc': 0.007, 'below_0.001_percent_acc': 0.006, 'below_0.0001_percent_acc': 0.006, 'valid_acc': 0.015}
Epoch: 2	Batch time (0.281710)	Data time (0.007573)	Cuda time (0.000001)	Loss (0.160790)	Accuracy (0.501861)
EVALUATING
{'loss': 0.15436130315065383, 'accuracy': 0.545947790145874, 'perfect_match_accuracy': 0.014, 'cost_ratio_suggested_true': 0.908796734213829, 'below_10.0_percent_acc': 0.034, 'below_1.0_percent_acc': 0.021, 'below_0.1_percent_acc': 0.021, 'below_0.01_percent_acc': 0.021, 'below_0.001_percent_acc': 0.017, 'below_0.0001_percent_acc': 0.017, 'valid_acc': 0.07}
Epoch: 3	Batch time (0.277709)	Data time (0.007167)	Cuda time (0.000001)	Loss (0.128757)	Accuracy (0.629504)
EVALUATING
{'loss': 0.131703532114625, 'accuracy': 0.6424991381168366, 'perfect_match_accuracy': 0.026, 'cost_ratio_suggested_true': 1.0204543805122375, 'below_10.0_percent_acc': 0.067, 'below_1.0_percent_acc': 0.028, 'below_0.1_percent_acc': 0.028, 'below_0.01_percent_acc': 0.028, 'below_0.001_percent_acc': 0.027, 'below_0.0001_percent_acc': 0.027, 'valid_acc': 0.143}
Epoch: 4	Batch time (0.272388)	Data time (0.007022)	Cuda time (0.000001)	Loss (0.104120)	Accuracy (0.715039)
EVALUATING
{'loss': 0.1201644116640091, 'accuracy': 0.6798510044813156, 'perfect_match_accuracy': 0.038, 'cost_ratio_suggested_true': 1.0155559945106507, 'below_10.0_percent_acc': 0.122, 'below_1.0_percent_acc': 0.056, 'below_0.1_percent_acc': 0.055, 'below_0.01_percent_acc': 0.055, 'below_0.001_percent_acc': 0.052, 'below_0.0001_percent_acc': 0.052, 'valid_acc': 0.19}
Epoch: 5	Batch time (0.279303)	Data time (0.006965)	Cuda time (0.000001)	Loss (0.084133)	Accuracy (0.779796)
EVALUATING
{'loss': 0.10286856271326542, 'accuracy': 0.7467832034826278, 'perfect_match_accuracy': 0.067, 'cost_ratio_suggested_true': 1.0724781370162964, 'below_10.0_percent_acc': 0.175, 'below_1.0_percent_acc': 0.088, 'below_0.1_percent_acc': 0.085, 'below_0.01_percent_acc': 0.085, 'below_0.001_percent_acc': 0.082, 'below_0.0001_percent_acc': 0.082, 'valid_acc': 0.279}
Epoch: 6	Batch time (0.276410)	Data time (0.007060)	Cuda time (0.000001)	Loss (0.066415)	Accuracy (0.835280)
EVALUATING
{'loss': 0.1071126914024353, 'accuracy': 0.7522741329669952, 'perfect_match_accuracy': 0.084, 'cost_ratio_suggested_true': 1.0765214586257934, 'below_10.0_percent_acc': 0.185, 'below_1.0_percent_acc': 0.104, 'below_0.1_percent_acc': 0.102, 'below_0.01_percent_acc': 0.102, 'below_0.001_percent_acc': 0.097, 'below_0.0001_percent_acc': 0.097, 'valid_acc': 0.277}
Epoch: 7	Batch time (0.276266)	Data time (0.006919)	Cuda time (0.000001)	Loss (0.052555)	Accuracy (0.875997)
EVALUATING
{'loss': 0.10328900307416916, 'accuracy': 0.7786248624324799, 'perfect_match_accuracy': 0.078, 'cost_ratio_suggested_true': 1.0859096837043762, 'below_10.0_percent_acc': 0.225, 'below_1.0_percent_acc': 0.109, 'below_0.1_percent_acc': 0.108, 'below_0.01_percent_acc': 0.108, 'below_0.001_percent_acc': 0.105, 'below_0.0001_percent_acc': 0.105, 'valid_acc': 0.334}
Epoch: 8	Batch time (0.229342)	Data time (0.006688)	Cuda time (0.000001)	Loss (0.042114)	Accuracy (0.906130)
EVALUATING
{'loss': 0.1116667027771473, 'accuracy': 0.7681473958492279, 'perfect_match_accuracy': 0.126, 'cost_ratio_suggested_true': 1.0596214842796325, 'below_10.0_percent_acc': 0.241, 'below_1.0_percent_acc': 0.152, 'below_0.1_percent_acc': 0.15, 'below_0.01_percent_acc': 0.15, 'below_0.001_percent_acc': 0.146, 'below_0.0001_percent_acc': 0.146, 'valid_acc': 0.318}
Epoch: 9	Batch time (0.205090)	Data time (0.006586)	Cuda time (0.000001)	Loss (0.033587)	Accuracy (0.929628)
EVALUATING
{'loss': 0.08580135762691497, 'accuracy': 0.8183209955692291, 'perfect_match_accuracy': 0.188, 'cost_ratio_suggested_true': 1.0466053652763367, 'below_10.0_percent_acc': 0.302, 'below_1.0_percent_acc': 0.213, 'below_0.1_percent_acc': 0.211, 'below_0.01_percent_acc': 0.211, 'below_0.001_percent_acc': 0.207, 'below_0.0001_percent_acc': 0.207, 'valid_acc': 0.384}
Epoch: 10	Batch time (0.197305)	Data time (0.006218)	Cuda time (0.000001)	Loss (0.023469)	Accuracy (0.955363)
EVALUATING
{'loss': 0.0864290976524353, 'accuracy': 0.8279406255483628, 'perfect_match_accuracy': 0.2, 'cost_ratio_suggested_true': 1.039680226445198, 'below_10.0_percent_acc': 0.339, 'below_1.0_percent_acc': 0.239, 'below_0.1_percent_acc': 0.234, 'below_0.01_percent_acc': 0.234, 'below_0.001_percent_acc': 0.229, 'below_0.0001_percent_acc': 0.229, 'valid_acc': 0.396}
Epoch: 11	Batch time (0.198589)	Data time (0.005685)	Cuda time (0.000001)	Loss (0.019518)	Accuracy (0.965239)
EVALUATING
{'loss': 0.08050789039582014, 'accuracy': 0.8360943531990052, 'perfect_match_accuracy': 0.232, 'cost_ratio_suggested_true': 1.015604816675186, 'below_10.0_percent_acc': 0.34, 'below_1.0_percent_acc': 0.266, 'below_0.1_percent_acc': 0.261, 'below_0.01_percent_acc': 0.261, 'below_0.001_percent_acc': 0.253, 'below_0.0001_percent_acc': 0.253, 'valid_acc': 0.386}
Epoch: 12	Batch time (0.198406)	Data time (0.006033)	Cuda time (0.000001)	Loss (0.012691)	Accuracy (0.980967)
EVALUATING
{'loss': 0.07967357274144887, 'accuracy': 0.8477065861225128, 'perfect_match_accuracy': 0.269, 'cost_ratio_suggested_true': 1.0167441636323928, 'below_10.0_percent_acc': 0.4, 'below_1.0_percent_acc': 0.3, 'below_0.1_percent_acc': 0.297, 'below_0.01_percent_acc': 0.297, 'below_0.001_percent_acc': 0.294, 'below_0.0001_percent_acc': 0.294, 'valid_acc': 0.447}
Epoch: 13	Batch time (0.207250)	Data time (0.006103)	Cuda time (0.000001)	Loss (0.008748)	Accuracy (0.989202)
EVALUATING
{'loss': 0.07952472314238548, 'accuracy': 0.8532965672016144, 'perfect_match_accuracy': 0.285, 'cost_ratio_suggested_true': 1.021521013379097, 'below_10.0_percent_acc': 0.414, 'below_1.0_percent_acc': 0.321, 'below_0.1_percent_acc': 0.316, 'below_0.01_percent_acc': 0.316, 'below_0.001_percent_acc': 0.312, 'below_0.0001_percent_acc': 0.312, 'valid_acc': 0.463}
Epoch: 14	Batch time (0.203108)	Data time (0.006998)	Cuda time (0.000001)	Loss (0.006843)	Accuracy (0.992578)
EVALUATING
{'loss': 0.08279105078428983, 'accuracy': 0.8545435690879821, 'perfect_match_accuracy': 0.275, 'cost_ratio_suggested_true': 1.016441640853882, 'below_10.0_percent_acc': 0.4, 'below_1.0_percent_acc': 0.297, 'below_0.1_percent_acc': 0.295, 'below_0.01_percent_acc': 0.295, 'below_0.001_percent_acc': 0.289, 'below_0.0001_percent_acc': 0.289, 'valid_acc': 0.432}
Epoch: 15	Batch time (0.199326)	Data time (0.006597)	Cuda time (0.000001)	Loss (0.005373)	Accuracy (0.994763)
EVALUATING
{'loss': 0.08026272639632225, 'accuracy': 0.8608423471450806, 'perfect_match_accuracy': 0.318, 'cost_ratio_suggested_true': 1.0110393661260604, 'below_10.0_percent_acc': 0.446, 'below_1.0_percent_acc': 0.352, 'below_0.1_percent_acc': 0.348, 'below_0.01_percent_acc': 0.348, 'below_0.001_percent_acc': 0.342, 'below_0.0001_percent_acc': 0.342, 'valid_acc': 0.473}
Epoch: 16	Batch time (0.199434)	Data time (0.006760)	Cuda time (0.000001)	Loss (0.003964)	Accuracy (0.997132)
EVALUATING
{'loss': 0.08111719384789468, 'accuracy': 0.862240224480629, 'perfect_match_accuracy': 0.328, 'cost_ratio_suggested_true': 1.017874814271927, 'below_10.0_percent_acc': 0.457, 'below_1.0_percent_acc': 0.363, 'below_0.1_percent_acc': 0.357, 'below_0.01_percent_acc': 0.357, 'below_0.001_percent_acc': 0.352, 'below_0.0001_percent_acc': 0.352, 'valid_acc': 0.48}
Epoch: 17	Batch time (0.199338)	Data time (0.006133)	Cuda time (0.000001)	Loss (0.003164)	Accuracy (0.997851)
EVALUATING
{'loss': 0.08225892063230276, 'accuracy': 0.865273072719574, 'perfect_match_accuracy': 0.333, 'cost_ratio_suggested_true': 1.0032318419218063, 'below_10.0_percent_acc': 0.47, 'below_1.0_percent_acc': 0.368, 'below_0.1_percent_acc': 0.364, 'below_0.01_percent_acc': 0.364, 'below_0.001_percent_acc': 0.359, 'below_0.0001_percent_acc': 0.359, 'valid_acc': 0.498}
Epoch: 18	Batch time (0.197526)	Data time (0.006069)	Cuda time (0.000001)	Loss (0.002622)	Accuracy (0.998285)
EVALUATING
{'loss': 0.08094864822924137, 'accuracy': 0.8689129835367203, 'perfect_match_accuracy': 0.348, 'cost_ratio_suggested_true': 1.0128117454051973, 'below_10.0_percent_acc': 0.482, 'below_1.0_percent_acc': 0.384, 'below_0.1_percent_acc': 0.381, 'below_0.01_percent_acc': 0.381, 'below_0.001_percent_acc': 0.375, 'below_0.0001_percent_acc': 0.375, 'valid_acc': 0.509}
Epoch: 19	Batch time (0.196850)	Data time (0.005810)	Cuda time (0.000001)	Loss (0.002180)	Accuracy (0.998814)
EVALUATING
{'loss': 0.08372653663158416, 'accuracy': 0.8683028155565262, 'perfect_match_accuracy': 0.343, 'cost_ratio_suggested_true': 1.00976786673069, 'below_10.0_percent_acc': 0.477, 'below_1.0_percent_acc': 0.371, 'below_0.1_percent_acc': 0.367, 'below_0.01_percent_acc': 0.367, 'below_0.001_percent_acc': 0.364, 'below_0.0001_percent_acc': 0.364, 'valid_acc': 0.498}
Epoch: 20	Batch time (0.208185)	Data time (0.005262)	Cuda time (0.000001)	Loss (0.001810)	Accuracy (0.999123)
EVALUATING
{'loss': 0.0830925678089261, 'accuracy': 0.8697850978374482, 'perfect_match_accuracy': 0.364, 'cost_ratio_suggested_true': 1.0136313992738724, 'below_10.0_percent_acc': 0.487, 'below_1.0_percent_acc': 0.393, 'below_0.1_percent_acc': 0.387, 'below_0.01_percent_acc': 0.387, 'below_0.001_percent_acc': 0.38, 'below_0.0001_percent_acc': 0.38, 'valid_acc': 0.504}
Epoch: 21	Batch time (0.209562)	Data time (0.008482)	Cuda time (0.000001)	Loss (0.001424)	Accuracy (0.999418)
EVALUATING
{'loss': 0.08355347506701946, 'accuracy': 0.8696816098690033, 'perfect_match_accuracy': 0.367, 'cost_ratio_suggested_true': 0.9997817146778106, 'below_10.0_percent_acc': 0.5, 'below_1.0_percent_acc': 0.404, 'below_0.1_percent_acc': 0.401, 'below_0.01_percent_acc': 0.401, 'below_0.001_percent_acc': 0.394, 'below_0.0001_percent_acc': 0.394, 'valid_acc': 0.511}
Epoch: 22	Batch time (0.197565)	Data time (0.006248)	Cuda time (0.000001)	Loss (0.001275)	Accuracy (0.999467)
EVALUATING
{'loss': 0.085249581374228, 'accuracy': 0.8720312941074372, 'perfect_match_accuracy': 0.359, 'cost_ratio_suggested_true': 1.0158711796998978, 'below_10.0_percent_acc': 0.484, 'below_1.0_percent_acc': 0.393, 'below_0.1_percent_acc': 0.387, 'below_0.01_percent_acc': 0.387, 'below_0.001_percent_acc': 0.379, 'below_0.0001_percent_acc': 0.379, 'valid_acc': 0.514}
Epoch: 23	Batch time (0.197467)	Data time (0.005677)	Cuda time (0.000001)	Loss (0.003508)	Accuracy (0.995673)
EVALUATING
{'loss': 0.23323981940746308, 'accuracy': 0.7373398840427399, 'perfect_match_accuracy': 0.059, 'cost_ratio_suggested_true': 1.0809500807523726, 'below_10.0_percent_acc': 0.183, 'below_1.0_percent_acc': 0.086, 'below_0.1_percent_acc': 0.082, 'below_0.01_percent_acc': 0.082, 'below_0.001_percent_acc': 0.081, 'below_0.0001_percent_acc': 0.081, 'valid_acc': 0.229}
Epoch: 24	Batch time (0.209974)	Data time (0.006673)	Cuda time (0.000001)	Loss (0.056656)	Accuracy (0.881551)
EVALUATING
{'loss': 0.10316076047718525, 'accuracy': 0.8172486764192581, 'perfect_match_accuracy': 0.149, 'cost_ratio_suggested_true': 1.062368807196617, 'below_10.0_percent_acc': 0.273, 'below_1.0_percent_acc': 0.177, 'below_0.1_percent_acc': 0.173, 'below_0.01_percent_acc': 0.173, 'below_0.001_percent_acc': 0.168, 'below_0.0001_percent_acc': 0.168, 'valid_acc': 0.336}
Epoch: 25	Batch time (0.210420)	Data time (0.007182)	Cuda time (0.000001)	Loss (0.016735)	Accuracy (0.969625)
EVALUATING
{'loss': 0.09059412840753794, 'accuracy': 0.8525990599393845, 'perfect_match_accuracy': 0.312, 'cost_ratio_suggested_true': 1.040453133583069, 'below_10.0_percent_acc': 0.447, 'below_1.0_percent_acc': 0.348, 'below_0.1_percent_acc': 0.343, 'below_0.01_percent_acc': 0.343, 'below_0.001_percent_acc': 0.341, 'below_0.0001_percent_acc': 0.341, 'valid_acc': 0.49}
Epoch: 26	Batch time (0.205918)	Data time (0.008118)	Cuda time (0.000001)	Loss (0.005346)	Accuracy (0.993338)
EVALUATING
{'loss': 0.08368525892496109, 'accuracy': 0.870537548661232, 'perfect_match_accuracy': 0.355, 'cost_ratio_suggested_true': 1.028394101858139, 'below_10.0_percent_acc': 0.486, 'below_1.0_percent_acc': 0.389, 'below_0.1_percent_acc': 0.382, 'below_0.01_percent_acc': 0.382, 'below_0.001_percent_acc': 0.376, 'below_0.0001_percent_acc': 0.376, 'valid_acc': 0.524}
Epoch: 27	Batch time (0.223281)	Data time (0.008305)	Cuda time (0.000001)	Loss (0.002037)	Accuracy (0.998955)
EVALUATING
{'loss': 0.0806977715343237, 'accuracy': 0.8746358919143676, 'perfect_match_accuracy': 0.374, 'cost_ratio_suggested_true': 1.0123687785863877, 'below_10.0_percent_acc': 0.508, 'below_1.0_percent_acc': 0.404, 'below_0.1_percent_acc': 0.402, 'below_0.01_percent_acc': 0.402, 'below_0.001_percent_acc': 0.395, 'below_0.0001_percent_acc': 0.395, 'valid_acc': 0.53}
Epoch: 28	Batch time (0.239059)	Data time (0.008297)	Cuda time (0.000001)	Loss (0.001053)	Accuracy (0.999872)
EVALUATING
{'loss': 0.0813290173187852, 'accuracy': 0.880085072517395, 'perfect_match_accuracy': 0.405, 'cost_ratio_suggested_true': 1.0207529789209366, 'below_10.0_percent_acc': 0.517, 'below_1.0_percent_acc': 0.437, 'below_0.1_percent_acc': 0.432, 'below_0.01_percent_acc': 0.432, 'below_0.001_percent_acc': 0.424, 'below_0.0001_percent_acc': 0.424, 'valid_acc': 0.549}
Epoch: 29	Batch time (0.270579)	Data time (0.007925)	Cuda time (0.000001)	Loss (0.000718)	Accuracy (0.999948)
EVALUATING
{'loss': 0.08093808010220528, 'accuracy': 0.8800850290060044, 'perfect_match_accuracy': 0.412, 'cost_ratio_suggested_true': 1.0140586584806441, 'below_10.0_percent_acc': 0.525, 'below_1.0_percent_acc': 0.442, 'below_0.1_percent_acc': 0.438, 'below_0.01_percent_acc': 0.438, 'below_0.001_percent_acc': 0.429, 'below_0.0001_percent_acc': 0.429, 'valid_acc': 0.55}
Epoch: 30	Batch time (0.274319)	Data time (0.007168)	Cuda time (0.000001)	Loss (0.000575)	Accuracy (1.000000)
EVALUATING
{'loss': 0.08201662056148053, 'accuracy': 0.8808589375019074, 'perfect_match_accuracy': 0.409, 'cost_ratio_suggested_true': 1.0121906757354737, 'below_10.0_percent_acc': 0.526, 'below_1.0_percent_acc': 0.443, 'below_0.1_percent_acc': 0.439, 'below_0.01_percent_acc': 0.439, 'below_0.001_percent_acc': 0.43, 'below_0.0001_percent_acc': 0.43, 'valid_acc': 0.543}
Epoch: 31	Batch time (0.269919)	Data time (0.007193)	Cuda time (0.000002)	Loss (0.000469)	Accuracy (1.000000)
EVALUATING
{'loss': 0.08379185177385808, 'accuracy': 0.8782193422317505, 'perfect_match_accuracy': 0.409, 'cost_ratio_suggested_true': 1.0113666969537736, 'below_10.0_percent_acc': 0.521, 'below_1.0_percent_acc': 0.441, 'below_0.1_percent_acc': 0.438, 'below_0.01_percent_acc': 0.438, 'below_0.001_percent_acc': 0.429, 'below_0.0001_percent_acc': 0.429, 'valid_acc': 0.542}
Epoch: 32	Batch time (0.274366)	Data time (0.007033)	Cuda time (0.000001)	Loss (0.000411)	Accuracy (0.999994)
EVALUATING
{'loss': 0.08477661725133658, 'accuracy': 0.8786332815885544, 'perfect_match_accuracy': 0.418, 'cost_ratio_suggested_true': 1.0154798299074173, 'below_10.0_percent_acc': 0.533, 'below_1.0_percent_acc': 0.45, 'below_0.1_percent_acc': 0.446, 'below_0.01_percent_acc': 0.446, 'below_0.001_percent_acc': 0.438, 'below_0.0001_percent_acc': 0.438, 'valid_acc': 0.557}
Epoch: 33	Batch time (0.269622)	Data time (0.006909)	Cuda time (0.000001)	Loss (0.000365)	Accuracy (1.000000)
EVALUATING
{'loss': 0.08452706944197416, 'accuracy': 0.8795572185516357, 'perfect_match_accuracy': 0.412, 'cost_ratio_suggested_true': 1.0129512107372285, 'below_10.0_percent_acc': 0.521, 'below_1.0_percent_acc': 0.443, 'below_0.1_percent_acc': 0.439, 'below_0.01_percent_acc': 0.439, 'below_0.001_percent_acc': 0.43, 'below_0.0001_percent_acc': 0.43, 'valid_acc': 0.538}
Epoch: 34	Batch time (0.267121)	Data time (0.007071)	Cuda time (0.000001)	Loss (0.000320)	Accuracy (1.000000)
EVALUATING
{'loss': 0.08522187039256096, 'accuracy': 0.8801219409704208, 'perfect_match_accuracy': 0.411, 'cost_ratio_suggested_true': 1.0150912016630174, 'below_10.0_percent_acc': 0.526, 'below_1.0_percent_acc': 0.447, 'below_0.1_percent_acc': 0.442, 'below_0.01_percent_acc': 0.442, 'below_0.001_percent_acc': 0.433, 'below_0.0001_percent_acc': 0.433, 'valid_acc': 0.542}
Epoch: 35	Batch time (0.274483)	Data time (0.006988)	Cuda time (0.000001)	Loss (0.000296)	Accuracy (0.999994)
EVALUATING
{'loss': 0.08702585220336914, 'accuracy': 0.8792296087741852, 'perfect_match_accuracy': 0.421, 'cost_ratio_suggested_true': 1.0120695877075194, 'below_10.0_percent_acc': 0.534, 'below_1.0_percent_acc': 0.454, 'below_0.1_percent_acc': 0.453, 'below_0.01_percent_acc': 0.453, 'below_0.001_percent_acc': 0.444, 'below_0.0001_percent_acc': 0.444, 'valid_acc': 0.552}
Epoch: 36	Batch time (0.273496)	Data time (0.006915)	Cuda time (0.000001)	Loss (0.000259)	Accuracy (1.000000)
EVALUATING
{'loss': 0.08720584370195866, 'accuracy': 0.8810571771860123, 'perfect_match_accuracy': 0.419, 'cost_ratio_suggested_true': 1.0153144270181655, 'below_10.0_percent_acc': 0.529, 'below_1.0_percent_acc': 0.452, 'below_0.1_percent_acc': 0.449, 'below_0.01_percent_acc': 0.449, 'below_0.001_percent_acc': 0.44, 'below_0.0001_percent_acc': 0.44, 'valid_acc': 0.545}
Epoch: 37	Batch time (0.266671)	Data time (0.006903)	Cuda time (0.000001)	Loss (0.000224)	Accuracy (1.000000)
EVALUATING
{'loss': 0.0877095491066575, 'accuracy': 0.8809702855348587, 'perfect_match_accuracy': 0.423, 'cost_ratio_suggested_true': 1.0144142252206803, 'below_10.0_percent_acc': 0.534, 'below_1.0_percent_acc': 0.458, 'below_0.1_percent_acc': 0.455, 'below_0.01_percent_acc': 0.455, 'below_0.001_percent_acc': 0.446, 'below_0.0001_percent_acc': 0.446, 'valid_acc': 0.554}
Epoch: 38	Batch time (0.274190)	Data time (0.006761)	Cuda time (0.000001)	Loss (0.000206)	Accuracy (0.999987)
EVALUATING
{'loss': 0.08813518226146698, 'accuracy': 0.8817238050699234, 'perfect_match_accuracy': 0.423, 'cost_ratio_suggested_true': 1.0126814275979996, 'below_10.0_percent_acc': 0.533, 'below_1.0_percent_acc': 0.45, 'below_0.1_percent_acc': 0.449, 'below_0.01_percent_acc': 0.449, 'below_0.001_percent_acc': 0.441, 'below_0.0001_percent_acc': 0.441, 'valid_acc': 0.552}
Epoch: 39	Batch time (0.272208)	Data time (0.006933)	Cuda time (0.000001)	Loss (0.000198)	Accuracy (0.999987)
EVALUATING
{'loss': 0.09037684075534344, 'accuracy': 0.8803153991699219, 'perfect_match_accuracy': 0.413, 'cost_ratio_suggested_true': 1.0234359925985337, 'below_10.0_percent_acc': 0.529, 'below_1.0_percent_acc': 0.451, 'below_0.1_percent_acc': 0.447, 'below_0.01_percent_acc': 0.447, 'below_0.001_percent_acc': 0.438, 'below_0.0001_percent_acc': 0.438, 'valid_acc': 0.551}
Epoch: 40	Batch time (0.276992)	Data time (0.006972)	Cuda time (0.000001)	Loss (0.000173)	Accuracy (0.999981)
EVALUATING
{'loss': 0.0893240551277995, 'accuracy': 0.8797884929180145, 'perfect_match_accuracy': 0.418, 'cost_ratio_suggested_true': 1.014356564283371, 'below_10.0_percent_acc': 0.529, 'below_1.0_percent_acc': 0.451, 'below_0.1_percent_acc': 0.447, 'below_0.01_percent_acc': 0.447, 'below_0.001_percent_acc': 0.438, 'below_0.0001_percent_acc': 0.438, 'valid_acc': 0.541}
Epoch: 41	Batch time (0.271957)	Data time (0.007004)	Cuda time (0.000001)	Loss (0.000175)	Accuracy (0.999987)
EVALUATING
{'loss': 0.09170935042202473, 'accuracy': 0.8794428485631943, 'perfect_match_accuracy': 0.415, 'cost_ratio_suggested_true': 1.011564264893532, 'below_10.0_percent_acc': 0.523, 'below_1.0_percent_acc': 0.451, 'below_0.1_percent_acc': 0.448, 'below_0.01_percent_acc': 0.448, 'below_0.001_percent_acc': 0.44, 'below_0.0001_percent_acc': 0.44, 'valid_acc': 0.545}
Epoch: 42	Batch time (0.264835)	Data time (0.006796)	Cuda time (0.000001)	Loss (0.000230)	Accuracy (0.999943)
EVALUATING
{'loss': 0.0930128739029169, 'accuracy': 0.8785908496379853, 'perfect_match_accuracy': 0.427, 'cost_ratio_suggested_true': 1.0136345940828324, 'below_10.0_percent_acc': 0.536, 'below_1.0_percent_acc': 0.468, 'below_0.1_percent_acc': 0.465, 'below_0.01_percent_acc': 0.465, 'below_0.001_percent_acc': 0.455, 'below_0.0001_percent_acc': 0.455, 'valid_acc': 0.554}
Epoch: 43	Batch time (0.269739)	Data time (0.006822)	Cuda time (0.000001)	Loss (0.000188)	Accuracy (0.999955)
EVALUATING
{'loss': 0.09498952284455299, 'accuracy': 0.8763066273927689, 'perfect_match_accuracy': 0.418, 'cost_ratio_suggested_true': 1.009683956503868, 'below_10.0_percent_acc': 0.524, 'below_1.0_percent_acc': 0.447, 'below_0.1_percent_acc': 0.443, 'below_0.01_percent_acc': 0.443, 'below_0.001_percent_acc': 0.435, 'below_0.0001_percent_acc': 0.435, 'valid_acc': 0.539}
Epoch: 44	Batch time (0.274455)	Data time (0.006976)	Cuda time (0.000001)	Loss (0.001004)	Accuracy (0.998854)
EVALUATING
{'loss': 0.20747370526194572, 'accuracy': 0.8131304490566253, 'perfect_match_accuracy': 0.194, 'cost_ratio_suggested_true': 1.0816788506507873, 'below_10.0_percent_acc': 0.34, 'below_1.0_percent_acc': 0.22, 'below_0.1_percent_acc': 0.218, 'below_0.01_percent_acc': 0.218, 'below_0.001_percent_acc': 0.214, 'below_0.0001_percent_acc': 0.214, 'valid_acc': 0.411}
Epoch: 45	Batch time (0.270430)	Data time (0.007057)	Cuda time (0.000002)	Loss (0.048048)	Accuracy (0.905957)
EVALUATING
{'loss': 0.09659699365496635, 'accuracy': 0.8350715309381485, 'perfect_match_accuracy': 0.206, 'cost_ratio_suggested_true': 1.0516435086727143, 'below_10.0_percent_acc': 0.344, 'below_1.0_percent_acc': 0.243, 'below_0.1_percent_acc': 0.242, 'below_0.01_percent_acc': 0.242, 'below_0.001_percent_acc': 0.236, 'below_0.0001_percent_acc': 0.236, 'valid_acc': 0.405}
Epoch: 46	Batch time (0.273664)	Data time (0.006894)	Cuda time (0.000001)	Loss (0.011734)	Accuracy (0.979324)
EVALUATING
{'loss': 0.09712321564555168, 'accuracy': 0.855108842253685, 'perfect_match_accuracy': 0.277, 'cost_ratio_suggested_true': 1.0316624718904495, 'below_10.0_percent_acc': 0.418, 'below_1.0_percent_acc': 0.319, 'below_0.1_percent_acc': 0.316, 'below_0.01_percent_acc': 0.316, 'below_0.001_percent_acc': 0.312, 'below_0.0001_percent_acc': 0.312, 'valid_acc': 0.466}
Epoch: 47	Batch time (0.273620)	Data time (0.007031)	Cuda time (0.000002)	Loss (0.004204)	Accuracy (0.994295)
EVALUATING
{'loss': 0.08653970465064048, 'accuracy': 0.8773502957820892, 'perfect_match_accuracy': 0.37, 'cost_ratio_suggested_true': 1.0339730232954025, 'below_10.0_percent_acc': 0.523, 'below_1.0_percent_acc': 0.409, 'below_0.1_percent_acc': 0.405, 'below_0.01_percent_acc': 0.405, 'below_0.001_percent_acc': 0.398, 'below_0.0001_percent_acc': 0.398, 'valid_acc': 0.558}
Epoch: 48	Batch time (0.278263)	Data time (0.007173)	Cuda time (0.000001)	Loss (0.001208)	Accuracy (0.999276)
EVALUATING
{'loss': 0.08443500589579343, 'accuracy': 0.8811349856853485, 'perfect_match_accuracy': 0.388, 'cost_ratio_suggested_true': 1.00997997879982, 'below_10.0_percent_acc': 0.509, 'below_1.0_percent_acc': 0.421, 'below_0.1_percent_acc': 0.415, 'below_0.01_percent_acc': 0.415, 'below_0.001_percent_acc': 0.412, 'below_0.0001_percent_acc': 0.412, 'valid_acc': 0.533}
Epoch: 49	Batch time (0.274156)	Data time (0.006970)	Cuda time (0.000001)	Loss (0.000678)	Accuracy (0.999826)
EVALUATING
{'loss': 0.0849049225077033, 'accuracy': 0.8832998812198639, 'perfect_match_accuracy': 0.41, 'cost_ratio_suggested_true': 1.0139881259202956, 'below_10.0_percent_acc': 0.549, 'below_1.0_percent_acc': 0.445, 'below_0.1_percent_acc': 0.439, 'below_0.01_percent_acc': 0.439, 'below_0.001_percent_acc': 0.429, 'below_0.0001_percent_acc': 0.429, 'valid_acc': 0.571}
Epoch: 50	Batch time (0.276667)	Data time (0.007147)	Cuda time (0.000001)	Loss (0.000380)	Accuracy (0.999987)
EVALUATING
{'loss': 0.08516999810934067, 'accuracy': 0.8831693696975708, 'perfect_match_accuracy': 0.412, 'cost_ratio_suggested_true': 1.0134788900613785, 'below_10.0_percent_acc': 0.531, 'below_1.0_percent_acc': 0.447, 'below_0.1_percent_acc': 0.441, 'below_0.01_percent_acc': 0.441, 'below_0.001_percent_acc': 0.433, 'below_0.0001_percent_acc': 0.433, 'valid_acc': 0.552}
Epoch: 51	Batch time (0.273851)	Data time (0.007103)	Cuda time (0.000001)	Loss (0.000290)	Accuracy (1.000000)
EVALUATING
{'loss': 0.08493571095168591, 'accuracy': 0.8861068212985992, 'perfect_match_accuracy': 0.414, 'cost_ratio_suggested_true': 1.0110228753089905, 'below_10.0_percent_acc': 0.538, 'below_1.0_percent_acc': 0.453, 'below_0.1_percent_acc': 0.448, 'below_0.01_percent_acc': 0.448, 'below_0.001_percent_acc': 0.437, 'below_0.0001_percent_acc': 0.437, 'valid_acc': 0.562}
Epoch: 52	Batch time (0.275970)	Data time (0.007095)	Cuda time (0.000001)	Loss (0.000241)	Accuracy (0.999994)
EVALUATING
{'loss': 0.08609980333596468, 'accuracy': 0.8853798949718475, 'perfect_match_accuracy': 0.434, 'cost_ratio_suggested_true': 1.0119809997081757, 'below_10.0_percent_acc': 0.55, 'below_1.0_percent_acc': 0.472, 'below_0.1_percent_acc': 0.466, 'below_0.01_percent_acc': 0.466, 'below_0.001_percent_acc': 0.457, 'below_0.0001_percent_acc': 0.457, 'valid_acc': 0.573}
Epoch: 53	Batch time (0.275193)	Data time (0.007049)	Cuda time (0.000001)	Loss (0.000213)	Accuracy (1.000000)
EVALUATING
{'loss': 0.0873863286152482, 'accuracy': 0.8853357803821563, 'perfect_match_accuracy': 0.425, 'cost_ratio_suggested_true': 1.010557541847229, 'below_10.0_percent_acc': 0.555, 'below_1.0_percent_acc': 0.466, 'below_0.1_percent_acc': 0.459, 'below_0.01_percent_acc': 0.459, 'below_0.001_percent_acc': 0.449, 'below_0.0001_percent_acc': 0.449, 'valid_acc': 0.579}
Epoch: 54	Batch time (0.272399)	Data time (0.007282)	Cuda time (0.000002)	Loss (0.000186)	Accuracy (0.999994)
EVALUATING
{'loss': 0.08838610168546439, 'accuracy': 0.8850214540958404, 'perfect_match_accuracy': 0.433, 'cost_ratio_suggested_true': 1.0102844166755676, 'below_10.0_percent_acc': 0.547, 'below_1.0_percent_acc': 0.474, 'below_0.1_percent_acc': 0.466, 'below_0.01_percent_acc': 0.466, 'below_0.001_percent_acc': 0.456, 'below_0.0001_percent_acc': 0.456, 'valid_acc': 0.57}
Epoch: 55	Batch time (0.276955)	Data time (0.007316)	Cuda time (0.000002)	Loss (0.000165)	Accuracy (1.000000)
EVALUATING
{'loss': 0.08886280227452517, 'accuracy': 0.8860764348506928, 'perfect_match_accuracy': 0.431, 'cost_ratio_suggested_true': 1.010197942852974, 'below_10.0_percent_acc': 0.547, 'below_1.0_percent_acc': 0.471, 'below_0.1_percent_acc': 0.464, 'below_0.01_percent_acc': 0.464, 'below_0.001_percent_acc': 0.454, 'below_0.0001_percent_acc': 0.454, 'valid_acc': 0.572}
Epoch: 56	Batch time (0.270843)	Data time (0.007424)	Cuda time (0.000002)	Loss (0.000147)	Accuracy (1.000000)
EVALUATING
{'loss': 0.08955688070505857, 'accuracy': 0.8870134043693543, 'perfect_match_accuracy': 0.437, 'cost_ratio_suggested_true': 1.011790702342987, 'below_10.0_percent_acc': 0.558, 'below_1.0_percent_acc': 0.479, 'below_0.1_percent_acc': 0.473, 'below_0.01_percent_acc': 0.473, 'below_0.001_percent_acc': 0.462, 'below_0.0001_percent_acc': 0.462, 'valid_acc': 0.585}
Epoch: 57	Batch time (0.265434)	Data time (0.007125)	Cuda time (0.000001)	Loss (0.000136)	Accuracy (1.000000)
EVALUATING
{'loss': 0.09037392918020487, 'accuracy': 0.8865485060214996, 'perfect_match_accuracy': 0.425, 'cost_ratio_suggested_true': 1.0137756544351577, 'below_10.0_percent_acc': 0.554, 'below_1.0_percent_acc': 0.462, 'below_0.1_percent_acc': 0.456, 'below_0.01_percent_acc': 0.456, 'below_0.001_percent_acc': 0.447, 'below_0.0001_percent_acc': 0.447, 'valid_acc': 0.574}
Epoch: 58	Batch time (0.271794)	Data time (0.007326)	Cuda time (0.000002)	Loss (0.000122)	Accuracy (0.999994)
EVALUATING
{'loss': 0.09128414649516343, 'accuracy': 0.8864837747812271, 'perfect_match_accuracy': 0.436, 'cost_ratio_suggested_true': 1.0092776644229888, 'below_10.0_percent_acc': 0.557, 'below_1.0_percent_acc': 0.474, 'below_0.1_percent_acc': 0.467, 'below_0.01_percent_acc': 0.467, 'below_0.001_percent_acc': 0.456, 'below_0.0001_percent_acc': 0.456, 'valid_acc': 0.58}
Epoch: 59	Batch time (0.273998)	Data time (0.007260)	Cuda time (0.000002)	Loss (0.000108)	Accuracy (1.000000)
EVALUATING
{'loss': 0.09077155943959951, 'accuracy': 0.8863813591003418, 'perfect_match_accuracy': 0.447, 'cost_ratio_suggested_true': 1.0090267884731292, 'below_10.0_percent_acc': 0.557, 'below_1.0_percent_acc': 0.484, 'below_0.1_percent_acc': 0.479, 'below_0.01_percent_acc': 0.479, 'below_0.001_percent_acc': 0.469, 'below_0.0001_percent_acc': 0.469, 'valid_acc': 0.577}
Epoch: 60	Batch time (0.280352)	Data time (0.007133)	Cuda time (0.000002)	Loss (0.000099)	Accuracy (1.000000)
EVALUATING
{'loss': 0.09261552732437849, 'accuracy': 0.8859636622667313, 'perfect_match_accuracy': 0.442, 'cost_ratio_suggested_true': 1.0088544070720673, 'below_10.0_percent_acc': 0.562, 'below_1.0_percent_acc': 0.48, 'below_0.1_percent_acc': 0.475, 'below_0.01_percent_acc': 0.475, 'below_0.001_percent_acc': 0.464, 'below_0.0001_percent_acc': 0.464, 'valid_acc': 0.584}
Epoch: 61	Batch time (0.254157)	Data time (0.007036)	Cuda time (0.000002)	Loss (0.000090)	Accuracy (1.000000)
EVALUATING
{'loss': 0.09259832613170146, 'accuracy': 0.8876422423124314, 'perfect_match_accuracy': 0.45, 'cost_ratio_suggested_true': 1.0103004682064056, 'below_10.0_percent_acc': 0.569, 'below_1.0_percent_acc': 0.491, 'below_0.1_percent_acc': 0.486, 'below_0.01_percent_acc': 0.486, 'below_0.001_percent_acc': 0.475, 'below_0.0001_percent_acc': 0.475, 'valid_acc': 0.591}
Epoch: 62	Batch time (0.200140)	Data time (0.007284)	Cuda time (0.000001)	Loss (0.000082)	Accuracy (1.000000)
EVALUATING
{'loss': 0.09358125478029251, 'accuracy': 0.8879643434286117, 'perfect_match_accuracy': 0.449, 'cost_ratio_suggested_true': 1.0111845499277115, 'below_10.0_percent_acc': 0.578, 'below_1.0_percent_acc': 0.492, 'below_0.1_percent_acc': 0.486, 'below_0.01_percent_acc': 0.486, 'below_0.001_percent_acc': 0.475, 'below_0.0001_percent_acc': 0.475, 'valid_acc': 0.598}
Epoch: 63	Batch time (0.201101)	Data time (0.006548)	Cuda time (0.000001)	Loss (0.000079)	Accuracy (1.000000)
EVALUATING
{'loss': 0.09354059614241123, 'accuracy': 0.8881668174266815, 'perfect_match_accuracy': 0.457, 'cost_ratio_suggested_true': 1.0089916610717773, 'below_10.0_percent_acc': 0.579, 'below_1.0_percent_acc': 0.496, 'below_0.1_percent_acc': 0.49, 'below_0.01_percent_acc': 0.49, 'below_0.001_percent_acc': 0.48, 'below_0.0001_percent_acc': 0.48, 'valid_acc': 0.604}
Epoch: 64	Batch time (0.199653)	Data time (0.006510)	Cuda time (0.000001)	Loss (0.000074)	Accuracy (1.000000)
EVALUATING
{'loss': 0.09489757996052503, 'accuracy': 0.887778233885765, 'perfect_match_accuracy': 0.455, 'cost_ratio_suggested_true': 1.011201315522194, 'below_10.0_percent_acc': 0.567, 'below_1.0_percent_acc': 0.493, 'below_0.1_percent_acc': 0.489, 'below_0.01_percent_acc': 0.489, 'below_0.001_percent_acc': 0.48, 'below_0.0001_percent_acc': 0.48, 'valid_acc': 0.59}
Epoch: 65	Batch time (0.222516)	Data time (0.006468)	Cuda time (0.000001)	Loss (0.000067)	Accuracy (1.000000)
EVALUATING
{'loss': 0.0957494305819273, 'accuracy': 0.8893860232830048, 'perfect_match_accuracy': 0.453, 'cost_ratio_suggested_true': 1.0137875723838805, 'below_10.0_percent_acc': 0.569, 'below_1.0_percent_acc': 0.492, 'below_0.1_percent_acc': 0.486, 'below_0.01_percent_acc': 0.486, 'below_0.001_percent_acc': 0.475, 'below_0.0001_percent_acc': 0.475, 'valid_acc': 0.593}
Epoch: 66	Batch time (0.215489)	Data time (0.008871)	Cuda time (0.000001)	Loss (0.000063)	Accuracy (1.000000)
EVALUATING
{'loss': 0.09615050915628671, 'accuracy': 0.889388462305069, 'perfect_match_accuracy': 0.457, 'cost_ratio_suggested_true': 1.0126707822084426, 'below_10.0_percent_acc': 0.564, 'below_1.0_percent_acc': 0.493, 'below_0.1_percent_acc': 0.49, 'below_0.01_percent_acc': 0.49, 'below_0.001_percent_acc': 0.481, 'below_0.0001_percent_acc': 0.481, 'valid_acc': 0.59}
Epoch: 67	Batch time (0.220990)	Data time (0.007539)	Cuda time (0.000001)	Loss (0.000060)	Accuracy (0.999994)
EVALUATING
{'loss': 0.09946944072842598, 'accuracy': 0.8858297795057297, 'perfect_match_accuracy': 0.442, 'cost_ratio_suggested_true': 1.0128965413570403, 'below_10.0_percent_acc': 0.563, 'below_1.0_percent_acc': 0.478, 'below_0.1_percent_acc': 0.472, 'below_0.01_percent_acc': 0.472, 'below_0.001_percent_acc': 0.46, 'below_0.0001_percent_acc': 0.46, 'valid_acc': 0.583}
Epoch: 68	Batch time (0.230336)	Data time (0.009580)	Cuda time (0.000001)	Loss (0.038572)	Accuracy (0.929429)
EVALUATING
{'loss': 0.10624702267348766, 'accuracy': 0.8368548774719238, 'perfect_match_accuracy': 0.242, 'cost_ratio_suggested_true': 1.0490439170598984, 'below_10.0_percent_acc': 0.383, 'below_1.0_percent_acc': 0.263, 'below_0.1_percent_acc': 0.258, 'below_0.01_percent_acc': 0.258, 'below_0.001_percent_acc': 0.255, 'below_0.0001_percent_acc': 0.255, 'valid_acc': 0.45}
Epoch: 69	Batch time (0.226338)	Data time (0.008375)	Cuda time (0.000001)	Loss (0.010819)	Accuracy (0.981646)
EVALUATING
{'loss': 0.08992782730609178, 'accuracy': 0.8681358283758164, 'perfect_match_accuracy': 0.313, 'cost_ratio_suggested_true': 1.0406558209657668, 'below_10.0_percent_acc': 0.489, 'below_1.0_percent_acc': 0.361, 'below_0.1_percent_acc': 0.353, 'below_0.01_percent_acc': 0.353, 'below_0.001_percent_acc': 0.345, 'below_0.0001_percent_acc': 0.345, 'valid_acc': 0.544}
Epoch: 70	Batch time (0.226043)	Data time (0.009336)	Cuda time (0.000001)	Loss (0.003707)	Accuracy (0.995086)
EVALUATING
{'loss': 0.09501152288168668, 'accuracy': 0.8707469201087952, 'perfect_match_accuracy': 0.35, 'cost_ratio_suggested_true': 1.026398103237152, 'below_10.0_percent_acc': 0.496, 'below_1.0_percent_acc': 0.385, 'below_0.1_percent_acc': 0.382, 'below_0.01_percent_acc': 0.382, 'below_0.001_percent_acc': 0.377, 'below_0.0001_percent_acc': 0.377, 'valid_acc': 0.527}
Epoch: 71	Batch time (0.200238)	Data time (0.007415)	Cuda time (0.000001)	Loss (0.001343)	Accuracy (0.998815)
EVALUATING
{'loss': 0.08675591614097357, 'accuracy': 0.8808593779802323, 'perfect_match_accuracy': 0.413, 'cost_ratio_suggested_true': 1.0177499294281005, 'below_10.0_percent_acc': 0.568, 'below_1.0_percent_acc': 0.452, 'below_0.1_percent_acc': 0.447, 'below_0.01_percent_acc': 0.447, 'below_0.001_percent_acc': 0.44, 'below_0.0001_percent_acc': 0.44, 'valid_acc': 0.595}
Epoch: 72	Batch time (0.197802)	Data time (0.007057)	Cuda time (0.000001)	Loss (0.000448)	Accuracy (0.999897)
EVALUATING
{'loss': 0.08611004374921322, 'accuracy': 0.8832485967874527, 'perfect_match_accuracy': 0.424, 'cost_ratio_suggested_true': 1.011977465748787, 'below_10.0_percent_acc': 0.559, 'below_1.0_percent_acc': 0.462, 'below_0.1_percent_acc': 0.457, 'below_0.01_percent_acc': 0.457, 'below_0.001_percent_acc': 0.449, 'below_0.0001_percent_acc': 0.449, 'valid_acc': 0.58}
Epoch: 73	Batch time (0.196578)	Data time (0.006333)	Cuda time (0.000001)	Loss (0.000270)	Accuracy (1.000000)
EVALUATING
{'loss': 0.08722695976495742, 'accuracy': 0.8855765289068223, 'perfect_match_accuracy': 0.436, 'cost_ratio_suggested_true': 1.0187000495195389, 'below_10.0_percent_acc': 0.583, 'below_1.0_percent_acc': 0.476, 'below_0.1_percent_acc': 0.469, 'below_0.01_percent_acc': 0.469, 'below_0.001_percent_acc': 0.46, 'below_0.0001_percent_acc': 0.46, 'valid_acc': 0.604}
Epoch: 74	Batch time (0.198634)	Data time (0.006708)	Cuda time (0.000001)	Loss (0.000217)	Accuracy (0.999987)
EVALUATING
{'loss': 0.08862797286361455, 'accuracy': 0.8848150432109833, 'perfect_match_accuracy': 0.429, 'cost_ratio_suggested_true': 1.0159921306371689, 'below_10.0_percent_acc': 0.581, 'below_1.0_percent_acc': 0.469, 'below_0.1_percent_acc': 0.462, 'below_0.01_percent_acc': 0.462, 'below_0.001_percent_acc': 0.452, 'below_0.0001_percent_acc': 0.452, 'valid_acc': 0.604}
Epoch: 75	Batch time (0.197037)	Data time (0.006004)	Cuda time (0.000001)	Loss (0.000177)	Accuracy (1.000000)
EVALUATING
{'loss': 0.08823057737201452, 'accuracy': 0.8847361689805985, 'perfect_match_accuracy': 0.43, 'cost_ratio_suggested_true': 1.0117828583717345, 'below_10.0_percent_acc': 0.574, 'below_1.0_percent_acc': 0.471, 'below_0.1_percent_acc': 0.464, 'below_0.01_percent_acc': 0.464, 'below_0.001_percent_acc': 0.455, 'below_0.0001_percent_acc': 0.455, 'valid_acc': 0.595}
Epoch: 76	Batch time (0.196439)	Data time (0.005984)	Cuda time (0.000001)	Loss (0.000152)	Accuracy (1.000000)
EVALUATING
{'loss': 0.08966720886528493, 'accuracy': 0.8850027060508728, 'perfect_match_accuracy': 0.437, 'cost_ratio_suggested_true': 1.0121665811538696, 'below_10.0_percent_acc': 0.575, 'below_1.0_percent_acc': 0.479, 'below_0.1_percent_acc': 0.472, 'below_0.01_percent_acc': 0.472, 'below_0.001_percent_acc': 0.462, 'below_0.0001_percent_acc': 0.462, 'valid_acc': 0.596}
Epoch: 77	Batch time (0.211072)	Data time (0.005505)	Cuda time (0.000001)	Loss (0.000142)	Accuracy (1.000000)
EVALUATING
{'loss': 0.09024095356464386, 'accuracy': 0.8844915872812271, 'perfect_match_accuracy': 0.429, 'cost_ratio_suggested_true': 1.0138828140497207, 'below_10.0_percent_acc': 0.567, 'below_1.0_percent_acc': 0.474, 'below_0.1_percent_acc': 0.467, 'below_0.01_percent_acc': 0.467, 'below_0.001_percent_acc': 0.457, 'below_0.0001_percent_acc': 0.457, 'valid_acc': 0.588}
Epoch: 78	Batch time (0.198312)	Data time (0.006992)	Cuda time (0.000001)	Loss (0.000121)	Accuracy (1.000000)
EVALUATING
{'loss': 0.09003129843622446, 'accuracy': 0.8855103605985641, 'perfect_match_accuracy': 0.435, 'cost_ratio_suggested_true': 1.0133817249536514, 'below_10.0_percent_acc': 0.58, 'below_1.0_percent_acc': 0.477, 'below_0.1_percent_acc': 0.47, 'below_0.01_percent_acc': 0.47, 'below_0.001_percent_acc': 0.461, 'below_0.0001_percent_acc': 0.461, 'valid_acc': 0.605}
Epoch: 79	Batch time (0.197514)	Data time (0.006488)	Cuda time (0.000001)	Loss (0.000106)	Accuracy (1.000000)
EVALUATING
{'loss': 0.09069753788411618, 'accuracy': 0.8849891871213913, 'perfect_match_accuracy': 0.445, 'cost_ratio_suggested_true': 1.0103467559814454, 'below_10.0_percent_acc': 0.574, 'below_1.0_percent_acc': 0.484, 'below_0.1_percent_acc': 0.477, 'below_0.01_percent_acc': 0.477, 'below_0.001_percent_acc': 0.468, 'below_0.0001_percent_acc': 0.468, 'valid_acc': 0.594}
Epoch: 80	Batch time (0.209349)	Data time (0.005951)	Cuda time (0.000001)	Loss (0.000098)	Accuracy (1.000000)
EVALUATING
{'loss': 0.09039809212088584, 'accuracy': 0.8865406292676926, 'perfect_match_accuracy': 0.446, 'cost_ratio_suggested_true': 1.0138855916261673, 'below_10.0_percent_acc': 0.579, 'below_1.0_percent_acc': 0.485, 'below_0.1_percent_acc': 0.479, 'below_0.01_percent_acc': 0.479, 'below_0.001_percent_acc': 0.469, 'below_0.0001_percent_acc': 0.469, 'valid_acc': 0.596}
Epoch: 81	Batch time (0.252045)	Data time (0.008648)	Cuda time (0.000001)	Loss (0.000089)	Accuracy (1.000000)
EVALUATING
{'loss': 0.09136754877865315, 'accuracy': 0.886161418557167, 'perfect_match_accuracy': 0.443, 'cost_ratio_suggested_true': 1.0132613235712051, 'below_10.0_percent_acc': 0.581, 'below_1.0_percent_acc': 0.484, 'below_0.1_percent_acc': 0.478, 'below_0.01_percent_acc': 0.478, 'below_0.001_percent_acc': 0.468, 'below_0.0001_percent_acc': 0.468, 'valid_acc': 0.603}
Epoch: 82	Batch time (0.271786)	Data time (0.007315)	Cuda time (0.000001)	Loss (0.000084)	Accuracy (1.000000)
EVALUATING
{'loss': 0.0923525047302246, 'accuracy': 0.8869251000881195, 'perfect_match_accuracy': 0.443, 'cost_ratio_suggested_true': 1.0140588945150375, 'below_10.0_percent_acc': 0.585, 'below_1.0_percent_acc': 0.487, 'below_0.1_percent_acc': 0.481, 'below_0.01_percent_acc': 0.481, 'below_0.001_percent_acc': 0.47, 'below_0.0001_percent_acc': 0.47, 'valid_acc': 0.605}
Epoch: 83	Batch time (0.277188)	Data time (0.007084)	Cuda time (0.000001)	Loss (0.000076)	Accuracy (1.000000)
EVALUATING
{'loss': 0.09315895352512599, 'accuracy': 0.8866660851240158, 'perfect_match_accuracy': 0.45, 'cost_ratio_suggested_true': 1.010908289551735, 'below_10.0_percent_acc': 0.581, 'below_1.0_percent_acc': 0.488, 'below_0.1_percent_acc': 0.483, 'below_0.01_percent_acc': 0.483, 'below_0.001_percent_acc': 0.474, 'below_0.0001_percent_acc': 0.474, 'valid_acc': 0.603}
Epoch: 84	Batch time (0.278740)	Data time (0.007064)	Cuda time (0.000001)	Loss (0.000066)	Accuracy (1.000000)
EVALUATING
{'loss': 0.09367617052048445, 'accuracy': 0.8874364507198333, 'perfect_match_accuracy': 0.447, 'cost_ratio_suggested_true': 1.0149086618423462, 'below_10.0_percent_acc': 0.584, 'below_1.0_percent_acc': 0.488, 'below_0.1_percent_acc': 0.482, 'below_0.01_percent_acc': 0.482, 'below_0.001_percent_acc': 0.474, 'below_0.0001_percent_acc': 0.474, 'valid_acc': 0.606}
Epoch: 85	Batch time (0.268205)	Data time (0.006918)	Cuda time (0.000001)	Loss (0.000061)	Accuracy (1.000000)
EVALUATING
{'loss': 0.0938471433520317, 'accuracy': 0.8874533587694168, 'perfect_match_accuracy': 0.444, 'cost_ratio_suggested_true': 1.0134747070074082, 'below_10.0_percent_acc': 0.581, 'below_1.0_percent_acc': 0.488, 'below_0.1_percent_acc': 0.481, 'below_0.01_percent_acc': 0.481, 'below_0.001_percent_acc': 0.47, 'below_0.0001_percent_acc': 0.47, 'valid_acc': 0.597}
Epoch: 86	Batch time (0.274784)	Data time (0.007189)	Cuda time (0.000001)	Loss (0.000065)	Accuracy (0.999987)
EVALUATING
{'loss': 0.09623915880918503, 'accuracy': 0.8869234097003936, 'perfect_match_accuracy': 0.448, 'cost_ratio_suggested_true': 1.0144505840539932, 'below_10.0_percent_acc': 0.581, 'below_1.0_percent_acc': 0.488, 'below_0.1_percent_acc': 0.482, 'below_0.01_percent_acc': 0.482, 'below_0.001_percent_acc': 0.473, 'below_0.0001_percent_acc': 0.473, 'valid_acc': 0.603}
Epoch: 87	Batch time (0.273844)	Data time (0.007037)	Cuda time (0.000001)	Loss (0.000207)	Accuracy (0.999807)
EVALUATING
{'loss': 0.11210681147873401, 'accuracy': 0.876877344250679, 'perfect_match_accuracy': 0.379, 'cost_ratio_suggested_true': 1.0333730447292329, 'below_10.0_percent_acc': 0.524, 'below_1.0_percent_acc': 0.414, 'below_0.1_percent_acc': 0.406, 'below_0.01_percent_acc': 0.406, 'below_0.001_percent_acc': 0.398, 'below_0.0001_percent_acc': 0.398, 'valid_acc': 0.549}
Epoch: 88	Batch time (0.276282)	Data time (0.007305)	Cuda time (0.000001)	Loss (0.023713)	Accuracy (0.957595)
EVALUATING
{'loss': 0.10963501401245594, 'accuracy': 0.8409821760654449, 'perfect_match_accuracy': 0.252, 'cost_ratio_suggested_true': 1.052800189256668, 'below_10.0_percent_acc': 0.375, 'below_1.0_percent_acc': 0.281, 'below_0.1_percent_acc': 0.277, 'below_0.01_percent_acc': 0.277, 'below_0.001_percent_acc': 0.27, 'below_0.0001_percent_acc': 0.27, 'valid_acc': 0.435}
Epoch: 89	Batch time (0.269253)	Data time (0.007104)	Cuda time (0.000001)	Loss (0.006084)	Accuracy (0.990241)
EVALUATING
{'loss': 0.09142460834234953, 'accuracy': 0.8782248818874359, 'perfect_match_accuracy': 0.374, 'cost_ratio_suggested_true': 1.0446459174156189, 'below_10.0_percent_acc': 0.509, 'below_1.0_percent_acc': 0.402, 'below_0.1_percent_acc': 0.397, 'below_0.01_percent_acc': 0.397, 'below_0.001_percent_acc': 0.394, 'below_0.0001_percent_acc': 0.394, 'valid_acc': 0.561}
Epoch: 90	Batch time (0.275666)	Data time (0.006985)	Cuda time (0.000001)	Loss (0.001110)	Accuracy (0.999031)
EVALUATING
{'loss': 0.0878883384168148, 'accuracy': 0.8815393966436386, 'perfect_match_accuracy': 0.406, 'cost_ratio_suggested_true': 1.0243193590641022, 'below_10.0_percent_acc': 0.538, 'below_1.0_percent_acc': 0.439, 'below_0.1_percent_acc': 0.433, 'below_0.01_percent_acc': 0.433, 'below_0.001_percent_acc': 0.425, 'below_0.0001_percent_acc': 0.425, 'valid_acc': 0.575}
Epoch: 91	Batch time (0.271889)	Data time (0.007196)	Cuda time (0.000001)	Loss (0.000413)	Accuracy (0.999936)
EVALUATING
{'loss': 0.08613972790539265, 'accuracy': 0.8827139902114868, 'perfect_match_accuracy': 0.427, 'cost_ratio_suggested_true': 1.0252665656805038, 'below_10.0_percent_acc': 0.561, 'below_1.0_percent_acc': 0.459, 'below_0.1_percent_acc': 0.455, 'below_0.01_percent_acc': 0.455, 'below_0.001_percent_acc': 0.449, 'below_0.0001_percent_acc': 0.449, 'valid_acc': 0.594}
Epoch: 92	Batch time (0.273479)	Data time (0.007033)	Cuda time (0.000001)	Loss (0.000250)	Accuracy (0.999961)
EVALUATING
{'loss': 0.08562267042696475, 'accuracy': 0.8854418915510177, 'perfect_match_accuracy': 0.434, 'cost_ratio_suggested_true': 1.0157034265995026, 'below_10.0_percent_acc': 0.56, 'below_1.0_percent_acc': 0.47, 'below_0.1_percent_acc': 0.466, 'below_0.01_percent_acc': 0.466, 'below_0.001_percent_acc': 0.46, 'below_0.0001_percent_acc': 0.46, 'valid_acc': 0.581}
Epoch: 93	Batch time (0.276184)	Data time (0.006961)	Cuda time (0.000001)	Loss (0.000183)	Accuracy (1.000000)
EVALUATING
{'loss': 0.08688696805387736, 'accuracy': 0.8863051903247833, 'perfect_match_accuracy': 0.439, 'cost_ratio_suggested_true': 1.019664351940155, 'below_10.0_percent_acc': 0.561, 'below_1.0_percent_acc': 0.472, 'below_0.1_percent_acc': 0.468, 'below_0.01_percent_acc': 0.468, 'below_0.001_percent_acc': 0.461, 'below_0.0001_percent_acc': 0.461, 'valid_acc': 0.588}
Epoch: 94	Batch time (0.271878)	Data time (0.007051)	Cuda time (0.000001)	Loss (0.000151)	Accuracy (0.999987)
EVALUATING
{'loss': 0.0873618682846427, 'accuracy': 0.885989540219307, 'perfect_match_accuracy': 0.437, 'cost_ratio_suggested_true': 1.016615378856659, 'below_10.0_percent_acc': 0.565, 'below_1.0_percent_acc': 0.471, 'below_0.1_percent_acc': 0.468, 'below_0.01_percent_acc': 0.468, 'below_0.001_percent_acc': 0.462, 'below_0.0001_percent_acc': 0.462, 'valid_acc': 0.587}
Epoch: 95	Batch time (0.266599)	Data time (0.007124)	Cuda time (0.000002)	Loss (0.000130)	Accuracy (1.000000)
EVALUATING
{'loss': 0.0886955251917243, 'accuracy': 0.8862523049116134, 'perfect_match_accuracy': 0.441, 'cost_ratio_suggested_true': 1.0165992599725724, 'below_10.0_percent_acc': 0.571, 'below_1.0_percent_acc': 0.473, 'below_0.1_percent_acc': 0.469, 'below_0.01_percent_acc': 0.469, 'below_0.001_percent_acc': 0.463, 'below_0.0001_percent_acc': 0.463, 'valid_acc': 0.591}
Epoch: 96	Batch time (0.272239)	Data time (0.007078)	Cuda time (0.000001)	Loss (0.000108)	Accuracy (1.000000)
EVALUATING
{'loss': 0.08848898403346539, 'accuracy': 0.8878806811571122, 'perfect_match_accuracy': 0.446, 'cost_ratio_suggested_true': 1.019217408299446, 'below_10.0_percent_acc': 0.57, 'below_1.0_percent_acc': 0.477, 'below_0.1_percent_acc': 0.473, 'below_0.01_percent_acc': 0.473, 'below_0.001_percent_acc': 0.467, 'below_0.0001_percent_acc': 0.467, 'valid_acc': 0.598}
Epoch: 97	Batch time (0.278800)	Data time (0.006945)	Cuda time (0.000001)	Loss (0.000101)	Accuracy (0.999993)
EVALUATING
{'loss': 0.09032695297151803, 'accuracy': 0.8866948682069778, 'perfect_match_accuracy': 0.443, 'cost_ratio_suggested_true': 1.0148544472455978, 'below_10.0_percent_acc': 0.565, 'below_1.0_percent_acc': 0.476, 'below_0.1_percent_acc': 0.471, 'below_0.01_percent_acc': 0.471, 'below_0.001_percent_acc': 0.465, 'below_0.0001_percent_acc': 0.465, 'valid_acc': 0.586}
Epoch: 98	Batch time (0.263671)	Data time (0.007066)	Cuda time (0.000002)	Loss (0.000087)	Accuracy (1.000000)
EVALUATING
{'loss': 0.09029794748872519, 'accuracy': 0.8864871948957443, 'perfect_match_accuracy': 0.442, 'cost_ratio_suggested_true': 1.0145709043741227, 'below_10.0_percent_acc': 0.564, 'below_1.0_percent_acc': 0.475, 'below_0.1_percent_acc': 0.47, 'below_0.01_percent_acc': 0.47, 'below_0.001_percent_acc': 0.463, 'below_0.0001_percent_acc': 0.463, 'valid_acc': 0.582}
Epoch: 99	Batch time (0.267356)	Data time (0.006952)	Cuda time (0.000002)	Loss (0.000079)	Accuracy (1.000000)
EVALUATING
{'loss': 0.08995502900332213, 'accuracy': 0.8870704078674316, 'perfect_match_accuracy': 0.45, 'cost_ratio_suggested_true': 1.0140423107147216, 'below_10.0_percent_acc': 0.57, 'below_1.0_percent_acc': 0.484, 'below_0.1_percent_acc': 0.479, 'below_0.01_percent_acc': 0.479, 'below_0.001_percent_acc': 0.472, 'below_0.0001_percent_acc': 0.472, 'valid_acc': 0.588}
Epoch: 100	Batch time (0.264146)	Data time (0.006766)	Cuda time (0.000001)	Loss (0.000067)	Accuracy (1.000000)
EVALUATING
{'loss': 0.09149279970675707, 'accuracy': 0.8864469975233078, 'perfect_match_accuracy': 0.447, 'cost_ratio_suggested_true': 1.0136578589677812, 'below_10.0_percent_acc': 0.567, 'below_1.0_percent_acc': 0.483, 'below_0.1_percent_acc': 0.478, 'below_0.01_percent_acc': 0.478, 'below_0.001_percent_acc': 0.471, 'below_0.0001_percent_acc': 0.471, 'valid_acc': 0.589}
Epoch: 101	Batch time (0.260322)	Data time (0.006990)	Cuda time (0.000002)	Loss (0.000068)	Accuracy (0.999994)
EVALUATING
{'loss': 0.09237874127924442, 'accuracy': 0.8885659974813461, 'perfect_match_accuracy': 0.449, 'cost_ratio_suggested_true': 1.0160699784755707, 'below_10.0_percent_acc': 0.579, 'below_1.0_percent_acc': 0.485, 'below_0.1_percent_acc': 0.479, 'below_0.01_percent_acc': 0.479, 'below_0.001_percent_acc': 0.472, 'below_0.0001_percent_acc': 0.472, 'valid_acc': 0.6}
Epoch: 102	Batch time (0.273426)	Data time (0.007076)	Cuda time (0.000002)	Loss (0.000061)	Accuracy (0.999994)
EVALUATING
{'loss': 0.09148576527833939, 'accuracy': 0.8863268065452575, 'perfect_match_accuracy': 0.439, 'cost_ratio_suggested_true': 1.011474546790123, 'below_10.0_percent_acc': 0.568, 'below_1.0_percent_acc': 0.475, 'below_0.1_percent_acc': 0.47, 'below_0.01_percent_acc': 0.47, 'below_0.001_percent_acc': 0.463, 'below_0.0001_percent_acc': 0.463, 'valid_acc': 0.588}
Epoch: 103	Batch time (0.267099)	Data time (0.007384)	Cuda time (0.000002)	Loss (0.000055)	Accuracy (1.000000)
EVALUATING
{'loss': 0.09236215654760599, 'accuracy': 0.8874164068698883, 'perfect_match_accuracy': 0.453, 'cost_ratio_suggested_true': 1.0138768756389618, 'below_10.0_percent_acc': 0.574, 'below_1.0_percent_acc': 0.487, 'below_0.1_percent_acc': 0.482, 'below_0.01_percent_acc': 0.482, 'below_0.001_percent_acc': 0.475, 'below_0.0001_percent_acc': 0.475, 'valid_acc': 0.596}
Epoch: 104	Batch time (0.271120)	Data time (0.007190)	Cuda time (0.000002)	Loss (0.000049)	Accuracy (1.000000)
EVALUATING
{'loss': 0.09312350623309612, 'accuracy': 0.8866969424486161, 'perfect_match_accuracy': 0.452, 'cost_ratio_suggested_true': 1.0124787682294845, 'below_10.0_percent_acc': 0.578, 'below_1.0_percent_acc': 0.484, 'below_0.1_percent_acc': 0.48, 'below_0.01_percent_acc': 0.48, 'below_0.001_percent_acc': 0.474, 'below_0.0001_percent_acc': 0.474, 'valid_acc': 0.597}
Epoch: 105	Batch time (0.270889)	Data time (0.007168)	Cuda time (0.000002)	Loss (0.000045)	Accuracy (1.000000)
EVALUATING
{'loss': 0.09400500044226646, 'accuracy': 0.8883061128854751, 'perfect_match_accuracy': 0.457, 'cost_ratio_suggested_true': 1.0117257499694825, 'below_10.0_percent_acc': 0.578, 'below_1.0_percent_acc': 0.489, 'below_0.1_percent_acc': 0.485, 'below_0.01_percent_acc': 0.485, 'below_0.001_percent_acc': 0.479, 'below_0.0001_percent_acc': 0.479, 'valid_acc': 0.599}
Epoch: 106	Batch time (0.268903)	Data time (0.007114)	Cuda time (0.000002)	Loss (0.000043)	Accuracy (1.000000)
EVALUATING
{'loss': 0.09475155744701624, 'accuracy': 0.8877161026000977, 'perfect_match_accuracy': 0.46, 'cost_ratio_suggested_true': 1.010730142593384, 'below_10.0_percent_acc': 0.581, 'below_1.0_percent_acc': 0.491, 'below_0.1_percent_acc': 0.487, 'below_0.01_percent_acc': 0.487, 'below_0.001_percent_acc': 0.481, 'below_0.0001_percent_acc': 0.481, 'valid_acc': 0.599}
Epoch: 107	Batch time (0.271932)	Data time (0.006960)	Cuda time (0.000001)	Loss (0.000040)	Accuracy (1.000000)
EVALUATING
{'loss': 0.09519456513226032, 'accuracy': 0.8884941321611405, 'perfect_match_accuracy': 0.46, 'cost_ratio_suggested_true': 1.0139621984958649, 'below_10.0_percent_acc': 0.578, 'below_1.0_percent_acc': 0.494, 'below_0.1_percent_acc': 0.49, 'below_0.01_percent_acc': 0.49, 'below_0.001_percent_acc': 0.483, 'below_0.0001_percent_acc': 0.483, 'valid_acc': 0.598}
Epoch: 108	Batch time (0.277586)	Data time (0.006982)	Cuda time (0.000001)	Loss (0.000037)	Accuracy (1.000000)
EVALUATING
{'loss': 0.09610308043658733, 'accuracy': 0.8863223814964294, 'perfect_match_accuracy': 0.461, 'cost_ratio_suggested_true': 1.00866091132164, 'below_10.0_percent_acc': 0.576, 'below_1.0_percent_acc': 0.496, 'below_0.1_percent_acc': 0.491, 'below_0.01_percent_acc': 0.491, 'below_0.001_percent_acc': 0.484, 'below_0.0001_percent_acc': 0.484, 'valid_acc': 0.595}
Epoch: 109	Batch time (0.270986)	Data time (0.007186)	Cuda time (0.000001)	Loss (0.000166)	Accuracy (0.999853)
EVALUATING
{'loss': 0.11351084470748901, 'accuracy': 0.8727519327402115, 'perfect_match_accuracy': 0.409, 'cost_ratio_suggested_true': 1.0102288210391999, 'below_10.0_percent_acc': 0.521, 'below_1.0_percent_acc': 0.442, 'below_0.1_percent_acc': 0.433, 'below_0.01_percent_acc': 0.433, 'below_0.001_percent_acc': 0.427, 'below_0.0001_percent_acc': 0.427, 'valid_acc': 0.541}
Epoch: 110	Batch time (0.277282)	Data time (0.007067)	Cuda time (0.000001)	Loss (0.026172)	Accuracy (0.955881)
EVALUATING
{'loss': 0.09863413445651531, 'accuracy': 0.849290183186531, 'perfect_match_accuracy': 0.306, 'cost_ratio_suggested_true': 1.027350833415985, 'below_10.0_percent_acc': 0.438, 'below_1.0_percent_acc': 0.34, 'below_0.1_percent_acc': 0.336, 'below_0.01_percent_acc': 0.336, 'below_0.001_percent_acc': 0.327, 'below_0.0001_percent_acc': 0.327, 'valid_acc': 0.477}
Epoch: 111	Batch time (0.275670)	Data time (0.007112)	Cuda time (0.000001)	Loss (0.004321)	Accuracy (0.993528)
EVALUATING
{'loss': 0.0938410896062851, 'accuracy': 0.8770572704076767, 'perfect_match_accuracy': 0.399, 'cost_ratio_suggested_true': 1.0455630058050156, 'below_10.0_percent_acc': 0.553, 'below_1.0_percent_acc': 0.438, 'below_0.1_percent_acc': 0.431, 'below_0.01_percent_acc': 0.431, 'below_0.001_percent_acc': 0.421, 'below_0.0001_percent_acc': 0.421, 'valid_acc': 0.597}
Epoch: 112	Batch time (0.263685)	Data time (0.007180)	Cuda time (0.000001)	Loss (0.000880)	Accuracy (0.999319)
EVALUATING
{'loss': 0.08830895263701677, 'accuracy': 0.8840832269191742, 'perfect_match_accuracy': 0.421, 'cost_ratio_suggested_true': 1.027569341659546, 'below_10.0_percent_acc': 0.569, 'below_1.0_percent_acc': 0.459, 'below_0.1_percent_acc': 0.453, 'below_0.01_percent_acc': 0.453, 'below_0.001_percent_acc': 0.444, 'below_0.0001_percent_acc': 0.444, 'valid_acc': 0.591}
Epoch: 113	Batch time (0.271442)	Data time (0.007008)	Cuda time (0.000001)	Loss (0.000305)	Accuracy (0.999974)
EVALUATING
{'loss': 0.0888051038980484, 'accuracy': 0.8847831636667252, 'perfect_match_accuracy': 0.436, 'cost_ratio_suggested_true': 1.0184384578466414, 'below_10.0_percent_acc': 0.572, 'below_1.0_percent_acc': 0.471, 'below_0.1_percent_acc': 0.466, 'below_0.01_percent_acc': 0.466, 'below_0.001_percent_acc': 0.456, 'below_0.0001_percent_acc': 0.456, 'valid_acc': 0.592}
Epoch: 114	Batch time (0.264911)	Data time (0.007242)	Cuda time (0.000001)	Loss (0.000208)	Accuracy (1.000000)
EVALUATING
{'loss': 0.09041814316064119, 'accuracy': 0.8831208395957947, 'perfect_match_accuracy': 0.439, 'cost_ratio_suggested_true': 1.0157386881113053, 'below_10.0_percent_acc': 0.569, 'below_1.0_percent_acc': 0.476, 'below_0.1_percent_acc': 0.47, 'below_0.01_percent_acc': 0.47, 'below_0.001_percent_acc': 0.46, 'below_0.0001_percent_acc': 0.46, 'valid_acc': 0.588}
Epoch: 115	Batch time (0.196345)	Data time (0.005787)	Cuda time (0.000001)	Loss (0.000152)	Accuracy (0.999994)
EVALUATING
{'loss': 0.09078818906098604, 'accuracy': 0.8842147964239121, 'perfect_match_accuracy': 0.438, 'cost_ratio_suggested_true': 1.0158106255531312, 'below_10.0_percent_acc': 0.573, 'below_1.0_percent_acc': 0.475, 'below_0.1_percent_acc': 0.47, 'below_0.01_percent_acc': 0.47, 'below_0.001_percent_acc': 0.459, 'below_0.0001_percent_acc': 0.459, 'valid_acc': 0.589}
Epoch: 116	Batch time (0.196732)	Data time (0.004949)	Cuda time (0.000001)	Loss (0.000125)	Accuracy (1.000000)
EVALUATING
{'loss': 0.09161161374300718, 'accuracy': 0.8847879087924957, 'perfect_match_accuracy': 0.451, 'cost_ratio_suggested_true': 1.0178210973739623, 'below_10.0_percent_acc': 0.58, 'below_1.0_percent_acc': 0.491, 'below_0.1_percent_acc': 0.485, 'below_0.01_percent_acc': 0.485, 'below_0.001_percent_acc': 0.474, 'below_0.0001_percent_acc': 0.474, 'valid_acc': 0.6}
Epoch: 117	Batch time (0.197181)	Data time (0.005815)	Cuda time (0.000001)	Loss (0.000113)	Accuracy (0.999993)
EVALUATING
{'loss': 0.09282954432070255, 'accuracy': 0.8850417470932007, 'perfect_match_accuracy': 0.45, 'cost_ratio_suggested_true': 1.0168755489587784, 'below_10.0_percent_acc': 0.575, 'below_1.0_percent_acc': 0.486, 'below_0.1_percent_acc': 0.481, 'below_0.01_percent_acc': 0.481, 'below_0.001_percent_acc': 0.469, 'below_0.0001_percent_acc': 0.469, 'valid_acc': 0.597}
Epoch: 118	Batch time (0.196643)	Data time (0.005804)	Cuda time (0.000001)	Loss (0.000243)	Accuracy (0.999814)
EVALUATING
{'loss': 0.10356565315276384, 'accuracy': 0.8776536816358567, 'perfect_match_accuracy': 0.428, 'cost_ratio_suggested_true': 1.0196193730831147, 'below_10.0_percent_acc': 0.567, 'below_1.0_percent_acc': 0.472, 'below_0.1_percent_acc': 0.464, 'below_0.01_percent_acc': 0.464, 'below_0.001_percent_acc': 0.452, 'below_0.0001_percent_acc': 0.452, 'valid_acc': 0.587}
Epoch: 119	Batch time (0.198223)	Data time (0.007038)	Cuda time (0.000001)	Loss (0.000603)	Accuracy (0.999339)
EVALUATING
{'loss': 0.1039446583390236, 'accuracy': 0.8809209483861923, 'perfect_match_accuracy': 0.407, 'cost_ratio_suggested_true': 1.038109667301178, 'below_10.0_percent_acc': 0.546, 'below_1.0_percent_acc': 0.442, 'below_0.1_percent_acc': 0.439, 'below_0.01_percent_acc': 0.439, 'below_0.001_percent_acc': 0.433, 'below_0.0001_percent_acc': 0.433, 'valid_acc': 0.576}
Epoch: 120	Batch time (0.207326)	Data time (0.006904)	Cuda time (0.000001)	Loss (0.000733)	Accuracy (0.999128)
EVALUATING
{'loss': 0.12088423147797585, 'accuracy': 0.863379607796669, 'perfect_match_accuracy': 0.386, 'cost_ratio_suggested_true': 1.0211839145421981, 'below_10.0_percent_acc': 0.518, 'below_1.0_percent_acc': 0.423, 'below_0.1_percent_acc': 0.419, 'below_0.01_percent_acc': 0.419, 'below_0.001_percent_acc': 0.412, 'below_0.0001_percent_acc': 0.412, 'valid_acc': 0.537}
Epoch: 121	Batch time (0.197091)	Data time (0.006096)	Cuda time (0.000001)	Loss (0.009450)	Accuracy (0.984372)
EVALUATING
{'loss': 0.12114069506525993, 'accuracy': 0.8503912174701691, 'perfect_match_accuracy': 0.294, 'cost_ratio_suggested_true': 1.0266410315036774, 'below_10.0_percent_acc': 0.445, 'below_1.0_percent_acc': 0.329, 'below_0.1_percent_acc': 0.322, 'below_0.01_percent_acc': 0.322, 'below_0.001_percent_acc': 0.317, 'below_0.0001_percent_acc': 0.317, 'valid_acc': 0.486}
Epoch: 122	Batch time (0.196696)	Data time (0.005963)	Cuda time (0.000001)	Loss (0.002635)	Accuracy (0.995993)
EVALUATING
{'loss': 0.09495827693492175, 'accuracy': 0.8799179804325103, 'perfect_match_accuracy': 0.405, 'cost_ratio_suggested_true': 1.0364424109458923, 'below_10.0_percent_acc': 0.545, 'below_1.0_percent_acc': 0.439, 'below_0.1_percent_acc': 0.435, 'below_0.01_percent_acc': 0.435, 'below_0.001_percent_acc': 0.43, 'below_0.0001_percent_acc': 0.43, 'valid_acc': 0.576}
Epoch: 123	Batch time (0.196486)	Data time (0.005689)	Cuda time (0.000001)	Loss (0.000639)	Accuracy (0.999438)
EVALUATING
{'loss': 0.0930750858783722, 'accuracy': 0.8812737512588501, 'perfect_match_accuracy': 0.435, 'cost_ratio_suggested_true': 1.0200360858440398, 'below_10.0_percent_acc': 0.575, 'below_1.0_percent_acc': 0.48, 'below_0.1_percent_acc': 0.472, 'below_0.01_percent_acc': 0.472, 'below_0.001_percent_acc': 0.463, 'below_0.0001_percent_acc': 0.463, 'valid_acc': 0.59}
Epoch: 124	Batch time (0.197132)	Data time (0.005108)	Cuda time (0.000001)	Loss (0.000217)	Accuracy (0.999922)
EVALUATING
{'loss': 0.09156623244285583, 'accuracy': 0.8850664478540421, 'perfect_match_accuracy': 0.447, 'cost_ratio_suggested_true': 1.0222085440158843, 'below_10.0_percent_acc': 0.584, 'below_1.0_percent_acc': 0.489, 'below_0.1_percent_acc': 0.481, 'below_0.01_percent_acc': 0.481, 'below_0.001_percent_acc': 0.471, 'below_0.0001_percent_acc': 0.471, 'valid_acc': 0.602}
Epoch: 125	Batch time (0.215547)	Data time (0.006953)	Cuda time (0.000001)	Loss (0.000128)	Accuracy (0.999994)
EVALUATING
{'loss': 0.09174568578600883, 'accuracy': 0.8852890211343766, 'perfect_match_accuracy': 0.446, 'cost_ratio_suggested_true': 1.0215815091133118, 'below_10.0_percent_acc': 0.582, 'below_1.0_percent_acc': 0.488, 'below_0.1_percent_acc': 0.481, 'below_0.01_percent_acc': 0.481, 'below_0.001_percent_acc': 0.472, 'below_0.0001_percent_acc': 0.472, 'valid_acc': 0.593}
Epoch: 126	Batch time (0.221811)	Data time (0.007605)	Cuda time (0.000001)	Loss (0.000097)	Accuracy (1.000000)
EVALUATING
{'loss': 0.09237513087689876, 'accuracy': 0.8858695250749588, 'perfect_match_accuracy': 0.446, 'cost_ratio_suggested_true': 1.0172479808330537, 'below_10.0_percent_acc': 0.584, 'below_1.0_percent_acc': 0.489, 'below_0.1_percent_acc': 0.482, 'below_0.01_percent_acc': 0.482, 'below_0.001_percent_acc': 0.473, 'below_0.0001_percent_acc': 0.473, 'valid_acc': 0.596}
Epoch: 127	Batch time (0.197892)	Data time (0.006939)	Cuda time (0.000001)	Loss (0.000083)	Accuracy (1.000000)
EVALUATING
{'loss': 0.09308651097118854, 'accuracy': 0.8853745257854462, 'perfect_match_accuracy': 0.45, 'cost_ratio_suggested_true': 1.0177835166454314, 'below_10.0_percent_acc': 0.584, 'below_1.0_percent_acc': 0.492, 'below_0.1_percent_acc': 0.486, 'below_0.01_percent_acc': 0.486, 'below_0.001_percent_acc': 0.476, 'below_0.0001_percent_acc': 0.476, 'valid_acc': 0.593}
Epoch: 128	Batch time (0.198649)	Data time (0.006060)	Cuda time (0.000001)	Loss (0.000071)	Accuracy (1.000000)
EVALUATING
{'loss': 0.09301011223345995, 'accuracy': 0.8862039160728454, 'perfect_match_accuracy': 0.449, 'cost_ratio_suggested_true': 1.0167605352401734, 'below_10.0_percent_acc': 0.587, 'below_1.0_percent_acc': 0.495, 'below_0.1_percent_acc': 0.488, 'below_0.01_percent_acc': 0.488, 'below_0.001_percent_acc': 0.477, 'below_0.0001_percent_acc': 0.477, 'valid_acc': 0.597}
Epoch: 129	Batch time (0.197404)	Data time (0.006059)	Cuda time (0.000001)	Loss (0.000067)	Accuracy (0.999994)
EVALUATING
{'loss': 0.09435417126864194, 'accuracy': 0.8855570101737976, 'perfect_match_accuracy': 0.448, 'cost_ratio_suggested_true': 1.0169558537006378, 'below_10.0_percent_acc': 0.585, 'below_1.0_percent_acc': 0.492, 'below_0.1_percent_acc': 0.485, 'below_0.01_percent_acc': 0.485, 'below_0.001_percent_acc': 0.475, 'below_0.0001_percent_acc': 0.475, 'valid_acc': 0.597}
Epoch: 130	Batch time (0.197434)	Data time (0.005958)	Cuda time (0.000001)	Loss (0.000056)	Accuracy (1.000000)
EVALUATING
{'loss': 0.09339552264660597, 'accuracy': 0.8870941931009293, 'perfect_match_accuracy': 0.453, 'cost_ratio_suggested_true': 1.017398050427437, 'below_10.0_percent_acc': 0.59, 'below_1.0_percent_acc': 0.495, 'below_0.1_percent_acc': 0.488, 'below_0.01_percent_acc': 0.488, 'below_0.001_percent_acc': 0.478, 'below_0.0001_percent_acc': 0.478, 'valid_acc': 0.602}
Epoch: 131	Batch time (0.196508)	Data time (0.005025)	Cuda time (0.000001)	Loss (0.000051)	Accuracy (1.000000)
EVALUATING
{'loss': 0.09449492398649455, 'accuracy': 0.8873546874523163, 'perfect_match_accuracy': 0.456, 'cost_ratio_suggested_true': 1.0161833477020263, 'below_10.0_percent_acc': 0.593, 'below_1.0_percent_acc': 0.497, 'below_0.1_percent_acc': 0.49, 'below_0.01_percent_acc': 0.49, 'below_0.001_percent_acc': 0.48, 'below_0.0001_percent_acc': 0.48, 'valid_acc': 0.603}
Epoch: 132	Batch time (0.197818)	Data time (0.005890)	Cuda time (0.000001)	Loss (0.000046)	Accuracy (1.000000)
EVALUATING
{'loss': 0.09631496135145426, 'accuracy': 0.885226366519928, 'perfect_match_accuracy': 0.452, 'cost_ratio_suggested_true': 1.0126034605503083, 'below_10.0_percent_acc': 0.589, 'below_1.0_percent_acc': 0.494, 'below_0.1_percent_acc': 0.487, 'below_0.01_percent_acc': 0.487, 'below_0.001_percent_acc': 0.477, 'below_0.0001_percent_acc': 0.477, 'valid_acc': 0.601}
Epoch: 133	Batch time (0.196760)	Data time (0.006026)	Cuda time (0.000001)	Loss (0.000044)	Accuracy (1.000000)
EVALUATING
{'loss': 0.09563352577388287, 'accuracy': 0.8871547651290893, 'perfect_match_accuracy': 0.454, 'cost_ratio_suggested_true': 1.0185576623678207, 'below_10.0_percent_acc': 0.598, 'below_1.0_percent_acc': 0.5, 'below_0.1_percent_acc': 0.493, 'below_0.01_percent_acc': 0.493, 'below_0.001_percent_acc': 0.481, 'below_0.0001_percent_acc': 0.481, 'valid_acc': 0.61}
Epoch: 134	Batch time (0.206558)	Data time (0.005986)	Cuda time (0.000001)	Loss (0.000039)	Accuracy (1.000000)
EVALUATING
{'loss': 0.09695220552384853, 'accuracy': 0.8871488738059997, 'perfect_match_accuracy': 0.464, 'cost_ratio_suggested_true': 1.015367210507393, 'below_10.0_percent_acc': 0.606, 'below_1.0_percent_acc': 0.505, 'below_0.1_percent_acc': 0.499, 'below_0.01_percent_acc': 0.499, 'below_0.001_percent_acc': 0.489, 'below_0.0001_percent_acc': 0.489, 'valid_acc': 0.619}
Epoch: 135	Batch time (0.253587)	Data time (0.007935)	Cuda time (0.000001)	Loss (0.000034)	Accuracy (1.000000)
EVALUATING
{'loss': 0.09740641169250011, 'accuracy': 0.8869661033153534, 'perfect_match_accuracy': 0.461, 'cost_ratio_suggested_true': 1.0129761743545531, 'below_10.0_percent_acc': 0.589, 'below_1.0_percent_acc': 0.508, 'below_0.1_percent_acc': 0.502, 'below_0.01_percent_acc': 0.502, 'below_0.001_percent_acc': 0.492, 'below_0.0001_percent_acc': 0.492, 'valid_acc': 0.6}
Epoch: 136	Batch time (0.269609)	Data time (0.008095)	Cuda time (0.000002)	Loss (0.000032)	Accuracy (1.000000)
EVALUATING
{'loss': 0.09683108702301979, 'accuracy': 0.8867140692472458, 'perfect_match_accuracy': 0.466, 'cost_ratio_suggested_true': 1.0135392183065415, 'below_10.0_percent_acc': 0.592, 'below_1.0_percent_acc': 0.507, 'below_0.1_percent_acc': 0.501, 'below_0.01_percent_acc': 0.501, 'below_0.001_percent_acc': 0.491, 'below_0.0001_percent_acc': 0.491, 'valid_acc': 0.603}
Epoch: 137	Batch time (0.273443)	Data time (0.007035)	Cuda time (0.000001)	Loss (0.000031)	Accuracy (1.000000)
EVALUATING
{'loss': 0.09671976137906313, 'accuracy': 0.8884427535533905, 'perfect_match_accuracy': 0.464, 'cost_ratio_suggested_true': 1.017789552807808, 'below_10.0_percent_acc': 0.595, 'below_1.0_percent_acc': 0.505, 'below_0.1_percent_acc': 0.5, 'below_0.01_percent_acc': 0.5, 'below_0.001_percent_acc': 0.49, 'below_0.0001_percent_acc': 0.49, 'valid_acc': 0.61}
Epoch: 138	Batch time (0.269123)	Data time (0.007498)	Cuda time (0.000002)	Loss (0.000029)	Accuracy (1.000000)
EVALUATING
{'loss': 0.09811231333762407, 'accuracy': 0.8883801501989365, 'perfect_match_accuracy': 0.465, 'cost_ratio_suggested_true': 1.0153182721138, 'below_10.0_percent_acc': 0.605, 'below_1.0_percent_acc': 0.507, 'below_0.1_percent_acc': 0.5, 'below_0.01_percent_acc': 0.5, 'below_0.001_percent_acc': 0.49, 'below_0.0001_percent_acc': 0.49, 'valid_acc': 0.615}
Epoch: 139	Batch time (0.279387)	Data time (0.006982)	Cuda time (0.000002)	Loss (0.000027)	Accuracy (1.000000)
EVALUATING
{'loss': 0.09846876561641693, 'accuracy': 0.8875506383180618, 'perfect_match_accuracy': 0.467, 'cost_ratio_suggested_true': 1.014433302283287, 'below_10.0_percent_acc': 0.599, 'below_1.0_percent_acc': 0.509, 'below_0.1_percent_acc': 0.503, 'below_0.01_percent_acc': 0.503, 'below_0.001_percent_acc': 0.492, 'below_0.0001_percent_acc': 0.492, 'valid_acc': 0.613}
Epoch: 140	Batch time (0.274167)	Data time (0.007036)	Cuda time (0.000002)	Loss (0.000025)	Accuracy (1.000000)
EVALUATING
{'loss': 0.09939337685704232, 'accuracy': 0.888764591217041, 'perfect_match_accuracy': 0.465, 'cost_ratio_suggested_true': 1.0153741782903671, 'below_10.0_percent_acc': 0.604, 'below_1.0_percent_acc': 0.51, 'below_0.1_percent_acc': 0.505, 'below_0.01_percent_acc': 0.505, 'below_0.001_percent_acc': 0.495, 'below_0.0001_percent_acc': 0.495, 'valid_acc': 0.617}
Epoch: 141	Batch time (0.268512)	Data time (0.007100)	Cuda time (0.000001)	Loss (0.000028)	Accuracy (0.999994)
EVALUATING
{'loss': 0.10029850639402867, 'accuracy': 0.8888291418552399, 'perfect_match_accuracy': 0.473, 'cost_ratio_suggested_true': 1.015506120324135, 'below_10.0_percent_acc': 0.597, 'below_1.0_percent_acc': 0.515, 'below_0.1_percent_acc': 0.509, 'below_0.01_percent_acc': 0.509, 'below_0.001_percent_acc': 0.496, 'below_0.0001_percent_acc': 0.496, 'valid_acc': 0.611}
Epoch: 142	Batch time (0.279541)	Data time (0.007024)	Cuda time (0.000001)	Loss (0.000023)	Accuracy (1.000000)
EVALUATING
{'loss': 0.10171278025954962, 'accuracy': 0.8880791616439819, 'perfect_match_accuracy': 0.468, 'cost_ratio_suggested_true': 1.0123059332370759, 'below_10.0_percent_acc': 0.598, 'below_1.0_percent_acc': 0.514, 'below_0.1_percent_acc': 0.506, 'below_0.01_percent_acc': 0.506, 'below_0.001_percent_acc': 0.496, 'below_0.0001_percent_acc': 0.496, 'valid_acc': 0.611}
Epoch: 143	Batch time (0.268193)	Data time (0.006999)	Cuda time (0.000002)	Loss (0.000021)	Accuracy (1.000000)
EVALUATING
{'loss': 0.10175324868410826, 'accuracy': 0.8872381418943405, 'perfect_match_accuracy': 0.467, 'cost_ratio_suggested_true': 1.0121500140428543, 'below_10.0_percent_acc': 0.6, 'below_1.0_percent_acc': 0.507, 'below_0.1_percent_acc': 0.501, 'below_0.01_percent_acc': 0.501, 'below_0.001_percent_acc': 0.491, 'below_0.0001_percent_acc': 0.491, 'valid_acc': 0.614}
Epoch: 144	Batch time (0.272358)	Data time (0.006972)	Cuda time (0.000001)	Loss (0.000020)	Accuracy (1.000000)
EVALUATING
{'loss': 0.10123172543942928, 'accuracy': 0.8874779683351517, 'perfect_match_accuracy': 0.468, 'cost_ratio_suggested_true': 1.013196557164192, 'below_10.0_percent_acc': 0.601, 'below_1.0_percent_acc': 0.51, 'below_0.1_percent_acc': 0.503, 'below_0.01_percent_acc': 0.503, 'below_0.001_percent_acc': 0.492, 'below_0.0001_percent_acc': 0.492, 'valid_acc': 0.614}
Epoch: 145	Batch time (0.273194)	Data time (0.006919)	Cuda time (0.000001)	Loss (0.000019)	Accuracy (1.000000)
EVALUATING
{'loss': 0.10129379231482744, 'accuracy': 0.8893314838409424, 'perfect_match_accuracy': 0.469, 'cost_ratio_suggested_true': 1.0160773301124573, 'below_10.0_percent_acc': 0.605, 'below_1.0_percent_acc': 0.513, 'below_0.1_percent_acc': 0.506, 'below_0.01_percent_acc': 0.506, 'below_0.001_percent_acc': 0.494, 'below_0.0001_percent_acc': 0.494, 'valid_acc': 0.617}
Epoch: 146	Batch time (0.274270)	Data time (0.006728)	Cuda time (0.000001)	Loss (0.000017)	Accuracy (1.000000)
EVALUATING
{'loss': 0.10293589856475592, 'accuracy': 0.8876442950963974, 'perfect_match_accuracy': 0.464, 'cost_ratio_suggested_true': 1.0145456838607787, 'below_10.0_percent_acc': 0.592, 'below_1.0_percent_acc': 0.505, 'below_0.1_percent_acc': 0.5, 'below_0.01_percent_acc': 0.5, 'below_0.001_percent_acc': 0.489, 'below_0.0001_percent_acc': 0.489, 'valid_acc': 0.606}
Epoch: 147	Batch time (0.268098)	Data time (0.006980)	Cuda time (0.000002)	Loss (0.000016)	Accuracy (1.000000)
EVALUATING
{'loss': 0.10435162205249071, 'accuracy': 0.8892584669589997, 'perfect_match_accuracy': 0.475, 'cost_ratio_suggested_true': 1.013543650507927, 'below_10.0_percent_acc': 0.604, 'below_1.0_percent_acc': 0.519, 'below_0.1_percent_acc': 0.511, 'below_0.01_percent_acc': 0.511, 'below_0.001_percent_acc': 0.5, 'below_0.0001_percent_acc': 0.5, 'valid_acc': 0.618}
Epoch: 148	Batch time (0.278280)	Data time (0.006829)	Cuda time (0.000001)	Loss (0.000015)	Accuracy (1.000000)
EVALUATING
{'loss': 0.10453186821192503, 'accuracy': 0.8904622721672059, 'perfect_match_accuracy': 0.469, 'cost_ratio_suggested_true': 1.013287562727928, 'below_10.0_percent_acc': 0.609, 'below_1.0_percent_acc': 0.51, 'below_0.1_percent_acc': 0.506, 'below_0.01_percent_acc': 0.506, 'below_0.001_percent_acc': 0.494, 'below_0.0001_percent_acc': 0.494, 'valid_acc': 0.624}
Epoch: 149	Batch time (0.273831)	Data time (0.006894)	Cuda time (0.000001)	Loss (0.006353)	Accuracy (0.991959)
EVALUATING
{'loss': 0.29141633555293084, 'accuracy': 0.7722565299272537, 'perfect_match_accuracy': 0.117, 'cost_ratio_suggested_true': 1.0436651891469955, 'below_10.0_percent_acc': 0.201, 'below_1.0_percent_acc': 0.142, 'below_0.1_percent_acc': 0.134, 'below_0.01_percent_acc': 0.134, 'below_0.001_percent_acc': 0.13, 'below_0.0001_percent_acc': 0.13, 'valid_acc': 0.25}
Epoch: 150	Batch time (0.275381)	Data time (0.006868)	Cuda time (0.000002)	Loss (0.018455)	Accuracy (0.969114)
EVALUATING
{'loss': 0.10012657456099987, 'accuracy': 0.8804042959213256, 'perfect_match_accuracy': 0.38, 'cost_ratio_suggested_true': 1.0550199687480926, 'below_10.0_percent_acc': 0.551, 'below_1.0_percent_acc': 0.41, 'below_0.1_percent_acc': 0.406, 'below_0.01_percent_acc': 0.406, 'below_0.001_percent_acc': 0.396, 'below_0.0001_percent_acc': 0.396, 'valid_acc': 0.587}
