gonzo-605-20.local
declare -x ANT_HOME="/opt/rocks"
declare -x ARC="lx-amd64"
declare -x BASH_ENV="/usr/share/lmod/lmod/init/bash"
declare -x CONDA_DEFAULT_ENV="gpu"
declare -x CONDA_EXE="/cluster/project6/mr_corpora/pminervi/miniconda3/bin/conda"
declare -x CONDA_PREFIX="/cluster/project6/mr_corpora/pminervi/miniconda3/envs/gpu"
declare -x CONDA_PREFIX_1="/cluster/project6/mr_corpora/pminervi/miniconda3"
declare -x CONDA_PROMPT_MODIFIER="(gpu) "
declare -x CONDA_PYTHON_EXE="/cluster/project6/mr_corpora/pminervi/miniconda3/bin/python"
declare -x CONDA_SHLVL="2"
declare -x CUDA_VISIBLE_DEVICES="2"
declare -x ENVIRONMENT="BATCH"
declare -x HISTCONTROL="ignoredups"
declare -x HISTSIZE="1000"
declare -x HOME="/home/pminervi"
declare -x HOSTNAME="gonzo-605-20.local"
declare -x JAVA_HOME="/share/apps/mr/utils/jdk"
declare -x JOB_ID="3349370"
declare -x JOB_NAME="temperature_beaker_v11.job"
declare -x JOB_SCRIPT="/opt/gridengine/default/spool/gonzo-605-20/job_scripts/3349370"
declare -x LANG="en_US.utf8"
declare -x LANGUAGE="en_US:en"
declare -x LD_LIBRARY_PATH="/share/apps/gcc-6.2.0/lib/:/share/apps/gcc-6.2.0/lib64/:/opt/gridengine/lib/lx-amd64"
declare -x LESSOPEN="||/usr/bin/lesspipe.sh %s"
declare -x LMOD_CMD="/usr/share/lmod/lmod/libexec/lmod"
declare -x LMOD_DIR="/usr/share/lmod/lmod/libexec"
declare -x LMOD_PKG="/usr/share/lmod/lmod"
declare -x LMOD_ROOT="/usr/share/lmod"
declare -x LMOD_SETTARG_FULL_SUPPORT="no"
declare -x LMOD_VERSION="8.2.7"
declare -x LMOD_sys="Linux"
declare -x LOADEDMODULES=""
declare -x LOGNAME="pminervi"
declare -x MAIL="/var/spool/mail/pminervi"
declare -x MANPATH="/usr/share/lmod/lmod/share/man:"
declare -x MODULEPATH="/share/apps/modulefiles/default"
declare -x MODULEPATH_ROOT="/usr/share/modulefiles"
declare -x MODULESHOME="/usr/share/lmod/lmod"
declare -x MPICH_PROCESS_GROUP="no"
declare -x NHOSTS="1"
declare -x NQUEUES="1"
declare -x NSLOTS="1"
declare -x OLDPWD="/home/pminervi/workspace/map-backprop"
declare -x PATH="/cluster/project6/mr_corpora/pminervi/miniconda3/envs/gpu/bin:/cluster/project6/mr_corpora/pminervi/miniconda3/condabin:/share/apps/binutils-2.27/bin:/share/apps/gcc-6.2.0/bin:/share/apps/mr/bin:/tmp/3349370.2.gpu.q:/usr/local/bin:/bin:/usr/bin:/usr/local/sbin:/usr/sbin:/opt/ganglia/bin:/opt/ganglia/sbin:/opt/rocks/bin:/opt/rocks/sbin:/opt/gridengine/bin/lx-amd64:/home/pminervi/bin"
declare -x PWD="/home/pminervi/workspace/map-backprop"
declare -x QUEUE="gpu.q"
declare -x REQNAME="temperature_beaker_v11.job"
declare -x REQUEST="temperature_beaker_v11.job"
declare -x RESTARTED="0"
declare -x ROCKSROOT="/opt/rocks/share/devel"
declare -x ROCKS_ROOT="/opt/rocks"
declare -x ROLLSROOT="/opt/rocks/share/devel/src/roll"
declare -x SGE_ACCOUNT="sge"
declare -x SGE_ARCH="lx-amd64"
declare -x SGE_BINARY_PATH="/opt/gridengine/bin/lx-amd64"
declare -x SGE_CELL="default"
declare -x SGE_CWD_PATH="/home/pminervi/workspace/map-backprop"
declare -x SGE_EXECD_PORT="537"
declare -x SGE_JOB_SPOOL_DIR="/opt/gridengine/default/spool/gonzo-605-20/active_jobs/3349370.2"
declare -x SGE_O_HOME="/home/pminervi"
declare -x SGE_O_HOST="beaker"
declare -x SGE_O_LOGNAME="pminervi"
declare -x SGE_O_MAIL="/var/spool/mail/pminervi"
declare -x SGE_O_PATH="/cluster/project6/mr_corpora/pminervi/miniconda3/envs/gpu/bin:/cluster/project6/mr_corpora/pminervi/miniconda3/condabin:/share/apps/binutils-2.27/bin:/share/apps/gcc-6.2.0/bin:/share/apps/mr/bin:/usr/local/bin:/usr/bin:/usr/local/sbin:/usr/sbin:/opt/ganglia/bin:/opt/ganglia/sbin:/opt/rocks/bin:/opt/rocks/sbin:/opt/gridengine/bin/lx-amd64:/home/pminervi/bin"
declare -x SGE_O_SHELL="/bin/bash"
declare -x SGE_O_WORKDIR="/home/pminervi/workspace/map-backprop"
declare -x SGE_QMASTER_PORT="536"
declare -x SGE_ROOT="/opt/gridengine"
declare -x SGE_STDERR_PATH="/home/pminervi/array.err"
declare -x SGE_STDIN_PATH="/dev/null"
declare -x SGE_STDOUT_PATH="/home/pminervi/array.out"
declare -x SGE_TASK_FIRST="1"
declare -x SGE_TASK_ID="2"
declare -x SGE_TASK_LAST="2"
declare -x SGE_TASK_STEPSIZE="1"
declare -x SHELL="/bin/bash"
declare -x SHLVL="2"
declare -x SSH_ASKPASS="/usr/libexec/openssh/gnome-ssh-askpass"
declare -x TERM=""
declare -x TMP="/tmp/3349370.2.gpu.q"
declare -x TMPDIR="/tmp/3349370.2.gpu.q"
declare -x USER="pminervi"
declare -x _CE_CONDA=""
declare -x _CE_M=""
Sat May 22 03:48:03 2021       
+-----------------------------------------------------------------------------+
| NVIDIA-SMI 450.51.05    Driver Version: 450.51.05    CUDA Version: 11.0     |
|-------------------------------+----------------------+----------------------+
| GPU  Name        Persistence-M| Bus-Id        Disp.A | Volatile Uncorr. ECC |
| Fan  Temp  Perf  Pwr:Usage/Cap|         Memory-Usage | GPU-Util  Compute M. |
|                               |                      |               MIG M. |
|===============================+======================+======================|
|   0  TITAN X (Pascal)    On   | 00000000:02:00.0 Off |                  N/A |
| 27%   46C    P2    59W / 250W |   3707MiB / 12196MiB |      0%   E. Process |
|                               |                      |                  N/A |
+-------------------------------+----------------------+----------------------+
|   1  TITAN X (Pascal)    On   | 00000000:03:00.0 Off |                  N/A |
| 26%   37C    P8     9W / 250W |      0MiB / 12196MiB |      0%   E. Process |
|                               |                      |                  N/A |
+-------------------------------+----------------------+----------------------+
|   2  TITAN X (Pascal)    On   | 00000000:81:00.0 Off |                  N/A |
| 23%   21C    P8     8W / 250W |      0MiB / 12196MiB |      0%   E. Process |
|                               |                      |                  N/A |
+-------------------------------+----------------------+----------------------+
|   3  TITAN X (Pascal)    On   | 00000000:82:00.0 Off |                  N/A |
| 23%   24C    P8     9W / 250W |      0MiB / 12196MiB |      0%   E. Process |
|                               |                      |                  N/A |
+-------------------------------+----------------------+----------------------+
                                                                               
+-----------------------------------------------------------------------------+
| Processes:                                                                  |
|  GPU   GI   CI        PID   Type   Process name                  GPU Memory |
|        ID   ID                                                   Usage      |
|=============================================================================|
|    0   N/A  N/A     28409      C   ...ate_every=1 use_ray=False     3705MiB |
+-----------------------------------------------------------------------------+
No existing entry for trainer_params.mode.type
{}[type] = <class 'int'>(4)
No existing entry for trainer_params.mode.objective_type
{'type': 4}[objective_type] = <class 'str'>(normal)
No existing entry for trainer_params.mode.use_marginal
{'type': 4, 'objective_type': 'normal'}[use_marginal] = <class 'bool'>(True)
No existing entry for trainer_params.mode.nb_samples
{'type': 4, 'objective_type': 'normal', 'use_marginal': True}[nb_samples] = <class 'int'>(1)
No existing entry for trainer_params.mode.temperature
{'type': 4, 'objective_type': 'normal', 'use_marginal': True, 'nb_samples': 1}[temperature] = <class 'int'>(39)
No existing entry for trainer_params.mode.use_gamma
{'type': 4, 'objective_type': 'normal', 'use_marginal': True, 'nb_samples': 1, 'temperature': 39}[use_gamma] = <class 'bool'>(True)
No existing entry for trainer_params.mode.loss_type
{'type': 4, 'objective_type': 'normal', 'use_marginal': True, 'nb_samples': 1, 'temperature': 39, 'use_gamma': True}[loss_type] = <class 'str'>(normal)
No existing entry for trainer_params.mode.perturb_w
{'type': 4, 'objective_type': 'normal', 'use_marginal': True, 'nb_samples': 1, 'temperature': 39, 'use_gamma': True, 'loss_type': 'normal'}[perturb_w] = <class 'bool'>(True)
No existing entry for trainer_params.mode.perturb_w_prime
{'type': 4, 'objective_type': 'normal', 'use_marginal': True, 'nb_samples': 1, 'temperature': 39, 'use_gamma': True, 'loss_type': 'normal', 'perturb_w': True}[perturb_w_prime] = <class 'bool'>(True)
{'batch_size': 70, 'l1_regconst': 0.0, 'lambda_val': 20.0, 'lr_milestone_1': 30, 'lr_milestone_2': 40, 'model_params': {'arch_params': {}, 'model_name': 'CombResnet18'}, 'neighbourhood_fn': '8-grid', 'optimizer_name': 'Adam', 'optimizer_params': {'lr': 0.0005}, 'preload_batch': True, 'use_cuda': True, 'use_lr_scheduling': True, 'mode': {'type': 4, 'objective_type': 'normal', 'use_marginal': True, 'nb_samples': 1, 'temperature': 39, 'use_gamma': True, 'loss_type': 'normal', 'perturb_w': True, 'perturb_w_prime': True}}[lambda_val] = <class 'float'>(10.0)
{'data_dir': 'data/warcraft_shortest_path/12x12', 'evaluate_with_extra': False, 'normalize': True, 'use_local_path': False, 'use_test_set': True}[data_dir] = <class 'str'>(data/warcraft_shortest_path/30x30)
{'evaluate_every': 5, 'loader_params': {'data_dir': 'data/warcraft_shortest_path/30x30', 'evaluate_with_extra': False, 'normalize': True, 'use_local_path': False, 'use_test_set': True}, 'model_dir': 'results/warcraft_shortest_path_combresnet', 'num_cpus': 32, 'num_epochs': 50, 'problem_type': 'warcraft_shortest_path', 'ray_params': {}, 'save_visualizations': False, 'seed': 1, 'trainer_name': 'DijkstraMAP', 'trainer_params': {'batch_size': 70, 'l1_regconst': 0.0, 'lambda_val': 10.0, 'lr_milestone_1': 30, 'lr_milestone_2': 40, 'model_params': {'arch_params': {}, 'model_name': 'CombResnet18'}, 'neighbourhood_fn': '8-grid', 'optimizer_name': 'Adam', 'optimizer_params': {'lr': 0.0005}, 'preload_batch': True, 'use_cuda': True, 'use_lr_scheduling': True, 'mode': {'type': 4, 'objective_type': 'normal', 'use_marginal': True, 'nb_samples': 1, 'temperature': 39, 'use_gamma': True, 'loss_type': 'normal', 'perturb_w': True, 'perturb_w_prime': True}}, 'use_ray': True}[seed] = <class 'int'>(2)
{'evaluate_every': 5, 'loader_params': {'data_dir': 'data/warcraft_shortest_path/30x30', 'evaluate_with_extra': False, 'normalize': True, 'use_local_path': False, 'use_test_set': True}, 'model_dir': 'results/warcraft_shortest_path_combresnet', 'num_cpus': 32, 'num_epochs': 50, 'problem_type': 'warcraft_shortest_path', 'ray_params': {}, 'save_visualizations': False, 'seed': 2, 'trainer_name': 'DijkstraMAP', 'trainer_params': {'batch_size': 70, 'l1_regconst': 0.0, 'lambda_val': 10.0, 'lr_milestone_1': 30, 'lr_milestone_2': 40, 'model_params': {'arch_params': {}, 'model_name': 'CombResnet18'}, 'neighbourhood_fn': '8-grid', 'optimizer_name': 'Adam', 'optimizer_params': {'lr': 0.0005}, 'preload_batch': True, 'use_cuda': True, 'use_lr_scheduling': True, 'mode': {'type': 4, 'objective_type': 'normal', 'use_marginal': True, 'nb_samples': 1, 'temperature': 39, 'use_gamma': True, 'loss_type': 'normal', 'perturb_w': True, 'perturb_w_prime': True}}, 'use_ray': True}[evaluate_every] = <class 'int'>(1)
{'evaluate_every': 1, 'loader_params': {'data_dir': 'data/warcraft_shortest_path/30x30', 'evaluate_with_extra': False, 'normalize': True, 'use_local_path': False, 'use_test_set': True}, 'model_dir': 'results/warcraft_shortest_path_combresnet', 'num_cpus': 32, 'num_epochs': 50, 'problem_type': 'warcraft_shortest_path', 'ray_params': {}, 'save_visualizations': False, 'seed': 2, 'trainer_name': 'DijkstraMAP', 'trainer_params': {'batch_size': 70, 'l1_regconst': 0.0, 'lambda_val': 10.0, 'lr_milestone_1': 30, 'lr_milestone_2': 40, 'model_params': {'arch_params': {}, 'model_name': 'CombResnet18'}, 'neighbourhood_fn': '8-grid', 'optimizer_name': 'Adam', 'optimizer_params': {'lr': 0.0005}, 'preload_batch': True, 'use_cuda': True, 'use_lr_scheduling': True, 'mode': {'type': 4, 'objective_type': 'normal', 'use_marginal': True, 'nb_samples': 1, 'temperature': 39, 'use_gamma': True, 'loss_type': 'normal', 'perturb_w': True, 'perturb_w_prime': True}}, 'use_ray': True}[use_ray] = <class 'bool'>(False)
No existing entry for trainer_params.mode.type
{}[type] = <class 'int'>(4)
No existing entry for trainer_params.mode.objective_type
{'type': 4}[objective_type] = <class 'str'>(normal)
No existing entry for trainer_params.mode.use_marginal
{'type': 4, 'objective_type': 'normal'}[use_marginal] = <class 'bool'>(True)
No existing entry for trainer_params.mode.nb_samples
{'type': 4, 'objective_type': 'normal', 'use_marginal': True}[nb_samples] = <class 'int'>(1)
No existing entry for trainer_params.mode.temperature
{'type': 4, 'objective_type': 'normal', 'use_marginal': True, 'nb_samples': 1}[temperature] = <class 'int'>(39)
No existing entry for trainer_params.mode.use_gamma
{'type': 4, 'objective_type': 'normal', 'use_marginal': True, 'nb_samples': 1, 'temperature': 39}[use_gamma] = <class 'bool'>(True)
No existing entry for trainer_params.mode.loss_type
{'type': 4, 'objective_type': 'normal', 'use_marginal': True, 'nb_samples': 1, 'temperature': 39, 'use_gamma': True}[loss_type] = <class 'str'>(normal)
No existing entry for trainer_params.mode.perturb_w
{'type': 4, 'objective_type': 'normal', 'use_marginal': True, 'nb_samples': 1, 'temperature': 39, 'use_gamma': True, 'loss_type': 'normal'}[perturb_w] = <class 'bool'>(True)
No existing entry for trainer_params.mode.perturb_w_prime
{'type': 4, 'objective_type': 'normal', 'use_marginal': True, 'nb_samples': 1, 'temperature': 39, 'use_gamma': True, 'loss_type': 'normal', 'perturb_w': True}[perturb_w_prime] = <class 'bool'>(True)
{'batch_size': 70, 'l1_regconst': 0.0, 'lambda_val': 20.0, 'lr_milestone_1': 30, 'lr_milestone_2': 40, 'model_params': {'arch_params': {}, 'model_name': 'CombResnet18'}, 'neighbourhood_fn': '8-grid', 'optimizer_name': 'Adam', 'optimizer_params': {'lr': 0.0005}, 'preload_batch': True, 'use_cuda': True, 'use_lr_scheduling': True, 'mode': {'type': 4, 'objective_type': 'normal', 'use_marginal': True, 'nb_samples': 1, 'temperature': 39, 'use_gamma': True, 'loss_type': 'normal', 'perturb_w': True, 'perturb_w_prime': True}}[lambda_val] = <class 'float'>(10.0)
{'data_dir': 'data/warcraft_shortest_path/12x12', 'evaluate_with_extra': False, 'normalize': True, 'use_local_path': False, 'use_test_set': True}[data_dir] = <class 'str'>(data/warcraft_shortest_path/30x30)
{'evaluate_every': 5, 'loader_params': {'data_dir': 'data/warcraft_shortest_path/30x30', 'evaluate_with_extra': False, 'normalize': True, 'use_local_path': False, 'use_test_set': True}, 'model_dir': 'results/warcraft_shortest_path_combresnet', 'num_cpus': 32, 'num_epochs': 50, 'problem_type': 'warcraft_shortest_path', 'ray_params': {}, 'save_visualizations': False, 'seed': 1, 'trainer_name': 'DijkstraMAP', 'trainer_params': {'batch_size': 70, 'l1_regconst': 0.0, 'lambda_val': 10.0, 'lr_milestone_1': 30, 'lr_milestone_2': 40, 'model_params': {'arch_params': {}, 'model_name': 'CombResnet18'}, 'neighbourhood_fn': '8-grid', 'optimizer_name': 'Adam', 'optimizer_params': {'lr': 0.0005}, 'preload_batch': True, 'use_cuda': True, 'use_lr_scheduling': True, 'mode': {'type': 4, 'objective_type': 'normal', 'use_marginal': True, 'nb_samples': 1, 'temperature': 39, 'use_gamma': True, 'loss_type': 'normal', 'perturb_w': True, 'perturb_w_prime': True}}, 'use_ray': True}[seed] = <class 'int'>(2)
{'evaluate_every': 5, 'loader_params': {'data_dir': 'data/warcraft_shortest_path/30x30', 'evaluate_with_extra': False, 'normalize': True, 'use_local_path': False, 'use_test_set': True}, 'model_dir': 'results/warcraft_shortest_path_combresnet', 'num_cpus': 32, 'num_epochs': 50, 'problem_type': 'warcraft_shortest_path', 'ray_params': {}, 'save_visualizations': False, 'seed': 2, 'trainer_name': 'DijkstraMAP', 'trainer_params': {'batch_size': 70, 'l1_regconst': 0.0, 'lambda_val': 10.0, 'lr_milestone_1': 30, 'lr_milestone_2': 40, 'model_params': {'arch_params': {}, 'model_name': 'CombResnet18'}, 'neighbourhood_fn': '8-grid', 'optimizer_name': 'Adam', 'optimizer_params': {'lr': 0.0005}, 'preload_batch': True, 'use_cuda': True, 'use_lr_scheduling': True, 'mode': {'type': 4, 'objective_type': 'normal', 'use_marginal': True, 'nb_samples': 1, 'temperature': 39, 'use_gamma': True, 'loss_type': 'normal', 'perturb_w': True, 'perturb_w_prime': True}}, 'use_ray': True}[evaluate_every] = <class 'int'>(1)
{'evaluate_every': 1, 'loader_params': {'data_dir': 'data/warcraft_shortest_path/30x30', 'evaluate_with_extra': False, 'normalize': True, 'use_local_path': False, 'use_test_set': True}, 'model_dir': 'results/warcraft_shortest_path_combresnet', 'num_cpus': 32, 'num_epochs': 50, 'problem_type': 'warcraft_shortest_path', 'ray_params': {}, 'save_visualizations': False, 'seed': 2, 'trainer_name': 'DijkstraMAP', 'trainer_params': {'batch_size': 70, 'l1_regconst': 0.0, 'lambda_val': 10.0, 'lr_milestone_1': 30, 'lr_milestone_2': 40, 'model_params': {'arch_params': {}, 'model_name': 'CombResnet18'}, 'neighbourhood_fn': '8-grid', 'optimizer_name': 'Adam', 'optimizer_params': {'lr': 0.0005}, 'preload_batch': True, 'use_cuda': True, 'use_lr_scheduling': True, 'mode': {'type': 4, 'objective_type': 'normal', 'use_marginal': True, 'nb_samples': 1, 'temperature': 39, 'use_gamma': True, 'loss_type': 'normal', 'perturb_w': True, 'perturb_w_prime': True}}, 'use_ray': True}[use_ray] = <class 'bool'>(False)
{
    "evaluate_every": 1,
    "loader_params": {
        "data_dir": "data/warcraft_shortest_path/30x30",
        "evaluate_with_extra": false,
        "normalize": true,
        "use_local_path": false,
        "use_test_set": true
    },
    "model_dir": "results/warcraft_shortest_path_combresnet",
    "num_cpus": 32,
    "num_epochs": 50,
    "problem_type": "warcraft_shortest_path",
    "ray_params": {},
    "save_visualizations": false,
    "seed": 2,
    "trainer_name": "DijkstraMAP",
    "trainer_params": {
        "batch_size": 70,
        "l1_regconst": 0.0,
        "lambda_val": 10.0,
        "lr_milestone_1": 30,
        "lr_milestone_2": 40,
        "mode": {
            "loss_type": "normal",
            "nb_samples": 1,
            "objective_type": "normal",
            "perturb_w": true,
            "perturb_w_prime": true,
            "temperature": 39,
            "type": 4,
            "use_gamma": true,
            "use_marginal": true
        },
        "model_params": {
            "arch_params": {},
            "model_name": "CombResnet18"
        },
        "neighbourhood_fn": "8-grid",
        "optimizer_name": "Adam",
        "optimizer_params": {
            "lr": 0.0005
        },
        "preload_batch": true,
        "use_cuda": true,
        "use_lr_scheduling": true
    },
    "use_ray": false
}
MAP-BACKPROP MODE: {
    "loss_type": "normal",
    "nb_samples": 1,
    "objective_type": "normal",
    "perturb_w": true,
    "perturb_w_prime": true,
    "temperature": 39,
    "type": 4,
    "use_gamma": true,
    "use_marginal": true
}
True
META: {'input_image_size': 240, 'output_features': 900, 'num_channels': 3, 'denormalize': <maprop.decorators.input_to_numpy object at 0x2b44f31b4e48>}
EVALUATING
{'loss': 54.06100116729736, 'accuracy': 0.9399322521686554, 'perfect_match_accuracy': 0.001, 'cost_ratio_suggested_true': 2.430697991847992, 'below_10.0_percent_acc': 0.125, 'below_1.0_percent_acc': 0.009, 'below_0.1_percent_acc': 0.009, 'below_0.01_percent_acc': 0.009, 'below_0.001_percent_acc': 0.008, 'below_0.0001_percent_acc': 0.008, 'valid_acc': 1.0}
Epoch: 1	Batch time (5.085207)	Data time (0.101625)	Cuda time (0.000003)	Loss (190.345305)	Accuracy (0.788505)
EVALUATING
{'loss': 41.915001487731935, 'accuracy': 0.9534278047084809, 'perfect_match_accuracy': 0.003, 'cost_ratio_suggested_true': 1.1685462868213654, 'below_10.0_percent_acc': 0.996, 'below_1.0_percent_acc': 0.39, 'below_0.1_percent_acc': 0.275, 'below_0.01_percent_acc': 0.275, 'below_0.001_percent_acc': 0.26, 'below_0.0001_percent_acc': 0.26, 'valid_acc': 1.0}
Epoch: 2	Batch time (4.810802)	Data time (0.099425)	Cuda time (0.000003)	Loss (183.607104)	Accuracy (0.795992)
EVALUATING
{'loss': 34.46100200653076, 'accuracy': 0.9617100316286087, 'perfect_match_accuracy': 0.009, 'cost_ratio_suggested_true': 1.1557545006275176, 'below_10.0_percent_acc': 0.999, 'below_1.0_percent_acc': 0.673, 'below_0.1_percent_acc': 0.552, 'below_0.01_percent_acc': 0.551, 'below_0.001_percent_acc': 0.516, 'below_0.0001_percent_acc': 0.516, 'valid_acc': 1.0}
Epoch: 3	Batch time (4.741225)	Data time (0.095762)	Cuda time (0.000003)	Loss (179.260004)	Accuracy (0.800822)
EVALUATING
{'loss': 30.86700122833252, 'accuracy': 0.965703352689743, 'perfect_match_accuracy': 0.011, 'cost_ratio_suggested_true': 1.1468914926052094, 'below_10.0_percent_acc': 1.0, 'below_1.0_percent_acc': 0.875, 'below_0.1_percent_acc': 0.805, 'below_0.01_percent_acc': 0.804, 'below_0.001_percent_acc': 0.721, 'below_0.0001_percent_acc': 0.721, 'valid_acc': 1.0}
Epoch: 4	Batch time (4.748621)	Data time (0.097825)	Cuda time (0.000003)	Loss (178.825705)	Accuracy (0.801305)
EVALUATING
{'loss': 34.53400156021118, 'accuracy': 0.9616289228200913, 'perfect_match_accuracy': 0.011, 'cost_ratio_suggested_true': 1.1344122803211212, 'below_10.0_percent_acc': 0.999, 'below_1.0_percent_acc': 0.824, 'below_0.1_percent_acc': 0.729, 'below_0.01_percent_acc': 0.728, 'below_0.001_percent_acc': 0.674, 'below_0.0001_percent_acc': 0.674, 'valid_acc': 1.0}
Epoch: 5	Batch time (4.774025)	Data time (0.098523)	Cuda time (0.000003)	Loss (178.174705)	Accuracy (0.802028)
EVALUATING
{'loss': 31.686001262664796, 'accuracy': 0.9647933596372604, 'perfect_match_accuracy': 0.01, 'cost_ratio_suggested_true': 1.1292786490917206, 'below_10.0_percent_acc': 0.999, 'below_1.0_percent_acc': 0.828, 'below_0.1_percent_acc': 0.74, 'below_0.01_percent_acc': 0.738, 'below_0.001_percent_acc': 0.685, 'below_0.0001_percent_acc': 0.685, 'valid_acc': 1.0}
Epoch: 6	Batch time (4.760866)	Data time (0.100623)	Cuda time (0.000003)	Loss (177.708305)	Accuracy (0.802546)
EVALUATING
{'loss': 28.854001235961913, 'accuracy': 0.9679400330781937, 'perfect_match_accuracy': 0.015, 'cost_ratio_suggested_true': 1.1191670358181, 'below_10.0_percent_acc': 1.0, 'below_1.0_percent_acc': 0.937, 'below_0.1_percent_acc': 0.897, 'below_0.01_percent_acc': 0.897, 'below_0.001_percent_acc': 0.862, 'below_0.0001_percent_acc': 0.862, 'valid_acc': 1.0}
Epoch: 7	Batch time (4.751871)	Data time (0.097596)	Cuda time (0.000003)	Loss (176.052005)	Accuracy (0.804387)
EVALUATING
{'loss': 30.86300106048584, 'accuracy': 0.9657078051567077, 'perfect_match_accuracy': 0.009, 'cost_ratio_suggested_true': 1.126854921579361, 'below_10.0_percent_acc': 1.0, 'below_1.0_percent_acc': 0.903, 'below_0.1_percent_acc': 0.834, 'below_0.01_percent_acc': 0.834, 'below_0.001_percent_acc': 0.798, 'below_0.0001_percent_acc': 0.797, 'valid_acc': 1.0}
Epoch: 8	Batch time (4.741048)	Data time (0.096816)	Cuda time (0.000003)	Loss (176.630905)	Accuracy (0.803743)
EVALUATING
{'loss': 32.28700138092041, 'accuracy': 0.9641255831718445, 'perfect_match_accuracy': 0.006, 'cost_ratio_suggested_true': 1.1404351603984832, 'below_10.0_percent_acc': 1.0, 'below_1.0_percent_acc': 0.908, 'below_0.1_percent_acc': 0.861, 'below_0.01_percent_acc': 0.861, 'below_0.001_percent_acc': 0.819, 'below_0.0001_percent_acc': 0.819, 'valid_acc': 1.0}
Epoch: 9	Batch time (4.784536)	Data time (0.095427)	Cuda time (0.000003)	Loss (176.829805)	Accuracy (0.803522)
EVALUATING
{'loss': 28.781000938415527, 'accuracy': 0.9680211335420609, 'perfect_match_accuracy': 0.014, 'cost_ratio_suggested_true': 1.1079149568080902, 'below_10.0_percent_acc': 1.0, 'below_1.0_percent_acc': 0.941, 'below_0.1_percent_acc': 0.903, 'below_0.01_percent_acc': 0.902, 'below_0.001_percent_acc': 0.847, 'below_0.0001_percent_acc': 0.847, 'valid_acc': 1.0}
Epoch: 10	Batch time (4.758094)	Data time (0.097866)	Cuda time (0.000003)	Loss (175.716405)	Accuracy (0.804760)
EVALUATING
{'loss': 26.993001079559328, 'accuracy': 0.9700078022480011, 'perfect_match_accuracy': 0.019, 'cost_ratio_suggested_true': 1.0932848572731018, 'below_10.0_percent_acc': 1.0, 'below_1.0_percent_acc': 0.916, 'below_0.1_percent_acc': 0.856, 'below_0.01_percent_acc': 0.854, 'below_0.001_percent_acc': 0.822, 'below_0.0001_percent_acc': 0.822, 'valid_acc': 1.0}
Epoch: 11	Batch time (4.747213)	Data time (0.096454)	Cuda time (0.000003)	Loss (176.137005)	Accuracy (0.804292)
EVALUATING
{'loss': 30.49000146865845, 'accuracy': 0.9661222457885742, 'perfect_match_accuracy': 0.012, 'cost_ratio_suggested_true': 1.1245384204387665, 'below_10.0_percent_acc': 1.0, 'below_1.0_percent_acc': 0.974, 'below_0.1_percent_acc': 0.947, 'below_0.01_percent_acc': 0.947, 'below_0.001_percent_acc': 0.881, 'below_0.0001_percent_acc': 0.881, 'valid_acc': 1.0}
Epoch: 12	Batch time (4.752466)	Data time (0.096460)	Cuda time (0.000003)	Loss (176.266704)	Accuracy (0.804148)
EVALUATING
{'loss': 31.389000720977783, 'accuracy': 0.9651233547925949, 'perfect_match_accuracy': 0.009, 'cost_ratio_suggested_true': 1.120889391899109, 'below_10.0_percent_acc': 1.0, 'below_1.0_percent_acc': 0.968, 'below_0.1_percent_acc': 0.937, 'below_0.01_percent_acc': 0.936, 'below_0.001_percent_acc': 0.885, 'below_0.0001_percent_acc': 0.885, 'valid_acc': 1.0}
Epoch: 13	Batch time (4.787024)	Data time (0.095840)	Cuda time (0.000003)	Loss (176.345906)	Accuracy (0.804060)
EVALUATING
{'loss': 32.94000183105469, 'accuracy': 0.9634000277519226, 'perfect_match_accuracy': 0.007, 'cost_ratio_suggested_true': 1.1100082182884217, 'below_10.0_percent_acc': 1.0, 'below_1.0_percent_acc': 0.972, 'below_0.1_percent_acc': 0.944, 'below_0.01_percent_acc': 0.944, 'below_0.001_percent_acc': 0.909, 'below_0.0001_percent_acc': 0.909, 'valid_acc': 1.0}
Epoch: 14	Batch time (4.709762)	Data time (0.094439)	Cuda time (0.000003)	Loss (176.383605)	Accuracy (0.804018)
EVALUATING
{'loss': 29.973000774383546, 'accuracy': 0.9666966849565506, 'perfect_match_accuracy': 0.009, 'cost_ratio_suggested_true': 1.1141833329200745, 'below_10.0_percent_acc': 1.0, 'below_1.0_percent_acc': 0.967, 'below_0.1_percent_acc': 0.94, 'below_0.01_percent_acc': 0.94, 'below_0.001_percent_acc': 0.918, 'below_0.0001_percent_acc': 0.918, 'valid_acc': 1.0}
Epoch: 15	Batch time (4.716152)	Data time (0.092313)	Cuda time (0.000003)	Loss (176.247605)	Accuracy (0.804169)
EVALUATING
{'loss': 31.269000778198244, 'accuracy': 0.9652566975355148, 'perfect_match_accuracy': 0.006, 'cost_ratio_suggested_true': 1.1062422323226928, 'below_10.0_percent_acc': 1.0, 'below_1.0_percent_acc': 0.981, 'below_0.1_percent_acc': 0.959, 'below_0.01_percent_acc': 0.959, 'below_0.001_percent_acc': 0.913, 'below_0.0001_percent_acc': 0.913, 'valid_acc': 1.0}
Epoch: 16	Batch time (4.720371)	Data time (0.093396)	Cuda time (0.000003)	Loss (176.150505)	Accuracy (0.804277)
EVALUATING
{'loss': 28.09900043487549, 'accuracy': 0.9687789261341095, 'perfect_match_accuracy': 0.015, 'cost_ratio_suggested_true': 1.123357754945755, 'below_10.0_percent_acc': 1.0, 'below_1.0_percent_acc': 0.956, 'below_0.1_percent_acc': 0.918, 'below_0.01_percent_acc': 0.918, 'below_0.001_percent_acc': 0.835, 'below_0.0001_percent_acc': 0.834, 'valid_acc': 1.0}
Epoch: 17	Batch time (4.768741)	Data time (0.096968)	Cuda time (0.000003)	Loss (176.776905)	Accuracy (0.803581)
EVALUATING
{'loss': 30.019001235961912, 'accuracy': 0.9666455799341201, 'perfect_match_accuracy': 0.01, 'cost_ratio_suggested_true': 1.1148560047149658, 'below_10.0_percent_acc': 1.0, 'below_1.0_percent_acc': 0.958, 'below_0.1_percent_acc': 0.92, 'below_0.01_percent_acc': 0.92, 'below_0.001_percent_acc': 0.911, 'below_0.0001_percent_acc': 0.911, 'valid_acc': 1.0}
Epoch: 18	Batch time (4.778121)	Data time (0.097418)	Cuda time (0.000003)	Loss (176.988205)	Accuracy (0.803346)
EVALUATING
{'loss': 27.038000926971435, 'accuracy': 0.9699578022956848, 'perfect_match_accuracy': 0.009, 'cost_ratio_suggested_true': 1.1193426620960236, 'below_10.0_percent_acc': 1.0, 'below_1.0_percent_acc': 0.969, 'below_0.1_percent_acc': 0.934, 'below_0.01_percent_acc': 0.934, 'below_0.001_percent_acc': 0.908, 'below_0.0001_percent_acc': 0.908, 'valid_acc': 1.0}
Epoch: 19	Batch time (4.720629)	Data time (0.096578)	Cuda time (0.000003)	Loss (176.002305)	Accuracy (0.804442)
EVALUATING
{'loss': 27.08500078201294, 'accuracy': 0.9699055814743042, 'perfect_match_accuracy': 0.016, 'cost_ratio_suggested_true': 1.0919368481636047, 'below_10.0_percent_acc': 1.0, 'below_1.0_percent_acc': 0.975, 'below_0.1_percent_acc': 0.944, 'below_0.01_percent_acc': 0.943, 'below_0.001_percent_acc': 0.894, 'below_0.0001_percent_acc': 0.894, 'valid_acc': 1.0}
Epoch: 20	Batch time (4.698729)	Data time (0.096800)	Cuda time (0.000003)	Loss (176.337404)	Accuracy (0.804070)
EVALUATING
{'loss': 29.638001213073732, 'accuracy': 0.9670689076185226, 'perfect_match_accuracy': 0.012, 'cost_ratio_suggested_true': 1.1056384456157684, 'below_10.0_percent_acc': 1.0, 'below_1.0_percent_acc': 0.987, 'below_0.1_percent_acc': 0.968, 'below_0.01_percent_acc': 0.968, 'below_0.001_percent_acc': 0.944, 'below_0.0001_percent_acc': 0.944, 'valid_acc': 1.0}
Epoch: 21	Batch time (4.673458)	Data time (0.097438)	Cuda time (0.000003)	Loss (175.433404)	Accuracy (0.805074)
EVALUATING
{'loss': 28.737000885009767, 'accuracy': 0.9680700296163559, 'perfect_match_accuracy': 0.02, 'cost_ratio_suggested_true': 1.1314357447624206, 'below_10.0_percent_acc': 1.0, 'below_1.0_percent_acc': 0.993, 'below_0.1_percent_acc': 0.978, 'below_0.01_percent_acc': 0.978, 'below_0.001_percent_acc': 0.899, 'below_0.0001_percent_acc': 0.899, 'valid_acc': 1.0}
Epoch: 22	Batch time (4.713482)	Data time (0.091758)	Cuda time (0.000003)	Loss (176.700505)	Accuracy (0.803666)
EVALUATING
{'loss': 25.795001163482667, 'accuracy': 0.9713389164209366, 'perfect_match_accuracy': 0.025, 'cost_ratio_suggested_true': 1.1068064558506012, 'below_10.0_percent_acc': 1.0, 'below_1.0_percent_acc': 0.981, 'below_0.1_percent_acc': 0.963, 'below_0.01_percent_acc': 0.962, 'below_0.001_percent_acc': 0.897, 'below_0.0001_percent_acc': 0.897, 'valid_acc': 1.0}
Epoch: 23	Batch time (4.670270)	Data time (0.098478)	Cuda time (0.000003)	Loss (176.811505)	Accuracy (0.803543)
EVALUATING
{'loss': 29.270000762939453, 'accuracy': 0.9674778091907501, 'perfect_match_accuracy': 0.017, 'cost_ratio_suggested_true': 1.1454558968544006, 'below_10.0_percent_acc': 1.0, 'below_1.0_percent_acc': 0.979, 'below_0.1_percent_acc': 0.955, 'below_0.01_percent_acc': 0.955, 'below_0.001_percent_acc': 0.891, 'below_0.0001_percent_acc': 0.891, 'valid_acc': 1.0}
Epoch: 24	Batch time (4.769310)	Data time (0.098220)	Cuda time (0.000003)	Loss (176.388204)	Accuracy (0.804013)
EVALUATING
{'loss': 27.380000629425048, 'accuracy': 0.9695778053998947, 'perfect_match_accuracy': 0.016, 'cost_ratio_suggested_true': 1.1214914536476135, 'below_10.0_percent_acc': 1.0, 'below_1.0_percent_acc': 0.982, 'below_0.1_percent_acc': 0.963, 'below_0.01_percent_acc': 0.962, 'below_0.001_percent_acc': 0.896, 'below_0.0001_percent_acc': 0.896, 'valid_acc': 1.0}
Epoch: 25	Batch time (4.765932)	Data time (0.097964)	Cuda time (0.000003)	Loss (176.356805)	Accuracy (0.804048)
EVALUATING
{'loss': 25.883000602722166, 'accuracy': 0.9712411361932755, 'perfect_match_accuracy': 0.016, 'cost_ratio_suggested_true': 1.0718742609024048, 'below_10.0_percent_acc': 1.0, 'below_1.0_percent_acc': 0.991, 'below_0.1_percent_acc': 0.979, 'below_0.01_percent_acc': 0.978, 'below_0.001_percent_acc': 0.923, 'below_0.0001_percent_acc': 0.923, 'valid_acc': 1.0}
Epoch: 26	Batch time (4.779879)	Data time (0.096610)	Cuda time (0.000003)	Loss (176.239005)	Accuracy (0.804179)
EVALUATING
{'loss': 23.310001010894776, 'accuracy': 0.9741000294685364, 'perfect_match_accuracy': 0.029, 'cost_ratio_suggested_true': 1.0971042549610137, 'below_10.0_percent_acc': 1.0, 'below_1.0_percent_acc': 0.988, 'below_0.1_percent_acc': 0.977, 'below_0.01_percent_acc': 0.977, 'below_0.001_percent_acc': 0.891, 'below_0.0001_percent_acc': 0.891, 'valid_acc': 1.0}
Epoch: 27	Batch time (4.754813)	Data time (0.096027)	Cuda time (0.000003)	Loss (176.336905)	Accuracy (0.804070)
EVALUATING
{'loss': 28.975000591278075, 'accuracy': 0.9678055834770203, 'perfect_match_accuracy': 0.014, 'cost_ratio_suggested_true': 1.1064382255077363, 'below_10.0_percent_acc': 1.0, 'below_1.0_percent_acc': 0.993, 'below_0.1_percent_acc': 0.978, 'below_0.01_percent_acc': 0.977, 'below_0.001_percent_acc': 0.884, 'below_0.0001_percent_acc': 0.883, 'valid_acc': 1.0}
Epoch: 28	Batch time (4.767039)	Data time (0.096805)	Cuda time (0.000003)	Loss (175.940703)	Accuracy (0.804510)
EVALUATING
{'loss': 29.87200080871582, 'accuracy': 0.9668089145421982, 'perfect_match_accuracy': 0.005, 'cost_ratio_suggested_true': 1.0935004937648773, 'below_10.0_percent_acc': 1.0, 'below_1.0_percent_acc': 0.987, 'below_0.1_percent_acc': 0.965, 'below_0.01_percent_acc': 0.965, 'below_0.001_percent_acc': 0.933, 'below_0.0001_percent_acc': 0.933, 'valid_acc': 1.0}
Epoch: 29	Batch time (4.788197)	Data time (0.098326)	Cuda time (0.000003)	Loss (176.783104)	Accuracy (0.803574)
EVALUATING
{'loss': 28.1340008354187, 'accuracy': 0.9687400215864181, 'perfect_match_accuracy': 0.009, 'cost_ratio_suggested_true': 1.1129065144062043, 'below_10.0_percent_acc': 1.0, 'below_1.0_percent_acc': 0.985, 'below_0.1_percent_acc': 0.966, 'below_0.01_percent_acc': 0.966, 'below_0.001_percent_acc': 0.934, 'below_0.0001_percent_acc': 0.934, 'valid_acc': 1.0}
Epoch: 30	Batch time (4.765131)	Data time (0.097926)	Cuda time (0.000003)	Loss (175.958604)	Accuracy (0.804490)
EVALUATING
{'loss': 32.51400136947632, 'accuracy': 0.9638733565807343, 'perfect_match_accuracy': 0.012, 'cost_ratio_suggested_true': 1.1499143993854524, 'below_10.0_percent_acc': 1.0, 'below_1.0_percent_acc': 0.959, 'below_0.1_percent_acc': 0.924, 'below_0.01_percent_acc': 0.924, 'below_0.001_percent_acc': 0.876, 'below_0.0001_percent_acc': 0.876, 'valid_acc': 1.0}
Epoch: 31	Batch time (4.710468)	Data time (0.099010)	Cuda time (0.000003)	Loss (176.364105)	Accuracy (0.804040)
EVALUATING
{'loss': 29.198001003265382, 'accuracy': 0.9675578033924103, 'perfect_match_accuracy': 0.009, 'cost_ratio_suggested_true': 1.1261870002746581, 'below_10.0_percent_acc': 1.0, 'below_1.0_percent_acc': 0.997, 'below_0.1_percent_acc': 0.993, 'below_0.01_percent_acc': 0.993, 'below_0.001_percent_acc': 0.919, 'below_0.0001_percent_acc': 0.919, 'valid_acc': 1.0}
Epoch: 32	Batch time (4.724171)	Data time (0.097681)	Cuda time (0.000003)	Loss (176.318604)	Accuracy (0.804090)
EVALUATING
{'loss': 29.112000522613524, 'accuracy': 0.9676533555984497, 'perfect_match_accuracy': 0.009, 'cost_ratio_suggested_true': 1.1166567707061767, 'below_10.0_percent_acc': 1.0, 'below_1.0_percent_acc': 0.997, 'below_0.1_percent_acc': 0.993, 'below_0.01_percent_acc': 0.993, 'below_0.001_percent_acc': 0.935, 'below_0.0001_percent_acc': 0.935, 'valid_acc': 1.0}
Epoch: 33	Batch time (4.738092)	Data time (0.096432)	Cuda time (0.000003)	Loss (176.815405)	Accuracy (0.803538)
EVALUATING
{'loss': 29.297000942230223, 'accuracy': 0.9674478107690812, 'perfect_match_accuracy': 0.009, 'cost_ratio_suggested_true': 1.117545359134674, 'below_10.0_percent_acc': 1.0, 'below_1.0_percent_acc': 0.999, 'below_0.1_percent_acc': 0.994, 'below_0.01_percent_acc': 0.993, 'below_0.001_percent_acc': 0.918, 'below_0.0001_percent_acc': 0.918, 'valid_acc': 1.0}
Epoch: 34	Batch time (4.691515)	Data time (0.097735)	Cuda time (0.000003)	Loss (175.946305)	Accuracy (0.804504)
EVALUATING
{'loss': 29.322000885009764, 'accuracy': 0.9674200260639191, 'perfect_match_accuracy': 0.009, 'cost_ratio_suggested_true': 1.116729393005371, 'below_10.0_percent_acc': 1.0, 'below_1.0_percent_acc': 0.998, 'below_0.1_percent_acc': 0.994, 'below_0.01_percent_acc': 0.993, 'below_0.001_percent_acc': 0.922, 'below_0.0001_percent_acc': 0.922, 'valid_acc': 1.0}
Epoch: 35	Batch time (4.712376)	Data time (0.094888)	Cuda time (0.000003)	Loss (175.440705)	Accuracy (0.805066)
EVALUATING
{'loss': 29.312001190185548, 'accuracy': 0.9674311369657517, 'perfect_match_accuracy': 0.012, 'cost_ratio_suggested_true': 1.1119884765148162, 'below_10.0_percent_acc': 1.0, 'below_1.0_percent_acc': 0.997, 'below_0.1_percent_acc': 0.991, 'below_0.01_percent_acc': 0.99, 'below_0.001_percent_acc': 0.933, 'below_0.0001_percent_acc': 0.933, 'valid_acc': 1.0}
Epoch: 36	Batch time (4.754008)	Data time (0.096218)	Cuda time (0.000003)	Loss (175.982106)	Accuracy (0.804464)
EVALUATING
{'loss': 28.092001266479492, 'accuracy': 0.9687866896390915, 'perfect_match_accuracy': 0.01, 'cost_ratio_suggested_true': 1.107678701877594, 'below_10.0_percent_acc': 1.0, 'below_1.0_percent_acc': 0.999, 'below_0.1_percent_acc': 0.993, 'below_0.01_percent_acc': 0.992, 'below_0.001_percent_acc': 0.911, 'below_0.0001_percent_acc': 0.911, 'valid_acc': 1.0}
Epoch: 37	Batch time (4.718082)	Data time (0.097467)	Cuda time (0.000003)	Loss (175.982005)	Accuracy (0.804464)
EVALUATING
{'loss': 29.586001148223875, 'accuracy': 0.9671266949176789, 'perfect_match_accuracy': 0.013, 'cost_ratio_suggested_true': 1.1136743187904359, 'below_10.0_percent_acc': 1.0, 'below_1.0_percent_acc': 0.997, 'below_0.1_percent_acc': 0.991, 'below_0.01_percent_acc': 0.991, 'below_0.001_percent_acc': 0.952, 'below_0.0001_percent_acc': 0.952, 'valid_acc': 1.0}
Epoch: 38	Batch time (4.749821)	Data time (0.100319)	Cuda time (0.000003)	Loss (176.145606)	Accuracy (0.804283)
EVALUATING
{'loss': 29.466001052856445, 'accuracy': 0.9672600269317627, 'perfect_match_accuracy': 0.012, 'cost_ratio_suggested_true': 1.1144849312305452, 'below_10.0_percent_acc': 1.0, 'below_1.0_percent_acc': 0.996, 'below_0.1_percent_acc': 0.992, 'below_0.01_percent_acc': 0.991, 'below_0.001_percent_acc': 0.925, 'below_0.0001_percent_acc': 0.925, 'valid_acc': 1.0}
Epoch: 39	Batch time (4.732483)	Data time (0.097099)	Cuda time (0.000003)	Loss (175.878905)	Accuracy (0.804579)
EVALUATING
{'loss': 29.38800142288208, 'accuracy': 0.9673466944694519, 'perfect_match_accuracy': 0.01, 'cost_ratio_suggested_true': 1.120668315887451, 'below_10.0_percent_acc': 1.0, 'below_1.0_percent_acc': 0.997, 'below_0.1_percent_acc': 0.994, 'below_0.01_percent_acc': 0.993, 'below_0.001_percent_acc': 0.915, 'below_0.0001_percent_acc': 0.915, 'valid_acc': 1.0}
Epoch: 40	Batch time (4.642516)	Data time (0.092539)	Cuda time (0.000003)	Loss (176.399504)	Accuracy (0.804001)
EVALUATING
{'loss': 28.599000663757323, 'accuracy': 0.9682233482599258, 'perfect_match_accuracy': 0.008, 'cost_ratio_suggested_true': 1.12426677942276, 'below_10.0_percent_acc': 1.0, 'below_1.0_percent_acc': 0.998, 'below_0.1_percent_acc': 0.994, 'below_0.01_percent_acc': 0.993, 'below_0.001_percent_acc': 0.924, 'below_0.0001_percent_acc': 0.924, 'valid_acc': 1.0}
Epoch: 41	Batch time (4.708341)	Data time (0.098775)	Cuda time (0.000003)	Loss (176.768706)	Accuracy (0.803590)
EVALUATING
{'loss': 28.075001068115235, 'accuracy': 0.9688055741786957, 'perfect_match_accuracy': 0.01, 'cost_ratio_suggested_true': 1.117939043045044, 'below_10.0_percent_acc': 1.0, 'below_1.0_percent_acc': 0.998, 'below_0.1_percent_acc': 0.994, 'below_0.01_percent_acc': 0.994, 'below_0.001_percent_acc': 0.942, 'below_0.0001_percent_acc': 0.942, 'valid_acc': 1.0}
Epoch: 42	Batch time (4.765238)	Data time (0.097669)	Cuda time (0.000003)	Loss (176.707905)	Accuracy (0.803658)
EVALUATING
{'loss': 28.225000286102294, 'accuracy': 0.9686389178037643, 'perfect_match_accuracy': 0.009, 'cost_ratio_suggested_true': 1.1213515865802766, 'below_10.0_percent_acc': 1.0, 'below_1.0_percent_acc': 0.998, 'below_0.1_percent_acc': 0.995, 'below_0.01_percent_acc': 0.995, 'below_0.001_percent_acc': 0.935, 'below_0.0001_percent_acc': 0.935, 'valid_acc': 1.0}
Epoch: 43	Batch time (4.829933)	Data time (0.096850)	Cuda time (0.000003)	Loss (176.553305)	Accuracy (0.803830)
EVALUATING
{'loss': 28.647001342773436, 'accuracy': 0.9681700271368027, 'perfect_match_accuracy': 0.009, 'cost_ratio_suggested_true': 1.1191151320934296, 'below_10.0_percent_acc': 1.0, 'below_1.0_percent_acc': 0.997, 'below_0.1_percent_acc': 0.994, 'below_0.01_percent_acc': 0.994, 'below_0.001_percent_acc': 0.941, 'below_0.0001_percent_acc': 0.941, 'valid_acc': 1.0}
Epoch: 44	Batch time (4.805589)	Data time (0.096386)	Cuda time (0.000003)	Loss (176.538505)	Accuracy (0.803846)
EVALUATING
{'loss': 29.341001091003417, 'accuracy': 0.9673989152908326, 'perfect_match_accuracy': 0.009, 'cost_ratio_suggested_true': 1.1220700657367706, 'below_10.0_percent_acc': 1.0, 'below_1.0_percent_acc': 0.997, 'below_0.1_percent_acc': 0.994, 'below_0.01_percent_acc': 0.994, 'below_0.001_percent_acc': 0.947, 'below_0.0001_percent_acc': 0.947, 'valid_acc': 1.0}
Epoch: 45	Batch time (4.611373)	Data time (0.085868)	Cuda time (0.000003)	Loss (176.559805)	Accuracy (0.803822)
EVALUATING
{'loss': 29.082001209259033, 'accuracy': 0.9676867026090622, 'perfect_match_accuracy': 0.009, 'cost_ratio_suggested_true': 1.118616372346878, 'below_10.0_percent_acc': 1.0, 'below_1.0_percent_acc': 0.997, 'below_0.1_percent_acc': 0.994, 'below_0.01_percent_acc': 0.994, 'below_0.001_percent_acc': 0.939, 'below_0.0001_percent_acc': 0.939, 'valid_acc': 1.0}
Epoch: 46	Batch time (4.508124)	Data time (0.073670)	Cuda time (0.000003)	Loss (175.789806)	Accuracy (0.804678)
EVALUATING
{'loss': 28.835001049041747, 'accuracy': 0.9679611378908157, 'perfect_match_accuracy': 0.011, 'cost_ratio_suggested_true': 1.1130699062347411, 'below_10.0_percent_acc': 1.0, 'below_1.0_percent_acc': 0.997, 'below_0.1_percent_acc': 0.993, 'below_0.01_percent_acc': 0.992, 'below_0.001_percent_acc': 0.931, 'below_0.0001_percent_acc': 0.931, 'valid_acc': 1.0}
Epoch: 47	Batch time (4.506042)	Data time (0.073273)	Cuda time (0.000003)	Loss (176.137905)	Accuracy (0.804291)
EVALUATING
{'loss': 30.342001247406007, 'accuracy': 0.9662866926193238, 'perfect_match_accuracy': 0.006, 'cost_ratio_suggested_true': 1.1226720428466797, 'below_10.0_percent_acc': 1.0, 'below_1.0_percent_acc': 0.997, 'below_0.1_percent_acc': 0.994, 'below_0.01_percent_acc': 0.994, 'below_0.001_percent_acc': 0.943, 'below_0.0001_percent_acc': 0.943, 'valid_acc': 1.0}
Epoch: 48	Batch time (4.501631)	Data time (0.073749)	Cuda time (0.000003)	Loss (175.120705)	Accuracy (0.805421)
EVALUATING
{'loss': 30.036000709533692, 'accuracy': 0.9666266989707947, 'perfect_match_accuracy': 0.009, 'cost_ratio_suggested_true': 1.121458841562271, 'below_10.0_percent_acc': 1.0, 'below_1.0_percent_acc': 0.997, 'below_0.1_percent_acc': 0.994, 'below_0.01_percent_acc': 0.994, 'below_0.001_percent_acc': 0.949, 'below_0.0001_percent_acc': 0.949, 'valid_acc': 1.0}
Epoch: 49	Batch time (4.506843)	Data time (0.073601)	Cuda time (0.000003)	Loss (176.249705)	Accuracy (0.804167)
EVALUATING
{'loss': 28.987000770568848, 'accuracy': 0.9677922475337982, 'perfect_match_accuracy': 0.01, 'cost_ratio_suggested_true': 1.1122428214550018, 'below_10.0_percent_acc': 1.0, 'below_1.0_percent_acc': 0.998, 'below_0.1_percent_acc': 0.993, 'below_0.01_percent_acc': 0.992, 'below_0.001_percent_acc': 0.927, 'below_0.0001_percent_acc': 0.927, 'valid_acc': 1.0}
Epoch: 50	Batch time (4.509590)	Data time (0.072837)	Cuda time (0.000003)	Loss (176.898605)	Accuracy (0.803446)
EVALUATING
{'loss': 29.17900110244751, 'accuracy': 0.9675789189338684, 'perfect_match_accuracy': 0.01, 'cost_ratio_suggested_true': 1.1140899562835693, 'below_10.0_percent_acc': 1.0, 'below_1.0_percent_acc': 0.997, 'below_0.1_percent_acc': 0.993, 'below_0.01_percent_acc': 0.992, 'below_0.001_percent_acc': 0.947, 'below_0.0001_percent_acc': 0.947, 'valid_acc': 1.0}
