gonzo-605-5.local
declare -x ANT_HOME="/opt/rocks"
declare -x ARC="lx-amd64"
declare -x BASH_ENV="/usr/share/lmod/lmod/init/bash"
declare -x CONDA_DEFAULT_ENV="gpu"
declare -x CONDA_EXE="/home/pminervi/anaconda3/bin/conda"
declare -x CONDA_PREFIX="/home/pminervi/anaconda3/envs/gpu"
declare -x CONDA_PREFIX_1="/home/pminervi/anaconda3/envs/cpu"
declare -x CONDA_PROMPT_MODIFIER="(gpu) "
declare -x CONDA_PYTHON_EXE="/home/pminervi/anaconda3/bin/python"
declare -x CONDA_SHLVL="2"
declare -x CUDA_VISIBLE_DEVICES="3"
declare -x ENVIRONMENT="BATCH"
declare -x HISTCONTROL="ignoredups"
declare -x HISTSIZE="1000"
declare -x HOME="/home/pminervi"
declare -x HOSTNAME="gonzo-605-5.local"
declare -x JAVA_HOME="/share/apps/mr/utils/jdk"
declare -x JOB_ID="2800692"
declare -x JOB_NAME="temperature_beaker_v11.job"
declare -x JOB_SCRIPT="/opt/gridengine/default/spool/gonzo-605-5/job_scripts/2800692"
declare -x LANG="en_US.utf8"
declare -x LANGUAGE="en_US:en"
declare -x LD_LIBRARY_PATH="/share/apps/gcc-6.2.0/lib/:/share/apps/gcc-6.2.0/lib64/:/opt/gridengine/lib/lx-amd64"
declare -x LESSOPEN="||/usr/bin/lesspipe.sh %s"
declare -x LMOD_CMD="/usr/share/lmod/lmod/libexec/lmod"
declare -x LMOD_DIR="/usr/share/lmod/lmod/libexec"
declare -x LMOD_PKG="/usr/share/lmod/lmod"
declare -x LMOD_ROOT="/usr/share/lmod"
declare -x LMOD_SETTARG_FULL_SUPPORT="no"
declare -x LMOD_VERSION="8.2.7"
declare -x LMOD_sys="Linux"
declare -x LOADEDMODULES=""
declare -x LOGNAME="pminervi"
declare -x MAIL="/var/spool/mail/pminervi"
declare -x MANPATH="/usr/share/lmod/lmod/share/man:"
declare -x MODULEPATH="/share/apps/modulefiles/default"
declare -x MODULEPATH_ROOT="/usr/share/modulefiles"
declare -x MODULESHOME="/usr/share/lmod/lmod"
declare -x MPICH_PROCESS_GROUP="no"
declare -x NHOSTS="1"
declare -x NQUEUES="1"
declare -x NSLOTS="1"
declare -x OLDPWD="/home/pminervi/workspace/map-backprop"
declare -x PATH="/home/pminervi/anaconda3/envs/gpu/bin:/home/pminervi/anaconda3/condabin:/home/pminervi/anaconda3/bin:/share/apps/binutils-2.27/bin/:/share/apps/gcc-6.2.0/bin/:/share/apps/mr/bin:/tmp/2800692.11.gpu.q:/usr/local/bin:/bin:/usr/bin:/usr/local/sbin:/usr/sbin:/opt/ganglia/bin:/opt/ganglia/sbin:/opt/rocks/bin:/opt/rocks/sbin:/opt/gridengine/bin/lx-amd64:/home/pminervi/bin"
declare -x PWD="/home/pminervi/workspace/map-backprop"
declare -x QUEUE="gpu.q"
declare -x REQNAME="temperature_beaker_v11.job"
declare -x REQUEST="temperature_beaker_v11.job"
declare -x RESTARTED="1"
declare -x ROCKSROOT="/opt/rocks/share/devel"
declare -x ROCKS_ROOT="/opt/rocks"
declare -x ROLLSROOT="/opt/rocks/share/devel/src/roll"
declare -x SGE_ACCOUNT="sge"
declare -x SGE_ARCH="lx-amd64"
declare -x SGE_BINARY_PATH="/opt/gridengine/bin/lx-amd64"
declare -x SGE_CELL="default"
declare -x SGE_CWD_PATH="/home/pminervi/workspace/map-backprop"
declare -x SGE_EXECD_PORT="537"
declare -x SGE_JOB_SPOOL_DIR="/opt/gridengine/default/spool/gonzo-605-5/active_jobs/2800692.11"
declare -x SGE_O_HOME="/home/pminervi"
declare -x SGE_O_HOST="beaker"
declare -x SGE_O_LOGNAME="pminervi"
declare -x SGE_O_MAIL="/var/spool/mail/pminervi"
declare -x SGE_O_PATH="/home/pminervi/anaconda3/envs/gpu/bin:/home/pminervi/anaconda3/condabin:/home/pminervi/anaconda3/bin:/share/apps/binutils-2.27/bin/:/share/apps/gcc-6.2.0/bin/:/share/apps/mr/bin:/usr/local/bin:/usr/bin:/usr/local/sbin:/usr/sbin:/opt/ganglia/bin:/opt/ganglia/sbin:/opt/rocks/bin:/opt/rocks/sbin:/opt/gridengine/bin/lx-amd64:/home/pminervi/bin"
declare -x SGE_O_SHELL="/bin/bash"
declare -x SGE_O_WORKDIR="/home/pminervi/workspace/map-backprop"
declare -x SGE_QMASTER_PORT="536"
declare -x SGE_ROOT="/opt/gridengine"
declare -x SGE_STDERR_PATH="/home/pminervi/array.err"
declare -x SGE_STDIN_PATH="/dev/null"
declare -x SGE_STDOUT_PATH="/home/pminervi/array.out"
declare -x SGE_TASK_FIRST="1"
declare -x SGE_TASK_ID="11"
declare -x SGE_TASK_LAST="40"
declare -x SGE_TASK_STEPSIZE="1"
declare -x SHELL="/bin/bash"
declare -x SHLVL="2"
declare -x SSH_ASKPASS="/usr/libexec/openssh/gnome-ssh-askpass"
declare -x TERM=""
declare -x TMP="/tmp/2800692.11.gpu.q"
declare -x TMPDIR="/tmp/2800692.11.gpu.q"
declare -x USER="pminervi"
Thu Feb  4 03:59:00 2021       
+-----------------------------------------------------------------------------+
| NVIDIA-SMI 450.51.05    Driver Version: 450.51.05    CUDA Version: 11.0     |
|-------------------------------+----------------------+----------------------+
| GPU  Name        Persistence-M| Bus-Id        Disp.A | Volatile Uncorr. ECC |
| Fan  Temp  Perf  Pwr:Usage/Cap|         Memory-Usage | GPU-Util  Compute M. |
|                               |                      |               MIG M. |
|===============================+======================+======================|
|   0  GeForce GTX 108...  On   | 00000000:02:00.0 Off |                  N/A |
| 31%   54C    P2    93W / 250W |   4369MiB / 11178MiB |     15%   E. Process |
|                               |                      |                  N/A |
+-------------------------------+----------------------+----------------------+
|   1  GeForce GTX 108...  On   | 00000000:03:00.0 Off |                  N/A |
| 33%   50C    P2    65W / 250W |   1203MiB / 11178MiB |     24%   E. Process |
|                               |                      |                  N/A |
+-------------------------------+----------------------+----------------------+
|   2  GeForce GTX 108...  On   | 00000000:81:00.0 Off |                  N/A |
| 39%   60C    P2    91W / 250W |   4369MiB / 11178MiB |     16%   E. Process |
|                               |                      |                  N/A |
+-------------------------------+----------------------+----------------------+
|   3  GeForce GTX 108...  On   | 00000000:82:00.0 Off |                  N/A |
| 23%   27C    P8     9W / 250W |      0MiB / 11178MiB |      0%   E. Process |
|                               |                      |                  N/A |
+-------------------------------+----------------------+----------------------+
                                                                               
+-----------------------------------------------------------------------------+
| Processes:                                                                  |
|  GPU   GI   CI        PID   Type   Process name                  GPU Memory |
|        ID   ID                                                   Usage      |
|=============================================================================|
|    0   N/A  N/A     16844      C   python                           4377MiB |
|    1   N/A  N/A     19878      C   python                           1201MiB |
|    2   N/A  N/A     16847      C   python                           4369MiB |
+-----------------------------------------------------------------------------+
No existing entry for trainer_params.mode.type
{}[type] = <class 'int'>(4)
No existing entry for trainer_params.mode.objective_type
{'type': 4}[objective_type] = <class 'str'>(normal)
No existing entry for trainer_params.mode.use_marginal
{'type': 4, 'objective_type': 'normal'}[use_marginal] = <class 'bool'>(True)
No existing entry for trainer_params.mode.nb_samples
{'type': 4, 'objective_type': 'normal', 'use_marginal': True}[nb_samples] = <class 'int'>(1)
No existing entry for trainer_params.mode.temperature
{'type': 4, 'objective_type': 'normal', 'use_marginal': True, 'nb_samples': 1}[temperature] = <class 'int'>(1)
No existing entry for trainer_params.mode.use_gamma
{'type': 4, 'objective_type': 'normal', 'use_marginal': True, 'nb_samples': 1, 'temperature': 1}[use_gamma] = <class 'bool'>(True)
No existing entry for trainer_params.mode.loss_type
{'type': 4, 'objective_type': 'normal', 'use_marginal': True, 'nb_samples': 1, 'temperature': 1, 'use_gamma': True}[loss_type] = <class 'str'>(normal)
No existing entry for trainer_params.mode.perturb_w
{'type': 4, 'objective_type': 'normal', 'use_marginal': True, 'nb_samples': 1, 'temperature': 1, 'use_gamma': True, 'loss_type': 'normal'}[perturb_w] = <class 'bool'>(True)
No existing entry for trainer_params.mode.perturb_w_prime
{'type': 4, 'objective_type': 'normal', 'use_marginal': True, 'nb_samples': 1, 'temperature': 1, 'use_gamma': True, 'loss_type': 'normal', 'perturb_w': True}[perturb_w_prime] = <class 'bool'>(True)
{'batch_size': 70, 'l1_regconst': 0.0, 'lambda_val': 20.0, 'lr_milestone_1': 30, 'lr_milestone_2': 40, 'model_params': {'arch_params': {}, 'model_name': 'CombResnet18'}, 'neighbourhood_fn': '8-grid', 'optimizer_name': 'Adam', 'optimizer_params': {'lr': 0.0005}, 'preload_batch': True, 'use_cuda': True, 'use_lr_scheduling': True, 'mode': {'type': 4, 'objective_type': 'normal', 'use_marginal': True, 'nb_samples': 1, 'temperature': 1, 'use_gamma': True, 'loss_type': 'normal', 'perturb_w': True, 'perturb_w_prime': True}}[lambda_val] = <class 'float'>(10.0)
{'data_dir': 'data/warcraft_shortest_path/12x12', 'evaluate_with_extra': False, 'normalize': True, 'use_local_path': False, 'use_test_set': True}[data_dir] = <class 'str'>(data/warcraft_shortest_path/18x18)
{'evaluate_every': 5, 'loader_params': {'data_dir': 'data/warcraft_shortest_path/18x18', 'evaluate_with_extra': False, 'normalize': True, 'use_local_path': False, 'use_test_set': True}, 'model_dir': 'results/warcraft_shortest_path_combresnet', 'num_cpus': 40, 'num_epochs': 50, 'problem_type': 'warcraft_shortest_path', 'ray_params': {}, 'save_visualizations': False, 'seed': 1, 'trainer_name': 'DijkstraMAP', 'trainer_params': {'batch_size': 70, 'l1_regconst': 0.0, 'lambda_val': 10.0, 'lr_milestone_1': 30, 'lr_milestone_2': 40, 'model_params': {'arch_params': {}, 'model_name': 'CombResnet18'}, 'neighbourhood_fn': '8-grid', 'optimizer_name': 'Adam', 'optimizer_params': {'lr': 0.0005}, 'preload_batch': True, 'use_cuda': True, 'use_lr_scheduling': True, 'mode': {'type': 4, 'objective_type': 'normal', 'use_marginal': True, 'nb_samples': 1, 'temperature': 1, 'use_gamma': True, 'loss_type': 'normal', 'perturb_w': True, 'perturb_w_prime': True}}, 'use_ray': True}[seed] = <class 'int'>(2)
{'evaluate_every': 5, 'loader_params': {'data_dir': 'data/warcraft_shortest_path/18x18', 'evaluate_with_extra': False, 'normalize': True, 'use_local_path': False, 'use_test_set': True}, 'model_dir': 'results/warcraft_shortest_path_combresnet', 'num_cpus': 40, 'num_epochs': 50, 'problem_type': 'warcraft_shortest_path', 'ray_params': {}, 'save_visualizations': False, 'seed': 2, 'trainer_name': 'DijkstraMAP', 'trainer_params': {'batch_size': 70, 'l1_regconst': 0.0, 'lambda_val': 10.0, 'lr_milestone_1': 30, 'lr_milestone_2': 40, 'model_params': {'arch_params': {}, 'model_name': 'CombResnet18'}, 'neighbourhood_fn': '8-grid', 'optimizer_name': 'Adam', 'optimizer_params': {'lr': 0.0005}, 'preload_batch': True, 'use_cuda': True, 'use_lr_scheduling': True, 'mode': {'type': 4, 'objective_type': 'normal', 'use_marginal': True, 'nb_samples': 1, 'temperature': 1, 'use_gamma': True, 'loss_type': 'normal', 'perturb_w': True, 'perturb_w_prime': True}}, 'use_ray': True}[evaluate_every] = <class 'int'>(1)
{'evaluate_every': 1, 'loader_params': {'data_dir': 'data/warcraft_shortest_path/18x18', 'evaluate_with_extra': False, 'normalize': True, 'use_local_path': False, 'use_test_set': True}, 'model_dir': 'results/warcraft_shortest_path_combresnet', 'num_cpus': 40, 'num_epochs': 50, 'problem_type': 'warcraft_shortest_path', 'ray_params': {}, 'save_visualizations': False, 'seed': 2, 'trainer_name': 'DijkstraMAP', 'trainer_params': {'batch_size': 70, 'l1_regconst': 0.0, 'lambda_val': 10.0, 'lr_milestone_1': 30, 'lr_milestone_2': 40, 'model_params': {'arch_params': {}, 'model_name': 'CombResnet18'}, 'neighbourhood_fn': '8-grid', 'optimizer_name': 'Adam', 'optimizer_params': {'lr': 0.0005}, 'preload_batch': True, 'use_cuda': True, 'use_lr_scheduling': True, 'mode': {'type': 4, 'objective_type': 'normal', 'use_marginal': True, 'nb_samples': 1, 'temperature': 1, 'use_gamma': True, 'loss_type': 'normal', 'perturb_w': True, 'perturb_w_prime': True}}, 'use_ray': True}[use_ray] = <class 'bool'>(False)
No existing entry for trainer_params.mode.type
{}[type] = <class 'int'>(4)
No existing entry for trainer_params.mode.objective_type
{'type': 4}[objective_type] = <class 'str'>(normal)
No existing entry for trainer_params.mode.use_marginal
{'type': 4, 'objective_type': 'normal'}[use_marginal] = <class 'bool'>(True)
No existing entry for trainer_params.mode.nb_samples
{'type': 4, 'objective_type': 'normal', 'use_marginal': True}[nb_samples] = <class 'int'>(1)
No existing entry for trainer_params.mode.temperature
{'type': 4, 'objective_type': 'normal', 'use_marginal': True, 'nb_samples': 1}[temperature] = <class 'int'>(1)
No existing entry for trainer_params.mode.use_gamma
{'type': 4, 'objective_type': 'normal', 'use_marginal': True, 'nb_samples': 1, 'temperature': 1}[use_gamma] = <class 'bool'>(True)
No existing entry for trainer_params.mode.loss_type
{'type': 4, 'objective_type': 'normal', 'use_marginal': True, 'nb_samples': 1, 'temperature': 1, 'use_gamma': True}[loss_type] = <class 'str'>(normal)
No existing entry for trainer_params.mode.perturb_w
{'type': 4, 'objective_type': 'normal', 'use_marginal': True, 'nb_samples': 1, 'temperature': 1, 'use_gamma': True, 'loss_type': 'normal'}[perturb_w] = <class 'bool'>(True)
No existing entry for trainer_params.mode.perturb_w_prime
{'type': 4, 'objective_type': 'normal', 'use_marginal': True, 'nb_samples': 1, 'temperature': 1, 'use_gamma': True, 'loss_type': 'normal', 'perturb_w': True}[perturb_w_prime] = <class 'bool'>(True)
{'batch_size': 70, 'l1_regconst': 0.0, 'lambda_val': 20.0, 'lr_milestone_1': 30, 'lr_milestone_2': 40, 'model_params': {'arch_params': {}, 'model_name': 'CombResnet18'}, 'neighbourhood_fn': '8-grid', 'optimizer_name': 'Adam', 'optimizer_params': {'lr': 0.0005}, 'preload_batch': True, 'use_cuda': True, 'use_lr_scheduling': True, 'mode': {'type': 4, 'objective_type': 'normal', 'use_marginal': True, 'nb_samples': 1, 'temperature': 1, 'use_gamma': True, 'loss_type': 'normal', 'perturb_w': True, 'perturb_w_prime': True}}[lambda_val] = <class 'float'>(10.0)
{'data_dir': 'data/warcraft_shortest_path/12x12', 'evaluate_with_extra': False, 'normalize': True, 'use_local_path': False, 'use_test_set': True}[data_dir] = <class 'str'>(data/warcraft_shortest_path/18x18)
{'evaluate_every': 5, 'loader_params': {'data_dir': 'data/warcraft_shortest_path/18x18', 'evaluate_with_extra': False, 'normalize': True, 'use_local_path': False, 'use_test_set': True}, 'model_dir': 'results/warcraft_shortest_path_combresnet', 'num_cpus': 40, 'num_epochs': 50, 'problem_type': 'warcraft_shortest_path', 'ray_params': {}, 'save_visualizations': False, 'seed': 1, 'trainer_name': 'DijkstraMAP', 'trainer_params': {'batch_size': 70, 'l1_regconst': 0.0, 'lambda_val': 10.0, 'lr_milestone_1': 30, 'lr_milestone_2': 40, 'model_params': {'arch_params': {}, 'model_name': 'CombResnet18'}, 'neighbourhood_fn': '8-grid', 'optimizer_name': 'Adam', 'optimizer_params': {'lr': 0.0005}, 'preload_batch': True, 'use_cuda': True, 'use_lr_scheduling': True, 'mode': {'type': 4, 'objective_type': 'normal', 'use_marginal': True, 'nb_samples': 1, 'temperature': 1, 'use_gamma': True, 'loss_type': 'normal', 'perturb_w': True, 'perturb_w_prime': True}}, 'use_ray': True}[seed] = <class 'int'>(2)
{'evaluate_every': 5, 'loader_params': {'data_dir': 'data/warcraft_shortest_path/18x18', 'evaluate_with_extra': False, 'normalize': True, 'use_local_path': False, 'use_test_set': True}, 'model_dir': 'results/warcraft_shortest_path_combresnet', 'num_cpus': 40, 'num_epochs': 50, 'problem_type': 'warcraft_shortest_path', 'ray_params': {}, 'save_visualizations': False, 'seed': 2, 'trainer_name': 'DijkstraMAP', 'trainer_params': {'batch_size': 70, 'l1_regconst': 0.0, 'lambda_val': 10.0, 'lr_milestone_1': 30, 'lr_milestone_2': 40, 'model_params': {'arch_params': {}, 'model_name': 'CombResnet18'}, 'neighbourhood_fn': '8-grid', 'optimizer_name': 'Adam', 'optimizer_params': {'lr': 0.0005}, 'preload_batch': True, 'use_cuda': True, 'use_lr_scheduling': True, 'mode': {'type': 4, 'objective_type': 'normal', 'use_marginal': True, 'nb_samples': 1, 'temperature': 1, 'use_gamma': True, 'loss_type': 'normal', 'perturb_w': True, 'perturb_w_prime': True}}, 'use_ray': True}[evaluate_every] = <class 'int'>(1)
{'evaluate_every': 1, 'loader_params': {'data_dir': 'data/warcraft_shortest_path/18x18', 'evaluate_with_extra': False, 'normalize': True, 'use_local_path': False, 'use_test_set': True}, 'model_dir': 'results/warcraft_shortest_path_combresnet', 'num_cpus': 40, 'num_epochs': 50, 'problem_type': 'warcraft_shortest_path', 'ray_params': {}, 'save_visualizations': False, 'seed': 2, 'trainer_name': 'DijkstraMAP', 'trainer_params': {'batch_size': 70, 'l1_regconst': 0.0, 'lambda_val': 10.0, 'lr_milestone_1': 30, 'lr_milestone_2': 40, 'model_params': {'arch_params': {}, 'model_name': 'CombResnet18'}, 'neighbourhood_fn': '8-grid', 'optimizer_name': 'Adam', 'optimizer_params': {'lr': 0.0005}, 'preload_batch': True, 'use_cuda': True, 'use_lr_scheduling': True, 'mode': {'type': 4, 'objective_type': 'normal', 'use_marginal': True, 'nb_samples': 1, 'temperature': 1, 'use_gamma': True, 'loss_type': 'normal', 'perturb_w': True, 'perturb_w_prime': True}}, 'use_ray': True}[use_ray] = <class 'bool'>(False)
{
    "evaluate_every": 1,
    "loader_params": {
        "data_dir": "data/warcraft_shortest_path/18x18",
        "evaluate_with_extra": false,
        "normalize": true,
        "use_local_path": false,
        "use_test_set": true
    },
    "model_dir": "results/warcraft_shortest_path_combresnet",
    "num_cpus": 40,
    "num_epochs": 50,
    "problem_type": "warcraft_shortest_path",
    "ray_params": {},
    "save_visualizations": false,
    "seed": 2,
    "trainer_name": "DijkstraMAP",
    "trainer_params": {
        "batch_size": 70,
        "l1_regconst": 0.0,
        "lambda_val": 10.0,
        "lr_milestone_1": 30,
        "lr_milestone_2": 40,
        "mode": {
            "loss_type": "normal",
            "nb_samples": 1,
            "objective_type": "normal",
            "perturb_w": true,
            "perturb_w_prime": true,
            "temperature": 1,
            "type": 4,
            "use_gamma": true,
            "use_marginal": true
        },
        "model_params": {
            "arch_params": {},
            "model_name": "CombResnet18"
        },
        "neighbourhood_fn": "8-grid",
        "optimizer_name": "Adam",
        "optimizer_params": {
            "lr": 0.0005
        },
        "preload_batch": true,
        "use_cuda": true,
        "use_lr_scheduling": true
    },
    "use_ray": false
}
MAP-BACKPROP MODE: {
    "loss_type": "normal",
    "nb_samples": 1,
    "objective_type": "normal",
    "perturb_w": true,
    "perturb_w_prime": true,
    "temperature": 1,
    "type": 4,
    "use_gamma": true,
    "use_marginal": true
}
True
META: {'input_image_size': 144, 'output_features': 324, 'num_channels': 3, 'denormalize': <maprop.decorators.input_to_numpy object at 0x2b8847978a90>}
EVALUATING
{'loss': 29.91100114822388, 'accuracy': 0.9076820874214172, 'perfect_match_accuracy': 0.006, 'cost_ratio_suggested_true': 2.6282600808143615, 'below_10.0_percent_acc': 0.095, 'below_1.0_percent_acc': 0.022, 'below_0.1_percent_acc': 0.019, 'below_0.01_percent_acc': 0.019, 'below_0.001_percent_acc': 0.017, 'below_0.0001_percent_acc': 0.017, 'valid_acc': 1.0}
Epoch: 1	Batch time (1.506412)	Data time (0.018726)	Cuda time (0.000004)	Loss (25.342701)	Accuracy (0.921782)
EVALUATING
{'loss': 15.292000370025635, 'accuracy': 0.9528024584054947, 'perfect_match_accuracy': 0.044, 'cost_ratio_suggested_true': 1.1546381402015686, 'below_10.0_percent_acc': 0.991, 'below_1.0_percent_acc': 0.909, 'below_0.1_percent_acc': 0.889, 'below_0.01_percent_acc': 0.889, 'below_0.001_percent_acc': 0.867, 'below_0.0001_percent_acc': 0.867, 'valid_acc': 1.0}
Epoch: 2	Batch time (1.483397)	Data time (0.020564)	Cuda time (0.000004)	Loss (23.429801)	Accuracy (0.927686)
EVALUATING
{'loss': 13.670000171661377, 'accuracy': 0.9578086322546006, 'perfect_match_accuracy': 0.048, 'cost_ratio_suggested_true': 1.1343818628787994, 'below_10.0_percent_acc': 0.995, 'below_1.0_percent_acc': 0.935, 'below_0.1_percent_acc': 0.921, 'below_0.01_percent_acc': 0.921, 'below_0.001_percent_acc': 0.897, 'below_0.0001_percent_acc': 0.896, 'valid_acc': 1.0}
Epoch: 3	Batch time (1.493908)	Data time (0.021312)	Cuda time (0.000004)	Loss (23.004001)	Accuracy (0.929000)
EVALUATING
{'loss': 13.639000339508057, 'accuracy': 0.9579043072462082, 'perfect_match_accuracy': 0.042, 'cost_ratio_suggested_true': 1.1097178888320922, 'below_10.0_percent_acc': 0.995, 'below_1.0_percent_acc': 0.951, 'below_0.1_percent_acc': 0.937, 'below_0.01_percent_acc': 0.937, 'below_0.001_percent_acc': 0.899, 'below_0.0001_percent_acc': 0.898, 'valid_acc': 1.0}
Epoch: 4	Batch time (1.324212)	Data time (0.023263)	Cuda time (0.000004)	Loss (22.553501)	Accuracy (0.930390)
EVALUATING
{'loss': 13.966000471115112, 'accuracy': 0.9568950480222702, 'perfect_match_accuracy': 0.045, 'cost_ratio_suggested_true': 1.140350240468979, 'below_10.0_percent_acc': 0.998, 'below_1.0_percent_acc': 0.975, 'below_0.1_percent_acc': 0.961, 'below_0.01_percent_acc': 0.961, 'below_0.001_percent_acc': 0.927, 'below_0.0001_percent_acc': 0.927, 'valid_acc': 1.0}
Epoch: 5	Batch time (1.480467)	Data time (0.020231)	Cuda time (0.000004)	Loss (22.328001)	Accuracy (0.931086)
EVALUATING
{'loss': 14.54600034713745, 'accuracy': 0.9551049172878265, 'perfect_match_accuracy': 0.039, 'cost_ratio_suggested_true': 1.15548033118248, 'below_10.0_percent_acc': 0.99, 'below_1.0_percent_acc': 0.946, 'below_0.1_percent_acc': 0.931, 'below_0.01_percent_acc': 0.93, 'below_0.001_percent_acc': 0.898, 'below_0.0001_percent_acc': 0.897, 'valid_acc': 1.0}
Epoch: 6	Batch time (1.502465)	Data time (0.021205)	Cuda time (0.000004)	Loss (22.071401)	Accuracy (0.931878)
EVALUATING
{'loss': 14.39800036430359, 'accuracy': 0.9555617123842239, 'perfect_match_accuracy': 0.041, 'cost_ratio_suggested_true': 1.1547547686100006, 'below_10.0_percent_acc': 0.997, 'below_1.0_percent_acc': 0.968, 'below_0.1_percent_acc': 0.954, 'below_0.01_percent_acc': 0.953, 'below_0.001_percent_acc': 0.916, 'below_0.0001_percent_acc': 0.915, 'valid_acc': 1.0}
Epoch: 7	Batch time (1.458959)	Data time (0.020823)	Cuda time (0.000004)	Loss (21.964301)	Accuracy (0.932209)
EVALUATING
{'loss': 12.020000324249267, 'accuracy': 0.9629012244939804, 'perfect_match_accuracy': 0.067, 'cost_ratio_suggested_true': 1.1202041006088257, 'below_10.0_percent_acc': 0.997, 'below_1.0_percent_acc': 0.971, 'below_0.1_percent_acc': 0.956, 'below_0.01_percent_acc': 0.956, 'below_0.001_percent_acc': 0.942, 'below_0.0001_percent_acc': 0.942, 'valid_acc': 1.0}
Epoch: 8	Batch time (1.317280)	Data time (0.022795)	Cuda time (0.000004)	Loss (21.994801)	Accuracy (0.932115)
EVALUATING
{'loss': 12.8900004196167, 'accuracy': 0.9602160423994064, 'perfect_match_accuracy': 0.059, 'cost_ratio_suggested_true': 1.1087850320339203, 'below_10.0_percent_acc': 1.0, 'below_1.0_percent_acc': 0.98, 'below_0.1_percent_acc': 0.964, 'below_0.01_percent_acc': 0.963, 'below_0.001_percent_acc': 0.946, 'below_0.0001_percent_acc': 0.946, 'valid_acc': 1.0}
Epoch: 9	Batch time (1.491477)	Data time (0.020801)	Cuda time (0.000004)	Loss (21.716001)	Accuracy (0.932975)
EVALUATING
{'loss': 12.46500033378601, 'accuracy': 0.96152776658535, 'perfect_match_accuracy': 0.069, 'cost_ratio_suggested_true': 1.1088114714622497, 'below_10.0_percent_acc': 0.999, 'below_1.0_percent_acc': 0.982, 'below_0.1_percent_acc': 0.967, 'below_0.01_percent_acc': 0.966, 'below_0.001_percent_acc': 0.917, 'below_0.0001_percent_acc': 0.916, 'valid_acc': 1.0}
Epoch: 10	Batch time (1.475429)	Data time (0.021343)	Cuda time (0.000004)	Loss (21.806601)	Accuracy (0.932696)
EVALUATING
{'loss': 11.436000490188599, 'accuracy': 0.9647036969661713, 'perfect_match_accuracy': 0.083, 'cost_ratio_suggested_true': 1.077389234304428, 'below_10.0_percent_acc': 0.999, 'below_1.0_percent_acc': 0.978, 'below_0.1_percent_acc': 0.966, 'below_0.01_percent_acc': 0.965, 'below_0.001_percent_acc': 0.907, 'below_0.0001_percent_acc': 0.906, 'valid_acc': 1.0}
Epoch: 11	Batch time (1.435058)	Data time (0.020489)	Cuda time (0.000004)	Loss (21.782901)	Accuracy (0.932769)
EVALUATING
{'loss': 14.999000434875489, 'accuracy': 0.9537067770957947, 'perfect_match_accuracy': 0.04, 'cost_ratio_suggested_true': 1.160006012916565, 'below_10.0_percent_acc': 1.0, 'below_1.0_percent_acc': 0.978, 'below_0.1_percent_acc': 0.967, 'below_0.01_percent_acc': 0.966, 'below_0.001_percent_acc': 0.939, 'below_0.0001_percent_acc': 0.939, 'valid_acc': 1.0}
Epoch: 12	Batch time (1.346640)	Data time (0.020188)	Cuda time (0.000004)	Loss (21.603101)	Accuracy (0.933324)
EVALUATING
{'loss': 13.079000368118287, 'accuracy': 0.9596327036619187, 'perfect_match_accuracy': 0.058, 'cost_ratio_suggested_true': 1.1501311612129212, 'below_10.0_percent_acc': 0.999, 'below_1.0_percent_acc': 0.977, 'below_0.1_percent_acc': 0.965, 'below_0.01_percent_acc': 0.964, 'below_0.001_percent_acc': 0.92, 'below_0.0001_percent_acc': 0.92, 'valid_acc': 1.0}
Epoch: 13	Batch time (1.491314)	Data time (0.020708)	Cuda time (0.000004)	Loss (21.666101)	Accuracy (0.933129)
EVALUATING
{'loss': 13.653000640869141, 'accuracy': 0.9578611028194427, 'perfect_match_accuracy': 0.046, 'cost_ratio_suggested_true': 1.1393266987800599, 'below_10.0_percent_acc': 1.0, 'below_1.0_percent_acc': 0.981, 'below_0.1_percent_acc': 0.969, 'below_0.01_percent_acc': 0.968, 'below_0.001_percent_acc': 0.915, 'below_0.0001_percent_acc': 0.914, 'valid_acc': 1.0}
Epoch: 14	Batch time (1.434295)	Data time (0.020300)	Cuda time (0.000003)	Loss (21.651401)	Accuracy (0.933175)
EVALUATING
{'loss': 12.959000759124756, 'accuracy': 0.9600030642747879, 'perfect_match_accuracy': 0.066, 'cost_ratio_suggested_true': 1.123860160112381, 'below_10.0_percent_acc': 1.0, 'below_1.0_percent_acc': 0.992, 'below_0.1_percent_acc': 0.982, 'below_0.01_percent_acc': 0.982, 'below_0.001_percent_acc': 0.952, 'below_0.0001_percent_acc': 0.951, 'valid_acc': 1.0}
Epoch: 15	Batch time (1.322500)	Data time (0.023613)	Cuda time (0.000004)	Loss (21.601301)	Accuracy (0.933329)
EVALUATING
{'loss': 14.459000339508057, 'accuracy': 0.9553734451532364, 'perfect_match_accuracy': 0.037, 'cost_ratio_suggested_true': 1.1603520655632018, 'below_10.0_percent_acc': 1.0, 'below_1.0_percent_acc': 0.989, 'below_0.1_percent_acc': 0.981, 'below_0.01_percent_acc': 0.98, 'below_0.001_percent_acc': 0.95, 'below_0.0001_percent_acc': 0.949, 'valid_acc': 1.0}
Epoch: 16	Batch time (1.472500)	Data time (0.021916)	Cuda time (0.000004)	Loss (21.480001)	Accuracy (0.933704)
EVALUATING
{'loss': 13.452000589370728, 'accuracy': 0.9584814667701721, 'perfect_match_accuracy': 0.052, 'cost_ratio_suggested_true': 1.122018916606903, 'below_10.0_percent_acc': 1.0, 'below_1.0_percent_acc': 0.993, 'below_0.1_percent_acc': 0.985, 'below_0.01_percent_acc': 0.984, 'below_0.001_percent_acc': 0.954, 'below_0.0001_percent_acc': 0.954, 'valid_acc': 1.0}
Epoch: 17	Batch time (1.521063)	Data time (0.020575)	Cuda time (0.000004)	Loss (21.484701)	Accuracy (0.933689)
EVALUATING
{'loss': 14.648000440597535, 'accuracy': 0.9547901129722596, 'perfect_match_accuracy': 0.04, 'cost_ratio_suggested_true': 1.1422442603111267, 'below_10.0_percent_acc': 1.0, 'below_1.0_percent_acc': 0.992, 'below_0.1_percent_acc': 0.982, 'below_0.01_percent_acc': 0.982, 'below_0.001_percent_acc': 0.964, 'below_0.0001_percent_acc': 0.964, 'valid_acc': 1.0}
Epoch: 18	Batch time (1.492613)	Data time (0.020990)	Cuda time (0.000004)	Loss (21.248101)	Accuracy (0.934419)
EVALUATING
{'loss': 14.739000663757324, 'accuracy': 0.9545092511177063, 'perfect_match_accuracy': 0.057, 'cost_ratio_suggested_true': 1.1234680998325348, 'below_10.0_percent_acc': 1.0, 'below_1.0_percent_acc': 0.989, 'below_0.1_percent_acc': 0.979, 'below_0.01_percent_acc': 0.978, 'below_0.001_percent_acc': 0.935, 'below_0.0001_percent_acc': 0.935, 'valid_acc': 1.0}
Epoch: 19	Batch time (1.354199)	Data time (0.023583)	Cuda time (0.000004)	Loss (21.428901)	Accuracy (0.933861)
EVALUATING
{'loss': 13.723000612258911, 'accuracy': 0.9576450508832931, 'perfect_match_accuracy': 0.054, 'cost_ratio_suggested_true': 1.175078512430191, 'below_10.0_percent_acc': 1.0, 'below_1.0_percent_acc': 0.984, 'below_0.1_percent_acc': 0.976, 'below_0.01_percent_acc': 0.975, 'below_0.001_percent_acc': 0.93, 'below_0.0001_percent_acc': 0.929, 'valid_acc': 1.0}
Epoch: 20	Batch time (1.492639)	Data time (0.021349)	Cuda time (0.000004)	Loss (21.309501)	Accuracy (0.934230)
EVALUATING
{'loss': 13.180000524520874, 'accuracy': 0.9593209767341614, 'perfect_match_accuracy': 0.044, 'cost_ratio_suggested_true': 1.133110682964325, 'below_10.0_percent_acc': 0.999, 'below_1.0_percent_acc': 0.985, 'below_0.1_percent_acc': 0.976, 'below_0.01_percent_acc': 0.975, 'below_0.001_percent_acc': 0.94, 'below_0.0001_percent_acc': 0.94, 'valid_acc': 1.0}
Epoch: 21	Batch time (1.502197)	Data time (0.020626)	Cuda time (0.000004)	Loss (21.451401)	Accuracy (0.933792)
EVALUATING
{'loss': 13.962000522613526, 'accuracy': 0.956907394528389, 'perfect_match_accuracy': 0.041, 'cost_ratio_suggested_true': 1.1162293946743012, 'below_10.0_percent_acc': 1.0, 'below_1.0_percent_acc': 0.992, 'below_0.1_percent_acc': 0.985, 'below_0.01_percent_acc': 0.984, 'below_0.001_percent_acc': 0.934, 'below_0.0001_percent_acc': 0.933, 'valid_acc': 1.0}
Epoch: 22	Batch time (1.501245)	Data time (0.020865)	Cuda time (0.000004)	Loss (21.480001)	Accuracy (0.933704)
EVALUATING
{'loss': 13.940000610351563, 'accuracy': 0.9569752907752991, 'perfect_match_accuracy': 0.048, 'cost_ratio_suggested_true': 1.1158045494556428, 'below_10.0_percent_acc': 1.0, 'below_1.0_percent_acc': 0.995, 'below_0.1_percent_acc': 0.986, 'below_0.01_percent_acc': 0.985, 'below_0.001_percent_acc': 0.937, 'below_0.0001_percent_acc': 0.936, 'valid_acc': 1.0}
Epoch: 23	Batch time (1.403660)	Data time (0.021604)	Cuda time (0.000004)	Loss (21.247501)	Accuracy (0.934421)
EVALUATING
{'loss': 12.691000289916992, 'accuracy': 0.9608302313089371, 'perfect_match_accuracy': 0.063, 'cost_ratio_suggested_true': 1.1292586410045624, 'below_10.0_percent_acc': 1.0, 'below_1.0_percent_acc': 0.989, 'below_0.1_percent_acc': 0.977, 'below_0.01_percent_acc': 0.977, 'below_0.001_percent_acc': 0.958, 'below_0.0001_percent_acc': 0.957, 'valid_acc': 1.0}
Epoch: 24	Batch time (1.503384)	Data time (0.021371)	Cuda time (0.000004)	Loss (21.276901)	Accuracy (0.934331)
EVALUATING
{'loss': 12.28400050163269, 'accuracy': 0.9620864027738572, 'perfect_match_accuracy': 0.063, 'cost_ratio_suggested_true': 1.1318378698825837, 'below_10.0_percent_acc': 1.0, 'below_1.0_percent_acc': 0.995, 'below_0.1_percent_acc': 0.987, 'below_0.01_percent_acc': 0.986, 'below_0.001_percent_acc': 0.954, 'below_0.0001_percent_acc': 0.954, 'valid_acc': 1.0}
Epoch: 25	Batch time (1.520565)	Data time (0.021239)	Cuda time (0.000004)	Loss (21.226001)	Accuracy (0.934488)
EVALUATING
{'loss': 12.980000371932983, 'accuracy': 0.959938257932663, 'perfect_match_accuracy': 0.058, 'cost_ratio_suggested_true': 1.1410046899318695, 'below_10.0_percent_acc': 1.0, 'below_1.0_percent_acc': 0.994, 'below_0.1_percent_acc': 0.987, 'below_0.01_percent_acc': 0.987, 'below_0.001_percent_acc': 0.936, 'below_0.0001_percent_acc': 0.935, 'valid_acc': 1.0}
Epoch: 26	Batch time (1.536620)	Data time (0.021510)	Cuda time (0.000004)	Loss (21.351601)	Accuracy (0.934100)
EVALUATING
{'loss': 13.345000429153442, 'accuracy': 0.9588117188215256, 'perfect_match_accuracy': 0.058, 'cost_ratio_suggested_true': 1.1112881815433502, 'below_10.0_percent_acc': 1.0, 'below_1.0_percent_acc': 0.992, 'below_0.1_percent_acc': 0.984, 'below_0.01_percent_acc': 0.984, 'below_0.001_percent_acc': 0.961, 'below_0.0001_percent_acc': 0.961, 'valid_acc': 1.0}
Epoch: 27	Batch time (1.359052)	Data time (0.022869)	Cuda time (0.000004)	Loss (21.219001)	Accuracy (0.934509)
EVALUATING
{'loss': 11.028000354766846, 'accuracy': 0.9659629547595978, 'perfect_match_accuracy': 0.093, 'cost_ratio_suggested_true': 1.1039912736415862, 'below_10.0_percent_acc': 1.0, 'below_1.0_percent_acc': 0.996, 'below_0.1_percent_acc': 0.988, 'below_0.01_percent_acc': 0.987, 'below_0.001_percent_acc': 0.954, 'below_0.0001_percent_acc': 0.954, 'valid_acc': 1.0}
Epoch: 28	Batch time (1.455904)	Data time (0.019497)	Cuda time (0.000004)	Loss (21.265801)	Accuracy (0.934365)
EVALUATING
{'loss': 14.945000467300416, 'accuracy': 0.953873450756073, 'perfect_match_accuracy': 0.034, 'cost_ratio_suggested_true': 1.147578238248825, 'below_10.0_percent_acc': 1.0, 'below_1.0_percent_acc': 0.993, 'below_0.1_percent_acc': 0.985, 'below_0.01_percent_acc': 0.985, 'below_0.001_percent_acc': 0.966, 'below_0.0001_percent_acc': 0.965, 'valid_acc': 1.0}
Epoch: 29	Batch time (1.539316)	Data time (0.020788)	Cuda time (0.000004)	Loss (21.058401)	Accuracy (0.935005)
EVALUATING
{'loss': 12.332000436782836, 'accuracy': 0.9619382536411285, 'perfect_match_accuracy': 0.059, 'cost_ratio_suggested_true': 1.1072289562225341, 'below_10.0_percent_acc': 1.0, 'below_1.0_percent_acc': 0.994, 'below_0.1_percent_acc': 0.984, 'below_0.01_percent_acc': 0.983, 'below_0.001_percent_acc': 0.947, 'below_0.0001_percent_acc': 0.946, 'valid_acc': 1.0}
Epoch: 30	Batch time (1.504157)	Data time (0.020894)	Cuda time (0.000004)	Loss (21.209101)	Accuracy (0.934540)
EVALUATING
{'loss': 13.158000326156616, 'accuracy': 0.9593888741731643, 'perfect_match_accuracy': 0.063, 'cost_ratio_suggested_true': 1.140526214838028, 'below_10.0_percent_acc': 1.0, 'below_1.0_percent_acc': 0.995, 'below_0.1_percent_acc': 0.987, 'below_0.01_percent_acc': 0.986, 'below_0.001_percent_acc': 0.928, 'below_0.0001_percent_acc': 0.927, 'valid_acc': 1.0}
Epoch: 31	Batch time (1.499949)	Data time (0.020798)	Cuda time (0.000004)	Loss (21.185101)	Accuracy (0.934614)
EVALUATING
{'loss': 12.946000413894653, 'accuracy': 0.9600431954860688, 'perfect_match_accuracy': 0.063, 'cost_ratio_suggested_true': 1.1279846501350403, 'below_10.0_percent_acc': 1.0, 'below_1.0_percent_acc': 0.995, 'below_0.1_percent_acc': 0.989, 'below_0.01_percent_acc': 0.988, 'below_0.001_percent_acc': 0.957, 'below_0.0001_percent_acc': 0.956, 'valid_acc': 1.0}
Epoch: 32	Batch time (1.327615)	Data time (0.023236)	Cuda time (0.000004)	Loss (21.159301)	Accuracy (0.934694)
EVALUATING
{'loss': 13.763000364303588, 'accuracy': 0.9575215977430344, 'perfect_match_accuracy': 0.053, 'cost_ratio_suggested_true': 1.1338446927070618, 'below_10.0_percent_acc': 1.0, 'below_1.0_percent_acc': 0.996, 'below_0.1_percent_acc': 0.99, 'below_0.01_percent_acc': 0.989, 'below_0.001_percent_acc': 0.959, 'below_0.0001_percent_acc': 0.958, 'valid_acc': 1.0}
Epoch: 33	Batch time (1.498939)	Data time (0.020864)	Cuda time (0.000004)	Loss (21.096701)	Accuracy (0.934887)
EVALUATING
{'loss': 13.005000648498536, 'accuracy': 0.9598611044883728, 'perfect_match_accuracy': 0.055, 'cost_ratio_suggested_true': 1.135482325553894, 'below_10.0_percent_acc': 1.0, 'below_1.0_percent_acc': 0.995, 'below_0.1_percent_acc': 0.989, 'below_0.01_percent_acc': 0.988, 'below_0.001_percent_acc': 0.956, 'below_0.0001_percent_acc': 0.955, 'valid_acc': 1.0}
Epoch: 34	Batch time (1.500262)	Data time (0.020648)	Cuda time (0.000004)	Loss (20.870000)	Accuracy (0.935586)
EVALUATING
{'loss': 13.106000461578368, 'accuracy': 0.9595493751764298, 'perfect_match_accuracy': 0.052, 'cost_ratio_suggested_true': 1.1308895778656005, 'below_10.0_percent_acc': 1.0, 'below_1.0_percent_acc': 0.995, 'below_0.1_percent_acc': 0.989, 'below_0.01_percent_acc': 0.988, 'below_0.001_percent_acc': 0.963, 'below_0.0001_percent_acc': 0.962, 'valid_acc': 1.0}
Epoch: 35	Batch time (1.377965)	Data time (0.024464)	Cuda time (0.000004)	Loss (21.021101)	Accuracy (0.935120)
EVALUATING
{'loss': 13.189000444412232, 'accuracy': 0.9592932003736496, 'perfect_match_accuracy': 0.057, 'cost_ratio_suggested_true': 1.1227460610866546, 'below_10.0_percent_acc': 1.0, 'below_1.0_percent_acc': 0.995, 'below_0.1_percent_acc': 0.989, 'below_0.01_percent_acc': 0.988, 'below_0.001_percent_acc': 0.964, 'below_0.0001_percent_acc': 0.963, 'valid_acc': 1.0}
Epoch: 36	Batch time (1.526722)	Data time (0.020537)	Cuda time (0.000004)	Loss (21.005601)	Accuracy (0.935168)
EVALUATING
{'loss': 13.610000820159913, 'accuracy': 0.9579938054084778, 'perfect_match_accuracy': 0.043, 'cost_ratio_suggested_true': 1.1335448372364043, 'below_10.0_percent_acc': 1.0, 'below_1.0_percent_acc': 0.995, 'below_0.1_percent_acc': 0.99, 'below_0.01_percent_acc': 0.989, 'below_0.001_percent_acc': 0.947, 'below_0.0001_percent_acc': 0.946, 'valid_acc': 1.0}
Epoch: 37	Batch time (1.514863)	Data time (0.021971)	Cuda time (0.000004)	Loss (21.083001)	Accuracy (0.934929)
EVALUATING
{'loss': 12.865000410079956, 'accuracy': 0.9602931952476501, 'perfect_match_accuracy': 0.05, 'cost_ratio_suggested_true': 1.1176924812793732, 'below_10.0_percent_acc': 1.0, 'below_1.0_percent_acc': 0.995, 'below_0.1_percent_acc': 0.989, 'below_0.01_percent_acc': 0.988, 'below_0.001_percent_acc': 0.952, 'below_0.0001_percent_acc': 0.951, 'valid_acc': 1.0}
Epoch: 38	Batch time (1.330684)	Data time (0.022920)	Cuda time (0.000004)	Loss (21.062001)	Accuracy (0.934994)
EVALUATING
{'loss': 12.787000436782836, 'accuracy': 0.9605339425802231, 'perfect_match_accuracy': 0.055, 'cost_ratio_suggested_true': 1.1112518548965453, 'below_10.0_percent_acc': 1.0, 'below_1.0_percent_acc': 0.995, 'below_0.1_percent_acc': 0.99, 'below_0.01_percent_acc': 0.989, 'below_0.001_percent_acc': 0.958, 'below_0.0001_percent_acc': 0.957, 'valid_acc': 1.0}
Epoch: 39	Batch time (1.515392)	Data time (0.020741)	Cuda time (0.000004)	Loss (21.062001)	Accuracy (0.934994)
EVALUATING
{'loss': 13.500000581741332, 'accuracy': 0.9583333206176757, 'perfect_match_accuracy': 0.044, 'cost_ratio_suggested_true': 1.1286029934883117, 'below_10.0_percent_acc': 1.0, 'below_1.0_percent_acc': 0.995, 'below_0.1_percent_acc': 0.989, 'below_0.01_percent_acc': 0.988, 'below_0.001_percent_acc': 0.96, 'below_0.0001_percent_acc': 0.959, 'valid_acc': 1.0}
Epoch: 40	Batch time (1.505945)	Data time (0.020709)	Cuda time (0.000004)	Loss (21.234301)	Accuracy (0.934462)
EVALUATING
{'loss': 13.585000505447388, 'accuracy': 0.9580709850788116, 'perfect_match_accuracy': 0.048, 'cost_ratio_suggested_true': 1.1250157272815704, 'below_10.0_percent_acc': 1.0, 'below_1.0_percent_acc': 0.995, 'below_0.1_percent_acc': 0.989, 'below_0.01_percent_acc': 0.988, 'below_0.001_percent_acc': 0.947, 'below_0.0001_percent_acc': 0.946, 'valid_acc': 1.0}
Epoch: 41	Batch time (1.439390)	Data time (0.022108)	Cuda time (0.000004)	Loss (21.097301)	Accuracy (0.934885)
EVALUATING
{'loss': 13.275000677108764, 'accuracy': 0.9590277606248856, 'perfect_match_accuracy': 0.052, 'cost_ratio_suggested_true': 1.126323037147522, 'below_10.0_percent_acc': 1.0, 'below_1.0_percent_acc': 0.995, 'below_0.1_percent_acc': 0.989, 'below_0.01_percent_acc': 0.988, 'below_0.001_percent_acc': 0.952, 'below_0.0001_percent_acc': 0.951, 'valid_acc': 1.0}
Epoch: 42	Batch time (1.421957)	Data time (0.020763)	Cuda time (0.000004)	Loss (21.050701)	Accuracy (0.935029)
EVALUATING
{'loss': 13.431000547409058, 'accuracy': 0.9585462790727616, 'perfect_match_accuracy': 0.051, 'cost_ratio_suggested_true': 1.1188711488246919, 'below_10.0_percent_acc': 1.0, 'below_1.0_percent_acc': 0.995, 'below_0.1_percent_acc': 0.989, 'below_0.01_percent_acc': 0.988, 'below_0.001_percent_acc': 0.959, 'below_0.0001_percent_acc': 0.958, 'valid_acc': 1.0}
Epoch: 43	Batch time (1.504591)	Data time (0.021139)	Cuda time (0.000004)	Loss (21.136001)	Accuracy (0.934765)
EVALUATING
{'loss': 13.23500072479248, 'accuracy': 0.9591512191295624, 'perfect_match_accuracy': 0.051, 'cost_ratio_suggested_true': 1.1259720087051392, 'below_10.0_percent_acc': 1.0, 'below_1.0_percent_acc': 0.996, 'below_0.1_percent_acc': 0.99, 'below_0.01_percent_acc': 0.989, 'below_0.001_percent_acc': 0.956, 'below_0.0001_percent_acc': 0.955, 'valid_acc': 1.0}
Epoch: 44	Batch time (1.507112)	Data time (0.020769)	Cuda time (0.000004)	Loss (21.185601)	Accuracy (0.934612)
EVALUATING
{'loss': 13.478000297546387, 'accuracy': 0.9584012264013291, 'perfect_match_accuracy': 0.049, 'cost_ratio_suggested_true': 1.1244736635684967, 'below_10.0_percent_acc': 1.0, 'below_1.0_percent_acc': 0.995, 'below_0.1_percent_acc': 0.989, 'below_0.01_percent_acc': 0.988, 'below_0.001_percent_acc': 0.959, 'below_0.0001_percent_acc': 0.958, 'valid_acc': 1.0}
Epoch: 45	Batch time (1.387000)	Data time (0.022189)	Cuda time (0.000004)	Loss (20.991101)	Accuracy (0.935213)
EVALUATING
{'loss': 13.609000453948974, 'accuracy': 0.9579969030618668, 'perfect_match_accuracy': 0.052, 'cost_ratio_suggested_true': 1.1361437082290649, 'below_10.0_percent_acc': 1.0, 'below_1.0_percent_acc': 0.995, 'below_0.1_percent_acc': 0.989, 'below_0.01_percent_acc': 0.988, 'below_0.001_percent_acc': 0.956, 'below_0.0001_percent_acc': 0.955, 'valid_acc': 1.0}
Epoch: 46	Batch time (1.442339)	Data time (0.020407)	Cuda time (0.000004)	Loss (21.097401)	Accuracy (0.934885)
EVALUATING
{'loss': 13.486000738143922, 'accuracy': 0.9583765375614166, 'perfect_match_accuracy': 0.048, 'cost_ratio_suggested_true': 1.1302129352092742, 'below_10.0_percent_acc': 1.0, 'below_1.0_percent_acc': 0.995, 'below_0.1_percent_acc': 0.989, 'below_0.01_percent_acc': 0.988, 'below_0.001_percent_acc': 0.958, 'below_0.0001_percent_acc': 0.957, 'valid_acc': 1.0}
Epoch: 47	Batch time (1.486180)	Data time (0.020831)	Cuda time (0.000004)	Loss (21.078901)	Accuracy (0.934942)
EVALUATING
{'loss': 13.491000652313232, 'accuracy': 0.9583610969781876, 'perfect_match_accuracy': 0.048, 'cost_ratio_suggested_true': 1.1269115233421325, 'below_10.0_percent_acc': 1.0, 'below_1.0_percent_acc': 0.995, 'below_0.1_percent_acc': 0.989, 'below_0.01_percent_acc': 0.988, 'below_0.001_percent_acc': 0.955, 'below_0.0001_percent_acc': 0.954, 'valid_acc': 1.0}
Epoch: 48	Batch time (1.510361)	Data time (0.020954)	Cuda time (0.000004)	Loss (21.063101)	Accuracy (0.934990)
EVALUATING
{'loss': 13.016000328063965, 'accuracy': 0.9598271495103836, 'perfect_match_accuracy': 0.05, 'cost_ratio_suggested_true': 1.1174207746982574, 'below_10.0_percent_acc': 1.0, 'below_1.0_percent_acc': 0.995, 'below_0.1_percent_acc': 0.989, 'below_0.01_percent_acc': 0.988, 'below_0.001_percent_acc': 0.958, 'below_0.0001_percent_acc': 0.957, 'valid_acc': 1.0}
Epoch: 49	Batch time (1.512732)	Data time (0.020721)	Cuda time (0.000004)	Loss (20.852301)	Accuracy (0.935641)
EVALUATING
{'loss': 13.446000566482544, 'accuracy': 0.9584999895095825, 'perfect_match_accuracy': 0.045, 'cost_ratio_suggested_true': 1.1180281305313111, 'below_10.0_percent_acc': 1.0, 'below_1.0_percent_acc': 0.996, 'below_0.1_percent_acc': 0.99, 'below_0.01_percent_acc': 0.989, 'below_0.001_percent_acc': 0.964, 'below_0.0001_percent_acc': 0.963, 'valid_acc': 1.0}
Epoch: 50	Batch time (1.417094)	Data time (0.022386)	Cuda time (0.000004)	Loss (21.074401)	Accuracy (0.934956)
EVALUATING
{'loss': 13.25600031852722, 'accuracy': 0.9590864104032516, 'perfect_match_accuracy': 0.047, 'cost_ratio_suggested_true': 1.1261255037784577, 'below_10.0_percent_acc': 1.0, 'below_1.0_percent_acc': 0.995, 'below_0.1_percent_acc': 0.989, 'below_0.01_percent_acc': 0.988, 'below_0.001_percent_acc': 0.955, 'below_0.0001_percent_acc': 0.954, 'valid_acc': 1.0}
